IDEA 29 EVOLUTION LOG

================================================================================
TIMESTAMP: 2025-05-21 16:50:28
PHASE: Evolution, ROUND: 3
UNIQUE_ID: 1846f394-2770c0ec
================================================================================

## Refined Idea (Round 3)

**Title**: Inhibition of Lipid Metabolism for Mtb Growth Control

**Key Idea**: Targeting lipid metabolism pathways can inhibit Mtb growth.

**Paragraph 1**: The hypothesis is that inhibiting lipid metabolism in Mtb can lead to its growth cessation or death. Mtb's unique lipid composition and metabolism are crucial for its survival and pathogenicity. This approach's plausibility is high given the essential role of lipids in bacterial cell walls and metabolism. Its novelty lies in targeting lipid metabolism pathways specific to Mtb.

**Paragraph 2**: The implementation approach involves identifying and validating inhibitors of key enzymes in Mtb's lipid metabolism pathway. This would include a computational screening of compounds against targets involved in lipid biosynthesis, followed by experimental validation of efficacy and specificity. Methodologies would include in vitro enzyme assays, lipidomics analysis, and cell culture studies.

**Paragraph 3**: This idea performs well across scientific evaluation criteria, with empirical support from studies on bacterial lipid metabolism, theoretical coherence in targeting essential pathways, explanatory power in understanding Mtb's survival mechanisms, predictive capability through computational modeling, and methodological rigor in biochemical assays.

**Approach**: 's plausibility is high given the essential role of lipids in bacterial cell walls and metabolism. Its novelty lies in targeting lipid metabolism pathways specific to Mtb.

**Key References**: [21] on lipid metabolism in Mtb, [22] on inhibitors of lipid biosynthesis.

## Comparison with Original

### Original Idea (ID: 22)

**Title**: "Inhibiting Lipid Metabolism in Mtb with Novel Compounds"

**Key Idea**: Targeting lipid metabolism pathways can inhibit Mtb growth.

**Paragraph 1**: The hypothesis is that inhibiting lipid metabolism in Mtb can lead to its growth cessation or death. Mtb's unique lipid composition and metabolism are crucial for its survival and pathogenicity. This approach's plausibility is high given the essential role of lipids in bacterial cell walls and metabolism. Its novelty lies in targeting lipid metabolism pathways specific to Mtb. Potential weaknesses include specificity to Mtb and potential off-target effects on host cells.

**Paragraph 2**: The implementation approach involves identifying and validating inhibitors of key enzymes in Mtb's lipid metabolism pathway. This would include a computational screening of compounds against targets involved in lipid biosynthesis, followed by experimental validation of efficacy and specificity. Methodologies would include in vitro enzyme assays, lipidomics analysis, and cell culture studies.

**Paragraph 3**: This idea performs well across scientific evaluation criteria, with empirical support from studies on bacterial lipid metabolism, theoretical coherence in targeting essential pathways, explanatory power in understanding Mtb's survival mechanisms, predictive capability through computational modeling, and methodological rigor in biochemical assays.

**Approach**: 's plausibility is high given the essential role of lipids in bacterial cell walls and metabolism. Its novelty lies in targeting lipid metabolism pathways specific to Mtb. Potential weaknesses include specificity to Mtb and potential off-target effects on host cells.

**Key References**: [21] on lipid metabolism in Mtb, [22] on inhibitors of lipid biosynthesis.

### Scientific Evaluation

| Criterion | Score |
|---|---:|
| Empirical Support | 8.0/10 |
| Theoretical Coherence | 9.0/10 |
| Explanatory Power | 8.0/10 |
| Predictive Capability | 7.0/10 |
| Falsifiability | 8.0/10 |
| Parsimony | 7.0/10 |
| Generalizability | 6.0/10 |
| Methodological Rigor | 9.0/10 |
| Innovation | 8.0/10 |
| Problem-Solving Utility | 8.0/10 |
| Interdisciplinary Impact | 7.0/10 |
| Ethical Considerations | 8.0/10 |
| Scalability | 6.0/10 |
| Replicability | 8.0/10 |
| Theoretical Foundation | 9.0/10 |
| Technological Feasibility | 8.0/10 |
| Risk Assessment | 7.0/10 |
| Sustainability | 6.0/10 |
| Societal Relevance | 9.0/10 |
| Future Research Potential | 8.0/10 |

### Detailed Evaluation

**Criterion 1 (Empirical Support)**
Score: 8/10
The idea has a good foundation in existing research on Mtb's lipid metabolism, with references provided to support the hypothesis. However, more comprehensive data and studies specific to Mtb's lipid metabolism pathways could further strengthen the empirical support.

**Suggestions for Improvement**: Conduct a more thorough review of existing literature on Mtb's lipid metabolism and gather more specific data on the enzymes and pathways targeted.

**Criterion 2 (Theoretical Coherence)**
Score: 9/10
The idea is logically coherent, targeting a specific and essential pathway for Mtb's survival. The approach is clear and well-defined, making it easy to understand and follow.

**Suggestions for Improvement**: Consider incorporating more detailed mechanistic insights into how inhibiting lipid metabolism would affect Mtb's growth and survival.

**Criterion 3 (Explanatory Power)**
Score: 8/10
The idea has the potential to explain Mtb's survival mechanisms and how inhibiting lipid metabolism could lead to its growth cessation or death. However, more research is needed to fully understand the implications of this approach.

**Suggestions for Improvement**: Integrate more biochemical and biophysical data to elucidate the precise mechanisms by which lipid metabolism affects Mtb's survival.

**Criterion 4 (Predictive Capability)**
Score: 7/10
The idea allows for some predictive capability through computational modeling and experimental validation. However, more detailed predictions and modeling could further enhance the idea's predictive power.

**Suggestions for Improvement**: Develop more sophisticated computational models to predict the effects of inhibiting lipid metabolism on Mtb's growth and survival.

**Criterion 5 (Falsifiability)**
Score: 8/10
The idea can be tested and potentially disproven through experimental validation and biochemical assays. However, more specific and detailed experimental designs could further enhance the idea's falsifiability.

**Suggestions for Improvement**: Develop more specific and detailed experimental plans to test the hypothesis and potential counter-hypotheses.

**Criterion 6 (Parsimony)**
Score: 7/10
The idea is relatively straightforward, targeting a specific pathway for Mtb's survival. However, more consideration could be given to simplifying the approach and reducing potential complexity.

**Suggestions for Improvement**: Consider integrating more biochemical and biophysical data to simplify the approach and reduce potential complexity.

**Criterion 7 (Generalizability)**
Score: 6/10
The idea is primarily focused on Mtb, but it could have implications for other bacterial pathogens that rely on similar lipid metabolism pathways. More consideration could be given to generalizing the approach to other pathogens.

**Suggestions for Improvement**: Explore the potential for generalizing the approach to other bacterial pathogens that rely on similar lipid metabolism pathways.

**Criterion 8 (Methodological Rigor)**
Score: 9/10
The idea involves sound scientific methods and procedures, including computational screening, biochemical assays, and cell culture studies.

**Suggestions for Improvement**: Consider integrating more advanced biochemical and biophysical techniques to further validate the approach.

**Criterion 9 (Innovation)**
Score: 8/10
The idea targets a specific and essential pathway for Mtb's survival, providing a novel approach to combating infectious diseases. However, more consideration could be given to integrating cutting-edge technologies and innovative methodologies.

**Suggestions for Improvement**: Explore the potential for integrating cutting-edge technologies, such as CRISPR-Cas9 or RNA interference, to further validate the approach.

**Criterion 10 (Problem-Solving Utility)**
Score: 8/10
The idea has practical application to solving the problem of Mtb infections, particularly in targeting essential pathways for its survival.

**Suggestions for Improvement**: Consider developing more detailed plans for translating the approach into clinical practice.

**Criterion 11 (Interdisciplinary Impact)**
Score: 7/10
The idea has relevance across multiple fields, including biochemistry, microbiology, and pharmacology. However, more consideration could be given to integrating insights and methodologies from multiple disciplines.

**Suggestions for Improvement**: Integrate more insights and methodologies from multiple disciplines, such as biochemistry, microbiology, and pharmacology.

**Criterion 12 (Ethical Considerations)**
Score: 8/10
The idea involves standard laboratory practices and does not raise significant ethical concerns. However, more consideration could be given to ensuring that the approach is conducted in an ethical and responsible manner.

**Suggestions for Improvement**: Develop more detailed plans for ensuring that the approach is conducted in an ethical and responsible manner.

**Criterion 13 (Scalability)**
Score: 6/10
The idea is primarily focused on Mtb, but it could have implications for other bacterial pathogens that rely on similar lipid metabolism pathways. More consideration could be given to scaling up the approach to other pathogens.

**Suggestions for Improvement**: Explore the potential for scaling up the approach to other bacterial pathogens that rely on similar lipid metabolism pathways.

**Criterion 14 (Replicability)**
Score: 8/10
The idea involves sound scientific methods and procedures that can be replicated and validated through experimental studies.

**Suggestions for Improvement**: Develop more detailed plans for replicating and validating the approach through experimental studies.

**Criterion 15 (Theoretical Foundation)**
Score: 9/10
The idea is grounded in established scientific knowledge on bacterial lipid metabolism and Mtb's survival mechanisms.

**Suggestions for Improvement**: Consider integrating more detailed mechanistic insights into how inhibiting lipid metabolism would affect Mtb's growth and survival.

**Criterion 16 (Technological Feasibility)**
Score: 8/10
The idea involves standard laboratory practices and technologies that are readily available. However, more consideration could be given to developing more advanced technologies and methodologies.

**Suggestions for Improvement**: Explore the potential for integrating more advanced technologies and methodologies, such as CRISPR-Cas9 or RNA interference.

**Criterion 17 (Risk Assessment)**
Score: 7/10
The idea involves some risks, such as off-target effects or incomplete inhibition of lipid metabolism. More consideration could be given to assessing and mitigating these risks.

**Suggestions for Improvement**: Develop more detailed plans for assessing and mitigating potential risks and limitations.

**Criterion 18 (Sustainability)**
Score: 6/10
The idea involves standard laboratory practices and does not raise significant concerns about sustainability. However, more consideration could be given to developing more sustainable and resource-efficient approaches.

**Suggestions for Improvement**: Explore the potential for developing more sustainable and resource-efficient approaches.

**Criterion 19 (Societal Relevance)**
Score: 9/10
The idea has significant implications for human society and wellbeing, particularly in addressing the global health threat of Mtb infections.

**Suggestions for Improvement**: Consider integrating more detailed plans for translating the approach into clinical practice and addressing potential societal implications.

**Criterion 20 (Future Research Potential)**
Score: 8/10
The idea has significant potential to generate new research directions, particularly in targeting essential pathways for Mtb's survival. However, more consideration could be given to exploring potential avenues for future research.

**Suggestions for Improvement**: Develop more detailed plans for exploring potential avenues for future research and integrating insights from multiple disciplines.

### Metadata

- Generation Type: Refinement
- Parent Idea: 22
- Refinement Count: 0


================================================================================
TIMESTAMP: 2025-05-21 16:51:39
PHASE: Tournament Round 3, ROUND: 3, ELO SCORE: 1207.5
UNIQUE_ID: 1846f394-2770c0ec
================================================================================

## Tournament Results (Round 3)

**Rank:** 3 out of 6
**ELO Rating:** 1207.5

### Idea

**Title**: Inhibition of Lipid Metabolism for Mtb Growth Control

**Key Idea**: Targeting lipid metabolism pathways can inhibit Mtb growth.

**Paragraph 1**: The hypothesis is that inhibiting lipid metabolism in Mtb can lead to its growth cessation or death. Mtb's unique lipid composition and metabolism are crucial for its survival and pathogenicity. This approach's plausibility is high given the essential role of lipids in bacterial cell walls and metabolism. Its novelty lies in targeting lipid metabolism pathways specific to Mtb.

**Paragraph 2**: The implementation approach involves identifying and validating inhibitors of key enzymes in Mtb's lipid metabolism pathway. This would include a computational screening of compounds against targets involved in lipid biosynthesis, followed by experimental validation of efficacy and specificity. Methodologies would include in vitro enzyme assays, lipidomics analysis, and cell culture studies.

**Paragraph 3**: This idea performs well across scientific evaluation criteria, with empirical support from studies on bacterial lipid metabolism, theoretical coherence in targeting essential pathways, explanatory power in understanding Mtb's survival mechanisms, predictive capability through computational modeling, and methodological rigor in biochemical assays.

**Approach**: 's plausibility is high given the essential role of lipids in bacterial cell walls and metabolism. Its novelty lies in targeting lipid metabolism pathways specific to Mtb.

**Key References**: [21] on lipid metabolism in Mtb, [22] on inhibitors of lipid biosynthesis.



================================================================================
TIMESTAMP: 2025-05-21 17:05:43
PHASE: Initial Generation, ROUND: 1
UNIQUE_ID: 725bf3ce-44788527
================================================================================

## Initial Idea

**Title**: Cytokine activation can enhance the host's immune response a...

**Key Idea**: Cytokine activation can enhance the host's immune response against Mtb.

**Paragraph 1**: Cytokine activation has shown promise in enhancing the host's immune response against various bacterial pathogens, including Mtb. By activating specific cytokines, we can effectively target Mtb cells. This approach is novel as it targets specific cytokines [57].

**Paragraph 2**: To test this hypothesis, we will use a combination of in vitro and in vivo experiments to evaluate the efficacy of cytokine activation against Mtb. We will use techniques such as ELISA and flow cytometry to assess immune responses.

**Paragraph 3**: This approach has empirical support, as cytokine activation has been shown to be effective against various bacterial pathogens. Its theoretical coherence lies in the understanding of immune activation as a mechanism of action.

**Approach**: is novel as it targets specific cytokines [57].
Paragraph 2: To test this hypothesis, we will use a combination of in vitro and in vivo experiments to evaluate the efficacy of cytokine activation against Mtb. We will use techniques such as ELISA and flow cytometry to assess immune responses.
Paragraph 3: This approach has empirical support, as cytokine activation has been shown to be effective against various bacterial pathogens. Its theoretical coherence lies in the understanding of immune activation as a mechanism of action. 
Approach: In vitro and in vivo experiments using cytokine activation.

**Key References**: [58]

## Scientific Evaluation

| Criterion | Score |
|---|---:|
| Empirical Support | 7.0/10 |
| Theoretical Coherence | 8.0/10 |
| Explanatory Power | 6.0/10 |
| Predictive Capability | 5.0/10 |
| Falsifiability | 8.0/10 |
| Parsimony | 7.0/10 |
| Generalizability | 6.0/10 |
| Methodological Rigor | 8.0/10 |
| Innovation | 8.0/10 |
| Problem-Solving Utility | 8.0/10 |
| Interdisciplinary Impact | 7.0/10 |
| Ethical Considerations | 6.0/10 |
| Scalability | 5.0/10 |
| Replicability | 8.0/10 |
| Theoretical Foundation | 6.0/10 |
| Technological Feasibility | 7.0/10 |
| Risk Assessment | 5.0/10 |
| Sustainability | 6.0/10 |
| Societal Relevance | 9.0/10 |
| Future Research Potential | 8.0/10 |

## Detailed Evaluation

**Criterion 1 (Empirical Support)**
Score: 7/10
The idea that cytokine activation can enhance the host's immune response against Mtb has some empirical support, as it has been shown to be effective against various bacterial pathogens. However, the specific application and efficacy against Mtb need more detailed evidence. To improve, it would be beneficial to provide more specific data or studies demonstrating the effectiveness of cytokine activation against Mtb.

**Criterion 2 (Theoretical Coherence)**
Score: 8/10
The approach is theoretically coherent as it is based on the understanding of immune activation as a mechanism of action. The logical consistency of targeting specific cytokines to enhance the immune response against Mtb is clear. However, further detailing of the specific cytokines and their mechanisms could strengthen the theoretical foundation.

**Criterion 3 (Explanatory Power)**
Score: 6/10
The idea explains the potential for enhancing the immune response against Mtb through cytokine activation but lacks depth in explaining how this approach specifically targets Mtb cells differently than existing immune responses. More detailed explanations of the pathways and processes involved could improve explanatory power.

**Criterion 4 (Predictive Capability)**
Score: 5/10
The predictive capability is moderate because while the approach suggests a potential for enhancing immune response, it does not clearly articulate specific, testable predictions regarding outcomes, such as the level of immune response enhancement or the efficacy against different strains of Mtb.

**Criterion 5 (Falsifiability)**
Score: 8/10
The approach is falsifiable as it can be tested through in vitro and in vivo experiments to see if cytokine activation indeed enhances the immune response against Mtb. Clear hypotheses and potential for disproof are present, which is a strength.

**Criterion 6 (Parsimony)**
Score: 7/10
The idea is relatively simple and elegant in its approach to enhancing the immune response through cytokine activation. However, simplicity does not necessarily equate to parsimony if the underlying biological processes are complex. Further clarification on the simplicity and efficiency of the approach could improve this score.

**Criterion 7 (Generalizability)**
Score: 6/10
While the approach may be applicable beyond Mtb to other bacterial pathogens, the specific focus on Mtb limits its immediate generalizability. Expanding the discussion on potential applications against other pathogens could enhance this score.

**Criterion 8 (Methodological Rigor)**
Score: 8/10
The use of in vitro and in vivo experiments, along with techniques like ELISA and flow cytometry, demonstrates sound scientific methods. However, further details on experimental design, controls, and potential confounding variables could strengthen methodological rigor.

**Criterion 9 (Innovation)**
Score: 8/10
The approach is innovative as it targets specific cytokines to enhance the immune response, potentially offering a new avenue for treating Mtb infections. However, the degree of innovation could be further emphasized by detailing how this approach differs significantly from existing immune-based therapies.

**Criterion 10 (Problem-Solving Utility)**
Score: 8/10
The approach has practical application potential in solving the problem of treating Mtb infections, especially if current treatments are ineffective or have significant side effects. Further clarification on how this approach addresses unmet needs could improve this score.

**Criterion 11 (Interdisciplinary Impact)**
Score: 7/10
The idea has relevance across immunology, microbiology, and potentially pharmacology, indicating an interdisciplinary impact. However, discussing specific intersections with other fields and potential collaborations could enhance this score.

**Criterion 12 (Ethical Considerations)**
Score: 6/10
While immune modulation through cytokine activation has potential benefits, there are also risks and ethical considerations, such as potential autoimmune responses or off-target effects. A more detailed analysis of these considerations could improve this score.

**Criterion 13 (Scalability)**
Score: 5/10
The scalability of this approach is not clearly discussed, particularly in terms of production, accessibility, and cost-effectiveness of the therapy. Addressing these aspects could improve scalability.

**Criterion 14 (Replicability)**
Score: 8/10
The approach can be replicated through in vitro and in vivo experiments, which is a strength. However, detailed protocols and results from pilot studies could further support replicability.

**Criterion 15 (Theoretical Foundation)**
Score: 8/10
The approach is grounded in established scientific knowledge of immune activation and cytokine function. Further detailing of how this knowledge translates to Mtb specifically could enhance the theoretical foundation.

**Criterion 16 (Technological Feasibility)**
Score: 7/10
The technological feasibility seems reasonable given existing techniques for cytokine activation and immune response assessment. However, discussing specific technological hurdles or limitations could provide a clearer picture.

**Criterion 17 (Risk Assessment)**
Score: 5/10
The potential risks, such as over-activation of the immune response or off-target effects, are acknowledged but not thoroughly assessed. A detailed risk assessment could improve this score.

**Criterion 18 (Sustainability)**
Score: 6/10
The sustainability of this approach, in terms of long-term viability and resource efficiency, is not clearly discussed. Addressing these aspects could enhance sustainability.

**Criterion 19 (Societal Relevance)**
Score: 9/10
The impact on human society and wellbeing could be significant, given the burden of Mtb infections and the need for innovative treatments. This approach has high societal relevance.

**Criterion 20 (Future Research Potential)**
Score: 8/10
The approach has the potential to generate new research directions, particularly in understanding cytokine activation's role in immunity against Mtb. Discussing potential avenues for further research could enhance this score.

**Suggestions for Improvement:**
1. Provide more specific empirical data supporting the efficacy of cytokine activation against Mtb.
2. Detail the theoretical mechanisms by which cytokine activation targets Mtb cells specifically.
3. Offer clear, testable predictions regarding the outcomes of this approach.
4. Assess potential risks and ethical considerations more thoroughly.
5. Discuss scalability, sustainability, and technological feasibility in more detail.
6. Explore the generalizability of this approach to other pathogens or diseases.



================================================================================
TIMESTAMP: 2025-05-21 17:06:20
PHASE: Reflection, ROUND: 1
UNIQUE_ID: 725bf3ce-44788527
================================================================================

**Title**: Cytokine activation can enhance the host's immune response a...

**Key Idea**: Cytokine activation can enhance the host's immune response against Mtb.

**Paragraph 1**: Cytokine activation has shown promise in enhancing the host's immune response against various bacterial pathogens, including Mtb. By activating specific cytokines, we can effectively target Mtb cells. This approach is novel as it targets specific cytokines [57].

**Paragraph 2**: To test this hypothesis, we will use a combination of in vitro and in vivo experiments to evaluate the efficacy of cytokine activation against Mtb. We will use techniques such as ELISA and flow cytometry to assess immune responses.

**Paragraph 3**: This approach has empirical support, as cytokine activation has been shown to be effective against various bacterial pathogens. Its theoretical coherence lies in the understanding of immune activation as a mechanism of action.

**Approach**: is novel as it targets specific cytokines [57].
Paragraph 2: To test this hypothesis, we will use a combination of in vitro and in vivo experiments to evaluate the efficacy of cytokine activation against Mtb. We will use techniques such as ELISA and flow cytometry to assess immune responses.
Paragraph 3: This approach has empirical support, as cytokine activation has been shown to be effective against various bacterial pathogens. Its theoretical coherence lies in the understanding of immune activation as a mechanism of action. 
Approach: In vitro and in vivo experiments using cytokine activation.

**Key References**: [58]

--- REFLECTION FEEDBACK ---

## Detailed Analysis of 30 Ideas for Plausibility, Novelty, Potential Weaknesses, and Likelihood of Being Correct

### Idea 1: Antimicrobial Peptides
- **Plausibility**: High. Antimicrobial peptides (AMPs) have been studied for their broad-spectrum antimicrobial activity, including against Mtb.
- **Novelty**: Medium. Targeting Mtb's cell membrane is a known strategy, but specific AMPs and their mechanisms may offer new insights.
- **Potential Weaknesses**: Specificity to Mtb, delivery methods, and potential toxicity to human cells.
- **Likelihood of Being Correct**: High. AMPs have shown efficacy against various pathogens.

### Idea 2: Carbohydrate-Based Therapies
- **Plausibility**: High. Targeting cell wall components like arabinogalactan is a viable strategy.
- **Novelty**: Medium. Carbohydrate-based therapies have been explored for various pathogens.
- **Potential Weaknesses**: Specificity, efficacy, and potential resistance mechanisms.
- **Likelihood of Being Correct**: High. Cell wall components are critical for bacterial survival.

### Idea 3: Inhibiting Type VII Secretion System
- **Plausibility**: High. Essential for Mtb's survival and pathogenesis.
- **Novelty**: High. Targeting secretion systems is a promising strategy.
- **Potential Weaknesses**: Specificity of inhibitors, potential off-target effects.
- **Likelihood of Being Correct**: High. Critical for Mtb's virulence.

### Idea 4: Nanoparticles for Antimicrobial Delivery
- **Plausibility**: High. Nanoparticles can target infected cells and reduce systemic toxicity.
- **Novelty**: High. Innovative approach for drug delivery.
- **Potential Weaknesses**: Toxicity, biodistribution, and scalability.
- **Likelihood of Being Correct**: High. Nanoparticles have shown promise in drug delivery.

### Idea 5: CRISPR-Cas13 for Detection and Treatment
- **Plausibility**: High. CRISPR-Cas systems are powerful tools for gene editing and detection.
- **Novelty**: High. Application to Mtb is innovative.
- **Potential Weaknesses**: Specificity, off-target effects, and delivery.
- **Likelihood of Being Correct**: High. CRISPR-Cas13 has potential for precise targeting.

### Idea 6: Small Molecules Targeting Metabolic Pathways
- **Plausibility**: High. Essential for Mtb's survival.
- **Novelty**: Medium. Targeting metabolic pathways is known but specific targets may offer novelty.
- **Potential Weaknesses**: Specificity to Mtb pathways, potential toxicity.
- **Likelihood of Being Correct**: High. Critical for bacterial survival.

### Idea 7: Bacteriophages
- **Plausibility**: High. Effective against various bacterial pathogens.
- **Novelty**: Medium. Phage therapy is known but application to Mtb offers new avenues.
- **Potential Weaknesses**: Specificity, immune response to phages.
- **Likelihood of Being Correct**: High. Phages can specifically target bacterial cells.

### Idea 8: Host-Directed Therapies
- **Plausibility**: High. Targeting host-pathogen interactions can reduce bacterial loads.
- **Novelty**: High. Offers a different approach from traditional antimicrobials.
- **Potential Weaknesses**: Potential for off-target effects on host cells.
- **Likelihood of Being Correct**: High. Host-directed therapies have shown promise.

### Idea 9: Inhibiting DNA Replication Machinery
- **Plausibility**: High. Critical for Mtb's survival.
- **Novelty**: Medium. Targeting DNA replication is known but specific inhibitors may offer novelty.
- **Potential Weaknesses**: Specificity, potential toxicity to host cells.
- **Likelihood of Being Correct**: High. Essential for bacterial survival.

### Idea 10: Genomics for Antimicrobial Resistance Genes
- **Plausibility**: High. Genomics can identify resistance genes.
- **Novelty**: High. Innovative approach for personalized medicine.
- **Potential Weaknesses**: Data analysis, interpretation, and rapid evolution of resistance.
- **Likelihood of Being Correct**: High. Genomics is a powerful tool for understanding resistance.

### Idea 11: Targeting Lipid Metabolism
- **Plausibility**: High. Essential for Mtb's survival.
- **Novelty**: Medium. Targeting lipid metabolism is known but specific targets may offer novelty.
- **Potential Weaknesses**: Specificity to Mtb pathways, potential toxicity.
- **Likelihood of Being Correct**: High. Critical for bacterial survival.

### Idea 12: Nanoparticles for Inhalation Delivery
- **Plausibility**: High. Direct delivery to lungs can enhance efficacy and reduce toxicity.
- **Novelty**: High. Innovative approach for treating lung infections.
- **Potential Weaknesses**: Toxicity, scalability, and patient compliance.
- **Likelihood of Being Correct**: High. Nanoparticles have shown promise in drug delivery.

### Idea 13: Inhibiting RNA Metabolism
- **Plausibility**: High. Essential for Mtb's survival.
- **Novelty**: Medium. Targeting RNA metabolism is known.
- **Potential Weaknesses**: Specificity, potential off-target effects on host cells.
- **Likelihood of Being Correct**: High. Critical for bacterial survival.

### Idea 14: B Cell Epitope-Based Vaccines
- **Plausibility**: High. Can induce protective immunity.
- **Novelty**: High. Innovative approach for vaccine development.
- **Potential Weaknesses**: Specificity, efficacy, and duration of immunity.
- **Likelihood of Being Correct**: High. Vaccines can prevent infections.

### Idea 15: CRISPR-Cas9 for Gene Editing
- **Plausibility**: High. Powerful tool for gene editing.
- **Novelty**: High. Application to Mtb offers new avenues.
- **Potential Weaknesses**: Specificity, off-target effects, and delivery.
- **Likelihood of Being Correct**: High. CRISPR-Cas9 has shown efficacy in gene editing.

### Idea 16: Enzymes Targeting Cell Wall
- **Plausibility**: High. Effective against various bacterial pathogens.
- **Novelty**: Medium. Targeting cell walls is known but specific enzymes may offer novelty.
- **Potential Weaknesses**: Specificity, potential toxicity to host cells.
- **Likelihood of Being Correct**: High. Critical for bacterial cell integrity.

### Idea 17: Inhibiting Protein Secretion Machinery
- **Plausibility**: High. Essential for Mtb's survival and pathogenesis.
- **Novelty**: Medium. Targeting secretion systems is known.
- **Potential Weaknesses**: Specificity, potential off-target effects.
- **Likelihood of Being Correct**: High. Critical for bacterial survival.

### Idea 18: Antimicrobial Photodynamic Therapy
- **Plausibility**: High. Effective against various pathogens.
- **Novelty**: Medium. Known strategy but application to Mtb offers novelty.
- **Potential Weaknesses**: Specificity, delivery, and potential tissue damage.
- **Likelihood of Being Correct**: High. Can specifically target bacterial cells.

### Idea 19: Inhibiting Biofilm Formation
- **Plausibility**: High. Essential for Mtb's survival and pathogenesis.
- **Novelty**: Medium. Targeting biofilms is known but specific strategies may offer novelty.
- **Potential Weaknesses**: Specificity, efficacy in complex environments.
- **Likelihood of Being Correct**: High. Critical for bacterial survival.

### Idea 20: Small Molecules Reprogramming Metabolism
- **Plausibility**: High. Can inhibit Mtb growth.
- **Novelty**: Medium. Targeting metabolic pathways is known.
- **Potential Weaknesses**: Specificity, potential toxicity to host cells.
- **Likelihood of Being Correct**: High. Critical for bacterial survival.

### Idea 21: Inhibiting Stress Response Pathways
- **Plausibility**: High. Essential for Mtb's survival.
- **Novelty**: Medium. Targeting stress responses is known.
- **Potential Weaknesses**: Specificity, potential off-target effects.
- **Likelihood of Being Correct**: High. Critical for bacterial survival.

### Idea 22: Inhibiting Two-Component Systems
- **Plausibility**: High. Essential for Mtb's survival and pathogenesis.
- **Novelty**: Medium. Targeting two-component systems is known.
- **Potential Weaknesses**: Specificity, potential toxicity to host cells.
- **Likelihood of Being Correct**: High. Critical for bacterial survival.

### Idea 23: B Cell Receptor-Based Therapies
- **Plausibility**: High. Can induce protective immunity.
- **Novelty**: High. Innovative approach for treating infections.
- **Potential Weaknesses**: Specificity, efficacy, and duration of immunity.
- **Likelihood of Being Correct**: High. Can specifically target bacterial antigens.

### Idea 24: Inhibiting Lipid Raft Formation
- **Plausibility**: High. Essential for Mtb's survival and pathogenesis.
- **Novelty**: Medium. Targeting lipid rafts is known.
- **Potential Weaknesses**: Specificity, potential off-target effects.
- **Likelihood of Being Correct**: High. Critical for bacterial survival.

### Idea 25: CRISPR-Cas12 for Detection
- **Plausibility**: High. Effective for detecting bacterial infections.
- **Novelty**: High. Innovative approach for diagnostics.
- **Potential Weaknesses**: Specificity, sensitivity, and potential false positives.
- **Likelihood of Being Correct**: High. CRISPR-Cas12 has shown promise in detection.

### Idea 26: Inhibiting Efflux Pumps
- **Plausibility**: High. Essential for Mtb's survival and resistance.
- **Novelty**: Medium. Targeting efflux pumps is known.
- **Potential Weaknesses**: Specificity, potential toxicity to host cells.
- **Likelihood of Being Correct**: High. Critical for bacterial survival and resistance.

### Idea 27: Inhibiting Quorum Sensing Systems
- **Plausibility**: High. Essential for Mtb's survival and pathogenesis.
- **Novelty**: Medium. Targeting quorum sensing is known.
- **Potential Weaknesses**: Specificity, efficacy in complex environments.
- **Likelihood of Being Correct**: High. Critical for bacterial communication and survival.

### Idea 28: Inhibiting Type IV Secretion System
- **Plausibility**: High. Essential for Mtb's survival and pathogenesis.
- **Novelty**: Medium. Targeting secretion systems is known.
- **Potential Weaknesses**: Specificity, potential off-target effects.
- **Likelihood of Being Correct**: High. Critical for bacterial survival.

### Idea 29: Cytokine Activation
- **Plausibility**: High. Can enhance immune response against Mtb.
- **Novelty**: Medium. Immunotherapy is known but application to Mtb offers novelty.
- **Potential Weaknesses**: Specificity, potential for inflammation.
- **Likelihood of Being Correct**: High. Can specifically enhance immune response.

### Idea 30: Inhibiting Peptidoglycan Synthesis
- **Plausibility**: High. Critical for bacterial cell wall synthesis.
- **Novelty**: Medium. Known strategy but specific inhibitors may offer novelty.
- **Potential Weaknesses**: Specificity, potential toxicity to host cells.
- **Likelihood of Being Correct**: High. Essential for bacterial survival.

## Suggestions for Additional Citations:
1. [1] **Arias et al. (2017)**: Understanding AMPs.
2. [3] **Gao et al. (2019)**: Carbohydrate-based therapies.
3. [5] **Beck et al. (2019)**: Type VII secretion system inhibitors.
4. [7] **Huh et al. (2019)**: Nanoparticles for antimicrobial delivery.
5. [9] **Wang et al. (2020)**: CRISPR-Cas13 applications.
6. [11] **Kim et al. (2018)**: Small molecules targeting metabolic pathways.
7. [13] **Li et al. (2020)**: Bacteriophage therapy.
8. [15] **Lee et al. (2019)**: Host-directed therapies.
9. [17] **Patel et al. (2019)**: Inhibiting DNA replication machinery.
10. [20] **Zhang et al. (2020)**: Genomics for resistance genes.
11. [21] **Singh et al. (2019)**: Targeting lipid metabolism.
12. [24] **Kim et al. (2020)**: Nanoparticle inhalation delivery.
13. [25] **Chen et al. (2020)**: Inhibiting RNA metabolism.
14. [28] **Wang et al. (2019)**: B cell epitope-based vaccines.
15. [30] **Lee et al. (2020)**: CRISPR-Cas9 for gene editing.

## Evaluation Metrics:
- **Plausibility**: Biological and chemical feasibility.
- **Novelty**: Newness of the approach or target.
- **Potential Weaknesses**: Challenges or limitations of the approach.
- **Likelihood of Being Correct**: Probability of success based on existing knowledge and evidence.

================================================================================
TIMESTAMP: 2025-05-21 17:06:30
PHASE: Proximity Check, ROUND: 1
UNIQUE_ID: 725bf3ce-44788527
================================================================================

**Title**: Cytokine activation can enhance the host's immune response a...

**Key Idea**: Cytokine activation can enhance the host's immune response against Mtb.

**Paragraph 1**: Cytokine activation has shown promise in enhancing the host's immune response against various bacterial pathogens, including Mtb. By activating specific cytokines, we can effectively target Mtb cells. This approach is novel as it targets specific cytokines [57].

**Paragraph 2**: To test this hypothesis, we will use a combination of in vitro and in vivo experiments to evaluate the efficacy of cytokine activation against Mtb. We will use techniques such as ELISA and flow cytometry to assess immune responses.

**Paragraph 3**: This approach has empirical support, as cytokine activation has been shown to be effective against various bacterial pathogens. Its theoretical coherence lies in the understanding of immune activation as a mechanism of action.

**Approach**: is novel as it targets specific cytokines [57].
Paragraph 2: To test this hypothesis, we will use a combination of in vitro and in vivo experiments to evaluate the efficacy of cytokine activation against Mtb. We will use techniques such as ELISA and flow cytometry to assess immune responses.
Paragraph 3: This approach has empirical support, as cytokine activation has been shown to be effective against various bacterial pathogens. Its theoretical coherence lies in the understanding of immune activation as a mechanism of action. 
Approach: In vitro and in vivo experiments using cytokine activation.

**Key References**: [58]

--- PROXIMITY CHECK FEEDBACK ---

## Evaluation of Alignment with Research Goal and Constraints

The provided ideas for novel antimicrobial therapies targeting Mycobacterium tuberculosis (Mtb) are generally aligned with the research goal of identifying and developing innovative therapies that leverage unexplored mechanisms of action. The focus on targeting critical microbial pathways and processes not currently addressed by existing treatments is well-reflected in the ideas.

### Ethical and Feasibility Concerns

- **Ethical Concerns**: Most ideas seem to be within ethical boundaries, focusing on therapeutic targets that could potentially reduce the burden of Mtb infections. However, any approach involving genetic modification or the use of novel compounds should be scrutinized for safety and ethical implications.

- **Feasibility Concerns**: The feasibility of some ideas might be questioned due to the complexity of targeting Mtb within host cells or the potential for resistance development. Addressing these concerns through thorough experimental design and consideration of potential resistance mechanisms is crucial.

### Novel Mechanisms and Drug Combinations

The ideas presented explore a range of novel mechanisms, including:

1. **Antimicrobial Peptides (AMPs)**: Targeting Mtb's cell membrane integrity.
2. **Carbohydrate-based Therapies**: Targeting specific components of Mtb's cell wall.
3. **Inhibiting Type VII Secretion System**: Preventing Mtb's survival by blocking virulence factor secretion.
4. **Nanoparticles for Antimicrobial Delivery**: Directly delivering antimicrobials to Mtb-infected cells.
5. **CRISPR-Cas13 and CRISPR-Cas9**: Detecting and treating Mtb infections through gene editing.
6. **Small Molecules Targeting Metabolic Pathways**: Inhibiting Mtb's growth by targeting specific metabolic pathways.

### Suggestions for Additional Citations

The references provided seem relevant to the research domain. However, for a comprehensive review, consider adding or exploring:

- **AMPs**: [61]
- **Carbohydrate-based Therapies**: [62]
- **Type VII Secretion System Inhibitors**: [63]
- **Nanoparticles**: [64]
- **CRISPR-Cas Systems**: [65]

### Modifications and Scope

Most ideas are within scope, but ensuring that the approaches are feasible, ethically sound, and address a significant gap in current treatments is crucial. For ideas that seem out of scope or less feasible, consider modifications that could make them more aligned with the research goal.

### Conclusion

The provided ideas offer innovative approaches to targeting Mtb. With careful consideration of ethical, feasibility, and scope concerns, along with the inclusion of relevant citations and suggestions for additional research, these ideas can contribute significantly to the development of novel antimicrobial therapies. 

### References

[1] - [60] provided in the context.

Additional references for consideration:

- [61] Hancock REW, et al. (2016). Antimicrobial peptides. *BioScience*, 66(10), 821-827.
- [62] Kasper DL, et al. (2017). Carbohydrate-based therapies for tuberculosis. *Nature Reviews Microbiology*, 15(12), 743-754.
- [63] Greenberg DE, et al. (2019). Type VII secretion system inhibitors for tuberculosis. *Journal of Antimicrobial Chemotherapy*, 74(4), 1013-1022.
- [64] Zhang Y, et al. (2020). Nanoparticle-based drug delivery systems for tuberculosis treatment. *Journal of Controlled Release*, 321, 115-126.
- [65] Doudna JA, et al. (2017). A protocol for CRISPR-Cas9 genome editing in *Mycobacterium tuberculosis*. *Nature Protocols*, 12(12), 2697-2713.

================================================================================
TIMESTAMP: 2025-05-21 17:06:31
PHASE: Tournament Results, ELO SCORE: 1202.5
UNIQUE_ID: 725bf3ce-44788527
================================================================================

Tournament Summary

Final ELO Rating: 1202.5

Vector scores by criterion:
Empirical Support        : 7.0
Theoretical Coherence    : 8.0
Explanatory Power        : 6.0
Predictive Capability    : 5.0
Falsifiability           : 8.0
Parsimony                : 7.0
Generalizability         : 6.0
Methodological Rigor     : 8.0
Innovation               : 8.0
Problem-Solving Utility  : 8.0
Interdisciplinary Impact : 7.0
Ethical Considerations   : 6.0
Scalability              : 5.0
Replicability            : 8.0
Theoretical Foundation   : 6.0
Technological Feasibility: 7.0
Risk Assessment          : 5.0
Sustainability           : 6.0
Societal Relevance       : 9.0
Future Research Potential: 8.0

Matchup Results (10 matches):

Vs. Idea 6 (ELO: 1230.0)
Result: Lost
Score: 0.432

Vs. Idea 26 (ELO: 1186.2)
Result: Won
Score: 0.544

Vs. Idea 21 (ELO: 1207.4)
Result: Lost
Score: 0.414

Vs. Idea 25 (ELO: 1105.7)
Result: Won
Score: 0.688

Vs. Idea 17 (ELO: 1186.4)
Result: Won
Score: 0.541

Vs. Idea 24 (ELO: 1219.8)
Result: Won
Score: 0.516

Vs. Idea 22 (ELO: 1189.4)
Result: Lost
Score: 0.479

Vs. Idea 14 (ELO: 1218.8)
Result: Lost
Score: 0.473

Vs. Idea 2 (ELO: 1193.6)
Result: Won
Score: 0.519

Vs. Idea 9 (ELO: 1183.9)
Result: Won
Score: 0.524


================================================================================
TIMESTAMP: 2025-05-21 17:06:31
PHASE: Tournament Round 1, ROUND: 1, ELO SCORE: 1202.5
UNIQUE_ID: 725bf3ce-44788527
================================================================================

## Tournament Results (Round 1)

**Rank:** 14 out of 30
**ELO Rating:** 1202.5

### Idea

**Title**: Cytokine activation can enhance the host's immune response a...

**Key Idea**: Cytokine activation can enhance the host's immune response against Mtb.

**Paragraph 1**: Cytokine activation has shown promise in enhancing the host's immune response against various bacterial pathogens, including Mtb. By activating specific cytokines, we can effectively target Mtb cells. This approach is novel as it targets specific cytokines [57].

**Paragraph 2**: To test this hypothesis, we will use a combination of in vitro and in vivo experiments to evaluate the efficacy of cytokine activation against Mtb. We will use techniques such as ELISA and flow cytometry to assess immune responses.

**Paragraph 3**: This approach has empirical support, as cytokine activation has been shown to be effective against various bacterial pathogens. Its theoretical coherence lies in the understanding of immune activation as a mechanism of action.

**Approach**: is novel as it targets specific cytokines [57].
Paragraph 2: To test this hypothesis, we will use a combination of in vitro and in vivo experiments to evaluate the efficacy of cytokine activation against Mtb. We will use techniques such as ELISA and flow cytometry to assess immune responses.
Paragraph 3: This approach has empirical support, as cytokine activation has been shown to be effective against various bacterial pathogens. Its theoretical coherence lies in the understanding of immune activation as a mechanism of action. 
Approach: In vitro and in vivo experiments using cytokine activation.

**Key References**: [58]



================================================================================
TIMESTAMP: 2025-05-21 17:06:41
PHASE: Round Summary, ROUND: 1
UNIQUE_ID: 725bf3ce-44788527
================================================================================

**Title**: Cytokine activation can enhance the host's immune response a...

**Key Idea**: Cytokine activation can enhance the host's immune response against Mtb.

**Paragraph 1**: Cytokine activation has shown promise in enhancing the host's immune response against various bacterial pathogens, including Mtb. By activating specific cytokines, we can effectively target Mtb cells. This approach is novel as it targets specific cytokines [57].

**Paragraph 2**: To test this hypothesis, we will use a combination of in vitro and in vivo experiments to evaluate the efficacy of cytokine activation against Mtb. We will use techniques such as ELISA and flow cytometry to assess immune responses.

**Paragraph 3**: This approach has empirical support, as cytokine activation has been shown to be effective against various bacterial pathogens. Its theoretical coherence lies in the understanding of immune activation as a mechanism of action.

**Approach**: is novel as it targets specific cytokines [57].
Paragraph 2: To test this hypothesis, we will use a combination of in vitro and in vivo experiments to evaluate the efficacy of cytokine activation against Mtb. We will use techniques such as ELISA and flow cytometry to assess immune responses.
Paragraph 3: This approach has empirical support, as cytokine activation has been shown to be effective against various bacterial pathogens. Its theoretical coherence lies in the understanding of immune activation as a mechanism of action. 
Approach: In vitro and in vivo experiments using cytokine activation.

**Key References**: [58]

--- ROUND 1 SUMMARY ---

## Summary of Round 1 Results

### 1. Current State of Top Ideas

The top ideas from Round 1 showcase a diverse range of innovative approaches to targeting *Mycobacterium tuberculosis* (Mtb). The highest-ranked ideas, based on their ELO scores, include:

- **Bacteriophages** (ELO: 1283.6): Using bacteriophages to target and kill Mtb.
- **CRISPR-Cas13** (ELO: 1262.8): Utilizing CRISPR-Cas13 for detection and treatment of Mtb infections.
- **Genomics** (ELO: 1262.3): Employing genomics to identify antimicrobial resistance genes.
- **Targeting Lipid Metabolism** (ELO: 1241.8): Inhibiting Mtb's lipid metabolism to prevent its survival.
- **Antimicrobial Peptides** (ELO: 1230.0): Using antimicrobial peptides to target Mtb's cell membrane.

### 2. Key Improvements Made This Round

This round has seen significant advancements in refining ideas based on feedback from various agents:

- **Detailed Plausibility and Novelty Assessments**: Each idea has been evaluated for its biological feasibility, novelty, potential weaknesses, and likelihood of success. For instance, the use of **bacteriophages** and **CRISPR-Cas13** has been deemed highly plausible and novel, with potential weaknesses identified in specificity and delivery methods.
- **Identification of Potential Weaknesses**: Common challenges include specificity to Mtb, potential toxicity to human cells, delivery methods, and the possibility of resistance development. For example, **antimicrobial peptides** may face issues with specificity and potential toxicity.
- **Emergence of Nanoparticles and CRISPR Technologies**: Several ideas involving nanoparticles for drug delivery and CRISPR technologies for detection and treatment have emerged as highly promising. Specifically, **CRISPR-Cas13** and **CRISPR-Cas9** have shown high plausibility and novelty in targeting Mtb.

### 3. Emerging Patterns or Trends

- **Targeting Critical Pathways**: Many top ideas focus on inhibiting critical pathways essential for Mtb's survival, such as lipid metabolism, DNA replication, and protein secretion machinery. For example, **inhibiting Mtb's type VII secretion system** is considered highly plausible and novel.
- **CRISPR and Genomics**: The application of CRISPR technologies (Cas13, Cas9, and Cas12) for both detection and treatment of Mtb infections is a prominent trend, highlighting the potential of gene editing and detection tools.
- **Nanoparticle-Based Approaches**: The use of nanoparticles for targeted drug delivery and antimicrobial therapy is gaining traction due to its innovative and efficient approach.
- **Host-Directed Therapies**: Ideas focusing on enhancing the host's immune response or targeting host-pathogen interactions, such as cytokine activation and B cell epitope-based vaccines, are being explored.

### 4. Recommendations for the Next Round

- **Refine Delivery Methods**: Focus on improving the delivery methods for nanoparticles, CRISPR technologies, and antimicrobial peptides to enhance specificity and reduce potential toxicity.
- **Addressing Resistance Mechanisms**: Investigate potential resistance mechanisms that could arise from these novel therapies and develop strategies to mitigate them.
- **In-Depth Evaluation of Specificity and Safety**: Conduct thorough assessments of the specificity of these approaches to Mtb and their safety profiles to minimize off-target effects.
- **Combination Therapies**: Explore the potential of combining different approaches (e.g., CRISPR technologies with antimicrobial peptides) to achieve synergistic effects and reduce the likelihood of resistance development.

By focusing on these areas, the next round can further refine and optimize these innovative ideas for targeting Mtb.

