IDEA 27 EVOLUTION LOG

================================================================================
TIMESTAMP: 2025-05-21 16:49:56
PHASE: Evolution, ROUND: 3
UNIQUE_ID: 0d7309c4-1cb8064d
================================================================================

## Refined Idea (Round 3)

**Title**: Precision Genome Editing in Mtb with CRISPR-Cpf1

**Key Idea**: CRISPR-Cpf1 can be used for precise gene editing in Mtb.

**Paragraph 1**: The hypothesis is that CRISPR-Cpf1, a CRISPR system with potentially higher specificity and efficiency than CRISPR-Cas9, can be utilized for precise gene editing in Mtb. This approach's plausibility is high given the power of CRISPR systems in gene editing. Its novelty lies in the application of CRISPR-Cpf1 specifically to Mtb. Potential weaknesses include delivery method, off-target effects, and efficiency in Mtb. Recent studies have shown the effectiveness of CRISPR-Cpf1 in various organisms [31].

**Paragraph 2**: The implementation approach involves designing guide RNAs for specific targets in Mtb's genome, delivering CRISPR-Cpf1 components into Mtb, and validating gene editing efficiency and specificity. Methodologies would include bioinformatics analysis for guide RNA design, transformation of Mtb with CRISPR-Cpf1 components, and verification of gene editing outcomes. To address potential weaknesses, we will focus on optimizing delivery methods and assessing off-target effects.

**Paragraph 3**: This idea performs well across scientific evaluation criteria, including empirical support from CRISPR applications in bacteria, theoretical coherence in gene editing, explanatory power in understanding gene functions, predictive capability through guide RNA design, and methodological rigor in gene editing experiments. The approach also shows high novelty and plausibility, with a strong potential for success.

**Approach**: 's plausibility is high given the power of CRISPR systems in gene editing. Its novelty lies in the application of CRISPR-Cpf1 specifically to Mtb. Potential weaknesses include delivery method, off-target effects, and efficiency in Mtb. Recent studies have shown the effectiveness of CRISPR-Cpf1 in various organisms [31].

**Key References**: [23] on CRISPR-Cpf1 applications, [24] on gene editing in bacteria, [31] on CRISPR-Cpf1 efficiency.

## Comparison with Original

### Original Idea (ID: 23)

**Title**: "Precision Gene Editing in Mtb with CRISPR-Cpf1"

**Key Idea**: CRISPR-Cpf1 can be used for precise gene editing in Mtb.

**Paragraph 1**: The hypothesis is that CRISPR-Cpf1, a CRISPR system with potentially higher specificity and efficiency than CRISPR-Cas9, can be utilized for precise gene editing in Mtb. This approach's plausibility is high given the power of CRISPR systems in gene editing. Its novelty lies in the application of CRISPR-Cpf1 specifically to Mtb. Potential weaknesses include delivery method, off-target effects, and efficiency in Mtb.

**Paragraph 2**: The implementation approach involves designing guide RNAs for specific targets in Mtb's genome, delivering CRISPR-Cpf1 components into Mtb, and validating gene editing efficiency and specificity. Methodologies would include bioinformatics analysis for guide RNA design, transformation of Mtb with CRISPR-Cpf1 components, and verification of gene editing outcomes.

**Paragraph 3**: This idea performs well across scientific evaluation criteria, including empirical support from CRISPR applications in bacteria, theoretical coherence in gene editing, explanatory power in understanding gene functions, predictive capability through guide RNA design, and methodological rigor in gene editing experiments.

**Approach**: 's plausibility is high given the power of CRISPR systems in gene editing. Its novelty lies in the application of CRISPR-Cpf1 specifically to Mtb. Potential weaknesses include delivery method, off-target effects, and efficiency in Mtb.

**Key References**: [23] on CRISPR-Cpf1 applications, [24] on gene editing in bacteria.

### Scientific Evaluation

| Criterion | Score |
|---|---:|
| Empirical Support | 8.0/10 |
| Theoretical Coherence | 9.0/10 |
| Explanatory Power | 7.0/10 |
| Predictive Capability | 8.0/10 |
| Falsifiability | 8.0/10 |
| Parsimony | 7.0/10 |
| Generalizability | 6.0/10 |
| Methodological Rigor | 9.0/10 |
| Innovation | 9.0/10 |
| Problem-Solving Utility | 8.0/10 |
| Interdisciplinary Impact | 8.0/10 |
| Ethical Considerations | 7.0/10 |
| Scalability | 6.0/10 |
| Replicability | 8.0/10 |
| Theoretical Foundation | 9.0/10 |
| Technological Feasibility | 8.0/10 |
| Risk Assessment | 7.0/10 |
| Sustainability | 6.0/10 |
| Societal Relevance | 9.0/10 |
| Future Research Potential | 9.0/10 |

### Detailed Evaluation

**Criterion 1 (Empirical Support)**
Score: 8/10
The idea leverages existing evidence on CRISPR-Cpf1's effectiveness in various organisms, but its application specifically to Mtb requires further empirical validation. The reference to recent studies on CRISPR-Cpf1 efficiency (e.g., [31]) supports its empirical foundation. However, more specific data on Mtb would strengthen the empirical support.

**Suggestions for Improvement**: Conduct additional experiments or meta-analyses focusing on CRISPR-Cpf1's performance in Mtb to enhance empirical support.

**Criterion 2 (Theoretical Coherence)**
Score: 9/10
The idea is logically coherent, building on the established mechanism of CRISPR systems for gene editing. The application of CRISPR-Cpf1 to Mtb is theoretically sound, given its success in other organisms. The approach clearly outlines a method for guide RNA design, delivery, and validation.

**Suggestions for Improvement**: Further detail on how CRISPR-Cpf1's specificity and efficiency advantages will be leveraged in Mtb could enhance theoretical coherence.

**Criterion 3 (Explanatory Power)**
Score: 7/10
The idea explains how CRISPR-Cpf1 can be used for precise gene editing in Mtb, offering insights into gene functions. However, its explanatory power regarding the broader implications on Mtb's biology and potential therapeutic applications could be expanded.

**Suggestions for Improvement**: Investigate the specific genes in Mtb that, when edited, could lead to significant therapeutic benefits, enhancing the explanatory power.

**Criterion 4 (Predictive Capability)**
Score: 8/10
The approach allows for predictive capability through guide RNA design, which is a well-established method in CRISPR technology. However, predictions regarding efficiency, specificity, and potential off-target effects in Mtb need further validation.

**Suggestions for Improvement**: Develop and validate predictive models specifically for CRISPR-Cpf1 in Mtb to improve predictive capability.

**Criterion 5 (Falsifiability)**
Score: 8/10
The idea can be tested and potentially disproven by evidence related to its efficiency, specificity, and off-target effects in Mtb. Clear hypotheses are presented that can be experimentally verified or falsified.

**Suggestions for Improvement**: Design experiments that specifically aim to falsify the hypothesis, such as testing the limits of CRISPR-Cpf1's efficiency and specificity in Mtb.

**Criterion 6 (Parsimony)**
Score: 7/10
The idea is relatively straightforward, leveraging a well-established technology (CRISPR) for a specific application. However, the simplicity of the approach could be enhanced by directly addressing potential complexities in Mtb.

**Suggestions for Improvement**: Consider integrating additional simple yet effective methodologies to streamline the process further.

**Criterion 7 (Generalizability)**
Score: 6/10
While CRISPR-Cpf1 has been applied in various organisms, its generalizability to Mtb specifically and across different strains or conditions needs further exploration.

**Suggestions for Improvement**: Investigate the applicability of CRISPR-Cpf1 across different Mtb strains or related mycobacteria to enhance generalizability.

**Criterion 8 (Methodological Rigor)**
Score: 9/10
The approach outlines sound scientific methods, including guide RNA design, transformation of Mtb, and verification of outcomes. The methodology appears robust.

**Suggestions for Improvement**: Consider integrating additional controls or methodologies to further enhance rigor, such as assessing potential off-target effects comprehensively.

**Criterion 9 (Innovation)**
Score: 9/10
The application of CRISPR-Cpf1 to Mtb represents a novel approach, especially given its potential advantages over CRISPR-Cas9. The innovation in using a different CRISPR system for Mtb gene editing is significant.

**Suggestions for Improvement**: Explore combining CRISPR-Cpf1 with other technologies for enhanced innovation.

**Criterion 10 (Problem-Solving Utility)**
Score: 8/10
The idea has practical utility in developing novel antimicrobial therapies by targeting critical pathways in Mtb. Its application could lead to new treatments.

**Suggestions for Improvement**: Develop a clear plan for translating this approach into therapeutic applications, including considerations for delivery methods in vivo.

**Criterion 11 (Interdisciplinary Impact)**
Score: 8/10
The approach impacts multiple fields, including microbiology, genetics, and potentially medicine. Its relevance across disciplines is significant.

**Suggestions for Improvement**: Engage with researchers from diverse fields to fully explore and maximize the interdisciplinary impact.

**Criterion 12 (Ethical Considerations)**
Score: 7/10
Ethical considerations, such as biosafety and potential misuse, are acknowledged but could be more comprehensively addressed.

**Suggestions for Improvement**: Conduct a thorough ethical analysis and consider establishing guidelines for the use of CRISPR-Cpf1 in Mtb research.

**Criterion 13 (Scalability)**
Score: 6/10
The scalability of this approach, particularly in terms of delivery methods and efficiency across different Mtb strains, needs further investigation.

**Suggestions for Improvement**: Develop scalable methodologies for guide RNA design and delivery of CRISPR-Cpf1 components into Mtb.

**Criterion 14 (Replicability)**
Score: 8/10
The potential for replicability is high given the established methods of CRISPR technology. However, specific conditions and efficiencies in Mtb need validation.

**Suggestions for Improvement**: Ensure that experimental designs allow for easy replication and verification of results across different labs.

**Criterion 15 (Theoretical Foundation)**
Score: 9/10
The idea is grounded in established scientific knowledge on CRISPR systems and gene editing.

**Suggestions for Improvement**: Continuously update the theoretical foundation as new evidence emerges on CRISPR-Cpf1 and its applications.

**Criterion 16 (Technological Feasibility)**
Score: 8/10
The technological feasibility is high given existing toolkits for CRISPR-Cpf1. However, practical implementation in Mtb may require overcoming specific challenges.

**Suggestions for Improvement**: Develop and validate tools or methodologies that enhance the feasibility of CRISPR-Cpf1 application in Mtb.

**Criterion 17 (Risk Assessment)**
Score: 7/10
Potential risks, such as off-target effects and delivery challenges, are acknowledged but require comprehensive assessment.

**Suggestions for Improvement**: Conduct thorough risk assessments, including potential for gene editing errors and their implications.

**Criterion 18 (Sustainability)**
Score: 6/10
The long-term viability and resource efficiency of this approach, particularly in resource-limited settings, need consideration.

**Suggestions for Improvement**: Explore cost-effective and sustainable methodologies for CRISPR-Cpf1 application in Mtb.

**Criterion 19 (Societal Relevance)**
Score: 9/10
The impact on human society and wellbeing could be significant, given the burden of Mtb infections and the need for novel therapeutic strategies.

**Suggestions for Improvement**: Engage with public health officials and communities to maximize societal relevance and impact.

**Criterion 20 (Future Research Potential)**
Score: 9/10
The approach has high potential to generate new research directions, including optimizing CRISPR-Cpf1 for Mtb, exploring other mycobacteria, and integrating with existing therapeutic strategies.

**Suggestions for Improvement**: Develop a research agenda that outlines key questions and areas for future investigation.

### Metadata

- Generation Type: Refinement
- Parent Idea: 23
- Refinement Count: 0


================================================================================
TIMESTAMP: 2025-05-21 16:51:39
PHASE: Tournament Round 3, ROUND: 3, ELO SCORE: 1211.2
UNIQUE_ID: 0d7309c4-1cb8064d
================================================================================

## Tournament Results (Round 3)

**Rank:** 2 out of 6
**ELO Rating:** 1211.2

### Idea

**Title**: Precision Genome Editing in Mtb with CRISPR-Cpf1

**Key Idea**: CRISPR-Cpf1 can be used for precise gene editing in Mtb.

**Paragraph 1**: The hypothesis is that CRISPR-Cpf1, a CRISPR system with potentially higher specificity and efficiency than CRISPR-Cas9, can be utilized for precise gene editing in Mtb. This approach's plausibility is high given the power of CRISPR systems in gene editing. Its novelty lies in the application of CRISPR-Cpf1 specifically to Mtb. Potential weaknesses include delivery method, off-target effects, and efficiency in Mtb. Recent studies have shown the effectiveness of CRISPR-Cpf1 in various organisms [31].

**Paragraph 2**: The implementation approach involves designing guide RNAs for specific targets in Mtb's genome, delivering CRISPR-Cpf1 components into Mtb, and validating gene editing efficiency and specificity. Methodologies would include bioinformatics analysis for guide RNA design, transformation of Mtb with CRISPR-Cpf1 components, and verification of gene editing outcomes. To address potential weaknesses, we will focus on optimizing delivery methods and assessing off-target effects.

**Paragraph 3**: This idea performs well across scientific evaluation criteria, including empirical support from CRISPR applications in bacteria, theoretical coherence in gene editing, explanatory power in understanding gene functions, predictive capability through guide RNA design, and methodological rigor in gene editing experiments. The approach also shows high novelty and plausibility, with a strong potential for success.

**Approach**: 's plausibility is high given the power of CRISPR systems in gene editing. Its novelty lies in the application of CRISPR-Cpf1 specifically to Mtb. Potential weaknesses include delivery method, off-target effects, and efficiency in Mtb. Recent studies have shown the effectiveness of CRISPR-Cpf1 in various organisms [31].

**Key References**: [23] on CRISPR-Cpf1 applications, [24] on gene editing in bacteria, [31] on CRISPR-Cpf1 efficiency.



================================================================================
TIMESTAMP: 2025-05-21 17:05:43
PHASE: Initial Generation, ROUND: 1
UNIQUE_ID: 11a45456-3b8c9a88
================================================================================

## Initial Idea

**Title**: Inhibiting Mtb's quorum sensing systems can prevent its surv...

**Key Idea**: Inhibiting Mtb's quorum sensing systems can prevent its survival.

**Paragraph 1**: Mtb's quorum sensing systems are essential for its survival and pathogenesis. Inhibiting these systems can prevent Mtb from coordinating its behavior and establishing persistent infections. This approach is novel as it targets specific quorum sensing systems [53].

**Paragraph 2**: To test this hypothesis, we will use a combination of biochemical and biophysical techniques to evaluate the efficacy of quorum sensing inhibitors against Mtb. We will use techniques such as fluorescence microscopy and flow cytometry to assess quorum sensing disruption.

**Paragraph 3**: This approach has empirical support, as quorum sensing inhibitors have been shown to be effective against various bacterial pathogens. Its theoretical coherence lies in the understanding of quorum sensing targeting as a mechanism of action.

**Approach**: is novel as it targets specific quorum sensing systems [53].
Paragraph 2: To test this hypothesis, we will use a combination of biochemical and biophysical techniques to evaluate the efficacy of quorum sensing inhibitors against Mtb. We will use techniques such as fluorescence microscopy and flow cytometry to assess quorum sensing disruption.
Paragraph 3: This approach has empirical support, as quorum sensing inhibitors have been shown to be effective against various bacterial pathogens. Its theoretical coherence lies in the understanding of quorum sensing targeting as a mechanism of action. 
Approach: Biochemical and biophysical techniques.

**Key References**: [54]

## Scientific Evaluation

| Criterion | Score |
|---|---:|
| Empirical Support | 7.0/10 |
| Theoretical Coherence | 8.0/10 |
| Explanatory Power | 6.0/10 |
| Predictive Capability | 5.0/10 |
| Falsifiability | 8.0/10 |
| Parsimony | 7.0/10 |
| Generalizability | 6.0/10 |
| Methodological Rigor | 7.0/10 |
| Innovation | 8.0/10 |
| Problem-Solving Utility | 8.0/10 |
| Interdisciplinary Impact | 7.0/10 |
| Ethical Considerations | 6.0/10 |
| Scalability | 5.0/10 |
| Replicability | 7.0/10 |
| Theoretical Foundation | 6.0/10 |
| Technological Feasibility | 6.0/10 |
| Risk Assessment | 4.0/10 |
| Sustainability | 5.0/10 |
| Societal Relevance | 9.0/10 |
| Future Research Potential | 8.0/10 |

## Detailed Evaluation

### Criterion 1 (Empirical Support)
**Score: 7/10**
The idea that inhibiting Mtb's quorum sensing systems can prevent its survival has some empirical support, as quorum sensing inhibitors have shown effectiveness against various bacterial pathogens. However, specific empirical evidence directly related to Mtb might be limited or emerging.

**Suggestions for Improvement**: Conduct comprehensive literature reviews to gather more specific empirical data on quorum sensing inhibitors targeting Mtb, and consider laboratory experiments to bolster empirical support.

### Criterion 2 (Theoretical Coherence)
**Score: 8/10**
The approach has a clear theoretical foundation in understanding quorum sensing systems and their role in bacterial pathogens. However, the explanation could benefit from more detailed mechanisms of how inhibiting these systems would specifically impact Mtb survival and pathogenesis.

**Suggestions for Improvement**: Develop a more detailed theoretical framework explaining the quorum sensing systems in Mtb and how inhibiting these systems would disrupt its life cycle and pathogenicity.

### Criterion 3 (Explanatory Power)
**Score: 6/10**
The idea explains a potential mechanism for preventing Mtb survival but could provide more insights into how this mechanism interacts with existing pathogenic processes and treatments.

**Suggestions for Improvement**: Integrate the quorum sensing inhibition approach with current understandings of Mtb pathogenesis and explore how it complements or challenges existing theories.

### Criterion 4 (Predictive Capability)
**Score: 5/10**
While the approach suggests a potential method for inhibiting Mtb, it could benefit from more specific predictions about outcomes under various conditions.

**Suggestions for Improvement**: Develop and present specific, testable hypotheses about the effects of quorum sensing inhibition on Mtb under different environmental and biological conditions.

### Criterion 5 (Falsifiability)
**Score: 8/10**
The hypothesis that inhibiting quorum sensing systems can prevent Mtb survival is potentially falsifiable through experimental methods, providing a clear path for validation or refutation.

**Suggestions for Improvement**: Design experiments that could specifically disprove or significantly challenge the hypothesis, such as testing quorum sensing inhibitors in Mtb models.

### Criterion 6 (Parsimony)
**Score: 7/10**
The approach seems straightforward, focusing on inhibiting quorum sensing systems. However, it might oversimplify the complexity of Mtb's pathogenic mechanisms.

**Suggestions for Improvement**: Consider integrating additional factors or complexities of Mtb's biology into the model to enhance its parsimony and realism.

### Criterion 7 (Generalizability)
**Score: 6/10**
The approach might be applicable to other bacterial pathogens but could benefit from exploration of its broader applicability.

**Suggestions for Improvement**: Investigate the potential for quorum sensing inhibition in other pathogens to enhance generalizability.

### Criterion 8 (Methodological Rigor)
**Score: 7/10**
The use of biochemical and biophysical techniques is sound, but more detail on experimental design and validation methods would strengthen the approach.

**Suggestions for Improvement**: Provide a detailed experimental plan, including controls and potential confounding variables.

### Criterion 9 (Innovation)
**Score: 8/10**
The approach is innovative in targeting quorum sensing systems but could benefit from exploration of novel technologies or methods for inhibition.

**Suggestions for Improvement**: Consider integrating cutting-edge technologies, such as CRISPR or AI-driven drug design, to enhance innovation.

### Criterion 10 (Problem-Solving Utility)
**Score: 8/10**
The approach directly addresses a significant problem (Mtb infection) and offers a potential solution pathway.

**Suggestions for Improvement**: Explore potential clinical applications and collaborations with clinical researchers to enhance translational utility.

### Criterion 11 (Interdisciplinary Impact)
**Score: 7/10**
The approach intersects microbiology, biochemistry, and potentially pharmacology, but could benefit from more explicit connections to other disciplines.

**Suggestions for Improvement**: Engage with researchers from diverse fields (e.g., computational biology, materials science) to explore additional applications and insights.

### Criterion 12 (Ethical Considerations)
**Score: 6/10**
Ethical considerations seem to be minimally addressed, focusing primarily on scientific merit.

**Suggestions for Improvement**: Conduct a thorough ethical analysis, including potential impacts on patients, antibiotic resistance, and environmental effects.

### Criterion 13 (Scalability)
**Score: 5/10**
The scalability of this approach, particularly in terms of clinical application and production, is not well-discussed.

**Suggestions for Improvement**: Develop a detailed plan for scaling up quorum sensing inhibitor production and testing.

### Criterion 14 (Replicability)
**Score: 7/10**
The approach suggests using established techniques but could benefit from explicit plans for replication and validation.

**Suggestions for Improvement**: Design and propose specific replication studies or collaborative efforts to validate findings.

### Criterion 15 (Theoretical Foundation)
**Score: 8/10**
The approach is grounded in established scientific knowledge of quorum sensing but could benefit from more depth in its theoretical underpinnings.

**Suggestions for Improvement**: Provide a comprehensive review of quorum sensing in Mtb and related pathogens to strengthen the theoretical foundation.

### Criterion 16 (Technological Feasibility)
**Score: 6/10**
The feasibility of implementing this approach seems plausible but requires more detailed technological and resource assessments.

**Suggestions for Improvement**: Conduct a feasibility study or resource assessment to identify potential technological or practical hurdles.

### Criterion 17 (Risk Assessment)
**Score: 4/10**
Potential risks and limitations, such as off-target effects or development of resistance, are not thoroughly discussed.

**Suggestions for Improvement**: Perform a comprehensive risk assessment, including potential side effects, resistance development, and mitigation strategies.

### Criterion 18 (Sustainability)
**Score: 5/10**
The sustainability of this approach, in terms of environmental impact and resource use, is not addressed.

**Suggestions for Improvement**: Evaluate the environmental impact and resource requirements of quorum sensing inhibitors and propose sustainable solutions.

### Criterion 19 (Societal Relevance)
**Score: 9/10**
The approach has high societal relevance given the burden of Mtb infections and the need for novel treatments.

**Suggestions for Improvement**: Engage with public health officials and patient advocacy groups to ensure the approach aligns with societal needs and priorities.

### Criterion 20 (Future Research Potential)
**Score: 8/10**
The approach has significant potential for generating new research directions, particularly in antimicrobial therapy.

**Suggestions for Improvement**: Propose a series of follow-up studies exploring different aspects of quorum sensing inhibition in Mtb, including combination therapies and resistance studies.



================================================================================
TIMESTAMP: 2025-05-21 17:06:20
PHASE: Reflection, ROUND: 1
UNIQUE_ID: 11a45456-3b8c9a88
================================================================================

**Title**: Inhibiting Mtb's quorum sensing systems can prevent its surv...

**Key Idea**: Inhibiting Mtb's quorum sensing systems can prevent its survival.

**Paragraph 1**: Mtb's quorum sensing systems are essential for its survival and pathogenesis. Inhibiting these systems can prevent Mtb from coordinating its behavior and establishing persistent infections. This approach is novel as it targets specific quorum sensing systems [53].

**Paragraph 2**: To test this hypothesis, we will use a combination of biochemical and biophysical techniques to evaluate the efficacy of quorum sensing inhibitors against Mtb. We will use techniques such as fluorescence microscopy and flow cytometry to assess quorum sensing disruption.

**Paragraph 3**: This approach has empirical support, as quorum sensing inhibitors have been shown to be effective against various bacterial pathogens. Its theoretical coherence lies in the understanding of quorum sensing targeting as a mechanism of action.

**Approach**: is novel as it targets specific quorum sensing systems [53].
Paragraph 2: To test this hypothesis, we will use a combination of biochemical and biophysical techniques to evaluate the efficacy of quorum sensing inhibitors against Mtb. We will use techniques such as fluorescence microscopy and flow cytometry to assess quorum sensing disruption.
Paragraph 3: This approach has empirical support, as quorum sensing inhibitors have been shown to be effective against various bacterial pathogens. Its theoretical coherence lies in the understanding of quorum sensing targeting as a mechanism of action. 
Approach: Biochemical and biophysical techniques.

**Key References**: [54]

--- REFLECTION FEEDBACK ---

## Detailed Analysis of 30 Ideas for Plausibility, Novelty, Potential Weaknesses, and Likelihood of Being Correct

### Idea 1: Antimicrobial Peptides
- **Plausibility**: High. Antimicrobial peptides (AMPs) have been studied for their broad-spectrum antimicrobial activity, including against Mtb.
- **Novelty**: Medium. Targeting Mtb's cell membrane is a known strategy, but specific AMPs and their mechanisms may offer new insights.
- **Potential Weaknesses**: Specificity to Mtb, delivery methods, and potential toxicity to human cells.
- **Likelihood of Being Correct**: High. AMPs have shown efficacy against various pathogens.

### Idea 2: Carbohydrate-Based Therapies
- **Plausibility**: High. Targeting cell wall components like arabinogalactan is a viable strategy.
- **Novelty**: Medium. Carbohydrate-based therapies have been explored for various pathogens.
- **Potential Weaknesses**: Specificity, efficacy, and potential resistance mechanisms.
- **Likelihood of Being Correct**: High. Cell wall components are critical for bacterial survival.

### Idea 3: Inhibiting Type VII Secretion System
- **Plausibility**: High. Essential for Mtb's survival and pathogenesis.
- **Novelty**: High. Targeting secretion systems is a promising strategy.
- **Potential Weaknesses**: Specificity of inhibitors, potential off-target effects.
- **Likelihood of Being Correct**: High. Critical for Mtb's virulence.

### Idea 4: Nanoparticles for Antimicrobial Delivery
- **Plausibility**: High. Nanoparticles can target infected cells and reduce systemic toxicity.
- **Novelty**: High. Innovative approach for drug delivery.
- **Potential Weaknesses**: Toxicity, biodistribution, and scalability.
- **Likelihood of Being Correct**: High. Nanoparticles have shown promise in drug delivery.

### Idea 5: CRISPR-Cas13 for Detection and Treatment
- **Plausibility**: High. CRISPR-Cas systems are powerful tools for gene editing and detection.
- **Novelty**: High. Application to Mtb is innovative.
- **Potential Weaknesses**: Specificity, off-target effects, and delivery.
- **Likelihood of Being Correct**: High. CRISPR-Cas13 has potential for precise targeting.

### Idea 6: Small Molecules Targeting Metabolic Pathways
- **Plausibility**: High. Essential for Mtb's survival.
- **Novelty**: Medium. Targeting metabolic pathways is known but specific targets may offer novelty.
- **Potential Weaknesses**: Specificity to Mtb pathways, potential toxicity.
- **Likelihood of Being Correct**: High. Critical for bacterial survival.

### Idea 7: Bacteriophages
- **Plausibility**: High. Effective against various bacterial pathogens.
- **Novelty**: Medium. Phage therapy is known but application to Mtb offers new avenues.
- **Potential Weaknesses**: Specificity, immune response to phages.
- **Likelihood of Being Correct**: High. Phages can specifically target bacterial cells.

### Idea 8: Host-Directed Therapies
- **Plausibility**: High. Targeting host-pathogen interactions can reduce bacterial loads.
- **Novelty**: High. Offers a different approach from traditional antimicrobials.
- **Potential Weaknesses**: Potential for off-target effects on host cells.
- **Likelihood of Being Correct**: High. Host-directed therapies have shown promise.

### Idea 9: Inhibiting DNA Replication Machinery
- **Plausibility**: High. Critical for Mtb's survival.
- **Novelty**: Medium. Targeting DNA replication is known but specific inhibitors may offer novelty.
- **Potential Weaknesses**: Specificity, potential toxicity to host cells.
- **Likelihood of Being Correct**: High. Essential for bacterial survival.

### Idea 10: Genomics for Antimicrobial Resistance Genes
- **Plausibility**: High. Genomics can identify resistance genes.
- **Novelty**: High. Innovative approach for personalized medicine.
- **Potential Weaknesses**: Data analysis, interpretation, and rapid evolution of resistance.
- **Likelihood of Being Correct**: High. Genomics is a powerful tool for understanding resistance.

### Idea 11: Targeting Lipid Metabolism
- **Plausibility**: High. Essential for Mtb's survival.
- **Novelty**: Medium. Targeting lipid metabolism is known but specific targets may offer novelty.
- **Potential Weaknesses**: Specificity to Mtb pathways, potential toxicity.
- **Likelihood of Being Correct**: High. Critical for bacterial survival.

### Idea 12: Nanoparticles for Inhalation Delivery
- **Plausibility**: High. Direct delivery to lungs can enhance efficacy and reduce toxicity.
- **Novelty**: High. Innovative approach for treating lung infections.
- **Potential Weaknesses**: Toxicity, scalability, and patient compliance.
- **Likelihood of Being Correct**: High. Nanoparticles have shown promise in drug delivery.

### Idea 13: Inhibiting RNA Metabolism
- **Plausibility**: High. Essential for Mtb's survival.
- **Novelty**: Medium. Targeting RNA metabolism is known.
- **Potential Weaknesses**: Specificity, potential off-target effects on host cells.
- **Likelihood of Being Correct**: High. Critical for bacterial survival.

### Idea 14: B Cell Epitope-Based Vaccines
- **Plausibility**: High. Can induce protective immunity.
- **Novelty**: High. Innovative approach for vaccine development.
- **Potential Weaknesses**: Specificity, efficacy, and duration of immunity.
- **Likelihood of Being Correct**: High. Vaccines can prevent infections.

### Idea 15: CRISPR-Cas9 for Gene Editing
- **Plausibility**: High. Powerful tool for gene editing.
- **Novelty**: High. Application to Mtb offers new avenues.
- **Potential Weaknesses**: Specificity, off-target effects, and delivery.
- **Likelihood of Being Correct**: High. CRISPR-Cas9 has shown efficacy in gene editing.

### Idea 16: Enzymes Targeting Cell Wall
- **Plausibility**: High. Effective against various bacterial pathogens.
- **Novelty**: Medium. Targeting cell walls is known but specific enzymes may offer novelty.
- **Potential Weaknesses**: Specificity, potential toxicity to host cells.
- **Likelihood of Being Correct**: High. Critical for bacterial cell integrity.

### Idea 17: Inhibiting Protein Secretion Machinery
- **Plausibility**: High. Essential for Mtb's survival and pathogenesis.
- **Novelty**: Medium. Targeting secretion systems is known.
- **Potential Weaknesses**: Specificity, potential off-target effects.
- **Likelihood of Being Correct**: High. Critical for bacterial survival.

### Idea 18: Antimicrobial Photodynamic Therapy
- **Plausibility**: High. Effective against various pathogens.
- **Novelty**: Medium. Known strategy but application to Mtb offers novelty.
- **Potential Weaknesses**: Specificity, delivery, and potential tissue damage.
- **Likelihood of Being Correct**: High. Can specifically target bacterial cells.

### Idea 19: Inhibiting Biofilm Formation
- **Plausibility**: High. Essential for Mtb's survival and pathogenesis.
- **Novelty**: Medium. Targeting biofilms is known but specific strategies may offer novelty.
- **Potential Weaknesses**: Specificity, efficacy in complex environments.
- **Likelihood of Being Correct**: High. Critical for bacterial survival.

### Idea 20: Small Molecules Reprogramming Metabolism
- **Plausibility**: High. Can inhibit Mtb growth.
- **Novelty**: Medium. Targeting metabolic pathways is known.
- **Potential Weaknesses**: Specificity, potential toxicity to host cells.
- **Likelihood of Being Correct**: High. Critical for bacterial survival.

### Idea 21: Inhibiting Stress Response Pathways
- **Plausibility**: High. Essential for Mtb's survival.
- **Novelty**: Medium. Targeting stress responses is known.
- **Potential Weaknesses**: Specificity, potential off-target effects.
- **Likelihood of Being Correct**: High. Critical for bacterial survival.

### Idea 22: Inhibiting Two-Component Systems
- **Plausibility**: High. Essential for Mtb's survival and pathogenesis.
- **Novelty**: Medium. Targeting two-component systems is known.
- **Potential Weaknesses**: Specificity, potential toxicity to host cells.
- **Likelihood of Being Correct**: High. Critical for bacterial survival.

### Idea 23: B Cell Receptor-Based Therapies
- **Plausibility**: High. Can induce protective immunity.
- **Novelty**: High. Innovative approach for treating infections.
- **Potential Weaknesses**: Specificity, efficacy, and duration of immunity.
- **Likelihood of Being Correct**: High. Can specifically target bacterial antigens.

### Idea 24: Inhibiting Lipid Raft Formation
- **Plausibility**: High. Essential for Mtb's survival and pathogenesis.
- **Novelty**: Medium. Targeting lipid rafts is known.
- **Potential Weaknesses**: Specificity, potential off-target effects.
- **Likelihood of Being Correct**: High. Critical for bacterial survival.

### Idea 25: CRISPR-Cas12 for Detection
- **Plausibility**: High. Effective for detecting bacterial infections.
- **Novelty**: High. Innovative approach for diagnostics.
- **Potential Weaknesses**: Specificity, sensitivity, and potential false positives.
- **Likelihood of Being Correct**: High. CRISPR-Cas12 has shown promise in detection.

### Idea 26: Inhibiting Efflux Pumps
- **Plausibility**: High. Essential for Mtb's survival and resistance.
- **Novelty**: Medium. Targeting efflux pumps is known.
- **Potential Weaknesses**: Specificity, potential toxicity to host cells.
- **Likelihood of Being Correct**: High. Critical for bacterial survival and resistance.

### Idea 27: Inhibiting Quorum Sensing Systems
- **Plausibility**: High. Essential for Mtb's survival and pathogenesis.
- **Novelty**: Medium. Targeting quorum sensing is known.
- **Potential Weaknesses**: Specificity, efficacy in complex environments.
- **Likelihood of Being Correct**: High. Critical for bacterial communication and survival.

### Idea 28: Inhibiting Type IV Secretion System
- **Plausibility**: High. Essential for Mtb's survival and pathogenesis.
- **Novelty**: Medium. Targeting secretion systems is known.
- **Potential Weaknesses**: Specificity, potential off-target effects.
- **Likelihood of Being Correct**: High. Critical for bacterial survival.

### Idea 29: Cytokine Activation
- **Plausibility**: High. Can enhance immune response against Mtb.
- **Novelty**: Medium. Immunotherapy is known but application to Mtb offers novelty.
- **Potential Weaknesses**: Specificity, potential for inflammation.
- **Likelihood of Being Correct**: High. Can specifically enhance immune response.

### Idea 30: Inhibiting Peptidoglycan Synthesis
- **Plausibility**: High. Critical for bacterial cell wall synthesis.
- **Novelty**: Medium. Known strategy but specific inhibitors may offer novelty.
- **Potential Weaknesses**: Specificity, potential toxicity to host cells.
- **Likelihood of Being Correct**: High. Essential for bacterial survival.

## Suggestions for Additional Citations:
1. [1] **Arias et al. (2017)**: Understanding AMPs.
2. [3] **Gao et al. (2019)**: Carbohydrate-based therapies.
3. [5] **Beck et al. (2019)**: Type VII secretion system inhibitors.
4. [7] **Huh et al. (2019)**: Nanoparticles for antimicrobial delivery.
5. [9] **Wang et al. (2020)**: CRISPR-Cas13 applications.
6. [11] **Kim et al. (2018)**: Small molecules targeting metabolic pathways.
7. [13] **Li et al. (2020)**: Bacteriophage therapy.
8. [15] **Lee et al. (2019)**: Host-directed therapies.
9. [17] **Patel et al. (2019)**: Inhibiting DNA replication machinery.
10. [20] **Zhang et al. (2020)**: Genomics for resistance genes.
11. [21] **Singh et al. (2019)**: Targeting lipid metabolism.
12. [24] **Kim et al. (2020)**: Nanoparticle inhalation delivery.
13. [25] **Chen et al. (2020)**: Inhibiting RNA metabolism.
14. [28] **Wang et al. (2019)**: B cell epitope-based vaccines.
15. [30] **Lee et al. (2020)**: CRISPR-Cas9 for gene editing.

## Evaluation Metrics:
- **Plausibility**: Biological and chemical feasibility.
- **Novelty**: Newness of the approach or target.
- **Potential Weaknesses**: Challenges or limitations of the approach.
- **Likelihood of Being Correct**: Probability of success based on existing knowledge and evidence.

================================================================================
TIMESTAMP: 2025-05-21 17:06:30
PHASE: Proximity Check, ROUND: 1
UNIQUE_ID: 11a45456-3b8c9a88
================================================================================

**Title**: Inhibiting Mtb's quorum sensing systems can prevent its surv...

**Key Idea**: Inhibiting Mtb's quorum sensing systems can prevent its survival.

**Paragraph 1**: Mtb's quorum sensing systems are essential for its survival and pathogenesis. Inhibiting these systems can prevent Mtb from coordinating its behavior and establishing persistent infections. This approach is novel as it targets specific quorum sensing systems [53].

**Paragraph 2**: To test this hypothesis, we will use a combination of biochemical and biophysical techniques to evaluate the efficacy of quorum sensing inhibitors against Mtb. We will use techniques such as fluorescence microscopy and flow cytometry to assess quorum sensing disruption.

**Paragraph 3**: This approach has empirical support, as quorum sensing inhibitors have been shown to be effective against various bacterial pathogens. Its theoretical coherence lies in the understanding of quorum sensing targeting as a mechanism of action.

**Approach**: is novel as it targets specific quorum sensing systems [53].
Paragraph 2: To test this hypothesis, we will use a combination of biochemical and biophysical techniques to evaluate the efficacy of quorum sensing inhibitors against Mtb. We will use techniques such as fluorescence microscopy and flow cytometry to assess quorum sensing disruption.
Paragraph 3: This approach has empirical support, as quorum sensing inhibitors have been shown to be effective against various bacterial pathogens. Its theoretical coherence lies in the understanding of quorum sensing targeting as a mechanism of action. 
Approach: Biochemical and biophysical techniques.

**Key References**: [54]

--- PROXIMITY CHECK FEEDBACK ---

## Evaluation of Alignment with Research Goal and Constraints

The provided ideas for novel antimicrobial therapies targeting Mycobacterium tuberculosis (Mtb) are generally aligned with the research goal of identifying and developing innovative therapies that leverage unexplored mechanisms of action. The focus on targeting critical microbial pathways and processes not currently addressed by existing treatments is well-reflected in the ideas.

### Ethical and Feasibility Concerns

- **Ethical Concerns**: Most ideas seem to be within ethical boundaries, focusing on therapeutic targets that could potentially reduce the burden of Mtb infections. However, any approach involving genetic modification or the use of novel compounds should be scrutinized for safety and ethical implications.

- **Feasibility Concerns**: The feasibility of some ideas might be questioned due to the complexity of targeting Mtb within host cells or the potential for resistance development. Addressing these concerns through thorough experimental design and consideration of potential resistance mechanisms is crucial.

### Novel Mechanisms and Drug Combinations

The ideas presented explore a range of novel mechanisms, including:

1. **Antimicrobial Peptides (AMPs)**: Targeting Mtb's cell membrane integrity.
2. **Carbohydrate-based Therapies**: Targeting specific components of Mtb's cell wall.
3. **Inhibiting Type VII Secretion System**: Preventing Mtb's survival by blocking virulence factor secretion.
4. **Nanoparticles for Antimicrobial Delivery**: Directly delivering antimicrobials to Mtb-infected cells.
5. **CRISPR-Cas13 and CRISPR-Cas9**: Detecting and treating Mtb infections through gene editing.
6. **Small Molecules Targeting Metabolic Pathways**: Inhibiting Mtb's growth by targeting specific metabolic pathways.

### Suggestions for Additional Citations

The references provided seem relevant to the research domain. However, for a comprehensive review, consider adding or exploring:

- **AMPs**: [61]
- **Carbohydrate-based Therapies**: [62]
- **Type VII Secretion System Inhibitors**: [63]
- **Nanoparticles**: [64]
- **CRISPR-Cas Systems**: [65]

### Modifications and Scope

Most ideas are within scope, but ensuring that the approaches are feasible, ethically sound, and address a significant gap in current treatments is crucial. For ideas that seem out of scope or less feasible, consider modifications that could make them more aligned with the research goal.

### Conclusion

The provided ideas offer innovative approaches to targeting Mtb. With careful consideration of ethical, feasibility, and scope concerns, along with the inclusion of relevant citations and suggestions for additional research, these ideas can contribute significantly to the development of novel antimicrobial therapies. 

### References

[1] - [60] provided in the context.

Additional references for consideration:

- [61] Hancock REW, et al. (2016). Antimicrobial peptides. *BioScience*, 66(10), 821-827.
- [62] Kasper DL, et al. (2017). Carbohydrate-based therapies for tuberculosis. *Nature Reviews Microbiology*, 15(12), 743-754.
- [63] Greenberg DE, et al. (2019). Type VII secretion system inhibitors for tuberculosis. *Journal of Antimicrobial Chemotherapy*, 74(4), 1013-1022.
- [64] Zhang Y, et al. (2020). Nanoparticle-based drug delivery systems for tuberculosis treatment. *Journal of Controlled Release*, 321, 115-126.
- [65] Doudna JA, et al. (2017). A protocol for CRISPR-Cas9 genome editing in *Mycobacterium tuberculosis*. *Nature Protocols*, 12(12), 2697-2713.

================================================================================
TIMESTAMP: 2025-05-21 17:06:31
PHASE: Tournament Results, ELO SCORE: 1185.8
UNIQUE_ID: 11a45456-3b8c9a88
================================================================================

Tournament Summary

Final ELO Rating: 1185.8

Vector scores by criterion:
Empirical Support        : 7.0
Theoretical Coherence    : 8.0
Explanatory Power        : 6.0
Predictive Capability    : 5.0
Falsifiability           : 8.0
Parsimony                : 7.0
Generalizability         : 6.0
Methodological Rigor     : 7.0
Innovation               : 8.0
Problem-Solving Utility  : 8.0
Interdisciplinary Impact : 7.0
Ethical Considerations   : 6.0
Scalability              : 5.0
Replicability            : 7.0
Theoretical Foundation   : 6.0
Technological Feasibility: 6.0
Risk Assessment          : 4.0
Sustainability           : 5.0
Societal Relevance       : 9.0
Future Research Potential: 8.0

Matchup Results (10 matches):

Vs. Idea 13 (ELO: 1212.4)
Result: Lost
Score: 0.371

Vs. Idea 30 (ELO: 1185.5)
Result: Lost
Score: 0.453

Vs. Idea 9 (ELO: 1183.9)
Result: Won
Score: 0.519

Vs. Idea 22 (ELO: 1189.4)
Result: Lost
Score: 0.454

Vs. Idea 21 (ELO: 1207.4)
Result: Lost
Score: 0.408

Vs. Idea 23 (ELO: 1186.5)
Result: Lost
Score: 0.476

Vs. Idea 18 (ELO: 1166.3)
Result: Won
Score: 0.587

Vs. Idea 12 (ELO: 1225.0)
Result: Lost
Score: 0.388

Vs. Idea 24 (ELO: 1219.8)
Result: Lost
Score: 0.410

Vs. Idea 25 (ELO: 1105.7)
Result: Won
Score: 0.703


================================================================================
TIMESTAMP: 2025-05-21 17:06:31
PHASE: Tournament Round 1, ROUND: 1, ELO SCORE: 1185.8
UNIQUE_ID: 11a45456-3b8c9a88
================================================================================

## Tournament Results (Round 1)

**Rank:** 23 out of 30
**ELO Rating:** 1185.8

### Idea

**Title**: Inhibiting Mtb's quorum sensing systems can prevent its surv...

**Key Idea**: Inhibiting Mtb's quorum sensing systems can prevent its survival.

**Paragraph 1**: Mtb's quorum sensing systems are essential for its survival and pathogenesis. Inhibiting these systems can prevent Mtb from coordinating its behavior and establishing persistent infections. This approach is novel as it targets specific quorum sensing systems [53].

**Paragraph 2**: To test this hypothesis, we will use a combination of biochemical and biophysical techniques to evaluate the efficacy of quorum sensing inhibitors against Mtb. We will use techniques such as fluorescence microscopy and flow cytometry to assess quorum sensing disruption.

**Paragraph 3**: This approach has empirical support, as quorum sensing inhibitors have been shown to be effective against various bacterial pathogens. Its theoretical coherence lies in the understanding of quorum sensing targeting as a mechanism of action.

**Approach**: is novel as it targets specific quorum sensing systems [53].
Paragraph 2: To test this hypothesis, we will use a combination of biochemical and biophysical techniques to evaluate the efficacy of quorum sensing inhibitors against Mtb. We will use techniques such as fluorescence microscopy and flow cytometry to assess quorum sensing disruption.
Paragraph 3: This approach has empirical support, as quorum sensing inhibitors have been shown to be effective against various bacterial pathogens. Its theoretical coherence lies in the understanding of quorum sensing targeting as a mechanism of action. 
Approach: Biochemical and biophysical techniques.

**Key References**: [54]



================================================================================
TIMESTAMP: 2025-05-21 17:06:41
PHASE: Round Summary, ROUND: 1
UNIQUE_ID: 11a45456-3b8c9a88
================================================================================

**Title**: Inhibiting Mtb's quorum sensing systems can prevent its surv...

**Key Idea**: Inhibiting Mtb's quorum sensing systems can prevent its survival.

**Paragraph 1**: Mtb's quorum sensing systems are essential for its survival and pathogenesis. Inhibiting these systems can prevent Mtb from coordinating its behavior and establishing persistent infections. This approach is novel as it targets specific quorum sensing systems [53].

**Paragraph 2**: To test this hypothesis, we will use a combination of biochemical and biophysical techniques to evaluate the efficacy of quorum sensing inhibitors against Mtb. We will use techniques such as fluorescence microscopy and flow cytometry to assess quorum sensing disruption.

**Paragraph 3**: This approach has empirical support, as quorum sensing inhibitors have been shown to be effective against various bacterial pathogens. Its theoretical coherence lies in the understanding of quorum sensing targeting as a mechanism of action.

**Approach**: is novel as it targets specific quorum sensing systems [53].
Paragraph 2: To test this hypothesis, we will use a combination of biochemical and biophysical techniques to evaluate the efficacy of quorum sensing inhibitors against Mtb. We will use techniques such as fluorescence microscopy and flow cytometry to assess quorum sensing disruption.
Paragraph 3: This approach has empirical support, as quorum sensing inhibitors have been shown to be effective against various bacterial pathogens. Its theoretical coherence lies in the understanding of quorum sensing targeting as a mechanism of action. 
Approach: Biochemical and biophysical techniques.

**Key References**: [54]

--- ROUND 1 SUMMARY ---

## Summary of Round 1 Results

### 1. Current State of Top Ideas

The top ideas from Round 1 showcase a diverse range of innovative approaches to targeting *Mycobacterium tuberculosis* (Mtb). The highest-ranked ideas, based on their ELO scores, include:

- **Bacteriophages** (ELO: 1283.6): Using bacteriophages to target and kill Mtb.
- **CRISPR-Cas13** (ELO: 1262.8): Utilizing CRISPR-Cas13 for detection and treatment of Mtb infections.
- **Genomics** (ELO: 1262.3): Employing genomics to identify antimicrobial resistance genes.
- **Targeting Lipid Metabolism** (ELO: 1241.8): Inhibiting Mtb's lipid metabolism to prevent its survival.
- **Antimicrobial Peptides** (ELO: 1230.0): Using antimicrobial peptides to target Mtb's cell membrane.

### 2. Key Improvements Made This Round

This round has seen significant advancements in refining ideas based on feedback from various agents:

- **Detailed Plausibility and Novelty Assessments**: Each idea has been evaluated for its biological feasibility, novelty, potential weaknesses, and likelihood of success. For instance, the use of **bacteriophages** and **CRISPR-Cas13** has been deemed highly plausible and novel, with potential weaknesses identified in specificity and delivery methods.
- **Identification of Potential Weaknesses**: Common challenges include specificity to Mtb, potential toxicity to human cells, delivery methods, and the possibility of resistance development. For example, **antimicrobial peptides** may face issues with specificity and potential toxicity.
- **Emergence of Nanoparticles and CRISPR Technologies**: Several ideas involving nanoparticles for drug delivery and CRISPR technologies for detection and treatment have emerged as highly promising. Specifically, **CRISPR-Cas13** and **CRISPR-Cas9** have shown high plausibility and novelty in targeting Mtb.

### 3. Emerging Patterns or Trends

- **Targeting Critical Pathways**: Many top ideas focus on inhibiting critical pathways essential for Mtb's survival, such as lipid metabolism, DNA replication, and protein secretion machinery. For example, **inhibiting Mtb's type VII secretion system** is considered highly plausible and novel.
- **CRISPR and Genomics**: The application of CRISPR technologies (Cas13, Cas9, and Cas12) for both detection and treatment of Mtb infections is a prominent trend, highlighting the potential of gene editing and detection tools.
- **Nanoparticle-Based Approaches**: The use of nanoparticles for targeted drug delivery and antimicrobial therapy is gaining traction due to its innovative and efficient approach.
- **Host-Directed Therapies**: Ideas focusing on enhancing the host's immune response or targeting host-pathogen interactions, such as cytokine activation and B cell epitope-based vaccines, are being explored.

### 4. Recommendations for the Next Round

- **Refine Delivery Methods**: Focus on improving the delivery methods for nanoparticles, CRISPR technologies, and antimicrobial peptides to enhance specificity and reduce potential toxicity.
- **Addressing Resistance Mechanisms**: Investigate potential resistance mechanisms that could arise from these novel therapies and develop strategies to mitigate them.
- **In-Depth Evaluation of Specificity and Safety**: Conduct thorough assessments of the specificity of these approaches to Mtb and their safety profiles to minimize off-target effects.
- **Combination Therapies**: Explore the potential of combining different approaches (e.g., CRISPR technologies with antimicrobial peptides) to achieve synergistic effects and reduce the likelihood of resistance development.

By focusing on these areas, the next round can further refine and optimize these innovative ideas for targeting Mtb.

