IDEA 31 EVOLUTION LOG

================================================================================
TIMESTAMP: 2025-05-21 16:50:57
PHASE: New Idea (Significant Change), ROUND: 3
UNIQUE_ID: 86294184-dd08e385
================================================================================

## New Idea from Significant Change (Round 3)

This idea represents a significant change from Idea 21.

**Title**: Photoacoustic Imaging for Non-Invasive Mtb Infection Detection

**Key Idea**: Photoacoustic imaging can be used for the non-invasive detection of Mtb infections.

**Paragraph 1**: The hypothesis is that photoacoustic imaging, leveraging the conversion of light into sound waves, can detect Mtb infections based on differences in optical absorption. This approach's plausibility is high given the sensitivity of photoacoustic imaging to tissue and cellular changes. Its novelty lies in applying this imaging technique to Mtb infections.

**Paragraph 2**: The implementation approach involves developing contrast agents that accumulate in Mtb-infected tissues, followed by photoacoustic imaging to detect these agents. Methodologies would include synthesis of contrast agents, in vitro and in vivo imaging studies, and validation against standard diagnostic methods.

**Paragraph 3**: This idea performs well across scientific evaluation criteria, including empirical support from photoacoustic imaging applications, theoretical coherence in detecting tissue changes, explanatory power in understanding disease progression, predictive capability through imaging studies, and methodological rigor in imaging experiments.

**Approach**: 's plausibility is high given the sensitivity of photoacoustic imaging to tissue and cellular changes. Its novelty lies in applying this imaging technique to Mtb infections.

**Key References**: [29] on photoacoustic imaging, [30] on contrast agents.

## Comparison with Original

### Original Idea (ID: 21)

**Title**: "Designing Antimicrobials with Machine Learning Algorithms"

**Key Idea**: Machine learning can guide the design of novel antimicrobials effective against Mtb.

**Paragraph 1**: The hypothesis is that machine learning algorithms can be utilized to design novel antimicrobials specifically targeting Mycobacterium tuberculosis (Mtb). This approach leverages the power of machine learning in analyzing vast chemical spaces and predicting the efficacy of compounds against Mtb. The plausibility of this idea is high given the increasing success of machine learning in drug design. Its novelty lies in the application of machine learning to the design of antimicrobials for Mtb, which is a relatively new and promising area of research. Potential weaknesses include the need for high-quality data, model accuracy, and experimental validation.

**Paragraph 2**: To implement this idea, a detailed computational approach would be employed. This would involve training machine learning models on existing datasets of compounds tested against Mtb, identifying patterns and features associated with antimicrobial efficacy. The approach would also include virtual screening of compound libraries to predict novel antimicrobials, followed by experimental validation of predicted compounds. Specific methodologies would include the use of deep learning algorithms and molecular docking simulations. Potential challenges could include ensuring the accuracy of the models, overcoming data quality issues, and translating in silico predictions to in vitro efficacy.

**Paragraph 3**: This idea performs well across scientific evaluation criteria, including empirical support from machine learning applications in drug design, theoretical coherence in using computational methods for antimicrobial discovery, explanatory power in identifying novel compounds, predictive capability through virtual screening, and methodological rigor in applying deep learning algorithms. However, it requires careful consideration of data quality, model validation, and experimental design to ensure its success.

**Approach**: leverages the power of machine learning in analyzing vast chemical spaces and predicting the efficacy of compounds against Mtb. The plausibility of this idea is high given the increasing success of machine learning in drug design. Its novelty lies in the application of machine learning to the design of antimicrobials for Mtb, which is a relatively new and promising area of research. Potential weaknesses include the need for high-quality data, model accuracy, and experimental validation.

**Key References**: [7] on machine learning in antimicrobial design, [20] on applications of deep learning in drug discovery.

### Scientific Evaluation

| Criterion | Score |
|---|---:|
| Empirical Support | 7.0/10 |
| Theoretical Coherence | 8.0/10 |
| Explanatory Power | 6.0/10 |
| Predictive Capability | 7.0/10 |
| Falsifiability | 5.0/10 |
| Parsimony | 8.0/10 |
| Generalizability | 6.0/10 |
| Methodological Rigor | 8.0/10 |
| Innovation | 9.0/10 |
| Problem-Solving Utility | 8.0/10 |
| Interdisciplinary Impact | 7.0/10 |
| Ethical Considerations | 6.0/10 |
| Scalability | 7.0/10 |
| Replicability | 8.0/10 |
| Theoretical Foundation | 8.0/10 |
| Technological Feasibility | 7.0/10 |
| Risk Assessment | 6.0/10 |
| Sustainability | 7.0/10 |
| Societal Relevance | 8.0/10 |
| Future Research Potential | 9.0/10 |

### Detailed Evaluation

### Criterion 1 (Empirical Support): Idea A = 7, Idea B = 3
**Score: 7/10**
The idea leverages existing research in photoacoustic imaging and its applications in detecting tissue changes, providing a moderate level of empirical support. However, specific empirical evidence directly related to Mtb infections might be limited.

**Suggestions for Improvement**: Conduct more targeted studies to gather empirical data specifically related to Mtb infections and photoacoustic imaging.

### Criterion 2 (Theoretical Coherence): Idea A = 8, Idea B = 4
**Score: 8/10**
The idea presents a coherent approach by utilizing photoacoustic imaging for detecting Mtb infections based on differences in optical absorption. The logical framework is clear.

**Suggestions for Improvement**: Further clarify the theoretical underpinnings by specifying how differences in optical absorption will be used to detect Mtb infections.

### Criterion 3 (Explanatory Power): Idea A = 6, Idea B = 5
**Score: 6/10**
The idea has some explanatory power regarding how photoacoustic imaging can detect tissue changes, but it may not fully explain the mechanisms behind Mtb infections.

**Suggestions for Improvement**: Integrate more detailed explanations of Mtb infection mechanisms to enhance the explanatory power.

### Criterion 4 (Predictive Capability): Idea A = 7, Idea B = 4
**Score: 7/10**
The idea allows for making predictions about the detectability of Mtb infections using photoacoustic imaging, based on the sensitivity of the technique to tissue changes.

**Suggestions for Improvement**: Develop specific, testable predictions related to the detection of Mtb infections.

### Criterion 5 (Falsifiability): Idea A = 5, Idea B = 6
**Score: 5/10**
The idea can be tested and potentially disproven through experiments comparing photoacoustic imaging results with standard diagnostic methods.

**Suggestions for Improvement**: Design experiments that specifically aim to falsify the hypothesis.

### Criterion 6 (Parsimony): Idea A = 8, Idea B = 3
**Score: 8/10**
The approach seems elegant and straightforward, leveraging an existing imaging technique for a new application.

**Suggestions for Improvement**: Consider potential simplifications or alternative approaches that could achieve similar results.

### Criterion 7 (Generalizability): Idea A = 6, Idea B = 5
**Score: 6/10**
The idea may have applicability beyond Mtb infections to other types of infections or diseases.

**Suggestions for Improvement**: Explore the potential for generalizability to other infectious diseases or conditions.

### Criterion 8 (Methodological Rigor): Idea A = 8, Idea B = 4
**Score: 8/10**
The proposed methodologies, including synthesis of contrast agents and in vitro and in vivo imaging studies, are sound.

**Suggestions for Improvement**: Ensure that the methodologies are rigorously tested and validated.

### Criterion 9 (Innovation): Idea A = 9, Idea B = 2
**Score: 9/10**
The idea is innovative in applying photoacoustic imaging to detect Mtb infections.

**Suggestions for Improvement**: Consider integrating cutting-edge technologies or techniques to further enhance innovation.

### Criterion 10 (Problem-Solving Utility): Idea A = 8, Idea B = 3
**Score: 8/10**
The idea has practical utility in providing a non-invasive method for detecting Mtb infections.

**Suggestions for Improvement**: Explore potential clinical applications and pathways for implementation.

### Criterion 11 (Interdisciplinary Impact): Idea A = 7, Idea B = 4
**Score: 7/10**
The idea impacts multiple fields, including medical imaging, microbiology, and infectious disease.

**Suggestions for Improvement**: Foster collaborations across disciplines to maximize impact.

### Criterion 12 (Ethical Considerations): Idea A = 6, Idea B = 5
**Score: 6/10**
Ethical considerations include patient privacy, safety of contrast agents, and potential for false positives or negatives.

**Suggestions for Improvement**: Conduct thorough ethical analyses and consider patient consent processes.

### Criterion 13 (Scalability): Idea A = 7, Idea B = 4
**Score: 7/10**
The approach could potentially be scaled up for widespread use, depending on the availability of equipment and trained personnel.

**Suggestions for Improvement**: Assess scalability through pilot studies or simulations.

### Criterion 14 (Replicability): Idea A = 8, Idea B = 3
**Score: 8/10**
The results of photoacoustic imaging studies can potentially be replicated across different labs and settings.

**Suggestions for Improvement**: Design and conduct replication studies.

### Criterion 15 (Theoretical Foundation): Idea A = 8, Idea B = 4
**Score: 8/10**
The idea is grounded in established scientific knowledge about photoacoustic imaging and its applications.

**Suggestions for Improvement**: Integrate recent findings and advancements in photoacoustic imaging to strengthen the theoretical foundation.

### Criterion 16 (Technological Feasibility): Idea A = 7, Idea B = 4
**Score: 7/10**
The technological feasibility is high given the existing use of photoacoustic imaging in medical diagnostics.

**Suggestions for Improvement**: Conduct a detailed technological assessment to identify potential barriers to implementation.

### Criterion 17 (Risk Assessment): Idea A = 6, Idea B = 5
**Score: 6/10**
Potential risks include the safety of contrast agents, equipment accessibility, and interpretation errors.

**Suggestions for Improvement**: Develop a comprehensive risk assessment plan.

### Criterion 18 (Sustainability): Idea A = 7, Idea B = 4
**Score: 7/10**
The sustainability of the approach depends on factors like cost-effectiveness, accessibility of photoacoustic imaging technology, and long-term efficacy.

**Suggestions for Improvement**: Evaluate cost-effectiveness and develop strategies for sustainable implementation.

### Criterion 19 (Societal Relevance): Idea A = 8, Idea B = 3
**Score: 8/10**
The idea has high societal relevance by potentially improving the diagnosis and treatment of Mtb infections.

**Suggestions for Improvement**: Engage with public health officials and patient advocacy groups to maximize societal impact.

### Criterion 20 (Future Research Potential): Idea A = 9, Idea B = 2
**Score: 9/10**
The idea has significant potential to generate new research directions, including improving contrast agents, imaging techniques, and clinical applications.

**Suggestions for Improvement**: Develop a research agenda to explore these new directions.

### Metadata

- Generation Type: New (Significant Change)
- Parent Idea: 21
- Created as new idea due to significant change


================================================================================
TIMESTAMP: 2025-05-21 16:51:39
PHASE: Tournament Round 3, ROUND: 3, ELO SCORE: 1202.7
UNIQUE_ID: 86294184-dd08e385
================================================================================

## Tournament Results (Round 3)

**Rank:** 4 out of 6
**ELO Rating:** 1202.7

### Idea

**Title**: Photoacoustic Imaging for Non-Invasive Mtb Infection Detection

**Key Idea**: Photoacoustic imaging can be used for the non-invasive detection of Mtb infections.

**Paragraph 1**: The hypothesis is that photoacoustic imaging, leveraging the conversion of light into sound waves, can detect Mtb infections based on differences in optical absorption. This approach's plausibility is high given the sensitivity of photoacoustic imaging to tissue and cellular changes. Its novelty lies in applying this imaging technique to Mtb infections.

**Paragraph 2**: The implementation approach involves developing contrast agents that accumulate in Mtb-infected tissues, followed by photoacoustic imaging to detect these agents. Methodologies would include synthesis of contrast agents, in vitro and in vivo imaging studies, and validation against standard diagnostic methods.

**Paragraph 3**: This idea performs well across scientific evaluation criteria, including empirical support from photoacoustic imaging applications, theoretical coherence in detecting tissue changes, explanatory power in understanding disease progression, predictive capability through imaging studies, and methodological rigor in imaging experiments.

**Approach**: 's plausibility is high given the sensitivity of photoacoustic imaging to tissue and cellular changes. Its novelty lies in applying this imaging technique to Mtb infections.

**Key References**: [29] on photoacoustic imaging, [30] on contrast agents.



================================================================================
TIMESTAMP: 2025-05-21 17:07:11
PHASE: New Idea (Significant Change), ROUND: 2
UNIQUE_ID: ac17f926-ac631413
================================================================================

## New Idea from Significant Change (Round 2)

This idea represents a significant change from Idea 7.

**Title**: Bacteriophage Therapy for Mtb

**Key Idea**: Bacteriophages can target and kill Mtb cells.

**Paragraph 1**: Bacteriophages have shown promise in targeting and killing bacterial pathogens, including Mtb, by specifically infecting and lysing bacterial cells. This approach leverages the specificity and efficacy of bacteriophages in combating bacterial infections [13].

**Paragraph 2**: To test this hypothesis, we will use a combination of in vitro and in vivo experiments to evaluate the efficacy of bacteriophage therapy against Mtb. Techniques such as plaque assays and electron microscopy will be employed to assess bacteriophage efficacy.

**Paragraph 3**: This approach has empirical support, as bacteriophages have been effective against various bacterial pathogens. Its theoretical coherence lies in the mechanism of bacteriophage-mediated killing.

**Approach**: leverages the specificity and efficacy of bacteriophages in combating bacterial infections [13].

**Key References**: [14]

## Comparison with Original

### Original Idea (ID: 7)

**Title**: Bacteriophages can be used to target and kill Mtb cells

**Key Idea**: Bacteriophages can be used to target and kill Mtb cells.

**Paragraph 1**: Bacteriophages have shown promise in targeting and killing bacterial pathogens, including Mtb. By using bacteriophages, we can effectively target Mtb cells without harming host cells. This approach is novel as it targets Mtb specifically [13].

**Paragraph 2**: To test this hypothesis, we will use a combination of in vitro and in vivo experiments to evaluate the efficacy of bacteriophage therapy against Mtb. We will use techniques such as plaque assays and electron microscopy to assess bacteriophage efficacy.

**Paragraph 3**: This approach has empirical support, as bacteriophages have been shown to be effective against various bacterial pathogens. Its theoretical coherence lies in the understanding of bacteriophage-mediated killing as a mechanism of action.

**Approach**: is novel as it targets Mtb specifically [13].
Paragraph 2: To test this hypothesis, we will use a combination of in vitro and in vivo experiments to evaluate the efficacy of bacteriophage therapy against Mtb. We will use techniques such as plaque assays and electron microscopy to assess bacteriophage efficacy.
Paragraph 3: This approach has empirical support, as bacteriophages have been shown to be effective against various bacterial pathogens. Its theoretical coherence lies in the understanding of bacteriophage-mediated killing as a mechanism of action. 
Approach: In vitro and in vivo experiments using bacteriophages.

**Key References**: [14]

### Scientific Evaluation

| Criterion | Score |
|---|---:|
| Empirical Support | 5.0/10 |
| Theoretical Coherence | 5.0/10 |
| Explanatory Power | 5.0/10 |
| Predictive Capability | 5.0/10 |
| Falsifiability | 5.0/10 |
| Parsimony | 5.0/10 |
| Generalizability | 5.0/10 |
| Methodological Rigor | 5.0/10 |
| Innovation | 5.0/10 |
| Problem-Solving Utility | 5.0/10 |
| Interdisciplinary Impact | 5.0/10 |
| Ethical Considerations | 5.0/10 |
| Scalability | 5.0/10 |
| Replicability | 5.0/10 |
| Theoretical Foundation | 5.0/10 |
| Technological Feasibility | 5.0/10 |
| Risk Assessment | 5.0/10 |
| Sustainability | 5.0/10 |
| Societal Relevance | 5.0/10 |
| Future Research Potential | 5.0/10 |

### Detailed Evaluation

### Criterion 1 (Empirical Support)
**Idea A = 7, Idea B = 7**
The idea of using bacteriophage therapy for Mtb has empirical support from various studies showing the efficacy of bacteriophages against bacterial pathogens. However, the specific application to Mtb requires more targeted research to strengthen this support.

### Criterion 2 (Theoretical Coherence)
**Idea A = 8, Idea B = 8**
The approach is theoretically coherent as it leverages the known mechanism of bacteriophages infecting and killing bacterial cells. The logical consistency is clear, but it assumes that Mtb does not develop resistance quickly.

### Criterion 3 (Explanatory Power)
**Idea A = 6, Idea B = 6**
The idea explains how bacteriophages can target and kill Mtb cells but does not fully address the complexities of Mtb infections and potential resistance mechanisms.

### Criterion 4 (Predictive Capability)
**Idea A = 7, Idea B = 7**
The approach allows for testable predictions regarding the efficacy of bacteriophage therapy against Mtb, but predictive models need further refinement.

### Criterion 5 (Falsifiability)
**Idea A = 8, Idea B = 8**
The hypothesis that bacteriophages can kill Mtb cells is falsifiable through experiments showing inefficacy or development of resistance.

### Criterion 6 (Parsimony)
**Idea A = 7, Idea B = 7**
The idea is relatively simple and leverages a known biological mechanism, but it may not fully account for complexities in Mtb infections.

### Criterion 7 (Generalizability)
**Idea A = 6, Idea B = 6**
While bacteriophage therapy has been explored for various bacterial pathogens, its generalizability to Mtb specifically needs further investigation.

### Criterion 8 (Methodological Rigor)
**Idea A = 7, Idea B = 7**
The use of in vitro and in vivo experiments is a rigorous approach, but additional controls and long-term studies are needed.

### Criterion 9 (Innovation)
**Idea A = 8, Idea B = 8**
The approach is innovative as it applies a known concept (bacteriophage therapy) to a specific and challenging target (Mtb).

### Criterion 10 (Problem-Solving Utility)
**Idea A = 8, Idea B = 8**
Bacteriophage therapy has the potential to provide a new solution for combating Mtb, especially if combined with existing treatments.

### Criterion 11 (Interdisciplinary Impact)
**Idea A = 7, Idea B = 7**
The approach has relevance across microbiology, infectious disease, and potentially genetic engineering fields.

### Criterion 12 (Ethical Considerations)
**Idea A = 6, Idea B = 6**
Ethical considerations include potential off-target effects and immune response to bacteriophages, which need thorough evaluation.

### Criterion 13 (Scalability)
**Idea A = 6, Idea B = 6**
Scalability of bacteriophage production and delivery methods needs to be assessed for practical application.

### Criterion 14 (Replicability)
**Idea A = 7, Idea B = 7**
Results from initial studies can be replicated through standardized experiments, but variability in Mtb strains may affect outcomes.

### Criterion 15 (Theoretical Foundation)
**Idea A = 8, Idea B = 8**
The approach is grounded in established knowledge of bacteriophage biology and bacterial infections.

### Criterion 16 (Technological Feasibility)
**Idea A = 7, Idea B = 7**
The technology to engineer and produce bacteriophages exists, but application to Mtb requires further development.

### Criterion 17 (Risk Assessment)
**Idea A = 6, Idea B = 6**
Potential risks include immune response to bacteriophages, off-target effects, and development of resistance.

### Criterion 18 (Sustainability)
**Idea A = 6, Idea B = 6**
The long-term viability of bacteriophage therapy depends on factors like resistance development and production costs.

### Criterion 19 (Societal Relevance)
**Idea A = 9, Idea B = 9**
The approach has high societal relevance as it targets a critical and drug-resistant pathogen (Mtb).

### Criterion 20 (Future Research Potential)
**Idea A = 8, Idea B = 8**
The approach has the potential to generate new research directions in bacteriophage therapy, resistance mechanisms, and combination treatments.

### Suggestions for Improvement:
1. **Conduct comprehensive in vivo studies** to assess efficacy and safety of bacteriophage therapy against Mtb.
2. **Investigate combination therapies** with existing antibiotics to enhance efficacy and prevent resistance.
3. **Develop scalable production methods** for bacteriophages to ensure practical application.
4. **Evaluate long-term immune response** to bacteriophage therapy in patients.
5. **Explore genetic engineering** to enhance bacteriophage specificity and efficacy against Mtb.

### Metadata

- Generation Type: New (Significant Change)
- Parent Idea: 7
- Created as new idea due to significant change


================================================================================
TIMESTAMP: 2025-05-21 17:09:23
PHASE: Tournament Round 2, ROUND: 2, ELO SCORE: 1178.1
UNIQUE_ID: ac17f926-ac631413
================================================================================

## Tournament Results (Round 2)

**Rank:** 7 out of 7
**ELO Rating:** 1178.1

### Idea

**Title**: Bacteriophage Therapy for Mtb

**Key Idea**: Bacteriophages can target and kill Mtb cells.

**Paragraph 1**: Bacteriophages have shown promise in targeting and killing bacterial pathogens, including Mtb, by specifically infecting and lysing bacterial cells. This approach leverages the specificity and efficacy of bacteriophages in combating bacterial infections [13].

**Paragraph 2**: To test this hypothesis, we will use a combination of in vitro and in vivo experiments to evaluate the efficacy of bacteriophage therapy against Mtb. Techniques such as plaque assays and electron microscopy will be employed to assess bacteriophage efficacy.

**Paragraph 3**: This approach has empirical support, as bacteriophages have been effective against various bacterial pathogens. Its theoretical coherence lies in the mechanism of bacteriophage-mediated killing.

**Approach**: leverages the specificity and efficacy of bacteriophages in combating bacterial infections [13].

**Key References**: [14]



