IDEA 33 EVOLUTION LOG

================================================================================
TIMESTAMP: 2025-05-21 17:07:41
PHASE: New Idea (Significant Change), ROUND: 2
UNIQUE_ID: bd349798-0be4ce63
================================================================================

## New Idea from Significant Change (Round 2)

This idea represents a significant change from Idea 10.

**Title**: Bioelectromagnetic Disruption of Mtb

**Key Idea**: Bioelectromagnetic stimulation can disrupt Mtb's cellular processes.

**Paragraph 1**: Bioelectromagnetic stimulation has shown potential in disrupting bacterial cellular processes. This approach targets Mtb's biofilm formation and cellular integrity [63].

**Paragraph 2**: To test this hypothesis, we will use electromagnetic stimulation techniques to evaluate their efficacy against Mtb. Methods such as impedance spectroscopy and fluorescence microscopy will assess cellular disruption.

**Paragraph 3**: This approach has empirical support, as bioelectromagnetic stimulation has been effective against various bacterial pathogens. Its theoretical coherence lies in disrupting cellular processes.

**Approach**: targets Mtb's biofilm formation and cellular integrity [63].

**Key References**: [64]

## Comparison with Original

### Original Idea (ID: 10)

**Title**: Genomics can be used to identify antimicrobial resistance ge...

**Key Idea**: Genomics can be used to identify antimicrobial resistance genes in Mtb.

**Paragraph 1**: Genomics has shown promise in identifying antimicrobial resistance genes in various bacterial pathogens, including Mtb. By identifying these genes, we can develop targeted therapies. This approach is novel as it targets specific resistance genes [19].

**Paragraph 2**: To test this hypothesis, we will use a combination of genomic and bioinformatic techniques to evaluate the efficacy of genomics-based approaches against Mtb. We will use techniques such as whole-genome sequencing and bioinformatics analysis to assess resistance gene identification.

**Paragraph 3**: This approach has empirical support, as genomics has been shown to be effective in identifying resistance genes in various bacterial pathogens. Its theoretical coherence lies in the understanding of genomics-based approaches as a mechanism of action.

**Approach**: is novel as it targets specific resistance genes [19].
Paragraph 2: To test this hypothesis, we will use a combination of genomic and bioinformatic techniques to evaluate the efficacy of genomics-based approaches against Mtb. We will use techniques such as whole-genome sequencing and bioinformatics analysis to assess resistance gene identification.
Paragraph 3: This approach has empirical support, as genomics has been shown to be effective in identifying resistance genes in various bacterial pathogens. Its theoretical coherence lies in the understanding of genomics-based approaches as a mechanism of action. 
Approach: Genomic and bioinformatic techniques.

**Key References**: [20]

### Scientific Evaluation

| Criterion | Score |
|---|---:|
| Empirical Support | 7.0/10 |
| Theoretical Coherence | 8.0/10 |
| Explanatory Power | 6.0/10 |
| Predictive Capability | 5.0/10 |
| Falsifiability | 8.0/10 |
| Parsimony | 7.0/10 |
| Generalizability | 6.0/10 |
| Methodological Rigor | 7.0/10 |
| Innovation | 9.0/10 |
| Problem-Solving Utility | 8.0/10 |
| Interdisciplinary Impact | 8.0/10 |
| Ethical Considerations | 7.0/10 |
| Scalability | 6.0/10 |
| Replicability | 7.0/10 |
| Theoretical Foundation | 6.0/10 |
| Technological Feasibility | 8.0/10 |
| Risk Assessment | 6.0/10 |
| Sustainability | 7.0/10 |
| Societal Relevance | 9.0/10 |
| Future Research Potential | 9.0/10 |

### Detailed Evaluation

### Criterion 1 (Empirical Support)
**Score: 7/10**
The idea of bioelectromagnetic disruption of Mtb has some empirical support, as bioelectromagnetic stimulation has shown potential in disrupting bacterial cellular processes. However, the evidence seems limited, and more research is needed to fully establish its efficacy against Mtb.

**Suggestions for Improvement**: Conduct more comprehensive studies to evaluate the effectiveness of bioelectromagnetic stimulation against Mtb, including in vitro and in vivo experiments.

### Criterion 2 (Theoretical Coherence)
**Score: 8/10**
The approach has a clear theoretical foundation, targeting Mtb's biofilm formation and cellular integrity. However, more detailed mechanisms of action and potential interactions with other cellular processes need to be elucidated.

**Suggestions for Improvement**: Develop a more detailed model of how bioelectromagnetic stimulation disrupts Mtb's cellular processes and biofilm formation.

### Criterion 3 (Explanatory Power)
**Score: 6/10**
The idea can explain some observed phenomena, such as the disruption of bacterial cellular processes. However, its explanatory power is limited by the current lack of detailed understanding of the mechanisms involved.

**Suggestions for Improvement**: Investigate the specific cellular pathways and processes affected by bioelectromagnetic stimulation in Mtb.

### Criterion 4 (Predictive Capability)
**Score: 5/10**
The approach has some predictive capability, as it suggests that bioelectromagnetic stimulation could be effective against Mtb. However, more research is needed to make specific predictions about treatment outcomes.

**Suggestions for Improvement**: Develop predictive models of treatment outcomes based on bioelectromagnetic stimulation parameters.

### Criterion 5 (Falsifiability)
**Score: 8/10**
The hypothesis that bioelectromagnetic stimulation can disrupt Mtb's cellular processes is testable and falsifiable. However, more specific experiments are needed to test this hypothesis.

**Suggestions for Improvement**: Design and conduct experiments to test the effectiveness of bioelectromagnetic stimulation against Mtb, including controls and replicates.

### Criterion 6 (Parsimony)
**Score: 7/10**
The approach seems relatively simple and elegant, targeting a specific cellular process. However, more complex interactions with other cellular processes may need to be considered.

**Suggestions for Improvement**: Evaluate the simplicity and elegance of the approach in relation to other antimicrobial therapies.

### Criterion 7 (Generalizability)
**Score: 6/10**
The approach may be applicable to other bacterial pathogens, but its generalizability to Mtb specifically needs to be demonstrated.

**Suggestions for Improvement**: Investigate the effectiveness of bioelectromagnetic stimulation against other bacterial pathogens.

### Criterion 8 (Methodological Rigor)
**Score: 7/10**
The approach involves sound scientific methods, such as impedance spectroscopy and fluorescence microscopy. However, more rigorous testing and validation are needed.

**Suggestions for Improvement**: Develop a more comprehensive methodology to evaluate the effectiveness of bioelectromagnetic stimulation against Mtb.

### Criterion 9 (Innovation)
**Score: 9/10**
The approach is innovative, leveraging a relatively unexplored mechanism of action against Mtb.

**Suggestions for Improvement**: Explore the potential for combining bioelectromagnetic stimulation with other antimicrobial therapies.

### Criterion 10 (Problem-Solving Utility)
**Score: 8/10**
The approach has practical application to solve problems related to Mtb infection.

**Suggestions for Improvement**: Develop a clear plan for translating the approach into clinical practice.

### Criterion 11 (Interdisciplinary Impact)
**Score: 8/10**
The approach has relevance across multiple fields, including microbiology, physics, and medicine.

**Suggestions for Improvement**: Collaborate with researchers from multiple disciplines to evaluate the effectiveness of bioelectromagnetic stimulation against Mtb.

### Criterion 12 (Ethical Considerations)
**Score: 7/10**
The approach seems to have minimal ethical concerns, but more evaluation is needed to ensure that it does not pose any significant risks.

**Suggestions for Improvement**: Conduct a thorough risk assessment and evaluate potential ethical concerns.

### Criterion 13 (Scalability)
**Score: 6/10**
The approach may have limitations in terms of scalability, particularly if it requires specialized equipment.

**Suggestions for Improvement**: Develop strategies to scale up the approach for clinical use.

### Criterion 14 (Replicability)
**Score: 7/10**
The results of the approach may be replicable, but more research is needed to confirm this.

**Suggestions for Improvement**: Conduct multiple experiments to validate the results.

### Criterion 15 (Theoretical Foundation)
**Score: 8/10**
The approach has a solid theoretical foundation, but more research is needed to fully elucidate the mechanisms involved.

**Suggestions for Improvement**: Develop a more comprehensive theoretical model of how bioelectromagnetic stimulation disrupts Mtb's cellular processes.

### Criterion 16 (Technological Feasibility)
**Score: 8/10**
The approach seems technologically feasible, but more evaluation is needed to ensure that it can be translated into clinical practice.

**Suggestions for Improvement**: Develop a clear plan for translating the approach into clinical practice.

### Criterion 17 (Risk Assessment)
**Score: 6/10**
The approach may have some risks, such as unintended effects on host cells.

**Suggestions for Improvement**: Conduct a thorough risk assessment and evaluate potential drawbacks.

### Criterion 18 (Sustainability)
**Score: 7/10**
The approach may have long-term viability, but more evaluation is needed to ensure that it is sustainable.

**Suggestions for Improvement**: Develop strategies to ensure the long-term sustainability of the approach.

### Criterion 19 (Societal Relevance)
**Score: 9/10**
The approach has significant potential to impact human society and wellbeing, particularly in addressing the global tuberculosis pandemic.

**Suggestions for Improvement**: Develop a clear plan for translating the approach into clinical practice and ensuring its accessibility.

### Criterion 20 (Future Research Potential)
**Score: 9/10**
The approach has significant potential to generate new research directions, particularly in exploring the mechanisms of bioelectromagnetic stimulation against Mtb.

**Suggestions for Improvement**: Develop a research agenda to explore the potential of bioelectromagnetic stimulation against Mtb and other bacterial pathogens.

### Novel Mechanisms for Drugs:
Some potential novel mechanisms for drugs against Mtb include:
- Targeting Mtb's biofilm formation and cellular integrity using bioelectromagnetic stimulation
- Developing combination therapies that leverage bioelectromagnetic stimulation with existing antimicrobial agents

### Drug Combinations:
Some potential drug combinations include:
- Bioelectromagnetic stimulation with existing antimicrobial agents, such as isoniazid or rifampicin
- Bioelectromagnetic stimulation with other non-classical small molecule drugs, such as bacteriophage therapy

### Treatments that are not Classical Small Molecule Drugs:
Some potential treatments that are not classical small molecule drugs include:
- Bacteriophage therapy
- Antimicrobial peptides
- Bioelectromagnetic stimulation itself, which is a non-pharmacological approach.

### Metadata

- Generation Type: New (Significant Change)
- Parent Idea: 10
- Created as new idea due to significant change


================================================================================
TIMESTAMP: 2025-05-21 17:09:23
PHASE: Tournament Round 2, ROUND: 2, ELO SCORE: 1203.4
UNIQUE_ID: bd349798-0be4ce63
================================================================================

## Tournament Results (Round 2)

**Rank:** 3 out of 7
**ELO Rating:** 1203.4

### Idea

**Title**: Bioelectromagnetic Disruption of Mtb

**Key Idea**: Bioelectromagnetic stimulation can disrupt Mtb's cellular processes.

**Paragraph 1**: Bioelectromagnetic stimulation has shown potential in disrupting bacterial cellular processes. This approach targets Mtb's biofilm formation and cellular integrity [63].

**Paragraph 2**: To test this hypothesis, we will use electromagnetic stimulation techniques to evaluate their efficacy against Mtb. Methods such as impedance spectroscopy and fluorescence microscopy will assess cellular disruption.

**Paragraph 3**: This approach has empirical support, as bioelectromagnetic stimulation has been effective against various bacterial pathogens. Its theoretical coherence lies in disrupting cellular processes.

**Approach**: targets Mtb's biofilm formation and cellular integrity [63].

**Key References**: [64]



