IDEA 35 EVOLUTION LOG

================================================================================
TIMESTAMP: 2025-05-21 17:08:14
PHASE: New Idea (Significant Change), ROUND: 2
UNIQUE_ID: 283f50d3-167ef580
================================================================================

## New Idea from Significant Change (Round 2)

This idea represents a significant change from Idea 1.

**Title**: Plant-Derived Compounds against Mtb

**Key Idea**: Plant-derived compounds can inhibit Mtb growth.

**Paragraph 1**: Plant-derived compounds have shown promise in inhibiting bacterial growth, including Mtb. These compounds target specific metabolic pathways essential for Mtb's survival [67].

**Paragraph 2**: To test this hypothesis, we will use biochemical and biophysical techniques to evaluate the efficacy of plant-derived compounds against Mtb. Techniques such as metabolomics and flux analysis will assess metabolic disruption.

**Paragraph 3**: This approach has empirical support, as plant-derived compounds have been effective against various bacterial pathogens. Its theoretical coherence lies in metabolic targeting.

**Approach**: has empirical support, as plant-derived compounds have been effective against various bacterial pathogens. Its theoretical coherence lies in metabolic targeting.

**Key References**: [68]

## Comparison with Original

### Original Idea (ID: 1)

**Title**: Antimicrobial peptides can target Mtb's cell membrane, disru...

**Key Idea**: Antimicrobial peptides can target Mtb's cell membrane, disrupting its integrity.

**Paragraph 1**: Antimicrobial peptides (AMPs) have shown promise in targeting various pathogens, including Mtb. By disrupting the bacterial membrane, AMPs can effectively kill Mtb cells. This approach is novel as it targets a critical component of the bacterial cell wall, which is essential for its survival [1].

**Paragraph 2**: To test this hypothesis, we will use a combination of in vitro and in vivo experiments to evaluate the efficacy of AMPs against Mtb. We will use techniques such as fluorescence microscopy and flow cytometry to assess membrane disruption.

**Paragraph 3**: This approach has empirical support, as AMPs have been shown to be effective against various bacterial pathogens. Its theoretical coherence lies in the understanding of membrane disruption as a mechanism of action. Explanatory power is high, as it can be applied to various bacterial species.

**Approach**: is novel as it targets a critical component of the bacterial cell wall, which is essential for its survival [1].
Paragraph 2: To test this hypothesis, we will use a combination of in vitro and in vivo experiments to evaluate the efficacy of AMPs against Mtb. We will use techniques such as fluorescence microscopy and flow cytometry to assess membrane disruption.
Paragraph 3: This approach has empirical support, as AMPs have been shown to be effective against various bacterial pathogens. Its theoretical coherence lies in the understanding of membrane disruption as a mechanism of action. Explanatory power is high, as it can be applied to various bacterial species. 
Approach: In vitro and in vivo experiments using AMPs.

**Key References**: [2]

### Scientific Evaluation

| Criterion | Score |
|---|---:|
| Empirical Support | 7.0/10 |
| Theoretical Coherence | 8.0/10 |
| Explanatory Power | 6.0/10 |
| Predictive Capability | 5.0/10 |
| Falsifiability | 8.0/10 |
| Parsimony | 7.0/10 |
| Generalizability | 6.0/10 |
| Methodological Rigor | 7.0/10 |
| Innovation | 8.0/10 |
| Problem-Solving Utility | 8.0/10 |
| Interdisciplinary Impact | 7.0/10 |
| Ethical Considerations | 6.0/10 |
| Scalability | 5.0/10 |
| Replicability | 8.0/10 |
| Theoretical Foundation | 8.0/10 |
| Technological Feasibility | 6.0/10 |
| Risk Assessment | 5.0/10 |
| Sustainability | 8.0/10 |
| Societal Relevance | 9.0/10 |
| Future Research Potential | 8.0/10 |

### Detailed Evaluation

### Criterion 1 (Empirical Support)
**Score: 7/10**
The idea that plant-derived compounds can inhibit Mtb growth has some empirical support, as various studies have shown the effectiveness of such compounds against different bacterial pathogens. However, the specific evidence provided is limited, and more comprehensive data would strengthen this criterion.

**Suggestions for Improvement**: Conduct a thorough review of existing literature on plant-derived compounds and their efficacy against Mtb, including in vitro and in vivo studies.

### Criterion 2 (Theoretical Coherence)
**Score: 8/10**
The approach is theoretically coherent as it targets specific metabolic pathways essential for Mtb's survival. This focus on metabolic targeting provides a clear mechanism of action.

**Suggestions for Improvement**: Further elucidate the specific metabolic pathways targeted by plant-derived compounds in Mtb and how these pathways are crucial for the bacterium's survival.

### Criterion 3 (Explanatory Power)
**Score: 6/10**
The idea explains the potential for plant-derived compounds to inhibit Mtb growth but could provide more detailed insights into how these compounds interact with specific targets within the bacterium.

**Suggestions for Improvement**: Investigate the molecular interactions between plant-derived compounds and their targets in Mtb to enhance explanatory power.

### Criterion 4 (Predictive Capability)
**Score: 5/10**
While the idea suggests that plant-derived compounds can inhibit Mtb growth, it lacks specific predictions regarding the efficacy of these compounds in different scenarios or against various strains of Mtb.

**Suggestions for Improvement**: Develop predictive models or hypotheses regarding the efficacy of plant-derived compounds against different Mtb strains or in various biological contexts.

### Criterion 5 (Falsifiability)
**Score: 8/10**
The hypothesis that plant-derived compounds can inhibit Mtb growth is testable and falsifiable through in vitro and in vivo experiments.

**Suggestions for Improvement**: Design specific experiments to test the efficacy of these compounds against Mtb, including controls and potential counter-explanations.

### Criterion 6 (Parsimony)
**Score: 7/10**
The approach is relatively straightforward, focusing on plant-derived compounds and their metabolic targets in Mtb. However, it could benefit from simplification or integration with existing therapeutic strategies.

**Suggestions for Improvement**: Consider combining plant-derived compounds with existing treatments to evaluate potential synergistic effects and simplify therapeutic approaches.

### Criterion 7 (Generalizability)
**Score: 6/10**
While plant-derived compounds have shown promise against various bacterial pathogens, their effectiveness against Mtb specifically and in different contexts (e.g., different strains, biofilm formation) needs further exploration.

**Suggestions for Improvement**: Investigate the efficacy of plant-derived compounds against a range of Mtb strains and in different biological contexts.

### Criterion 8 (Methodological Rigor)
**Score: 7/10**
The approach mentions using biochemical and biophysical techniques, which is sound. However, more details on experimental design, controls, and statistical analysis would enhance methodological rigor.

**Suggestions for Improvement**: Provide a detailed experimental plan, including controls, sample sizes, and statistical methods, to ensure reproducibility and validity of results.

### Criterion 9 (Innovation)
**Score: 8/10**
The use of plant-derived compounds against Mtb represents an innovative approach, especially if it targets unexplored mechanisms of action.

**Suggestions for Improvement**: Explore novel plant-derived compounds or combinations thereof to maximize innovation and potential for discovering new therapeutic agents.

### Criterion 10 (Problem-Solving Utility)
**Score: 8/10**
The approach has practical utility in addressing the need for new antimicrobial therapies against Mtb, especially if it leads to effective treatments.

**Suggestions for Improvement**: Conduct translational studies to evaluate the potential of plant-derived compounds to transition from bench to bedside.

### Criterion 11 (Interdisciplinary Impact)
**Score: 7/10**
The research could impact multiple fields, including microbiology, pharmacology, and botany. However, more explicit connections to other disciplines could enhance its interdisciplinary impact.

**Suggestions for Improvement**: Collaborate with researchers from diverse disciplines to explore the full range of implications and applications of plant-derived compounds against Mtb.

### Criterion 12 (Ethical Considerations)
**Score: 6/10**
The approach seems to consider ethical implications inherently by focusing on developing new therapeutic strategies against a major public health threat.

**Suggestions for Improvement**: Conduct a thorough ethical analysis, including potential environmental impacts of large-scale plant-derived compound production and any potential for misuse.

### Criterion 13 (Scalability)
**Score: 5/10**
The scalability of producing plant-derived compounds on a large enough scale for therapeutic use is not fully addressed.

**Suggestions for Improvement**: Investigate the feasibility of large-scale production of these compounds, including cost analysis and sustainability.

### Criterion 14 (Replicability)
**Score: 8/10**
The approach is replicable as it is based on empirical evidence and established scientific methods.

**Suggestions for Improvement**: Ensure that experimental protocols are transparent and reproducible, and consider preregistering studies to enhance replicability.

### Criterion 15 (Theoretical Foundation)
**Score: 8/10**
The approach is grounded in established scientific knowledge regarding plant-derived compounds and their antimicrobial properties.

**Suggestions for Improvement**: Strengthen the theoretical foundation by integrating insights from biochemistry, molecular biology, and pharmacology to better understand mechanisms of action.

### Criterion 16 (Technological Feasibility)
**Score: 6/10**
The technological feasibility of implementing plant-derived compounds as therapeutic agents needs further evaluation, including formulation, delivery, and stability.

**Suggestions for Improvement**: Conduct studies on the formulation, delivery, and stability of plant-derived compounds to enhance their therapeutic feasibility.

### Criterion 17 (Risk Assessment)
**Score: 5/10**
Potential drawbacks, such as toxicity, allergenicity, or environmental impact, are not fully assessed.

**Suggestions for Improvement**: Perform a comprehensive risk assessment, including potential side effects, environmental impact, and strategies for mitigation.

### Criterion 18 (Sustainability)
**Score: 6/10**
The sustainability of sourcing plant-derived compounds and their production processes is not fully explored.

**Suggestions for Improvement**: Evaluate the sustainability of sourcing strategies and production processes for plant-derived compounds.

### Criterion 19 (Societal Relevance)
**Score: 9/10**
The research has high societal relevance by addressing the urgent need for new treatments against Mtb, a major global health threat.

**Suggestions for Improvement**: Engage with public health officials and patient advocacy groups to ensure that the research aligns with societal needs and priorities.

### Criterion 20 (Future Research Potential)
**Score: 8/10**
The research has significant potential to generate new research directions, including the discovery of novel compounds, understanding of resistance mechanisms, and combination therapies.

**Suggestions for Improvement**: Develop a research roadmap that outlines key future studies, including exploring combination therapies, resistance development, and mechanisms of action.

### Metadata

- Generation Type: New (Significant Change)
- Parent Idea: 1
- Created as new idea due to significant change


================================================================================
TIMESTAMP: 2025-05-21 17:09:23
PHASE: Tournament Round 2, ROUND: 2, ELO SCORE: 1200.5
UNIQUE_ID: 283f50d3-167ef580
================================================================================

## Tournament Results (Round 2)

**Rank:** 5 out of 7
**ELO Rating:** 1200.5

### Idea

**Title**: Plant-Derived Compounds against Mtb

**Key Idea**: Plant-derived compounds can inhibit Mtb growth.

**Paragraph 1**: Plant-derived compounds have shown promise in inhibiting bacterial growth, including Mtb. These compounds target specific metabolic pathways essential for Mtb's survival [67].

**Paragraph 2**: To test this hypothesis, we will use biochemical and biophysical techniques to evaluate the efficacy of plant-derived compounds against Mtb. Techniques such as metabolomics and flux analysis will assess metabolic disruption.

**Paragraph 3**: This approach has empirical support, as plant-derived compounds have been effective against various bacterial pathogens. Its theoretical coherence lies in metabolic targeting.

**Approach**: has empirical support, as plant-derived compounds have been effective against various bacterial pathogens. Its theoretical coherence lies in metabolic targeting.

**Key References**: [68]



