IDEA 32 EVOLUTION LOG

================================================================================
TIMESTAMP: 2025-05-21 16:51:12
PHASE: New Idea, ROUND: 3
UNIQUE_ID: 07044010-9b6566f7
================================================================================

## New Idea (Generated in Round 3)

**Title**: "Microbiome Analysis for Mtb Pathogenesis Insights"

**Key Idea**: Microbiome analysis can provide insights into Mtb pathogenesis.

**Paragraph 1**: The hypothesis is that analyzing the microbiome of Mtb-infected individuals can provide insights into the pathogenesis of Mtb and potential therapeutic targets. This approach's plausibility is high given the importance of the microbiome in disease progression.

**Paragraph 2**: The implementation approach involves collecting and analyzing microbiome data from Mtb-infected individuals, identifying patterns and correlations associated with disease progression. Methodologies would include next-generation sequencing, bioinformatics analysis, and validation of findings.

**Paragraph 3**: This idea performs well across scientific evaluation criteria, including empirical support from microbiome studies, theoretical coherence in understanding disease progression, explanatory power in identifying novel therapeutic targets, predictive capability through correlation analysis, and methodological rigor in bioinformatics.

**Approach**: 's plausibility is high given the importance of the microbiome in disease progression.

**Key References**: [35] on microbiome analysis, [36] on machine learning in microbiome studies.

### Scientific Evaluation

| Criterion | Score |
|---|---:|
| Empirical Support | 5.0/10 |
| Theoretical Coherence | 5.0/10 |
| Explanatory Power | 5.0/10 |
| Predictive Capability | 5.0/10 |
| Falsifiability | 5.0/10 |
| Parsimony | 5.0/10 |
| Generalizability | 5.0/10 |
| Methodological Rigor | 5.0/10 |
| Innovation | 5.0/10 |
| Problem-Solving Utility | 5.0/10 |
| Interdisciplinary Impact | 5.0/10 |
| Ethical Considerations | 5.0/10 |
| Scalability | 5.0/10 |
| Replicability | 5.0/10 |
| Theoretical Foundation | 5.0/10 |
| Technological Feasibility | 5.0/10 |
| Risk Assessment | 5.0/10 |
| Sustainability | 5.0/10 |
| Societal Relevance | 5.0/10 |
| Future Research Potential | 5.0/10 |

### Detailed Evaluation

**Criterion 1 (Empirical Support): Idea A = 7, Idea B = 6**
The idea has moderate empirical support, given the growing body of evidence linking the microbiome to disease progression. However, more direct evidence specific to Mtb pathogenesis is needed. To improve, the idea could be bolstered by incorporating existing microbiome studies directly related to Mtb.

**Criterion 2 (Theoretical Coherence): Idea A = 8, Idea B = 7**
The idea demonstrates good theoretical coherence by logically connecting microbiome analysis with potential insights into Mtb pathogenesis. Enhancing this could involve clearer explanations of the hypothesized mechanisms by which the microbiome influences Mtb.

**Criterion 3 (Explanatory Power): Idea A = 7, Idea B = 6**
The idea has explanatory power in suggesting that the microbiome could provide novel therapeutic targets for Mtb. Further research could elucidate specific pathways and mechanisms, enhancing its explanatory power.

**Criterion 4 (Predictive Capability): Idea A = 6, Idea B = 5**
The predictive capability is moderate, as it relies on correlation analysis which may not always imply causation. Longitudinal studies could strengthen this aspect by demonstrating how microbiome changes precede disease outcomes.

**Criterion 5 (Falsifiability): Idea A = 8, Idea B = 7**
The idea is falsifiable through studies that fail to find correlations between specific microbiome patterns and Mtb disease progression. Designing experiments to test these correlations could further validate or refute the hypothesis.

**Criterion 6 (Parsimony): Idea A = 5, Idea B = 4**
The idea could benefit from a more straightforward explanation of how microbiome analysis directly leads to therapeutic insights. Simplifying the proposed pathways could enhance parsimony.

**Criterion 7 (Generalizability): Idea A = 7, Idea B = 6**
The idea has potential for generalizability across different infectious diseases, not just Mtb. Exploring its applicability to other pathogens could strengthen this criterion.

**Criterion 8 (Methodological Rigor): Idea A = 8, Idea B = 7**
The methodological approach seems rigorous, involving next-generation sequencing and bioinformatics analysis. Ensuring transparency and reproducibility of methods could further enhance rigor.

**Criterion 9 (Innovation): Idea A = 8, Idea B = 7**
The idea is innovative in applying microbiome analysis to understand Mtb pathogenesis. Exploring novel analytical techniques or integrating machine learning could increase innovation.

**Criterion 10 (Problem-Solving Utility): Idea A = 7, Idea B = 6**
The utility in solving the problem of Mtb drug resistance seems high. Directly linking identified microbiome patterns to therapeutic targets could enhance utility.

**Criterion 11 (Interdisciplinary Impact): Idea A = 8, Idea B = 7**
The idea impacts multiple fields, including microbiology, infectious diseases, and bioinformatics. Collaboration with experts from these fields could further enhance its interdisciplinary impact.

**Criterion 12 (Ethical Considerations): Idea A = 6, Idea B = 5**
Ethical considerations seem to be moderately addressed, focusing on patient data and privacy. A detailed ethical framework for handling microbiome data could improve this aspect.

**Criterion 13 (Scalability): Idea A = 7, Idea B = 6**
The scalability is moderate, depending on the availability of resources for large-scale microbiome analysis. Developing cost-effective methods could enhance scalability.

**Criterion 14 (Replicability): Idea A = 7, Idea B = 6**
The replicability seems moderate, given the reliance on bioinformatics analysis which can be reproducible. Conducting studies across different populations could strengthen replicability.

**Criterion 15 (Theoretical Foundation): Idea A = 8, Idea B = 7**
The idea is grounded in established knowledge of the microbiome's role in disease. Integrating recent findings in microbiome research could further solidify its theoretical foundation.

**Criterion 16 (Technological Feasibility): Idea A = 7, Idea B = 6**
The technological feasibility seems moderate, given the availability of next-generation sequencing. Developing accessible protocols for microbiome analysis could enhance feasibility.

**Criterion 17 (Risk Assessment): Idea A = 5, Idea B = 4**
The risk assessment is moderate, with potential risks including data misinterpretation or ethical issues. Developing a comprehensive risk management plan could improve this.

**Criterion 18 (Sustainability): Idea A = 6, Idea B = 5**
The sustainability seems moderate, depending on long-term funding and interest. Demonstrating immediate therapeutic applications could enhance sustainability.

**Criterion 19 (Societal Relevance): Idea A = 8, Idea B = 7**
The societal relevance is high, given the impact of Mtb on global health. Highlighting potential applications in low-resource settings could further enhance relevance.

**Criterion 20 (Future Research Potential): Idea A = 8, Idea B = 7**
The idea has significant potential for generating new research directions, including integration with machine learning and precision medicine. Exploring these avenues could further enhance its potential.

**Novel Mechanisms for Drugs:**
1. **Microbiome-modulating therapies:** Targeting specific microbial pathways to modulate the host's microbiome for therapeutic benefit.
2. **Probiotics and prebiotics:** Utilizing beneficial microorganisms or their byproducts to combat Mtb.
3. **Phage therapy:** Exploring the use of bacteriophages to target Mtb directly or indirectly through microbiome modulation.

**Drug Combinations:**
1. **Combination of antibiotics with microbiome-modulating agents:** Enhancing antibiotic efficacy or reducing resistance through microbiome modulation.
2. **Immunotherapy combined with microbiome analysis:** Tailoring immune system modulation based on microbiome insights.

**Non-Classical Small Molecule Drugs:**
1. **Microbiome-derived metabolites:** Utilizing metabolites produced by the microbiome as therapeutic agents.
2. **Bacterial extracellular vesicles:** Exploring the therapeutic potential of vesicles produced by microbiome bacteria.

These suggestions aim to enhance the idea's evaluation across the criteria and provide a comprehensive approach to identifying innovative antimicrobial therapies targeting Mtb.

### Metadata

- Generation Type: new
- New Idea Generated During Evolution


================================================================================
TIMESTAMP: 2025-05-21 16:51:39
PHASE: Tournament Round 3, ROUND: 3, ELO SCORE: 1181.6
UNIQUE_ID: 07044010-9b6566f7
================================================================================

## Tournament Results (Round 3)

**Rank:** 5 out of 6
**ELO Rating:** 1181.6

### Idea

**Title**: "Microbiome Analysis for Mtb Pathogenesis Insights"

**Key Idea**: Microbiome analysis can provide insights into Mtb pathogenesis.

**Paragraph 1**: The hypothesis is that analyzing the microbiome of Mtb-infected individuals can provide insights into the pathogenesis of Mtb and potential therapeutic targets. This approach's plausibility is high given the importance of the microbiome in disease progression.

**Paragraph 2**: The implementation approach involves collecting and analyzing microbiome data from Mtb-infected individuals, identifying patterns and correlations associated with disease progression. Methodologies would include next-generation sequencing, bioinformatics analysis, and validation of findings.

**Paragraph 3**: This idea performs well across scientific evaluation criteria, including empirical support from microbiome studies, theoretical coherence in understanding disease progression, explanatory power in identifying novel therapeutic targets, predictive capability through correlation analysis, and methodological rigor in bioinformatics.

**Approach**: 's plausibility is high given the importance of the microbiome in disease progression.

**Key References**: [35] on microbiome analysis, [36] on machine learning in microbiome studies.



================================================================================
TIMESTAMP: 2025-05-21 17:07:24
PHASE: New Idea (Significant Change), ROUND: 2
UNIQUE_ID: 231b67ec-6332a4f3
================================================================================

## New Idea from Significant Change (Round 2)

This idea represents a significant change from Idea 5.

**Title**: CRISPR-Cas13 Delivery via Nanoparticles for Mtb

**Key Idea**: CRISPR-Cas13 can be delivered via nanoparticles to detect and treat Mtb infections.

**Paragraph 1**: CRISPR-Cas13 has shown promise in detecting and treating bacterial infections by targeting specific genes. Delivering CRISPR-Cas13 via nanoparticles enhances its specificity and efficacy against Mtb [61].

**Paragraph 2**: To test this hypothesis, we will use in vitro and in vivo experiments to evaluate the efficacy of nanoparticle-delivered CRISPR-Cas13 against Mtb. Techniques such as RT-qPCR and sequencing will assess gene editing efficiency.

**Paragraph 3**: This approach has empirical support, as CRISPR-Cas13 and nanoparticles have been effective against various bacterial pathogens. Its theoretical coherence lies in gene editing and targeted delivery.

**Approach**: has empirical support, as CRISPR-Cas13 and nanoparticles have been effective against various bacterial pathogens. Its theoretical coherence lies in gene editing and targeted delivery.

**Key References**: [62]

## Comparison with Original

### Original Idea (ID: 5)

**Title**: CRISPR-Cas13 can be used to detect and treat Mtb infections

**Key Idea**: CRISPR-Cas13 can be used to detect and treat Mtb infections.

**Paragraph 1**: CRISPR-Cas13 has shown promise in detecting and treating bacterial infections, including Mtb. By targeting specific Mtb genes, CRISPR-Cas13 can effectively detect and kill Mtb cells. This approach is novel as it targets specific Mtb genes [9].

**Paragraph 2**: To test this hypothesis, we will use a combination of in vitro and in vivo experiments to evaluate the efficacy of CRISPR-Cas13 against Mtb. We will use techniques such as RT-qPCR and sequencing to assess gene editing efficiency.

**Paragraph 3**: This approach has empirical support, as CRISPR-Cas13 has been shown to be effective against various bacterial pathogens. Its theoretical coherence lies in the understanding of gene editing as a mechanism of action.

**Approach**: is novel as it targets specific Mtb genes [9].
Paragraph 2: To test this hypothesis, we will use a combination of in vitro and in vivo experiments to evaluate the efficacy of CRISPR-Cas13 against Mtb. We will use techniques such as RT-qPCR and sequencing to assess gene editing efficiency.
Paragraph 3: This approach has empirical support, as CRISPR-Cas13 has been shown to be effective against various bacterial pathogens. Its theoretical coherence lies in the understanding of gene editing as a mechanism of action. 
Approach: In vitro and in vivo experiments using CRISPR-Cas13.

**Key References**: [10]

### Scientific Evaluation

| Criterion | Score |
|---|---:|
| Empirical Support | 8.0/10 |
| Theoretical Coherence | 9.0/10 |
| Explanatory Power | 7.0/10 |
| Predictive Capability | 6.0/10 |
| Falsifiability | 8.0/10 |
| Parsimony | 7.0/10 |
| Generalizability | 8.0/10 |
| Methodological Rigor | 7.0/10 |
| Innovation | 9.0/10 |
| Problem-Solving Utility | 8.0/10 |
| Interdisciplinary Impact | 8.0/10 |
| Ethical Considerations | 6.0/10 |
| Scalability | 7.0/10 |
| Replicability | 8.0/10 |
| Theoretical Foundation | 9.0/10 |
| Technological Feasibility | 7.0/10 |
| Risk Assessment | 5.0/10 |
| Sustainability | 6.0/10 |
| Societal Relevance | 9.0/10 |
| Future Research Potential | 9.0/10 |

### Detailed Evaluation

**Criterion 1 (Empirical Support)**
Score: 8/10
The idea leverages existing evidence on the efficacy of CRISPR-Cas13 and nanoparticles against bacterial pathogens, providing a solid foundation. However, specific empirical support for Mtb is limited in the provided paragraphs.

**Suggestions for Improvement**: Conduct more targeted studies specifically focusing on Mtb to strengthen empirical support.

**Criterion 2 (Theoretical Coherence)**
Score: 9/10
The approach logically combines gene editing capabilities of CRISPR-Cas13 with targeted delivery via nanoparticles, showing clear theoretical coherence.

**Suggestions for Improvement**: Further detail on the specific mechanisms of action and potential off-target effects could enhance clarity.

**Criterion 3 (Explanatory Power)**
Score: 7/10
The idea explains how CRISPR-Cas13 and nanoparticles could work against Mtb but lacks detailed mechanisms of how this approach would overcome existing challenges in treating Mtb.

**Suggestions for Improvement**: Provide more insight into how this approach addresses current limitations in Mtb treatment.

**Criterion 4 (Predictive Capability)**
Score: 6/10
The idea suggests potential efficacy but does not provide specific, testable predictions regarding outcomes, dosage, delivery efficiency, or potential resistance mechanisms.

**Suggestions for Improvement**: Develop specific hypotheses and predictions for experimental testing.

**Criterion 5 (Falsifiability)**
Score: 8/10
The approach can be tested and potentially disproven through experiments assessing efficacy and specificity against Mtb.

**Suggestions for Improvement**: Clearly outline what would constitute a failure of the hypothesis.

**Criterion 6 (Parsimony)**
Score: 7/10
The approach combines established technologies (CRISPR-Cas13 and nanoparticles) but could be simplified by addressing potential complexities in delivery and specificity.

**Suggestions for Improvement**: Consider streamlining the delivery method and minimizing components.

**Criterion 7 (Generalizability)**
Score: 8/10
This approach could be generalized to other bacterial infections, but specific details on Mtb make it somewhat tailored.

**Suggestions for Improvement**: Explore applicability to a broader range of pathogens.

**Criterion 8 (Methodological Rigor)**
Score: 7/10
The plan includes relevant techniques (RT-qPCR, sequencing) but could benefit from more detailed experimental design.

**Suggestions for Improvement**: Provide a comprehensive experimental plan including controls and sample sizes.

**Criterion 9 (Innovation)**
Score: 9/10
The use of CRISPR-Cas13 for detecting and treating Mtb is innovative, especially when combined with nanoparticle delivery.

**Suggestions for Improvement**: Consider integrating with other cutting-edge technologies.

**Criterion 10 (Problem-Solving Utility)**
Score: 8/10
The approach directly addresses the need for novel antimicrobial therapies against Mtb.

**Suggestions for Improvement**: Provide estimates of potential impact on treatment outcomes.

**Criterion 11 (Interdisciplinary Impact)**
Score: 8/10
The approach combines microbiology, genetics, and nanotechnology, showing interdisciplinary relevance.

**Suggestions for Improvement**: Explore collaboration with experts from diverse fields.

**Criterion 12 (Ethical Considerations)**
Score: 6/10
Ethical implications are mentioned but not fully explored.

**Suggestions for Improvement**: Conduct a thorough ethical analysis, including potential misuse and biosafety concerns.

**Criterion 13 (Scalability)**
Score: 7/10
The approach could be scalable but may face challenges in production and distribution.

**Suggestions for Improvement**: Consider strategies for large-scale production and delivery.

**Criterion 14 (Replicability)**
Score: 8/10
The approach is replicable with proper experimental design and controls.

**Suggestions for Improvement**: Pre-register studies and provide detailed protocols.

**Criterion 15 (Theoretical Foundation)**
Score: 9/10
The approach is grounded in established scientific knowledge on CRISPR and nanoparticles.

**Suggestions for Improvement**: Integrate recent findings to further strengthen the foundation.

**Criterion 16 (Technological Feasibility)**
Score: 7/10
The approach is feasible with current technology but may require optimization.

**Suggestions for Improvement**: Conduct a thorough technological assessment.

**Criterion 17 (Risk Assessment)**
Score: 5/10
Potential risks (e.g., off-target effects, immune response) are not fully addressed.

**Suggestions for Improvement**: Perform a comprehensive risk assessment.

**Criterion 18 (Sustainability)**
Score: 6/10
The sustainability of the approach is not fully explored.

**Suggestions for Improvement**: Consider environmental impact and resource requirements.

**Criterion 19 (Societal Relevance)**
Score: 9/10
The approach has high potential to impact society by addressing a critical public health need.

**Suggestions for Improvement**: Engage with public health officials to assess potential implementation pathways.

**Criterion 20 (Future Research Potential)**
Score: 9/10
The approach opens avenues for further research in gene editing and targeted therapy.

**Suggestions for Improvement**: Outline potential future research questions and directions.

### Metadata

- Generation Type: New (Significant Change)
- Parent Idea: 5
- Created as new idea due to significant change


================================================================================
TIMESTAMP: 2025-05-21 17:09:23
PHASE: Tournament Round 2, ROUND: 2, ELO SCORE: 1206.6
UNIQUE_ID: 231b67ec-6332a4f3
================================================================================

## Tournament Results (Round 2)

**Rank:** 1 out of 7
**ELO Rating:** 1206.6

### Idea

**Title**: CRISPR-Cas13 Delivery via Nanoparticles for Mtb

**Key Idea**: CRISPR-Cas13 can be delivered via nanoparticles to detect and treat Mtb infections.

**Paragraph 1**: CRISPR-Cas13 has shown promise in detecting and treating bacterial infections by targeting specific genes. Delivering CRISPR-Cas13 via nanoparticles enhances its specificity and efficacy against Mtb [61].

**Paragraph 2**: To test this hypothesis, we will use in vitro and in vivo experiments to evaluate the efficacy of nanoparticle-delivered CRISPR-Cas13 against Mtb. Techniques such as RT-qPCR and sequencing will assess gene editing efficiency.

**Paragraph 3**: This approach has empirical support, as CRISPR-Cas13 and nanoparticles have been effective against various bacterial pathogens. Its theoretical coherence lies in gene editing and targeted delivery.

**Approach**: has empirical support, as CRISPR-Cas13 and nanoparticles have been effective against various bacterial pathogens. Its theoretical coherence lies in gene editing and targeted delivery.

**Key References**: [62]



