IDEA 37 EVOLUTION LOG

================================================================================
TIMESTAMP: 2025-05-21 17:08:46
PHASE: New Idea (Significant Change), ROUND: 2
UNIQUE_ID: e1546bc2-3ae6dd1c
================================================================================

## New Idea from Significant Change (Round 2)

This idea represents a significant change from Idea 12.

**Title**: AI-Driven Drug Discovery for Mtb

**Key Idea**: Artificial intelligence can be used to discover new drugs against Mtb.

**Paragraph 1**: Artificial intelligence has shown promise in discovering new drugs against various bacterial pathogens, including Mtb. This approach leverages machine learning algorithms to predict and identify effective compounds [71].

**Paragraph 2**: To test this hypothesis, we will use machine learning techniques to evaluate the efficacy of predicted compounds against Mtb. Methods such as molecular docking and dynamics simulations will assess compound efficacy.

**Paragraph 3**: This approach has empirical support, as AI-driven drug discovery has been effective in identifying new compounds against various bacterial pathogens. Its theoretical coherence lies in computational prediction and validation.

**Approach**: leverages machine learning algorithms to predict and identify effective compounds [71].

**Key References**: [72]

## Comparison with Original

### Original Idea (ID: 12)

**Title**: Nanoparticles can be used to deliver antimicrobials directly...

**Key Idea**: Nanoparticles can be used to deliver antimicrobials directly to the lungs via inhalation.

**Paragraph 1**: Inhalation-based delivery of nanoparticles can effectively target Mtb-infected lung cells, reducing systemic toxicity and improving efficacy. This approach is novel as it targets Mtb-infected lung cells specifically [23].

**Paragraph 2**: To test this hypothesis, we will use a combination of in vitro and in vivo experiments to evaluate the efficacy of nanoparticle-based antimicrobial delivery via inhalation against Mtb. We will use techniques such as TEM and fluorescence microscopy to assess nanoparticle uptake and delivery.

**Paragraph 3**: This approach has empirical support, as nanoparticles have been shown to be effective in delivering antimicrobials against various bacterial pathogens. Its theoretical coherence lies in the understanding of nanoparticle-mediated delivery as a mechanism of action.

**Approach**: is novel as it targets Mtb-infected lung cells specifically [23].
Paragraph 2: To test this hypothesis, we will use a combination of in vitro and in vivo experiments to evaluate the efficacy of nanoparticle-based antimicrobial delivery via inhalation against Mtb. We will use techniques such as TEM and fluorescence microscopy to assess nanoparticle uptake and delivery.
Paragraph 3: This approach has empirical support, as nanoparticles have been shown to be effective in delivering antimicrobials against various bacterial pathogens. Its theoretical coherence lies in the understanding of nanoparticle-mediated delivery as a mechanism of action. 
Approach: In vitro and in vivo experiments using nanoparticles.

**Key References**: [24]

### Scientific Evaluation

| Criterion | Score |
|---|---:|
| Empirical Support | 7.0/10 |
| Theoretical Coherence | 8.0/10 |
| Explanatory Power | 6.0/10 |
| Predictive Capability | 8.0/10 |
| Falsifiability | 7.0/10 |
| Parsimony | 5.0/10 |
| Generalizability | 8.0/10 |
| Methodological Rigor | 8.0/10 |
| Innovation | 9.0/10 |
| Problem-Solving Utility | 8.0/10 |
| Interdisciplinary Impact | 8.0/10 |
| Ethical Considerations | 6.0/10 |
| Scalability | 8.0/10 |
| Replicability | 7.0/10 |
| Theoretical Foundation | 8.0/10 |
| Technological Feasibility | 8.0/10 |
| Risk Assessment | 5.0/10 |
| Sustainability | 6.0/10 |
| Societal Relevance | 9.0/10 |
| Future Research Potential | 9.0/10 |

### Detailed Evaluation

**Criterion 1 (Empirical Support)**
Score: 7/10
The idea of using AI for drug discovery against Mtb has empirical support from existing literature, where AI-driven approaches have successfully identified potential compounds against various pathogens. However, the specific application to Mtb and its effectiveness compared to traditional methods needs further validation.

**Suggestions for Improvement**: Conduct more comprehensive reviews of existing AI-driven drug discovery studies specifically targeting Mtb to strengthen empirical support.

**Criterion 2 (Theoretical Coherence)**
Score: 8/10
The approach is theoretically coherent as it leverages established machine learning techniques for predicting compound efficacy. The use of molecular docking and dynamics simulations adds to the logical consistency of the method.

**Suggestions for Improvement**: Integrate more detailed explanations of how these techniques will be specifically tailored for Mtb targets to enhance clarity.

**Criterion 3 (Explanatory Power)**
Score: 6/10
The idea explains how AI can be used for drug discovery but lacks depth in explaining how these compounds will interact with Mtb's unique biological pathways.

**Suggestions for Improvement**: Incorporate more detailed mechanistic insights into how predicted compounds will interact with Mtb's biological pathways.

**Criterion 4 (Predictive Capability)**
Score: 8/10
The approach has a good predictive capability due to the use of machine learning algorithms and simulation techniques, which can forecast compound efficacy.

**Suggestions for Improvement**: Validate predictive models with existing datasets to enhance confidence in their forecasting abilities.

**Criterion 5 (Falsifiability)**
Score: 7/10
The hypothesis that AI can discover effective drugs against Mtb is testable and can be disproven by evidence showing inefficacy of predicted compounds.

**Suggestions for Improvement**: Design rigorous testing protocols to challenge and potentially falsify the hypothesis.

**Criterion 6 (Parsimony)**
Score: 5/10
The approach combines multiple complex techniques (machine learning, molecular docking, dynamics simulations), which may not be considered simple or elegant.

**Suggestions for Improvement**: Focus on streamlining the methodology to reduce complexity while maintaining effectiveness.

**Criterion 7 (Generalizability)**
Score: 8/10
The AI-driven approach can be generalized to discover drugs against other pathogens, not just Mtb.

**Suggestions for Improvement**: Explore applications of this method to other infectious diseases to demonstrate its broader utility.

**Criterion 8 (Methodological Rigor)**
Score: 8/10
The use of machine learning and simulation techniques indicates sound scientific methods, though the specific protocols and validation steps need detailed documentation.

**Suggestions for Improvement**: Publish detailed protocols and validation metrics to enhance methodological rigor.

**Criterion 9 (Innovation)**
Score: 9/10
The application of AI to drug discovery against Mtb is innovative and represents an advancement over traditional, labor-intensive screening methods.

**Suggestions for Improvement**: Explore integrating AI with other cutting-edge technologies (e.g., CRISPR, biocomputing) for enhanced innovation.

**Criterion 10 (Problem-Solving Utility)**
Score: 8/10
The approach has practical utility in addressing the urgent need for new anti-Mtb therapies.

**Suggestions for Improvement**: Conduct cost-benefit analyses and efficiency studies to further demonstrate utility.

**Criterion 11 (Interdisciplinary Impact)**
Score: 8/10
The approach combines computer science, biology, and medicine, indicating strong interdisciplinary relevance.

**Suggestions for Improvement**: Foster collaborations between computer scientists, biologists, and clinicians to enhance interdisciplinary impact.

**Criterion 12 (Ethical Considerations)**
Score: 6/10
While AI-driven drug discovery has ethical implications related to bias in algorithms and data privacy, these are not extensively discussed.

**Suggestions for Improvement**: Conduct thorough ethical analyses and develop guidelines to mitigate potential biases and privacy issues.

**Criterion 13 (Scalability)**
Score: 8/10
The approach can be scaled up to evaluate thousands of compounds quickly, though computational resources may limit scalability.

**Suggestions for Improvement**: Develop strategies for accessing or distributing computational resources to enhance scalability.

**Criterion 14 (Replicability)**
Score: 7/10
Results can be replicated if the methodology is well-documented and consistently applied.

**Suggestions for Improvement**: Ensure detailed documentation and open access to methodologies and data to facilitate replication.

**Criterion 15 (Theoretical Foundation)**
Score: 8/10
The approach is grounded in established scientific knowledge of machine learning, biocomputing, and microbial biology.

**Suggestions for Improvement**: Integrate recent advances in these fields to further strengthen the theoretical foundation.

**Criterion 16 (Technological Feasibility)**
Score: 8/10
The approach is technologically feasible with current AI and computational tools.

**Suggestions for Improvement**: Assess and address potential limitations in computational power and data storage.

**Criterion 17 (Risk Assessment)**
Score: 5/10
Potential drawbacks, such as algorithmic bias, data quality issues, and efficacy variability, are not extensively discussed.

**Suggestions for Improvement**: Conduct comprehensive risk assessments and develop mitigation strategies.

**Criterion 18 (Sustainability)**
Score: 6/10
The long-term viability of AI-driven drug discovery depends on continuous updates and validation of algorithms and data.

**Suggestions for Improvement**: Develop plans for long-term data management and algorithm updates.

**Criterion 19 (Societal Relevance)**
Score: 9/10
The approach has high societal relevance due to the urgent need for effective treatments against Mtb.

**Suggestions for Improvement**: Engage with public health officials and patient advocacy groups to further assess and address societal needs.

**Criterion 20 (Future Research Potential)**
Score: 9/10
The approach has significant potential to generate new research directions in AI-driven drug discovery and antimicrobial therapy.

**Suggestions for Improvement**: Develop a roadmap for future studies exploring novel applications and improvements of AI in drug discovery.

### Metadata

- Generation Type: New (Significant Change)
- Parent Idea: 12
- Created as new idea due to significant change


================================================================================
TIMESTAMP: 2025-05-21 17:09:23
PHASE: Tournament Round 2, ROUND: 2, ELO SCORE: 1205.0
UNIQUE_ID: e1546bc2-3ae6dd1c
================================================================================

## Tournament Results (Round 2)

**Rank:** 2 out of 7
**ELO Rating:** 1205.0

### Idea

**Title**: AI-Driven Drug Discovery for Mtb

**Key Idea**: Artificial intelligence can be used to discover new drugs against Mtb.

**Paragraph 1**: Artificial intelligence has shown promise in discovering new drugs against various bacterial pathogens, including Mtb. This approach leverages machine learning algorithms to predict and identify effective compounds [71].

**Paragraph 2**: To test this hypothesis, we will use machine learning techniques to evaluate the efficacy of predicted compounds against Mtb. Methods such as molecular docking and dynamics simulations will assess compound efficacy.

**Paragraph 3**: This approach has empirical support, as AI-driven drug discovery has been effective in identifying new compounds against various bacterial pathogens. Its theoretical coherence lies in computational prediction and validation.

**Approach**: leverages machine learning algorithms to predict and identify effective compounds [71].

**Key References**: [72]



