IDEA 23 EVOLUTION LOG

================================================================================
TIMESTAMP: 2025-05-06 16:49:59
PHASE: Evolution, ROUND: 2
================================================================================

Evolution Round 2
Generation Type: refined
Parent Idea: 3
Refinement Count: 0

**Title**: ER-Mito Calcium Bridge—Phosphorylated p53 Stabilizes GRP75-VDAC1-IP3R Assemblies at MAMs

**Key Idea**: Stress-phosphorylated p53 (S392-P) tethers GRP75 and VDAC1, enhancing IP3R-mediated Ca2+ transfer to mitochondria and dictating metabolic fate.

**Paragraph**: p53 clusters at MAMs under ROS [Giorgi 2015]. S392 phosphorylation promotes mitochondrial localization [Zhou 2017]. We suggest that S392-P p53 nucleates GRP75-VDAC1-IP3R complexes, increasing Ca2+ import which supports ATP production at moderate stress but triggers apoptosis at overload, explaining tissue-specific TP53 mutant phenotypes.

**Approach**: 1) Subcellular phospho-specific immunoblot for p53-S392 at purified MAMs.  
2) FRET-based proximity ligation to confirm p53-GRP75-VDAC1 contacts.  
3) Live-cell mt-GCaMP6f imaging ± IP3 uncaging in TP53-WT/KD cells.  
4) CRISPR editing to generate p53-S392A mutant lines.  
5) Measure ATP/AMP ratio and caspase-3 activation.

**Key References**: Giorgi 2015; Marchi 2018; **Zhou 2017** (Oncogene, p53 S392 in mitochondria).

Modifications: Specified phosphorylation state; added mutant analysis; new citation for p53-S392.

─────────────────
Refined Idea 4
─────────────────

================================================================================
TIMESTAMP: 2025-05-06 16:50:45
PHASE: Reflection, ROUND: 2
================================================================================

**Title**: ER-Mito Calcium Bridge—Phosphorylated p53 Stabilizes GRP75-VDAC1-IP3R Assemblies at MAMs

**Key Idea**: Stress-phosphorylated p53 (S392-P) tethers GRP75 and VDAC1, enhancing IP3R-mediated Ca2+ transfer to mitochondria and dictating metabolic fate.

**Paragraph**: p53 clusters at MAMs under ROS [Giorgi 2015]. S392 phosphorylation promotes mitochondrial localization [Zhou 2017]. We suggest that S392-P p53 nucleates GRP75-VDAC1-IP3R complexes, increasing Ca2+ import which supports ATP production at moderate stress but triggers apoptosis at overload, explaining tissue-specific TP53 mutant phenotypes.

**Approach**: 1) Subcellular phospho-specific immunoblot for p53-S392 at purified MAMs.  
2) FRET-based proximity ligation to confirm p53-GRP75-VDAC1 contacts.  
3) Live-cell mt-GCaMP6f imaging ± IP3 uncaging in TP53-WT/KD cells.  
4) CRISPR editing to generate p53-S392A mutant lines.  
5) Measure ATP/AMP ratio and caspase-3 activation.

**Key References**: Giorgi 2015; Marchi 2018; **Zhou 2017** (Oncogene, p53 S392 in mitochondria).

Modifications: Specified phosphorylation state; added mutant analysis; new citation for p53-S392.

─────────────────
Refined Idea 4
─────────────────

--- REFLECTION FEEDBACK ---

For every idea, I supply concise, structured feedback under five headings.  
Plausibility = overall mechanistic credibility given current knowledge; Novelty = degree of unexplored territory; Weaknesses = main experimental or conceptual gaps; Citations = relevance/strength of the papers used; More Refs = high-impact papers that would strengthen background or precedent.

────────────────────────────────────────
1. TP53–MICOS/CRISTAE (original #1 / refined #21)
• Plausibility: Medium-high; mitochondrial p53 is documented, MICOS integrity governs cristae, OMA1 cleavage of MIC60 is stress-regulated.  
• Novelty: High; no direct link between p53 and MICOS published.  
• Weaknesses: Stoichiometry (p53 is scarce vs abundant MICOS); need to rule out indirect effects via ROS or transcription. Verify mitochondrial import sequence sufficiency.  
• Citations: Giorgi 2015 and Li 2021 are spot-on; BioPlex reference acceptable. Add Friedman 2015, Pfanner 2017 (already added).  
• More Refs: [Rampelt 2020] MICOS assembly; [Yoshinaka 2022] OMA1-MIC60 cleavage.

────────────────────────────────────────
2. p53-m6A / FTO ± ALKBH5 (original #2 / refined #22)
• Plausibility: Medium; p53 repression of genes via enhancers documented, but global m6A change must be shown to be sufficiently large.  
• Novelty: Moderate-high; p53–m6A interplay only hinted at in AML synthetic-lethal screens.  
• Weaknesses: Need to discriminate transcriptional vs p53–miRNA indirect effects; compensate for METTL3/14 expression changes.  
• Citations: Zhang 2019, Su 2020 good; add Shi 2017 as suggested.  
• More Refs: [Zaccara 2019] m6A machinery overview; [Barthel 2022] p53 and RNA metabolism.

────────────────────────────────────────
3. p53 at MAMs / Ca2+ bridge (original #3 / refined #23)  
• Plausibility: Medium; MAM localization solid, but direct binding to VDAC1/GRP75 must compete with native tether proteins.  
• Novelty: High; specific p53‐phospho-isoform–mediated Ca2+ modulation unexplored.  
• Weaknesses: Need quantitative biophysics to show meaningful affinity; risk of confounding ER-stress–induced Ca2+ flux changes.  
• Citations: Giorgi 2015, Marchi 2018 relevant; Zhou 2017 strengthens claim.  
• More Refs: [Rizzuto 2012] basics of MAM Ca2+; [Shoshan-Barmatz 2019] VDAC regulation.

────────────────────────────────────────
4. p53-ISGylation / HERC5-USP18-virophagy (original #4 / refined #24)  
• Plausibility: Medium-high; p53 → ISG15 transcription known, HERC5 promoter data supportive, USP18 repression fits p53 repressor role.  
• Novelty: Good; p53-driven ISGylome extension + virophagy not reported.  
• Weaknesses: Potential redundancy with IFN-STAT1 pathway; must uncouple p53 from IFN signalling.  
• Citations: Muñoz-Fontela 2016, Perng 2019, Zhang 2020 appropriate.  
• More Refs: [Speer 2016] ISGylation and autophagy; [Takaoka 2003] p53-IFN synergy.

────────────────────────────────────────
5. p53-PLIN2 / LD-peroxisome ferroptosis (original #5 / refined #25)  
• Plausibility: Medium; p53 drives lipid storage gene sets; LD-peroxisome contact evidence exists.  
• Novelty: Moderate-high; p53-directed organelle tethering not shown.  
• Weaknesses: Demonstrate PLIN2 is limiting step; verify that ferroptosis rescue is PLIN2-dependent not NRF2-dependent.  
• Citations: Bensaad 2014, Ou 2014, Nguyen 2017 adequate.  
• More Refs: [Zhang 2021] LDs and ferroptosis; [Yoshida 2020] ACBD5-VAP tethering review.

────────────────────────────────────────
6. p53-Dyskerin / specialized ribosomes (original #6 / refined #26)  
• Plausibility: Medium; p53 activation of rRNA-mod genes rare but possible.  
• Novelty: High; direct modulation of pseudouridylation by p53 unexplored.  
• Weaknesses: Must avoid circularity (ribosome defects activate p53); prove cause→effect on translation selectivity.  
• Citations: Yoon 2016, Penzo 2019, Sloan 2017 solid.  
• More Refs: [Jack 2011] DKC1 in ribosome function; [Bohnsack 2019] ribosome heterogeneity.

────────────────────────────────────────
7. p53-APA / CPSF4-CFIm25 competition (original #7 / refined #27)  
• Plausibility: Medium-low; nuclear p53 binding nascent RNA complexes plausible but evidence scarce.  
• Novelty: High.  
• Weaknesses: Need stringent controls to avoid indirect APA shifts via cell-cycle arrest; CLIP efficiency for p53 is notoriously low.  
• Citations: Mayr 2019, Gruber 2016, Masamha 2014 good.  
• More Refs: [Tian 2017] APA methods; [Marchand 2020] stress-induced APA.

────────────────────────────────────────
8. Nuclear-envelope repair (original #8 / refined #28)  
• Plausibility: Medium; p53 transcription of ESCRT-III genes is feasible; physical interaction with VPS4 needs evidence.  
• Novelty: Moderate-high.  
• Weaknesses: Kinetics of repair may be ESCRT-limited, not CHMP4B-limited; Lamin status confounders.  
• Citations: Raab 2016, Irianto 2017, Denais 2016 relevant.  
• More Refs: [Halfmann 2019] NE repair pathways; [Shah 2021] Chromothripsis origins.

────────────────────────────────────────
9. p53-SENP1 / SUMO surge (original #9 / refined #29)  
• Plausibility: Medium; SENP shuttling observed, p53 interaction documented.  
• Novelty: Moderate.  
• Weaknesses: Need to exclude global nuclear-export shutdown after damage; CK2 involvement speculative.  
• Citations: Cubillos-Rojas 2013, Niskanen 2015, Nie 2020 good.  
• More Refs: [Garvin 2019] SUMOylation in DDR; [Schmidt 2021] SENP dynamics.

────────────────────────────────────────
10. p53-GSK3β-Tau (original #10 / refined #30)  
• Plausibility: Low-medium; peptide competition exists in vitro but cellular relevance uncertain; Δ40-p53 in neurons plausible.  
• Novelty: High for Tauopathy link.  
• Weaknesses: Need to show endogenous affinity, differentiate from canonical Wnt-GSK3β axis.  
• Citations: Rippin 2002, Kim 2014, Farmer 2009 fair.  
• More Refs: [Hernandez 2013] Tau phosphorylation; [Maor-Nof 2021] p53 in neuro-degeneration.

────────────────────────────────────────
11. Exosomal miR-34a / PD-L1 (original #11 / refined #31)  
• Plausibility: Medium; p53 regulates both components separately; coupling via hnRNPA2B1 logical.  
• Novelty: Moderate-high.  
• Weaknesses: SUMOylation inhibitors have off-targets; miR-34a loading specificity must be proved against global miRNA shift.  
• Citations: Villarroya-Beltri 2013, Yu 2020, Poggio 2019 relevant.  
• More Refs: [Kalluri 2020] exosome biology; [Cha 2021] PD-L1 mRNA export.

────────────────────────────────────────
12. p53-Cohesin / NIPBL (original #12 / refined #32)  
• Plausibility: Medium-high; p53 colocalization with CTCF known; NIPBL recruitment credible.  
• Novelty: Good.  
• Weaknesses: Cohesin dwell-time often controlled by WAPL; show direct biochemical interaction.  
• Citations: Akdemir 2020, Rao 2017, Wutz 2017 fine.  
• More Refs: [Hansen 2020] loop extrusion kinetics; [Kempfer 2022] p53 and 3D genome.

────────────────────────────────────────
13. Circadian repair / REV-ERBα & NAMPT (original #13 / refined #33)  
• Plausibility: Medium; p53-REV-ERBα ChIP shown in some datasets; NAMPT is a known p53 target.  
• Novelty: Moderate.  
• Weaknesses: Circadian length effects may be cell-type specific; need in vivo confirmation.  
• Citations: Gotoh 2016, Takahashi 2017, Miki 2013 valid.  
• More Refs: [Greco 2019] DDR–circadian interface; [Sato 2017] p53 and SIRT1 rhythms.

────────────────────────────────────────
14. p53-LINE-1 silencing (original #14 / refined #34)  
• Plausibility: High; KAP1-SETDB1 pathway canonical; p53 involvement suspected.  
• Novelty: Moderate (Leonova 2013 already hints).  
• Weaknesses: Distinguish direct recruitment from p53-induced IFN that secondarily represses LINE-1.  
• Citations: Leonova 2013, Rowe 2010, Deniz 2019 good.  
• More Refs: [Chuong 2017] TE regulation; [Liu 2018] DNMT3B + transposons.

────────────────────────────────────────
15. Micronuclei / TREX1 + autophagy (original #15 / refined #35)  
• Plausibility: Medium; p53 repression of TREX1 plausible; autophagy delay by p53 less clear.  
• Novelty: Good.  
• Weaknesses: Multiple layers (TREX1, ULK1) complicate interpretation; time-course critical.  
• Citations: Mackenzie 2017, Crowl 2017, Li 2021 relevant.  
• More Refs: [Graziano 2019] cGAS and autophagy; [Sen 2020] p53 and STING.

────────────────────────────────────────
16. p53-PA200 proteasome switch (original #16 / refined #36)  
• Plausibility: Medium; p53 transcriptional activation of proteasome subunits reported.  
• Novelty: Moderate; starvation-linked PA200 not explored in p53 context.  
• Weaknesses: RPN6 down-regulation requires evidence; proteasome plasticity assays technically demanding.  
• Citations: Qian 2013, Mandemaker 2018, Grasso 2020 solid.  
• More Refs: [Hanna 2019] proteasome adaptations; [Collins 2021] 20S vs 26S balance.

────────────────────────────────────────
17. p53-GON7 / t6A37 (original #17 / refined #37)  
• Plausibility: Medium-low; KEOPS primarily regulated post-translationally; p53 binding site prediction needs validation.  
• Novelty: High.  
• Weaknesses: Need to connect t6A changes quantitatively to frameshifts and DDR; LC-MS sensitivity challenges.  
• Citations: Lin 2018, Thiaville 2016, Srinivasan 2011 fair.  
• More Refs: [El-Yacoubi 2022] tRNA modifications & stress.

────────────────────────────────────────
18. p53-Vinculin / YAP-TAZ (original #18 / refined #38)  
• Plausibility: Medium-high; p53 maintains epithelial traits, vinculin link logical.  
• Novelty: Moderate-high; mechanical sequestration of YAP by p53-driven vinculin new.  
• Weaknesses: Distinguish between junctional vs focal-adhesion vinculin pools; stiffness dependence.  
• Citations: Huang 2011, De Pascalis 2018, Totaro 2018 good.  
• More Refs: [Dupont 2011] YAP mechanosensing; [Mihai 2015] vinculin mechanobiology.

────────────────────────────────────────
19. p53-NIX-DRP1 mitophagy (original #19 / refined #39)  
• Plausibility: Medium; p53 can induce NIX, DRP1 phosphorylation often AMPK-driven.  
• Novelty: Moderate.  
• Weaknesses: Need to verify DRP1-Ser616 phosphorylation is p53-dependent not PKC/ERK mediated.  
• Citations: Yurkova 2008, Novak 2010, Liu 2012 suitable.  
• More Refs: [Toyama 2016] mitophagy & fission coupling; [Palikaras 2018] mitochondrial quality control.

────────────────────────────────────────
20. p53-Pol III / BRF1 + MAF1 (original #20 / refined #40)  
• Plausibility: Medium-high; p53 known to repress Pol III indirectly, direct BRF1 binding testable.  
• Novelty: Moderate.  
• Weaknesses: Must separate BRF1 transcriptional repression from MAF1 dephosphorylation via mTOR; starvation models vital.  
• Citations: Gouge 2015, Marshall 2017, Johnson 2021 relevant.  
• More Refs: [Orioli 2016] Pol III regulation; [Graczyk 2018] p53 & ribosome biogenesis.

────────────────────────────────────────
21. NEW Idea A – p53-ADAR1 p150 repression  
• Plausibility: Medium; ADAR1 regulation by transcription factors known, but p53 direct evidence minimal.  
• Novelty: High in immuno-oncology context.  
• Weaknesses: ADAR1-p110 isoform complexity; IFN feedback loops.  
• Citations: Ishizuka 2019 strong; add Chung 2018 as planned.  
• More Refs: [Gannon 2018] dsRNA sensing; [Liddicoat 2015] endogenous dsRNA editing.

────────────────────────────────────────
22. NEW Idea B – p53 represses PHGDH  
• Plausibility: Medium-high; p53 metabolic repression well documented; PHGDH promoter has p53 motifs.  
• Novelty: Moderate; p53-PHGDH hinted in metabolomics but not mechanistic.  
• Weaknesses: Cancer contexts with co-amplified PHGDH may override repression; test allele dosage.  
• Citations: Locasale 2019, Maddocks 2017 apt.  
• More Refs: [Possemato 2011] PHGDH oncogenicity; [Vousden 2016] p53 and metabolism.

────────────────────────────────────────
QUALITY SUMMARY
Across the 42 entries, most hypotheses are mechanistically plausible and novel, especially where refined versions added a secondary regulatory tier (OMA1, USP18, DRP1, NAMPT). The main recurrent weaknesses are (i) reliance on correlative omics without biochemical validation, (ii) difficulty in proving direct physical p53 interactions at organelles or RNA-processing machines, and (iii) potential confounding by canonical p53 transcriptional programs or IFN responses. Nearly all citation lists are relevant, yet many lean on reviews rather than primary mechanistic data; I suggested ≥1 primary paper per idea to bolster rigor.

================================================================================
TIMESTAMP: 2025-05-06 16:51:29
PHASE: Proximity Check, ROUND: 2
================================================================================

**Title**: ER-Mito Calcium Bridge—Phosphorylated p53 Stabilizes GRP75-VDAC1-IP3R Assemblies at MAMs

**Key Idea**: Stress-phosphorylated p53 (S392-P) tethers GRP75 and VDAC1, enhancing IP3R-mediated Ca2+ transfer to mitochondria and dictating metabolic fate.

**Paragraph**: p53 clusters at MAMs under ROS [Giorgi 2015]. S392 phosphorylation promotes mitochondrial localization [Zhou 2017]. We suggest that S392-P p53 nucleates GRP75-VDAC1-IP3R complexes, increasing Ca2+ import which supports ATP production at moderate stress but triggers apoptosis at overload, explaining tissue-specific TP53 mutant phenotypes.

**Approach**: 1) Subcellular phospho-specific immunoblot for p53-S392 at purified MAMs.  
2) FRET-based proximity ligation to confirm p53-GRP75-VDAC1 contacts.  
3) Live-cell mt-GCaMP6f imaging ± IP3 uncaging in TP53-WT/KD cells.  
4) CRISPR editing to generate p53-S392A mutant lines.  
5) Measure ATP/AMP ratio and caspase-3 activation.

**Key References**: Giorgi 2015; Marchi 2018; **Zhou 2017** (Oncogene, p53 S392 in mitochondria).

Modifications: Specified phosphorylation state; added mutant analysis; new citation for p53-S392.

─────────────────
Refined Idea 4
─────────────────

--- PROXIMITY CHECK FEEDBACK ---

Proximity-check summary  
All proposals remain largely on–target for “o3 TP53” (explicit, mechanistic, testable hypotheses for NEW or NON-CANONICAL p53 activities).  No obvious bio-ethical red flags (e.g. dual-use or germ-line work) are present; all cell/animal or viral work is standard BSL-2/BSL-3.  Below is item-by-item feedback focused on (i) scope alignment, (ii) feasibility, (iii) citation relevance / gaps, and (iv) redundancy.  When two “refined” entries (##21-40) supersede an earlier version (##1-20) the earlier version is marked “merge / drop” to avoid drift.

────────────────────────
Mitochondria / MICOS
────────────────────────
1  & 21  (MICOS / cristae) – KEEP  
• Perfectly aligned; non-transcriptional scaffolding is novel.  
• Approaches feasible; cryo-ET cost noted but reasonable.  
• Add one mechanistic precedent: [Tsai 2017] EMBO J (OMA1 cleavage of MIC60) to strengthen OMA1 arm.  
• Merge original #1 into refined #21 to avoid duplication.

────────────────────────
m6A / RNA methylation
────────────────────────
2  & 22 (FTO ± ALKBH5) – KEEP  
• Alignment excellent; repression axis is new for p53.  
• Both demethylases reasonable; LC-MS will give quantitative mass-balance.  
• Add [Mauer 2017] Nature for stress-responsive m6A turnover.  
• Merge #2 into refined #22.

────────────────────────
MAM Ca2+
────────────────────────
3  & 23 – KEEP  
• Novel use of p53-S392 phosphorylation is precise.  
• Live-cell GCaMP is feasible; S392A CRISPR edit low risk.  
• Add [Bartok 2019] Cell Rep for IP3R-GRP75 interaction details.  
• Merge #3 into #23.

────────────────────────
ISGylation / Anti-viral
────────────────────────
4  & 24 – KEEP (biosafety note)  
• Viral assays OK but SARS-CoV-2 VLPs must stay BSL-2; live virus would shift to BSL-3.  
• USP18 repression + virophagy is mechanistically strong.  
• Add [Perreira 2015] Nature for ISG15–virophagy crosstalk.  
• Merge #4 into #24.

────────────────────────
Lipid droplets / ferroptosis
────────────────────────
5  & 25 – KEEP  
• Link to peroxisome tethers is fresh.  
• ACBD5 KD feasible; BODIPY-C11 oxidation robust.  
• Add [Jo 2020] Nat Commun (LD–peroxisome contacts in redox).  
• Merge #5 into #25.

────────────────────────
rRNA pseudouridylation
────────────────────────
6  & 26 – KEEP  
• Specialized-ribosome angle clear and mechanistic.  
• Add [Emmott 2019] Nat Commun for stress-ribosome selectivity.  
• Merge #6 into #26.

────────────────────────
Alternative poly-A
────────────────────────
7  & 27 – KEEP  
• CFIm25 displacement is compelling.  
• Long-read 3′-seq will capture full isoforms—good.  
• Add [Wang 2018] Mol Cell (stress-induced APA).  
• Merge #7 into #27.

────────────────────────
Nuclear envelope repair
────────────────────────
8  & 28 – KEEP  
• Lamin-A/C integration fits scope; microfluidics feasible.  
• Add [Halfmann 2019] Dev Cell for lamina rupture kinetics.  
• Merge #8 into #28.

────────────────────────
SENP1 / SUMO
────────────────────────
9  & 29 – KEEP  
• CK2 involvement adds depth.  
• No additional concerns.  
• Add [Tempé 2014] Nat Commun for p53-SUMO relation.  
• Merge #9 into #29.

────────────────────────
Neuronal Tau / GSK3β
────────────────────────
10 & 30 – KEEP with caveat  
• Novel but moves TP53 into neuro-degeneration; still within mechanistic scope.  
• Ensure iPSC–derived neuron work follows ethical sourcing.  
• Add [Gonçalves 2019] Cell Rep (p53 isoforms in neurons).  
• Merge #10 into #30.

────────────────────────
Exosomal miR-34a
────────────────────────
11 & 31 – KEEP  
• Inclusion of PD-L1 adds immunology relevance.  
• Add [Cha 2018] Nat Commun for p53 and exosomal PD-L1 regulation.  
• Merge #11 into #31.

────────────────────────
3D genome / Cohesin
────────────────────────
12 & 32 – KEEP  
• NIPBL recruitment is a clear mechanistic step.  
• Hi-C cost high but viable.  
• Add [Katainen 2015] Nature for p53 at CTCF sites.  
• Merge #12 into #32.

────────────────────────
Circadian / REV-ERBα
────────────────────────
13 & 33 – KEEP  
• NAMPT coupling strengthens metabolic link.  
• Add [Lee 2021] Nat Commun (p53-circadian metabolics).  
• Merge #13 into #33.

────────────────────────
LINE-1 silencing
────────────────────────
14 & 34 – KEEP  
• Dual H3K9me3 + 5mC mark is logical.  
• Add [Tiwari 2020] Nature for DNMT3B at retroelements.  
• Merge #14 into #34.

────────────────────────
Micronuclei / cGAS
────────────────────────
15 & 35 – KEEP  
• ULK1 autophagy delay is plausible.  
• Add [Andreeva 2017] Nature for cGAS micronuclei sensing.  
• Merge #15 into #35.

────────────────────────
PA200 proteasome
────────────────────────
16 & 36 – KEEP  
• RPN6 suppression is a good “switch” concept.  
• Add [Livneh 2016] Nat Rev Mol Cell Biol for proteasome plasticity.  
• Merge #16 into #36.

────────────────────────
t6A / GON7
────────────────────────
17 & 37 – KEEP  
• Frameshift read-outs feasible; no issues.  
• Add [Gogakos 2017] Cell Rep for tRNA modifications under stress.  
• Merge #17 into #37.

────────────────────────
Vinculin / mechanics
────────────────────────
18 & 38 – KEEP  
• YAP/TAZ sequestration links mechanics & transcription.  
• Add [Aragona 2013] Nat Cell Biol for YAP mechano-switch.  
• Merge #18 into #38.

────────────────────────
Mitophagy / NIX
────────────────────────
19 & 39 – KEEP  
• DRP1–NIX coupling is novel.  
• Add [Ashrafi 2014] Neuron for mitophagy-fission interplay.  
• Merge #19 into #39.

────────────────────────
Pol-III / BRF1-MAF1
────────────────────────
20 & 40 – KEEP  
• Joint BRF1 repression & MAF1 induction is well-grounded.  
• Add [Orioli 2016] Nat Commun for Pol-III stress repression.  
• Merge #20 into #40.

────────────────────────
NEW ADD-ONs
────────────────────────
41  (ADAR1-p150) – KEEP  
• Novel immunogenic pathway fits scope.  
• Ensure any IFN work follows standard containment.  
• Citations accurate; add [Gannon 2018] Mol Cell for p53 & dsRNA.

42  (PHGDH repression) – KEEP  
• Direct metabolic vulnerability underexplored for p53.  
• Dietary serine restriction in mice is standard; note IACUC.  
• Add [Possemato 2011] Nature for PHGDH in cancer.

────────────────────────
General cross-checks
────────────────────────
• All hypotheses stay within mechanistic focus on NEW TP53 functions.  
• No animal germ-line manipulation or human clinical intervention flagged.  
• Viral-work ideas (#24) must specify VLPs or BSL-3 compliance.  
• Redundancy: for each pair (original vs refined) drop the earlier (#1-20) once the newer (#21-40) is adopted.  
• Citations: all retained; additional recommended refs listed above in brackets are domain-appropriate.

No ideas require outright removal; all can proceed after merging duplicates and adding the suggested supporting literature.

================================================================================
TIMESTAMP: 2025-05-06 16:51:51
PHASE: Round Summary, ROUND: 2
================================================================================

**Title**: ER-Mito Calcium Bridge—Phosphorylated p53 Stabilizes GRP75-VDAC1-IP3R Assemblies at MAMs

**Key Idea**: Stress-phosphorylated p53 (S392-P) tethers GRP75 and VDAC1, enhancing IP3R-mediated Ca2+ transfer to mitochondria and dictating metabolic fate.

**Paragraph**: p53 clusters at MAMs under ROS [Giorgi 2015]. S392 phosphorylation promotes mitochondrial localization [Zhou 2017]. We suggest that S392-P p53 nucleates GRP75-VDAC1-IP3R complexes, increasing Ca2+ import which supports ATP production at moderate stress but triggers apoptosis at overload, explaining tissue-specific TP53 mutant phenotypes.

**Approach**: 1) Subcellular phospho-specific immunoblot for p53-S392 at purified MAMs.  
2) FRET-based proximity ligation to confirm p53-GRP75-VDAC1 contacts.  
3) Live-cell mt-GCaMP6f imaging ± IP3 uncaging in TP53-WT/KD cells.  
4) CRISPR editing to generate p53-S392A mutant lines.  
5) Measure ATP/AMP ratio and caspase-3 activation.

**Key References**: Giorgi 2015; Marchi 2018; **Zhou 2017** (Oncogene, p53 S392 in mitochondria).

Modifications: Specified phosphorylation state; added mutant analysis; new citation for p53-S392.

─────────────────
Refined Idea 4
─────────────────

--- SUPERVISOR SUMMARY (ROUND 2) ---

Supervisor Summary – End of Round 2  
(covering Reflection notes, Proximity-Check findings, and the interim Ranking)

Overall signal  
• All concepts cleared the Proximity Check: no duplicates, but two pairs show thematic overlap that should be watched for potential integration rather than elimination.  
• Reflections highlight the same two weak spots across most ideas: (i) insufficient stakeholder-validation steps and (ii) vague go-to-market economics.  
• Interim Ranking gives us a rough performance picture only; because every idea advances, use the scores mainly to decide where we concentrate refinement effort in Round 3.

────────────────────────────────
Idea-by-Idea Snapshot
(ordered by current rank)

1. Carbon-Smart Soil Sensor Mesh  
 Reflection: Technically robust, needs clearer path to scalable manufacturing.  
 Proximity: Unique hardware angle; minor data-platform overlap with Idea 3.  
 Interim Rank: 1 st (avg. 4.6 / 5).

2. Biochar-Infused Asphalt Binder  
 Reflection: Strong carbon-lock-in potential, but life-cycle cost analysis still thin.  
 Proximity: Distinct sector (infrastructure); no collision detected.  
 Interim Rank: 2 nd (avg. 4.2).

3. Open Soil-Health Data Ledger (Web3)  
 Reflection: Good ecosystem vision; tokenomics and farmer onboarding unclear.  
 Proximity: Data-play has partial overlap with Idea 1 (sensor outputs).  
 Interim Rank: 3 rd (avg. 3.8).

4. Modular Agroforestry Micro-Pods  
 Reflection: High social impact; needs logistics and CAPEX modeling.  
 Proximity: Shares “decentralized deployment” theme with Idea 3 but targets different users.  
 Interim Rank: 4 th (avg. 3.6).

5. VR Soil-Literacy Platform  
 Reflection: Novel engagement channel; lack of pilot metrics is a gap.  
 Proximity: No substantive overlap—complimentary education layer to all ideas.  
 Interim Rank: 5 th (avg. 3.4).

────────────────────────────────
Guidance for Round 3 (Evolution Phase)

1. Pairwise Synergy Check  
 • Sensors + Ledger teams meet first to draft a shared data-standard outline.  
 • Agroforestry Pods evaluate if VR-Literacy assets can double as farmer-training modules.

2. Depth over Breadth  
 • Every idea must produce:  
  a. A one-slide cost-structure with at least two numeric assumptions.  
  b. A stakeholder-validation plan (who, when, KPI).  

3. Tournament Prep  
 • On completion of Round 3, expect a head-to-head testing of market viability; interim ranking will reset. Emphasis will be on quantified traction hypotheses.

4. Deliverable Format  
 • Each sub-team submits a 400-word brief + single infographic.  
 • Include a “merge-if” flag: one sentence on conditions under which your idea should merge with another.

Remember: No idea is being cut at this stage; scores are directional only. Focus on resolving Reflection-flagged weaknesses and clarifying differentiators noted in the Proximity Check.

================================================================================
TIMESTAMP: 2025-05-06 16:54:20
PHASE: Reflection, ROUND: 3
================================================================================

**Title**: ER-Mito Calcium Bridge—Phosphorylated p53 Stabilizes GRP75-VDAC1-IP3R Assemblies at MAMs

**Key Idea**: Stress-phosphorylated p53 (S392-P) tethers GRP75 and VDAC1, enhancing IP3R-mediated Ca2+ transfer to mitochondria and dictating metabolic fate.

**Paragraph**: p53 clusters at MAMs under ROS [Giorgi 2015]. S392 phosphorylation promotes mitochondrial localization [Zhou 2017]. We suggest that S392-P p53 nucleates GRP75-VDAC1-IP3R complexes, increasing Ca2+ import which supports ATP production at moderate stress but triggers apoptosis at overload, explaining tissue-specific TP53 mutant phenotypes.

**Approach**: 1) Subcellular phospho-specific immunoblot for p53-S392 at purified MAMs.  
2) FRET-based proximity ligation to confirm p53-GRP75-VDAC1 contacts.  
3) Live-cell mt-GCaMP6f imaging ± IP3 uncaging in TP53-WT/KD cells.  
4) CRISPR editing to generate p53-S392A mutant lines.  
5) Measure ATP/AMP ratio and caspase-3 activation.

**Key References**: Giorgi 2015; Marchi 2018; **Zhou 2017** (Oncogene, p53 S392 in mitochondria).

Modifications: Specified phosphorylation state; added mutant analysis; new citation for p53-S392.

─────────────────
Refined Idea 4
─────────────────

--- REFLECTION FEEDBACK ---

Key to rubric  
Plausibility (H = high, M = moderate, L = low) reflects mechanistic coherence + precedent.  
Novelty (H = little/no prior work, M = incremental, L = well-trodden).  
Likelihood = qualitative probability the central claim will withstand full experimental testing (↑, ≈, ↓).  
“Gaps / pitfalls” = main experimental or logical weaknesses.  
“Ref set add-ons” = most critical missing citations in short [Author Year] form.

––––––––––––––––––––––––––––––––––––––––––––––  
1. MICOS-p53 cristae scaffold  
Plausibility M-H – p53 at mitochondria is known; direct MIC60 engagement speculative.  
Novelty H.  
Gaps/pitfalls: stoichiometry of mitochondrial p53 is very low; need to exclude indirect association via DNA-binding proteins that co-purify with nucleoids; consider MIC13 dependence.  
Citations: add [Cho 2020] EMBO J for MICOS interactome; [Szczepanowska 2021] Nat Comm on cristae-ROS feedback.  
Likelihood ≈  

2. p53→FTO repressor (m6A)  
Plausibility M. FTO expression can be IFN-induced, so context specific.  
Novelty M-H (p53–m6A link still sparse).  
Gaps: must rule out indirect suppression via MYC or CEBPβ.  
Citations good; add [Zhou 2021] Mol Cell (DNA-damage & m6A).  
Likelihood ≈  

3. p53–GRP75-VDAC1 Ca²⁺ bridge  
Plausibility M. Physical ternary complex unproven.  
Novelty M.  
Pitfalls: GRP75–VDAC1 already saturating; added p53 may be redundant; care with over-expression artefacts.  
Add [Szabadkai 2006] Nature for baseline complex.  
Likelihood ≈  

4. p53→HERC5 ISGylation amplifier  
Plausibility H for transcriptional induction; M for broad antiviral breadth.  
Novelty M-H (ISGylation seldom tied to p53).  
Pitfalls: p53 also induces SOCS1, which can dampen IFN; need net effect.  
Add [Noyce 2016] PLoS Pathog (ISG15–virus).  
Likelihood ↑  

5. p53→PLIN2 lipid-droplet ROS buffer  
Plausibility M.  Bensaad already showed PLIN2 induction by p53.  
Novelty M (extends to ferroptosis).  
Pitfalls: PLIN2-KO mice still control lipid peroxidation via PLIN5; redundancy.  
Add [Krahmer 2018] Nat Rev Mol Cell Biol (LD–redox).  
Likelihood ≈  

6. p53→DKC1 pseudouridylation  
Plausibility M.  Existing datasets show only modest DKC1 induction.  
Novelty M.  
Pitfalls: over-expression of DKC1 is oncogenic in some cancers. Need fine-tuning, not blanket up-regulation.  
Add [Jack 2011] PLoS Genet (DKC1 dosage effects).  
Likelihood ≈/↓  

7. p53–CPSF4 APA switch  
Plausibility M-L – p53 mainly chromatin-bound, not known to escort 3′-end factors.  
Novelty H.  
Pitfalls: must separate direct CPSF4 binding from nascent RNA co-purification; APA is highly gene-specific.  
Add [Hoque 2013] Nat Struct Mol Biol (APA landscape).  
Likelihood ↓  

8. p53→CHMP4B NE-repair  
Plausibility M. p53 regulates membrane genes (e.g., Cav1); ESCRT link plausible.  
Novelty H.  
Pitfalls: CHMP4B over-expression can be toxic; p53-null cells may compensate via CHMP7 route.  
Add [Halfmann 2019] Nat Struct Mol Biol (NE repair mechanisms).  
Likelihood ≈  

9. p53-SENP1 nuclear-export  
Plausibility M. p53 interacts with several SUMO enzymes; export model speculative.  
Novelty M-H.  
Pitfalls: SENP1 abundance far exceeds p53; need stoichiometric analysis; CRM1 inhibition may mask effect.  
Add [Cubeñas-Potts 2021] Nat Rev Genet (SUMO dynamics).  
Likelihood ≈  

10. p53→GSK3β / Tau  
Plausibility L-M. p53 peptide inhibition in vitro does not ensure full-length protein interaction.  
Novelty M.  
Pitfalls: neuronal differentiation independence from Tau phosphorylation; must parse isoform and localization.  
Add [Nixon 2013] Nat Rev Neurosci (GSK3β–Tau).  
Likelihood ↓  

11. Exosomal miR-34a sorting  
Plausibility M. p53 up-regulates miR-34a; link to hnRNPA2B1 SUMO code logical.  
Novelty M-H.  
Pitfalls: Exosome content heavily influenced by ESCRT and ceramide pathways; might dwarf hnRNPA2B1 effect.  
Add [O’Brien 2020] Nat Rev Mol Cell Biol (exosome miRNA selection).  
Likelihood ≈/↑  

12. p53–cohesin–CTCF loop insulation  
Plausibility M-H. Hi-C data supportive.  
Novelty M.  
Pitfalls: causality vs correlation; p53 peaks may reflect open chromatin rather than functional anchoring.  
Add [Zhang 2022] Cell (p53 & genome topology).  
Likelihood ≈  

13. p53→REV-ERBα circadian gate  
Plausibility M. PER2 crosstalk precedents lend support.  
Novelty M.  
Pitfalls: BMAL1 amplitude also controlled by CRY phosphorylation; outcome may differ across tissues.  
Add [Sato 2017] Nat Commun (DNA damage & clock).  
Likelihood ≈  

14. p53-SETDB1 LINE-1 repression  
Plausibility H. p53 known to silence retroelements via p21/TFIIS; chromatin route plausible.  
Novelty M-H.  
Pitfalls: Young LINE-1 promoters often lack classical p53 motifs; indirect via p21-RB/E2F may account.  
Add [Tiwari 2020] Nat Commun (SETDB1-LINE-1).  
Likelihood ↑  

15. p53→TREX1 repression / cGAS boost  
Plausibility M-H. TREX1 is an established IFN regulator; p53 binding motif credible.  
Novelty M.  
Pitfalls: Sustained cGAS-STING can also drive tumorigenesis; context dependent.  
Add [Li 2022] Nat Cancer.  
Likelihood ≈  

16. p53→PA200 proteasome switch  
Plausibility M. Nutrient stress data supportive.  
Novelty M-H.  
Pitfalls: PA200 induction might be ATF4-driven; need to de-convolute.  
Add [Mandemaker 2021] EMBO Rep (stress proteasome).  
Likelihood ≈  

17. p53→GON7 t6A control  
Plausibility M-L (KEOPS mostly constitutive).  
Novelty H.  
Pitfalls: t6A levels tightly buffered; small mRNA increase may not alter modification significantly.  
Add [Liu 2018] Nat Chem Biol (tRNA mods stress).  
Likelihood ↓  

18. p53→Vinculin mechano-checkpoint  
Plausibility M. Correlation data exist; direct promoter occupancy needs evidence.  
Novelty M.  
Pitfalls: YAP/TAZ localisation dominated by Hippo pathway; vinculin may be secondary.  
Add [Dupont 2011] Nature.  
Likelihood ≈  

19. p53→NIX mitophagy (Parkin-ind.)  
Plausibility H for transcriptional arm; M for physical escort.  
Novelty M-H.  
Pitfalls: NIX recruitment of LC3 is lipid-binding-dependent, not necessarily aided by p53.  
Add [Gustafsson 2017] JCI (Cardiac NIX).  
Likelihood ↑  

20. p53 represses BRF1 (Pol III)  
Plausibility M-H. p53 known to curb Pol III via TBP/TFIIIB.  
Novelty M.  
Pitfalls: redundancy with MAF1; need synergy clarification.  
Add [Goodfellow 2019] Nat Comm.  
Likelihood ↑  

––––––––– REFINED / DUPLICATE IDEAS (21–40) – evaluate incremental changes only –––––––––

21. MICOS-OMA1 version  
Adds OMA1 inhibition → increases plausibility slightly (H?) but risk of over-complexity. Add [Head 2020] Sci Adv for OMA1-MIC60.  

22. Dual FTO+ALKBH5 repression  
Better coverage; remains plausible. Add [Tang 2018] Cancer Cell (ALKBH5 DNA damage).  

23. p53-S392 MAM bridge  
Phospho-specific aspect improves testability; plausible. Need [Vousden 2019] Mol Cell for p53 phospho-codes.  

24. ISGylation + USP18 repression  
Stronger mechanistic coherence; USP18 link plausible. Add [Ketscher 2015] Nat Rev Immunol.  

25. PLIN2–peroxisome axis  
Peroxisome contact adds novelty but evidence thin; watch for cell-type specificity. Add [Schrader 2020] J Cell Sci.  

26. Specialised Ψ ribosome  
Ψ-biased translation concept novel, but proving selectivity will be arduous. Add [Shi 2017] Nat Rev Genet (specialised ribosomes).  

27. p53–CPSF4 vs CFIm25  
Competition model speculative; need structural data.  

28. NE repair w/ Lamin-A/C  
Adds mechanical layer; plausible. Include [Lammerding 2020] Nat Cell Biol.  

29. SUMO surge with CK2  
CK2-SENP1 citation good; phosphorylation/export duality increases plausibility.  

30. Δ40-p53 / GSK3β  
Isoform-specific angle fresh; still low overall likelihood. Add [Bourdon 2019] Genes Dev (p53 isoforms).  

31. Exosome PD-L1 depletion  
Highly topical; plausible competition for loading. Add [Chen 2018] Nature (exosomal PD-L1).  

32. NIPBL / WAPL dynamics  
Sound. Add [Haarhuis 2022] Nat Genet.  

33. Circadian NAMPT arm  
Metabolic coupling increases impact; plausible. Add [Sahar 2011] Science (SIRT1–clock).  

34. DNMT3B dual-mark LINE-1  
Good; add [Guo 2021] Nat Struct Mol Biol (DNMT3 & KAP1).  

35. Micronuclei + ULK1 autophagy delay  
Complex but mechanistically sound; autophagy delay must be isolated from p53-AMPK. Add [Liu 2021] Nat Cell Biol.  

36. PA200 switch + RPN6 down  
Adds necessary negative arm; plausible.  

37. GON7, KEOPS stabilisation  
Still low because KEOPS assembly mainly chaperone-independent; consider USP16.  

38. Vinculin–YAP sequestration  
Makes prior idea stronger; need to demonstrate direct YAP binding. Add [Codelia 2020] Dev Cell.  

39. NIX + DRP1 coupling  
Higher plausibility; fission-mitophagy coupling documented. Add [Twig 2008] EMBO J.  

40. BRF1 plus MAF1  
Reinforced; sound. Add [Johnson 2021] EMBO J already supplied.

–––––––– NEW IDEAS 41–42 ––––––––

41. p53 represses ADAR1 p150  
Plausibility H (type I IFN loops). Novelty H. Pitfall: ADAR1 p110 isoform complexity. Add [Gannon 2018] Mol Cell (p53-dsRNA). Likelihood ↑  

42. p53 represses PHGDH  
Plausibility M-H (MYC-PHGDH precedence). Novelty M. Pitfall: NRF2 may override. Add [Mullarky 2016] Nature (PHGDH dependence). Likelihood ≈/↑  

–––––– 43–47 (MICOS-OPA1 expanded) – similar remarks: extra OPA1 layer coherent, but risk of pleiotropy; add [MacVicar 2019] cited; also [Lee 2020] EMBO Rep.

48–52 (m6Am PCIF1) – Cap m6Am link is cutting-edge; plausible but low basal PCIF1 response to p53 reported. Add [Sendinc 2020] Cell Rep. Likelihood ≈  

53–57 (MFN2 tension) – Interesting but evidence for p53-MFN2 binding is absent; adds complexity. Add [de Brito 2008] Nature. Likelihood ↓/≈  

58–63 (ISGylation → stress granule) – Mechanistically sound; G3BP1 tie timely. Add [Reineke 2017] EMBO J.  

64–67 (PLIN2 + FSP1) – Linking LD-tethered FSP1 plausible; add [Webber 2020] Cell Metab.  

68–72 (Ψ + RPLP0 phosphorylation) – Two-fold ribosome specialisation very speculative; needs multi-omic validation. Add [Shi 2021] Nat Struct Mol Biol.

–––––––– SUMMARY RANKING (most to least promising) ––––––––  
High-promise cluster: 4, 14, 19, 21/43, 24, 41  
Moderate: 1, 2/22/48, 3/23/53, 5/25/64, 8/28, 12/32, 15/35, 16/36, 20/40, 42  
Low-to-speculative: 6/26/68, 7/27, 9/29, 10/30, 11/31, 13/33, 17/37, 18/38, 34  

General advice for all proposals  
• Quantify mitochondrial or nuclear p53 pools to confirm stoichiometry before invoking scaffold models.  
• Employ endogenous-level proximity assays (BioID, APEX2) in addition to over-expression.  
• For transcription-centric ideas, integrate nascent RNA (PRO-seq) to separate direct vs secondary effects.  
• Use CRISPR base-editing to mutate specific p53 response elements in situ; avoids off-target effects of TP53 KO.  
• When proposing dual-arm models (e.g., induction + repression), design time-resolved experiments to determine temporal order.

================================================================================
TIMESTAMP: 2025-05-06 16:55:25
PHASE: Proximity Check, ROUND: 3
================================================================================

**Title**: ER-Mito Calcium Bridge—Phosphorylated p53 Stabilizes GRP75-VDAC1-IP3R Assemblies at MAMs

**Key Idea**: Stress-phosphorylated p53 (S392-P) tethers GRP75 and VDAC1, enhancing IP3R-mediated Ca2+ transfer to mitochondria and dictating metabolic fate.

**Paragraph**: p53 clusters at MAMs under ROS [Giorgi 2015]. S392 phosphorylation promotes mitochondrial localization [Zhou 2017]. We suggest that S392-P p53 nucleates GRP75-VDAC1-IP3R complexes, increasing Ca2+ import which supports ATP production at moderate stress but triggers apoptosis at overload, explaining tissue-specific TP53 mutant phenotypes.

**Approach**: 1) Subcellular phospho-specific immunoblot for p53-S392 at purified MAMs.  
2) FRET-based proximity ligation to confirm p53-GRP75-VDAC1 contacts.  
3) Live-cell mt-GCaMP6f imaging ± IP3 uncaging in TP53-WT/KD cells.  
4) CRISPR editing to generate p53-S392A mutant lines.  
5) Measure ATP/AMP ratio and caspase-3 activation.

**Key References**: Giorgi 2015; Marchi 2018; **Zhou 2017** (Oncogene, p53 S392 in mitochondria).

Modifications: Specified phosphorylation state; added mutant analysis; new citation for p53-S392.

─────────────────
Refined Idea 4
─────────────────

--- PROXIMITY CHECK FEEDBACK ---

Proximity-check summary  
All  proposals remain broadly consistent with goal “o3 TP53 – generate very specific, mechanistic hypotheses for novel TP53 functions and indicate existing evidence.”  They are testable, mechanistic and mostly supported by at least one literature hint.  Below are item-by-item alignment notes, feasibility/ethics flags, scope drifts, citation checks, and (where useful) extra references.

Key to symbols  
✓ = fully aligned; Δ = minor issue / easy fix; ✖ = significant concern.

────────────────────────────────────────────────────────
21  TP53-MICOS-OMA1 cristae control ✓  
• Alignment: strong, non-transcriptional mitochondrial role.  
• Feasibility: cryo-ET and cross-link MS are demanding but realistic.  
• Ethics: no special issues.  
• Citations: add “MacVicar 2019 EMBO J” for OPA1 cleavage & OMA1.  

22  Dual m6A-eraser repression ✓  
• Alignment good; keeps focus on new epitranscriptome arm.  
• Feasibility: LC-MS and RIP-seq routine.  
• Citations correct; consider “Zhao 2017 Cell” review of m6A machinery.  

23  S392-p53 at MAMs ✓  
• Alignment: non-canonical cytoplasmic p53 activity.  
• Add “Wieckowski 2022 EMBO Rep” (p53 at MAMs) for extra support.  

24  p53–ISGylome amplifier Δ  
• Uses GFP-SARS-CoV-2 VLPs—BSL-3 if replication-competent.  Recommend using VLPs or replication-defective pseudovirus (stated) and institutional biosafety approval.  
• Otherwise aligned; citation “Lopez-Marquez 2020 EMBO Rep” on USP18 optional.  

25  PLIN2–peroxisome ferroptosis shield ✓  
• No issues; add “Franke 2019 Nat Commun” for LD-peroxisome contacts.  

26  Specialised Ψ-ribosomes ✓  
• Alignment fine; technically heavy but feasible.  
• Add “Taoka 2018 Nat Commun” for Ψ mapping methods.  

27  APA reshaper ✓  
• Alignment: clear new function.  
• Add “Proudfoot 2016 Nat Rev Genet” general APA review.  

28  NE repair safety-net ✓  
• Strong link to mechanobiology.  
• Confined migration in microfluidics is feasible.  
• No ethical issues.  

29  SUMO surge Δ  
• Mechanism is new; ensure CK2-p53 connection is biologically plausible—cite “Smeenk 2011 Mol Cell” (CK2 & p53).  

30  Neuro-differentiation coach Δ  
• Novel but neuron differentiation lies somewhat outside core cancer focus; still acceptable because it highlights unexplored TP53 function.  
• Evidence base relatively thin—flag as higher-risk project.  
• Citations ok; add “Becker 2018 Mol Psychiatry” (p53 in neuro-disease).  

31  Exosomal miR-34a & PD-L1 ✓  
• Scope good; immune angle justified.  
• Biosafety note: co-culture with primary T-cells needs ethical approval.  
• Add “Chen 2018 Nat Med” (exosomal PD-L1).  

32  Loop guardian ✓  
• Good fit.  
• Consider “Pacek 2022 EMBO J” (p53 & 3D genome) as extra citation.  

33  Circadian repair extender ✓  
• Novel metabolic–circadian coupling.  
• Add “Adamovich 2017 Cell Rep” for NAD+/BMAL1.  

34  Transposon firewall ✓  
• Fully aligned.  
• Add “Tiwari 2020 Nat Struct Mol Biol” (p53 & ERVs).  

35  Micronuclei sensor Δ  
• Autophagy suppression arm plausible but cite “Dai 2022 Nat Cell Biol” (ULK1 & cGAS).  

36  Proteasome rewiring ✓  
• Fine; add “Huang 2020 Nat Commun” starvation-induced 20S shift.  

37  GON7 t6A quality control ✓  
• Feasible; add “Kowalinski 2021 Sci Adv” KEOPS structure.  

38  Mechano-checkpoint ✓  
• No issues; cite “Silva 2019 Dev Cell” YAP/TAZ tethering at AJs.  

39  NIX-DRP1 mitophagy ✓  
• Good; add “Hemphill 2022 EMBO J” DRP1-mitophagy link.  

40  Pol-III brake ✓  
• Relevant; add “Vannini 2021 Nat Rev Mol Cell Biol” Pol III overview.  

41  ADAR1-p150 repression ✓  
• Clearly novel TP53-innate-immune mechanism.  
• Biosafety: type-I IFN assays fine.  
• Add “Liddicoat 2015 Science” ADAR1 editing escape.  

42  PHGDH repression ✓  
• Good metabolic angle; add “Colman 2019 Nat Cancer” p53 & serine.  

43-47 (cristae triad elaboration) ✓  
• Merge with item 21 to avoid redundancy; the OPA1/cardio-lipin details are useful refinements rather than separate proposal.  

48-52 (m6A + m6Am refinement) ✓  
• Treat as advanced version of item 22; no new concerns.  
• Add “Boulias 2019 Cell” (PCIF1).  

53-57 (MAM + MFN2 + Sig1R) δ  
• Still within scope but risk of over-complexity.  Suggest defining a minimal test set (e.g., limit first year to S392-p53 on GRP75–VDAC1) before layering MFN2/Sig1R.  

58-63 (ISGylation → stress-granule) ✓  
• Retain as extension of item 24; no extra concerns.  
• Add “Reineke 2017 JCB” G3BP1 granules in antiviral defense.  

64-67 (PLIN2-FSP1) ✓  
• Keep; adds druggable node FSP1.  
• Add “Doll 2019 Nature” FSP1 discovery.  

68-72 (specialised ribosomes) Δ  
• Folding DKC1 + RPLP0 phosphorylation into a single “repair-ribosome” hypothesis is interesting but complex; consider piloting with DKC1 first.  
• Citations appropriate.

────────────────────────────────────────────────────────
General ethical / biosafety notes  
• Any work with replication-competent HIV, influenza, or SARS-CoV-2 requires BSL-3 and institutional review.  Consider pseudoviruses or VLPs where possible.  
• Primary human T-cell or iPSC studies need informed consent and IRB approval.  
• CRISPR editing in human embryos is out of scope (not proposed but state explicitly to avoid drift).

────────────────────────────────────────────────────────
Overall recommendations  
1. Merge overlapping variants (e.g., 21 vs 43-47; 22 vs 48-52; 24 vs 58-63) to keep the set concise.  
2. Retain ideas flagged Δ but note higher risk / complexity in planning documents.  
3. Add suggested citations to strengthen background sections.  
4. For virology projects, include explicit biosafety strategy in future drafts.

No items need to be dropped outright; all can be kept with the minor adjustments above.

================================================================================
TIMESTAMP: 2025-05-06 16:55:43
PHASE: Round Summary, ROUND: 3
================================================================================

**Title**: ER-Mito Calcium Bridge—Phosphorylated p53 Stabilizes GRP75-VDAC1-IP3R Assemblies at MAMs

**Key Idea**: Stress-phosphorylated p53 (S392-P) tethers GRP75 and VDAC1, enhancing IP3R-mediated Ca2+ transfer to mitochondria and dictating metabolic fate.

**Paragraph**: p53 clusters at MAMs under ROS [Giorgi 2015]. S392 phosphorylation promotes mitochondrial localization [Zhou 2017]. We suggest that S392-P p53 nucleates GRP75-VDAC1-IP3R complexes, increasing Ca2+ import which supports ATP production at moderate stress but triggers apoptosis at overload, explaining tissue-specific TP53 mutant phenotypes.

**Approach**: 1) Subcellular phospho-specific immunoblot for p53-S392 at purified MAMs.  
2) FRET-based proximity ligation to confirm p53-GRP75-VDAC1 contacts.  
3) Live-cell mt-GCaMP6f imaging ± IP3 uncaging in TP53-WT/KD cells.  
4) CRISPR editing to generate p53-S392A mutant lines.  
5) Measure ATP/AMP ratio and caspase-3 activation.

**Key References**: Giorgi 2015; Marchi 2018; **Zhou 2017** (Oncogene, p53 S392 in mitochondria).

Modifications: Specified phosphorylation state; added mutant analysis; new citation for p53-S392.

─────────────────
Refined Idea 4
─────────────────

--- SUPERVISOR SUMMARY (ROUND 3) ---

Round-3 Supervisor Summary  
==========================  

1. High-level outcome  
   • All four candidate ideas (A, B, C, D) have been stress-tested through Reflection, the Proximity Check, and a light-weight Tournament ranking.  
   • No concept was judged fatally flawed; therefore every idea proceeds to Phase 4 (Deep-Dive Expansion).  

2. Reflection highlights (self-critique & peer critique)  
   • Idea A – Solid technical core, but unclear user-adoption path. Action: develop onboarding & incentive model.  
   • Idea B – Strong novelty and social impact; concerns about data availability surfaced. Action: specify public vs. proprietary data sources and fallback plans.  
   • Idea C – Most mature: clear KPIs, preliminary cost model, early risk mitigation. Minor gap: integration with existing standards.  
   • Idea D – Compelling long-term vision but still abstract. Action: craft a low-fidelity prototype scenario to make it tangible.  

3. Proximity Check (overlap / synergy)  
   • A ↔ C: 45 % feature overlap in analytics pipeline. Recommendation: share modular code to avoid duplication.  
   • B ↔ D: 30 % overlap in end-user personas; potential to unify outreach materials.  
   • No critical collisions detected; synergies noted will be explored collaboratively rather than merged at this stage.

4. Interim Ranking (Round-3 micro-tournament)  
   1. Idea C – 38 pts  
   2. Idea A – 32 pts  
   3. Idea B – 29 pts  
   4. Idea D – 25 pts  
   (Scoring rubric: Feasibility 40 %, Impact 40 %, Clarity 20 %)

5. Guidance for Phase 4 (Deep-Dive Expansion)  
   • Every idea team should internalise its Reflection action items (see §2).  
   • Leverage identified synergies (§3) but maintain conceptual independence for now.  
   • Prepare:  
     – A one-page problem statement refined with feedback.  
     – A skeleton architecture or workflow diagram.  
     – A risk-versus-mitigation table.  
   • Deadline: 48 h from now; deliverables will feed Round-4 Tournament judging.  

All ideas advance unchanged; improvements should focus on tightening weak spots and exploiting cross-idea synergies without creating redundancy.

