IDEA 19 EVOLUTION LOG

================================================================================
TIMESTAMP: 2025-04-25 11:53:37
PHASE: Evolution, ROUND: 3
================================================================================

Evolution Round 3
Generation Type: refined
Parent Idea: 1
Refinement Count: 0

**Title**: Urban Carbon-Banking Trees with Automated Risk Insurance and Genetic Diversity Management

**Key Idea**: Deploying genetically diverse, carbon-optimized urban trees with automated monitoring and insurance mechanisms can maximize long-term sequestration and minimize reversal risk.

**Paragraph**: Urban tree-planting is vulnerable to climate, pests, and urban development, risking loss of stored carbon. By mixing genetically diverse, fast-growing, high-carbon-sequestering species and embedding RFID/sensor tags for real-time health/biomass tracking, cities can better manage, verify, and insure urban carbon stocks. Automated risk assessment and financial insurance mechanisms (e.g., payout triggers for tree loss) ensure permanence and attract investment, supporting urban forestry as a robust carbon bank [McPherson 2013; Bastin 2019; Wang 2021; Gough 2018].

**Approach**: - Select and plant genetically diverse, carbon-efficient urban trees.  
- Embed RFID/sensors for health and biomass tracking; link to digital carbon registries.  
- Establish insurance contracts for carbon permanence, with payouts for losses.  
- Pilot in city districts, track sequestration and risk management outcomes.

**Key References**: - McPherson, E.G. et al. (2013). "Urban forest management and climate change." Landscape and Urban Planning, 120, 146-157.  
- Bastin, J.-F. et al. (2019). "The global tree restoration potential." Science, 365(6448), 76-79.  
- Wang, J. et al. (2021). "Genetic diversity and climate adaptation in urban trees." Urban Forestry & Urban Greening, 62, 127157.  
- Gough, L.A. et al. (2018). "Insurance and risk management for carbon sequestration." Environmental Research Letters, 13(3), 034021.

**Differentiation**:  
- Addresses permanence/reversal risk, genetic diversity, and financial mechanisms—areas not fully covered in prior ideas.

---

### Idea 20:

