IDEA 21 EVOLUTION LOG

================================================================================
TIMESTAMP: 2025-04-25 11:55:20
PHASE: Evolution, ROUND: 4
================================================================================

Evolution Round 4
Generation Type: refined
Parent Idea: 1
Refinement Count: 0

**Title**: Urban Carbon-Banking Trees with Automated Risk Insurance, Genetic Diversity Management, and Socio-Ecological Co-Benefit Optimization

**Key Idea**: Deploying genetically diverse, carbon-optimized urban trees equipped with IoT-based monitoring, dynamic insurance, and co-benefit quantification can maximize long-term sequestration, minimize reversal risk, and enhance urban ecosystem services.

**Paragraph**: Urban tree-planting faces threats from pests, climate extremes, and urban development, jeopardizing stored carbon and ecosystem benefits. Integrating highly diverse, fast-growing, high-carbon-sequestering species with IoT-enabled health and biomass sensors allows real-time tracking and adaptive management. Linking these data streams to dynamic insurance products ensures timely payouts and risk mitigation, attracting investment and ensuring permanence. Critically, quantifying and integrating additional co-benefits—such as urban cooling, air quality, and social equity—into insurance and carbon-banking frameworks can further incentivize urban forestry and align with broader city resilience goals [McPherson 2013; Bastin 2019; Wang 2021; Gough 2018; Livesley 2016; Kabisch 2017].

**Approach**: - Select and plant a portfolio of genetically diverse, carbon- and climate-resilient urban trees, prioritizing species/varieties with proven urban co-benefits.  
- Deploy IoT sensor networks (e.g., soil moisture, canopy temperature, pathogen detection) for high-resolution, continuous monitoring of tree health, carbon uptake, and co-benefit metrics.  
- Integrate real-time data with digital carbon registries and dynamic insurance models, enabling payouts based on verified losses and adaptive risk pricing.  
- Quantify and incorporate co-benefits (heat island mitigation, air pollution reduction, biodiversity support, social accessibility) into the value proposition and insurance premiums.  
- Pilot in diverse city districts, tracking sequestration, risk, and co-benefit delivery over time.

**Key References**: - McPherson, E.G. et al. (2013). "Urban forest management and climate change." Landscape and Urban Planning, 120, 146-157.  
- Bastin, J.-F. et al. (2019). "The global tree restoration potential." Science, 365(6448), 76-79.  
- Wang, J. et al. (2021). "Genetic diversity and climate adaptation in urban trees." Urban Forestry & Urban Greening, 62, 127157.  
- Gough, L.A. et al. (2018). "Insurance and risk management for carbon sequestration." Environmental Research Letters, 13(3), 034021.  
- Livesley, S.J. et al. (2016). "The urban forest and ecosystem services: Impacts on urban water, heat, and pollution cycles at the tree, street, and city scale." Journal of Environmental Quality, 45(1), 119-124.  
- Kabisch, N. et al. (2017). "Nature-based solutions to climate change mitigation and adaptation in urban areas." Landscape and Urban Planning, 157, 1-7.

**Refinement Summary**:  
- **Extended** by integrating IoT for richer, real-time monitoring and adaptive management.
- **Extended** by quantifying and adding socio-ecological co-benefits to the insurance/carbon framework.
- **Strengthened** investment case by aligning with city resilience, health, and equity objectives.
- **New Citations**: Livesley 2016, Kabisch 2017 provide evidence for urban tree co-benefits and socio-ecological impacts.

---

### Refined Idea 20

