IDEA 94 EVOLUTION LOG

================================================================================
TIMESTAMP: 2025-05-28 11:33:26
PHASE: Evolution, ROUND: 5
UNIQUE_ID: 663fe45b-28bc051a
================================================================================

## Refined Idea (Round 5)

**Title**: Untitled Idea

**Key References**: ** [Hsiao 2021], [Colombo 2021], [Ma 2022], [D’Alessandro 2020]

## Comparison with Original

### Original Idea (ID: 72)

**Title**: Untitled Idea

**Key Idea**: **Refinements:** Specified SCFA/tryptophan focus, emphasized immune phenotyping, detailed functional validation, added reference on microbiome–CNS communication [Hsiao 2021].

---

### Scientific Evaluation

| Criterion | Score |
|---|---:|
| Empirical Support | 2.0/10 |
| Theoretical Coherence | 1.0/10 |
| Explanatory Power | 1.0/10 |
| Predictive Capability | 1.0/10 |
| Falsifiability | 1.0/10 |
| Parsimony | 1.0/10 |
| Generalizability | 1.0/10 |
| Methodological Rigor | 1.0/10 |
| Innovation | 2.0/10 |
| Problem-Solving Utility | 1.0/10 |
| Interdisciplinary Impact | 1.0/10 |
| Ethical Considerations | 1.0/10 |
| Scalability | 1.0/10 |
| Replicability | 1.0/10 |
| Theoretical Foundation | 2.0/10 |
| Technological Feasibility | 1.0/10 |
| Risk Assessment | 1.0/10 |
| Sustainability | 1.0/10 |
| Societal Relevance | 1.0/10 |
| Future Research Potential | 2.0/10 |

### Detailed Evaluation

Certainly! However, the idea provided is **"Untitled Idea"** with only key references and no substantive description of the hypothesis or research plan. This makes evaluation inherently limited, but I will proceed to evaluate the submission as presented, based on its merits and deficits as an undeveloped idea, and provide guidance on how to improve.

---

### Criterion 1 (Empirical Support)
**Score: 2/10**

**Rationale:**  
No hypothesis or research plan is described, so there is nothing to compare with existing evidence. The idea cannot be evaluated for consistency with data.

**Suggestion:**  
Clearly articulate the hypothesis. Reference specific data from the cited works and explain how your idea builds upon or diverges from it.

---

### Criterion 2 (Theoretical Coherence)
**Score: 1/10**

**Rationale:**  
No theoretical framework or logic is provided. The submission lacks clarity and structure.

**Suggestion:**  
Define the theoretical basis of your hypothesis. Present a logical sequence explaining the rationale behind your idea.

---

### Criterion 3 (Explanatory Power)
**Score: 1/10**

**Rationale:**  
Without any description, the idea cannot explain any observed phenomena.

**Suggestion:**  
Describe what phenomena your hypothesis aims to explain, and how it accounts for gaps or anomalies in current knowledge.

---

### Criterion 4 (Predictive Capability)
**Score: 1/10**

**Rationale:**  
No predictions or outcomes are articulated.

**Suggestion:**  
State clear, testable predictions arising from your hypothesis.

---

### Criterion 5 (Falsifiability)
**Score: 1/10**

**Rationale:**  
The idea is too vague to be disproven by evidence.

**Suggestion:**  
Specify what evidence would contradict your hypothesis, making it falsifiable.

---

### Criterion 6 (Parsimony)
**Score: 1/10**

**Rationale:**  
No details are given, so the idea cannot be evaluated for simplicity or elegance.

**Suggestion:**  
When describing your idea, aim for simplicity and clarity, avoiding unnecessary complexity.

---

### Criterion 7 (Generalizability)
**Score: 1/10**

**Rationale:**  
The idea cannot be assessed for broader applicability without description.

**Suggestion:**  
Explain whether your hypothesis could apply to multiple cancer types or contexts.

---

### Criterion 8 (Methodological Rigor)
**Score: 1/10**

**Rationale:**  
No methods are mentioned.

**Suggestion:**  
Outline experimental approaches and controls, and justify your methodological choices.

---

### Criterion 9 (Innovation)
**Score: 2/10**

**Rationale:**  
The intention is novelty, and the references suggest some engagement with the literature. However, without a specific hypothesis, innovation cannot be assessed.

**Suggestion:**  
Explicitly state what is new about your idea compared to the references.

---

### Criterion 10 (Problem-Solving Utility)
**Score: 1/10**

**Rationale:**  
No problem-solving aspect is presented.

**Suggestion:**  
Describe how your idea could lead to improved diagnosis or treatment.

---

### Criterion 11 (Interdisciplinary Impact)
**Score: 1/10**

**Rationale:**  
No interdisciplinary elements are mentioned.

**Suggestion:**  
Indicate whether your hypothesis draws from or impacts fields beyond oncology.

---

### Criterion 12 (Ethical Considerations)
**Score: 1/10**

**Rationale:**  
Ethical implications cannot be evaluated.

**Suggestion:**  
Consider potential ethical issues in your research plan (e.g., experimental risks, patient consent).

---

### Criterion 13 (Scalability)
**Score: 1/10**

**Rationale:**  
Scalability cannot be determined.

**Suggestion:**  
Discuss whether your approach can be expanded from small-scale to large-scale studies.

---

### Criterion 14 (Replicability)
**Score: 1/10**

**Rationale:**  
No experimental procedure is described.

**Suggestion:**  
Detail step-by-step methods to ensure replicability.

---

### Criterion 15 (Theoretical Foundation)
**Score: 2/10**

**Rationale:**  
Relevant references are provided, which suggests some grounding, but the lack of a hypothesis prevents assessment.

**Suggestion:**  
Explain how your idea relates to or builds on the cited literature.

---

### Criterion 16 (Technological Feasibility)
**Score: 1/10**

**Rationale:**  
No details on technology or feasibility.

**Suggestion:**  
Describe what technical tools or resources are required and whether they are available.

---

### Criterion 17 (Risk Assessment)
**Score: 1/10**

**Rationale:**  
No risks are discussed.

**Suggestion:**  
Identify potential drawbacks—technical, scientific, or ethical.

---

### Criterion 18 (Sustainability)
**Score: 1/10**

**Rationale:**  
No information is provided.

**Suggestion:**  
Discuss long-term viability and resource needs.

---

### Criterion 19 (Societal Relevance)
**Score: 1/10**

**Rationale:**  
No societal implications are described.

**Suggestion:**  
Explain how your idea could benefit patients, clinicians, or society.

---

### Criterion 20 (Future Research Potential)
**Score: 2/10**

**Rationale:**  
The intent for novelty hints at future directions, but without content, potential cannot be evaluated.

**Suggestion:**  
Describe how your idea could open new areas of research or lead to follow-up studies.

---

**Summary:**  
The submission cannot be meaningfully evaluated or advanced in its current state. Please provide a clear, detailed research hypothesis, its rationale, potential impact, and a basic research plan. Use the suggestions above to strengthen your proposal for each criterion.

### Metadata

- Generation Type: Refinement
- Parent Idea: 72
- Refinement Count: 0


================================================================================
TIMESTAMP: 2025-05-28 11:36:30
PHASE: Tournament Round 5, ROUND: 5, ELO SCORE: 1065.3
UNIQUE_ID: 663fe45b-28bc051a
================================================================================

## Tournament Results (Round 5)

**Rank:** 18 out of 20
**ELO Rating:** 1065.3

### Idea

**Title**: Untitled Idea

**Key References**: ** [Hsiao 2021], [Colombo 2021], [Ma 2022], [D’Alessandro 2020]



