IDEA 27 EVOLUTION LOG

================================================================================
TIMESTAMP: 2025-05-28 10:53:20
PHASE: New Idea (Significant Change), ROUND: 2
UNIQUE_ID: 5b86c5a2-8016dbf6
================================================================================

## New Idea from Significant Change (Round 2)

This idea represents a significant change from Idea 2.

**Title**: , more detailed experimental design, and additiona...

**Approach**: , more detailed experimental design, and additional references to strengthen mechanistic plausibility.*

**Key References**: ** [Anders 2018], [Barbieri 2017], [Youn 2019]

## Comparison with Original

### Original Idea (ID: 2)

**Title**: ** Glioblastoma cells activate endogenous retroviral element...

**Key Idea**: ** Glioblastoma cells activate endogenous retroviral elements to mimic viral infection, thereby evading immune detection and therapy.

**Approach**: is methodologically rigorous and opens new avenues for therapy.

**Key References**: ** Burns KH. "Transposable elements in cancer." Nat Rev Cancer. 2013.

### Scientific Evaluation

| Criterion | Score |
|---|---:|
| Empirical Support | 1.0/10 |
| Theoretical Coherence | 1.0/10 |
| Explanatory Power | 1.0/10 |
| Predictive Capability | 1.0/10 |
| Falsifiability | 1.0/10 |
| Parsimony | 1.0/10 |
| Generalizability | 1.0/10 |
| Methodological Rigor | 1.0/10 |
| Innovation | 1.0/10 |
| Problem-Solving Utility | 1.0/10 |
| Interdisciplinary Impact | 1.0/10 |
| Ethical Considerations | 1.0/10 |
| Scalability | 1.0/10 |
| Replicability | 1.0/10 |
| Theoretical Foundation | 1.0/10 |
| Technological Feasibility | 1.0/10 |
| Risk Assessment | 1.0/10 |
| Sustainability | 1.0/10 |
| Societal Relevance | 1.0/10 |
| Future Research Potential | 1.0/10 |

### Detailed Evaluation

Certainly! Based on the information provided, the research idea appears to be incomplete or placeholder text (“more detailed experimental design, and additional references to strengthen mechanistic plausibility”). There is no clear hypothesis, description of the mechanism, or experimental plan. I will evaluate this "idea" in the context of the stated research goal and provide constructive feedback for each criterion.

---

### 1. Empirical Support  
**Score: 1/10**  
**Explanation:** No specific hypothesis, data, or mechanism is presented. The cited references are not connected to any defined concept.  
**Suggestions:** Clearly state the novel hypothesis and link it to supporting data or relevant findings from the literature.

---

### 2. Theoretical Coherence  
**Score: 1/10**  
**Explanation:** The submission lacks a defined theory or mechanism and is internally incomplete.  
**Suggestions:** Articulate a precise, logically consistent hypothesis and explain the mechanisms involved.

---

### 3. Explanatory Power  
**Score: 1/10**  
**Explanation:** No phenomena are addressed or explained.  
**Suggestions:** Identify specific unexplained phenomena in cancer (diagnosis or treatment resistance) and describe how the hypothesis accounts for them.

---

### 4. Predictive Capability  
**Score: 1/10**  
**Explanation:** No testable predictions are outlined.  
**Suggestions:** Propose clear, falsifiable predictions that could be experimentally validated.

---

### 5. Falsifiability  
**Score: 1/10**  
**Explanation:** The idea is too vague to be falsifiable.  
**Suggestions:** Define experimental outcomes that would disprove the hypothesis.

---

### 6. Parsimony  
**Score: 1/10**  
**Explanation:** Simplicity or complexity cannot be judged without content.  
**Suggestions:** After developing the hypothesis, ensure the explanation is as simple as possible without unnecessary complexity.

---

### 7. Generalizability  
**Score: 1/10**  
**Explanation:** No scope or applicability is described.  
**Suggestions:** Specify the types of cancers targeted and discuss whether the idea might apply to other cancer types or diseases.

---

### 8. Methodological Rigor  
**Score: 1/10**  
**Explanation:** No methods or experimental designs are described.  
**Suggestions:** Provide a detailed, step-by-step experimental plan that ensures robust and reliable results.

---

### 9. Innovation  
**Score: 1/10**  
**Explanation:** The idea is undefined, so novelty cannot be assessed.  
**Suggestions:** Formulate a hypothesis not found in the literature and explain its novelty.

---

### 10. Problem-Solving Utility  
**Score: 1/10**  
**Explanation:** No practical application is described.  
**Suggestions:** Connect the hypothesis to a pressing problem in cancer diagnosis or treatment and explain how it addresses this.

---

### 11. Interdisciplinary Impact  
**Score: 1/10**  
**Explanation:** No interdisciplinary connections are offered.  
**Suggestions:** Consider how the hypothesis might intersect with other fields (e.g., immunology, genetics, nanotechnology).

---

### 12. Ethical Considerations  
**Score: 1/10**  
**Explanation:** No ethical aspects are addressed.  
**Suggestions:** Discuss potential ethical implications of the research (e.g., patient consent, off-target effects).

---

### 13. Scalability  
**Score: 1/10**  
**Explanation:** No information is provided about scalability.  
**Suggestions:** Outline whether the approach could be scaled from lab models to clinical settings.

---

### 14. Replicability  
**Score: 1/10**  
**Explanation:** No details are provided to allow replication.  
**Suggestions:** Define protocols and controls to ensure experiments can be independently replicated.

---

### 15. Theoretical Foundation  
**Score: 1/10**  
**Explanation:** No theoretical basis is given.  
**Suggestions:** Anchor the idea in established scientific principles or frameworks.

---

### 16. Technological Feasibility  
**Score: 1/10**  
**Explanation:** No technologies or feasibility considerations are described.  
**Suggestions:** Identify required technologies and assess their readiness for the proposed research.

---

### 17. Risk Assessment  
**Score: 1/10**  
**Explanation:** No risks or limitations are discussed.  
**Suggestions:** Analyze possible risks (technical, ethical, safety) and propose mitigation strategies.

---

### 18. Sustainability  
**Score: 1/10**  
**Explanation:** No information regarding resource efficiency or long-term viability.  
**Suggestions:** Consider the sustainability of the research approach and its potential impact on resources.

---

### 19. Societal Relevance  
**Score: 1/10**  
**Explanation:** No connection to societal impact is made.  
**Suggestions:** Articulate the potential benefits to society, especially for difficult-to-treat cancers.

---

### 20. Future Research Potential  
**Score: 1/10**  
**Explanation:** No avenues for further research are suggested.  
**Suggestions:** Propose follow-up studies or new lines of inquiry that could emerge from this research.

---

## Summary  
**Overall, this submission is not evaluable as a research hypothesis or plan.** To meet the research goal, clearly state a novel, specific, and testable hypothesis with an experimental plan, and address each of the criteria above. This will enable meaningful evaluation and increase the chances of advancing novel cancer research.

### Metadata

- Generation Type: New (Significant Change)
- Parent Idea: 2
- Created as new idea due to significant change


================================================================================
TIMESTAMP: 2025-05-28 10:59:37
PHASE: Tournament Round 2, ROUND: 2, ELO SCORE: 1001.3
UNIQUE_ID: 5b86c5a2-8016dbf6
================================================================================

## Tournament Results (Round 2)

**Rank:** 19 out of 19
**ELO Rating:** 1001.3

### Idea

**Title**: , more detailed experimental design, and additiona...

**Approach**: , more detailed experimental design, and additional references to strengthen mechanistic plausibility.*

**Key References**: ** [Anders 2018], [Barbieri 2017], [Youn 2019]



