IDEA 91 EVOLUTION LOG

================================================================================
TIMESTAMP: 2025-05-28 11:31:46
PHASE: New Idea (Significant Change), ROUND: 5
UNIQUE_ID: 60c449d4-f424cd3f
================================================================================

## New Idea from Significant Change (Round 5)

This idea represents a significant change from Idea 76.

**Title**: #### 3. **Microbiome-Derived Metabolite Modulation of Brain Tumor Immunity**

**Key Idea**: #### 3. **Microbiome-Derived Metabolite Modulation of Brain Tumor Immunity**

## Comparison with Original

### Original Idea (ID: 76)

**Title**: Untitled Idea

**Key Idea**: **Refinements:** Focused on transporter regulation, detailed measurement and intervention strategies, added reference on BBB transporters [Banks 2020].

---

### Scientific Evaluation

| Criterion | Score |
|---|---:|
| Empirical Support | 4.0/10 |
| Theoretical Coherence | 7.0/10 |
| Explanatory Power | 6.0/10 |
| Predictive Capability | 5.0/10 |
| Falsifiability | 7.0/10 |
| Parsimony | 6.0/10 |
| Generalizability | 6.0/10 |
| Methodological Rigor | 5.0/10 |
| Innovation | 9.0/10 |
| Problem-Solving Utility | 7.0/10 |
| Interdisciplinary Impact | 8.0/10 |
| Ethical Considerations | 7.0/10 |
| Scalability | 5.0/10 |
| Replicability | 5.0/10 |
| Theoretical Foundation | 6.0/10 |
| Technological Feasibility | 6.0/10 |
| Risk Assessment | 7.0/10 |
| Sustainability | 6.0/10 |
| Societal Relevance | 8.0/10 |
| Future Research Potential | 9.0/10 |

### Detailed Evaluation

Certainly! Here is a structured evaluation of the research idea **"Microbiome-Derived Metabolite Modulation of Brain Tumor Immunity"** against the 20 specified scientific criteria, including scores, rationales, and suggestions for improvement:

---

### Criterion 1: Empirical Support
**Score: 4/10**  
**Rationale:**  
There is emerging evidence that the microbiome and its metabolites can modulate systemic immunity and potentially affect distant organs, including the brain. However, direct empirical evidence linking microbiome-derived metabolites to brain tumor immunity, particularly in humans, is limited and mostly speculative at this stage.

**Suggestions for Improvement:**  
- Conduct or cite more preclinical studies showing direct effects of specific microbiome metabolites on brain tumor immune environments.
- Identify existing datasets or animal models to begin gathering preliminary evidence.

---

### Criterion 2: Theoretical Coherence
**Score: 7/10**  
**Rationale:**  
The concept is logically consistent with current understanding of the gut-brain axis and immunometabolism. However, details on the specific mechanisms by which microbiome metabolites influence brain tumor immunity are not articulated.

**Suggestions for Improvement:**  
- Clarify the proposed mechanistic pathways (e.g., specific metabolites, immune cell types, signaling cascades).
- Develop a conceptual model or flowchart to illustrate the hypothesis.

---

### Criterion 3: Explanatory Power
**Score: 6/10**  
**Rationale:**  
The idea could potentially explain variability in brain tumor responses or resistance to immunotherapy, but this explanatory power is currently hypothetical.

**Suggestions for Improvement:**  
- Propose specific phenomena (e.g., differences in tumor microenvironment) that the hypothesis could explain.
- Suggest how this could account for observed patient-to-patient variability.

---

### Criterion 4: Predictive Capability
**Score: 5/10**  
**Rationale:**  
Testable predictions (e.g., certain metabolite profiles correlate with tumor immune infiltration) are possible, but the idea currently lacks explicit predictive statements.

**Suggestions for Improvement:**  
- Formulate specific, testable predictions (e.g., “Patients with high fecal butyrate levels will have increased brain tumor T-cell infiltration”).

---

### Criterion 5: Falsifiability
**Score: 7/10**  
**Rationale:**  
The hypothesis can be tested and potentially disproven by showing no relationship between microbiome metabolites and brain tumor immunity.

**Suggestions for Improvement:**  
- Define clear experimental endpoints and negative controls to enhance falsifiability.

---

### Criterion 6: Parsimony
**Score: 6/10**  
**Rationale:**  
The idea is moderately parsimonious, but introduces additional complexity by linking distant biological systems.

**Suggestions for Improvement:**  
- Narrow the hypothesis to focus on a few key metabolites or pathways to increase simplicity.

---

### Criterion 7: Generalizability
**Score: 6/10**  
**Rationale:**  
Potentially generalizable to other cancers and neurological diseases, but the current formulation is brain tumor-specific.

**Suggestions for Improvement:**  
- Discuss how the approach might apply to other hard-to-treat cancers or metastatic brain lesions.

---

### Criterion 8: Methodological Rigor
**Score: 5/10**  
**Rationale:**  
Rigorous assessment would require sophisticated models (e.g., gnotobiotic mice, humanized microbiome models) and careful experimental controls, which are challenging.

**Suggestions for Improvement:**  
- Outline a stepwise experimental plan (in vitro, in vivo, clinical sampling).
- Highlight possible confounders and how to control for them.

---

### Criterion 9: Innovation
**Score: 9/10**  
**Rationale:**  
Very high originality—this specific link (microbiome metabolites to brain tumor immunity) is largely unexplored and could open new research avenues.

**Suggestions for Improvement:**  
- Highlight what distinguishes the hypothesis from related research (e.g., gut-brain axis, immune modulation in other cancers).

---

### Criterion 10: Problem-Solving Utility
**Score: 7/10**  
**Rationale:**  
If validated, this approach could offer new diagnostic/prognostic biomarkers and therapeutic targets for brain tumors.

**Suggestions for Improvement:**  
- Propose concrete intervention strategies (e.g., dietary changes, microbiome transplantation, metabolite supplementation).

---

### Criterion 11: Interdisciplinary Impact
**Score: 8/10**  
**Rationale:**  
Bridges oncology, immunology, neuroscience, and microbiome research, fostering cross-disciplinary collaboration.

**Suggestions for Improvement:**  
- Identify specific interdisciplinary teams and expertise required for the research.

---

### Criterion 12: Ethical Considerations
**Score: 7/10**  
**Rationale:**  
Generally low risk, though interventions altering the microbiome in vulnerable populations (e.g., cancer patients) require careful ethical oversight.

**Suggestions for Improvement:**  
- Include plans for ethical review and patient safety monitoring, especially for interventional studies.

---

### Criterion 13: Scalability
**Score: 5/10**  
**Rationale:**  
Scalability is uncertain—translating findings from model systems to clinical practice is complex and resource-intensive.

**Suggestions for Improvement:**  
- Consider scalability in study design (e.g., easily measured biomarkers, non-invasive interventions).

---

### Criterion 14: Replicability
**Score: 5/10**  
**Rationale:**  
Microbiome studies have reproducibility challenges due to individual variability and methodological differences.

**Suggestions for Improvement:**  
- Standardize protocols for sample collection, processing, and analysis.

---

### Criterion 15: Theoretical Foundation
**Score: 6/10**  
**Rationale:**  
Grounded in established concepts (microbiome-immune interactions, gut-brain axis), but less so in direct brain tumor research.

**Suggestions for Improvement:**  
- Integrate literature from both microbiome and neuro-oncology fields to strengthen the foundation.

---

### Criterion 16: Technological Feasibility
**Score: 6/10**  
**Rationale:**  
Technologically feasible with current tools (metabolomics, gnotobiotic models), but challenging to implement in human brain tumor studies.

**Suggestions for Improvement:**  
- Outline feasible experimental models and available technologies for each research stage.

---

### Criterion 17: Risk Assessment
**Score: 7/10**  
**Rationale:**  
Risks are mainly scientific (uncertain findings) and logistical (access to samples, reproducibility), with moderate ethical risk in interventional studies.

**Suggestions for Improvement:**  
- Conduct pilot studies to assess risk and feasibility before scaling up.

---

### Criterion 18: Sustainability
**Score: 6/10**  
**Rationale:**  
Moderately sustainable if based on non-invasive sampling and dietary/metabolic interventions, but intensive studies may be resource-heavy.

**Suggestions for Improvement:**  
- Prioritize scalable, low-resource approaches (e.g., fecal sampling, dietary interventions).

---

### Criterion 19: Societal Relevance
**Score: 8/10**  
**Rationale:**  
High societal impact if it leads to new diagnostics or therapies for brain tumors, which are currently hard to treat.

**Suggestions for Improvement:**  
- Emphasize potential patient benefits and public health implications in research proposals.

---

### Criterion 20: Future Research Potential
**Score: 9/10**  
**Rationale:**  
Strong potential to generate further research, new hypotheses, and collaborations across multiple fields.

**Suggestions for Improvement:**  
- Propose a roadmap for subsequent studies based on possible findings.

---

## Summary Table

| Criterion                                  | Score (/10) |
|--------------------------------------------|-------------|
| 1. Empirical Support                       | 4           |
| 2. Theoretical Coherence                   | 7           |
| 3. Explanatory Power                       | 6           |
| 4. Predictive Capability                   | 5           |
| 5. Falsifiability                          | 7           |
| 6. Parsimony                               | 6           |
| 7. Generalizability                        | 6           |
| 8. Methodological Rigor                    | 5           |
| 9. Innovation                              | 9           |
| 10. Problem-Solving Utility                | 7           |
| 11. Interdisciplinary Impact               | 8           |
| 12. Ethical Considerations                 | 7           |
| 13. Scalability                            | 5           |
| 14. Replicability                          | 5           |
| 15. Theoretical Foundation                 | 6           |
| 16. Technological Feasibility              | 6           |
| 17. Risk Assessment                        | 7           |
| 18. Sustainability                         | 6           |
| 19. Societal Relevance                     | 8           |
| 20. Future Research Potential              | 9           |

---

**Overall, this hypothesis is highly novel and interdisciplinary with significant potential impact, but would benefit from greater empirical grounding, methodological detail, and consideration of scalability and replicability.**

### Metadata

- Generation Type: New (Significant Change)
- Parent Idea: 76
- Created as new idea due to significant change


================================================================================
TIMESTAMP: 2025-05-28 11:36:30
PHASE: Tournament Round 5, ROUND: 5, ELO SCORE: 1238.0
UNIQUE_ID: 60c449d4-f424cd3f
================================================================================

## Tournament Results (Round 5)

**Rank:** 9 out of 20
**ELO Rating:** 1238.0

### Idea

**Title**: #### 3. **Microbiome-Derived Metabolite Modulation of Brain Tumor Immunity**

**Key Idea**: #### 3. **Microbiome-Derived Metabolite Modulation of Brain Tumor Immunity**



