IDEA 43 EVOLUTION LOG

================================================================================
TIMESTAMP: 2025-05-28 11:04:19
PHASE: New Idea (Significant Change), ROUND: 3
UNIQUE_ID: a6d57cb0-1037e757
================================================================================

## New Idea from Significant Change (Round 3)

This idea represents a significant change from Idea 39.

**Title**: ** Generalizable Microbiome-Immune Axis in CNS Tumor Modulation

**Key Idea**: ** Microbiome-derived metabolites alter immune environments in diverse CNS tumors via BBB crossing and immune cell reprogramming.

**Paragraph 1**: **  
Building on the gut-brain-immune axis, this idea posits that gut microbiome metabolites, such as SCFAs and tryptophan derivatives, traverse the BBB and exert immunomodulatory effects across a spectrum of CNS tumors—not just glioma [Colombo 2021; Ma 2022]. This mechanism could underlie patient-to-patient differences in CNS tumor outcomes, offering a unified hypothesis for microbiome influence on brain tumor immunology. The approach is innovative in its broad applicability and mechanistic scope.

**Paragraph 2**: **  
Comparative studies will analyze CSF and tumor tissues from multiple CNS tumor models (glioma, medulloblastoma, metastases) in mice with altered microbiomes. Metabolomic profiling, immune cell phenotyping, and functional assays (e.g., T cell activation, cytokine analysis) will quantify metabolite-driven immune changes. Interventions blocking metabolite transport (pharmacologically or genetically) will test causality. The main challenge is accounting for tumor-type-specific microenvironments while maintaining a generalizable framework.

**Paragraph 3**: **  
Empirical support is strong, and the hypothesis is theoretically coherent, bridging microbiome and neuroimmunology [Colombo 2021; Ma 2022]. Explanatory power is high; predictive capability is robust for immune and therapeutic outcomes. Falsifiability is addressed through metabolite transport blockade. The approach is innovative, methodologically rigorous, and generalizable, with potential to identify microbiome-targeted adjuvants for brain tumor immunotherapy. Future research could focus on patient stratification or personalized microbiome modulation.

**Approach**: is innovative in its broad applicability and mechanistic scope.

**Key References**: ** [Colombo 2021], [Ma 2022]  
**Refinements:** Broadened tumor scope, specified interventions, highlighted generalizability, and clarified innovation.

## Comparison with Original

### Original Idea (ID: 39)

**Title**: is generalizable beyond glioma to other CNS tumors...

**Paragraph 3**: ** There is growing empirical evidence for the gut-brain-immune axis [Colombo 2021; Ma 2022], and this idea is theoretically sound, unifying microbiome and tumor immunology. Explanatory power is high for microbiome-related differences in brain tumor outcomes. Falsifiability is achieved by blocking metabolite transport and observing immune/tumor changes. The approach is generalizable beyond glioma to other CNS tumors, innovative, and methodologically rigorous. Future research could identify microbiome-targeted adjuvants for brain tumor immunotherapy.

**Approach**: is generalizable beyond glioma to other CNS tumors, innovative, and methodologically rigorous. Future research could identify microbiome-targeted adjuvants for brain tumor immunotherapy.

### Scientific Evaluation

| Criterion | Score |
|---|---:|
| Empirical Support | 7.0/10 |
| Theoretical Coherence | 9.0/10 |
| Explanatory Power | 8.0/10 |
| Predictive Capability | 8.0/10 |
| Falsifiability | 9.0/10 |
| Parsimony | 7.0/10 |
| Generalizability | 8.0/10 |
| Methodological Rigor | 8.0/10 |
| Innovation | 9.0/10 |
| Problem-Solving Utility | 7.0/10 |
| Interdisciplinary Impact | 9.0/10 |
| Ethical Considerations | 7.0/10 |
| Scalability | 7.0/10 |
| Replicability | 7.0/10 |
| Theoretical Foundation | 8.0/10 |
| Technological Feasibility | 8.0/10 |
| Risk Assessment | 6.0/10 |
| Sustainability | 7.0/10 |
| Societal Relevance | 8.0/10 |
| Future Research Potential | 9.0/10 |

### Detailed Evaluation

Certainly! Here is a detailed evaluation of the research idea “Generalizable Microbiome-Immune Axis in CNS Tumor Modulation” against the 20 scientific criteria for extremely novel cancer research hypotheses.

---

**Criterion 1: Empirical Support**  
Score: 7/10  
**Explanation:** The hypothesis is grounded in recent literature (Colombo 2021, Ma 2022) supporting gut-brain-immune interactions in glioma, but extending this to a broad range of CNS tumors is less empirically established.  
**Suggestions:** Strengthen empirical support by citing or generating preliminary data in non-glioma CNS tumors; consider pilot studies with patient-derived samples.

---

**Criterion 2: Theoretical Coherence**  
Score: 9/10  
**Explanation:** The idea is logically coherent, connecting microbiome metabolites, immune modulation, and CNS tumors via mechanistically plausible routes (BBB crossing, immune reprogramming).  
**Suggestions:** Clarify any tumor-type-specific mechanisms that might disrupt generalizability.

---

**Criterion 3: Explanatory Power**  
Score: 8/10  
**Explanation:** Offers a unifying explanation for inter-patient variability in CNS tumor outcomes and immune responses; links disparate fields.  
**Suggestions:** Explicitly address exceptions (e.g., tumors with limited immune infiltration) to refine the explanatory scope.

---

**Criterion 4: Predictive Capability**  
Score: 8/10  
**Explanation:** Makes testable predictions about metabolite levels, immune phenotypes, and tumor responses following microbiome manipulation.  
**Suggestions:** Define quantitative biomarkers and thresholds for predictions to improve testability.

---

**Criterion 5: Falsifiability**  
Score: 9/10  
**Explanation:** The hypothesis is falsifiable by blocking BBB transport or altering microbiomes and observing immune/tumor changes.  
**Suggestions:** Specify clear experimental endpoints and negative controls.

---

**Criterion 6: Parsimony**  
Score: 7/10  
**Explanation:** The hypothesis is elegant but complex due to multiple interacting systems (microbiome, immune, tumor, BBB).  
**Suggestions:** Distill the model to its most essential components for initial testing; avoid unnecessary mechanistic layers.

---

**Criterion 7: Generalizability**  
Score: 8/10  
**Explanation:** Designed for broad applicability across CNS tumors, which is a core strength.  
**Suggestions:** Test in diverse tumor models and human tissue to validate generalizability.

---

**Criterion 8: Methodological Rigor**  
Score: 8/10  
**Explanation:** Proposes state-of-the-art methods (metabolomics, immune phenotyping, functional assays); includes causality testing.  
**Suggestions:** Consider additional omics (e.g., single-cell RNA-seq) and longitudinal patient studies to strengthen rigor.

---

**Criterion 9: Innovation**  
Score: 9/10  
**Explanation:** Highly original in extending the microbiome-immune-tumor link beyond glioma, and proposing a generalizable mechanistic axis.  
**Suggestions:** Highlight distinctions from any closely related prior work; consider patentability.

---

**Criterion 10: Problem-Solving Utility**  
Score: 7/10  
**Explanation:** Potentially transformative for diagnosis, prognosis, and therapy in hard-to-treat CNS tumors.  
**Suggestions:** Outline pathways to clinical translation (e.g., microbiome-targeted adjuvants).

---

**Criterion 11: Interdisciplinary Impact**  
Score: 9/10  
**Explanation:** Bridges microbiology, immunology, neurobiology, oncology, and systems biology.  
**Suggestions:** Engage collaborators from all relevant disciplines early for broad impact.

---

**Criterion 12: Ethical Considerations**  
Score: 7/10  
**Explanation:** No major ethical red flags; manipulating microbiomes and immune systems is generally acceptable, though patient safety and consent are crucial.  
**Suggestions:** Develop protocols for microbiome interventions and ensure robust informed consent.

---

**Criterion 13: Scalability**  
Score: 7/10  
**Explanation:** Methods are scalable from animal models to clinical studies, but complexity increases with tumor heterogeneity.  
**Suggestions:** Use standardized protocols to facilitate scaling across institutions and populations.

---

**Criterion 14: Replicability**  
Score: 7/10  
**Explanation:** Methodologies are replicable, but biological variability in microbiomes and tumors may challenge reproducibility.  
**Suggestions:** Use well-defined animal models and multi-center studies to enhance replicability.

---

**Criterion 15: Theoretical Foundation**  
Score: 8/10  
**Explanation:** Firmly rooted in established literature on the gut-brain axis and immunomodulation, with logical extensions.  
**Suggestions:** Build a more detailed theoretical framework for non-glioma CNS tumors.

---

**Criterion 16: Technological Feasibility**  
Score: 8/10  
**Explanation:** Proposed techniques (metabolomics, immune profiling, genetic/pharmacologic interventions) are technologically achievable.  
**Suggestions:** Plan for technical hurdles in BBB-crossing metabolite measurement.

---

**Criterion 17: Risk Assessment**  
Score: 6/10  
**Explanation:** Risks include biological variability, off-target effects of microbiome interventions, and challenges in modeling BBB transport.  
**Suggestions:** Incorporate robust controls and risk mitigation strategies in experimental design.

---

**Criterion 18: Sustainability**  
Score: 7/10  
**Explanation:** Long-term studies may be resource-intensive, but the approach is sustainable with institutional support.  
**Suggestions:** Plan for cost-effective methodologies and data sharing.

---

**Criterion 19: Societal Relevance**  
Score: 8/10  
**Explanation:** High impact for patients with difficult-to-treat CNS cancers; could lead to new diagnostics and therapies.  
**Suggestions:** Engage patient advocacy groups and communicate societal benefits.

---

**Criterion 20: Future Research Potential**  
Score: 9/10  
**Explanation:** Opens new avenues for microbiome-targeted CNS cancer therapies and patient stratification.  
**Suggestions:** Establish a roadmap for follow-up studies, including clinical trials and personalized medicine approaches.

---

**Summary Table**

| Criterion                        | Score |
|-----------------------------------|-------|
| 1. Empirical Support             | 7     |
| 2. Theoretical Coherence         | 9     |
| 3. Explanatory Power             | 8     |
| 4. Predictive Capability         | 8     |
| 5. Falsifiability                | 9     |
| 6. Parsimony                     | 7     |
| 7. Generalizability              | 8     |
| 8. Methodological Rigor          | 8     |
| 9. Innovation                    | 9     |
|10. Problem-Solving Utility       | 7     |
|11. Interdisciplinary Impact      | 9     |
|12. Ethical Considerations        | 7     |
|13. Scalability                   | 7     |
|14. Replicability                 | 7     |
|15. Theoretical Foundation        | 8     |
|16. Technological Feasibility     | 8     |
|17. Risk Assessment               | 6     |
|18. Sustainability                | 7     |
|19. Societal Relevance            | 8     |
|20. Future Research Potential     | 9     |

---

**Overall, this idea is highly innovative and theoretically sound, with high potential impact. Key areas to improve are empirical support in non-glioma tumors, risk assessment, and further consideration for scalability and replicability.**

### Metadata

- Generation Type: New (Significant Change)
- Parent Idea: 39
- Created as new idea due to significant change


================================================================================
TIMESTAMP: 2025-05-28 11:12:37
PHASE: Tournament Round 3, ROUND: 3, ELO SCORE: 1210.9
UNIQUE_ID: a6d57cb0-1037e757
================================================================================

## Tournament Results (Round 3)

**Rank:** 6 out of 20
**ELO Rating:** 1210.9

### Idea

**Title**: ** Generalizable Microbiome-Immune Axis in CNS Tumor Modulation

**Key Idea**: ** Microbiome-derived metabolites alter immune environments in diverse CNS tumors via BBB crossing and immune cell reprogramming.

**Paragraph 1**: **  
Building on the gut-brain-immune axis, this idea posits that gut microbiome metabolites, such as SCFAs and tryptophan derivatives, traverse the BBB and exert immunomodulatory effects across a spectrum of CNS tumors—not just glioma [Colombo 2021; Ma 2022]. This mechanism could underlie patient-to-patient differences in CNS tumor outcomes, offering a unified hypothesis for microbiome influence on brain tumor immunology. The approach is innovative in its broad applicability and mechanistic scope.

**Paragraph 2**: **  
Comparative studies will analyze CSF and tumor tissues from multiple CNS tumor models (glioma, medulloblastoma, metastases) in mice with altered microbiomes. Metabolomic profiling, immune cell phenotyping, and functional assays (e.g., T cell activation, cytokine analysis) will quantify metabolite-driven immune changes. Interventions blocking metabolite transport (pharmacologically or genetically) will test causality. The main challenge is accounting for tumor-type-specific microenvironments while maintaining a generalizable framework.

**Paragraph 3**: **  
Empirical support is strong, and the hypothesis is theoretically coherent, bridging microbiome and neuroimmunology [Colombo 2021; Ma 2022]. Explanatory power is high; predictive capability is robust for immune and therapeutic outcomes. Falsifiability is addressed through metabolite transport blockade. The approach is innovative, methodologically rigorous, and generalizable, with potential to identify microbiome-targeted adjuvants for brain tumor immunotherapy. Future research could focus on patient stratification or personalized microbiome modulation.

**Approach**: is innovative in its broad applicability and mechanistic scope.

**Key References**: ** [Colombo 2021], [Ma 2022]  
**Refinements:** Broadened tumor scope, specified interventions, highlighted generalizability, and clarified innovation.



