IDEA 73 EVOLUTION LOG

================================================================================
TIMESTAMP: 2025-05-28 11:20:39
PHASE: New Idea (Significant Change), ROUND: 4
UNIQUE_ID: f7a8a7b2-7f1b427f
================================================================================

## New Idea from Significant Change (Round 4)

This idea represents a significant change from Idea 59.

**Title**: ** BBB transporter expression modulates brain tumor immunity...

**Key Idea**: ** BBB transporter expression modulates brain tumor immunity by controlling entry of specific gut microbiome-derived metabolites.

**Approach**: is generalizable to other CNS pathologies. Methodological rigor is ensured by combined metabolomics, genetics, and imaging. Future research could harness transporter modulation for therapeutic benefit [Banks 2020].

## Comparison with Original

### Original Idea (ID: 59)

**Title**: ** Mechanistic Dissection of Stress Granule-m6A Interactions in Cancer

**Key Idea**: ** Detailed experimental mapping of stress granule and m6A interactions reveals new resistance mechanisms in cancer.

**Paragraph 1**: **  
This idea aims to dissect the mechanistic interplay between stress granule assembly and m6A mRNA modification in therapy-resistant cancers [Anders 2018; Barbieri 2017; Youn 2019]. By mapping the interactome and functional consequences, it seeks to identify new therapeutic vulnerabilities. The novelty is in the depth of mechanistic analysis and integration of spatial and epitranscriptomic data.

**Paragraph 2**: **  
SGs will be isolated and characterized for mRNA content and modifications. Interactome mapping (CLIP-seq, proteomics) will identify key players. Disruption experiments (CRISPR, RNAi, inhibitors) will assess functional relevance. In vivo validation will confirm translational potential.

**Paragraph 3**: **  
The model is supported by literature [Anders 2018; Barbieri 2017; Youn 2019], theoretically coherent, and falsifiable. Methodological rigor is enhanced by multi-modal analysis. The approach is innovative and opens new research avenues.

**Approach**: is innovative and opens new research avenues.

**Key References**: ** [Anders 2018], [Barbieri 2017], [Youn 2019]  
**Refinements:** Added mechanistic mapping, increased experimental detail, highlighted translational potential.

### Scientific Evaluation

| Criterion | Score |
|---|---:|
| Empirical Support | 5.0/10 |
| Theoretical Coherence | 7.0/10 |
| Explanatory Power | 6.0/10 |
| Predictive Capability | 7.0/10 |
| Falsifiability | 8.0/10 |
| Parsimony | 6.0/10 |
| Generalizability | 8.0/10 |
| Methodological Rigor | 8.0/10 |
| Innovation | 9.0/10 |
| Problem-Solving Utility | 7.0/10 |
| Interdisciplinary Impact | 8.0/10 |
| Ethical Considerations | 7.0/10 |
| Scalability | 6.0/10 |
| Replicability | 7.0/10 |
| Theoretical Foundation | 6.0/10 |
| Technological Feasibility | 7.0/10 |
| Risk Assessment | 5.0/10 |
| Sustainability | 6.0/10 |
| Societal Relevance | 8.0/10 |
| Future Research Potential | 9.0/10 |

### Detailed Evaluation

**Criterion 1 (Empirical Support):**  
Score: 5/10  
*Explanation:* There is some indirect evidence linking the BBB, transporters, and brain immunity, and emerging data on the gut-brain axis, but little direct empirical support for this specific mechanism (i.e., that BBB transporter expression modulates brain tumor immunity specifically via gut microbiome-derived metabolites).  
*Suggestions:* Reference any preclinical or omics studies suggesting BBB transporter modulation by microbial metabolites in brain tumor models. Collect pilot data or leverage existing datasets for initial correlations.

---

**Criterion 2 (Theoretical Coherence):**  
Score: 7/10  
*Explanation:* The idea is internally consistent and builds on known principles (gut-brain axis, BBB transporters, tumor immunology), though the mechanistic pathway is not fully mapped out.  
*Suggestions:* Clarify the hypothesized pathway with a detailed mechanistic schematic. Specify which transporters and microbial metabolites are most relevant.

---

**Criterion 3 (Explanatory Power):**  
Score: 6/10  
*Explanation:* The hypothesis could explain inter-individual variability in brain tumor immunity, but the explanatory scope is currently limited by vague mechanistic details.  
*Suggestions:* Identify specific clinical or experimental phenomena that this model could explain, such as differential immune infiltration in glioma.

---

**Criterion 4 (Predictive Capability):**  
Score: 7/10  
*Explanation:* The hypothesis generates testable predictions (e.g., altering transporter expression changes immune response in brain tumors), but these predictions are broad and somewhat nonspecific.  
*Suggestions:* Formulate more precise predictions, such as effects of specific transporter knockouts or defined metabolite supplementation.

---

**Criterion 5 (Falsifiability):**  
Score: 8/10  
*Explanation:* The hypothesis is clearly falsifiable through genetic or pharmacological manipulation of transporters and measurement of immune responses.  
*Suggestions:* Define clear experimental endpoints and negative controls.

---

**Criterion 6 (Parsimony):**  
Score: 6/10  
*Explanation:* The idea is moderately complex, involving multiple biological systems. The mechanism is not overly convoluted but could be streamlined.  
*Suggestions:* Focus on the most prominent transporter(s) and microbial metabolite(s) to simplify the model.

---

**Criterion 7 (Generalizability):**  
Score: 8/10  
*Explanation:* The approach is theoretically generalizable to other CNS pathologies and potentially other cancers with BBB involvement.  
*Suggestions:* Propose pilot studies in other CNS diseases, or compare with non-tumor controls.

---

**Criterion 8 (Methodological Rigor):**  
Score: 8/10  
*Explanation:* The use of metabolomics, genetics, and imaging suggests a rigorous, multi-modal approach.  
*Suggestions:* Pre-register protocols and ensure robust experimental controls.

---

**Criterion 9 (Innovation):**  
Score: 9/10  
*Explanation:* The hypothesis is highly innovative; few, if any, studies directly connect gut microbiome metabolites, BBB transporters, and brain tumor immunity.  
*Suggestions:* Survey patent and preprint literature to confirm novelty, and further highlight unexplored mechanistic links.

---

**Criterion 10 (Problem-Solving Utility):**  
Score: 7/10  
*Explanation:* If validated, the hypothesis could open new therapeutic avenues for hard-to-treat brain tumors. However, the translational pathway is unproven.  
*Suggestions:* Outline specific therapeutic strategies or interventions based on transporter modulation.

---

**Criterion 11 (Interdisciplinary Impact):**  
Score: 8/10  
*Explanation:* The idea bridges oncology, neuroscience, immunology, and microbiome research, and could catalyze cross-disciplinary collaboration.  
*Suggestions:* Engage experts from each relevant field in project planning.

---

**Criterion 12 (Ethical Considerations):**  
Score: 7/10  
*Explanation:* Ethical issues are moderate—animal studies, human tissue, and potential microbiome/BBB modulation therapies require oversight.  
*Suggestions:* Develop clear ethical protocols for animal and human studies; consider potential off-target effects.

---

**Criterion 13 (Scalability):**  
Score: 6/10  
*Explanation:* Initial studies may be resource-intensive, and translation to clinical applications could be complex.  
*Suggestions:* Pilot in scalable in vitro or organoid models, and plan for phased animal-to-human studies.

---

**Criterion 14 (Replicability):**  
Score: 7/10  
*Explanation:* The use of omics and genetic models supports replicability, but microbiome and BBB differences between labs could pose challenges.  
*Suggestions:* Standardize protocols and share data/methods openly for reproducibility.

---

**Criterion 15 (Theoretical Foundation):**  
Score: 6/10  
*Explanation:* The proposal is grounded in established fields but stretches beyond current theoretical frameworks by linking disparate mechanisms.  
*Suggestions:* Further integrate foundational literature from BBB biology, immunology, and the microbiome.

---

**Criterion 16 (Technological Feasibility):**  
Score: 7/10  
*Explanation:* The required technologies (omics, imaging, genetic models) are available but require significant expertise and infrastructure.  
*Suggestions:* Partner with core facilities and experts in metabolomics and imaging.

---

**Criterion 17 (Risk Assessment):**  
Score: 5/10  
*Explanation:* There are moderate-to-high risks: biological complexity, negative/ambiguous results, and translatability.  
*Suggestions:* Stage the research to allow go/no-go decisions; design robust negative controls.

---

**Criterion 18 (Sustainability):**  
Score: 6/10  
*Explanation:* The research is resource-intensive and may require ongoing, high-level funding and expertise.  
*Suggestions:* Seek multi-year funding and build modular project components for adaptability.

---

**Criterion 19 (Societal Relevance):**  
Score: 8/10  
*Explanation:* Brain tumors are devastating and poorly treated; new hypotheses that may improve outcomes are highly relevant.  
*Suggestions:* Engage patient advocacy groups and clinicians early in the research process.

---

**Criterion 20 (Future Research Potential):**  
Score: 9/10  
*Explanation:* The hypothesis could open multiple new research directions in immuno-oncology, neuroimmunology, and microbiome science.  
*Suggestions:* Design the project to yield datasets and models that can be shared for wide future use.

---

**Summary:**  
This idea is highly innovative and has strong interdisciplinary and future research potential. Its main weaknesses are in empirical support, theoretical foundation, and risk assessment. These can be addressed through pilot studies, focused mechanistic hypotheses, robust methodology, and engagement with relevant experts.

### Metadata

- Generation Type: New (Significant Change)
- Parent Idea: 59
- Created as new idea due to significant change


================================================================================
TIMESTAMP: 2025-05-28 11:24:52
PHASE: Tournament Round 4, ROUND: 4, ELO SCORE: 1243.4
UNIQUE_ID: f7a8a7b2-7f1b427f
================================================================================

## Tournament Results (Round 4)

**Rank:** 6 out of 19
**ELO Rating:** 1243.4

### Idea

**Title**: ** BBB transporter expression modulates brain tumor immunity...

**Key Idea**: ** BBB transporter expression modulates brain tumor immunity by controlling entry of specific gut microbiome-derived metabolites.

**Approach**: is generalizable to other CNS pathologies. Methodological rigor is ensured by combined metabolomics, genetics, and imaging. Future research could harness transporter modulation for therapeutic benefit [Banks 2020].



