IDEA 55 EVOLUTION LOG

================================================================================
TIMESTAMP: 2025-05-28 11:08:49
PHASE: Evolution, ROUND: 3
UNIQUE_ID: 016237d8-bff21197
================================================================================

## Refined Idea (Round 3)

**Title**: ** Metabolomic and Immunophenotypic Profiling in Microbiome-Tumor Crosstalk

**Key Idea**: ** Integrated metabolomics and immune profiling reveal microbiome-driven modulators of brain tumor immunity.

**Paragraph 1**: **  
This idea integrates metabolomics and immunophenotyping to systematically identify microbiome-derived metabolites that alter brain tumor immune environments [Colombo 2021]. By mapping the interplay between gut flora, metabolite transfer, and CNS immune responses, it seeks to uncover novel modulators of tumor progression and therapeutic response. The novelty is in the systems-level, multimodal approach.

**Paragraph 2**: **  
Murine brain tumor models with manipulated gut microbiota will undergo CSF/tumor metabolomics and immune cell profiling (flow cytometry, scRNA-seq). BBB permeability assays will confirm metabolite transfer. Functional interventions (e.g., metabolite supplementation) will test causality. Challenges include resolving the complexity of metabolite-immune interactions and ensuring specificity.

**Paragraph 3**: **  
Supported by recent microbiome–brain tumor literature [Colombo 2021], the model is theoretically sound and falsifiable. Explanatory and predictive potential are high; methodological rigor is ensured by integrated multi-omics. The approach is innovative and generalizable, with future potential for identifying actionable targets.

**Approach**: .

**Key References**: ** [Colombo 2021]  
**Refinements:** Clarified systems-level integration, emphasized functional testing, strengthened causal inference.

## Comparison with Original

### Original Idea (ID: 40)

**Title**: ** Metabolomics, BBB permeability assays, gut flor...

**Approach**: ** Metabolomics, BBB permeability assays, gut flora manipulation, immune phenotyping in brain tumor models.

### Scientific Evaluation

| Criterion | Score |
|---|---:|
| Empirical Support | 6.0/10 |
| Theoretical Coherence | 8.0/10 |
| Explanatory Power | 7.0/10 |
| Predictive Capability | 7.0/10 |
| Falsifiability | 8.0/10 |
| Parsimony | 6.0/10 |
| Generalizability | 7.0/10 |
| Methodological Rigor | 8.0/10 |
| Innovation | 9.0/10 |
| Problem-Solving Utility | 7.0/10 |
| Interdisciplinary Impact | 8.0/10 |
| Ethical Considerations | 7.0/10 |
| Scalability | 6.0/10 |
| Replicability | 7.0/10 |
| Theoretical Foundation | 7.0/10 |
| Technological Feasibility | 7.0/10 |
| Risk Assessment | 6.0/10 |
| Sustainability | 6.0/10 |
| Societal Relevance | 8.0/10 |
| Future Research Potential | 9.0/10 |

### Detailed Evaluation

Certainly! Here is the comprehensive evaluation of the research idea **"Metabolomic and Immunophenotypic Profiling in Microbiome-Tumor Crosstalk"** against your 20 scientific criteria, including scores, rationales, and suggestions for improvement.

---

**Criterion 1: Empirical Support**

**Score: 6/10**  
*Rationale:* The concept is grounded in recent literature suggesting the microbiome impacts brain tumor immunity (e.g., Colombo 2021), but direct empirical evidence for the specific proposed crosstalk, especially the identification and mechanistic validation of microbiome-derived metabolites influencing CNS tumor immunity, remains sparse.  
*Suggestions for Improvement:*  
- Reference additional preliminary data or pilot studies supporting metabolite transfer and immune modulation in brain tumors.  
- Incorporate more empirical examples from related cancer types to strengthen justification.

---

**Criterion 2: Theoretical Coherence**

**Score: 8/10**  
*Rationale:* The integration of metabolomics, immunophenotyping, and microbiome science is logically consistent and well-rationalized, with a clear systems-level framework.  
*Suggestions for Improvement:*  
- Explicitly articulate the hypothesized mechanistic pathways, perhaps in diagrammatic form.  
- Clarify how findings will distinguish direct vs. indirect effects.

---

**Criterion 3: Explanatory Power**

**Score: 7/10**  
*Rationale:* The hypothesis has high potential to explain variation in tumor immune responses and progression, especially regarding previously unexplained heterogeneity.  
*Suggestions for Improvement:*  
- Define specific immune phenomena or resistance mechanisms anticipated to be explained.  
- Plan for correlational and causal analyses to strengthen explanatory claims.

---

**Criterion 4: Predictive Capability**

**Score: 7/10**  
*Rationale:* The approach enables testable predictions, such as specific metabolites modulating immune cell populations or response to therapy.  
*Suggestions for Improvement:*  
- Pre-register clear, falsifiable predictions (e.g., “Metabolite X increases Treg infiltration in GBM”).  
- Develop computational models to enhance predictive power.

---

**Criterion 5: Falsifiability**

**Score: 8/10**  
*Rationale:* The hypothesis is clearly falsifiable through functional interventions and multi-omics profiling.  
*Suggestions for Improvement:*  
- Specify clear negative controls and criteria for falsification.  
- Plan for robust statistical thresholds.

---

**Criterion 6: Parsimony**

**Score: 6/10**  
*Rationale:* The systems-level approach is somewhat complex, integrating multiple data types and interventions, which may reduce parsimony.  
*Suggestions for Improvement:*  
- Prioritize a minimal set of key variables or pathways for initial validation.  
- Simplify the experimental design where possible.

---

**Criterion 7: Generalizability**

**Score: 7/10**  
*Rationale:* The approach is generalizable to other CNS tumors and potentially other organ systems, but initial focus is narrow.  
*Suggestions for Improvement:*  
- Propose parallel studies in non-CNS tumors.  
- Discuss how findings might apply to diverse patient populations.

---

**Criterion 8: Methodological Rigor**

**Score: 8/10**  
*Rationale:* The multi-omics methodology, causal interventions, and controls indicate strong rigor.  
*Suggestions for Improvement:*  
- Detail statistical analysis plans and blinding procedures.  
- Include power analyses and replication plans.

---

**Criterion 9: Innovation**

**Score: 9/10**  
*Rationale:* The integration of metabolomics, immunophenotyping, and microbiome manipulation in brain tumors is highly original and not yet widely reported.  
*Suggestions for Improvement:*  
- Emphasize aspects that are truly unprecedented in the literature.  
- Consider including novel analytical technologies or AI-driven analyses.

---

**Criterion 10: Problem-Solving Utility**

**Score: 7/10**  
*Rationale:* Identifying actionable microbiome-metabolite-immune interactions could yield new therapeutic targets for hard-to-treat brain cancers.  
*Suggestions for Improvement:*  
- Outline how findings could translate into clinical interventions.  
- Address potential hurdles to clinical adoption.

---

**Criterion 11: Interdisciplinary Impact**

**Score: 8/10**  
*Rationale:* The project bridges oncology, immunology, microbiology, and metabolomics, fostering interdisciplinary collaboration.  
*Suggestions for Improvement:*  
- Engage with computational scientists and data modelers for broader impact.  
- Highlight potential impacts in neurology and psychiatry.

---

**Criterion 12: Ethical Considerations**

**Score: 7/10**  
*Rationale:* Animal models and interventions are ethically justified, but human translation may raise issues with microbiome manipulation.  
*Suggestions for Improvement:*  
- Develop an explicit ethics protocol, especially for first-in-human applications.  
- Include patient and public engagement plans.

---

**Criterion 13: Scalability**

**Score: 6/10**  
*Rationale:* The multi-omics and animal intervention studies are resource-intensive and may be difficult to scale.  
*Suggestions for Improvement:*  
- Pilot scalable, high-throughput screening approaches.  
- Explore in vitro models for initial screens.

---

**Criterion 14: Replicability**

**Score: 7/10**  
*Rationale:* Multi-omics studies can be replicated, but complex interventions may introduce variability.  
*Suggestions for Improvement:*  
- Standardize protocols and reagents.  
- Encourage multi-center replication.

---

**Criterion 15: Theoretical Foundation**

**Score: 7/10**  
*Rationale:* The hypothesis builds on established concepts in tumor immunology and microbiome science, but the specific mechanistic links are less well-established.  
*Suggestions for Improvement:*  
- Review and synthesize broader foundational literature.  
- Identify and address theoretical gaps.

---

**Criterion 16: Technological Feasibility**

**Score: 7/10**  
*Rationale:* State-of-the-art technologies are available for metabolomics and immune profiling, but BBB assays and microbiome manipulation in brain tumor models are technically challenging.  
*Suggestions for Improvement:*  
- Collaborate with experts in BBB modeling and metabolomics.  
- Pilot and optimize technical protocols before full-scale studies.

---

**Criterion 17: Risk Assessment**

**Score: 6/10**  
*Rationale:* The project faces risks from biological complexity, confounding variables, and technical challenges in tracing metabolite effects.  
*Suggestions for Improvement:*  
- Develop contingency plans for unexpected results.  
- Use computational simulations to anticipate confounders.

---

**Criterion 18: Sustainability**

**Score: 6/10**  
*Rationale:* High resource requirements and animal use may limit sustainability in the long term.  
*Suggestions for Improvement:*  
- Incorporate more sustainable research practices (e.g., reduce animal numbers with better in vitro models, share data openly).  
- Plan for efficient resource allocation.

---

**Criterion 19: Societal Relevance**

**Score: 8/10**  
*Rationale:* Brain tumors are devastating and poorly treatable; new insights could have major societal impact.  
*Suggestions for Improvement:*  
- Engage patient advocacy groups early.  
- Communicate societal benefits of microbiome research to the public.

---

**Criterion 20: Future Research Potential**

**Score: 9/10**  
*Rationale:* Findings could open multiple new research areas in cancer biology, immunology, and microbiome science.  
*Suggestions for Improvement:*  
- Propose specific follow-up studies and translational pathways.  
- Plan for data sharing to maximize downstream research.

---

**Summary Table**

| Criterion                        | Score (/10) |
|-----------------------------------|-------------|
| 1. Empirical Support              | 6           |
| 2. Theoretical Coherence          | 8           |
| 3. Explanatory Power              | 7           |
| 4. Predictive Capability          | 7           |
| 5. Falsifiability                 | 8           |
| 6. Parsimony                      | 6           |
| 7. Generalizability               | 7           |
| 8. Methodological Rigor           | 8           |
| 9. Innovation                     | 9           |
| 10. Problem-Solving Utility       | 7           |
| 11. Interdisciplinary Impact      | 8           |
| 12. Ethical Considerations        | 7           |
| 13. Scalability                   | 6           |
| 14. Replicability                 | 7           |
| 15. Theoretical Foundation        | 7           |
| 16. Technological Feasibility     | 7           |
| 17. Risk Assessment               | 6           |
| 18. Sustainability                | 6           |
| 19. Societal Relevance            | 8           |
| 20. Future Research Potential     | 9           |

Let me know if you would like a more concise summary or a comparison with another idea.

### Metadata

- Generation Type: Refinement
- Parent Idea: 40
- Refinement Count: 0


================================================================================
TIMESTAMP: 2025-05-28 11:12:37
PHASE: Tournament Round 3, ROUND: 3, ELO SCORE: 1173.3
UNIQUE_ID: 016237d8-bff21197
================================================================================

## Tournament Results (Round 3)

**Rank:** 20 out of 20
**ELO Rating:** 1173.3

### Idea

**Title**: ** Metabolomic and Immunophenotypic Profiling in Microbiome-Tumor Crosstalk

**Key Idea**: ** Integrated metabolomics and immune profiling reveal microbiome-driven modulators of brain tumor immunity.

**Paragraph 1**: **  
This idea integrates metabolomics and immunophenotyping to systematically identify microbiome-derived metabolites that alter brain tumor immune environments [Colombo 2021]. By mapping the interplay between gut flora, metabolite transfer, and CNS immune responses, it seeks to uncover novel modulators of tumor progression and therapeutic response. The novelty is in the systems-level, multimodal approach.

**Paragraph 2**: **  
Murine brain tumor models with manipulated gut microbiota will undergo CSF/tumor metabolomics and immune cell profiling (flow cytometry, scRNA-seq). BBB permeability assays will confirm metabolite transfer. Functional interventions (e.g., metabolite supplementation) will test causality. Challenges include resolving the complexity of metabolite-immune interactions and ensuring specificity.

**Paragraph 3**: **  
Supported by recent microbiome–brain tumor literature [Colombo 2021], the model is theoretically sound and falsifiable. Explanatory and predictive potential are high; methodological rigor is ensured by integrated multi-omics. The approach is innovative and generalizable, with future potential for identifying actionable targets.

**Approach**: .

**Key References**: ** [Colombo 2021]  
**Refinements:** Clarified systems-level integration, emphasized functional testing, strengthened causal inference.



