IDEA 29 EVOLUTION LOG

================================================================================
TIMESTAMP: 2025-05-28 10:54:18
PHASE: New Idea (Significant Change), ROUND: 2
UNIQUE_ID: 7123b0df-d2158269
================================================================================

## New Idea from Significant Change (Round 2)

This idea represents a significant change from Idea 3.

**Title**: ** Resistant melanoma cells exploit specialized ribosome var...

**Key Idea**: ** Resistant melanoma cells exploit specialized ribosome variants to selectively translate pro-survival gene networks.

## Comparison with Original

### Original Idea (ID: 3)

**Title**: ** Triple-negative breast cancer (TNBC) cells hijack neural...

**Key Idea**: ** Triple-negative breast cancer (TNBC) cells hijack neural crest developmental pathways to enhance plasticity and metastatic potential.

**Approach**: is rigorous and has strong future research potential, possibly revealing new differentiation-based therapeutic strategies.

**Key References**: ** Lotti F et al. "Developmental pathways in cancer metastasis." Cancer Metastasis Rev. 2013.

### Scientific Evaluation

| Criterion | Score |
|---|---:|
| Empirical Support | 3.0/10 |
| Theoretical Coherence | 7.0/10 |
| Explanatory Power | 6.0/10 |
| Predictive Capability | 7.0/10 |
| Falsifiability | 8.0/10 |
| Parsimony | 5.0/10 |
| Generalizability | 6.0/10 |
| Methodological Rigor | 6.0/10 |
| Innovation | 9.0/10 |
| Problem-Solving Utility | 7.0/10 |
| Interdisciplinary Impact | 7.0/10 |
| Ethical Considerations | 7.0/10 |
| Scalability | 6.0/10 |
| Replicability | 6.0/10 |
| Theoretical Foundation | 5.0/10 |
| Technological Feasibility | 6.0/10 |
| Risk Assessment | 5.0/10 |
| Sustainability | 6.0/10 |
| Societal Relevance | 8.0/10 |
| Future Research Potential | 9.0/10 |

### Detailed Evaluation

Certainly! Below is a detailed evaluation of your research idea, “Resistant melanoma cells exploit specialized ribosome variants to selectively translate pro-survival gene networks,” against the 20 scientific criteria:

---

### 1. Empirical Support  
**Score: 3/10**  
**Rationale:**  
Evidence for specialized ribosomes in cancer is emergent but limited, particularly in melanoma. There are some studies indicating ribosome heterogeneity and translational control in other cancers, but specific proof for this mechanism in resistant melanoma is currently lacking.  
**Suggestions:**  
- Reference any preliminary data or analogous findings in other cancer types.  
- Design pilot experiments to test for ribosome heterogeneity in resistant melanoma cell lines.

---

### 2. Theoretical Coherence  
**Score: 7/10**  
**Rationale:**  
The idea is logically structured: if ribosome specialization exists, it could enable selective translation of pro-survival genes. However, the mechanistic details (which ribosome variants, which gene networks) are underdeveloped.  
**Suggestions:**  
- Elaborate on the proposed mechanism—what ribosomal proteins or rRNA modifications are involved?  
- Define the gene networks hypothesized to be affected.

---

### 3. Explanatory Power  
**Score: 6/10**  
**Rationale:**  
This hypothesis could explain why some melanoma cells survive targeted therapies, beyond known genetic mutations. However, alternative mechanisms are already well-discussed in the literature.  
**Suggestions:**  
- Link the hypothesis to specific, unexplained observations in drug-resistant melanoma.  
- Illustrate how this mechanism could account for resistance profiles that other models cannot explain.

---

### 4. Predictive Capability  
**Score: 7/10**  
**Rationale:**  
The hypothesis generates testable predictions: disrupting specialized ribosomes should sensitize resistant cells.  
**Suggestions:**  
- Clearly state specific, falsifiable predictions (e.g., “Knockdown of ribosomal protein X will reduce translation of Y genes in resistant melanoma cells”).  
- Propose experiments using ribosome profiling and CRISPR screens.

---

### 5. Falsifiability  
**Score: 8/10**  
**Rationale:**  
The idea is experimentally falsifiable: one can test for the existence and function of specialized ribosomes.  
**Suggestions:**  
- Define clear criteria for disproof (e.g., absence of ribosome variants in resistant cells).  
- Plan both positive and negative control experiments.

---

### 6. Parsimony  
**Score: 5/10**  
**Rationale:**  
The idea adds mechanistic complexity relative to traditional models (e.g., mutations, signaling pathways).  
**Suggestions:**  
- Justify why an additional layer (ribosome specialization) is necessary beyond existing explanations.  
- Simplify the hypothesis to focus on the most plausible ribosome variants.

---

### 7. Generalizability  
**Score: 6/10**  
**Rationale:**  
The concept could extend to other cancers and contexts of drug resistance but is currently framed narrowly.  
**Suggestions:**  
- Discuss broader applicability to other hard-to-treat malignancies.  
- Propose comparative studies across different cancer types.

---

### 8. Methodological Rigor  
**Score: 6/10**  
**Rationale:**  
Testing this requires advanced techniques (ribosome profiling, proteomics), which are rigorous but challenging.  
**Suggestions:**  
- Provide a detailed experimental plan with controls and validation steps.  
- Collaborate with experts in ribosome biology.

---

### 9. Innovation  
**Score: 9/10**  
**Rationale:**  
The idea is highly original and largely unexplored in the context of resistant melanoma.  
**Suggestions:**  
- Highlight the novelty in grant proposals and publications.  
- Consider patenting aspects if translationally relevant.

---

### 10. Problem-Solving Utility  
**Score: 7/10**  
**Rationale:**  
If validated, targeting specialized ribosomes could open new therapeutic avenues.  
**Suggestions:**  
- Identify druggable targets within the specialized ribosome machinery.  
- Outline translational steps for therapeutic development.

---

### 11. Interdisciplinary Impact  
**Score: 7/10**  
**Rationale:**  
The idea bridges cancer biology, molecular biology, and translational research.  
**Suggestions:**  
- Engage researchers in structural biology and drug development.  
- Explore potential relevance to immunology and cell stress responses.

---

### 12. Ethical Considerations  
**Score: 7/10**  
**Rationale:**  
No major ethical concerns, as research is preclinical. Targeting ribosomes may have off-target effects.  
**Suggestions:**  
- Consider potential impacts on normal tissue homeostasis.  
- Include bioethicists in the development of translational applications.

---

### 13. Scalability  
**Score: 6/10**  
**Rationale:**  
The approach is scalable in cell lines and animal models, but human application may be complex.  
**Suggestions:**  
- Pilot studies with patient-derived xenografts or organoids.  
- Plan for scaling up to clinical trials if validated.

---

### 14. Replicability  
**Score: 6/10**  
**Rationale:**  
Requires highly specialized techniques, which may limit replication across labs.  
**Suggestions:**  
- Standardize protocols and make them publicly available.  
- Use widely accessible cell lines and clear reporting of methods.

---

### 15. Theoretical Foundation  
**Score: 5/10**  
**Rationale:**  
Grounded in emerging but not established knowledge of ribosome specialization in cancer.  
**Suggestions:**  
- Build stronger connections to foundational work in translation regulation.  
- Reference analogous phenomena in other biological contexts.

---

### 16. Technological Feasibility  
**Score: 6/10**  
**Rationale:**  
Ribosome profiling and targeted manipulation are feasible but require expertise and resources.  
**Suggestions:**  
- Partner with labs experienced in these techniques.  
- Leverage core facilities.

---

### 17. Risk Assessment  
**Score: 5/10**  
**Rationale:**  
High risk due to technical challenges and the novelty of the field; possible failure to detect meaningful variants.  
**Suggestions:**  
- Mitigate risk with incremental objectives and pilot studies.  
- Prepare alternative approaches if key experiments fail.

---

### 18. Sustainability  
**Score: 6/10**  
**Rationale:**  
Research can be sustained in academic settings; translation to clinic would require significant investment.  
**Suggestions:**  
- Plan for staged funding with go/no-go decision points.  
- Explore public-private partnerships.

---

### 19. Societal Relevance  
**Score: 8/10**  
**Rationale:**  
Addresses a major health challenge; could benefit patients with drug-resistant melanoma and possibly other cancers.  
**Suggestions:**  
- Engage patient advocacy groups.  
- Communicate potential benefits and risks to the public.

---

### 20. Future Research Potential  
**Score: 9/10**  
**Rationale:**  
Opens up multiple lines of inquiry (ribosome variants, translational control, resistance mechanisms).  
**Suggestions:**  
- Outline a roadmap for follow-up studies (e.g., structure-function analysis, therapeutic targeting).  
- Encourage interdisciplinary collaborations.

---

**Summary Table:**

| Criterion                         | Score (/10) |
|------------------------------------|-------------|
| Empirical Support                  | 3           |
| Theoretical Coherence              | 7           |
| Explanatory Power                  | 6           |
| Predictive Capability              | 7           |
| Falsifiability                     | 8           |
| Parsimony                          | 5           |
| Generalizability                   | 6           |
| Methodological Rigor               | 6           |
| Innovation                         | 9           |
| Problem-Solving Utility            | 7           |
| Interdisciplinary Impact           | 7           |
| Ethical Considerations             | 7           |
| Scalability                        | 6           |
| Replicability                      | 6           |
| Theoretical Foundation             | 5           |
| Technological Feasibility          | 6           |
| Risk Assessment                    | 5           |
| Sustainability                     | 6           |
| Societal Relevance                 | 8           |
| Future Research Potential          | 9           |

---

**Overall Remarks:**  
This hypothesis is highly innovative and aligns with the research goal of radical novelty for hard-to-treat cancers. Immediate next steps should focus on establishing empirical support and refining the mechanistic details, as well as addressing technical and replication challenges through robust methodological planning.

### Metadata

- Generation Type: New (Significant Change)
- Parent Idea: 3
- Created as new idea due to significant change


================================================================================
TIMESTAMP: 2025-05-28 10:59:37
PHASE: Tournament Round 2, ROUND: 2, ELO SCORE: 1190.3
UNIQUE_ID: 7123b0df-d2158269
================================================================================

## Tournament Results (Round 2)

**Rank:** 17 out of 19
**ELO Rating:** 1190.3

### Idea

**Title**: ** Resistant melanoma cells exploit specialized ribosome var...

**Key Idea**: ** Resistant melanoma cells exploit specialized ribosome variants to selectively translate pro-survival gene networks.



