IDEA 22 EVOLUTION LOG

================================================================================
TIMESTAMP: 2025-05-28 10:51:18
PHASE: New Idea (Significant Change), ROUND: 2
UNIQUE_ID: 6be8146b-819c7305
================================================================================

## New Idea from Significant Change (Round 2)

This idea represents a significant change from Idea 11.

**Title**: ** Stress granules in pancreatic cancer cells sequester and...

**Key Idea**: ** Stress granules in pancreatic cancer cells sequester and epitranscriptomically modify mRNAs, promoting adaptive dormancy and therapy evasion.

## Comparison with Original

### Original Idea (ID: 11)

**Title**: ** Resistant melanoma cells exploit specialized ribosome var...

**Key Idea**: ** Resistant melanoma cells exploit specialized ribosome variants to reprogram translation of pro-survival gene networks.

**Approach**: ** Characterize ribosome variants and translational outputs in resistant melanoma; disrupt ribosomal proteins; assess resistance.

**Key References**: ** Shi Z et al. "Specialized ribosomes: a new frontier in gene regulation and organismal biology." Nat Rev Mol Cell Biol. 2017.

### Scientific Evaluation

| Criterion | Score |
|---|---:|
| Empirical Support | 4.0/10 |
| Theoretical Coherence | 7.0/10 |
| Explanatory Power | 8.0/10 |
| Predictive Capability | 7.0/10 |
| Falsifiability | 8.0/10 |
| Parsimony | 6.0/10 |
| Generalizability | 6.0/10 |
| Methodological Rigor | 7.0/10 |
| Innovation | 9.0/10 |
| Problem-Solving Utility | 8.0/10 |
| Interdisciplinary Impact | 7.0/10 |
| Ethical Considerations | 8.0/10 |
| Scalability | 6.0/10 |
| Replicability | 7.0/10 |
| Theoretical Foundation | 6.0/10 |
| Technological Feasibility | 7.0/10 |
| Risk Assessment | 6.0/10 |
| Sustainability | 7.0/10 |
| Societal Relevance | 9.0/10 |
| Future Research Potential | 9.0/10 |

### Detailed Evaluation

Certainly! Here is a detailed evaluation of the idea "**Stress granules in pancreatic cancer cells sequester and epitranscriptomically modify mRNAs, promoting adaptive dormancy and therapy evasion**" against the 20 scientific criteria, with explanations and improvement suggestions for each.

---

### 1. Empirical Support  
**Score: 4/10**  
**Rationale:**  
There is emerging evidence linking stress granules to cancer cell adaptation and therapy resistance, but the specific mechanism involving **epitranscriptomic** modification in pancreatic cancer cells is not well documented in existing literature.  
**Improvement:**  
Strengthen the empirical support by reviewing related stress granule and epitranscriptomic literature, and by proposing pilot experiments using RNA-seq and mass spectrometry to detect modifications in stress granule-associated mRNAs.

---

### 2. Theoretical Coherence  
**Score: 7/10**  
**Rationale:**  
The idea logically connects cellular stress responses, mRNA regulation, and cancer cell dormancy. The potential for stress granules to influence adaptive behaviors is theoretically sound, though the precise epitranscriptomic mechanism needs clearer articulation.  
**Improvement:**  
Provide a more detailed mechanistic model of how stress granule sequestration leads to epitranscriptomic changes and adaptive dormancy.

---

### 3. Explanatory Power  
**Score: 8/10**  
**Rationale:**  
The hypothesis could help explain why pancreatic cancer cells are notoriously resistant to treatment and prone to relapse, offering a cohesive explanation for dormancy and therapy evasion.  
**Improvement:**  
Link the hypothesis to specific clinical patterns (e.g., patient relapse timelines) and known molecular signatures of dormant cells.

---

### 4. Predictive Capability  
**Score: 7/10**  
**Rationale:**  
The idea generates clear, testable predictions: interfering with stress granules or specific mRNA modifications should reduce dormancy and therapy evasion.  
**Improvement:**  
List precise, falsifiable predictions (e.g., knockdown of stress granule components reduces m6A-modification of dormancy-related mRNAs).

---

### 5. Falsifiability  
**Score: 8/10**  
**Rationale:**  
The hypothesis is directly testable: if no epitranscriptomic changes are found or if disrupting stress granules has no effect, the idea is disproven.  
**Improvement:**  
Predefine experimental endpoints and negative controls to ensure robust falsifiability.

---

### 6. Parsimony  
**Score: 6/10**  
**Rationale:**  
The idea is moderately complex, proposing a multi-level process (stress response, mRNA modification, adaptive phenotype). It’s not the simplest explanation but avoids unnecessary complexity.  
**Improvement:**  
Clarify which epitranscriptomic modifications and stress granule components are essential to the mechanism.

---

### 7. Generalizability  
**Score: 6/10**  
**Rationale:**  
While focused on pancreatic cancer, the stress granule mechanism could apply to other therapy-resistant cancers, but the epitranscriptomic angle may be more cell-type specific.  
**Improvement:**  
Explore evidence or predictions for similar processes in other hard-to-treat cancers (e.g., glioblastoma, ovarian).

---

### 8. Methodological Rigor  
**Score: 7/10**  
**Rationale:**  
The idea is amenable to rigorous experimental design (RNA immunoprecipitation, m6A mapping, CRISPR knockouts), provided appropriate controls are used.  
**Improvement:**  
Outline a detailed experimental plan including replicates, controls, and orthogonal validation methods.

---

### 9. Innovation  
**Score: 9/10**  
**Rationale:**  
Combining stress granule biology with epitranscriptomic regulation in therapy resistance is highly novel and not yet well explored in literature.  
**Improvement:**  
Strengthen the case for uniqueness by performing a more thorough literature review to ensure the hypothesis is not previously proposed.

---

### 10. Problem-Solving Utility  
**Score: 8/10**  
**Rationale:**  
If validated, this mechanism could reveal new drug targets for preventing relapse and therapy resistance in pancreatic cancer.  
**Improvement:**  
Suggest specific intervention points (e.g., small molecules, antisense oligonucleotides) that could disrupt this process.

---

### 11. Interdisciplinary Impact  
**Score: 7/10**  
**Rationale:**  
Touches on cancer biology, RNA biology, epigenetics, and possibly drug development, but could be more explicitly linked to immunology or systems biology.  
**Improvement:**  
Identify interdisciplinary collaborators (bioinformaticians, chemists, immunologists) to broaden impact.

---

### 12. Ethical Considerations  
**Score: 8/10**  
**Rationale:**  
Standard biomedical research ethics apply. No obvious ethical concerns, but patient-derived samples and animal models must be handled responsibly.  
**Improvement:**  
Include a brief statement on ethical sourcing of samples and animal welfare.

---

### 13. Scalability  
**Score: 6/10**  
**Rationale:**  
The basic research is scalable, but translation to clinical interventions (e.g., targeting stress granules) could be challenging.  
**Improvement:**  
Discuss strategies for scaling up from in vitro to in vivo and eventual clinical studies.

---

### 14. Replicability  
**Score: 7/10**  
**Rationale:**  
Assays for stress granules, mRNA modifications, and functional cell states are standard and replicable with proper protocols.  
**Improvement:**  
Pre-register methods and share detailed protocols to enhance reproducibility.

---

### 15. Theoretical Foundation  
**Score: 6/10**  
**Rationale:**  
Grounded in recent advances in stress granule and epitranscriptomic biology, though the specific link to adaptive dormancy is underdeveloped in current theory.  
**Improvement:**  
Better integrate recent reviews or meta-analyses to strengthen the theoretical base.

---

### 16. Technological Feasibility  
**Score: 7/10**  
**Rationale:**  
Technologies for studying stress granules and mRNA modifications (CLIP-seq, m6A-seq, live-cell imaging) are available, though some are technically demanding.  
**Improvement:**  
Identify technical bottlenecks (e.g., sensitivity of modification detection) and propose solutions.

---

### 17. Risk Assessment  
**Score: 6/10**  
**Rationale:**  
Risks include technical challenges and the potential that stress granule modifications have minimal functional impact.  
**Improvement:**  
Propose contingency plans, such as complementary approaches (proteomics, single-cell analysis).

---

### 18. Sustainability  
**Score: 7/10**  
**Rationale:**  
Research can be conducted using existing laboratory techniques without excessive resource consumption; long-term sustainability depends on continued funding.  
**Improvement:**  
Consider resource-sharing (e.g., core facilities) and open data to improve sustainability.

---

### 19. Societal Relevance  
**Score: 9/10**  
**Rationale:**  
Pancreatic cancer is highly lethal and resistant to therapy; breakthroughs here would have major societal health benefits.  
**Improvement:**  
Include patient advocacy groups in research planning and dissemination.

---

### 20. Future Research Potential  
**Score: 9/10**  
**Rationale:**  
If initial findings are positive, this opens multiple avenues: new cancer types, other RNA modifications, and stress adaptation pathways.  
**Improvement:**  
Define potential spin-off projects and collaborations at the outset.

---

**Summary:**  
This hypothesis is novel and promising, with strong innovation and societal value, though it would benefit from more explicit mechanistic articulation, a stronger empirical and theoretical basis, and careful planning for technological and translational hurdles.

### Metadata

- Generation Type: New (Significant Change)
- Parent Idea: 11
- Created as new idea due to significant change


================================================================================
TIMESTAMP: 2025-05-28 10:59:37
PHASE: Tournament Round 2, ROUND: 2, ELO SCORE: 1221.3
UNIQUE_ID: 6be8146b-819c7305
================================================================================

## Tournament Results (Round 2)

**Rank:** 6 out of 19
**ELO Rating:** 1221.3

### Idea

**Title**: ** Stress granules in pancreatic cancer cells sequester and...

**Key Idea**: ** Stress granules in pancreatic cancer cells sequester and epitranscriptomically modify mRNAs, promoting adaptive dormancy and therapy evasion.



