IDEA 96 EVOLUTION LOG

================================================================================
TIMESTAMP: 2025-05-28 11:34:11
PHASE: Evolution, ROUND: 5
UNIQUE_ID: c5a35015-b3a7db8d
================================================================================

## Refined Idea (Round 5)

**Title**: #### 4. **Ribosome Isoform Specialization in Melanoma Therapy Resistance**

**Key Idea**: #### 4. **Ribosome Isoform Specialization in Melanoma Therapy Resistance**

## Comparison with Original

### Original Idea (ID: 79)

**Title**: Untitled Idea

**Key References**: ** [Anders 2018], [Barbieri 2017], [Youn 2019], [He 2019]

### Scientific Evaluation

| Criterion | Score |
|---|---:|
| Empirical Support | 4.0/10 |
| Theoretical Coherence | 7.0/10 |
| Explanatory Power | 6.0/10 |
| Predictive Capability | 7.0/10 |
| Falsifiability | 8.0/10 |
| Parsimony | 5.0/10 |
| Generalizability | 6.0/10 |
| Methodological Rigor | 7.0/10 |
| Innovation | 9.0/10 |
| Problem-Solving Utility | 7.0/10 |
| Interdisciplinary Impact | 8.0/10 |
| Ethical Considerations | 8.0/10 |
| Scalability | 6.0/10 |
| Replicability | 7.0/10 |
| Theoretical Foundation | 6.0/10 |
| Technological Feasibility | 6.0/10 |
| Risk Assessment | 5.0/10 |
| Sustainability | 7.0/10 |
| Societal Relevance | 8.0/10 |
| Future Research Potential | 9.0/10 |

### Detailed Evaluation

Certainly! Here is a detailed evaluation of the research idea **“Ribosome Isoform Specialization in Melanoma Therapy Resistance”** against your 20 scientific criteria, focusing on novelty, feasibility, and transformative potential in the context of hard-to-treat cancers.

---

### 1. Empirical Support  
**Score: 4/10**  
**Rationale:**  
There is some emerging evidence that ribosome heterogeneity can influence translation and possibly disease states, but direct empirical data linking specific ribosome isoforms to melanoma therapy resistance is sparse or nonexistent.  
**Suggestions:**  
- Conduct a systematic literature review to find any indirect supportive studies.
- Gather preliminary data (e.g., ribosome profiling in resistant vs. sensitive melanoma lines) to establish a foundation.

---

### 2. Theoretical Coherence  
**Score: 7/10**  
**Rationale:**  
The hypothesis is internally logical and aligns with recent concepts of ribosome specialization influencing cell fate, but the application to therapy resistance in melanoma is speculative and underdeveloped conceptually.  
**Suggestions:**  
- Clearly articulate mechanisms by which isoform differences could confer drug resistance.
- Develop a model schema for ribosome isoform roles in melanoma.

---

### 3. Explanatory Power  
**Score: 6/10**  
**Rationale:**  
If true, this idea could explain unexplained heterogeneity in therapy response. However, the direct connection to clinical observations remains to be established.  
**Suggestions:**  
- Link specific ribosome isoforms to known resistant cell phenotypes or gene expression signatures.

---

### 4. Predictive Capability  
**Score: 7/10**  
**Rationale:**  
The hypothesis makes testable predictions (e.g., altering ribosome isoform expression will change resistance), but it needs more operationalized predictions.  
**Suggestions:**  
- Define explicit, falsifiable predictions, such as specific isoform upregulation in resistant tumors.

---

### 5. Falsifiability  
**Score: 8/10**  
**Rationale:**  
Experimental approaches (knockdown/overexpression, isoform profiling) can readily falsify the hypothesis.  
**Suggestions:**  
- Design experiments where failure to see isoform changes or effects on resistance would refute the hypothesis.

---

### 6. Parsimony  
**Score: 5/10**  
**Rationale:**  
The idea introduces complexity (ribosome isoform diversity) without clear evidence that simpler explanations (e.g., gene mutations) are insufficient.  
**Suggestions:**  
- Compare the explanatory necessity of isoform specialization to existing models of resistance.
- Justify the added complexity with clear gaps in current models.

---

### 7. Generalizability  
**Score: 6/10**  
**Rationale:**  
While initially focused on melanoma, ribosome specialization could be relevant to other cancers, but this remains unproven.  
**Suggestions:**  
- Propose pilot studies in other therapy-resistant cancers.
- Identify conserved features across cancer types.

---

### 8. Methodological Rigor  
**Score: 7/10**  
**Rationale:**  
Ribosome profiling, CRISPR editing, and proteomics are robust methods, but the technical challenge of distinguishing isoforms at scale is non-trivial.  
**Suggestions:**  
- Collaborate with experts in ribosome profiling and single-cell sequencing.
- Pilot advanced mass spectrometry approaches.

---

### 9. Innovation  
**Score: 9/10**  
**Rationale:**  
Highly original—ribosome isoform specialization is a new angle in cancer therapy resistance, not currently in mainstream literature for melanoma.  
**Suggestions:**  
- Highlight novelty in grant proposals and publications.
- Clearly differentiate from existing work on translational regulation.

---

### 10. Problem-Solving Utility  
**Score: 7/10**  
**Rationale:**  
If validated, could lead to new therapeutic targets or biomarkers, but clinical application is a long-term prospect.  
**Suggestions:**  
- Propose developing inhibitors or diagnostics for specific isoforms.
- Partner with translational scientists for downstream applications.

---

### 11. Interdisciplinary Impact  
**Score: 8/10**  
**Rationale:**  
The idea bridges molecular biology, oncology, structural biology, and potentially pharmacology.  
**Suggestions:**  
- Involve experts from bioinformatics, structural biology, and translational oncology.

---

### 12. Ethical Considerations  
**Score: 8/10**  
**Rationale:**  
No immediate ethical red flags; interventions at the ribosome level may have off-target effects, but early research is low risk.  
**Suggestions:**  
- Monitor for unintended impacts on normal cell translation.
- Plan for ethical review if/when moving toward clinical trials.

---

### 13. Scalability  
**Score: 6/10**  
**Rationale:**  
Technically challenging to scale isoform detection and manipulation, especially in clinical samples.  
**Suggestions:**  
- Develop high-throughput ribosome isoform detection assays.
- Explore automation and single-cell approaches.

---

### 14. Replicability  
**Score: 7/10**  
**Rationale:**  
Standard molecular techniques are replicable, but isoform specificity may introduce reproducibility issues.  
**Suggestions:**  
- Establish standardized protocols for isoform analysis.
- Share data and methods openly.

---

### 15. Theoretical Foundation  
**Score: 6/10**  
**Rationale:**  
Based on the emerging, but not yet widely accepted, concept of ribosome specialization.  
**Suggestions:**  
- Cite foundational studies on ribosome heterogeneity.
- Integrate more established knowledge where possible.

---

### 16. Technological Feasibility  
**Score: 6/10**  
**Rationale:**  
Advanced, but feasible with current technology; however, detection and functional study of ribosome isoforms are at the edge of current methods.  
**Suggestions:**  
- Invest in or collaborate with labs specializing in ribosome profiling and proteomics.

---

### 17. Risk Assessment  
**Score: 5/10**  
**Rationale:**  
High risk: the hypothesis may not be supported, and methods may be technically limiting.  
**Suggestions:**  
- Start with small, proof-of-concept studies.
- Prepare alternative approaches to mitigate risk.

---

### 18. Sustainability  
**Score: 7/10**  
**Rationale:**  
Resource-intensive initially, but once established, the approach could be reused across cancers.  
**Suggestions:**  
- Develop sustainable, scalable protocols.
- Plan for biobanking and data sharing.

---

### 19. Societal Relevance  
**Score: 8/10**  
**Rationale:**  
If successful, could greatly impact cancer treatment and survival, especially for hard-to-treat cases.  
**Suggestions:**  
- Engage patient advocacy groups to highlight relevance.
- Communicate potential impact broadly.

---

### 20. Future Research Potential  
**Score: 9/10**  
**Rationale:**  
Opens many new avenues—isoform biology, translational control, targeted therapy.  
**Suggestions:**  
- Outline a roadmap for follow-up studies.
- Encourage interdisciplinary collaboration.

---

## **Summary Table**

| Criterion                                  | Score (out of 10) |
|---------------------------------------------|-------------------|
| 1. Empirical Support                       | 4                 |
| 2. Theoretical Coherence                   | 7                 |
| 3. Explanatory Power                       | 6                 |
| 4. Predictive Capability                   | 7                 |
| 5. Falsifiability                          | 8                 |
| 6. Parsimony                               | 5                 |
| 7. Generalizability                        | 6                 |
| 8. Methodological Rigor                    | 7                 |
| 9. Innovation                              | 9                 |
| 10. Problem-Solving Utility                | 7                 |
| 11. Interdisciplinary Impact               | 8                 |
| 12. Ethical Considerations                 | 8                 |
| 13. Scalability                            | 6                 |
| 14. Replicability                          | 7                 |
| 15. Theoretical Foundation                 | 6                 |
| 16. Technological Feasibility              | 6                 |
| 17. Risk Assessment                        | 5                 |
| 18. Sustainability                         | 7                 |
| 19. Societal Relevance                     | 8                 |
| 20. Future Research Potential              | 9                 |

---

**Overall, this idea scores highly for innovation, societal relevance, and future research potential, but faces challenges in empirical support, risk, and scalability. Addressing these weaknesses with targeted pilot studies and interdisciplinary collaborations can help realize its transformative potential.**

### Metadata

- Generation Type: Refinement
- Parent Idea: 79
- Refinement Count: 0


================================================================================
TIMESTAMP: 2025-05-28 11:36:30
PHASE: Tournament Round 5, ROUND: 5, ELO SCORE: 1275.1
UNIQUE_ID: c5a35015-b3a7db8d
================================================================================

## Tournament Results (Round 5)

**Rank:** 2 out of 20
**ELO Rating:** 1275.1

### Idea

**Title**: #### 4. **Ribosome Isoform Specialization in Melanoma Therapy Resistance**

**Key Idea**: #### 4. **Ribosome Isoform Specialization in Melanoma Therapy Resistance**



