IDEA 64 EVOLUTION LOG

================================================================================
TIMESTAMP: 2025-05-28 11:17:13
PHASE: New Idea (Significant Change), ROUND: 4
UNIQUE_ID: c2ec7ccf-f1088a58
================================================================================

## New Idea from Significant Change (Round 4)

This idea represents a significant change from Idea 54.

**Title**: Untitled Idea

**Key Idea**: **Refinements:** Expanded from general ribosomal specialization to isoform-level regulation, clarified in vivo and rescue studies, added citation for isoform diversity [Simsek 2017].

---

## Comparison with Original

### Original Idea (ID: 54)

**Title**: ** Blood-Brain Barrier Translocation of Microbial Metabolites in Tumor Immunity

**Key Idea**: ** Gut microbiome-derived metabolites cross the BBB and modulate immune responses in brain tumors.

**Paragraph 1**: **  
Some gut microbiome-derived metabolites (e.g., SCFAs, tryptophan metabolites) are capable of crossing the BBB and influencing CNS immunity [Colombo 2021; D’Alessandro 2020]. This idea posits that these metabolites alter immune cell phenotypes in brain tumors, shaping the immunosuppressive landscape and affecting tumor progression. The novelty is in mechanistically linking gut-derived molecules to CNS tumor immunity.

**Paragraph 2**: **  
Murine models with altered gut flora will be used to track metabolite levels in CSF and tumor tissue via high-resolution metabolomics. Immune phenotyping will assess changes in tumor-infiltrating lymphocytes and myeloid cells. BBB transporters will be pharmacologically inhibited to confirm metabolite origin and effect.

**Paragraph 3**: **  
Empirical support is strong [Colombo 2021; D’Alessandro 2020]. The hypothesis is theoretically sound, explanatory, and predictive. Falsifiability is ensured by blocking metabolite transport. The approach is methodologically robust and innovative, with generalizability to other CNS pathologies. Future research could harness microbiome manipulation for therapeutic benefit.

**Approach**: is methodologically robust and innovative, with generalizability to other CNS pathologies. Future research could harness microbiome manipulation for therapeutic benefit.

**Key References**: ** [Colombo 2021], [D’Alessandro 2020]  
**Refinements:** Strengthened mechanistic focus, clarified transporter involvement, broadened generalizability.

### Scientific Evaluation

| Criterion | Score |
|---|---:|
| Empirical Support | 4.0/10 |
| Theoretical Coherence | 7.0/10 |
| Explanatory Power | 6.0/10 |
| Predictive Capability | 5.0/10 |
| Falsifiability | 7.0/10 |
| Parsimony | 5.0/10 |
| Generalizability | 6.0/10 |
| Methodological Rigor | 7.0/10 |
| Innovation | 9.0/10 |
| Problem-Solving Utility | 7.0/10 |
| Interdisciplinary Impact | 8.0/10 |
| Ethical Considerations | 7.0/10 |
| Scalability | 6.0/10 |
| Replicability | 6.0/10 |
| Theoretical Foundation | 5.0/10 |
| Technological Feasibility | 6.0/10 |
| Risk Assessment | 5.0/10 |
| Sustainability | 6.0/10 |
| Societal Relevance | 8.0/10 |
| Future Research Potential | 9.0/10 |

### Detailed Evaluation

Certainly! Here is a detailed evaluation of the **Untitled Idea** (focusing on ribosomal isoform-level regulation in difficult-to-treat cancers) against your 20 scientific criteria, each with a numerical score, explanation, and concrete improvement suggestions.

---

### 1. Empirical Support  
**Score: 4/10**  
**Explanation:** The idea references the existence of ribosome isoform diversity (Simsek 2017), but there is currently limited direct experimental evidence linking isoform-specific ribosome regulation to cancer, especially in the most difficult-to-treat types.  
**Suggestions:**  
- Integrate more preliminary data (e.g., proteomics, ribosome profiling in tumor samples) or cite recent studies that hint at functional consequences of isoform-level ribosomal changes in cancer cells.
- Propose pilot experiments to collect supporting data.

---

### 2. Theoretical Coherence  
**Score: 7/10**  
**Explanation:** The concept of ribosome specialization is logically consistent and builds on a growing body of literature. Focusing on isoform-level regulation is a logical extension, though the mechanisms are still being elucidated.  
**Suggestions:**  
- Provide a clear model for how specific ribosomal isoforms could regulate translation of oncogenic or tumor suppressor mRNAs.
- Lay out testable mechanistic pathways.

---

### 3. Explanatory Power  
**Score: 6/10**  
**Explanation:** The idea could potentially explain cancer-specific translation programs, heterogeneity, and drug resistance, but the explanatory framework is still speculative.  
**Suggestions:**  
- Identify specific cancer phenotypes or paradoxes that this model could explain better than existing models.
- Highlight connections to observed phenomena in hard-to-treat cancers.

---

### 4. Predictive Capability  
**Score: 5/10**  
**Explanation:** The idea is capable of generating testable predictions (e.g., altering a ribosome isoform affects cancer progression), but these predictions are broad and need sharpening.  
**Suggestions:**  
- Formulate more specific, falsifiable predictions (e.g., “Isoform X is upregulated in pancreatic cancer and drives resistance to Y drug”).
- Design experiments to test these predictions directly.

---

### 5. Falsifiability  
**Score: 7/10**  
**Explanation:** The hypothesis is falsifiable: if manipulating ribosome isoforms does not affect cancer cell behavior, the idea is weakened.  
**Suggestions:**  
- Define clear outcomes that would disprove the hypothesis.
- Specify negative controls in experimental designs.

---

### 6. Parsimony  
**Score: 5/10**  
**Explanation:** The idea introduces a new layer of complexity (isoform-level regulation) that is not strictly necessary to explain current data, but could be justified if it yields new insights.  
**Suggestions:**  
- Justify added complexity by showing that simpler models fail to account for certain phenomena.
- Consider ways to simplify the hypothesis.

---

### 7. Generalizability  
**Score: 6/10**  
**Explanation:** The concept could be generalized to other diseases or cell types beyond cancer, but the initial focus is narrow.  
**Suggestions:**  
- Discuss applicability to other malignancies, developmental disorders, or stress responses.
- Explore cross-species conservation.

---

### 8. Methodological Rigor  
**Score: 7/10**  
**Explanation:** The proposed use of in vivo and rescue studies suggests a commitment to rigorous experimentation. However, technical challenges in manipulating ribosome isoforms remain.  
**Suggestions:**  
- Detail specific methods (e.g., CRISPR, ribosome profiling, rescue experiments).
- Include plans for controlling off-target effects and ensuring specificity.

---

### 9. Innovation  
**Score: 9/10**  
**Explanation:** Isoform-level ribosomal regulation in cancer is a highly novel idea and not widely explored in the literature.  
**Suggestions:**  
- Explicitly compare with prior work to highlight novelty.
- Explore potential for new therapeutic strategies.

---

### 10. Problem-Solving Utility  
**Score: 7/10**  
**Explanation:** If validated, the idea could provide new diagnostic or therapeutic avenues, especially for hard-to-treat cancers.  
**Suggestions:**  
- Propose how findings could translate into clinical interventions or diagnostics.
- Address potential hurdles in moving from bench to bedside.

---

### 11. Interdisciplinary Impact  
**Score: 8/10**  
**Explanation:** The idea intersects molecular biology, oncology, structural biology, and possibly synthetic biology.  
**Suggestions:**  
- Identify potential collaborations or interdisciplinary approaches (e.g., bioinformatics, pharmacology).
- Consider implications for evolutionary biology or systems biology.

---

### 12. Ethical Considerations  
**Score: 7/10**  
**Explanation:** No major ethical red flags, though manipulation of ribosome function in vivo requires careful consideration, especially for translational steps.  
**Suggestions:**  
- Address animal welfare and patient consent in experimental design.
- Anticipate potential dual-use or off-target concerns.

---

### 13. Scalability  
**Score: 6/10**  
**Explanation:** The approach may be scalable in vitro, but scaling to clinical applications or large patient cohorts could be challenging.  
**Suggestions:**  
- Plan for high-throughput isoform manipulation or screening.
- Discuss scalability of diagnostics or therapeutics based on findings.

---

### 14. Replicability  
**Score: 6/10**  
**Explanation:** Replication is feasible with standardized protocols, but technical barriers (e.g., isoform-specific reagents) could hinder reproducibility.  
**Suggestions:**  
- Develop and share robust protocols and reagents.
- Encourage multi-lab collaboration for validation.

---

### 15. Theoretical Foundation  
**Score: 5/10**  
**Explanation:** The idea is built on emerging but still-developing theory about ribosome specialization and isoforms.  
**Suggestions:**  
- Integrate more foundational literature.
- Clarify how the hypothesis extends or challenges current models.

---

### 16. Technological Feasibility  
**Score: 6/10**  
**Explanation:** Some technologies (e.g., ribosome profiling, CRISPR) are available, but isoform-specific manipulation may be technically demanding.  
**Suggestions:**  
- Outline technological hurdles and propose solutions (e.g., develop new isoform-specific tools).
- Leverage emerging technologies or collaborations.

---

### 17. Risk Assessment  
**Score: 5/10**  
**Explanation:** There is a moderate risk: technical challenges, possible negative or inconclusive results, and potential for off-target effects.  
**Suggestions:**  
- Include risk mitigation strategies (e.g., backup approaches, careful validation).
- Acknowledge and prepare for possible negative findings.

---

### 18. Sustainability  
**Score: 6/10**  
**Explanation:** The idea is sustainable in a research context, but long-term therapeutic or diagnostic applications may be resource-intensive.  
**Suggestions:**  
- Plan for cost-effective, resource-efficient approaches.
- Consider environmental and economic sustainability for future translation.

---

### 19. Societal Relevance  
**Score: 8/10**  
**Explanation:** Tackling hard-to-treat cancers has very high societal value if the idea bears fruit.  
**Suggestions:**  
- Emphasize potential human health benefits and cost savings.
- Engage with patient advocacy groups or stakeholders.

---

### 20. Future Research Potential  
**Score: 9/10**  
**Explanation:** The idea opens many new avenues for basic and translational research, including ribosome biology, cancer heterogeneity, and targeted therapies.  
**Suggestions:**  
- Highlight specific future research questions and possible spin-off projects.
- Encourage creation of new tools and collaborations.

---

**Summary Table of Scores:**  
1. Empirical Support: 4  
2. Theoretical Coherence: 7  
3. Explanatory Power: 6  
4. Predictive Capability: 5  
5. Falsifiability: 7  
6. Parsimony: 5  
7. Generalizability: 6  
8. Methodological Rigor: 7  
9. Innovation: 9  
10. Problem-Solving Utility: 7  
11. Interdisciplinary Impact: 8  
12. Ethical Considerations: 7  
13. Scalability: 6  
14. Replicability: 6  
15. Theoretical Foundation: 5  
16. Technological Feasibility: 6  
17. Risk Assessment: 5  
18. Sustainability: 6  
19. Societal Relevance: 8  
20. Future Research Potential: 9  

---

**Overall Comments**:  
This idea is highly innovative and potentially transformative for cancer research, especially if it can overcome current empirical and technical limitations. Focus on strengthening the empirical foundation, sharpening predictions, and planning for rigorous experimental validation will further increase its impact and feasibility.

### Metadata

- Generation Type: New (Significant Change)
- Parent Idea: 54
- Created as new idea due to significant change


================================================================================
TIMESTAMP: 2025-05-28 11:24:52
PHASE: Tournament Round 4, ROUND: 4, ELO SCORE: 1207.5
UNIQUE_ID: c2ec7ccf-f1088a58
================================================================================

## Tournament Results (Round 4)

**Rank:** 12 out of 19
**ELO Rating:** 1207.5

### Idea

**Title**: Untitled Idea

**Key Idea**: **Refinements:** Expanded from general ribosomal specialization to isoform-level regulation, clarified in vivo and rescue studies, added citation for isoform diversity [Simsek 2017].

---



