IDEA 90 EVOLUTION LOG

================================================================================
TIMESTAMP: 2025-05-28 11:31:23
PHASE: Evolution, ROUND: 5
UNIQUE_ID: 170a7e68-fbc5cd5a
================================================================================

## Refined Idea (Round 5)

**Title**: Untitled Idea

**Key Idea**: **Modifications:** Expanded to emphasize pan-cancer generalizability, added multi-cancer modeling, cited newer reviews.

---

## Comparison with Original

### Original Idea (ID: 74)

**Title**: ** Microbiome manipulation, metabolomics, transpor...

**Approach**: ** Microbiome manipulation, metabolomics, transporter profiling, pharmacological/genetic blockade, immune phenotyping, in vivo imaging.

### Scientific Evaluation

| Criterion | Score |
|---|---:|
| Empirical Support | 3.0/10 |
| Theoretical Coherence | 5.0/10 |
| Explanatory Power | 4.0/10 |
| Predictive Capability | 3.0/10 |
| Falsifiability | 6.0/10 |
| Parsimony | 4.0/10 |
| Generalizability | 8.0/10 |
| Methodological Rigor | 5.0/10 |
| Innovation | 7.0/10 |
| Problem-Solving Utility | 6.0/10 |
| Interdisciplinary Impact | 7.0/10 |
| Ethical Considerations | 6.0/10 |
| Scalability | 7.0/10 |
| Replicability | 5.0/10 |
| Theoretical Foundation | 4.0/10 |
| Technological Feasibility | 6.0/10 |
| Risk Assessment | 4.0/10 |
| Sustainability | 5.0/10 |
| Societal Relevance | 7.0/10 |
| Future Research Potential | 8.0/10 |

### Detailed Evaluation

Certainly! Here is a detailed evaluation of the provided idea (“Untitled Idea”) according to the specified criteria, using your required format:

---

### 1. Empirical Support  
**Score: 3/10**  
**Explanation:** The idea mentions modifications and cites newer reviews but lacks concrete empirical evidence or preliminary data supporting its claims. The pan-cancer generalizability and multi-cancer modeling are intriguing but not yet substantiated by experimental results.  
**Suggestions:** Incorporate references to specific datasets or pilot studies showing feasibility. Design initial experiments or analyses to provide preliminary empirical support.

---

### 2. Theoretical Coherence  
**Score: 5/10**  
**Explanation:** The expanded focus on generalizability and modeling adds logical consistency, but the core hypothesis and mechanisms remain unclear. The idea’s internal logic is not fully fleshed out.  
**Suggestions:** Clearly articulate the central hypothesis and the theoretical framework underpinning it. Explicitly connect multi-cancer modeling to known biological principles.

---

### 3. Explanatory Power  
**Score: 4/10**  
**Explanation:** While the idea aspires to explain phenomena across multiple cancers, it lacks detail on what specific phenomena it addresses or explains.  
**Suggestions:** Identify specific cancer behaviors or features that the hypothesis seeks to explain. Provide examples of observed phenomena that the model could clarify.

---

### 4. Predictive Capability  
**Score: 3/10**  
**Explanation:** The idea does not offer concrete, testable predictions at this stage. Its predictive potential is implied but not realized.  
**Suggestions:** Formulate specific, testable predictions that would result from your hypothesis. Outline how these could be empirically verified.

---

### 5. Falsifiability  
**Score: 6/10**  
**Explanation:** The pan-cancer and multi-cancer modeling approach is in principle falsifiable, but the lack of clear, testable statements limits this.  
**Suggestions:** Define clear criteria and experimental endpoints that would refute the hypothesis.

---

### 6. Parsimony  
**Score: 4/10**  
**Explanation:** The idea’s scope (pan-cancer, multi-cancer) adds complexity without clear simplification or elegance.  
**Suggestions:** Focus on the simplest explanation that captures the hypothesis. Clarify the core mechanism without unnecessary complexity.

---

### 7. Generalizability  
**Score: 8/10**  
**Explanation:** The explicit emphasis on pan-cancer generalizability is a strength, suggesting broad applicability.  
**Suggestions:** Specify how this generalizability will be achieved and validated across different cancer types.

---

### 8. Methodological Rigor  
**Score: 5/10**  
**Explanation:** Mentioning multi-cancer modeling hints at rigorous computational or experimental methods, but no specifics are provided.  
**Suggestions:** Outline concrete methodological steps, including experimental design and analytical approaches.

---

### 9. Innovation  
**Score: 7/10**  
**Explanation:** The focus on pan-cancer hypotheses and multi-cancer modeling is relatively novel, especially if not found in current literature.  
**Suggestions:** Clarify how this idea significantly differs from recent work and what unique insights it offers.

---

### 10. Problem-Solving Utility  
**Score: 6/10**  
**Explanation:** Targeting difficult-to-treat cancers is highly relevant, but the practical application is not yet clear.  
**Suggestions:** Describe how this approach could change diagnosis or treatment paradigms.

---

### 11. Interdisciplinary Impact  
**Score: 7/10**  
**Explanation:** The idea’s modeling and generalizability elements have potential relevance across biology, computational science, and clinical medicine.  
**Suggestions:** Explicitly state which other disciplines could benefit and suggest collaborative approaches.

---

### 12. Ethical Considerations  
**Score: 6/10**  
**Explanation:** No major ethical issues are apparent, but the impact on patient care and data privacy (if using clinical data) should be considered.  
**Suggestions:** Include an ethical review and discuss how patient data will be handled.

---

### 13. Scalability  
**Score: 7/10**  
**Explanation:** The pan-cancer approach suggests inherent scalability, especially if computational methods are used.  
**Suggestions:** Discuss how the approach could be scaled from in vitro to clinical settings.

---

### 14. Replicability  
**Score: 5/10**  
**Explanation:** Replicability will depend on methodological transparency, which is currently lacking.  
**Suggestions:** Provide detailed protocols and data-sharing plans.

---

### 15. Theoretical Foundation  
**Score: 4/10**  
**Explanation:** The idea references reviews but lacks a strong grounding in established scientific theories.  
**Suggestions:** Integrate key concepts from relevant biological or computational theories.

---

### 16. Technological Feasibility  
**Score: 6/10**  
**Explanation:** Multi-cancer modeling is feasible with current technologies, but feasibility in experimental validation is not addressed.  
**Suggestions:** Identify required technologies and any potential bottlenecks.

---

### 17. Risk Assessment  
**Score: 4/10**  
**Explanation:** The risks (technical, practical, or ethical) are not addressed.  
**Suggestions:** Conduct a risk assessment, considering potential failures and unintended consequences.

---

### 18. Sustainability  
**Score: 5/10**  
**Explanation:** The sustainability of the research approach (resources, long-term usability) is unclear.  
**Suggestions:** Consider resource needs and long-term maintenance of models or databases.

---

### 19. Societal Relevance  
**Score: 7/10**  
**Explanation:** Addressing hard-to-treat cancers is highly relevant to society and public health.  
**Suggestions:** Highlight potential impacts on patient outcomes and healthcare systems.

---

### 20. Future Research Potential  
**Score: 8/10**  
**Explanation:** The broad, novel scope offers many avenues for future research, especially if initial results are promising.  
**Suggestions:** Identify specific follow-up studies or spin-off projects that could emerge.

---

**Summary:**  
The idea is promising in its novelty and generalizability, but it currently lacks specificity, empirical grounding, and methodological detail. Clarifying the core hypothesis, providing concrete experimental plans, and addressing feasibility and risk would greatly strengthen the research proposal.

### Metadata

- Generation Type: Refinement
- Parent Idea: 74
- Refinement Count: 0


================================================================================
TIMESTAMP: 2025-05-28 11:36:30
PHASE: Tournament Round 5, ROUND: 5, ELO SCORE: 1198.3
UNIQUE_ID: 170a7e68-fbc5cd5a
================================================================================

## Tournament Results (Round 5)

**Rank:** 13 out of 20
**ELO Rating:** 1198.3

### Idea

**Title**: Untitled Idea

**Key Idea**: **Modifications:** Expanded to emphasize pan-cancer generalizability, added multi-cancer modeling, cited newer reviews.

---



