IDEA 53 EVOLUTION LOG

================================================================================
TIMESTAMP: 2025-05-28 11:08:01
PHASE: New Idea (Significant Change), ROUND: 3
UNIQUE_ID: 01196ee6-59d56e86
================================================================================

## New Idea from Significant Change (Round 3)

This idea represents a significant change from Idea 28.

**Title**: ** Therapy-Resistant Melanoma via Specialized Ribosome Assembly

**Key Idea**: ** Melanoma cells develop therapy resistance by assembling specialized ribosomes that preferentially translate pro-survival mRNAs.

**Paragraph 1**: **  
Specialized ribosomes, with altered protein or rRNA components, can selectively translate mRNAs critical for cellular survival [Shi 2017]. This idea proposes that resistant melanoma cells assemble such ribosomes to prioritize translation of resistance-promoting genes, establishing a novel translational axis for therapeutic escape. The novelty lies in targeting ribosome heterogeneity as a modifiable resistance mechanism.

**Paragraph 2**: **  
Ribosome profiling and proteomics will compare ribosome composition in resistant versus sensitive melanoma cells. Candidate specialized ribosomal proteins will be perturbed using CRISPR/Cas9. Polysome fractionation coupled to RNA-seq will assess translational selectivity. Resistance assays in vitro and in vivo will confirm functional necessity.

**Paragraph 3**: **  
Supported by evidence for ribosome specialization in cancer [Shi 2017; Mills 2017], the model is theoretically robust and falsifiable—perturbing specialized ribosomes should impair resistance. The approach is methodologically rigorous and innovative, paving the way for translation-targeted therapies. Future research may identify modulators of ribosome assembly.

**Approach**: is methodologically rigorous and innovative, paving the way for translation-targeted therapies. Future research may identify modulators of ribosome assembly.

**Key References**: ** [Shi 2017], [Mills 2017]  
**Refinements:** Clarified mechanistic focus, emphasized translational selectivity, tied to therapeutic targeting.

## Comparison with Original

### Original Idea (ID: 28)

**Title**: ### 2. **Specialized Ribosome Variants in Melanoma Therapy Resistance**

**Key Idea**: ### 2. **Specialized Ribosome Variants in Melanoma Therapy Resistance**

### Scientific Evaluation

| Criterion | Score |
|---|---:|
| Empirical Support | 7.0/10 |
| Theoretical Coherence | 9.0/10 |
| Explanatory Power | 8.0/10 |
| Predictive Capability | 8.0/10 |
| Falsifiability | 9.0/10 |
| Parsimony | 7.0/10 |
| Generalizability | 6.0/10 |
| Methodological Rigor | 9.0/10 |
| Innovation | 10.0/10 |
| Problem-Solving Utility | 8.0/10 |
| Interdisciplinary Impact | 8.0/10 |
| Ethical Considerations | 7.0/10 |
| Scalability | 6.0/10 |
| Replicability | 8.0/10 |
| Theoretical Foundation | 8.0/10 |
| Technological Feasibility | 7.0/10 |
| Risk Assessment | 6.0/10 |
| Sustainability | 6.0/10 |
| Societal Relevance | 8.0/10 |
| Future Research Potential | 10.0/10 |

### Detailed Evaluation

Certainly! Here is the evaluation of the research idea **"Therapy-Resistant Melanoma via Specialized Ribosome Assembly"** against the 20 scientific criteria, as per your instructions:

---

### Criterion 1 (Empirical Support)
**Score: 7/10**  
**Explanation:** There is supporting evidence for ribosome specialization in cancer (e.g., Shi 2017; Mills 2017), but direct evidence linking this mechanism specifically to therapy-resistant melanoma is currently lacking.  
**Suggestion:** Provide preliminary data demonstrating ribosome heterogeneity in resistant melanoma, or cite unpublished proteomic/translatomic findings if available.

---

### Criterion 2 (Theoretical Coherence)
**Score: 9/10**  
**Explanation:** The hypothesis is logically constructed and internally consistent. The mechanism of specialized ribosome-mediated resistance is plausible and clearly articulated.  
**Suggestion:** Consider outlining possible alternative mechanisms and how the hypothesis distinguishes itself.

---

### Criterion 3 (Explanatory Power)
**Score: 8/10**  
**Explanation:** The idea potentially explains why some melanoma cells evade therapy by altering translation rather than gene expression alone.  
**Suggestion:** Clarify how this model accounts for specific resistance phenotypes observed in clinical settings.

---

### Criterion 4 (Predictive Capability)
**Score: 8/10**  
**Explanation:** The hypothesis makes testable predictions—e.g., perturbation of specialized ribosomes should reduce resistance.  
**Suggestion:** Define more granular predictions (e.g., specific ribosomal subunit changes) and expected outcomes.

---

### Criterion 5 (Falsifiability)
**Score: 9/10**  
**Explanation:** The hypothesis is falsifiable; if specialized ribosomes are not found or do not impact resistance, the idea is refuted.  
**Suggestion:** Identify clear negative controls and alternative explanations to strengthen falsifiability.

---

### Criterion 6 (Parsimony)
**Score: 7/10**  
**Explanation:** The idea is relatively simple but introduces new complexity (ribosome heterogeneity) compared to canonical resistance mechanisms.  
**Suggestion:** Highlight how this mechanism may be more parsimonious or complementary compared to multi-gene resistance models.

---

### Criterion 7 (Generalizability)
**Score: 6/10**  
**Explanation:** The hypothesis may apply to other cancers, but is currently focused on melanoma.  
**Suggestion:** Discuss potential for this mechanism in other therapy-resistant cancers and propose pilot studies.

---

### Criterion 8 (Methodological Rigor)
**Score: 9/10**  
**Explanation:** The proposed methods (ribosome profiling, CRISPR, polysome fractionation, in vivo models) are robust and state-of-the-art.  
**Suggestion:** Include single-cell approaches or spatial profiling to capture tumor heterogeneity.

---

### Criterion 9 (Innovation)
**Score: 10/10**  
**Explanation:** The targeting of ribosome heterogeneity in resistance is highly novel and not widely explored in current literature.  
**Suggestion:** Emphasize how this opens new avenues for translational targeting.

---

### Criterion 10 (Problem-Solving Utility)
**Score: 8/10**  
**Explanation:** If validated, the approach could yield new therapeutic targets for difficult-to-treat melanoma.  
**Suggestion:** Outline how this strategy would integrate with existing treatments or lead to new drug development.

---

### Criterion 11 (Interdisciplinary Impact)
**Score: 8/10**  
**Explanation:** The idea bridges cancer biology, molecular biology, and translational medicine, and could impact ribosome research in other fields.  
**Suggestion:** Engage with structural biologists and computational modelers to expand impact.

---

### Criterion 12 (Ethical Considerations)
**Score: 7/10**  
**Explanation:** No major ethical issues are apparent; standard ethical protocols apply for CRISPR and animal studies.  
**Suggestion:** Address ethical oversight in gene-editing approaches and long-term safety of targeting ribosomes.

---

### Criterion 13 (Scalability)
**Score: 6/10**  
**Explanation:** Initial experiments are lab-focused; translation to clinic may face scalability challenges (e.g., detecting/targeting specialized ribosomes in patients).  
**Suggestion:** Propose biomarker development or non-invasive assays for clinical scalability.

---

### Criterion 14 (Replicability)
**Score: 8/10**  
**Explanation:** Methods and approaches are standard and replicable across labs with necessary expertise.  
**Suggestion:** Develop standardized protocols and openly share datasets.

---

### Criterion 15 (Theoretical Foundation)
**Score: 8/10**  
**Explanation:** The idea is grounded in emerging knowledge about ribosome specialization, supported by literature, but is still relatively new.  
**Suggestion:** Further strengthen foundation with additional cross-cancer evidence or mechanistic studies.

---

### Criterion 16 (Technological Feasibility)
**Score: 7/10**  
**Explanation:** Technologies are available, but some approaches (like precise ribosome profiling in clinical samples) may be technically demanding.  
**Suggestion:** Collaborate with labs specializing in ribosome profiling and develop robust protocols.

---

### Criterion 17 (Risk Assessment)
**Score: 6/10**  
**Explanation:** Risks include technical challenges, difficulty in modulating ribosomes specifically, and potential off-target effects.  
**Suggestion:** Develop rigorous validation and off-target assessment strategies.

---

### Criterion 18 (Sustainability)
**Score: 6/10**  
**Explanation:** Resource demands (omics, animal models) are significant; long-term sustainability depends on clinical translation.  
**Suggestion:** Prioritize high-yield, scalable experiments and consider cost-efficient model systems.

---

### Criterion 19 (Societal Relevance)
**Score: 8/10**  
**Explanation:** Addresses a major unmet need—therapy-resistant melanoma—potentially benefiting many patients.  
**Suggestion:** Engage patient advocacy groups and consider implications for access to resulting therapies.

---

### Criterion 20 (Future Research Potential)
**Score: 10/10**  
**Explanation:** The hypothesis opens multiple new research directions in cancer biology, translational medicine, and ribosome research.  
**Suggestion:** Outline a roadmap for follow-up studies, including therapeutic development and expansion to other cancer types.

---

**Summary:**  
This research idea is novel, methodologically rigorous, and opens new directions in cancer biology, with strong theoretical grounding but some empirical and translational challenges. Concrete improvements include generating preliminary data, strengthening scalability and risk assessment, and broadening the scope to other cancers.

### Metadata

- Generation Type: New (Significant Change)
- Parent Idea: 28
- Created as new idea due to significant change


================================================================================
TIMESTAMP: 2025-05-28 11:12:37
PHASE: Tournament Round 3, ROUND: 3, ELO SCORE: 1210.4
UNIQUE_ID: 01196ee6-59d56e86
================================================================================

## Tournament Results (Round 3)

**Rank:** 7 out of 20
**ELO Rating:** 1210.4

### Idea

**Title**: ** Therapy-Resistant Melanoma via Specialized Ribosome Assembly

**Key Idea**: ** Melanoma cells develop therapy resistance by assembling specialized ribosomes that preferentially translate pro-survival mRNAs.

**Paragraph 1**: **  
Specialized ribosomes, with altered protein or rRNA components, can selectively translate mRNAs critical for cellular survival [Shi 2017]. This idea proposes that resistant melanoma cells assemble such ribosomes to prioritize translation of resistance-promoting genes, establishing a novel translational axis for therapeutic escape. The novelty lies in targeting ribosome heterogeneity as a modifiable resistance mechanism.

**Paragraph 2**: **  
Ribosome profiling and proteomics will compare ribosome composition in resistant versus sensitive melanoma cells. Candidate specialized ribosomal proteins will be perturbed using CRISPR/Cas9. Polysome fractionation coupled to RNA-seq will assess translational selectivity. Resistance assays in vitro and in vivo will confirm functional necessity.

**Paragraph 3**: **  
Supported by evidence for ribosome specialization in cancer [Shi 2017; Mills 2017], the model is theoretically robust and falsifiable—perturbing specialized ribosomes should impair resistance. The approach is methodologically rigorous and innovative, paving the way for translation-targeted therapies. Future research may identify modulators of ribosome assembly.

**Approach**: is methodologically rigorous and innovative, paving the way for translation-targeted therapies. Future research may identify modulators of ribosome assembly.

**Key References**: ** [Shi 2017], [Mills 2017]  
**Refinements:** Clarified mechanistic focus, emphasized translational selectivity, tied to therapeutic targeting.



