IDEA 93 EVOLUTION LOG

================================================================================
TIMESTAMP: 2025-05-28 11:33:10
PHASE: Evolution, ROUND: 5
UNIQUE_ID: 76d735a9-69bfe7f8
================================================================================

## Refined Idea (Round 5)

**Title**: ** Microbiome manipulation, metabolomics, radiotra...

**Approach**: ** Microbiome manipulation, metabolomics, radiotracer studies, transporter blockade, immune phenotyping.

## Comparison with Original

### Original Idea (ID: 68)

**Title**: Untitled Idea

**Key Idea**: **Refinements:** Clarified spatial-epitranscriptomic interplay, emphasized in vivo models, added reference on m6A stress response [Sun 2022].

---

### Scientific Evaluation

| Criterion | Score |
|---|---:|
| Empirical Support | 5.0/10 |
| Theoretical Coherence | 7.0/10 |
| Explanatory Power | 6.0/10 |
| Predictive Capability | 6.0/10 |
| Falsifiability | 8.0/10 |
| Parsimony | 4.0/10 |
| Generalizability | 6.0/10 |
| Methodological Rigor | 7.0/10 |
| Innovation | 9.0/10 |
| Problem-Solving Utility | 7.0/10 |
| Interdisciplinary Impact | 8.0/10 |
| Ethical Considerations | 6.0/10 |
| Scalability | 5.0/10 |
| Replicability | 6.0/10 |
| Theoretical Foundation | 6.0/10 |
| Technological Feasibility | 7.0/10 |
| Risk Assessment | 5.0/10 |
| Sustainability | 5.0/10 |
| Societal Relevance | 8.0/10 |
| Future Research Potential | 9.0/10 |

### Detailed Evaluation

Certainly! Below is a detailed evaluation of the proposed research idea, “Microbiome manipulation, metabolomics, radiotracer studies, transporter blockade, immune phenotyping,” against the provided 20 scientific criteria, with scores, rationales, and concrete suggestions for improvement.

---

### 1. Empirical Support
**Score: 5/10**  
**Rationale:**  
There is some supporting literature indicating links between the microbiome, cancer metabolism, and immune response, but the specific integration of microbiome manipulation, metabolomics, radiotracer studies, and transporter blockade is not yet well-supported by direct empirical evidence, especially in the context of difficult-to-treat cancers.

**Suggestions:**  
- Conduct preliminary data collection or systematic reviews linking these modalities in cancer models.
- Reference pilot studies or case reports showing feasibility.

---

### 2. Theoretical Coherence  
**Score: 7/10**  
**Rationale:**  
The idea logically combines fields with emerging evidence of interaction (e.g., microbiome-immune axis, metabolomics, transporters in cancer). However, the coherence of how these elements integrate mechanistically is not fully articulated.

**Suggestions:**  
- Develop a conceptual model or flowchart detailing hypothesized causal links.
- Clarify how each component informs or modifies the others.

---

### 3. Explanatory Power  
**Score: 6/10**  
**Rationale:**  
The multi-modal approach could explain complex features of cancer biology (e.g., treatment resistance), but lacks specificity on which phenomena it aims to explain in difficult cancers.

**Suggestions:**  
- Specify which unexplained phenomena in cancer the approach targets.
- Provide examples of clinical puzzles this could solve.

---

### 4. Predictive Capability  
**Score: 6/10**  
**Rationale:**  
If hypotheses are clearly defined, this integrated approach could yield testable predictions (e.g., treatment response stratified by microbiome/metabolome signature), but these are not explicitly stated.

**Suggestions:**  
- Formulate explicit, testable predictions (e.g., “Blockade of transporter X after microbiome modulation will reduce tumor growth in Y cancer”).
- Design pilot experiments to generate preliminary predictive data.

---

### 5. Falsifiability  
**Score: 8/10**  
**Rationale:**  
The proposed interventions (microbiome manipulation, transporter blockade) and measurements (metabolomics, radiotracing, immune phenotyping) are empirically testable and thus falsifiable.

**Suggestions:**  
- Specify clear criteria for falsification (e.g., lack of metabolic change after intervention).

---

### 6. Parsimony  
**Score: 4/10**  
**Rationale:**  
While each component is individually logical, the overall approach is complex and may be seen as lacking parsimony due to the number of interacting parts.

**Suggestions:**  
- Prioritize the most promising interaction(s) to test first.
- Justify each component’s necessity in the design.

---

### 7. Generalizability  
**Score: 6/10**  
**Rationale:**  
The components could, in theory, be applied to multiple cancers, but the strategy may need significant adaptation for each context.

**Suggestions:**  
- Identify common features in target cancers that make the approach broadly applicable.
- Test in multiple cancer models to demonstrate generalizability.

---

### 8. Methodological Rigor  
**Score: 7/10**  
**Rationale:**  
Each method is established, but integrating them is technically challenging and requires robust standardization for rigor.

**Suggestions:**  
- Develop standard operating procedures for multi-omic integration.
- Pilot the workflow in a model system.

---

### 9. Innovation  
**Score: 9/10**  
**Rationale:**  
Combining these modalities in this way, especially for the most difficult cancers, is highly original and not currently found in literature.

**Suggestions:**  
- Emphasize the novelty in proposals and publications.
- Explore patenting or protection of new combinations.

---

### 10. Problem-Solving Utility  
**Score: 7/10**  
**Rationale:**  
Approach could address major obstacles (diagnosis, resistance), but practical applications are not yet demonstrated.

**Suggestions:**  
- Identify specific clinical problems (e.g., biomarker identification, therapy resistance) to target.
- Outline translational pathways for findings.

---

### 11. Interdisciplinary Impact  
**Score: 8/10**  
**Rationale:**  
The project spans microbiology, oncology, immunology, imaging, and systems biology, offering high interdisciplinary value.

**Suggestions:**  
- Engage collaborators from each relevant field.
- Publish in interdisciplinary journals.

---

### 12. Ethical Considerations  
**Score: 6/10**  
**Rationale:**  
Manipulating microbiomes, using radiotracers, and immune interventions pose ethical questions (e.g., off-target effects, radiation exposure).

**Suggestions:**  
- Conduct ethical impact assessments.
- Develop informed consent protocols and risk mitigation strategies.

---

### 13. Scalability  
**Score: 5/10**  
**Rationale:**  
High complexity and reliance on advanced infrastructure may limit scalability, especially outside major research centers.

**Suggestions:**  
- Identify components that can be simplified or automated.
- Explore modular designs for resource-limited environments.

---

### 14. Replicability  
**Score: 6/10**  
**Rationale:**  
Replicability could be challenging due to complex integration and variability in microbiome and metabolomic data.

**Suggestions:**  
- Standardize all protocols and provide detailed methods.
- Share raw data and analytic pipelines.

---

### 15. Theoretical Foundation  
**Score: 6/10**  
**Rationale:**  
Each method is grounded in established science, but their integration in this specific context is not well-established.

**Suggestions:**  
- Review and synthesize underlying literature to strengthen foundations.
- Identify gaps and address theoretical integration explicitly.

---

### 16. Technological Feasibility  
**Score: 7/10**  
**Rationale:**  
Technologies exist for all components, but their combined use is ambitious and may require custom integration.

**Suggestions:**  
- Pilot integration in a small-scale, controlled setting.
- Partner with technology developers.

---

### 17. Risk Assessment  
**Score: 5/10**  
**Rationale:**  
Risks include technical failure, unanticipated interactions, and safety/ethical issues with interventions.

**Suggestions:**  
- Perform comprehensive risk-benefit analyses.
- Develop contingency and mitigation plans.

---

### 18. Sustainability  
**Score: 5/10**  
**Rationale:**  
Resource-intensive methods (e.g., radiotracers, metabolomics) may challenge long-term sustainability.

**Suggestions:**  
- Seek ways to miniaturize and automate analyses.
- Investigate renewable or less resource-intensive alternatives.

---

### 19. Societal Relevance  
**Score: 8/10**  
**Rationale:**  
If successful, could vastly improve detection and treatment of difficult cancers, a major societal need.

**Suggestions:**  
- Engage patient advocacy groups.
- Communicate potential societal benefits in funding applications.

---

### 20. Future Research Potential  
**Score: 9/10**  
**Rationale:**  
Integrating these fields could open many new research directions and generate data for hypothesis generation.

**Suggestions:**  
- Design studies to collect broad datasets for future mining.
- Encourage open data sharing and collaboration.

---

## Summary Table

| Criterion                          | Score (/10) |
|-------------------------------------|-------------|
| Empirical Support                   | 5           |
| Theoretical Coherence               | 7           |
| Explanatory Power                   | 6           |
| Predictive Capability               | 6           |
| Falsifiability                      | 8           |
| Parsimony                           | 4           |
| Generalizability                    | 6           |
| Methodological Rigor                | 7           |
| Innovation                          | 9           |
| Problem-Solving Utility             | 7           |
| Interdisciplinary Impact            | 8           |
| Ethical Considerations              | 6           |
| Scalability                         | 5           |
| Replicability                       | 6           |
| Theoretical Foundation              | 6           |
| Technological Feasibility           | 7           |
| Risk Assessment                     | 5           |
| Sustainability                      | 5           |
| Societal Relevance                  | 8           |
| Future Research Potential           | 9           |

---

**Overall, this idea is highly novel and interdisciplinary, but requires careful theoretical development, demonstration of practical feasibility, and attention to complexity and scalability.**

### Metadata

- Generation Type: Refinement
- Parent Idea: 68
- Refinement Count: 0


================================================================================
TIMESTAMP: 2025-05-28 11:36:30
PHASE: Tournament Round 5, ROUND: 5, ELO SCORE: 1224.5
UNIQUE_ID: 76d735a9-69bfe7f8
================================================================================

## Tournament Results (Round 5)

**Rank:** 12 out of 20
**ELO Rating:** 1224.5

### Idea

**Title**: ** Microbiome manipulation, metabolomics, radiotra...

**Approach**: ** Microbiome manipulation, metabolomics, radiotracer studies, transporter blockade, immune phenotyping.



