IDEA 89 EVOLUTION LOG

================================================================================
TIMESTAMP: 2025-05-28 11:31:05
PHASE: Evolution, ROUND: 5
UNIQUE_ID: 4ca51740-22335167
================================================================================

## Refined Idea (Round 5)

**Title**: Untitled Idea

**Key References**: ** [Anders 2018], [Barbieri 2017], [Sun 2022], [He 2019]

## Comparison with Original

### Original Idea (ID: 62)

**Title**: ** Ribosome profiling, isoform-specific CRISPR edi...

**Approach**: ** Ribosome profiling, isoform-specific CRISPR editing, polysome RNA-seq, in vivo resistance assays, isoform inhibitor screening.

### Scientific Evaluation

| Criterion | Score |
|---|---:|
| Empirical Support | 1.0/10 |
| Theoretical Coherence | 1.0/10 |
| Explanatory Power | 1.0/10 |
| Predictive Capability | 1.0/10 |
| Falsifiability | 1.0/10 |
| Parsimony | 1.0/10 |
| Generalizability | 1.0/10 |
| Methodological Rigor | 1.0/10 |
| Innovation | 1.0/10 |
| Problem-Solving Utility | 1.0/10 |
| Interdisciplinary Impact | 1.0/10 |
| Ethical Considerations | 1.0/10 |
| Scalability | 1.0/10 |
| Replicability | 1.0/10 |
| Theoretical Foundation | 2.0/10 |
| Technological Feasibility | 1.0/10 |
| Risk Assessment | 1.0/10 |
| Sustainability | 1.0/10 |
| Societal Relevance | 1.0/10 |
| Future Research Potential | 1.0/10 |

### Detailed Evaluation

Certainly! However, since the idea is only titled **"Untitled Idea"** and only provides key references ([Anders 2018], [Barbieri 2017], [Sun 2022], [He 2019]) with no additional details or hypothesis content, I will evaluate what is present (essentially, the absence of a concrete hypothesis or plan) against your criteria. This will highlight what is missing and provide concrete suggestions for improvement for each criterion.

---

### 1. Empirical Support  
Score: 1/10  
**Explanation:** No hypothesis, data, or evidence is presented. Only references are listed, making it impossible to judge empirical support.  
**Suggestions:** Clearly state a hypothesis and provide a summary of preliminary supporting evidence or data trends from the literature.

---

### 2. Theoretical Coherence  
Score: 1/10  
**Explanation:** No theory or model is described; there is no content to assess for logical consistency.  
**Suggestions:** Articulate a clear, internally consistent hypothesis and explain its underlying logic.

---

### 3. Explanatory Power  
Score: 1/10  
**Explanation:** The idea does not explain any phenomena; there is no content.  
**Suggestions:** Describe what the hypothesis aims to explain (e.g., a mechanism of cancer progression or resistance).

---

### 4. Predictive Capability  
Score: 1/10  
**Explanation:** Without a hypothesis, no predictions can be derived.  
**Suggestions:** State specific, testable predictions that would follow from the hypothesis.

---

### 5. Falsifiability  
Score: 1/10  
**Explanation:** Nothing is presented that could even in principle be disproven.  
**Suggestions:** Define what evidence would count against the hypothesis.

---

### 6. Parsimony  
Score: 1/10  
**Explanation:** The simplicity or complexity of the idea cannot be assessed.  
**Suggestions:** Clearly outline the hypothesis, ensuring it is concise and avoids unnecessary complexity.

---

### 7. Generalizability  
Score: 1/10  
**Explanation:** No scope or context is given; generalizability cannot be determined.  
**Suggestions:** Indicate whether the hypothesis applies to multiple cancer types or is specific to a subset.

---

### 8. Methodological Rigor  
Score: 1/10  
**Explanation:** No methodology is described.  
**Suggestions:** Propose a concrete experimental or computational approach to test the hypothesis.

---

### 9. Innovation  
Score: 1/10  
**Explanation:** No novel idea or approach is stated.  
**Suggestions:** Clearly articulate what is new about the hypothesis compared to existing literature.

---

### 10. Problem-Solving Utility  
Score: 1/10  
**Explanation:** No problem or solution is identified.  
**Suggestions:** Specify how the hypothesis could address challenges in diagnosing or treating difficult cancers.

---

### 11. Interdisciplinary Impact  
Score: 1/10  
**Explanation:** No content is given to judge relevance across fields.  
**Suggestions:** Describe possible intersections with other fields (immunology, bioinformatics, etc.).

---

### 12. Ethical Considerations  
Score: 1/10  
**Explanation:** No ethical implications are discussed or implied.  
**Suggestions:** Briefly consider potential ethical issues in research or application.

---

### 13. Scalability  
Score: 1/10  
**Explanation:** No plan or idea is described, so scalability cannot be assessed.  
**Suggestions:** Discuss whether the proposed method could be scaled to large patient populations.

---

### 14. Replicability  
Score: 1/10  
**Explanation:** No protocol or methodology is provided.  
**Suggestions:** Propose an experimental or analytical plan that others could follow.

---

### 15. Theoretical Foundation  
Score: 2/10  
**Explanation:** Only references are provided; there is some gesture toward grounding, but no actual foundation is described.  
**Suggestions:** Summarize how the cited literature underpins or motivates the hypothesis.

---

### 16. Technological Feasibility  
Score: 1/10  
**Explanation:** No technology or method is discussed.  
**Suggestions:** Specify what new or existing technologies would be required and their readiness.

---

### 17. Risk Assessment  
Score: 1/10  
**Explanation:** No risks or limitations are considered.  
**Suggestions:** Identify possible pitfalls, unintended consequences, or technical obstacles.

---

### 18. Sustainability  
Score: 1/10  
**Explanation:** No information is provided on resource use or long-term viability.  
**Suggestions:** Address whether the approach is resource-efficient and sustainable.

---

### 19. Societal Relevance  
Score: 1/10  
**Explanation:** No societal impacts are discussed or implied.  
**Suggestions:** Explain how the research could improve outcomes for patients or benefit society.

---

### 20. Future Research Potential  
Score: 1/10  
**Explanation:** No content is provided to generate further research questions.  
**Suggestions:** Discuss how the hypothesis could open new avenues for investigation.

---

**Summary:**  
The "Untitled Idea" as currently described is critically lacking in all scientific criteria relevant to novel cancer research. To meaningfully evaluate and advance the idea, it must be clearly articulated, specifying the hypothesis, its novelty, supporting evidence, and a plan for experimental validation. All criteria will remain at minimum scores until substantive content is provided.

### Metadata

- Generation Type: Refinement
- Parent Idea: 62
- Refinement Count: 0


================================================================================
TIMESTAMP: 2025-05-28 11:36:30
PHASE: Tournament Round 5, ROUND: 5, ELO SCORE: 1036.9
UNIQUE_ID: 4ca51740-22335167
================================================================================

## Tournament Results (Round 5)

**Rank:** 20 out of 20
**ELO Rating:** 1036.9

### Idea

**Title**: Untitled Idea

**Key References**: ** [Anders 2018], [Barbieri 2017], [Sun 2022], [He 2019]



