IDEA 72 EVOLUTION LOG

================================================================================
TIMESTAMP: 2025-05-28 11:20:18
PHASE: New Idea (Significant Change), ROUND: 4
UNIQUE_ID: bfe27985-bd5c1b44
================================================================================

## New Idea from Significant Change (Round 4)

This idea represents a significant change from Idea 48.

**Title**: Untitled Idea

**Key Idea**: **Refinements:** Specified SCFA/tryptophan focus, emphasized immune phenotyping, detailed functional validation, added reference on microbiome–CNS communication [Hsiao 2021].

---

## Comparison with Original

### Original Idea (ID: 48)

**Title**: ** Microbiome-Derived Metabolites Shaping Brain Tumor Immunity

**Key Idea**: ** Microbiome-produced metabolites modulate immune responses within the brain tumor microenvironment, influencing tumor progression.

**Paragraph 1**: **  
SCFAs and aromatic metabolites produced by gut bacteria can cross the BBB and alter resident and infiltrating immune cell function in brain tumors [D’Alessandro 2020; Colombo 2021]. This idea proposes that such metabolites reprogram the tumor immune milieu, altering progression or therapy response. The novelty is in targeting the gut-brain-immunity axis as a modulator of neuro-oncology outcomes.

**Paragraph 2**: **  
Murine models with defined microbiome manipulations (germ-free, antibiotic-treated, FMT) will be used to track metabolite levels in CSF and tumor tissue via metabolomics. Immune phenotyping (flow cytometry, scRNA-seq) will assess changes in tumor-infiltrating lymphocytes and myeloid cells. Direct manipulation of candidate metabolites (e.g., SCFA supplementation) will test functional importance. Key challenges include validating metabolite transfer and distinguishing immune versus direct tumor effects.

**Paragraph 3**: **  
Empirical support for microbiome-immune interactions is robust [D’Alessandro 2020; Colombo 2021]. The hypothesis is theoretically coherent, with high explanatory and predictive potential. Falsifiability is achieved by blocking metabolite transport. The approach is methodologically strong and innovative, with future potential for microbiome-targeted adjuvant therapies in brain tumors.

**Approach**: is methodologically strong and innovative, with future potential for microbiome-targeted adjuvant therapies in brain tumors.

**Key References**: ** [D’Alessandro 2020], [Colombo 2021]  
**Refinements:** Clarified immune focus, specified intervention points, strengthened mechanistic rationale.

### Scientific Evaluation

| Criterion | Score |
|---|---:|
| Empirical Support | 4.0/10 |
| Theoretical Coherence | 6.0/10 |
| Explanatory Power | 5.0/10 |
| Predictive Capability | 5.0/10 |
| Falsifiability | 7.0/10 |
| Parsimony | 5.0/10 |
| Generalizability | 6.0/10 |
| Methodological Rigor | 6.0/10 |
| Innovation | 8.0/10 |
| Problem-Solving Utility | 6.0/10 |
| Interdisciplinary Impact | 8.0/10 |
| Ethical Considerations | 6.0/10 |
| Scalability | 5.0/10 |
| Replicability | 5.0/10 |
| Theoretical Foundation | 6.0/10 |
| Technological Feasibility | 7.0/10 |
| Risk Assessment | 5.0/10 |
| Sustainability | 6.0/10 |
| Societal Relevance | 7.0/10 |
| Future Research Potential | 8.0/10 |

### Detailed Evaluation

Certainly! Here is a detailed evaluation of your idea, "Untitled Idea," in relation to the novel cancer hypothesis and validation research goal, using the 20 criteria:

---

### 1. Empirical Support  
**Score: 4/10**  
**Rationale:** The idea references the microbiome–CNS axis, SCFA/tryptophan metabolism, and immune phenotyping, which are supported in broader biomedical literature. However, direct empirical support connecting these pathways specifically to the most difficult cancers (diagnosis/treatment) is currently limited or indirect.  
**Suggestions:** Conduct a literature review to identify any relevant preliminary data. Propose pilot studies to generate foundational evidence linking these mechanisms specifically to challenging cancer types.

---

### 2. Theoretical Coherence  
**Score: 6/10**  
**Rationale:** The link between microbiome metabolites, immune function, and CNS-cancer interactions is logical but not fully articulated. The pathways are plausible but require clearer integration.  
**Suggestions:** Develop a conceptual model illustrating explicit mechanistic connections among SCFA/tryptophan metabolism, immune phenotypes, and cancer progression.

---

### 3. Explanatory Power  
**Score: 5/10**  
**Rationale:** The idea has potential to explain some cancer phenomena (e.g., immune evasion, therapy resistance) via systemic metabolic signaling, but lacks specific explanatory mechanisms for the hardest-to-treat cancers.  
**Suggestions:** Identify particular phenomena (e.g., failure of immunotherapy in pancreatic cancer) the hypothesis could explain, and tailor the approach accordingly.

---

### 4. Predictive Capability  
**Score: 5/10**  
**Rationale:** The hypothesis could generate testable predictions (e.g., altering microbiome metabolites changes tumor immune microenvironment), but these predictions are currently broad and nonspecific.  
**Suggestions:** Formulate specific, testable predictions (e.g., “Elevated fecal indole correlates with immune-suppressive tumor microenvironments in glioblastoma patients”).

---

### 5. Falsifiability  
**Score: 7/10**  
**Rationale:** The hypothesis can be experimentally tested and potentially refuted (e.g., by modulating the microbiome and measuring cancer outcomes), which is a strength.  
**Suggestions:** Design clear experimental endpoints and negative controls for each proposed test to enhance falsifiability.

---

### 6. Parsimony  
**Score: 5/10**  
**Rationale:** The involvement of multiple complex systems (microbiome, immune, CNS) makes the hypothesis somewhat unwieldy and less parsimonious.  
**Suggestions:** Focus on the most critical pathway (e.g., SCFA–immune–cancer axis) to streamline the hypothesis.

---

### 7. Generalizability  
**Score: 6/10**  
**Rationale:** While the microbiome–immune–CNS axis is broadly relevant, it remains to be shown whether findings will generalize across different cancer types and patient populations.  
**Suggestions:** Incorporate different cancer models and diverse patient cohorts in experimental design.

---

### 8. Methodological Rigor  
**Score: 6/10**  
**Rationale:** The idea proposes immune phenotyping and functional validation, which are methodologically sound. However, details on experimental design and controls are missing.  
**Suggestions:** Specify which immune phenotyping techniques and functional assays will be used, and provide protocols for reproducibility.

---

### 9. Innovation  
**Score: 8/10**  
**Rationale:** The focus on microbiome–CNS–immune interactions in difficult cancers is highly novel and not found in current literature, especially the tryptophan/SCFA angle.  
**Suggestions:** Highlight aspects of novelty more explicitly, and consider patent landscaping to ensure uniqueness.

---

### 10. Problem-Solving Utility  
**Score: 6/10**  
**Rationale:** If validated, the hypothesis could open new diagnostic and therapeutic avenues, but practical application is speculative at this stage.  
**Suggestions:** Outline potential clinical interventions or biomarkers that could arise if the hypothesis is supported.

---

### 11. Interdisciplinary Impact  
**Score: 8/10**  
**Rationale:** The idea bridges oncology, immunology, microbiology, and neuroscience, making it highly interdisciplinary.  
**Suggestions:** Engage collaborators from these fields and seek interdisciplinary funding opportunities.

---

### 12. Ethical Considerations  
**Score: 6/10**  
**Rationale:** Ethical concerns are moderate (e.g., patient microbiome manipulation, privacy), but manageable with standard protocols.  
**Suggestions:** Prepare detailed consent and data privacy plans for human studies; consider animal welfare for preclinical work.

---

### 13. Scalability  
**Score: 5/10**  
**Rationale:** Translating findings from bench to bedside, or scaling across populations, may be challenging due to individual microbiome variation.  
**Suggestions:** Incorporate scalable technologies (e.g., microbiome sequencing, metabolomics) and plan for multi-center studies.

---

### 14. Replicability  
**Score: 5/10**  
**Rationale:** Microbiome studies often suffer from reproducibility issues due to environmental and host variability.  
**Suggestions:** Standardize protocols and use large, diverse sample sizes to maximize replicability.

---

### 15. Theoretical Foundation  
**Score: 6/10**  
**Rationale:** The idea is grounded in established knowledge about the microbiome, metabolite signaling, and immune modulation, but the cancer-specific links are less established.  
**Suggestions:** Strengthen the theoretical basis with more cancer-specific literature and mechanistic hypotheses.

---

### 16. Technological Feasibility  
**Score: 7/10**  
**Rationale:** Existing technologies (e.g., high-throughput sequencing, metabolomics, immune profiling) can be used, but integration is complex.  
**Suggestions:** Develop an integrated workflow and pilot test all technical components before scaling up.

---

### 17. Risk Assessment  
**Score: 5/10**  
**Rationale:** Risks include negative or inconclusive results due to biological complexity, and potential confounding factors.  
**Suggestions:** Conduct risk analysis and contingency planning for key experimental steps.

---

### 18. Sustainability  
**Score: 6/10**  
**Rationale:** The research plan appears sustainable in terms of resources and environmental impact, but long-term funding and scalability are uncertain.  
**Suggestions:** Apply for sustainable funding sources and design experiments to minimize resource usage.

---

### 19. Societal Relevance  
**Score: 7/10**  
**Rationale:** Addressing difficult-to-treat cancers is a high societal priority, and novel microbiome-based diagnostics or treatments would be impactful.  
**Suggestions:** Engage patient advocacy groups and communicate societal benefits to stakeholders.

---

### 20. Future Research Potential  
**Score: 8/10**  
**Rationale:** The hypothesis could open multiple new research directions in cancer biology, immunology, and microbiome science.  
**Suggestions:** Map out potential spin-off projects and collaborations for future exploration.

---

**Summary:**  
This idea is innovative and interdisciplinary, with strong future research potential, but it requires clarification, empirical grounding, and streamlined focus for maximal impact and feasibility. Addressing the suggestions above will strengthen its scientific and translational value.

### Metadata

- Generation Type: New (Significant Change)
- Parent Idea: 48
- Created as new idea due to significant change


================================================================================
TIMESTAMP: 2025-05-28 11:24:52
PHASE: Tournament Round 4, ROUND: 4, ELO SCORE: 1198.5
UNIQUE_ID: bfe27985-bd5c1b44
================================================================================

## Tournament Results (Round 4)

**Rank:** 14 out of 19
**ELO Rating:** 1198.5

### Idea

**Title**: Untitled Idea

**Key Idea**: **Refinements:** Specified SCFA/tryptophan focus, emphasized immune phenotyping, detailed functional validation, added reference on microbiome–CNS communication [Hsiao 2021].

---



