IDEA 34 EVOLUTION LOG

================================================================================
TIMESTAMP: 2025-05-28 10:56:21
PHASE: Evolution, ROUND: 2
UNIQUE_ID: 875f829c-90f9e649
================================================================================

## Refined Idea (Round 2)

**Title**: Untitled Idea

**Key References**: ** [Shi 2017], [Genuth 2018], [Mills 2017]

## Comparison with Original

### Original Idea (ID: 18)

**Title**: ** Aggressive prostate cancer cells evade endoplasmic reticu...

**Key Idea**: ** Aggressive prostate cancer cells evade endoplasmic reticulum-associated degradation (ERAD), allowing accumulation of oncogenic misfolded proteins.

**Approach**: ** Analyze ERAD pathway function in prostate cancer; restore genetically; measure misfolded protein load and malignant behavior.

**Key References**: ** Smith MH et al. "The unfolded protein response: mechanisms and therapy of cancer." Trends Pharmacol Sci. 2011.

### Scientific Evaluation

| Criterion | Score |
|---|---:|
| Empirical Support | 1.0/10 |
| Theoretical Coherence | 1.0/10 |
| Explanatory Power | 1.0/10 |
| Predictive Capability | 1.0/10 |
| Falsifiability | 1.0/10 |
| Parsimony | 1.0/10 |
| Generalizability | 1.0/10 |
| Methodological Rigor | 1.0/10 |
| Innovation | 1.0/10 |
| Problem-Solving Utility | 1.0/10 |
| Interdisciplinary Impact | 1.0/10 |
| Ethical Considerations | 1.0/10 |
| Scalability | 1.0/10 |
| Replicability | 1.0/10 |
| Theoretical Foundation | 2.0/10 |
| Technological Feasibility | 1.0/10 |
| Risk Assessment | 1.0/10 |
| Sustainability | 1.0/10 |
| Societal Relevance | 1.0/10 |
| Future Research Potential | 1.0/10 |

### Detailed Evaluation

Certainly! However, the provided “Untitled Idea” lacks a description of the hypothesis or research plan. To evaluate it meaningfully against the 20 scientific criteria, I’ll proceed as if the idea is **absent or unspecified** (i.e., only the title and references are given, but no hypothesis or plan). If you have a specific hypothesis or research plan, please provide it for a more accurate evaluation.

**Evaluation of "Untitled Idea" (no hypothesis or plan provided):**

---

### 1. Empirical Support  
**Score: 1/10**  
*Explanation*: No hypothesis or methodological details are provided. There is nothing to compare with existing evidence or data.  
*Suggestion*: Formulate a clear hypothesis and specify what empirical evidence supports or motivates it.

---

### 2. Theoretical Coherence  
**Score: 1/10**  
*Explanation*: No theoretical framework or rationale is presented.  
*Suggestion*: Outline the logical basis for the idea and how it connects to established theories.

---

### 3. Explanatory Power  
**Score: 1/10**  
*Explanation*: The idea is not described, so it cannot explain any observed phenomena.  
*Suggestion*: State what the hypothesis aims to explain about difficult-to-treat cancers.

---

### 4. Predictive Capability  
**Score: 1/10**  
*Explanation*: No testable predictions can be inferred from an unspecified idea.  
*Suggestion*: Describe specific, testable predictions your hypothesis makes.

---

### 5. Falsifiability  
**Score: 1/10**  
*Explanation*: No hypothesis means no way to challenge or falsify it.  
*Suggestion*: Clearly state what evidence would disprove your hypothesis.

---

### 6. Parsimony  
**Score: 1/10**  
*Explanation*: Simplicity cannot be evaluated without content.  
*Suggestion*: When proposing your idea, ensure it is as simple and focused as possible.

---

### 7. Generalizability  
**Score: 1/10**  
*Explanation*: No scope or applicability information is provided.  
*Suggestion*: Indicate whether your idea could apply to multiple cancer types or contexts.

---

### 8. Methodological Rigor  
**Score: 1/10**  
*Explanation*: No methods are outlined.  
*Suggestion*: Include a brief research plan explaining experimental or analytical approaches.

---

### 9. Innovation  
**Score: 1/10**  
*Explanation*: No novelty can be inferred from a blank idea.  
*Suggestion*: Specify what makes your proposed hypothesis new and how it differs from published work.

---

### 10. Problem-Solving Utility  
**Score: 1/10**  
*Explanation*: No practical application can be assessed.  
*Suggestion*: Highlight how your idea could lead to better diagnosis or treatment for hard-to-treat cancers.

---

### 11. Interdisciplinary Impact  
**Score: 1/10**  
*Explanation*: No indication of relevance beyond a single field.  
*Suggestion*: Discuss connections to other scientific or medical disciplines.

---

### 12. Ethical Considerations  
**Score: 1/10**  
*Explanation*: Ethical implications are unknown.  
*Suggestion*: Address any ethical issues in design, experimentation, or application.

---

### 13. Scalability  
**Score: 1/10**  
*Explanation*: No information about the scalability of the idea.  
*Suggestion*: Indicate whether your approach could be scaled to larger studies or populations.

---

### 14. Replicability  
**Score: 1/10**  
*Explanation*: Replicability cannot be assessed without a plan or methods.  
*Suggestion*: Design studies that others could repeat independently.

---

### 15. Theoretical Foundation  
**Score: 2/10**  
*Explanation*: Only references are provided ([Shi 2017], [Genuth 2018], [Mills 2017]), but with no context or explanation.  
*Suggestion*: Clearly link your idea to the referenced literature and established knowledge.

---

### 16. Technological Feasibility  
**Score: 1/10**  
*Explanation*: No technological approach is described.  
*Suggestion*: Describe what tools or technologies would be required for your research.

---

### 17. Risk Assessment  
**Score: 1/10**  
*Explanation*: Risks cannot be evaluated.  
*Suggestion*: Include a section on potential scientific, technical, or ethical risks.

---

### 18. Sustainability  
**Score: 1/10**  
*Explanation*: No information on long-term viability or resource use.  
*Suggestion*: Discuss sustainability in terms of resources, funding, or ongoing research.

---

### 19. Societal Relevance  
**Score: 1/10**  
*Explanation*: Societal impact is not addressed.  
*Suggestion*: Explain how your idea could benefit patients and society.

---

### 20. Future Research Potential  
**Score: 1/10**  
*Explanation*: No idea is presented to generate follow-up research.  
*Suggestion*: Note how your hypothesis could open new research directions or questions.

---

**Summary:**  
With no hypothesis, research plan, or rationale, the “Untitled Idea” cannot be evaluated meaningfully against scientific criteria. Please provide a concise description of the actual research idea to receive a detailed evaluation and actionable feedback.

### Metadata

- Generation Type: Refinement
- Parent Idea: 18
- Refinement Count: 0


