IDEA 65 EVOLUTION LOG

================================================================================
TIMESTAMP: 2025-05-28 11:17:39
PHASE: New Idea (Significant Change), ROUND: 4
UNIQUE_ID: d78ea0c9-27091b4d
================================================================================

## New Idea from Significant Change (Round 4)

This idea represents a significant change from Idea 44.

**Title**: ** Dynamic m6A modification of mRNAs within stress granules...

**Key Idea**: ** Dynamic m6A modification of mRNAs within stress granules orchestrates dormancy and therapy evasion in pancreatic cancer.

**Approach**: is methodologically rigorous and innovative, with broad generalizability to stress-adaptive cancers. Future research could target SG-m6A machinery for therapeutic intervention [Sun 2022].

## Comparison with Original

### Original Idea (ID: 44)

**Title**: ** Unified m6A-Stress Granule Axis in Cancer Dormancy

**Key Idea**: ** m6A-modified mRNAs sequestered in stress granules promote reversible dormancy in therapy-resistant cancers.

**Paragraph 1**: **  
This idea builds on evidence that m6A epitranscriptomic marks regulate mRNA fate and that stress granules (SGs) modulate cellular survival under stress [Barbieri 2017]. It proposes that in cancer, SGs selectively sequester m6A-modified mRNAs encoding cell cycle and survival regulators, inducing a dormant, therapy-evading state [Anders 2018; Youn 2019]. This model unifies spatial and chemical RNA regulation as a general mechanism for stress-adaptive dormancy across multiple cancers.

**Paragraph 2**: **  
High-throughput m6A-seq and SG isolation will profile the transcriptome of dormant versus cycling cancer cells. CRISPR-based disruption of SG core components and m6A writers/readers will test functional necessity in cell lines and patient-derived xenografts. Dormancy will be evaluated by cell cycle status, therapy response, and recovery assays. Orthogonal approaches, such as chemical inhibition of m6A enzymes, will dissect the contribution of modification versus sequestration.

**Paragraph 3**: **  
The hypothesis is empirically grounded in m6A and stress response literature [Anders 2018; Youn 2019]. It is theoretically coherent and provides a parsimonious, testable model for therapy resistance. Explanatory and predictive power are high, and falsifiability is clear via genetic and pharmacological interventions. Methodological rigor is ensured by multi-modal validation. Innovation stems from integrating spatial and epitranscriptomic regulation, with broad implications for therapy-resistant cancers.

**Approach**: es, such as chemical inhibition of m6A enzymes, will dissect the contribution of modification versus sequestration.

**Key References**: ** [Anders 2018], [Barbieri 2017], [Youn 2019]  
**Refinements:** Unified spatial and chemical axes, broadened scope, emphasized functional and methodological integration.

### Scientific Evaluation

| Criterion | Score |
|---|---:|
| Empirical Support | 5.0/10 |
| Theoretical Coherence | 8.0/10 |
| Explanatory Power | 7.0/10 |
| Predictive Capability | 8.0/10 |
| Falsifiability | 9.0/10 |
| Parsimony | 7.0/10 |
| Generalizability | 7.0/10 |
| Methodological Rigor | 8.0/10 |
| Innovation | 9.0/10 |
| Problem-Solving Utility | 8.0/10 |
| Interdisciplinary Impact | 7.0/10 |
| Ethical Considerations | 8.0/10 |
| Scalability | 7.0/10 |
| Replicability | 7.0/10 |
| Theoretical Foundation | 8.0/10 |
| Technological Feasibility | 7.0/10 |
| Risk Assessment | 6.0/10 |
| Sustainability | 7.0/10 |
| Societal Relevance | 8.0/10 |
| Future Research Potential | 9.0/10 |

### Detailed Evaluation

Certainly! Here is a comprehensive evaluation of the research idea **“Dynamic m6A modification of mRNAs within stress granules orchestrates dormancy and therapy evasion in pancreatic cancer”** against the stated criteria.

---

### 1. Empirical Support
**Score: 5/10**

**Rationale:**  
There is emerging evidence linking m6A modifications, stress granules, and cancer adaptation, but direct experimental evidence specifically connecting dynamic m6A in stress granules to dormancy and therapy evasion in pancreatic cancer is limited. The referenced study [Sun 2022] may hint at feasibility, but the hypothesis remains only partially empirically grounded.

**Suggestions:**  
- Review and cite recent data specifically on m6A and stress granule dynamics in pancreatic cancer.
- Generate preliminary data (e.g., using patient-derived organoids) to support the hypothesis.

---

### 2. Theoretical Coherence
**Score: 8/10**

**Rationale:**  
The idea is logically coherent: m6A modifications regulate mRNA fate, stress granules are implicated in therapy evasion, and both processes are relevant to cancer dormancy. The connection is theoretically plausible and internally consistent.

**Suggestions:**  
- Explicitly outline the mechanistic pathway from m6A modification to therapy evasion.
- Use diagrams or models to clarify the stepwise logic.

---

### 3. Explanatory Power
**Score: 7/10**

**Rationale:**  
This hypothesis could explain why some pancreatic tumors resist therapy and enter dormancy, a poorly understood phenomenon. However, it may not account for all aspects of therapy resistance.

**Suggestions:**  
- Expand the hypothesis to consider other modifications or granule types for broader explanatory power.
- Compare with alternative mechanisms to refine the explanatory scope.

---

### 4. Predictive Capability
**Score: 8/10**

**Rationale:**  
Makes clear, testable predictions: manipulating m6A machinery in stress granules should alter dormancy/therapy response in pancreatic cancer models.

**Suggestions:**  
- Develop explicit experimental predictions (e.g., m6A reader/writer knockdown leads to reduced dormancy).
- Design animal model studies for verification.

---

### 5. Falsifiability
**Score: 9/10**

**Rationale:**  
The hypothesis is clearly falsifiable: if manipulating m6A in stress granules has no impact on dormancy or therapy evasion, the hypothesis is disproven.

**Suggestions:**  
- Define specific experimental endpoints for falsification.
- Consider negative controls (e.g., unrelated modifications).

---

### 6. Parsimony
**Score: 7/10**

**Rationale:**  
The concept is relatively parsimonious, attributing a complex phenotype (dormancy/therapy evasion) to a single, testable regulatory mechanism.

**Suggestions:**  
- Avoid unnecessary complexity in the mechanistic model.
- Focus on key regulators to keep the system tractable.

---

### 7. Generalizability
**Score: 7/10**

**Rationale:**  
Given m6A and stress granules' roles in other stress-adaptive cancers, the idea could generalize, but initial evidence is cancer-type specific.

**Suggestions:**  
- Test the hypothesis in additional cancer models (e.g., glioblastoma, ovarian cancer).
- Identify conserved mechanisms across tumor types.

---

### 8. Methodological Rigor
**Score: 8/10**

**Rationale:**  
The approach (molecular, cellular, and in vivo studies) is methodologically rigorous and aligns with state-of-the-art techniques.

**Suggestions:**  
- Incorporate single-cell and spatial transcriptomics for higher resolution.
- Ensure robust statistical methods and reproducibility.

---

### 9. Innovation
**Score: 9/10**

**Rationale:**  
Highly innovative—dynamic m6A modification within stress granules is a novel regulatory axis, largely unexplored in therapy evasion.

**Suggestions:**  
- Highlight differences from existing literature.
- Propose new tools or models to study this interaction.

---

### 10. Problem-Solving Utility
**Score: 8/10**

**Rationale:**  
If validated, this could yield new therapeutic targets for highly refractory cancers. The practical impact could be substantial.

**Suggestions:**  
- Develop translational plans (e.g., drug screening for m6A modulators).
- Collaborate with clinicians for clinical trial design.

---

### 11. Interdisciplinary Impact
**Score: 7/10**

**Rationale:**  
The work bridges RNA biology, cancer research, pharmacology, and computational biology.

**Suggestions:**  
- Engage with bioinformaticians and clinicians to broaden impact.
- Consider implications for neuroscience or virology (stress granule relevance).

---

### 12. Ethical Considerations
**Score: 8/10**

**Rationale:**  
Standard ethical concerns for cancer research (patient-derived tissues, animal models) apply. Therapeutic interventions targeting m6A machinery may have off-target effects.

**Suggestions:**  
- Plan for rigorous ethical oversight.
- Include risk assessment for off-target effects of interventions.

---

### 13. Scalability
**Score: 7/10**

**Rationale:**  
Scalable in vitro and in vivo, but clinical translation (e.g., targeting m6A enzymes) may face scalability barriers due to drug delivery or toxicity.

**Suggestions:**  
- Develop nanoparticle-based delivery for m6A-targeting agents.
- Plan for high-throughput screening.

---

### 14. Replicability
**Score: 7/10**

**Rationale:**  
Well-defined molecular interventions are generally replicable, but biological variability in patient samples may reduce reproducibility.

**Suggestions:**  
- Standardize protocols across labs.
- Use diverse patient-derived models.

---

### 15. Theoretical Foundation
**Score: 8/10**

**Rationale:**  
Strong foundation in RNA modification and cancer biology, though the specific interaction (m6A-in-stress granules → dormancy) is new.

**Suggestions:**  
- Cite more foundational studies on m6A and stress granules.
- Address potential counter-evidence.

---

### 16. Technological Feasibility
**Score: 7/10**

**Rationale:**  
Technologies (CRISPR, RNA-seq, imaging, m6A mapping) are available. Some technical hurdles remain in isolating/studying stress granule mRNAs in situ.

**Suggestions:**  
- Develop or adopt advanced imaging and isolation technologies.
- Collaborate with technology developers.

---

### 17. Risk Assessment
**Score: 6/10**

**Rationale:**  
Risks include technical difficulty, biological redundancy, and compensatory mechanisms. Targeting m6A machinery may have unintended effects.

**Suggestions:**  
- Include backup hypotheses.
- Screen for toxicity and compensatory pathways.

---

### 18. Sustainability
**Score: 7/10**

**Rationale:**  
Basic research is sustainable, but translation to clinic may be resource-intensive. Use of rare or expensive reagents could limit long-term studies.

**Suggestions:**  
- Use scalable model systems.
- Plan for resource-efficient protocols.

---

### 19. Societal Relevance
**Score: 8/10**

**Rationale:**  
Addresses pancreatic cancer—one of the deadliest and most difficult-to-treat cancers. High potential for societal impact.

**Suggestions:**  
- Involve patient advocacy groups.
- Publicize potential benefits broadly.

---

### 20. Future Research Potential
**Score: 9/10**

**Rationale:**  
Opens multiple new research avenues: targeting m6A, stress granule dynamics, cancer dormancy, and beyond.

**Suggestions:**  
- Propose follow-up studies (e.g., on immune response, microenvironment).
- Suggest large-scale consortia or collaborative studies.

---

## Summary Table

| Criterion                              | Score (/10) |
|----------------------------------------|-------------|
| 1. Empirical Support                   | 5           |
| 2. Theoretical Coherence               | 8           |
| 3. Explanatory Power                   | 7           |
| 4. Predictive Capability               | 8           |
| 5. Falsifiability                      | 9           |
| 6. Parsimony                           | 7           |
| 7. Generalizability                    | 7           |
| 8. Methodological Rigor                | 8           |
| 9. Innovation                          | 9           |
| 10. Problem-Solving Utility            | 8           |
| 11. Interdisciplinary Impact           | 7           |
| 12. Ethical Considerations             | 8           |
| 13. Scalability                        | 7           |
| 14. Replicability                      | 7           |
| 15. Theoretical Foundation             | 8           |
| 16. Technological Feasibility          | 7           |
| 17. Risk Assessment                    | 6           |
| 18. Sustainability                     | 7           |
| 19. Societal Relevance                 | 8           |
| 20. Future Research Potential          | 9           |

---

**Overall:**  
This idea is highly novel and well-grounded in theory, with strong innovation and future research potential. To strengthen it, focus on gathering preliminary empirical data, clarifying mechanisms, and planning for translational/technological hurdles.

### Metadata

- Generation Type: New (Significant Change)
- Parent Idea: 44
- Created as new idea due to significant change


================================================================================
TIMESTAMP: 2025-05-28 11:24:52
PHASE: Tournament Round 4, ROUND: 4, ELO SCORE: 1279.2
UNIQUE_ID: d78ea0c9-27091b4d
================================================================================

## Tournament Results (Round 4)

**Rank:** 1 out of 19
**ELO Rating:** 1279.2

### Idea

**Title**: ** Dynamic m6A modification of mRNAs within stress granules...

**Key Idea**: ** Dynamic m6A modification of mRNAs within stress granules orchestrates dormancy and therapy evasion in pancreatic cancer.

**Approach**: is methodologically rigorous and innovative, with broad generalizability to stress-adaptive cancers. Future research could target SG-m6A machinery for therapeutic intervention [Sun 2022].



