IDEA 51 EVOLUTION LOG

================================================================================
TIMESTAMP: 2025-05-28 11:07:22
PHASE: Evolution, ROUND: 3
UNIQUE_ID: 80e68304-bb8f4e25
================================================================================

## Refined Idea (Round 3)

**Title**: ** Gut-Brain Axis Metabolites Reprogramming Tumor Immunity

**Key Idea**: ** Gut-derived metabolites traverse the BBB to reprogram immune landscapes within brain tumors, affecting progression and response.

**Paragraph 1**: **  
The gut-brain axis has emerged as a critical regulator of neuroimmune interactions [D’Alessandro 2020]. This idea hypothesizes that microbiome-derived metabolites, notably SCFAs and tryptophan derivatives, cross the BBB and reprogram immune cells within brain tumors, shifting the tumor microenvironment toward immune activation or suppression [Colombo 2021]. This creates a new paradigm for non-invasive modulation of neuro-oncology outcomes.

**Paragraph 2**: **  
Murine models with controlled microbiome compositions will be used to quantify brain and tumor levels of gut-derived metabolites via metabolomics. Immune profiling (flow cytometry, scRNA-seq) will map changes in tumor-resident and infiltrating immune cells. Functional studies will manipulate metabolite availability and block BBB transporters to test causality. Main challenges include distinguishing direct immune reprogramming from systemic effects.

**Paragraph 3**: **  
Empirical support for microbiome–brain–tumor crosstalk is increasing [D’Alessandro 2020; Colombo 2021]. The idea is theoretically sound, predictive, and falsifiable through metabolite or transporter blockade. Methodological rigor is ensured by integrated multi-omics and functional interventions. The innovation lies in leveraging the gut-brain axis for tumor immunomodulation, with future potential in microbiome-targeted therapies.

**Approach**: ** Microbiome manipulation, metabolomics, immune profiling, transporter blockade.

**Key References**: ** [D’Alessandro 2020], [Colombo 2021]  
**Refinements:** Enhanced focus on immune reprogramming, clarified intervention points, emphasized non-invasive therapeutic paradigm.

## Comparison with Original

### Original Idea (ID: 37)

**Title**: ** The gut-brain axis is increasingly recognized f...

**Paragraph 1**: ** The gut-brain axis is increasingly recognized for its impact on neuroimmune function, yet the direct effect of gut-derived metabolites on brain tumor microenvironments is underexplored. This idea hypothesizes that specific short-chain fatty acids or other metabolites produced by the gut microbiota can permeate the blood-brain barrier (BBB) and alter immune cell phenotypes within brain tumors, potentially shifting the immunosuppressive landscape and influencing tumor progression [D'Alessandro 2020]. The novelty lies in linking microbiome metabolism to brain tumor immune modulation via BBB-transiting molecules.

### Scientific Evaluation

| Criterion | Score |
|---|---:|
| Empirical Support | 7.0/10 |
| Theoretical Coherence | 9.0/10 |
| Explanatory Power | 8.0/10 |
| Predictive Capability | 8.0/10 |
| Falsifiability | 9.0/10 |
| Parsimony | 7.0/10 |
| Generalizability | 6.0/10 |
| Methodological Rigor | 8.0/10 |
| Innovation | 9.0/10 |
| Problem-Solving Utility | 7.0/10 |
| Interdisciplinary Impact | 9.0/10 |
| Ethical Considerations | 8.0/10 |
| Scalability | 6.0/10 |
| Replicability | 7.0/10 |
| Theoretical Foundation | 8.0/10 |
| Technological Feasibility | 8.0/10 |
| Risk Assessment | 6.0/10 |
| Sustainability | 7.0/10 |
| Societal Relevance | 8.0/10 |
| Future Research Potential | 10.0/10 |

### Detailed Evaluation

**1. Empirical Support**  
Score: 7/10  
*Explanation*: There is increasing, but still relatively early, evidence supporting gut-brain-tumor interactions, especially in animal models. However, direct empirical support specifically for gut-derived metabolites modulating brain tumor immunity is limited.  
*Suggestions*: Strengthen empirical foundation by referencing any unpublished data, pilot studies, or related findings in human samples. Prioritize preliminary experiments to directly validate key assumptions.

**2. Theoretical Coherence**  
Score: 9/10  
*Explanation*: The hypothesis is logically constructed and aligns with emerging neuroimmunology and microbiome literature. The rationale for metabolite-mediated immune reprogramming is clear and internally consistent.  
*Suggestions*: Further clarify specific immune mechanisms (e.g., which immune cells, signaling pathways) to enhance mechanistic clarity.

**3. Explanatory Power**  
Score: 8/10  
*Explanation*: The idea provides a compelling explanation for variable brain tumor immune landscapes and response to treatment, especially in the context of microbiome differences.  
*Suggestions*: Include concrete examples of enigmatic clinical phenomena this hypothesis could explain (e.g., variability in glioma immunogenicity).

**4. Predictive Capability**  
Score: 8/10  
*Explanation*: The hypothesis generates specific, testable predictions (e.g., manipulating gut metabolites alters brain tumor immunity).  
*Suggestions*: List additional measurable biomarkers (e.g. cytokine signatures) to increase granularity of predictions.

**5. Falsifiability**  
Score: 9/10  
*Explanation*: The idea is highly falsifiable—blockade of metabolite transport or microbiome manipulation can directly test the core hypothesis.  
*Suggestions*: Ensure negative controls and alternative explanations (e.g., systemic immune modulation) are rigorously tested.

**6. Parsimony**  
Score: 7/10  
*Explanation*: The hypothesis is elegant but moderately complex, as it invokes multiple systems (gut, BBB, brain tumor, immune system).  
*Suggestions*: Consider narrowing the focus initially (e.g., one metabolite class or immune cell subset) to increase simplicity.

**7. Generalizability**  
Score: 6/10  
*Explanation*: The idea is primarily focused on brain tumors, particularly gliomas. Generalization to other cancers is possible but not explicit.  
*Suggestions*: Discuss potential relevance to other hard-to-treat, immune-excluded tumors (e.g., pancreatic, ovarian cancers).

**8. Methodological Rigor**  
Score: 8/10  
*Explanation*: The proposed approach (germ-free mice, metabolomics, scRNA-seq, transporter blockade) is robust and state-of-the-art.  
*Suggestions*: Pre-register experimental protocols and include blinded analyses to further enhance rigor.

**9. Innovation**  
Score: 9/10  
*Explanation*: This is a highly novel integration of gut-brain-immune interactions in brain tumor biology, not found in existing literature.  
*Suggestions*: Highlight how this approach opens up new treatment paradigms (e.g., dietary/microbiome interventions for neuro-oncology).

**10. Problem-Solving Utility**  
Score: 7/10  
*Explanation*: If validated, this approach could enable minimally invasive modulation of brain tumor immunity, potentially addressing current therapeutic limitations.  
*Suggestions*: Outline clear translational pathways (e.g., microbiome-targeted adjuvants) and anticipated challenges.

**11. Interdisciplinary Impact**  
Score: 9/10  
*Explanation*: The project bridges oncology, immunology, neuroscience, and microbiome research.  
*Suggestions*: Engage collaborators from all relevant fields for deeper integration (e.g., clinical neuro-oncologists, microbial ecologists).

**12. Ethical Considerations**  
Score: 8/10  
*Explanation*: Ethical concerns are moderate—mainly related to microbiome manipulation and animal experiments. Human translation would require careful safety assessment.  
*Suggestions*: Include ethical review and patient perspectives early in translational planning.

**13. Scalability**  
Score: 6/10  
*Explanation*: Murine and preclinical models are scalable, but human translation (microbiome engineering, BBB-targeted delivery) is less so.  
*Suggestions*: Discuss scalable surrogate models (e.g., organoids) and eventual clinical trial designs.

**14. Replicability**  
Score: 7/10  
*Explanation*: High-throughput and standardized techniques are proposed, but microbiome variability and animal model reproducibility are challenges.  
*Suggestions*: Use multiple mouse strains and replicate findings in different labs.

**15. Theoretical Foundation**  
Score: 8/10  
*Explanation*: Well-grounded in emerging science, with citations to recent foundational work.  
*Suggestions*: Clearly delineate how this idea extends or challenges current models.

**16. Technological Feasibility**  
Score: 8/10  
*Explanation*: All proposed technologies exist and are widely used, though BBB transport studies and in vivo metabolomics require specialized expertise.  
*Suggestions*: Collaborate with experts in BBB biology and advanced metabolomics.

**17. Risk Assessment**  
Score: 6/10  
*Explanation*: Risks include model complexity, confounding systemic effects, and translational barriers.  
*Suggestions*: Develop contingency plans for negative or ambiguous findings, and clarify how to distinguish direct from indirect effects.

**18. Sustainability**  
Score: 7/10  
*Explanation*: The approach is resource-intensive but not wasteful; animal models and high-throughput assays are sustainable with proper design.  
*Suggestions*: Consider in vitro models to reduce animal usage and increase sustainability.

**19. Societal Relevance**  
Score: 8/10  
*Explanation*: Brain tumors are a major unmet clinical need. The non-invasive, potentially diet-based implications are of high societal value.  
*Suggestions*: Articulate future public health impact and accessibility of potential interventions.

**20. Future Research Potential**  
Score: 10/10  
*Explanation*: The hypothesis unlocks multiple novel research avenues in cancer, immunity, neuroscience, and microbiome science.  
*Suggestions*: Map out a longer-term research roadmap, including possible spin-off projects and clinical applications.

---

**Summary**:  
This idea is highly innovative, theoretically sound, and offers strong explanatory and predictive potential. Its main weaknesses are the current lack of direct empirical support, complexity, and translational scalability. Addressing these through focused pilot studies, clear mechanistic dissection, and robust methodological planning will strengthen the proposal for high-impact experimental validation.

### Metadata

- Generation Type: Refinement
- Parent Idea: 37
- Refinement Count: 0


================================================================================
TIMESTAMP: 2025-05-28 11:12:37
PHASE: Tournament Round 3, ROUND: 3, ELO SCORE: 1210.2
UNIQUE_ID: 80e68304-bb8f4e25
================================================================================

## Tournament Results (Round 3)

**Rank:** 8 out of 20
**ELO Rating:** 1210.2

### Idea

**Title**: ** Gut-Brain Axis Metabolites Reprogramming Tumor Immunity

**Key Idea**: ** Gut-derived metabolites traverse the BBB to reprogram immune landscapes within brain tumors, affecting progression and response.

**Paragraph 1**: **  
The gut-brain axis has emerged as a critical regulator of neuroimmune interactions [D’Alessandro 2020]. This idea hypothesizes that microbiome-derived metabolites, notably SCFAs and tryptophan derivatives, cross the BBB and reprogram immune cells within brain tumors, shifting the tumor microenvironment toward immune activation or suppression [Colombo 2021]. This creates a new paradigm for non-invasive modulation of neuro-oncology outcomes.

**Paragraph 2**: **  
Murine models with controlled microbiome compositions will be used to quantify brain and tumor levels of gut-derived metabolites via metabolomics. Immune profiling (flow cytometry, scRNA-seq) will map changes in tumor-resident and infiltrating immune cells. Functional studies will manipulate metabolite availability and block BBB transporters to test causality. Main challenges include distinguishing direct immune reprogramming from systemic effects.

**Paragraph 3**: **  
Empirical support for microbiome–brain–tumor crosstalk is increasing [D’Alessandro 2020; Colombo 2021]. The idea is theoretically sound, predictive, and falsifiable through metabolite or transporter blockade. Methodological rigor is ensured by integrated multi-omics and functional interventions. The innovation lies in leveraging the gut-brain axis for tumor immunomodulation, with future potential in microbiome-targeted therapies.

**Approach**: ** Microbiome manipulation, metabolomics, immune profiling, transporter blockade.

**Key References**: ** [D’Alessandro 2020], [Colombo 2021]  
**Refinements:** Enhanced focus on immune reprogramming, clarified intervention points, emphasized non-invasive therapeutic paradigm.



