IDEA 23 EVOLUTION LOG

================================================================================
TIMESTAMP: 2025-05-28 10:51:41
PHASE: Evolution, ROUND: 2
UNIQUE_ID: c0769703-cede91ca
================================================================================

## Refined Idea (Round 2)

**Title**: ** Pancreatic cancer cells frequently encounter me...

**Paragraph 1**: ** Pancreatic cancer cells frequently encounter metabolic and therapeutic stress, leading to the assembly of stress granules (SGs), which are membraneless organelles that transiently store mRNAs and RNA-binding proteins. This idea posits that, within SGs, specific mRNAs undergo dynamic epitranscriptomic modifications such as m6A methylation, altering their stability, localization, and translation. These modifications foster a reversible dormant state, enabling tumor cells to evade therapies targeting actively cycling cells. The novelty lies in implicating stress granule-associated mRNA modification as a mechanistic driver of adaptive dormancy and resistance, integrating spatial RNA sequestration with chemical modification in therapeutic evasion [Anders 2018; Barbieri 2017].

## Comparison with Original

### Original Idea (ID: 7)

**Title**: ** Gut microbiome metabolites cross the blood-brain barrier...

**Key Idea**: ** Gut microbiome metabolites cross the blood-brain barrier and modulate brain tumor immune responses.

**Approach**: is rigorous, generalizable to other CNS cancers, and opens new avenues for microbiome-targeted immunotherapy.

**Key References**: ** D'Alessandro G et al. "Gut–brain axis and neuroimmunity in brain tumors." Nat Rev Neurol. 2020.

### Scientific Evaluation

| Criterion | Score |
|---|---:|
| Empirical Support | 5.0/10 |
| Theoretical Coherence | 8.0/10 |
| Explanatory Power | 7.0/10 |
| Predictive Capability | 6.0/10 |
| Falsifiability | 8.0/10 |
| Parsimony | 6.0/10 |
| Generalizability | 5.0/10 |
| Methodological Rigor | 6.0/10 |
| Innovation | 9.0/10 |
| Problem-Solving Utility | 7.0/10 |
| Interdisciplinary Impact | 7.0/10 |
| Ethical Considerations | 8.0/10 |
| Scalability | 6.0/10 |
| Replicability | 6.0/10 |
| Theoretical Foundation | 7.0/10 |
| Technological Feasibility | 7.0/10 |
| Risk Assessment | 5.0/10 |
| Sustainability | 6.0/10 |
| Societal Relevance | 9.0/10 |
| Future Research Potential | 9.0/10 |

### Detailed Evaluation

**1. Empirical Support**  
Score: 5/10  
**Explanation:**  
There is emerging evidence that stress granules (SGs) and epitranscriptomic modifications (like m6A methylation) are involved in cancer cell biology, but direct evidence tying SG-associated mRNA modifications to adaptive dormancy in pancreatic cancer is lacking.  
**Suggestions:**  
- Conduct a thorough literature review to identify any indirect support.  
- Propose pilot experiments to test for the presence and dynamics of epitranscriptomic marks within SGs in pancreatic cancer cells under stress.

---

**2. Theoretical Coherence**  
Score: 8/10  
**Explanation:**  
The hypothesis is logically structured, linking SG formation, mRNA modification, and dormancy. The integration of spatial (granule) and chemical (m6A) regulation is coherent.  
**Suggestions:**  
- Clarify the stepwise mechanistic pathway from stress to dormancy, identifying key molecular players.  
- Use diagrams or models to map the process more clearly.

---

**3. Explanatory Power**  
Score: 7/10  
**Explanation:**  
This idea can explain why some pancreatic cancer cells survive therapy and later recur, connecting stress response to resistance.  
**Suggestions:**  
- Define specific phenomena (e.g., rates of recurrence, resistance) the hypothesis could explain.  
- Suggest how this mechanism compares with or complements known resistance pathways.

---

**4. Predictive Capability**  
Score: 6/10  
**Explanation:**  
The hypothesis generates testable predictions: for example, that disrupting m6A modification in SGs will reduce dormancy and resistance.  
**Suggestions:**  
- List specific, falsifiable predictions.  
- Design clear experimental endpoints for validation (e.g., cell viability, dormancy markers).

---

**5. Falsifiability**  
Score: 8/10  
**Explanation:**  
The hypothesis is falsifiable—one can experimentally disrupt m6A writers/readers in SGs and observe effects on dormancy and resistance.  
**Suggestions:**  
- Identify potential confounding variables.  
- Develop negative controls for experimental setups.

---

**6. Parsimony**  
Score: 6/10  
**Explanation:**  
The mechanism is somewhat complex (involving SGs, mRNA modifications, and dormancy), but not unnecessarily so.  
**Suggestions:**  
- Consider whether all components are essential or if the model can be simplified.  
- Focus on the most critical modification(s) or SG component(s).

---

**7. Generalizability**  
Score: 5/10  
**Explanation:**  
While focused on pancreatic cancer, stress granule formation and m6A modifications occur in other cancers and cell types, suggesting some broader relevance.  
**Suggestions:**  
- Propose parallel studies in other hard-to-treat cancers.  
- Discuss general principles that may apply across tumor types.

---

**8. Methodological Rigor**  
Score: 6/10  
**Explanation:**  
Modern techniques (e.g., CLIP-seq, m6A mapping, SG visualization) can be applied, but the experiments will be technically demanding.  
**Suggestions:**  
- Outline robust methodologies, including controls and replicates.  
- Collaborate with labs experienced in SG and m6A biology.

---

**9. Innovation**  
Score: 9/10  
**Explanation:**  
Combining SG biology with epitranscriptomics as a mechanism for adaptive dormancy/resistance is highly novel and not yet explored in the literature.  
**Suggestions:**  
- Highlight what differentiates this hypothesis from related work on SGs or m6A alone.  
- Consider possible patentability or unique translational implications.

---

**10. Problem-Solving Utility**  
Score: 7/10  
**Explanation:**  
If validated, targeting SG-associated mRNA modifications could offer new therapeutic strategies for otherwise intractable cancers.  
**Suggestions:**  
- Suggest specific inhibitors or targetable molecules.  
- Consider combinatorial approaches with existing therapies.

---

**11. Interdisciplinary Impact**  
Score: 7/10  
**Explanation:**  
The idea bridges cancer biology, RNA biology, epigenetics, and potentially drug development, fostering interdisciplinary collaboration.  
**Suggestions:**  
- Engage experts in RNA chemistry, pharmacology, and clinical oncology.  
- Propose interdisciplinary workshops or seminars.

---

**12. Ethical Considerations**  
Score: 8/10  
**Explanation:**  
No direct ethical issues are apparent, though experimental animal studies and eventual clinical translation require oversight.  
**Suggestions:**  
- Plan for ethical review of animal and human tissue studies.  
- Ensure transparency regarding potential off-target effects of proposed interventions.

---

**13. Scalability**  
Score: 6/10  
**Explanation:**  
The basic research can be scaled to larger cohorts or multiple cancer types, but technical barriers may limit throughput initially.  
**Suggestions:**  
- Streamline experimental protocols for higher throughput.  
- Develop or use scalable assays for m6A and SG detection.

---

**14. Replicability**  
Score: 6/10  
**Explanation:**  
Results should be replicable if methodologies are standardized, but biological variability in SG and m6A biology poses a challenge.  
**Suggestions:**  
- Establish standardized protocols and reagents.  
- Encourage independent replication in different labs.

---

**15. Theoretical Foundation**  
Score: 7/10  
**Explanation:**  
The idea builds on strong foundations in SG biology and epitranscriptomics, though the specific integration is new.  
**Suggestions:**  
- Cite foundational studies in both fields.  
- Address any gaps or uncertainties in the foundational knowledge.

---

**16. Technological Feasibility**  
Score: 7/10  
**Explanation:**  
Technologies exist to probe SGs and m6A, though integration may be technically challenging.  
**Suggestions:**  
- Invest in method development for simultaneous SG and m6A analysis.  
- Collaborate with technology developers.

---

**17. Risk Assessment**  
Score: 5/10  
**Explanation:**  
Risks include technical hurdles, potential redundancy in resistance mechanisms, and off-target effects if translating to therapy.  
**Suggestions:**  
- Develop risk mitigation plans at each stage.  
- Diversify research approaches to minimize dependence on a single pathway.

---

**18. Sustainability**  
Score: 6/10  
**Explanation:**  
Resource requirements (e.g., sequencing, imaging) may be high, but with appropriate funding and collaboration, sustainable.  
**Suggestions:**  
- Seek partnerships for shared resources.  
- Optimize protocols for efficiency.

---

**19. Societal Relevance**  
Score: 9/10  
**Explanation:**  
Pancreatic cancer is a major unmet need; new strategies for overcoming resistance and dormancy could benefit patients greatly.  
**Suggestions:**  
- Engage with patient advocacy groups.  
- Plan for clear communication of findings to the public.

---

**20. Future Research Potential**  
Score: 9/10  
**Explanation:**  
If validated, this hypothesis opens multiple research avenues in cancer dormancy, SG biology, and RNA modifications.  
**Suggestions:**  
- Map out potential follow-up questions and studies.  
- Encourage cross-disciplinary brainstorming for novel applications.

---

**Summary Table of Scores:**  
1. Empirical Support: 5/10  
2. Theoretical Coherence: 8/10  
3. Explanatory Power: 7/10  
4. Predictive Capability: 6/10  
5. Falsifiability: 8/10  
6. Parsimony: 6/10  
7. Generalizability: 5/10  
8. Methodological Rigor: 6/10  
9. Innovation: 9/10  
10. Problem-Solving Utility: 7/10  
11. Interdisciplinary Impact: 7/10  
12. Ethical Considerations: 8/10  
13. Scalability: 6/10  
14. Replicability: 6/10  
15. Theoretical Foundation: 7/10  
16. Technological Feasibility: 7/10  
17. Risk Assessment: 5/10  
18. Sustainability: 6/10  
19. Societal Relevance: 9/10  
20. Future Research Potential: 9/10

### Metadata

- Generation Type: Refinement
- Parent Idea: 7
- Refinement Count: 0


================================================================================
TIMESTAMP: 2025-05-28 10:59:37
PHASE: Tournament Round 2, ROUND: 2, ELO SCORE: 1197.9
UNIQUE_ID: c0769703-cede91ca
================================================================================

## Tournament Results (Round 2)

**Rank:** 12 out of 19
**ELO Rating:** 1197.9

### Idea

**Title**: ** Pancreatic cancer cells frequently encounter me...

**Paragraph 1**: ** Pancreatic cancer cells frequently encounter metabolic and therapeutic stress, leading to the assembly of stress granules (SGs), which are membraneless organelles that transiently store mRNAs and RNA-binding proteins. This idea posits that, within SGs, specific mRNAs undergo dynamic epitranscriptomic modifications such as m6A methylation, altering their stability, localization, and translation. These modifications foster a reversible dormant state, enabling tumor cells to evade therapies targeting actively cycling cells. The novelty lies in implicating stress granule-associated mRNA modification as a mechanistic driver of adaptive dormancy and resistance, integrating spatial RNA sequestration with chemical modification in therapeutic evasion [Anders 2018; Barbieri 2017].



