IDEA 87 EVOLUTION LOG

================================================================================
TIMESTAMP: 2025-05-28 11:30:33
PHASE: Evolution, ROUND: 5
UNIQUE_ID: 55bf429c-c6e84195
================================================================================

## Refined Idea (Round 5)

**Title**: ** m6A-modified mRNAs sequestered in stress granules drive a...

**Key Idea**: ** m6A-modified mRNAs sequestered in stress granules drive a generalizable, reversible dormancy program in therapy-resistant cancers.

## Comparison with Original

### Original Idea (ID: 66)

**Title**: ** Isolation of SGs, m6A-seq, CRISPR/chemical disr...

**Approach**: ** Isolation of SGs, m6A-seq, CRISPR/chemical disruption, live-cell imaging, in vivo conditional models.

### Scientific Evaluation

| Criterion | Score |
|---|---:|
| Empirical Support | 5.0/10 |
| Theoretical Coherence | 7.0/10 |
| Explanatory Power | 7.0/10 |
| Predictive Capability | 8.0/10 |
| Falsifiability | 8.0/10 |
| Parsimony | 6.0/10 |
| Generalizability | 7.0/10 |
| Methodological Rigor | 6.0/10 |
| Innovation | 9.0/10 |
| Problem-Solving Utility | 7.0/10 |
| Interdisciplinary Impact | 8.0/10 |
| Ethical Considerations | 8.0/10 |
| Scalability | 6.0/10 |
| Replicability | 6.0/10 |
| Theoretical Foundation | 7.0/10 |
| Technological Feasibility | 6.0/10 |
| Risk Assessment | 5.0/10 |
| Sustainability | 7.0/10 |
| Societal Relevance | 8.0/10 |
| Future Research Potential | 9.0/10 |

### Detailed Evaluation

Certainly! Here is a detailed evaluation of the research idea:

---

### 1. Empirical Support  
**Score: 5/10**  
**Explanation:**  
There is emerging evidence linking m6A modifications and stress granules to cell fate decisions and cancer biology. However, the specific hypothesis that m6A-modified mRNAs sequestered in stress granules drive a generalizable, reversible dormancy program in therapy-resistant cancers is not directly supported by current experimental data.  
**Suggestions for Improvement:**  
- Reference or generate preliminary data showing a relationship between m6A-modified mRNAs, stress granules, and dormancy in relevant cancer models.

---

### 2. Theoretical Coherence  
**Score: 7/10**  
**Explanation:**  
The idea is logically constructed: m6A is known to regulate mRNA fate, and stress granules are implicated in stress responses and cell survival. The notion that their intersection could mediate dormancy is plausible.  
**Suggestions for Improvement:**  
- Clearly define mechanisms connecting m6A, stress granules, and dormancy.  
- Address possible alternative molecular pathways.

---

### 3. Explanatory Power  
**Score: 7/10**  
**Explanation:**  
This hypothesis could explain why some cancer cells evade therapy and later recur, linking molecular events to clinical phenomena.  
**Suggestions for Improvement:**  
- Specify which cancers and dormancy contexts are addressed.  
- Illustrate how this mechanism integrates with or supersedes known dormancy pathways.

---

### 4. Predictive Capability  
**Score: 8/10**  
**Explanation:**  
The hypothesis yields testable predictions: for example, disrupting m6A or stress granule formation should affect dormancy and therapy resistance.  
**Suggestions for Improvement:**  
- Propose specific biomarkers or readouts for dormancy reversal in preclinical models.

---

### 5. Falsifiability  
**Score: 8/10**  
**Explanation:**  
It is possible to design experiments (e.g., knockdown of m6A machinery or stress granule components) that could falsify this hypothesis.  
**Suggestions for Improvement:**  
- Define clear experimental criteria that would disprove the hypothesis.

---

### 6. Parsimony  
**Score: 6/10**  
**Explanation:**  
The hypothesis is somewhat complex, invoking multiple layers of RNA regulation and subcellular compartmentalization.  
**Suggestions for Improvement:**  
- Focus on the minimal set of molecular players required for dormancy induction.

---

### 7. Generalizability  
**Score: 7/10**  
**Explanation:**  
While initially focused on therapy-resistant cancers, the mechanism could apply to other stress-adapted cell states if validated.  
**Suggestions for Improvement:**  
- Test the hypothesis in multiple cancer types and in non-cancerous models of dormancy.

---

### 8. Methodological Rigor  
**Score: 6/10**  
**Explanation:**  
Advanced methods (e.g., m6A-seq, live-cell imaging of stress granules, single-cell analysis) are available but challenging.  
**Suggestions for Improvement:**  
- Outline robust, multi-modal experimental approaches and controls.

---

### 9. Innovation  
**Score: 9/10**  
**Explanation:**  
Combining m6A epitranscriptomics with stress granule biology to explain therapy resistance is highly original and not yet reported in the literature.  
**Suggestions for Improvement:**  
- Highlight how this approach differs from existing models of dormancy.

---

### 10. Problem-Solving Utility  
**Score: 7/10**  
**Explanation:**  
If validated, the idea could point to new therapeutic interventions to prevent cancer recurrence.  
**Suggestions for Improvement:**  
- Propose how findings could be translated into therapies or diagnostics.

---

### 11. Interdisciplinary Impact  
**Score: 8/10**  
**Explanation:**  
The idea bridges cancer biology, RNA modifications, cell stress responses, and molecular therapeutics.  
**Suggestions for Improvement:**  
- Engage experts from RNA biology, oncology, and drug discovery.

---

### 12. Ethical Considerations  
**Score: 8/10**  
**Explanation:**  
No major ethical issues are foreseen beyond standard research ethics. Unlocking dormancy could have profound effects on patient management.  
**Suggestions for Improvement:**  
- Consider long-term implications of manipulating dormancy in patients.

---

### 13. Scalability  
**Score: 6/10**  
**Explanation:**  
The basic findings could scale to different models but may face challenges in clinical translation due to tumor heterogeneity.  
**Suggestions for Improvement:**  
- Plan experiments across in vitro, in vivo, and patient-derived models.

---

### 14. Replicability  
**Score: 6/10**  
**Explanation:**  
Technical complexity (e.g., m6A profiling, stress granule visualization) may hinder reproducibility across labs.  
**Suggestions for Improvement:**  
- Use standardized protocols and share reagents/data widely.

---

### 15. Theoretical Foundation  
**Score: 7/10**  
**Explanation:**  
Built on strong emerging science in both m6A and stress granule fields, but not yet a unified theory in cancer dormancy.  
**Suggestions for Improvement:**  
- Integrate with established models and clarify how this hypothesis advances the field.

---

### 16. Technological Feasibility  
**Score: 6/10**  
**Explanation:**  
Technologies exist but are technically demanding. Drugging m6A or stress granules is still in early stages.  
**Suggestions for Improvement:**  
- Leverage latest RNA modification and imaging technologies.

---

### 17. Risk Assessment  
**Score: 5/10**  
**Explanation:**  
Potential for negative results if stress granule-m6A interactions are not causal. Therapeutic targeting may have off-target effects.  
**Suggestions for Improvement:**  
- Design risk-mitigation strategies and include orthogonal validation methods.

---

### 18. Sustainability  
**Score: 7/10**  
**Explanation:**  
Research is sustainable with current resources; long-term, may require specialized tools and funding.  
**Suggestions for Improvement:**  
- Develop collaborations for sharing resources and expertise.

---

### 19. Societal Relevance  
**Score: 8/10**  
**Explanation:**  
Dormancy and therapy resistance are major clinical problems. Understanding these could have a large societal impact.  
**Suggestions for Improvement:**  
- Engage with patient advocacy groups and clinicians.

---

### 20. Future Research Potential  
**Score: 9/10**  
**Explanation:**  
This idea opens multiple new avenues: mechanisms of dormancy, new drug targets, RNA modifications in cancer, etc.  
**Suggestions for Improvement:**  
- Suggest follow-up studies (e.g., impact on immune evasion, metastasis).

---

**Summary Table of Scores:**

| Criterion                              | Score (/10) |
|-----------------------------------------|-------------|
| 1. Empirical Support                   | 5           |
| 2. Theoretical Coherence               | 7           |
| 3. Explanatory Power                   | 7           |
| 4. Predictive Capability               | 8           |
| 5. Falsifiability                      | 8           |
| 6. Parsimony                           | 6           |
| 7. Generalizability                    | 7           |
| 8. Methodological Rigor                | 6           |
| 9. Innovation                          | 9           |
| 10. Problem-Solving Utility            | 7           |
| 11. Interdisciplinary Impact           | 8           |
| 12. Ethical Considerations             | 8           |
| 13. Scalability                        | 6           |
| 14. Replicability                      | 6           |
| 15. Theoretical Foundation             | 7           |
| 16. Technological Feasibility          | 6           |
| 17. Risk Assessment                    | 5           |
| 18. Sustainability                     | 7           |
| 19. Societal Relevance                 | 8           |
| 20. Future Research Potential          | 9           |

---

**Overall Impression:**  
Exceptionally innovative and with strong potential to advance the field, though it will require rigorous experimental validation and interdisciplinary collaboration to address technical and conceptual risks.

### Metadata

- Generation Type: Refinement
- Parent Idea: 66
- Refinement Count: 0


================================================================================
TIMESTAMP: 2025-05-28 11:36:30
PHASE: Tournament Round 5, ROUND: 5, ELO SCORE: 1276.7
UNIQUE_ID: 55bf429c-c6e84195
================================================================================

## Tournament Results (Round 5)

**Rank:** 1 out of 20
**ELO Rating:** 1276.7

### Idea

**Title**: ** m6A-modified mRNAs sequestered in stress granules drive a...

**Key Idea**: ** m6A-modified mRNAs sequestered in stress granules drive a generalizable, reversible dormancy program in therapy-resistant cancers.



