IDEA 85 EVOLUTION LOG

================================================================================
TIMESTAMP: 2025-05-28 11:29:42
PHASE: Evolution, ROUND: 5
UNIQUE_ID: b7e2a157-ebb12294
================================================================================

## Refined Idea (Round 5)

**Title**: Untitled Idea

**Key Idea**: **Modifications:** Clarified SG-localization, added methodological detail, emphasized in vivo validation, expanded citation base.

---

## Comparison with Original

### Original Idea (ID: 70)

**Title**: ** Murine models with microbiome manipulation, unt...

**Approach**: ** Murine models with microbiome manipulation, untargeted metabolomics, immune phenotyping, radiotracer studies, transporter inhibition.

### Scientific Evaluation

| Criterion | Score |
|---|---:|
| Empirical Support | 1.0/10 |
| Theoretical Coherence | 2.0/10 |
| Explanatory Power | 1.0/10 |
| Predictive Capability | 1.0/10 |
| Falsifiability | 2.0/10 |
| Parsimony | 3.0/10 |
| Generalizability | 1.0/10 |
| Methodological Rigor | 3.0/10 |
| Innovation | 2.0/10 |
| Problem-Solving Utility | 1.0/10 |
| Interdisciplinary Impact | 2.0/10 |
| Ethical Considerations | 4.0/10 |
| Scalability | 2.0/10 |
| Replicability | 3.0/10 |
| Theoretical Foundation | 2.0/10 |
| Technological Feasibility | 3.0/10 |
| Risk Assessment | 2.0/10 |
| Sustainability | 2.0/10 |
| Societal Relevance | 2.0/10 |
| Future Research Potential | 3.0/10 |

### Detailed Evaluation

Certainly! Since the **Key Idea** is only described as “Modifications: Clarified SG-localization, added methodological detail, emphasized in vivo validation, expanded citation base” and lacks a substantive scientific hypothesis or specific content, I will evaluate it as presented. I will assume “SG-localization” refers to Stress Granule localization (a plausible cancer research topic), but without a hypothesis or detailed plan, the evaluation will focus on the absence of content and how to improve.

---

### 1. Empirical Support   
**Score: 1/10**  
**Explanation:** There is no actual hypothesis or supporting data provided, nor a summary of any pre-existing evidence.  
**Suggestions:** Clearly state the hypothesis and cite existing data or literature that suggests SG-localization is relevant to cancer.

---

### 2. Theoretical Coherence  
**Score: 2/10**  
**Explanation:** The only evidence of coherence is the mention of “clarified SG-localization,” but there is no internal logic, framework, or rationale provided.  
**Suggestions:** Develop a logical framework explaining how SG-localization is hypothesized to affect cancer diagnosis or treatment.

---

### 3. Explanatory Power  
**Score: 1/10**  
**Explanation:** Without a hypothesis or explanation, the idea cannot explain any observed phenomena.  
**Suggestions:** Explicitly state what phenomena are being explained (e.g., drug resistance, cancer cell survival) and how SG-localization is implicated.

---

### 4. Predictive Capability  
**Score: 1/10**  
**Explanation:** No predictions or testable outcomes are outlined.  
**Suggestions:** Describe what outcomes would be expected if the hypothesis is true, and what experiments would test these predictions.

---

### 5. Falsifiability  
**Score: 2/10**  
**Explanation:** Falsifiability is implied by the mention of “in vivo validation,” but no clear hypothesis or falsifiable statements are made.  
**Suggestions:** Formulate a clear, testable (and thus falsifiable) hypothesis involving SG-localization.

---

### 6. Parsimony  
**Score: 3/10**  
**Explanation:** The lack of detail precludes complexity, but also any meaningful assessment of simplicity or elegance.  
**Suggestions:** When specifying the hypothesis, ensure it is as simple as possible while still addressing the research question.

---

### 7. Generalizability  
**Score: 1/10**  
**Explanation:** No information is provided regarding scope or applicability.  
**Suggestions:** Indicate whether the hypothesis could apply to multiple cancer types or is specific to certain subtypes.

---

### 8. Methodological Rigor  
**Score: 3/10**  
**Explanation:** “Added methodological detail” is mentioned, but no actual methods are described.  
**Suggestions:** Outline specific experimental approaches, controls, and validation steps.

---

### 9. Innovation  
**Score: 2/10**  
**Explanation:** There is no actual hypothesis to judge novelty; “clarified SG-localization” is too vague to assess originality.  
**Suggestions:** Explicitly state why your hypothesis is novel—cite why this approach or idea is not in the literature.

---

### 10. Problem-Solving Utility  
**Score: 1/10**  
**Explanation:** There is no stated mechanism by which this idea would solve diagnostic or therapeutic problems in cancer.  
**Suggestions:** Clearly link the hypothesis to a clinical or diagnostic challenge in difficult-to-treat cancers.

---

### 11. Interdisciplinary Impact  
**Score: 2/10**  
**Explanation:** Potential for impact exists (if SG-localization is relevant to multiple disciplines), but nothing is specified.  
**Suggestions:** Describe intersections with cell biology, oncology, pharmacology, or other relevant fields.

---

### 12. Ethical Considerations  
**Score: 4/10**  
**Explanation:** No ethical issues appear from the limited description; “in vivo validation” raises minimal animal research concerns.  
**Suggestions:** State how ethical considerations (e.g., animal use, patient privacy) will be addressed.

---

### 13. Scalability  
**Score: 2/10**  
**Explanation:** No information on whether the research can be scaled from cells to animals to humans.  
**Suggestions:** Discuss plans for scaling up and potential barriers.

---

### 14. Replicability  
**Score: 3/10**  
**Explanation:** “Added methodological detail” may imply some attention to reproducibility, but no protocols are described.  
**Suggestions:** Include standardized procedures and data-sharing plans to enhance replicability.

---

### 15. Theoretical Foundation  
**Score: 2/10**  
**Explanation:** “Expanded citation base” is mentioned, but no theoretical background or literature is cited.  
**Suggestions:** Provide a concise review of foundational studies that motivate the hypothesis.

---

### 16. Technological Feasibility  
**Score: 3/10**  
**Explanation:** “Emphasized in vivo validation” suggests feasibility, but no details are given.  
**Suggestions:** Specify the techniques to be used and their readiness for the intended experiments.

---

### 17. Risk Assessment  
**Score: 2/10**  
**Explanation:** No risks, limitations, or challenges are identified.  
**Suggestions:** List possible technical or conceptual risks, and mitigation strategies.

---

### 18. Sustainability  
**Score: 2/10**  
**Explanation:** No statement on resource efficiency, long-term viability, or sustainability.  
**Suggestions:** Consider and describe resource needs and long-term plans.

---

### 19. Societal Relevance  
**Score: 2/10**  
**Explanation:** The idea might be relevant to cancer, but there’s no explicit link to patient or societal benefits.  
**Suggestions:** Explain how this research could improve cancer outcomes or address unmet needs.

---

### 20. Future Research Potential  
**Score: 3/10**  
**Explanation:** “Expanded citation base” and “methodological detail” might indicate new directions, but no potential lines of inquiry are defined.  
**Suggestions:** Identify how this work could open new avenues in cancer biology or therapy.

---

## Summary Table

| Criterion | Score (/10) |
|---|---|
| Empirical Support | 1 |
| Theoretical Coherence | 2 |
| Explanatory Power | 1 |
| Predictive Capability | 1 |
| Falsifiability | 2 |
| Parsimony | 3 |
| Generalizability | 1 |
| Methodological Rigor | 3 |
| Innovation | 2 |
| Problem-Solving Utility | 1 |
| Interdisciplinary Impact | 2 |
| Ethical Considerations | 4 |
| Scalability | 2 |
| Replicability | 3 |
| Theoretical Foundation | 2 |
| Technological Feasibility | 3 |
| Risk Assessment | 2 |
| Sustainability | 2 |
| Societal Relevance | 2 |
| Future Research Potential | 3 |

---

**Overall**: This proposal is missing a clear hypothesis, rationale, and experimental plan. To improve, explicitly state the hypothesis, ground it in literature, detail methods, and clarify the potential impact on cancer diagnosis or therapy.

### Metadata

- Generation Type: Refinement
- Parent Idea: 70
- Refinement Count: 0


================================================================================
TIMESTAMP: 2025-05-28 11:36:30
PHASE: Tournament Round 5, ROUND: 5, ELO SCORE: 1127.9
UNIQUE_ID: b7e2a157-ebb12294
================================================================================

## Tournament Results (Round 5)

**Rank:** 15 out of 20
**ELO Rating:** 1127.9

### Idea

**Title**: Untitled Idea

**Key Idea**: **Modifications:** Clarified SG-localization, added methodological detail, emphasized in vivo validation, expanded citation base.

---



