IDEA 82 EVOLUTION LOG

================================================================================
TIMESTAMP: 2025-05-28 11:28:24
PHASE: Evolution, ROUND: 5
UNIQUE_ID: b13732e9-392e9b82
================================================================================

## Refined Idea (Round 5)

**Title**: ** Dynamic m6A modification of mRNAs within stress granules...

**Key Idea**: ** Dynamic m6A modification of mRNAs within stress granules orchestrates dormancy and therapy evasion in pancreatic cancer.

## Comparison with Original

### Original Idea (ID: 77)

**Title**: #### 5. Pan-Cancer m6A-Stress Granule Axis Regulating Reversible Dormancy

**Key Idea**: ** m6A-modified mRNAs sequestered in stress granules drive a generalizable, reversible dormancy program in therapy-resistant cancers.

### Scientific Evaluation

| Criterion | Score |
|---|---:|
| Empirical Support | 5.0/10 |
| Theoretical Coherence | 7.0/10 |
| Explanatory Power | 7.0/10 |
| Predictive Capability | 6.0/10 |
| Falsifiability | 8.0/10 |
| Parsimony | 6.0/10 |
| Generalizability | 5.0/10 |
| Methodological Rigor | 6.0/10 |
| Innovation | 9.0/10 |
| Problem-Solving Utility | 7.0/10 |
| Interdisciplinary Impact | 8.0/10 |
| Ethical Considerations | 7.0/10 |
| Scalability | 6.0/10 |
| Replicability | 6.0/10 |
| Theoretical Foundation | 6.0/10 |
| Technological Feasibility | 6.0/10 |
| Risk Assessment | 5.0/10 |
| Sustainability | 6.0/10 |
| Societal Relevance | 8.0/10 |
| Future Research Potential | 9.0/10 |

### Detailed Evaluation

Certainly! Here is a comprehensive evaluation of your research idea against the 20 scientific criteria:

---

### Criterion 1: Empirical Support  
**Score: 5/10**  
**Rationale:**  
There is some emerging evidence for m6A modifications and for the role of stress granules in cancer, but the specific link between dynamic m6A modification within stress granules and therapy evasion/dormancy in pancreatic cancer is not established or well-documented.  
**Suggestions for Improvement:**  
Cite any indirect or analogous findings, and propose preliminary experiments (e.g., profiling m6A in stress granules from patient-derived models) to build empirical support.

---

### Criterion 2: Theoretical Coherence  
**Score: 7/10**  
**Rationale:**  
The idea is logically consistent and links known mechanisms (m6A, stress granules, cancer dormancy). The hypothesis has internal logic but would benefit from clearer articulation of the molecular pathway.  
**Suggestions for Improvement:**  
Detail the proposed molecular mechanism by which m6A modifications in stress granules regulate dormancy and evasion.

---

### Criterion 3: Explanatory Power  
**Score: 7/10**  
**Rationale:**  
This mechanism could explain otherwise puzzling aspects of pancreatic cancer resilience and recurrence, particularly therapy evasion.  
**Suggestions for Improvement:**  
Clarify what specific phenomena (e.g., recurrence after chemotherapy, dormant cell survival) this model explains better than existing hypotheses.

---

### Criterion 4: Predictive Capability  
**Score: 6/10**  
**Rationale:**  
The hypothesis can generate testable predictions (e.g., altering m6A machinery alters dormancy/therapy response), but these need to be made explicit.  
**Suggestions for Improvement:**  
Define specific, measurable predictions that can be empirically tested.

---

### Criterion 5: Falsifiability  
**Score: 8/10**  
**Rationale:**  
The hypothesis is falsifiable; experiments could show no difference in m6A-modified mRNAs in stress granules between dormant and non-dormant cells.  
**Suggestions for Improvement:**  
Formulate clear null hypotheses and specify experiments that would directly contradict the idea.

---

### Criterion 6: Parsimony  
**Score: 6/10**  
**Rationale:**  
The mechanism is more complex than simpler models (e.g., genetic mutations), but not needlessly so; however, it does add another regulatory layer.  
**Suggestions for Improvement:**  
Streamline the hypothesis, focusing on the essential elements and avoiding unnecessary complexity.

---

### Criterion 7: Generalizability  
**Score: 5/10**  
**Rationale:**  
Currently focused on pancreatic cancer; the mechanism may apply to other hard-to-treat cancers but this is speculative.  
**Suggestions for Improvement:**  
Discuss applicability to other cancers, especially those with known therapy resistance and dormancy.

---

### Criterion 8: Methodological Rigor  
**Score: 6/10**  
**Rationale:**  
Techniques to study m6A modifications and stress granules are available, but dissecting dynamic, compartment-specific RNA modifications in living cells is technically challenging.  
**Suggestions for Improvement:**  
Outline rigorous experimental approaches, such as advanced imaging, single-cell sequencing, or compartment-specific RNA IP.

---

### Criterion 9: Innovation  
**Score: 9/10**  
**Rationale:**  
The idea is highly novel—combining dynamic m6A modification, stress granule biology, and cancer dormancy in a specific, actionable hypothesis is not found in current literature.  
**Suggestions for Improvement:**  
Highlight how this approach is distinct from prior work and what new avenues it opens.

---

### Criterion 10: Problem-Solving Utility  
**Score: 7/10**  
**Rationale:**  
If validated, this could lead to new therapeutics targeting RNA modification machinery or stress granule dynamics in refractory cancers.  
**Suggestions for Improvement:**  
Sketch out translational steps or potential drug targets that could arise from this research.

---

### Criterion 11: Interdisciplinary Impact  
**Score: 8/10**  
**Rationale:**  
Bridges cancer biology, RNA epigenetics, cell stress responses, and potentially RNA therapeutics.  
**Suggestions for Improvement:**  
Suggest collaborations with experts in RNA biology, stress granules, and translational oncology.

---

### Criterion 12: Ethical Considerations  
**Score: 7/10**  
**Rationale:**  
No major ethical concerns beyond standard research ethics for cancer biology; could impact patient care positively if successful.  
**Suggestions for Improvement:**  
Consider and address potential off-target effects if targeting m6A machinery, and justify animal model use if proposed.

---

### Criterion 13: Scalability  
**Score: 6/10**  
**Rationale:**  
Feasible in cell lines and organoids; challenging, but possible, in animal models. Scaling to clinical trials would require significant work.  
**Suggestions for Improvement:**  
Design scalable assays and consider steps needed to move from basic research to translational studies.

---

### Criterion 14: Replicability  
**Score: 6/10**  
**Rationale:**  
Studies should be replicable if the methods are robust, but technical complexity (e.g., precise RNA modification mapping) may hinder reproducibility.  
**Suggestions for Improvement:**  
Standardize protocols and use multiple models to ensure replicability across labs.

---

### Criterion 15: Theoretical Foundation  
**Score: 6/10**  
**Rationale:**  
Builds on established knowledge of m6A and stress granules, but the link to dormancy/therapy evasion is novel and less grounded.  
**Suggestions for Improvement:**  
Summarize supporting literature and clarify theoretical links to previous findings.

---

### Criterion 16: Technological Feasibility  
**Score: 6/10**  
**Rationale:**  
Requires advanced tools (e.g., m6A-seq, stress granule isolation) that are available but technically demanding.  
**Suggestions for Improvement:**  
Leverage cutting-edge technologies and collaborate with labs experienced in RNA modifications.

---

### Criterion 17: Risk Assessment  
**Score: 5/10**  
**Rationale:**  
Risks include technical complexity, possibility that the mechanism is not as central as hypothesized, and off-target effects of potential interventions.  
**Suggestions for Improvement:**  
Conduct pilot studies to assess feasibility and consider alternative approaches in case of negative results.

---

### Criterion 18: Sustainability  
**Score: 6/10**  
**Rationale:**  
Research can be sustained with current funding and resources, but long-term clinical translation may require significant investment.  
**Suggestions for Improvement:**  
Plan for long-term funding, and ensure reagents and tools are readily available.

---

### Criterion 19: Societal Relevance  
**Score: 8/10**  
**Rationale:**  
Pancreatic cancer is a major unmet clinical need; breakthroughs could have a large societal impact.  
**Suggestions for Improvement:**  
Engage with patient advocacy groups and communicate potential impacts to the public.

---

### Criterion 20: Future Research Potential  
**Score: 9/10**  
**Rationale:**  
Opens multiple avenues: stress granule biology, RNA modifications, cancer dormancy, and therapy resistance.  
**Suggestions for Improvement:**  
Propose follow-up studies and potential for broader application in other diseases.

---

**Summary Table**

| Criterion | Score (/10) |
|-----------|-------------|
| Empirical Support | 5 |
| Theoretical Coherence | 7 |
| Explanatory Power | 7 |
| Predictive Capability | 6 |
| Falsifiability | 8 |
| Parsimony | 6 |
| Generalizability | 5 |
| Methodological Rigor | 6 |
| Innovation | 9 |
| Problem-Solving Utility | 7 |
| Interdisciplinary Impact | 8 |
| Ethical Considerations | 7 |
| Scalability | 6 |
| Replicability | 6 |
| Theoretical Foundation | 6 |
| Technological Feasibility | 6 |
| Risk Assessment | 5 |
| Sustainability | 6 |
| Societal Relevance | 8 |
| Future Research Potential | 9 |

Let me know if you need a comparison to another idea or want a more detailed research plan!

### Metadata

- Generation Type: Refinement
- Parent Idea: 77
- Refinement Count: 0


================================================================================
TIMESTAMP: 2025-05-28 11:36:30
PHASE: Tournament Round 5, ROUND: 5, ELO SCORE: 1244.7
UNIQUE_ID: b13732e9-392e9b82
================================================================================

## Tournament Results (Round 5)

**Rank:** 8 out of 20
**ELO Rating:** 1244.7

### Idea

**Title**: ** Dynamic m6A modification of mRNAs within stress granules...

**Key Idea**: ** Dynamic m6A modification of mRNAs within stress granules orchestrates dormancy and therapy evasion in pancreatic cancer.



