IDEA 83 EVOLUTION LOG

================================================================================
TIMESTAMP: 2025-05-28 11:28:54
PHASE: New Idea (Significant Change), ROUND: 5
UNIQUE_ID: 98f2c5cc-f58ee184
================================================================================

## New Idea from Significant Change (Round 5)

This idea represents a significant change from Idea 69.

**Title**: ** SG isolation, m6A-seq, CRISPR/chemical disrupti...

**Approach**: ** SG isolation, m6A-seq, CRISPR/chemical disruption, live-cell imaging, conditional models.

## Comparison with Original

### Original Idea (ID: 69)

**Title**: ** Specific microbiome-derived metabolites cross the BBB to...

**Key Idea**: ** Specific microbiome-derived metabolites cross the BBB to modulate immune phenotypes within brain tumors, affecting progression and therapy response.

**Approach**: is theoretically coherent, highly explanatory, and predictive—blocking metabolite transfer or immune reprogramming should alter outcomes. The hypothesis is falsifiable and generalizable across CNS tumors. Methodological rigor is ensured via multi-omics and functional manipulations. Innovation lies in targeting the microbiome–immune axis for CNS tumor therapy [Hsiao 2021].

### Scientific Evaluation

| Criterion | Score |
|---|---:|
| Empirical Support | 5.0/10 |
| Theoretical Coherence | 6.0/10 |
| Explanatory Power | 7.0/10 |
| Predictive Capability | 6.0/10 |
| Falsifiability | 8.0/10 |
| Parsimony | 5.0/10 |
| Generalizability | 6.0/10 |
| Methodological Rigor | 7.0/10 |
| Innovation | 9.0/10 |
| Problem-Solving Utility | 7.0/10 |
| Interdisciplinary Impact | 8.0/10 |
| Ethical Considerations | 6.0/10 |
| Scalability | 6.0/10 |
| Replicability | 7.0/10 |
| Theoretical Foundation | 6.0/10 |
| Technological Feasibility | 8.0/10 |
| Risk Assessment | 5.0/10 |
| Sustainability | 5.0/10 |
| Societal Relevance | 7.0/10 |
| Future Research Potential | 9.0/10 |

### Detailed Evaluation

Certainly! Below is a detailed evaluation of the proposed idea—**SG isolation, m6A-seq, CRISPR/chemical disruption, live-cell imaging, conditional models**—for the stated research goal: **generating extremely novel, experimentally testable cancer research hypotheses for the most difficult-to-diagnose and treat cancers**, using 20 scientific criteria.

---

### 1. Empirical Support
**Score: 5/10**  
**Explanation:** While the individual components (SG isolation, m6A-seq, CRISPR, etc.) have empirical support, their specific integration as a novel hypothesis for cancer is not yet evidenced.  
**Suggestion:** Anchor the hypothesis with pilot data or cite analogous studies in other disease contexts to bolster credibility.

---

### 2. Theoretical Coherence
**Score: 6/10**  
**Explanation:** The concept is logically constructed (linking RNA methylation, stress granules, and cancer), but the precise mechanistic connections are not fully articulated.  
**Suggestion:** Develop a clear mechanistic model describing how changes in m6A or SG dynamics drive cancer progression.

---

### 3. Explanatory Power
**Score: 7/10**  
**Explanation:** The approach could explain poorly-understood aspects of cancer cell survival/stress response, but the exact explanatory scope is not yet defined.  
**Suggestion:** Specify which cancer phenomena (e.g., resistance, metastasis) the hypothesis aims to explain.

---

### 4. Predictive Capability
**Score: 6/10**  
**Explanation:** The methods allow for testable predictions, especially regarding functional effects of m6A/SG disruption, but explicit predictions are lacking.  
**Suggestion:** Formulate specific, falsifiable predictions (e.g., "Disrupting m6A in SGs will reduce survival in XYZ cancer cell lines").

---

### 5. Falsifiability
**Score: 8/10**  
**Explanation:** The approach is experimentally tractable—disruption or modification can be directly tested for effects.  
**Suggestion:** Predefine clear outcome measures and negative controls to ensure robust falsifiability.

---

### 6. Parsimony
**Score: 5/10**  
**Explanation:** The proposal integrates several complex techniques and biological layers, which may complicate interpretation.  
**Suggestion:** Streamline the hypothesis, focusing first on the most critical pathway or component.

---

### 7. Generalizability
**Score: 6/10**  
**Explanation:** The framework could, in principle, apply to multiple cancers; however, context-specific factors (e.g., SG/m6A relevance) may limit scope.  
**Suggestion:** Include rationale for why the findings might extend to other hard-to-treat cancers.

---

### 8. Methodological Rigor
**Score: 7/10**  
**Explanation:** The component methods are robust and state-of-the-art, but integration and controls must be carefully planned.  
**Suggestion:** Outline detailed controls and reproducibility measures for each experimental step.

---

### 9. Innovation
**Score: 9/10**  
**Explanation:** The combination of SG isolation, m6A-seq, and CRISPR disruption in cancer is highly novel and not described in current literature.  
**Suggestion:** Highlight what makes this integration unique compared to existing research.

---

### 10. Problem-Solving Utility
**Score: 7/10**  
**Explanation:** If successful, the approach could identify new vulnerabilities in difficult cancers, but clinical utility is indirect at this stage.  
**Suggestion:** Consider downstream translational applications, such as targeted therapies.

---

### 11. Interdisciplinary Impact
**Score: 8/10**  
**Explanation:** The project bridges RNA biology, genetics, cancer research, and chemical biology.  
**Suggestion:** Engage collaborators from multiple disciplines to maximize impact.

---

### 12. Ethical Considerations
**Score: 6/10**  
**Explanation:** The methods are standard in biomedical research; ethical issues may arise if moving to animal/human models.  
**Suggestion:** Ensure compliance with ethical guidelines—address animal welfare and data privacy early.

---

### 13. Scalability
**Score: 6/10**  
**Explanation:** The techniques are scalable in cell models, but scalability to animal models or patient samples may be challenging.  
**Suggestion:** Plan for incremental scale-up and pilot studies in diverse models.

---

### 14. Replicability
**Score: 7/10**  
**Explanation:** The techniques are widely used, but reproducibility depends on experimental standardization.  
**Suggestion:** Use standardized protocols and open data/sharing practices.

---

### 15. Theoretical Foundation
**Score: 6/10**  
**Explanation:** Built on established knowledge of SGs, m6A, and CRISPR, but their intersection in cancer is less established.  
**Suggestion:** Map existing literature to identify knowledge gaps and justify the approach.

---

### 16. Technological Feasibility
**Score: 8/10**  
**Explanation:** All proposed methods are established and feasible with current technology.  
**Suggestion:** Ensure access to necessary platforms and technical expertise.

---

### 17. Risk Assessment
**Score: 5/10**  
**Explanation:** Risks include technical complexity, off-target effects, and ambiguous results due to biological redundancy.  
**Suggestion:** Include risk mitigation strategies (e.g., multiple orthogonal assays, rigorous validation).

---

### 18. Sustainability
**Score: 5/10**  
**Explanation:** Resource-intensive due to multi-omics, genetic editing, and live-imaging; long-term sustainability depends on funding and infrastructure.  
**Suggestion:** Assess resource requirements and seek collaborations/shared facilities.

---

### 19. Societal Relevance
**Score: 7/10**  
**Explanation:** Targeting hard-to-treat cancers is highly relevant; societal impact will depend on downstream translation.  
**Suggestion:** Articulate a pathway from discovery to societal benefit (e.g., new diagnostics/therapies).

---

### 20. Future Research Potential
**Score: 9/10**  
**Explanation:** The approach opens numerous avenues (e.g., RNA modifications in non-coding RNAs, context-specific SG functions).  
**Suggestion:** Outline possible follow-up studies based on anticipated findings.

---

## **Summary Table**

| Criterion | Score (/10) |
|-----------|-------------|
| Empirical Support | 5 |
| Theoretical Coherence | 6 |
| Explanatory Power | 7 |
| Predictive Capability | 6 |
| Falsifiability | 8 |
| Parsimony | 5 |
| Generalizability | 6 |
| Methodological Rigor | 7 |
| Innovation | 9 |
| Problem-Solving Utility | 7 |
| Interdisciplinary Impact | 8 |
| Ethical Considerations | 6 |
| Scalability | 6 |
| Replicability | 7 |
| Theoretical Foundation | 6 |
| Technological Feasibility | 8 |
| Risk Assessment | 5 |
| Sustainability | 5 |
| Societal Relevance | 7 |
| Future Research Potential | 9 |

---

If you wish to compare this idea to another, please provide the second idea or hypothesis!

### Metadata

- Generation Type: New (Significant Change)
- Parent Idea: 69
- Created as new idea due to significant change


================================================================================
TIMESTAMP: 2025-05-28 11:36:30
PHASE: Tournament Round 5, ROUND: 5, ELO SCORE: 1255.1
UNIQUE_ID: 98f2c5cc-f58ee184
================================================================================

## Tournament Results (Round 5)

**Rank:** 5 out of 20
**ELO Rating:** 1255.1

### Idea

**Title**: ** SG isolation, m6A-seq, CRISPR/chemical disrupti...

**Approach**: ** SG isolation, m6A-seq, CRISPR/chemical disruption, live-cell imaging, conditional models.



