IDEA 76 EVOLUTION LOG

================================================================================
TIMESTAMP: 2025-05-28 11:21:44
PHASE: New Idea (Significant Change), ROUND: 4
UNIQUE_ID: b33d9ea6-8bfb9ff6
================================================================================

## New Idea from Significant Change (Round 4)

This idea represents a significant change from Idea 56.

**Title**: Untitled Idea

**Key Idea**: **Refinements:** Focused on transporter regulation, detailed measurement and intervention strategies, added reference on BBB transporters [Banks 2020].

---

## Comparison with Original

### Original Idea (ID: 56)

**Title**: ** Dissecting Stress Granule and m6A Writer Contributions to Cancer Dormancy

**Key Idea**: ** Disruption of stress granule assembly and m6A writers impairs dormancy and therapy evasion in cancer.

**Paragraph 1**: **  
This idea proposes that both stress granule (SG) assembly and m6A methylation are necessary for induction of cancer dormancy under stress [Anders 2018; Barbieri 2017]. Disrupting either process impairs the ability of cancer cells to evade therapy, highlighting a dual requirement for spatial and chemical mRNA regulation. The novelty is in dissecting the interplay between these two mechanisms.

**Paragraph 2**: **  
SGs will be isolated from stressed cancer cells; mRNA modifications will be profiled. CRISPR/Cas9 and chemical inhibitors will independently disrupt SG assembly (e.g., G3BP1 knockout) and m6A machinery (METTL3/14). Dormancy and therapy response will be quantified in vitro and in vivo. Orthogonal interventions will clarify the causal hierarchy and potential synergy.

**Paragraph 3**: **  
Evidence supports both SG and m6A contributions to cancer dormancy [Anders 2018; Barbieri 2017]. The model is theoretically coherent and falsifiable. Methodological rigor is ensured by independent and combined perturbations. The approach is innovative, with potential for combinatorial therapeutic targeting.

**Approach**: is innovative, with potential for combinatorial therapeutic targeting.

**Key References**: ** [Anders 2018], [Barbieri 2017]  
**Refinements:** Clarified dual mechanism focus, specified orthogonal interventions, emphasized combinatorial potential.

### Scientific Evaluation

| Criterion | Score |
|---|---:|
| Empirical Support | 3.0/10 |
| Theoretical Coherence | 5.0/10 |
| Explanatory Power | 4.0/10 |
| Predictive Capability | 5.0/10 |
| Falsifiability | 7.0/10 |
| Parsimony | 6.0/10 |
| Generalizability | 5.0/10 |
| Methodological Rigor | 6.0/10 |
| Innovation | 7.0/10 |
| Problem-Solving Utility | 6.0/10 |
| Interdisciplinary Impact | 8.0/10 |
| Ethical Considerations | 7.0/10 |
| Scalability | 5.0/10 |
| Replicability | 6.0/10 |
| Theoretical Foundation | 5.0/10 |
| Technological Feasibility | 6.0/10 |
| Risk Assessment | 4.0/10 |
| Sustainability | 5.0/10 |
| Societal Relevance | 7.0/10 |
| Future Research Potential | 8.0/10 |

### Detailed Evaluation

Certainly! Here is a detailed evaluation of the “Untitled Idea” (focused on transporter regulation, measurement, and intervention strategies, with reference to BBB transporters) against each of the 20 scientific criteria, in relation to the research goal: generating extremely novel, experimentally testable hypotheses for the most difficult cancers.

---

### 1. Empirical Support  
**Score: 3/10**  
**Explanation:** The idea references BBB transporters [Banks 2020], but lacks clear empirical support for its specific hypothesis or intervention in cancer. The connection to cancer treatment or diagnosis is implied but not demonstrated.  
**Suggestions:** Cite direct studies showing transporter regulation affects cancer progression or therapy. Provide preliminary data or published evidence for key claims.

---

### 2. Theoretical Coherence  
**Score: 5/10**  
**Explanation:** The idea is logical in focusing on transporter regulation but lacks clear articulation of the mechanistic pathway from transporter modulation to cancer impact.  
**Suggestions:** Explicitly state the causal model or pathway. Define which transporters, how they are regulated, and how this relates to cancer biology.

---

### 3. Explanatory Power  
**Score: 4/10**  
**Explanation:** The hypothesis could explain some phenomena (e.g., drug resistance, delivery barriers), but lacks clear examples or scope.  
**Suggestions:** Illustrate how transporter regulation explains specific challenges in cancer diagnosis/treatment, such as chemoresistance or immunotherapy failure.

---

### 4. Predictive Capability  
**Score: 5/10**  
**Explanation:** The idea could generate testable predictions, but these are not articulated.  
**Suggestions:** Formulate explicit, falsifiable predictions (e.g., modulating transporter X in cancer type Y will improve outcome Z).

---

### 5. Falsifiability  
**Score: 7/10**  
**Explanation:** The idea is potentially falsifiable, as intervention outcomes can be measured, but needs more specificity.  
**Suggestions:** Define clear experimental endpoints and negative controls.

---

### 6. Parsimony  
**Score: 6/10**  
**Explanation:** The focus on transporters is relatively simple, but the idea is currently too vague to assess if it is the most elegant solution.  
**Suggestions:** Specify a single transporter or pathway for an initial hypothesis.

---

### 7. Generalizability  
**Score: 5/10**  
**Explanation:** Transporter regulation may not generalize across all difficult cancers, especially those outside the CNS.  
**Suggestions:** Clarify which cancers and contexts this idea applies to, or justify its broader relevance.

---

### 8. Methodological Rigor  
**Score: 6/10**  
**Explanation:** The idea mentions measurement and intervention, but lacks methodological detail.  
**Suggestions:** Outline precise experimental approaches (e.g., transporter knockdown, imaging, pharmacokinetics).

---

### 9. Innovation  
**Score: 7/10**  
**Explanation:** Focus on transporter regulation is somewhat novel, especially if targeting underexplored transporters, but the idea requires clearer differentiation from existing research.  
**Suggestions:** Identify transporters not yet studied in cancer, or propose novel regulatory mechanisms/interventions.

---

### 10. Problem-Solving Utility  
**Score: 6/10**  
**Explanation:** The approach could potentially address drug delivery and resistance, but practical applications are underspecified.  
**Suggestions:** Explicitly link hypothesis to a current unsolved clinical problem in difficult cancers.

---

### 11. Interdisciplinary Impact  
**Score: 8/10**  
**Explanation:** The idea bridges cancer biology, pharmacology, neuroscience, and possibly bioengineering.  
**Suggestions:** Highlight specific interdisciplinary collaborations and potential impacts in related fields.

---

### 12. Ethical Considerations  
**Score: 7/10**  
**Explanation:** Ethical risks seem moderate, but possible toxicity or off-target effects of transporter interventions need consideration.  
**Suggestions:** Address patient safety, informed consent, and off-target risks in the research plan.

---

### 13. Scalability  
**Score: 5/10**  
**Explanation:** Feasibility across cancer types and patient populations is unclear, especially for rare or heterogeneous cancers.  
**Suggestions:** Propose scalable screening or intervention platforms.

---

### 14. Replicability  
**Score: 6/10**  
**Explanation:** Standardized approaches to measuring transporter activity are possible but need to be specified.  
**Suggestions:** Specify reproducible protocols and controls.

---

### 15. Theoretical Foundation  
**Score: 5/10**  
**Explanation:** The idea references known transporter biology, but the cancer relevance is not well grounded in foundational knowledge.  
**Suggestions:** Connect to established cancer theories (e.g., hallmarks of cancer, tumor microenvironment).

---

### 16. Technological Feasibility  
**Score: 6/10**  
**Explanation:** Modulating transporters is technically feasible, but some may be inaccessible or have unknown ligands.  
**Suggestions:** Identify tractable transporters and available tools (e.g., CRISPR, small molecules).

---

### 17. Risk Assessment  
**Score: 4/10**  
**Explanation:** Potential drawbacks (e.g., toxicity, compensation by other transporters) are not addressed.  
**Suggestions:** Conduct risk-benefit analyses and propose mitigation strategies.

---

### 18. Sustainability  
**Score: 5/10**  
**Explanation:** Long-term viability depends on intervention type (drugs, gene therapy), which is unspecified.  
**Suggestions:** Consider the sustainability of proposed interventions in clinical settings.

---

### 19. Societal Relevance  
**Score: 7/10**  
**Explanation:** If successful, could significantly impact treatment of hard-to-treat cancers.  
**Suggestions:** Highlight relevance for underserved patient populations or currently incurable cancers.

---

### 20. Future Research Potential  
**Score: 8/10**  
**Explanation:** The idea could open new lines of research in cancer biology and therapy, especially if transporters are understudied.  
**Suggestions:** Outline specific follow-up experiments and broader research agendas.

---

**Summary**:  
While the idea has innovative potential and interdisciplinary relevance, scores are moderate to low for empirical support, specificity, and methodological detail. To maximize impact, the proposal should articulate a clear, novel hypothesis; specify which transporters, cancers, and regulatory mechanisms are targeted; and provide concrete experimental plans and ethical safeguards.

### Metadata

- Generation Type: New (Significant Change)
- Parent Idea: 56
- Created as new idea due to significant change


================================================================================
TIMESTAMP: 2025-05-28 11:24:52
PHASE: Tournament Round 4, ROUND: 4, ELO SCORE: 1211.9
UNIQUE_ID: b33d9ea6-8bfb9ff6
================================================================================

## Tournament Results (Round 4)

**Rank:** 11 out of 19
**ELO Rating:** 1211.9

### Idea

**Title**: Untitled Idea

**Key Idea**: **Refinements:** Focused on transporter regulation, detailed measurement and intervention strategies, added reference on BBB transporters [Banks 2020].

---



