IDEA 30 EVOLUTION LOG

================================================================================
TIMESTAMP: 2025-05-28 10:54:44
PHASE: Evolution, ROUND: 2
UNIQUE_ID: 048cfd0b-624cd387
================================================================================

## Refined Idea (Round 2)

**Title**: ** Emerging evidence suggests that ribosomes are n...

**Paragraph 1**: ** Emerging evidence suggests that ribosomes are not homogeneous but can have compositional diversity, leading to "specialized ribosomes" that favor translation of specific mRNA subsets. In melanoma, this idea proposes that resistance to targeted therapies or immunotherapies is achieved by upregulating variant ribosomal proteins or rRNA modifications, biasing translation toward survival-promoting transcripts. This mechanism could explain the persistent survival of resistant clones and highlights translation control as a novel resistance axis [Shi 2017; Genuth 2018].

## Comparison with Original

### Original Idea (ID: 14)

**Title**: ** Lymphatic endothelial cells (LECs) possess specialized re...

**Key Idea**: ** Lymphatic endothelial cells (LECs) possess specialized receptors that detect melanoma-derived exosomes and modulate lymphatic permeability and pre-metastatic niche formation.

**Approach**: es include exosome profiling, receptor identification by proteomics and transcriptomics, and functional assays with LEC cultures and mouse lymphatic models. CRISPR/Cas9 will knock out candidate receptors to test effects on exosome uptake and lymphatic permeability. Challenges include receptor heterogeneity and in vivo validation.

**Key References**: ** Karaman S, Detmar M. "Mechanisms of lymphatic metastasis." J Clin Invest. 2014.

### Scientific Evaluation

| Criterion | Score |
|---|---:|
| Empirical Support | 6.0/10 |
| Theoretical Coherence | 8.0/10 |
| Explanatory Power | 7.0/10 |
| Predictive Capability | 7.0/10 |
| Falsifiability | 8.0/10 |
| Parsimony | 6.0/10 |
| Generalizability | 5.0/10 |
| Methodological Rigor | 7.0/10 |
| Innovation | 9.0/10 |
| Problem-Solving Utility | 7.0/10 |
| Interdisciplinary Impact | 7.0/10 |
| Ethical Considerations | 8.0/10 |
| Scalability | 6.0/10 |
| Replicability | 6.0/10 |
| Theoretical Foundation | 7.0/10 |
| Technological Feasibility | 6.0/10 |
| Risk Assessment | 5.0/10 |
| Sustainability | 6.0/10 |
| Societal Relevance | 8.0/10 |
| Future Research Potential | 9.0/10 |

### Detailed Evaluation

**Criterion 1 (Empirical Support)**  
Score: 6/10  
**Explanation:** There is some emerging evidence for specialized ribosomes (e.g., cited Shi 2017; Genuth 2018), but direct, robust empirical data connecting ribosome heterogeneity to drug resistance mechanisms in melanoma (and especially as a primary driver) are limited.  
**Suggestions:** Strengthen the empirical base by citing or generating preliminary data showing differential ribosome composition in resistant vs. non-resistant melanoma cells, and how this correlates with survival-promoting mRNA translation.

---

**Criterion 2 (Theoretical Coherence)**  
Score: 8/10  
**Explanation:** The idea is internally consistent—the mechanism of translation control as a resistance axis is logical in the context of specialized ribosomes.  
**Suggestions:** Further clarify the specific molecular pathways and feedback loops by which ribosome specialization directly leads to resistance, possibly by modeling or pathway mapping.

---

**Criterion 3 (Explanatory Power)**  
Score: 7/10  
**Explanation:** The hypothesis could explain persistent resistant clones, a major challenge in melanoma therapy, and provides a new angle for resistance mechanisms.  
**Suggestions:** Expand on how this model accounts for other resistance phenotypes (e.g., cross-resistance, heterogeneity among clones) and compare explanatory reach to existing models.

---

**Criterion 4 (Predictive Capability)**  
Score: 7/10  
**Explanation:** The idea allows for clear testable predictions (e.g., blocking ribosome modifications will reduce resistance).  
**Suggestions:** Formulate specific, falsifiable predictions (e.g., knockdown of specific ribosomal proteins reverses resistance) and suggest appropriate experimental readouts.

---

**Criterion 5 (Falsifiability)**  
Score: 8/10  
**Explanation:** The hypothesis is structured so that it can be disproven (e.g., by showing no difference in ribosome composition between resistant and non-resistant cells).  
**Suggestions:** Define clear negative controls and alternative explanations to sharpen the falsifiability.

---

**Criterion 6 (Parsimony)**  
Score: 6/10  
**Explanation:** The mechanism is plausible but introduces additional complexity (specialized ribosomes) beyond canonical resistance models.  
**Suggestions:** Identify whether simpler explanations suffice, or demonstrate that ribosome diversity adds necessary explanatory value without undue complexity.

---

**Criterion 7 (Generalizability)**  
Score: 5/10  
**Explanation:** The focus is on melanoma, and it is not clear if the mechanism broadly applies to other cancers or only specific contexts.  
**Suggestions:** Discuss evidence or rationale for relevance in other difficult-to-treat cancers; propose cross-cancer validation experiments.

---

**Criterion 8 (Methodological Rigor)**  
Score: 7/10  
**Explanation:** The hypothesis can be addressed with rigorous methods (e.g., ribosome profiling, proteomics), though technical challenges exist.  
**Suggestions:** Outline the experimental design in more detail, addressing potential confounders and controls.

---

**Criterion 9 (Innovation)**  
Score: 9/10  
**Explanation:** The idea is highly novel—ribosome compositional changes as a resistance mechanism is not mainstream in cancer research.  
**Suggestions:** Emphasize distinctions from previous translational control or resistance research, and propose disruptive technologies or approaches.

---

**Criterion 10 (Problem-Solving Utility)**  
Score: 7/10  
**Explanation:** If validated, targeting specialized ribosomes could open new therapeutic avenues for resistant melanoma, a significant unmet need.  
**Suggestions:** Suggest potential drug targets or intervention strategies based on the model.

---

**Criterion 11 (Interdisciplinary Impact)**  
Score: 7/10  
**Explanation:** The idea intersects cancer biology, ribosome biology, and translational control, with potential relevance in pharmacology and systems biology.  
**Suggestions:** Explore further interdisciplinary collaborations, e.g., with structural biologists or computational modelers.

---

**Criterion 12 (Ethical Considerations)**  
Score: 8/10  
**Explanation:** No major ethical issues are apparent; standard biomedical ethical considerations apply.  
**Suggestions:** Anticipate and address issues around patient consent for biopsies or data use in clinical validation studies.

---

**Criterion 13 (Scalability)**  
Score: 6/10  
**Explanation:** The technical demands of ribosome profiling and proteomics limit high-throughput scalability, especially in patient samples.  
**Suggestions:** Develop streamlined assays or surrogate markers for ribosome specialization.

---

**Criterion 14 (Replicability)**  
Score: 6/10  
**Explanation:** The methods are replicable in principle but may be hindered by technical variability in ribosome analysis.  
**Suggestions:** Standardize protocols and share datasets/methods to facilitate reproducibility.

---

**Criterion 15 (Theoretical Foundation)**  
Score: 7/10  
**Explanation:** The idea is grounded in recent advances in ribosome biology, though its application to cancer resistance is still speculative.  
**Suggestions:** Build on solid foundational work and address gaps between ribosome biology and cancer therapy literature.

---

**Criterion 16 (Technological Feasibility)**  
Score: 6/10  
**Explanation:** Current technology allows ribosome profiling and modification detection, though it is specialized and not routine in most labs.  
**Suggestions:** Collaborate with groups experienced in these technologies and consider development of more accessible assays.

---

**Criterion 17 (Risk Assessment)**  
Score: 5/10  
**Explanation:** Risks include technical challenges, potential lack of effect, and difficulty in targeting ribosome components therapeutically.  
**Suggestions:** Conduct pilot studies to assess feasibility and mitigate technical risks.

---

**Criterion 18 (Sustainability)**  
Score: 6/10  
**Explanation:** Resource-intensive assays may limit sustainability, but long-term, targeting translation machinery could be impactful.  
**Suggestions:** Develop cost-effective, high-throughput approaches for broader application.

---

**Criterion 19 (Societal Relevance)**  
Score: 8/10  
**Explanation:** Addressing resistance in melanoma (and possibly other cancers) is highly relevant for public health and cancer outcomes.  
**Suggestions:** Highlight the potential impact on survival and quality of life.

---

**Criterion 20 (Future Research Potential)**  
Score: 9/10  
**Explanation:** The idea opens multiple new research directions in cancer biology, resistance mechanisms, and ribosome specialization.  
**Suggestions:** Define follow-up questions and outline a roadmap for expanding the research program.

---

### Metadata

- Generation Type: Refinement
- Parent Idea: 14
- Refinement Count: 0


================================================================================
TIMESTAMP: 2025-05-28 10:59:37
PHASE: Tournament Round 2, ROUND: 2, ELO SCORE: 1203.2
UNIQUE_ID: 048cfd0b-624cd387
================================================================================

## Tournament Results (Round 2)

**Rank:** 9 out of 19
**ELO Rating:** 1203.2

### Idea

**Title**: ** Emerging evidence suggests that ribosomes are n...

**Paragraph 1**: ** Emerging evidence suggests that ribosomes are not homogeneous but can have compositional diversity, leading to "specialized ribosomes" that favor translation of specific mRNA subsets. In melanoma, this idea proposes that resistance to targeted therapies or immunotherapies is achieved by upregulating variant ribosomal proteins or rRNA modifications, biasing translation toward survival-promoting transcripts. This mechanism could explain the persistent survival of resistant clones and highlights translation control as a novel resistance axis [Shi 2017; Genuth 2018].



