IDEA 26 EVOLUTION LOG

================================================================================
TIMESTAMP: 2025-05-28 10:53:04
PHASE: New Idea (Significant Change), ROUND: 2
UNIQUE_ID: e51be0c9-e2df25f6
================================================================================

## New Idea from Significant Change (Round 2)

This idea represents a significant change from Idea 20.

**Title**: ** Isolate SGs, profile mRNA modifications, disrup...

**Approach**: ** Isolate SGs, profile mRNA modifications, disrupt SGs and m6A writers, assess dormancy/therapy evasion.

## Comparison with Original

### Original Idea (ID: 20)

**Title**: ** Pancreatic tumor cells establish direct trophic and metab...

**Key Idea**: ** Pancreatic tumor cells establish direct trophic and metabolic symbiosis with infiltrating peripheral nerve fibers, promoting growth and invasion.

**Approach**: ** Co-culture tumor cells and neurons; analyze metabolic and trophic exchanges; disrupt interactions in mouse models.

**Key References**: ** Stopczynski RE et al. "Neural invasion in pancreatic cancer: the past, present and future." Cancers (Basel). 2014.

### Scientific Evaluation

| Criterion | Score |
|---|---:|
| Empirical Support | 5.0/10 |
| Theoretical Coherence | 7.0/10 |
| Explanatory Power | 6.0/10 |
| Predictive Capability | 7.0/10 |
| Falsifiability | 8.0/10 |
| Parsimony | 6.0/10 |
| Generalizability | 5.0/10 |
| Methodological Rigor | 7.0/10 |
| Innovation | 8.0/10 |
| Problem-Solving Utility | 6.0/10 |
| Interdisciplinary Impact | 6.0/10 |
| Ethical Considerations | 8.0/10 |
| Scalability | 5.0/10 |
| Replicability | 7.0/10 |
| Theoretical Foundation | 7.0/10 |
| Technological Feasibility | 6.0/10 |
| Risk Assessment | 4.0/10 |
| Sustainability | 5.0/10 |
| Societal Relevance | 8.0/10 |
| Future Research Potential | 9.0/10 |

### Detailed Evaluation

Certainly! Below is a detailed, criterion-by-criterion evaluation of your idea:

---

**Criterion 1 (Empirical Support)**  
Score: 5/10  
**Explanation:**  
There is moderate empirical support for the existence and role of stress granules (SGs), mRNA modifications (e.g., m6A), and their association with cancer cell dormancy and therapy evasion. However, the specific combination of isolating SGs, profiling mRNA modifications, and disrupting both SGs and m6A writers for direct experimental intervention is only partially supported by existing data, with little direct empirical evidence for this precise approach in the most difficult cancers.  
**Suggestions:**  
- Reference or conduct pilot studies that link these precise mechanisms in the cancers of interest.  
- Gather more preliminary data on SG-m6A dynamics in therapy-resistant cancer cells.

---

**Criterion 2 (Theoretical Coherence)**  
Score: 7/10  
**Explanation:**  
The idea is internally consistent and builds logically on known roles of SGs and m6A modifications in cellular stress responses and cancer biology. The sequential approach (isolate, profile, disrupt, assess) is coherently structured.  
**Suggestions:**  
- Clarify the hypothesized mechanistic links between SGs, m6A, and dormancy/therapy evasion.  
- Explicitly state the causal relationships you expect to observe.

---

**Criterion 3 (Explanatory Power)**  
Score: 6/10  
**Explanation:**  
This approach could potentially explain aspects of cancer cell dormancy and resistance, particularly how post-transcriptional mechanisms contribute to survival under therapeutic stress. However, the explanatory reach is limited by its specificity to SGs and mRNA modifications.  
**Suggestions:**  
- Broaden the hypothesis to consider other post-transcriptional or epitranscriptomic mechanisms.  
- Provide examples of phenomena that this approach could uniquely explain.

---

**Criterion 4 (Predictive Capability)**  
Score: 7/10  
**Explanation:**  
The approach yields testable predictions: disrupting SGs or m6A writers will affect dormancy/therapy evasion.  
**Suggestions:**  
- Define specific, measurable outcomes (e.g., changes in cell survival, dormancy markers).  
- Include controls to strengthen predictive claims.

---

**Criterion 5 (Falsifiability)**  
Score: 8/10  
**Explanation:**  
The hypothesis can be directly tested and potentially refuted by experiments (e.g., if disrupting SGs/m6A writers does not affect dormancy).  
**Suggestions:**  
- Predefine criteria for negative results.  
- Use complementary model systems for robust testing.

---

**Criterion 6 (Parsimony)**  
Score: 6/10  
**Explanation:**  
The approach is relatively straightforward but involves multiple complex steps (isolation, profiling, disruption), which could be simplified.  
**Suggestions:**  
- Consider whether all steps are necessary or if the design can be streamlined.  
- Focus on the most critical intervention.

---

**Criterion 7 (Generalizability)**  
Score: 5/10  
**Explanation:**  
Findings may be specific to certain cancer types or contexts, limiting broad applicability.  
**Suggestions:**  
- Test in multiple cancer models, including both solid and hematologic malignancies.  
- Discuss potential for translation to other diseases characterized by stress granules or mRNA modifications.

---

**Criterion 8 (Methodological Rigor)**  
Score: 7/10  
**Explanation:**  
The outlined methods (isolation, profiling, functional disruption) are standard in molecular biology, though challenging to execute precisely.  
**Suggestions:**  
- Ensure use of state-of-the-art technologies (e.g., high-resolution imaging, RNA-seq).  
- Incorporate robust controls and replicates.

---

**Criterion 9 (Innovation)**  
Score: 8/10  
**Explanation:**  
Combining SG isolation and mRNA modification profiling in the context of therapy evasion is novel and not widely explored.  
**Suggestions:**  
- Emphasize the unique aspects of this integration.  
- Explore additional, unconventional mRNA modifications or SG-associated proteins.

---

**Criterion 10 (Problem-Solving Utility)**  
Score: 6/10  
**Explanation:**  
If successful, the approach could provide actionable targets for overcoming dormancy and resistance. However, translation to therapy remains speculative.  
**Suggestions:**  
- Propose steps for preclinical validation.  
- Identify potential therapeutic molecules or inhibitors.

---

**Criterion 11 (Interdisciplinary Impact)**  
Score: 6/10  
**Explanation:**  
The research bridges molecular biology, oncology, and epitranscriptomics, but broader interdisciplinary impact is moderate.  
**Suggestions:**  
- Engage with computational biologists for data analysis.  
- Consider implications for immunology or drug development.

---

**Criterion 12 (Ethical Considerations)**  
Score: 8/10  
**Explanation:**  
Standard ethical issues for cancer research apply; no special concerns if using established cell lines and animal models.  
**Suggestions:**  
- Ensure ethical sourcing of primary human samples, if used.  
- Consider off-target effects in animal models.

---

**Criterion 13 (Scalability)**  
Score: 5/10  
**Explanation:**  
Techniques like SG isolation and detailed mRNA modification profiling are labor-intensive and may not scale easily to large cohorts.  
**Suggestions:**  
- Automate steps where possible.  
- Develop high-throughput compatible protocols.

---

**Criterion 14 (Replicability)**  
Score: 7/10  
**Explanation:**  
With clear protocols, results should be replicable, though technical challenges may cause variability.  
**Suggestions:**  
- Provide detailed, open-access methods.  
- Encourage replication across multiple labs.

---

**Criterion 15 (Theoretical Foundation)**  
Score: 7/10  
**Explanation:**  
Grounded in established knowledge about SGs, mRNA modifications, and therapy resistance, though direct evidence for the full pathway is limited.  
**Suggestions:**  
- Cite more foundational studies linking these mechanisms in cancer.  
- Address theoretical gaps.

---

**Criterion 16 (Technological Feasibility)**  
Score: 6/10  
**Explanation:**  
Technologies exist but isolating SGs and profiling modifications at high resolution remain technically demanding.  
**Suggestions:**  
- Invest in technical development and optimization.  
- Collaborate with labs experienced in SG biology.

---

**Criterion 17 (Risk Assessment)**  
Score: 4/10  
**Explanation:**  
High technical risk (difficulty of SG isolation, specificity of interventions, potential for negative results).  
**Suggestions:**  
- Pilot studies to de-risk technical aspects.  
- Parallel approaches (e.g., in vitro and in vivo).

---

**Criterion 18 (Sustainability)**  
Score: 5/10  
**Explanation:**  
Resource-intensive, both in terms of reagents and technical expertise. Long-term sustainability may be challenging.  
**Suggestions:**  
- Develop cost-effective protocols.  
- Train staff for specialized techniques.

---

**Criterion 19 (Societal Relevance)**  
Score: 8/10  
**Explanation:**  
Potentially high impact if it leads to new strategies against therapy-resistant cancers.  
**Suggestions:**  
- Highlight implications for patient care.  
- Engage with stakeholders (patients, advocacy groups).

---

**Criterion 20 (Future Research Potential)**  
Score: 9/10  
**Explanation:**  
Could open up new research avenues in cancer dormancy, SG biology, and RNA modifications, with broad implications.  
**Suggestions:**  
- Outline follow-up questions and downstream studies.  
- Encourage collaboration and data sharing.

---

**Summary Table**

| Criterion                                 | Score (/10) |
|-------------------------------------------|-------------|
| 1. Empirical Support                      |      5      |
| 2. Theoretical Coherence                  |      7      |
| 3. Explanatory Power                      |      6      |
| 4. Predictive Capability                  |      7      |
| 5. Falsifiability                         |      8      |
| 6. Parsimony                              |      6      |
| 7. Generalizability                       |      5      |
| 8. Methodological Rigor                   |      7      |
| 9. Innovation                             |      8      |
| 10. Problem-Solving Utility               |      6      |
| 11. Interdisciplinary Impact              |      6      |
| 12. Ethical Considerations                |      8      |
| 13. Scalability                           |      5      |
| 14. Replicability                         |      7      |
| 15. Theoretical Foundation                |      7      |
| 16. Technological Feasibility             |      6      |
| 17. Risk Assessment                       |      4      |
| 18. Sustainability                        |      5      |
| 19. Societal Relevance                    |      8      |
| 20. Future Research Potential             |      9      |

---

If you would like a more concise summary or a comparison with another idea, please let me know!

### Metadata

- Generation Type: New (Significant Change)
- Parent Idea: 20
- Created as new idea due to significant change


================================================================================
TIMESTAMP: 2025-05-28 10:59:37
PHASE: Tournament Round 2, ROUND: 2, ELO SCORE: 1193.3
UNIQUE_ID: e51be0c9-e2df25f6
================================================================================

## Tournament Results (Round 2)

**Rank:** 16 out of 19
**ELO Rating:** 1193.3

### Idea

**Title**: ** Isolate SGs, profile mRNA modifications, disrup...

**Approach**: ** Isolate SGs, profile mRNA modifications, disrupt SGs and m6A writers, assess dormancy/therapy evasion.



