IDEA 68 EVOLUTION LOG

================================================================================
TIMESTAMP: 2025-05-28 11:18:41
PHASE: New Idea (Significant Change), ROUND: 4
UNIQUE_ID: c03b3ef8-fa246bd5
================================================================================

## New Idea from Significant Change (Round 4)

This idea represents a significant change from Idea 51.

**Title**: Untitled Idea

**Key Idea**: **Refinements:** Clarified spatial-epitranscriptomic interplay, emphasized in vivo models, added reference on m6A stress response [Sun 2022].

---

## Comparison with Original

### Original Idea (ID: 51)

**Title**: ** Gut-Brain Axis Metabolites Reprogramming Tumor Immunity

**Key Idea**: ** Gut-derived metabolites traverse the BBB to reprogram immune landscapes within brain tumors, affecting progression and response.

**Paragraph 1**: **  
The gut-brain axis has emerged as a critical regulator of neuroimmune interactions [D’Alessandro 2020]. This idea hypothesizes that microbiome-derived metabolites, notably SCFAs and tryptophan derivatives, cross the BBB and reprogram immune cells within brain tumors, shifting the tumor microenvironment toward immune activation or suppression [Colombo 2021]. This creates a new paradigm for non-invasive modulation of neuro-oncology outcomes.

**Paragraph 2**: **  
Murine models with controlled microbiome compositions will be used to quantify brain and tumor levels of gut-derived metabolites via metabolomics. Immune profiling (flow cytometry, scRNA-seq) will map changes in tumor-resident and infiltrating immune cells. Functional studies will manipulate metabolite availability and block BBB transporters to test causality. Main challenges include distinguishing direct immune reprogramming from systemic effects.

**Paragraph 3**: **  
Empirical support for microbiome–brain–tumor crosstalk is increasing [D’Alessandro 2020; Colombo 2021]. The idea is theoretically sound, predictive, and falsifiable through metabolite or transporter blockade. Methodological rigor is ensured by integrated multi-omics and functional interventions. The innovation lies in leveraging the gut-brain axis for tumor immunomodulation, with future potential in microbiome-targeted therapies.

**Approach**: ** Microbiome manipulation, metabolomics, immune profiling, transporter blockade.

**Key References**: ** [D’Alessandro 2020], [Colombo 2021]  
**Refinements:** Enhanced focus on immune reprogramming, clarified intervention points, emphasized non-invasive therapeutic paradigm.

### Scientific Evaluation

| Criterion | Score |
|---|---:|
| Empirical Support | 3.0/10 |
| Theoretical Coherence | 4.0/10 |
| Explanatory Power | 4.0/10 |
| Predictive Capability | 3.0/10 |
| Falsifiability | 5.0/10 |
| Parsimony | 6.0/10 |
| Generalizability | 6.0/10 |
| Methodological Rigor | 5.0/10 |
| Innovation | 8.0/10 |
| Problem-Solving Utility | 4.0/10 |
| Interdisciplinary Impact | 7.0/10 |
| Ethical Considerations | 6.0/10 |
| Scalability | 5.0/10 |
| Replicability | 5.0/10 |
| Theoretical Foundation | 5.0/10 |
| Technological Feasibility | 6.0/10 |
| Risk Assessment | 4.0/10 |
| Sustainability | 4.0/10 |
| Societal Relevance | 7.0/10 |
| Future Research Potential | 8.0/10 |

### Detailed Evaluation

Certainly! Here is a structured evaluation of the provided idea ("Untitled Idea" focusing on spatial-epitranscriptomic interplay in difficult cancers, with refinements emphasizing in vivo models and reference to m6A stress response) against the 20 scientific criteria.

---

### 1. Empirical Support
**Score: 3/10**  
**Explanation:** The idea mentions epitranscriptomic interplay and cites Sun 2022 on m6A stress response, which suggests some grounding in current findings. However, the hypothesis itself is not clearly articulated, and it is not clear how much direct empirical support exists for the specific spatial-epitranscriptomic mechanisms proposed, especially in the context of difficult-to-treat cancers.  
**Suggestions:** Clearly articulate the specific hypothesis and cite multiple, specific studies that demonstrate both the feasibility of studying spatial-epitranscriptomics in cancer and the relevance of m6A modifications in tumor biology.

---

### 2. Theoretical Coherence
**Score: 4/10**  
**Explanation:** There is a general logic to connecting spatial epitranscriptomics and cancer, but the internal consistency and clarity of the hypothesis are lacking due to vagueness.  
**Suggestions:** Explicitly define the mechanisms by which spatial epitranscriptomics and m6A modifications could contribute to cancer progression, and ensure the proposal is logically structured.

---

### 3. Explanatory Power
**Score: 4/10**  
**Explanation:** The idea hints at a novel framework (spatial-epitranscriptomic interplay) but does not specify what phenomena it aims to explain (e.g., therapy resistance, tumor heterogeneity).  
**Suggestions:** Identify specific cancer-related phenomena that the hypothesis seeks to explain and describe how the proposed mechanisms account for these observations.

---

### 4. Predictive Capability
**Score: 3/10**  
**Explanation:** The proposal does not articulate clear, testable predictions.  
**Suggestions:** Formulate explicit, falsifiable predictions (e.g., “Regions of high m6A modification will correlate with therapy-resistant tumor microenvironments”).

---

### 5. Falsifiability
**Score: 5/10**  
**Explanation:** The idea could be falsifiable if specific hypotheses are articulated, but as currently stated, it is too general.  
**Suggestions:** Clearly delineate what experimental results would contradict the hypothesis.

---

### 6. Parsimony
**Score: 6/10**  
**Explanation:** The proposal is conceptually simple (studying spatial epitranscriptomic effects), which is a strength, but lacks specificity, which could introduce unnecessary complexity.  
**Suggestions:** Refine to a single, clearly testable hypothesis to maximize parsimony.

---

### 7. Generalizability
**Score: 6/10**  
**Explanation:** Spatial-epitranscriptomics could, in principle, be relevant across many cancer types, but the proposal does not clarify scope.  
**Suggestions:** Specify whether the hypothesis applies to all hard-to-treat cancers or only certain subtypes, and consider broadening or narrowing accordingly.

---

### 8. Methodological Rigor
**Score: 5/10**  
**Explanation:** Emphasis on in vivo models is positive, but detailed methodological plans are lacking.  
**Suggestions:** Provide concrete experimental designs, including controls, statistical analysis plans, and validation strategies.

---

### 9. Innovation
**Score: 8/10**  
**Explanation:** The integration of spatial and epitranscriptomic analyses in cancer is highly innovative and not widely explored in the literature.  
**Suggestions:** Highlight what makes this approach unique compared to existing transcriptomic or epigenetic studies.

---

### 10. Problem-Solving Utility
**Score: 4/10**  
**Explanation:** The practical application to diagnosis or therapy is not specified.  
**Suggestions:** Articulate how this research could lead to new diagnostic tools, biomarkers, or therapeutic approaches for difficult cancers.

---

### 11. Interdisciplinary Impact
**Score: 7/10**  
**Explanation:** The idea bridges cancer biology, epigenetics, and spatial transcriptomics, which has strong interdisciplinary potential.  
**Suggestions:** Engage collaborators from computational biology, pathology, and clinical oncology.

---

### 12. Ethical Considerations
**Score: 6/10**  
**Explanation:** No major ethical red flags, but use of in vivo models must conform to animal research ethics.  
**Suggestions:** Detail ethical safeguards and consider alternatives to animal models where possible.

---

### 13. Scalability
**Score: 5/10**  
**Explanation:** Spatial-epitranscriptomics is currently resource-intensive and not easily scalable to large cohorts.  
**Suggestions:** Propose phased approaches, starting with pilot studies and later scaling up as technology improves.

---

### 14. Replicability
**Score: 5/10**  
**Explanation:** Results may be difficult to reproduce due to technical complexity and biological variability.  
**Suggestions:** Include standardized protocols and multicenter validation.

---

### 15. Theoretical Foundation
**Score: 5/10**  
**Explanation:** Some basis in current epitranscriptomics and cancer literature, but not robustly grounded due to lack of specifics.  
**Suggestions:** Reference more foundational work and integrate with established cancer biology frameworks.

---

### 16. Technological Feasibility
**Score: 6/10**  
**Explanation:** Emerging technologies allow spatial-epitranscriptomic analysis, but widespread implementation is still challenging.  
**Suggestions:** Identify specific platforms and techniques (e.g., spatial transcriptomics, m6A-seq) and address technical limitations.

---

### 17. Risk Assessment
**Score: 4/10**  
**Explanation:** High risk due to technical, interpretative, and biological complexity.  
**Suggestions:** Provide risk mitigation strategies (technical troubleshooting, alternative models).

---

### 18. Sustainability
**Score: 4/10**  
**Explanation:** Resource-intensive methods may not be sustainable for large-scale studies.  
**Suggestions:** Seek to develop or adopt more cost-effective protocols.

---

### 19. Societal Relevance
**Score: 7/10**  
**Explanation:** If successful, could significantly impact cancer diagnosis and treatment, but practical impact is speculative at this stage.  
**Suggestions:** Directly connect the research plan to patient outcomes and health system needs.

---

### 20. Future Research Potential
**Score: 8/10**  
**Explanation:** High potential to open new research directions in both cancer biology and epitranscriptomics.  
**Suggestions:** Outline possible follow-up studies and broader applications.

---

**Summary:**  
This idea is highly innovative and could open new avenues in cancer research, but currently suffers from a lack of specific, testable hypotheses and detailed methodology. To improve, articulate a clear hypothesis, connect it to specific cancer challenges, and provide a concrete experimental plan with defined outcomes.

### Metadata

- Generation Type: New (Significant Change)
- Parent Idea: 51
- Created as new idea due to significant change


================================================================================
TIMESTAMP: 2025-05-28 11:24:52
PHASE: Tournament Round 4, ROUND: 4, ELO SCORE: 1204.8
UNIQUE_ID: c03b3ef8-fa246bd5
================================================================================

## Tournament Results (Round 4)

**Rank:** 13 out of 19
**ELO Rating:** 1204.8

### Idea

**Title**: Untitled Idea

**Key Idea**: **Refinements:** Clarified spatial-epitranscriptomic interplay, emphasized in vivo models, added reference on m6A stress response [Sun 2022].

---



