IDEA 48 EVOLUTION LOG

================================================================================
TIMESTAMP: 2025-05-28 11:06:19
PHASE: New Idea (Significant Change), ROUND: 3
UNIQUE_ID: 12c5ae1a-88b3e0d1
================================================================================

## New Idea from Significant Change (Round 3)

This idea represents a significant change from Idea 35.

**Title**: ** Microbiome-Derived Metabolites Shaping Brain Tumor Immunity

**Key Idea**: ** Microbiome-produced metabolites modulate immune responses within the brain tumor microenvironment, influencing tumor progression.

**Paragraph 1**: **  
SCFAs and aromatic metabolites produced by gut bacteria can cross the BBB and alter resident and infiltrating immune cell function in brain tumors [D’Alessandro 2020; Colombo 2021]. This idea proposes that such metabolites reprogram the tumor immune milieu, altering progression or therapy response. The novelty is in targeting the gut-brain-immunity axis as a modulator of neuro-oncology outcomes.

**Paragraph 2**: **  
Murine models with defined microbiome manipulations (germ-free, antibiotic-treated, FMT) will be used to track metabolite levels in CSF and tumor tissue via metabolomics. Immune phenotyping (flow cytometry, scRNA-seq) will assess changes in tumor-infiltrating lymphocytes and myeloid cells. Direct manipulation of candidate metabolites (e.g., SCFA supplementation) will test functional importance. Key challenges include validating metabolite transfer and distinguishing immune versus direct tumor effects.

**Paragraph 3**: **  
Empirical support for microbiome-immune interactions is robust [D’Alessandro 2020; Colombo 2021]. The hypothesis is theoretically coherent, with high explanatory and predictive potential. Falsifiability is achieved by blocking metabolite transport. The approach is methodologically strong and innovative, with future potential for microbiome-targeted adjuvant therapies in brain tumors.

**Approach**: is methodologically strong and innovative, with future potential for microbiome-targeted adjuvant therapies in brain tumors.

**Key References**: ** [D’Alessandro 2020], [Colombo 2021]  
**Refinements:** Clarified immune focus, specified intervention points, strengthened mechanistic rationale.

## Comparison with Original

### Original Idea (ID: 35)

**Title**: ### 3. **Microbiome-Derived Metabolites Modulating Brain Tumor Immunity**

**Key Idea**: ### 3. **Microbiome-Derived Metabolites Modulating Brain Tumor Immunity**

### Scientific Evaluation

| Criterion | Score |
|---|---:|
| Empirical Support | 7.0/10 |
| Theoretical Coherence | 8.0/10 |
| Explanatory Power | 7.0/10 |
| Predictive Capability | 8.0/10 |
| Falsifiability | 9.0/10 |
| Parsimony | 7.0/10 |
| Generalizability | 6.0/10 |
| Methodological Rigor | 8.0/10 |
| Innovation | 9.0/10 |
| Problem-Solving Utility | 7.0/10 |
| Interdisciplinary Impact | 8.0/10 |
| Ethical Considerations | 8.0/10 |
| Scalability | 6.0/10 |
| Replicability | 7.0/10 |
| Theoretical Foundation | 8.0/10 |
| Technological Feasibility | 8.0/10 |
| Risk Assessment | 6.0/10 |
| Sustainability | 7.0/10 |
| Societal Relevance | 8.0/10 |
| Future Research Potential | 9.0/10 |

### Detailed Evaluation

Certainly! Here is a detailed evaluation of the proposed research idea, **"Microbiome-Derived Metabolites Shaping Brain Tumor Immunity,"** against the 20 criteria you provided.

---

### 1. Empirical Support
**Score: 7/10**

**Rationale:**  
There is robust support for microbiome-immune interactions, including some evidence that metabolites can cross the BBB and modulate brain immune cells. However, direct evidence of these effects in brain tumors specifically is limited and mostly inferential.

**Suggestions:**  
Strengthen the rationale by citing any preliminary data or case reports specific to brain tumors. Consider pilot experiments or leveraging existing datasets for more direct evidence.

---

### 2. Theoretical Coherence
**Score: 8/10**

**Rationale:**  
The idea is logically consistent, integrating established concepts from immunology, neurobiology, and microbiome research. The hypothesis is clearly delineated, and mechanisms are plausible.

**Suggestions:**  
Clarify pathways of metabolite action on specific immune cell subsets and tumor progression. Incorporate alternative mechanisms, such as direct tumor cell modulation.

---

### 3. Explanatory Power
**Score: 7/10**

**Rationale:**  
The hypothesis could explain inter-individual variability in brain tumor immune responses and potentially why some patients respond differently to immunotherapies.

**Suggestions:**  
Expand on how this mechanism could explain resistance to current treatments or unique features of brain tumor immunity.

---

### 4. Predictive Capability
**Score: 8/10**

**Rationale:**  
Testable predictions are clear: altering microbiome composition or metabolite levels should modulate immune cell phenotypes and tumor outcomes.

**Suggestions:**  
Specify measurable endpoints and biomarkers (e.g., cytokine profiles, T cell exhaustion markers) to enhance predictive clarity.

---

### 5. Falsifiability
**Score: 9/10**

**Rationale:**  
The hypothesis is falsifiable—if manipulating the microbiome or metabolites does not alter immune or tumor parameters, the hypothesis is disproven.

**Suggestions:**  
Define clear criteria for negative results (e.g., no change in immune infiltration or tumor growth with intervention).

---

### 6. Parsimony
**Score: 7/10**

**Rationale:**  
The mechanism is relatively straightforward, focusing on a single axis (microbiome-metabolite-immune). However, the complexity of the gut-brain axis introduces multiple variables.

**Suggestions:**  
Identify and control for confounding factors such as diet, systemic inflammation, and host genetics.

---

### 7. Generalizability
**Score: 6/10**

**Rationale:**  
Findings may extend to other neuro-oncological diseases or brain metastases, but initial focus is narrowly on brain tumors.

**Suggestions:**  
Discuss potential for relevance to other CNS diseases, or tumors outside the CNS.

---

### 8. Methodological Rigor
**Score: 8/10**

**Rationale:**  
The proposed use of murine models, metabolomics, and immune phenotyping is state-of-the-art.

**Suggestions:**  
Incorporate longitudinal sampling and possibly humanized mouse models for greater translational relevance.

---

### 9. Innovation
**Score: 9/10**

**Rationale:**  
While microbiome-immune interactions are a growing field, direct experimental focus on brain tumor immunity via microbiome-derived metabolites is highly novel and underexplored.

**Suggestions:**  
Consider expanding to unexplored metabolite classes or rare microbial taxa for even greater novelty.

---

### 10. Problem-Solving Utility
**Score: 7/10**

**Rationale:**  
If validated, the approach could lead to adjuvant therapies or biomarkers for brain tumors. However, translation is not immediate.

**Suggestions:**  
Propose specific intervention strategies (e.g., probiotics, dietary modulation) with a pathway to clinical application.

---

### 11. Interdisciplinary Impact
**Score: 8/10**

**Rationale:**  
The research spans oncology, immunology, microbiology, and neuroscience, fostering interdisciplinary collaboration.

**Suggestions:**  
Engage computational biologists for integrative multi-omics analysis.

---

### 12. Ethical Considerations
**Score: 8/10**

**Rationale:**  
Animal studies are standard and ethical issues are manageable with appropriate oversight.

**Suggestions:**  
Plan for human translation with attention to patient consent and microbiome intervention risks.

---

### 13. Scalability
**Score: 6/10**

**Rationale:**  
Murine models are scalable, but translation to humans is more complex, with inter-individual microbiome variability a challenge.

**Suggestions:**  
Include strategies for patient stratification in future human studies.

---

### 14. Replicability
**Score: 7/10**

**Rationale:**  
Well-controlled animal experiments are reproducible, but microbiome studies can suffer from batch effects and environmental variability.

**Suggestions:**  
Standardize microbiome transfer protocols and use multiple animal facilities.

---

### 15. Theoretical Foundation
**Score: 8/10**

**Rationale:**  
The hypothesis is grounded in well-established literature on microbiome-immune and microbiome-brain interactions.

**Suggestions:**  
Integrate more neuro-oncology-specific literature to strengthen the foundation.

---

### 16. Technological Feasibility
**Score: 8/10**

**Rationale:**  
Metabolomics, FMT, and germ-free models are established. Some technical challenges in tracking metabolites across the BBB.

**Suggestions:**  
Collaborate with experts in neuropharmacology and advanced imaging for in vivo metabolite tracking.

---

### 17. Risk Assessment
**Score: 6/10**

**Rationale:**  
Risks include confounding variables, inter-individual differences, and potential off-target effects of interventions.

**Suggestions:**  
Build in rigorous controls, include multiple strains/species, and perform pilot toxicity studies for interventions.

---

### 18. Sustainability
**Score: 7/10**

**Rationale:**  
Animal studies are resource-intensive but feasible. Microbiome manipulation is sustainable with proper infrastructure.

**Suggestions:**  
Develop more efficient in vitro models (e.g., organoids, microfluidics) to reduce animal use.

---

### 19. Societal Relevance
**Score: 8/10**

**Rationale:**  
Brain tumors are devastating and poorly treated; new approaches are of high societal value.

**Suggestions:**  
Engage patient advocacy groups early to ensure alignment with patient needs.

---

### 20. Future Research Potential
**Score: 9/10**

**Rationale:**  
The hypothesis opens new avenues for research on the microbiome-brain-tumor axis, with potential expansion to other diseases and therapeutic modalities.

**Suggestions:**  
Propose follow-up studies (e.g., specific microbial consortia, dietary interventions, human cohort studies).

---

## Summary Table

| Criterion                              | Score (/10) |
|-----------------------------------------|-------------|
| 1. Empirical Support                    | 7           |
| 2. Theoretical Coherence                | 8           |
| 3. Explanatory Power                    | 7           |
| 4. Predictive Capability                | 8           |
| 5. Falsifiability                       | 9           |
| 6. Parsimony                            | 7           |
| 7. Generalizability                     | 6           |
| 8. Methodological Rigor                 | 8           |
| 9. Innovation                           | 9           |
| 10. Problem-Solving Utility             | 7           |
| 11. Interdisciplinary Impact            | 8           |
| 12. Ethical Considerations              | 8           |
| 13. Scalability                         | 6           |
| 14. Replicability                       | 7           |
| 15. Theoretical Foundation              | 8           |
| 16. Technological Feasibility           | 8           |
| 17. Risk Assessment                     | 6           |
| 18. Sustainability                      | 7           |
| 19. Societal Relevance                  | 8           |
| 20. Future Research Potential           | 9           |

---

**Overall, this idea is highly innovative and methodologically robust, with outstanding novelty and strong potential to reshape neuro-oncology research. The main weaknesses are in generalizability, scalability, and some practical risks, which can be mitigated with careful experimental design and strategic planning for translational steps.**

### Metadata

- Generation Type: New (Significant Change)
- Parent Idea: 35
- Created as new idea due to significant change


================================================================================
TIMESTAMP: 2025-05-28 11:12:37
PHASE: Tournament Round 3, ROUND: 3, ELO SCORE: 1194.3
UNIQUE_ID: 12c5ae1a-88b3e0d1
================================================================================

## Tournament Results (Round 3)

**Rank:** 12 out of 20
**ELO Rating:** 1194.3

### Idea

**Title**: ** Microbiome-Derived Metabolites Shaping Brain Tumor Immunity

**Key Idea**: ** Microbiome-produced metabolites modulate immune responses within the brain tumor microenvironment, influencing tumor progression.

**Paragraph 1**: **  
SCFAs and aromatic metabolites produced by gut bacteria can cross the BBB and alter resident and infiltrating immune cell function in brain tumors [D’Alessandro 2020; Colombo 2021]. This idea proposes that such metabolites reprogram the tumor immune milieu, altering progression or therapy response. The novelty is in targeting the gut-brain-immunity axis as a modulator of neuro-oncology outcomes.

**Paragraph 2**: **  
Murine models with defined microbiome manipulations (germ-free, antibiotic-treated, FMT) will be used to track metabolite levels in CSF and tumor tissue via metabolomics. Immune phenotyping (flow cytometry, scRNA-seq) will assess changes in tumor-infiltrating lymphocytes and myeloid cells. Direct manipulation of candidate metabolites (e.g., SCFA supplementation) will test functional importance. Key challenges include validating metabolite transfer and distinguishing immune versus direct tumor effects.

**Paragraph 3**: **  
Empirical support for microbiome-immune interactions is robust [D’Alessandro 2020; Colombo 2021]. The hypothesis is theoretically coherent, with high explanatory and predictive potential. Falsifiability is achieved by blocking metabolite transport. The approach is methodologically strong and innovative, with future potential for microbiome-targeted adjuvant therapies in brain tumors.

**Approach**: is methodologically strong and innovative, with future potential for microbiome-targeted adjuvant therapies in brain tumors.

**Key References**: ** [D’Alessandro 2020], [Colombo 2021]  
**Refinements:** Clarified immune focus, specified intervention points, strengthened mechanistic rationale.



