IDEA 21 EVOLUTION LOG

================================================================================
TIMESTAMP: 2025-05-28 10:50:49
PHASE: New Idea (Significant Change), ROUND: 2
UNIQUE_ID: b056ce9e-ed0d8b7d
================================================================================

## New Idea from Significant Change (Round 2)

This idea represents a significant change from Idea 19.

**Title**: Untitled Idea

**Key Idea**: ### 1. **Epitranscriptomic mRNA Remodeling in Pancreatic Cancer Stress Granules**

## Comparison with Original

### Original Idea (ID: 19)

**Title**: ** Stress granules in pancreatic cancer cells sequester and...

**Key Idea**: ** Stress granules in pancreatic cancer cells sequester and modify mRNAs epitranscriptomically, enabling adaptive dormancy and therapy evasion.

**Approach**: ** Isolate stress granules; profile mRNA modifications; disrupt granule formation/epitranscriptomic writers; assess dormancy/survival.

**Key References**: ** Anders M et al. "Dynamic m6A methylation facilitates mRNA triage under stress." Mol Cell. 2018.

### Scientific Evaluation

| Criterion | Score |
|---|---:|
| Empirical Support | 5.0/10 |
| Theoretical Coherence | 7.0/10 |
| Explanatory Power | 6.0/10 |
| Predictive Capability | 7.0/10 |
| Falsifiability | 8.0/10 |
| Parsimony | 5.0/10 |
| Generalizability | 6.0/10 |
| Methodological Rigor | 7.0/10 |
| Innovation | 9.0/10 |
| Problem-Solving Utility | 7.0/10 |
| Interdisciplinary Impact | 8.0/10 |
| Ethical Considerations | 8.0/10 |
| Scalability | 6.0/10 |
| Replicability | 6.0/10 |
| Theoretical Foundation | 6.0/10 |
| Technological Feasibility | 7.0/10 |
| Risk Assessment | 6.0/10 |
| Sustainability | 6.0/10 |
| Societal Relevance | 8.0/10 |
| Future Research Potential | 9.0/10 |

### Detailed Evaluation

**Evaluation of Research Idea: "Epitranscriptomic mRNA Remodeling in Pancreatic Cancer Stress Granules"**

---

### 1. Empirical Support: Consistency with existing evidence and data  
**Score: 5/10**  
**Explanation:**  
Epitranscriptomics and stress granules are active research areas, and evidence exists for mRNA modifications affecting cancer cell biology. However, specific empirical support for the interplay between epitranscriptomic mRNA remodeling and stress granules in pancreatic cancer is sparse or indirect in current literature.  
**Suggestions:**  
- Review and cite any recent high-throughput sequencing or imaging data that suggest altered mRNA modifications in stress granules of pancreatic cancer cells.
- Propose pilot experiments using available pancreatic cancer cell lines to survey relevant modifications.

---

### 2. Theoretical Coherence: Internal logical consistency and clarity  
**Score: 7/10**  
**Explanation:**  
The idea logically connects emerging concepts in RNA biology and cancer stress responses, with a plausible mechanistic link. However, details on specific mechanisms and their implications need clarification.  
**Suggestions:**  
- Clearly define which mRNA modifications (e.g., m6A, m5C) and which aspects of stress granule biology are implicated.
- Articulate the precise hypothesized sequence of molecular events.

---

### 3. Explanatory Power: Ability to explain observed phenomena  
**Score: 6/10**  
**Explanation:**  
The hypothesis could explain some aspects of therapy resistance and cellular adaptation in aggressive pancreatic cancers, but this explanatory scope is currently broad and untested.  
**Suggestions:**  
- Specify which unexplained phenomena (e.g., chemo-resistance, metastatic behavior) this model could address.
- Propose ways the hypothesis could unify disparate clinical observations.

---

### 4. Predictive Capability: Ability to make testable predictions  
**Score: 7/10**  
**Explanation:**  
The idea enables predictions (e.g., altering mRNA modifications will affect stress granule function and cancer cell survival). These predictions are testable with modern molecular tools.  
**Suggestions:**  
- Formulate explicit, falsifiable predictions (e.g., knockdown of specific RNA-modifying enzymes alters stress granule composition/function).
- Design initial experiments to validate these predictions in vitro.

---

### 5. Falsifiability: Potential to be disproven by evidence  
**Score: 8/10**  
**Explanation:**  
The hypothesis can be directly tested and potentially refuted by experimental manipulation of epitranscriptomic marks and stress granule dynamics.  
**Suggestions:**  
- Identify clear negative controls (e.g., mutant enzymes) and endpoints for disproof.
- Encourage rigorous statistical analysis to distinguish true negatives.

---

### 6. Parsimony: Simplicity and elegance (Occam's Razor)  
**Score: 5/10**  
**Explanation:**  
The idea brings together two complex fields, which may lead to an overly intricate hypothesis unless streamlined.  
**Suggestions:**  
- Focus on one or two key modifications or stress granule components.
- Avoid overcomplicating by limiting the number of interacting factors in initial studies.

---

### 7. Generalizability: Applicability beyond initial scope  
**Score: 6/10**  
**Explanation:**  
While focused on pancreatic cancer, the hypothesis may generalize to other hard-to-treat cancers, but this is speculative.  
**Suggestions:**  
- Discuss whether similar mechanisms could be at play in other aggressive solid tumors.
- Propose cross-cancer validation studies.

---

### 8. Methodological Rigor: Sound scientific methods and procedures  
**Score: 7/10**  
**Explanation:**  
Modern RNA-seq, mass spectrometry, and imaging can rigorously test the hypothesis. However, technical challenges in isolating stress granules and mapping modifications remain.  
**Suggestions:**  
- Outline specific, stepwise protocols for stress granule isolation and mRNA modification profiling.
- Include validation steps to ensure accuracy.

---

### 9. Innovation: Originality and advancement over existing ideas  
**Score: 9/10**  
**Explanation:**  
The idea is highly novel, as the intersection of epitranscriptomics and stress granule biology in pancreatic cancer is largely unexplored.  
**Suggestions:**  
- Emphasize the unique integration of two emerging research areas.
- Highlight differences from existing models of stress response in cancer.

---

### 10. Problem-Solving Utility: Practical application to solve problems  
**Score: 7/10**  
**Explanation:**  
If validated, could lead to new biomarkers or drug targets in pancreatic cancer. However, practical applications are not immediate.  
**Suggestions:**  
- Identify potential intervention points for drug development.
- Propose translational research pathways.

---

### 11. Interdisciplinary Impact: Relevance across multiple fields  
**Score: 8/10**  
**Explanation:**  
Bridges cancer biology, RNA modification research, and cell stress response fields, with possible impact in pharmacology and diagnostics.  
**Suggestions:**  
- Engage collaborators from molecular biology, clinical oncology, and bioinformatics.
- Explore computational modeling of stress granule dynamics.

---

### 12. Ethical Considerations: Ethical implications and responsibilities  
**Score: 8/10**  
**Explanation:**  
Mostly low risk at the molecular research stage. Potential ethical considerations if moving rapidly to clinical translation.  
**Suggestions:**  
- Address data privacy and patient consent if human tissue is used.
- Consider off-target effects in future therapeutic applications.

---

### 13. Scalability: Performance across different scales  
**Score: 6/10**  
**Explanation:**  
Proof-of-concept studies in vitro are feasible, but scaling to animal models or clinical studies may be challenging due to complexity.  
**Suggestions:**  
- Pilot multi-scale studies (cells to organoids to mouse models).
- Develop scalable assays for mRNA modification detection.

---

### 14. Replicability: Potential for results to be reproduced  
**Score: 6/10**  
**Explanation:**  
Technical reproducibility may be affected by variability in stress granule isolation and RNA modification analysis.  
**Suggestions:**  
- Standardize protocols and include detailed methods.
- Share reagents and data for transparency.

---

### 15. Theoretical Foundation: Grounding in established scientific knowledge  
**Score: 6/10**  
**Explanation:**  
Builds on knowledge of stress granules and epitranscriptomics, but their connection in pancreatic cancer is not yet well-established.  
**Suggestions:**  
- Reference foundational studies in both fields.
- Identify and acknowledge knowledge gaps.

---

### 16. Technological Feasibility: Practicality of implementation  
**Score: 7/10**  
**Explanation:**  
Current technologies allow for detailed study of RNA modifications and stress granules, though some technical barriers remain.  
**Suggestions:**  
- Leverage emerging single-cell and super-resolution technologies.
- Collaborate with technology developers for customized tools.

---

### 17. Risk Assessment: Potential drawbacks and limitations  
**Score: 6/10**  
**Explanation:**  
Risks include technical failure, ambiguous results, and complexity leading to non-specific findings.  
**Suggestions:**  
- Conduct rigorous pilot studies.
- Build in orthogonal validation strategies.

---

### 18. Sustainability: Long-term viability and resource efficiency  
**Score: 6/10**  
**Explanation:**  
Sustainable at the research stage but may require substantial resources for scaling up.  
**Suggestions:**  
- Seek funding for high-risk/high-reward projects.
- Develop cost-effective protocols.

---

### 19. Societal Relevance: Impact on human society and wellbeing  
**Score: 8/10**  
**Explanation:**  
Potentially high relevance due to focus on pancreatic cancer, a lethal and underserved disease.  
**Suggestions:**  
- Articulate the potential long-term societal benefits.
- Engage patient advocacy groups.

---

### 20. Future Research Potential: Capacity to generate new research directions  
**Score: 9/10**  
**Explanation:**  
Opens new avenues in cancer biology, RNA modification research, and stress response studies.  
**Suggestions:**  
- Suggest follow-up studies (e.g., therapeutic targeting, biomarker development).
- Encourage interdisciplinary workshops and grant proposals.

---

**Overall Summary:**  
This idea is highly innovative, with strong future research potential and significant interdisciplinary impact, but needs more empirical grounding, methodological clarity, and practical focus to maximize its scientific and translational value.

### Metadata

- Generation Type: New (Significant Change)
- Parent Idea: 19
- Created as new idea due to significant change


================================================================================
TIMESTAMP: 2025-05-28 10:59:37
PHASE: Tournament Round 2, ROUND: 2, ELO SCORE: 1202.3
UNIQUE_ID: b056ce9e-ed0d8b7d
================================================================================

## Tournament Results (Round 2)

**Rank:** 10 out of 19
**ELO Rating:** 1202.3

### Idea

**Title**: Untitled Idea

**Key Idea**: ### 1. **Epitranscriptomic mRNA Remodeling in Pancreatic Cancer Stress Granules**



