IDEA 62 EVOLUTION LOG

================================================================================
TIMESTAMP: 2025-05-28 11:16:24
PHASE: New Idea (Significant Change), ROUND: 4
UNIQUE_ID: 68d68a1c-dd4ef5da
================================================================================

## New Idea from Significant Change (Round 4)

This idea represents a significant change from Idea 42.

**Title**: ** Ribosome profiling, isoform-specific CRISPR edi...

**Approach**: ** Ribosome profiling, isoform-specific CRISPR editing, polysome RNA-seq, in vivo resistance assays, isoform inhibitor screening.

## Comparison with Original

### Original Idea (ID: 42)

**Title**: ** Stress Granule-Associated m6A Modifications Driving Pancreatic Cancer Dormancy

**Key Idea**: ** Stress granules in pancreatic cancer cells promote dormancy and therapy evasion via selective m6A modification of sequestered mRNAs.

**Paragraph 1**: **  
Pancreatic cancer cells frequently encounter metabolic and therapeutic stress, prompting the assembly of stress granules (SGs)—membraneless organelles that sequester mRNAs and RNA-binding proteins [Barbieri 2017]. This idea proposes that within SGs, specific mRNAs acquire dynamic N6-methyladenosine (m6A) modifications, altering their stability and translation, thereby promoting a reversible dormant state [Anders 2018; Youn 2019]. The novelty is in coupling spatial mRNA sequestration with epitranscriptomic remodeling as a driver of adaptive drug resistance.

**Paragraph 2**: **  
Experiments will isolate SGs from stressed pancreatic cancer cells, profile mRNA modifications (m6A-seq, LC-MS/MS), and use CRISPR/Cas9 to disrupt SG assembly (G3BP1) or m6A writers (METTL3/14). Effects on dormancy and therapy response will be assayed both in vitro and in xenograft models. Single-molecule RNA FISH and live-cell imaging will validate spatial sequestration and translational suppression. To disentangle sequestration versus modification effects, orthogonal interventions (e.g., chemical inhibitors of methyltransferases) will be combined with genetic models.

**Paragraph 3**: **  
The hypothesis is empirically anchored in emerging links between m6A, stress response, and cancer dormancy [Anders 2018; Youn 2019]. The model provides explanatory and predictive power for stress-induced therapy evasion and is falsifiable by disrupting the SG-m6A axis. The approach is generalizable to other stress-adaptive cancers, methodologically rigorous, and innovative in integrating spatial and chemical regulation of mRNA. Future research could explore therapeutic targeting of SG dynamics or m6A modification machinery.

**Approach**: is generalizable to other stress-adaptive cancers, methodologically rigorous, and innovative in integrating spatial and chemical regulation of mRNA. Future research could explore therapeutic targeting of SG dynamics or m6A modification machinery.

**Key References**: ** [Anders 2018], [Barbieri 2017], [Youn 2019]  
**Refinements:** Expanded technical details, clarified causal experiments, added parsimony and generalizability, retained and emphasized key supporting citations.

### Scientific Evaluation

| Criterion | Score |
|---|---:|
| Empirical Support | 5.0/10 |
| Theoretical Coherence | 7.0/10 |
| Explanatory Power | 6.0/10 |
| Predictive Capability | 7.0/10 |
| Falsifiability | 8.0/10 |
| Parsimony | 5.0/10 |
| Generalizability | 6.0/10 |
| Methodological Rigor | 8.0/10 |
| Innovation | 9.0/10 |
| Problem-Solving Utility | 7.0/10 |
| Interdisciplinary Impact | 7.0/10 |
| Ethical Considerations | 6.0/10 |
| Scalability | 6.0/10 |
| Replicability | 7.0/10 |
| Theoretical Foundation | 6.0/10 |
| Technological Feasibility | 7.0/10 |
| Risk Assessment | 5.0/10 |
| Sustainability | 6.0/10 |
| Societal Relevance | 8.0/10 |
| Future Research Potential | 9.0/10 |

### Detailed Evaluation

Certainly! Here’s a detailed evaluation of your research idea—**"Ribosome profiling, isoform-specific CRISPR editing, polysome RNA-seq, in vivo resistance assays, isoform inhibitor screening"**—according to the 20 scientific criteria with scores, rationale, and improvement suggestions.

---

### 1. Empirical Support
**Score: 5/10**  
**Rationale:**  
Ribosome profiling, CRISPR editing, and polysome RNA-seq are established techniques, but the application to isoform-specific targeting in difficult cancers is only partially grounded in current evidence. The hypothesis is novel, but lacks direct empirical precedent.  
**Suggestions:**  
Cite any preliminary studies that link isoform-specific translation to cancer resistance. Initiate pilot experiments to generate supportive preclinical data.

---

### 2. Theoretical Coherence
**Score: 7/10**  
**Rationale:**  
The approach is logically coherent: isoform-specific translation and editing can theoretically impact cancer progression and resistance. The steps are internally consistent.  
**Suggestions:**  
Specify the mechanistic hypothesis (e.g., which isoforms, why they're cancer-critical). Clarify the causal chain linking isoform manipulation to cancer therapy outcomes.

---

### 3. Explanatory Power
**Score: 6/10**  
**Rationale:**  
The hypothesis could explain resistance in cancers where transcript-level targeting has failed, but it lacks specific illustrative examples.  
**Suggestions:**  
Provide case studies or theoretical models showing how isoform-level translation control could explain treatment failure or resistance.

---

### 4. Predictive Capability
**Score: 7/10**  
**Rationale:**  
The approach allows for testable predictions (e.g., editing specific isoforms will alter cancer cell survival).  
**Suggestions:**  
Articulate concrete predictions (e.g., knockout of a specific isoform ablates tumor growth in vivo).

---

### 5. Falsifiability
**Score: 8/10**  
**Rationale:**  
The hypothesis can be falsified by showing that isoform-specific editing or inhibition has no effect on cancer phenotypes.  
**Suggestions:**  
Define clear experimental endpoints and negative controls.

---

### 6. Parsimony
**Score: 5/10**  
**Rationale:**  
The approach is relatively complex, involving multiple high-throughput and in vivo assays.  
**Suggestions:**  
Streamline by prioritizing the most informative assay(s) and focusing on a single cancer type or isoform for initial validation.

---

### 7. Generalizability
**Score: 6/10**  
**Rationale:**  
The approach could be generalizable across cancers with isoform diversity, but may not apply to all cancer types or contexts.  
**Suggestions:**  
Test across a panel of difficult cancers to assess broad applicability.

---

### 8. Methodological Rigor
**Score: 8/10**  
**Rationale:**  
The methods are cutting-edge and rigorous when properly implemented.  
**Suggestions:**  
Ensure robust controls and replication at each step, and pre-register experimental plans.

---

### 9. Innovation
**Score: 9/10**  
**Rationale:**  
Isoform-specific ribosome profiling and editing for cancer resistance is highly novel and rarely explored.  
**Suggestions:**  
Highlight the novelty in grant proposals and publications. Consider patenting unique methodological combinations.

---

### 10. Problem-Solving Utility
**Score: 7/10**  
**Rationale:**  
If successful, the approach could address therapy resistance in recalcitrant cancers.  
**Suggestions:**  
Demonstrate clinical relevance by linking findings to patient-derived xenografts or primary samples.

---

### 11. Interdisciplinary Impact
**Score: 7/10**  
**Rationale:**  
Bridges molecular biology, genomics, oncology, and bioinformatics.  
**Suggestions:**  
Engage collaborators from computational biology and translational medicine for maximum impact.

---

### 12. Ethical Considerations
**Score: 6/10**  
**Rationale:**  
CRISPR editing and in vivo assays raise ethical issues, particularly for clinical translation.  
**Suggestions:**  
Develop clear ethical protocols, especially for animal and (future) human applications.

---

### 13. Scalability
**Score: 6/10**  
**Rationale:**  
Techniques are scalable in vitro but become challenging in vivo and in clinical settings.  
**Suggestions:**  
Automate and miniaturize assays where possible; develop high-throughput screening workflows.

---

### 14. Replicability
**Score: 7/10**  
**Rationale:**  
Well-described protocols for ribosome profiling and CRISPR editing are available, aiding reproducibility.  
**Suggestions:**  
Share protocols and data openly; use standardized reagents and cell lines.

---

### 15. Theoretical Foundation
**Score: 6/10**  
**Rationale:**  
Grounded in translation regulation and gene editing, but isoform-specific translation is an emerging (not mature) field.  
**Suggestions:**  
Cite foundational studies on isoforms in cancer and translation control.

---

### 16. Technological Feasibility
**Score: 7/10**  
**Rationale:**  
Technologies exist but combining them at isoform resolution, especially in vivo, is technically demanding.  
**Suggestions:**  
Start with in vitro proof-of-concept; collaborate with technology developers for in vivo translation.

---

### 17. Risk Assessment
**Score: 5/10**  
**Rationale:**  
High risk due to technical challenges, off-target effects, and unknowns in isoform targeting.  
**Suggestions:**  
Develop rigorous off-target analyses; consider alternative validation strategies.

---

### 18. Sustainability
**Score: 6/10**  
**Rationale:**  
Resource-intensive but potentially streamlined over time.  
**Suggestions:**  
Optimize protocols for efficiency; seek reusable reagents and data-sharing partnerships.

---

### 19. Societal Relevance
**Score: 8/10**  
**Rationale:**  
Direct relevance to improving diagnosis and treatment of hardest-to-treat cancers.  
**Suggestions:**  
Engage patient advocacy groups and communicate societal impact in outreach.

---

### 20. Future Research Potential
**Score: 9/10**  
**Rationale:**  
Opens many new research avenues in cancer biology, translation regulation, and therapeutic targeting.  
**Suggestions:**  
Propose follow-up projects exploring isoform diversity in different cancer contexts and resistance mechanisms.

---

**Summary:**  
This idea scores well for innovation, future research potential, and societal relevance, but faces challenges in empirical grounding, complexity, and technical/ethical risks. By generating initial empirical evidence, clarifying hypotheses, and improving scalability and risk management, the project could become a leading-edge research direction in cancer biology.

### Metadata

- Generation Type: New (Significant Change)
- Parent Idea: 42
- Created as new idea due to significant change


================================================================================
TIMESTAMP: 2025-05-28 11:24:52
PHASE: Tournament Round 4, ROUND: 4, ELO SCORE: 1221.3
UNIQUE_ID: 68d68a1c-dd4ef5da
================================================================================

## Tournament Results (Round 4)

**Rank:** 9 out of 19
**ELO Rating:** 1221.3

### Idea

**Title**: ** Ribosome profiling, isoform-specific CRISPR edi...

**Approach**: ** Ribosome profiling, isoform-specific CRISPR editing, polysome RNA-seq, in vivo resistance assays, isoform inhibitor screening.



