IDEA 28 EVOLUTION LOG

================================================================================
TIMESTAMP: 2025-05-28 10:53:45
PHASE: New Idea (Significant Change), ROUND: 2
UNIQUE_ID: 9d60654a-7284cc0b
================================================================================

## New Idea from Significant Change (Round 2)

This idea represents a significant change from Idea 1.

**Title**: ### 2. **Specialized Ribosome Variants in Melanoma Therapy Resistance**

**Key Idea**: ### 2. **Specialized Ribosome Variants in Melanoma Therapy Resistance**

## Comparison with Original

### Original Idea (ID: 1)

**Title**: ** Pancreatic cancer cells secrete extracellular vesicles th...

**Key Idea**: ** Pancreatic cancer cells secrete extracellular vesicles that precondition distant organs for metastasis by modulating local immune and stromal environments.

**Approach**: is novel because it focuses on the pre-metastatic niche as a dynamic, EV-driven process rather than solely on tumor cell intrinsic properties, potentially solving the problem of unpredictable metastatic spread [Peinado 2017].

**Key References**: ** Peinado H et al. "Pre-metastatic niches: organ-specific homes for metastases." Nat Rev Cancer. 2017.

### Scientific Evaluation

| Criterion | Score |
|---|---:|
| Empirical Support | 3.0/10 |
| Theoretical Coherence | 7.0/10 |
| Explanatory Power | 6.0/10 |
| Predictive Capability | 6.0/10 |
| Falsifiability | 8.0/10 |
| Parsimony | 5.0/10 |
| Generalizability | 5.0/10 |
| Methodological Rigor | 7.0/10 |
| Innovation | 9.0/10 |
| Problem-Solving Utility | 6.0/10 |
| Interdisciplinary Impact | 7.0/10 |
| Ethical Considerations | 8.0/10 |
| Scalability | 6.0/10 |
| Replicability | 7.0/10 |
| Theoretical Foundation | 6.0/10 |
| Technological Feasibility | 7.0/10 |
| Risk Assessment | 5.0/10 |
| Sustainability | 6.0/10 |
| Societal Relevance | 7.0/10 |
| Future Research Potential | 9.0/10 |

### Detailed Evaluation

**IDEA:** *Specialized Ribosome Variants in Melanoma Therapy Resistance*

---

### 1. Empirical Support  
**Score: 3/10**  
**Rationale:**  
There is limited direct empirical evidence linking specialized ribosome variants specifically to therapy resistance in melanoma. While altered ribosome composition has been suggested in other cancers, data for this mechanism in melanoma therapy resistance is sparse or speculative.  
**Suggestions:**  
- Conduct meta-analyses of existing melanoma datasets for ribosome heterogeneity.  
- Design pilot studies to identify ribosome variant profiles in resistant vs. sensitive melanoma cells.

---

### 2. Theoretical Coherence  
**Score: 7/10**  
**Rationale:**  
The idea aligns with emerging theories about ribosome heterogeneity and translational control in cancer. However, the pathway connecting ribosomal specialization specifically to therapy resistance in melanoma needs clearer articulation.  
**Suggestions:**  
- Develop a more detailed mechanistic model linking ribosome variants to resistance pathways (e.g., via selective translation of survival factors).  
- Integrate existing knowledge of melanoma resistance mechanisms.

---

### 3. Explanatory Power  
**Score: 6/10**  
**Rationale:**  
This hypothesis could explain previously unaccounted therapy resistance mechanisms, especially non-genetic adaptations. However, its current scope is narrow and unproven.  
**Suggestions:**  
- Identify specific resistant phenotypes in melanoma that current models cannot explain and show how ribosome variants could address these gaps.

---

### 4. Predictive Capability  
**Score: 6/10**  
**Rationale:**  
The hypothesis can generate testable predictions (e.g., unique ribosome compositions in resistant tumors), but the nature and specificity of predictions are still underdeveloped.  
**Suggestions:**  
- Propose specific, falsifiable predictions (e.g., knockdown of certain ribosomal proteins reverses resistance).

---

### 5. Falsifiability  
**Score: 8/10**  
**Rationale:**  
The idea is falsifiable: one can experimentally determine whether specialized ribosomes exist in resistant melanoma and whether modulating them affects resistance.  
**Suggestions:**  
- Design CRISPR-based screens to selectively alter ribosome composition and assess therapy response.

---

### 6. Parsimony  
**Score: 5/10**  
**Rationale:**  
The hypothesis introduces additional complexity to resistance mechanisms, which could be seen as less parsimonious unless shown to be necessary.  
**Suggestions:**  
- Justify why existing explanations (genetic mutations, epigenetic changes) are insufficient for the observed phenomena.

---

### 7. Generalizability  
**Score: 5/10**  
**Rationale:**  
If demonstrated, the concept could extend to other cancers, but initial focus is specifically on melanoma.  
**Suggestions:**  
- Compare ribosome profiles across multiple cancer types with therapy resistance.

---

### 8. Methodological Rigor  
**Score: 7/10**  
**Rationale:**  
Techniques for ribosome profiling and proteomics exist, but applying them to detect functionally meaningful variants in clinical samples is challenging but feasible.  
**Suggestions:**  
- Use single-cell ribosome profiling for in-depth analysis.  
- Collaborate with experts in ribosome biochemistry.

---

### 9. Innovation  
**Score: 9/10**  
**Rationale:**  
The idea is highly original—few have proposed specialized ribosomes as drivers of therapy resistance, especially in melanoma.  
**Suggestions:**  
- Emphasize novelty in funding and publication pitches.  
- Consider patenting unique experimental approaches.

---

### 10. Problem-Solving Utility  
**Score: 6/10**  
**Rationale:**  
If validated, this could open new therapeutic avenues; however, utility is currently speculative.  
**Suggestions:**  
- Outline actionable strategies (e.g., drugs targeting ribosome biogenesis or function).

---

### 11. Interdisciplinary Impact  
**Score: 7/10**  
**Rationale:**  
The concept bridges cancer biology, ribosome research, translational control, and potentially drug development.  
**Suggestions:**  
- Involve experts from structural biology, oncology, and pharmacology.

---

### 12. Ethical Considerations  
**Score: 8/10**  
**Rationale:**  
No major ethical concerns anticipated; standard cancer research ethics apply.  
**Suggestions:**  
- Ensure patient-derived samples are handled per ethical guidelines.  
- Consider long-term effects of ribosome-targeting therapies.

---

### 13. Scalability  
**Score: 6/10**  
**Rationale:**  
Scalable in cell lines and animal models; clinical translation would require significant infrastructure.  
**Suggestions:**  
- Plan for progressive scaling: in vitro → in vivo → clinical samples.

---

### 14. Replicability  
**Score: 7/10**  
**Rationale:**  
With standardized methods, results should be reproducible, but technical complexity (e.g., ribosome profiling) can introduce variability.  
**Suggestions:**  
- Publish detailed protocols and use reference controls.

---

### 15. Theoretical Foundation  
**Score: 6/10**  
**Rationale:**  
Rooted in emerging ideas about ribosome heterogeneity, but not yet a mainstream concept in cancer resistance.  
**Suggestions:**  
- Reference key papers on ribosome specialization.  
- Build on established translational control theories.

---

### 16. Technological Feasibility  
**Score: 7/10**  
**Rationale:**  
Ribosome profiling and proteomics are available, though technically demanding.  
**Suggestions:**  
- Use core facilities or collaborations for advanced techniques.

---

### 17. Risk Assessment  
**Score: 5/10**  
**Rationale:**  
High risk due to novelty and lack of direct evidence; technical and interpretative challenges likely.  
**Suggestions:**  
- Start with pilot feasibility studies.  
- Prepare contingency plans for negative or inconclusive results.

---

### 18. Sustainability  
**Score: 6/10**  
**Rationale:**  
Approach is sustainable in research settings; long-term therapy development could face resource constraints.  
**Suggestions:**  
- Plan for resource-efficient protocols.  
- Seek long-term funding for translational work.

---

### 19. Societal Relevance  
**Score: 7/10**  
**Rationale:**  
Improved understanding and management of therapy-resistant melanoma would have significant public health impact.  
**Suggestions:**  
- Engage patient advocacy groups.  
- Highlight potential for broader cancer therapy improvements.

---

### 20. Future Research Potential  
**Score: 9/10**  
**Rationale:**  
This hypothesis could open rich new research directions in cancer biology and beyond.  
**Suggestions:**  
- Propose exploratory grants.  
- Suggest related projects (e.g., ribosome variants in other diseases).

---

**Summary:**  
This idea is highly innovative and offers exciting future research potential, with solid theoretical coherence and interdisciplinary appeal. However, empirical support is currently weak, and there are significant technical and conceptual risks. Early-stage validation and methodological development are crucial to move the hypothesis forward.

### Metadata

- Generation Type: New (Significant Change)
- Parent Idea: 1
- Created as new idea due to significant change


================================================================================
TIMESTAMP: 2025-05-28 10:59:37
PHASE: Tournament Round 2, ROUND: 2, ELO SCORE: 1197.5
UNIQUE_ID: 9d60654a-7284cc0b
================================================================================

## Tournament Results (Round 2)

**Rank:** 13 out of 19
**ELO Rating:** 1197.5

### Idea

**Title**: ### 2. **Specialized Ribosome Variants in Melanoma Therapy Resistance**

**Key Idea**: ### 2. **Specialized Ribosome Variants in Melanoma Therapy Resistance**



