IDEA 57 EVOLUTION LOG

================================================================================
TIMESTAMP: 2025-05-28 11:09:40
PHASE: Evolution, ROUND: 3
UNIQUE_ID: 059c9d4d-ade01898
================================================================================

## Refined Idea (Round 3)

**Title**: ** Selective Survival Translation via Specialized Ribosomes in Melanoma

**Key Idea**: ** Resistant melanoma cells deploy specialized ribosomes to preferentially translate pro-survival gene networks.

**Paragraph 1**: **  
Therapy-resistant melanoma cells may assemble specialized ribosomes that selectively translate mRNAs encoding survival and resistance factors [Shi 2017]. This idea identifies ribosomal heterogeneity as a central driver of translational reprogramming and resistance. The novelty is in mapping gene networks engaged by specialized ribosomes.

**Paragraph 2**: **  
Ribosome profiling and polysome RNA-seq will identify mRNAs preferentially associated with specialized ribosomes in resistant cells. CRISPR/Cas9 will target key ribosomal proteins. Functional assays will test the impact of disrupting specialized ribosomes on resistance.

**Paragraph 3**: **  
Supported by recent literature [Shi 2017], the idea is theoretically robust and falsifiable. Explanatory and predictive power are high. The approach is methodologically rigorous and innovative, offering new drug targets.

**Approach**: is methodologically rigorous and innovative, offering new drug targets.

**Key References**: ** [Shi 2017]  
**Refinements:** Focused on mapping specialized ribosome gene networks, clarified intervention strategy.

## Comparison with Original

### Original Idea (ID: 29)

**Title**: ** Resistant melanoma cells exploit specialized ribosome var...

**Key Idea**: ** Resistant melanoma cells exploit specialized ribosome variants to selectively translate pro-survival gene networks.

### Scientific Evaluation

| Criterion | Score |
|---|---:|
| Empirical Support | 6.0/10 |
| Theoretical Coherence | 8.0/10 |
| Explanatory Power | 7.0/10 |
| Predictive Capability | 8.0/10 |
| Falsifiability | 9.0/10 |
| Parsimony | 6.0/10 |
| Generalizability | 5.0/10 |
| Methodological Rigor | 8.0/10 |
| Innovation | 9.0/10 |
| Problem-Solving Utility | 7.0/10 |
| Interdisciplinary Impact | 8.0/10 |
| Ethical Considerations | 7.0/10 |
| Scalability | 6.0/10 |
| Replicability | 7.0/10 |
| Theoretical Foundation | 7.0/10 |
| Technological Feasibility | 8.0/10 |
| Risk Assessment | 6.0/10 |
| Sustainability | 5.0/10 |
| Societal Relevance | 8.0/10 |
| Future Research Potential | 9.0/10 |

### Detailed Evaluation

**1. Empirical Support**  
Score: 6/10  
**Rationale:** The idea is partially supported by the cited literature (e.g., Shi 2017), which shows ribosomal heterogeneity in some contexts. However, the direct link between specialized ribosomes and survival-specific translation in melanoma, particularly in resistant cells, is currently speculative and not well established in empirical studies.  
**Suggestions:** Strengthen empirical support by referencing additional studies demonstrating specialized ribosome function in cancer, and by providing preliminary data or pilot experiments from melanoma models.

---

**2. Theoretical Coherence**  
Score: 8/10  
**Rationale:** The proposal is logically consistent and connects known concepts in ribosome biology to cancer cell resistance. The internal logic is clear, and the hypothesis follows from established knowledge.  
**Suggestions:** Further clarify the mechanistic pathways by which ribosomal specialization leads to selective translation and resistance, perhaps with conceptual diagrams or specific gene network examples.

---

**3. Explanatory Power**  
Score: 7/10  
**Rationale:** The hypothesis has significant potential to explain why certain melanoma cells survive therapy, offering a novel mechanism distinct from genetic or epigenetic changes. However, the scope of explanation is currently limited to the ribosomal level.  
**Suggestions:** Broaden the explanatory framework to include how ribosomal specialization interacts with other resistance mechanisms, such as signaling pathways or microenvironmental factors.

---

**4. Predictive Capability**  
Score: 8/10  
**Rationale:** The idea leads to clear predictions (e.g., resistant melanoma cells should show unique ribosome compositions and associated mRNA translation profiles).  
**Suggestions:** Define more specific, testable predictions, such as the expected impact of disrupting particular ribosomal proteins on resistance phenotypes.

---

**5. Falsifiability**  
Score: 9/10  
**Rationale:** The hypothesis is highly falsifiable. Experimental approaches (ribosome profiling, CRISPR) can directly test if specialized ribosomes exist and function as predicted.  
**Suggestions:** Elaborate on negative controls and alternative explanations to further bolster falsifiability.

---

**6. Parsimony**  
Score: 6/10  
**Rationale:** The idea introduces a new, relatively complex mechanism (specialized ribosomes) to explain resistance, which may not be the simplest explanation.  
**Suggestions:** Compare the ribosomal hypothesis to simpler models (e.g., transcriptional changes) and justify the added complexity.

---

**7. Generalizability**  
Score: 5/10  
**Rationale:** The focus is specifically on melanoma and therapy resistance. While ribosomal specialization could be applicable elsewhere, the plan doesn’t address this.  
**Suggestions:** Propose studies in other difficult-to-treat cancers to assess the generalizability of the mechanism.

---

**8. Methodological Rigor**  
Score: 8/10  
**Rationale:** The use of ribosome profiling, polysome RNA-seq, and CRISPR/Cas9 is cutting-edge and methodologically sound.  
**Suggestions:** Include details on controls, replicates, and statistical analyses to further emphasize rigor.

---

**9. Innovation**  
Score: 9/10  
**Rationale:** Mapping specialized ribosome gene networks in resistant melanoma is highly novel and not present in current literature.  
**Suggestions:** Highlight distinctions from related fields (e.g., stress granule or translation control studies) and articulate what is uniquely innovative.

---

**10. Problem-Solving Utility**  
Score: 7/10  
**Rationale:** If validated, the idea could reveal new drug targets for resistant melanoma. However, translational potential is still theoretical.  
**Suggestions:** Outline concrete strategies for translating findings into therapeutic interventions.

---

**11. Interdisciplinary Impact**  
Score: 8/10  
**Rationale:** The hypothesis bridges cancer biology, molecular biology, genomics, and potentially pharmacology.  
**Suggestions:** Engage collaborators from computational biology or structural biology to increase interdisciplinary reach.

---

**12. Ethical Considerations**  
Score: 7/10  
**Rationale:** No significant ethical issues are apparent with the proposed research methods, but targeting ribosomal function could pose risks if translated clinically.  
**Suggestions:** Discuss potential off-target effects and the ethical implications of manipulating core translational machinery in humans.

---

**13. Scalability**  
Score: 6/10  
**Rationale:** Ribosome profiling and CRISPR screens are scalable at the cell and animal model level but may be challenging in patient samples or at clinical scale.  
**Suggestions:** Propose ways to adapt methods for high-throughput or clinical settings.

---

**14. Replicability**  
Score: 7/10  
**Rationale:** The experimental design is amenable to replication by other labs, given access to appropriate technology.  
**Suggestions:** Include standardized protocols and data-sharing plans to facilitate replication.

---

**15. Theoretical Foundation**  
Score: 7/10  
**Rationale:** The idea builds on emerging but accepted concepts of ribosome heterogeneity and translation control.  
**Suggestions:** Provide a more detailed review of foundational studies to further anchor the hypothesis in existing theory.

---

**16. Technological Feasibility**  
Score: 8/10  
**Rationale:** The proposed technologies are cutting-edge but feasible in well-equipped labs.  
**Suggestions:** Address potential technical obstacles (e.g., isolating specialized ribosomes) and propose troubleshooting strategies.

---

**17. Risk Assessment**  
Score: 6/10  
**Rationale:** Risks include technical difficulties, negative results, or lack of therapeutic translatability.  
**Suggestions:** Define contingency plans and alternative approaches in case initial hypotheses do not hold.

---

**18. Sustainability**  
Score: 5/10  
**Rationale:** High-throughput sequencing and genome editing are resource-intensive and may not be sustainable in all settings.  
**Suggestions:** Propose streamlined or cost-reduced versions of the experimental plan.

---

**19. Societal Relevance**  
Score: 8/10  
**Rationale:** Addressing therapy-resistant melanoma has high societal value, with potential applicability to other intractable cancers.  
**Suggestions:** Emphasize the impact on patient outcomes and the burden of resistant cancers.

---

**20. Future Research Potential**  
Score: 9/10  
**Rationale:** The idea opens many avenues, from drug development to fundamental studies of translation control.  
**Suggestions:** Suggest specific follow-up studies, such as screening for small molecules that disrupt specialized ribosome formation.

---

**Summary Table for Quick Reference**
| Criterion                                  | Score (/10) |
|--------------------------------------------|-------------|
| 1. Empirical Support                       | 6           |
| 2. Theoretical Coherence                   | 8           |
| 3. Explanatory Power                       | 7           |
| 4. Predictive Capability                   | 8           |
| 5. Falsifiability                          | 9           |
| 6. Parsimony                               | 6           |
| 7. Generalizability                        | 5           |
| 8. Methodological Rigor                    | 8           |
| 9. Innovation                              | 9           |
| 10. Problem-Solving Utility                | 7           |
| 11. Interdisciplinary Impact               | 8           |
| 12. Ethical Considerations                 | 7           |
| 13. Scalability                            | 6           |
| 14. Replicability                          | 7           |
| 15. Theoretical Foundation                 | 7           |
| 16. Technological Feasibility              | 8           |
| 17. Risk Assessment                        | 6           |
| 18. Sustainability                         | 5           |
| 19. Societal Relevance                     | 8           |
| 20. Future Research Potential              | 9           |

### Metadata

- Generation Type: Refinement
- Parent Idea: 29
- Refinement Count: 0


================================================================================
TIMESTAMP: 2025-05-28 11:12:37
PHASE: Tournament Round 3, ROUND: 3, ELO SCORE: 1176.4
UNIQUE_ID: 059c9d4d-ade01898
================================================================================

## Tournament Results (Round 3)

**Rank:** 19 out of 20
**ELO Rating:** 1176.4

### Idea

**Title**: ** Selective Survival Translation via Specialized Ribosomes in Melanoma

**Key Idea**: ** Resistant melanoma cells deploy specialized ribosomes to preferentially translate pro-survival gene networks.

**Paragraph 1**: **  
Therapy-resistant melanoma cells may assemble specialized ribosomes that selectively translate mRNAs encoding survival and resistance factors [Shi 2017]. This idea identifies ribosomal heterogeneity as a central driver of translational reprogramming and resistance. The novelty is in mapping gene networks engaged by specialized ribosomes.

**Paragraph 2**: **  
Ribosome profiling and polysome RNA-seq will identify mRNAs preferentially associated with specialized ribosomes in resistant cells. CRISPR/Cas9 will target key ribosomal proteins. Functional assays will test the impact of disrupting specialized ribosomes on resistance.

**Paragraph 3**: **  
Supported by recent literature [Shi 2017], the idea is theoretically robust and falsifiable. Explanatory and predictive power are high. The approach is methodologically rigorous and innovative, offering new drug targets.

**Approach**: is methodologically rigorous and innovative, offering new drug targets.

**Key References**: ** [Shi 2017]  
**Refinements:** Focused on mapping specialized ribosome gene networks, clarified intervention strategy.



