IDEA 50 EVOLUTION LOG

================================================================================
TIMESTAMP: 2025-05-28 11:06:57
PHASE: Evolution, ROUND: 3
UNIQUE_ID: ccd11eed-8437d658
================================================================================

## Refined Idea (Round 3)

**Title**: ** Epitranscriptomic mRNA Remodeling in Pancreatic Cancer Stress Granules

**Key Idea**: ** Stress granules in pancreatic cancer serve as hubs for dynamic mRNA modification, promoting dormancy and drug evasion.

**Paragraph 1**: **  
Upon exposure to stress, pancreatic cancer cells assemble stress granules (SGs) that sequester and epitranscriptomically modify mRNAs, particularly via m6A methylation [Barbieri 2017; Anders 2018]. This process stabilizes pro-survival and anti-apoptotic transcripts, fostering a dormant phenotype that enables therapy evasion. The novelty lies in integrating SG biology and epitranscriptomic regulation as a therapeutic resistance mechanism.

**Paragraph 2**: **  
SGs will be isolated from stressed pancreatic cancer cells, with their mRNA content and modifications characterized by m6A-seq and LC-MS/MS. Disruption of SG assembly or m6A machinery (CRISPR/Cas9, chemical inhibitors) will test their role in dormancy and drug resistance, both in vitro and in vivo. Live-cell imaging will monitor real-time changes in mRNA localization and modification.

**Paragraph 3**: **  
The hypothesis is grounded in recent evidence for m6A and SGs in cancer [Barbieri 2017; Anders 2018]. The model is parsimonious and theoretically coherent, explaining dormancy with high explanatory and predictive power. Falsifiability is clear—disrupting SG-m6A axes should sensitize cells. The approach is methodologically robust and innovative, with broad generalizability. Future directions include targeting SG-m6A pathways for therapy.

**Approach**: is methodologically robust and innovative, with broad generalizability. Future directions include targeting SG-m6A pathways for therapy.

**Key References**: ** [Barbieri 2017], [Anders 2018]  
**Refinements:** Enhanced technical detail, emphasized real-time visualization, clarified mechanistic integration.

## Comparison with Original

### Original Idea (ID: 21)

**Title**: Untitled Idea

**Key Idea**: ### 1. **Epitranscriptomic mRNA Remodeling in Pancreatic Cancer Stress Granules**

### Scientific Evaluation

| Criterion | Score |
|---|---:|
| Empirical Support | 7.0/10 |
| Theoretical Coherence | 9.0/10 |
| Explanatory Power | 8.0/10 |
| Predictive Capability | 8.0/10 |
| Falsifiability | 9.0/10 |
| Parsimony | 8.0/10 |
| Generalizability | 7.0/10 |
| Methodological Rigor | 8.0/10 |
| Innovation | 9.0/10 |
| Problem-Solving Utility | 7.0/10 |
| Interdisciplinary Impact | 7.0/10 |
| Ethical Considerations | 6.0/10 |
| Scalability | 6.0/10 |
| Replicability | 7.0/10 |
| Theoretical Foundation | 8.0/10 |
| Technological Feasibility | 7.0/10 |
| Risk Assessment | 5.0/10 |
| Sustainability | 6.0/10 |
| Societal Relevance | 8.0/10 |
| Future Research Potential | 9.0/10 |

### Detailed Evaluation

**1. Empirical Support**  
Score: 7/10  
**Explanation:** The hypothesis builds on recent studies linking m6A modifications and stress granule (SG) biology in cancer, with some suggestive evidence in the literature (e.g., Barbieri 2017; Anders 2018). However, direct empirical support for the integrated mechanism—SG-mediated epitranscriptomic remodeling specifically driving dormancy and drug evasion in pancreatic cancer—is limited.  
**Suggestion:** Strengthen preliminary data, perhaps by mining existing datasets for correlative evidence of SG-m6A interplay in drug-resistant/dormant pancreatic cancer cells.

---

**2. Theoretical Coherence**  
Score: 9/10  
**Explanation:** The idea is logically consistent, clearly integrating known stress responses, mRNA modification pathways, and their plausible roles in dormancy and drug resistance. The flow from mechanism to phenotype is well articulated.  
**Suggestion:** Ensure clear mapping of each mechanistic step, perhaps with a diagram or model, to facilitate understanding and validation.

---

**3. Explanatory Power**  
Score: 8/10  
**Explanation:** The hypothesis explains observed phenomena in pancreatic cancer (dormancy, therapy evasion) in a novel way by combining SG biology with m6A modification.  
**Suggestion:** Expand on alternative mechanisms and how this model could account for cases where traditional explanations (e.g., genetic mutations) are insufficient.

---

**4. Predictive Capability**  
Score: 8/10  
**Explanation:** The hypothesis makes clear, testable predictions (e.g., disrupting SG-m6A axes sensitizes cells to therapy).  
**Suggestion:** Formalize additional predictions, such as specific transcriptomic or proteomic changes upon SG/m6A disruption.

---

**5. Falsifiability**  
Score: 9/10  
**Explanation:** The hypothesis is explicitly falsifiable: if disrupting SG assembly or m6A machinery does not alter dormancy/drug resistance, the hypothesis is challenged.  
**Suggestion:** Define clear, quantitative endpoints for “sensitization” and “dormancy” to strengthen falsifiability.

---

**6. Parsimony**  
Score: 8/10  
**Explanation:** The model is elegant, combining two established processes into a single explanatory framework without unnecessary complexity.  
**Suggestion:** Identify and exclude any non-essential pathways or mechanisms to keep the model as streamlined as possible.

---

**7. Generalizability**  
Score: 7/10  
**Explanation:** While focused on pancreatic cancer, the stress granule–m6A mechanism could apply to other difficult cancers. However, evidence for generalizability is not directly addressed.  
**Suggestion:** Propose validation in additional cancer types (e.g., glioblastoma, ovarian) to assess broader relevance.

---

**8. Methodological Rigor**  
Score: 8/10  
**Explanation:** The plan uses rigorous and cutting-edge techniques (m6A-seq, LC-MS/MS, CRISPR/Cas9, live-cell imaging).  
**Suggestion:** Include plans for technical controls and orthogonal validation (e.g., independent verification of SG and m6A disruption).

---

**9. Innovation**  
Score: 9/10  
**Explanation:** Integrating epitranscriptomic modification with SG biology as a mechanism for dormancy/drug resistance is a highly novel and unexplored idea.  
**Suggestion:** Highlight any preliminary observations or unpublished findings to reinforce novelty.

---

**10. Problem-Solving Utility**  
Score: 7/10  
**Explanation:** If validated, the hypothesis could lead to new therapeutic targets for drug-resistant/dormant cancers—a major clinical challenge.  
**Suggestion:** Outline a potential translational pathway (e.g., drug development, biomarker discovery) for moving from mechanism to therapy.

---

**11. Interdisciplinary Impact**  
Score: 7/10  
**Explanation:** The idea sits at the intersection of cancer biology, RNA biology, and chemical biology, with potential relevance to cell stress research and pharmacology.  
**Suggestion:** Engage collaborators from other fields (e.g., bioinformatics, systems biology) to expand impact and validate results.

---

**12. Ethical Considerations**  
Score: 6/10  
**Explanation:** Standard ethical issues apply (e.g., animal experimentation), but nothing novel or particularly concerning arises from the hypothesis itself.  
**Suggestion:** Address ethical considerations in animal model selection and potential off-target effects of gene editing.

---

**13. Scalability**  
Score: 6/10  
**Explanation:** The approach is technically demanding and may be challenging to scale for high-throughput screening or clinical translation.  
**Suggestion:** Explore simplified or miniaturized assays for larger-scale studies.

---

**14. Replicability**  
Score: 7/10  
**Explanation:** Use of established methods enhances replicability, but SG isolation and epitranscriptomic profiling can be technically variable.  
**Suggestion:** Provide detailed protocols and consider collaborative replication in independent labs.

---

**15. Theoretical Foundation**  
Score: 8/10  
**Explanation:** The idea is well-grounded in current scientific knowledge but breaks new conceptual ground by integrating two previously separate domains.  
**Suggestion:** More thoroughly review and cite foundational work on both SGs and m6A modification.

---

**16. Technological Feasibility**  
Score: 7/10  
**Explanation:** The required technologies exist but are technically challenging and require specialized expertise.  
**Suggestion:** Partner with core facilities or experts in m6A sequencing and live-cell imaging to ensure feasibility.

---

**17. Risk Assessment**  
Score: 5/10  
**Explanation:** There are risks: technical difficulty, possible redundancy in stress/dormancy pathways, and potential negative results if SG-m6A is not central.  
**Suggestion:** Develop contingency plans (e.g., alternative readouts, parallel hypotheses) to mitigate risk.

---

**18. Sustainability**  
Score: 6/10  
**Explanation:** The approach is resource-intensive (specialized reagents, equipment, expertise). Sustaining the research long-term may be challenging.  
**Suggestion:** Seek collaborations and shared resources, and plan for streamlined future protocols.

---

**19. Societal Relevance**  
Score: 8/10  
**Explanation:** Pancreatic cancer is a major unmet medical need; novel approaches to understanding and treating dormancy/drug resistance have high societal value.  
**Suggestion:** Emphasize the ultimate patient benefit and outline steps to move toward clinical application.

---

**20. Future Research Potential**  
Score: 9/10  
**Explanation:** The hypothesis opens multiple avenues for future research—identifying new drug targets, studying similar mechanisms in other cancers, or exploring other epitranscriptomic marks.  
**Suggestion:** Explicitly outline several concrete follow-up projects and potential collaborations.

---

**Summary Table**

| Criterion                                | Score (/10) |
|-------------------------------------------|-------------|
| 1. Empirical Support                     | 7           |
| 2. Theoretical Coherence                 | 9           |
| 3. Explanatory Power                     | 8           |
| 4. Predictive Capability                 | 8           |
| 5. Falsifiability                        | 9           |
| 6. Parsimony                             | 8           |
| 7. Generalizability                      | 7           |
| 8. Methodological Rigor                  | 8           |
| 9. Innovation                            | 9           |
| 10. Problem-Solving Utility              | 7           |
| 11. Interdisciplinary Impact             | 7           |
| 12. Ethical Considerations               | 6           |
| 13. Scalability                          | 6           |
| 14. Replicability                        | 7           |
| 15. Theoretical Foundation               | 8           |
| 16. Technological Feasibility            | 7           |
| 17. Risk Assessment                      | 5           |
| 18. Sustainability                       | 6           |
| 19. Societal Relevance                   | 8           |
| 20. Future Research Potential            | 9           |

### Metadata

- Generation Type: Refinement
- Parent Idea: 21
- Refinement Count: 0


================================================================================
TIMESTAMP: 2025-05-28 11:12:37
PHASE: Tournament Round 3, ROUND: 3, ELO SCORE: 1190.7
UNIQUE_ID: ccd11eed-8437d658
================================================================================

## Tournament Results (Round 3)

**Rank:** 14 out of 20
**ELO Rating:** 1190.7

### Idea

**Title**: ** Epitranscriptomic mRNA Remodeling in Pancreatic Cancer Stress Granules

**Key Idea**: ** Stress granules in pancreatic cancer serve as hubs for dynamic mRNA modification, promoting dormancy and drug evasion.

**Paragraph 1**: **  
Upon exposure to stress, pancreatic cancer cells assemble stress granules (SGs) that sequester and epitranscriptomically modify mRNAs, particularly via m6A methylation [Barbieri 2017; Anders 2018]. This process stabilizes pro-survival and anti-apoptotic transcripts, fostering a dormant phenotype that enables therapy evasion. The novelty lies in integrating SG biology and epitranscriptomic regulation as a therapeutic resistance mechanism.

**Paragraph 2**: **  
SGs will be isolated from stressed pancreatic cancer cells, with their mRNA content and modifications characterized by m6A-seq and LC-MS/MS. Disruption of SG assembly or m6A machinery (CRISPR/Cas9, chemical inhibitors) will test their role in dormancy and drug resistance, both in vitro and in vivo. Live-cell imaging will monitor real-time changes in mRNA localization and modification.

**Paragraph 3**: **  
The hypothesis is grounded in recent evidence for m6A and SGs in cancer [Barbieri 2017; Anders 2018]. The model is parsimonious and theoretically coherent, explaining dormancy with high explanatory and predictive power. Falsifiability is clear—disrupting SG-m6A axes should sensitize cells. The approach is methodologically robust and innovative, with broad generalizability. Future directions include targeting SG-m6A pathways for therapy.

**Approach**: is methodologically robust and innovative, with broad generalizability. Future directions include targeting SG-m6A pathways for therapy.

**Key References**: ** [Barbieri 2017], [Anders 2018]  
**Refinements:** Enhanced technical detail, emphasized real-time visualization, clarified mechanistic integration.



