IDEA 66 EVOLUTION LOG

================================================================================
TIMESTAMP: 2025-05-28 11:18:07
PHASE: New Idea (Significant Change), ROUND: 4
UNIQUE_ID: 233b7e8b-c3b4fc6a
================================================================================

## New Idea from Significant Change (Round 4)

This idea represents a significant change from Idea 43.

**Title**: ** Isolation of SGs, m6A-seq, CRISPR/chemical disr...

**Approach**: ** Isolation of SGs, m6A-seq, CRISPR/chemical disruption, live-cell imaging, in vivo conditional models.

## Comparison with Original

### Original Idea (ID: 43)

**Title**: ** Generalizable Microbiome-Immune Axis in CNS Tumor Modulation

**Key Idea**: ** Microbiome-derived metabolites alter immune environments in diverse CNS tumors via BBB crossing and immune cell reprogramming.

**Paragraph 1**: **  
Building on the gut-brain-immune axis, this idea posits that gut microbiome metabolites, such as SCFAs and tryptophan derivatives, traverse the BBB and exert immunomodulatory effects across a spectrum of CNS tumors—not just glioma [Colombo 2021; Ma 2022]. This mechanism could underlie patient-to-patient differences in CNS tumor outcomes, offering a unified hypothesis for microbiome influence on brain tumor immunology. The approach is innovative in its broad applicability and mechanistic scope.

**Paragraph 2**: **  
Comparative studies will analyze CSF and tumor tissues from multiple CNS tumor models (glioma, medulloblastoma, metastases) in mice with altered microbiomes. Metabolomic profiling, immune cell phenotyping, and functional assays (e.g., T cell activation, cytokine analysis) will quantify metabolite-driven immune changes. Interventions blocking metabolite transport (pharmacologically or genetically) will test causality. The main challenge is accounting for tumor-type-specific microenvironments while maintaining a generalizable framework.

**Paragraph 3**: **  
Empirical support is strong, and the hypothesis is theoretically coherent, bridging microbiome and neuroimmunology [Colombo 2021; Ma 2022]. Explanatory power is high; predictive capability is robust for immune and therapeutic outcomes. Falsifiability is addressed through metabolite transport blockade. The approach is innovative, methodologically rigorous, and generalizable, with potential to identify microbiome-targeted adjuvants for brain tumor immunotherapy. Future research could focus on patient stratification or personalized microbiome modulation.

**Approach**: is innovative in its broad applicability and mechanistic scope.

**Key References**: ** [Colombo 2021], [Ma 2022]  
**Refinements:** Broadened tumor scope, specified interventions, highlighted generalizability, and clarified innovation.

### Scientific Evaluation

| Criterion | Score |
|---|---:|
| Empirical Support | 5.0/10 |
| Theoretical Coherence | 7.0/10 |
| Explanatory Power | 6.0/10 |
| Predictive Capability | 5.0/10 |
| Falsifiability | 7.0/10 |
| Parsimony | 6.0/10 |
| Generalizability | 5.0/10 |
| Methodological Rigor | 8.0/10 |
| Innovation | 9.0/10 |
| Problem-Solving Utility | 6.0/10 |
| Interdisciplinary Impact | 8.0/10 |
| Ethical Considerations | 7.0/10 |
| Scalability | 6.0/10 |
| Replicability | 7.0/10 |
| Theoretical Foundation | 6.0/10 |
| Technological Feasibility | 8.0/10 |
| Risk Assessment | 6.0/10 |
| Sustainability | 5.0/10 |
| Societal Relevance | 7.0/10 |
| Future Research Potential | 9.0/10 |

### Detailed Evaluation

Certainly! Here is the detailed evaluation of the provided research idea ("Isolation of SGs, m6A-seq, CRISPR/chemical disruption, live-cell imaging, in vivo conditional models") against the 20 specified scientific criteria, each with a score, explanation, and suggestions for improvement:

---

### 1. Empirical Support  
**Score: 5/10**  
**Explanation:** The methods (m6A-seq, CRISPR, live-cell imaging, etc.) are well-supported in the literature, but the specific hypothesis regarding stress granules (SGs) and m6A modifications in cancer is not yet strongly empirically grounded.  
**Suggestions:** Reference any preliminary data or closely related studies linking SGs/m6A to cancer; propose pilot experiments to gather foundational evidence.

---

### 2. Theoretical Coherence  
**Score: 7/10**  
**Explanation:** The approach is logically consistent if SGs and m6A modifications are theorized to contribute to cancer pathogenesis. The integration of multiple methods is coherent, though the central hypothesis should be more explicitly articulated.  
**Suggestions:** Clearly define the mechanistic hypothesis connecting SGs, m6A, and cancer; provide a conceptual framework or diagram.

---

### 3. Explanatory Power  
**Score: 6/10**  
**Explanation:** The idea has potential to explain cancer cell resilience or adaptation via SG/m6A pathways but lacks detailed mechanisms or specific cancer phenotypes it would explain.  
**Suggestions:** Specify which cancer phenomena (e.g., therapy resistance, metastasis) the hypothesis aims to explain.

---

### 4. Predictive Capability  
**Score: 5/10**  
**Explanation:** The approach could yield testable predictions, but these are not explicitly stated in the proposal.  
**Suggestions:** Formulate clear, falsifiable predictions about how disrupting SGs or m6A will affect cancer cell behavior.

---

### 5. Falsifiability  
**Score: 7/10**  
**Explanation:** The use of CRISPR and chemical disruption allows for direct testing and potential refutation of the hypothesis.  
**Suggestions:** Define clear negative outcomes that would disprove the hypothesis; outline key experiments.

---

### 6. Parsimony  
**Score: 6/10**  
**Explanation:** The approach is somewhat complex, involving multiple methods and models, which may reduce elegance but increase thoroughness.  
**Suggestions:** Streamline methods or focus on the most informative experiments for initial studies.

---

### 7. Generalizability  
**Score: 5/10**  
**Explanation:** The findings may generalize to cancers with similar stress adaptation mechanisms but could be limited if specific to certain cancer types.  
**Suggestions:** Test across multiple difficult-to-treat cancer models; justify choice of models.

---

### 8. Methodological Rigor  
**Score: 8/10**  
**Explanation:** The use of advanced techniques (CRISPR, m6A-seq, live-cell imaging) indicates high rigor if properly implemented.  
**Suggestions:** Include controls and validation steps; detail statistical methods for analysis.

---

### 9. Innovation  
**Score: 9/10**  
**Explanation:** Investigating SGs and m6A in cancer with this comprehensive toolkit is highly novel and largely unexplored.  
**Suggestions:** Highlight how this differs from existing literature and what new insights could emerge.

---

### 10. Problem-Solving Utility  
**Score: 6/10**  
**Explanation:** The approach could yield new therapeutic targets, but practical application is yet to be demonstrated.  
**Suggestions:** Outline a translational pathway from discovery to therapy.

---

### 11. Interdisciplinary Impact  
**Score: 8/10**  
**Explanation:** The study bridges molecular biology, epigenetics, cancer research, and live imaging—strong interdisciplinary relevance.  
**Suggestions:** Engage collaborators from different relevant fields (bioinformatics, pharmacology).

---

### 12. Ethical Considerations  
**Score: 7/10**  
**Explanation:** Standard ethical concerns for in vivo models and gene editing apply; no major new concerns anticipated.  
**Suggestions:** Ensure rigorous ethical review and consider alternatives to animal models where possible.

---

### 13. Scalability  
**Score: 6/10**  
**Explanation:** Methods are scalable in the lab but may face challenges for high-throughput screening or clinical translation.  
**Suggestions:** Plan for miniaturized or automated versions of key assays.

---

### 14. Replicability  
**Score: 7/10**  
**Explanation:** If protocols are well-defined, results should be replicable across labs, though biological variability may be an issue.  
**Suggestions:** Publish detailed protocols and include replication in experimental design.

---

### 15. Theoretical Foundation  
**Score: 6/10**  
**Explanation:** The roles of SGs and m6A in cell biology are established, but links to cancer remain speculative and not yet well-founded.  
**Suggestions:** Build on related studies in stress response and RNA modification in cancer.

---

### 16. Technological Feasibility  
**Score: 8/10**  
**Explanation:** All proposed techniques are feasible with current technology in well-equipped labs.  
**Suggestions:** Ensure access to necessary equipment and technical expertise.

---

### 17. Risk Assessment  
**Score: 6/10**  
**Explanation:** Risks include technical challenges, biological complexity, and possible lack of effect.  
**Suggestions:** Identify potential bottlenecks and propose mitigation strategies.

---

### 18. Sustainability  
**Score: 5/10**  
**Explanation:** High resource demands could limit long-term viability unless streamlined; reagent and animal use should be considered.  
**Suggestions:** Optimize protocols for efficiency and minimize animal use.

---

### 19. Societal Relevance  
**Score: 7/10**  
**Explanation:** Potential to impact cancer diagnosis and treatment, addressing major societal needs.  
**Suggestions:** Clarify anticipated benefits for patients and healthcare systems.

---

### 20. Future Research Potential  
**Score: 9/10**  
**Explanation:** The approach is likely to open new research avenues in cancer biology and RNA regulation.  
**Suggestions:** Outline possible follow-up studies and applications in other diseases.

---

**Summary**:  
This idea is very innovative, employs rigorous and technologically advanced methods, and is poised to generate significant new knowledge and research avenues. Its main weaknesses are the speculative nature of the central hypothesis and the need for clearer articulation of predictions, scalability, and translational steps. Addressing these will strengthen its experimental and practical impact.

### Metadata

- Generation Type: New (Significant Change)
- Parent Idea: 43
- Created as new idea due to significant change


================================================================================
TIMESTAMP: 2025-05-28 11:24:52
PHASE: Tournament Round 4, ROUND: 4, ELO SCORE: 1237.5
UNIQUE_ID: 233b7e8b-c3b4fc6a
================================================================================

## Tournament Results (Round 4)

**Rank:** 7 out of 19
**ELO Rating:** 1237.5

### Idea

**Title**: ** Isolation of SGs, m6A-seq, CRISPR/chemical disr...

**Approach**: ** Isolation of SGs, m6A-seq, CRISPR/chemical disruption, live-cell imaging, in vivo conditional models.



