IDEA 61 EVOLUTION LOG

================================================================================
TIMESTAMP: 2025-05-28 11:15:58
PHASE: Evolution, ROUND: 4
UNIQUE_ID: e38b2c20-003eb5e8
================================================================================

## Refined Idea (Round 4)

**Title**: ### REFINED AND STRENGTHENED IDEAS

**Key Idea**: ** Specialized ribosome isoforms in melanoma selectively promote translation of pro-survival transcripts, constituting a core axis of therapy resistance.

**Approach**: is falsifiable, generalizable to other cancers, and methodologically rigorous via multi-level validation. Innovation lies in targeting ribosome isoform regulation, with future potential for the development of isoform-specific ribosome inhibitors [Simsek 2017].

## Comparison with Original

### Original Idea (ID: 45)

**Title**: ** Ribosome Specialization in Melanoma Drug Resistance

**Key Idea**: ** Specialized ribosome variants in melanoma selectively translate pro-survival transcripts, driving therapy resistance.

**Paragraph 1**: **  
Emerging evidence indicates that ribosomes can vary in their protein and rRNA composition, producing "specialized ribosomes" that preferentially translate specific mRNA subsets [Shi 2017; Genuth 2018]. This idea hypothesizes that resistant melanoma cells upregulate specific ribosomal proteins or rRNA modifications to bias translation toward survival-promoting genes, establishing a new axis of drug resistance. The model is novel in targeting ribosome heterogeneity as a resistance mechanism.

**Paragraph 2**: **  
Ribosome profiling and quantitative proteomics will compare resistant and sensitive melanoma lines. CRISPR/Cas9 editing will disrupt candidate specialized ribosomal proteins (e.g., RPL38, RPS25) to assess necessity for resistance. Polysome fractionation and RNA-seq will identify selectively translated mRNAs. In vivo, resistant melanoma models will be engineered to express or silence specialized ribosomal components, testing effects on therapy response. Distinguishing causality versus correlation is the primary challenge, addressed via functional gain- and loss-of-function studies.

**Paragraph 3**: **  
The hypothesis is supported by studies on ribosomal heterogeneity in cancer [Mills 2017]. It is theoretically coherent, adding translational control as a drug resistance layer. Explanatory and predictive power are strong—loss of specialized ribosomes should sensitize cells. The approach is falsifiable and generalizable to other resistant cancers. Methodological rigor is ensured by multi-level validation. The innovation lies in targeting ribosome specialization, with future potential for small-molecule therapeutics.

**Approach**: is falsifiable and generalizable to other resistant cancers. Methodological rigor is ensured by multi-level validation. The innovation lies in targeting ribosome specialization, with future potential for small-molecule therapeutics.

**Key References**: ** [Shi 2017], [Genuth 2018], [Mills 2017]  
**Refinements:** Clarified ribosome specialization targets, expanded in vivo approach, emphasized causality testing, added citation for ribosomal heterogeneity.

### Scientific Evaluation

| Criterion | Score |
|---|---:|
| Empirical Support | 4.0/10 |
| Theoretical Coherence | 8.0/10 |
| Explanatory Power | 7.0/10 |
| Predictive Capability | 7.0/10 |
| Falsifiability | 8.0/10 |
| Parsimony | 6.0/10 |
| Generalizability | 7.0/10 |
| Methodological Rigor | 8.0/10 |
| Innovation | 9.0/10 |
| Problem-Solving Utility | 7.0/10 |
| Interdisciplinary Impact | 8.0/10 |
| Ethical Considerations | 7.0/10 |
| Scalability | 6.0/10 |
| Replicability | 7.0/10 |
| Theoretical Foundation | 6.0/10 |
| Technological Feasibility | 7.0/10 |
| Risk Assessment | 5.0/10 |
| Sustainability | 6.0/10 |
| Societal Relevance | 8.0/10 |
| Future Research Potential | 9.0/10 |

### Detailed Evaluation

Certainly! Below is the evaluation of your research idea—“Specialized ribosome isoforms in melanoma selectively promote translation of pro-survival transcripts, constituting a core axis of therapy resistance”—against the 20 scientific criteria, with score, reasoning, and concrete suggestions for each.

---

### Criterion 1 (Empirical Support)
**Score: 4/10**  
**Rationale:** The idea is inspired by recent work (e.g., Simsek 2017) demonstrating the existence of ribosome heterogeneity, but direct evidence for specialized ribosome isoforms driving therapy resistance in melanoma is lacking or extremely sparse.  
**Suggestion:** Strengthen by citing more preliminary data (e.g., ribosome profiling in resistant melanoma samples) or generating pilot omics data to support feasibility.

---

### Criterion 2 (Theoretical Coherence)
**Score: 8/10**  
**Rationale:** The concept is logically consistent: if ribosome isoforms exist and differ functionally, it follows they could regulate selective translation, impacting cancer phenotypes.  
**Suggestion:** Detailed mechanistic models (e.g., how isoform switching is regulated under therapeutic pressure) could further clarify the hypothesis.

---

### Criterion 3 (Explanatory Power)
**Score: 7/10**  
**Rationale:** The hypothesis could explain why certain melanomas resist therapy despite targeting canonical pathways, by implicating translational selectivity.  
**Suggestion:** Include explicit links to observed clinical phenomena (e.g., transcriptomic shifts in resistant tumors) to enhance explanatory depth.

---

### Criterion 4 (Predictive Capability)
**Score: 7/10**  
**Rationale:** The hypothesis makes testable predictions (e.g., presence of specific ribosome isoforms in resistant tumors, changes in translation of pro-survival genes).  
**Suggestion:** Formulate clear, falsifiable predictions (e.g., knockdown of isoform X reduces resistance) to operationalize hypothesis tests.

---

### Criterion 5 (Falsifiability)
**Score: 8/10**  
**Rationale:** The idea is falsifiable; negative results from ribosome profiling or isoform-targeted interventions would disprove the hypothesis.  
**Suggestion:** Design robust negative controls and define clear criteria for falsification in the experimental plan.

---

### Criterion 6 (Parsimony)
**Score: 6/10**  
**Rationale:** The model introduces new complexity (ribosome isoforms) beyond canonical explanations, but does so to address an unexplained phenomenon.  
**Suggestion:** Streamline by focusing on the minimal number of isoforms or mechanisms necessary to explain resistance.

---

### Criterion 7 (Generalizability)
**Score: 7/10**  
**Rationale:** The concept could plausibly apply to other cancers with therapy resistance, though evidence so far is limited to melanoma.  
**Suggestion:** Articulate a plan for extending findings to other difficult-to-treat cancers (e.g., pancreatic, glioblastoma).

---

### Criterion 8 (Methodological Rigor)
**Score: 8/10**  
**Rationale:** Multi-level validation (profiling, functional assays, inhibitors) is rigorous and feasible with current technology.  
**Suggestion:** Specify state-of-the-art methods for ribosome isoform detection and functional validation in the proposal.

---

### Criterion 9 (Innovation)
**Score: 9/10**  
**Rationale:** The idea is highly original; ribosome isoform targeting is a novel and underexplored axis in cancer biology.  
**Suggestion:** Emphasize aspects that are not just incremental advances but represent new paradigms in translational control.

---

### Criterion 10 (Problem-Solving Utility)
**Score: 7/10**  
**Rationale:** If validated, targeting ribosome isoforms could provide new therapeutic angles for therapy-resistant melanoma.  
**Suggestion:** Discuss possible routes to drug development, and how specificity for isoforms could avoid toxicity.

---

### Criterion 11 (Interdisciplinary Impact)
**Score: 8/10**  
**Rationale:** The idea bridges molecular oncology, structural biology, pharmacology, and systems biology.  
**Suggestion:** Highlight collaboration opportunities (e.g., with chemists for inhibitor design, bioinformaticians for isoform analysis).

---

### Criterion 12 (Ethical Considerations)
**Score: 7/10**  
**Rationale:** Standard ethical issues apply (e.g., patient-derived samples, animal models), but no unusual risks identified.  
**Suggestion:** Address off-target effects and the potential for ribosome-targeted therapies to impact normal tissues.

---

### Criterion 13 (Scalability)
**Score: 6/10**  
**Rationale:** Detection and targeting of ribosome isoforms may be technically challenging at scale, especially in clinical settings.  
**Suggestion:** Develop high-throughput, clinically compatible assays for isoform identification.

---

### Criterion 14 (Replicability)
**Score: 7/10**  
**Rationale:** Methods (e.g., ribosome profiling, CRISPR screens) are reproducible, but isoform-specific reagents may be limiting.  
**Suggestion:** Share protocols and develop community resources for isoform detection.

---

### Criterion 15 (Theoretical Foundation)
**Score: 6/10**  
**Rationale:** The theoretical basis for ribosome heterogeneity is emerging but not yet deeply established in cancer biology.  
**Suggestion:** Further ground the hypothesis in the growing literature on specialized translation and ribosome diversity.

---

### Criterion 16 (Technological Feasibility)
**Score: 7/10**  
**Rationale:** Recent advances (mass spec, profiling) make this feasible, but detection of rare isoforms and development of selective inhibitors are challenging.  
**Suggestion:** Explore collaborations with technology developers and invest in isoform-selective tool creation.

---

### Criterion 17 (Risk Assessment)
**Score: 5/10**  
**Rationale:** High risk of negative or ambiguous results; ribosome isoform function in therapy resistance is unproven.  
**Suggestion:** Design parallel projects to de-risk (e.g., basic characterization before functional testing).

---

### Criterion 18 (Sustainability)
**Score: 6/10**  
**Rationale:** Resource-intensive (omics, animal models, drug development), but potential for high impact justifies investment.  
**Suggestion:** Plan for scalable, resource-efficient validation pipelines and consider long-term translational implications.

---

### Criterion 19 (Societal Relevance)
**Score: 8/10**  
**Rationale:** Addresses a critical unmet need in cancer therapy resistance, with high potential impact if successful.  
**Suggestion:** Outline translational steps toward clinical impact and patient benefit.

---

### Criterion 20 (Future Research Potential)
**Score: 9/10**  
**Rationale:** Opens up a new field of investigation in cancer biology and translational control, with many follow-up questions.  
**Suggestion:** Map out future research directions (e.g., isoform roles in other cancers, non-cancer diseases).

---

**Overall:**  
This is a highly novel, ambitious, and methodologically sound hypothesis, albeit with significant empirical and technological challenges. By strengthening preliminary data, clarifying mechanisms, and planning for risk, this project could open new frontiers in cancer research.

### Metadata

- Generation Type: Refinement
- Parent Idea: 45
- Refinement Count: 0


================================================================================
TIMESTAMP: 2025-05-28 11:24:52
PHASE: Tournament Round 4, ROUND: 4, ELO SCORE: 1257.9
UNIQUE_ID: e38b2c20-003eb5e8
================================================================================

## Tournament Results (Round 4)

**Rank:** 4 out of 19
**ELO Rating:** 1257.9

### Idea

**Title**: ### REFINED AND STRENGTHENED IDEAS

**Key Idea**: ** Specialized ribosome isoforms in melanoma selectively promote translation of pro-survival transcripts, constituting a core axis of therapy resistance.

**Approach**: is falsifiable, generalizable to other cancers, and methodologically rigorous via multi-level validation. Innovation lies in targeting ribosome isoform regulation, with future potential for the development of isoform-specific ribosome inhibitors [Simsek 2017].



