IDEA 58 EVOLUTION LOG

================================================================================
TIMESTAMP: 2025-05-28 11:10:02
PHASE: New Idea (Significant Change), ROUND: 3
UNIQUE_ID: 9d8fc04f-781e9103
================================================================================

## New Idea from Significant Change (Round 3)

This idea represents a significant change from Idea 32.

**Title**: ** Targeting Cancer Resistance via Ribosome Subtype Inhibition

**Key Idea**: ** Cancer therapy resistance is driven by ribosomal heterogeneity, which can be targeted via subtype-specific inhibitors.

**Paragraph 1**: **  
Ribosomal heterogeneity underlies selective translation of resistance-promoting genes in cancer [Mills 2017]. This idea proposes that small molecules targeting specific ribosome subtypes can re-sensitize resistant tumors. The novelty is in the therapeutic targeting of translational machinery heterogeneity.

**Paragraph 2**: **  
Ribosome profiling and proteomics will map ribosome subtype composition in resistant cancers. High-throughput screening will identify inhibitors of candidate ribosome subtypes. Functional validation will be performed in vitro and in xenograft models.

**Paragraph 3**: **  
Supported by ribosomal heterogeneity evidence [Mills 2017], the model is theoretically sound, falsifiable, and innovative. The approach is generalizable and methodologically robust, with future drug development potential.

**Approach**: is generalizable and methodologically robust, with future drug development potential.

**Key References**: ** [Mills 2017]  
**Refinements:** Emphasized inhibitor screening, clarified therapeutic focus.

## Comparison with Original

### Original Idea (ID: 32)

**Title**: is moderately parsimonious, generalizable to other...

**Paragraph 3**: ** The idea is empirically supported by findings of ribosomal heterogeneity in cancer [Mills 2017]. Theoretically, it adds a new regulatory layer to resistance, with strong explanatory and predictive power for therapy outcomes. Falsifiability is ensured via loss/gain-of-function assays. The approach is moderately parsimonious, generalizable to other cancers with therapy resistance, and methodologically robust. Innovation is high due to the focus on ribosome specialization as a resistance driver. Future studies could screen for small molecules targeting these specialized ribosome subsets.

**Approach**: is moderately parsimonious, generalizable to other cancers with therapy resistance, and methodologically robust. Innovation is high due to the focus on ribosome specialization as a resistance driver. Future studies could screen for small molecules targeting these specialized ribosome subsets.

### Scientific Evaluation

| Criterion | Score |
|---|---:|
| Empirical Support | 6.0/10 |
| Theoretical Coherence | 8.0/10 |
| Explanatory Power | 7.0/10 |
| Predictive Capability | 7.0/10 |
| Falsifiability | 9.0/10 |
| Parsimony | 6.0/10 |
| Generalizability | 8.0/10 |
| Methodological Rigor | 8.0/10 |
| Innovation | 9.0/10 |
| Problem-Solving Utility | 7.0/10 |
| Interdisciplinary Impact | 8.0/10 |
| Ethical Considerations | 6.0/10 |
| Scalability | 7.0/10 |
| Replicability | 7.0/10 |
| Theoretical Foundation | 7.0/10 |
| Technological Feasibility | 6.0/10 |
| Risk Assessment | 5.0/10 |
| Sustainability | 6.0/10 |
| Societal Relevance | 8.0/10 |
| Future Research Potential | 9.0/10 |

### Detailed Evaluation

Certainly! Here is the comprehensive evaluation of the proposed research idea against the 20 scientific criteria:

---

**Criterion 1: Empirical Support**  
Score: 6/10  
**Rationale:** There is some emerging evidence (e.g., [Mills 2017]) that ribosomal heterogeneity exists and may play a role in cancer, but direct evidence linking ribosome subtypes to therapy resistance and their druggability is limited.  
**Suggestions:** Strengthen empirical support by referencing additional studies or generating preliminary data demonstrating that ribosome subtypes are functionally linked to resistance in hard-to-treat cancers.

---

**Criterion 2: Theoretical Coherence**  
Score: 8/10  
**Rationale:** The idea is logically structured—heterogeneous ribosomes selectively translate resistance genes, and inhibiting these could resensitize tumors.  
**Suggestions:** Elaborate on the mechanistic basis for how specific ribosome subtypes drive resistance, possibly incorporating models or diagrams to clarify the logic.

---

**Criterion 3: Explanatory Power**  
Score: 7/10  
**Rationale:** The hypothesis could explain why some tumors are resistant to therapy, offering a new angle for understanding cancer biology.  
**Suggestions:** Specify which resistance mechanisms or genes are hypothesized to be regulated by ribosome subtypes in particular cancer types.

---

**Criterion 4: Predictive Capability**  
Score: 7/10  
**Rationale:** The hypothesis is testable—if ribosome subtype inhibition works, resistant cancers should become sensitive.  
**Suggestions:** Outline specific, measurable predictions (e.g., changes in translation of resistance genes upon inhibition) and how they would be tested.

---

**Criterion 5: Falsifiability**  
Score: 9/10  
**Rationale:** The idea is clearly falsifiable—if inhibiting ribosome subtypes does not affect resistance, the hypothesis is disproved.  
**Suggestions:** Define clear criteria for falsification and include negative controls.

---

**Criterion 6: Parsimony**  
Score: 6/10  
**Rationale:** The idea introduces a new layer of complexity (ribosome heterogeneity) but is still relatively straightforward.  
**Suggestions:** Simplify by focusing on the most relevant ribosome subtypes and cancer types for the initial studies.

---

**Criterion 7: Generalizability**  
Score: 8/10  
**Rationale:** The approach could potentially apply to multiple cancers and resistance contexts.  
**Suggestions:** Discuss applicability to a range of cancers and whether ribosome heterogeneity is common across them.

---

**Criterion 8: Methodological Rigor**  
Score: 8/10  
**Rationale:** The plan employs state-of-the-art techniques (ribosome profiling, proteomics, high-throughput screening, xenograft models).  
**Suggestions:** Include details on controls, replicates, and validation steps to bolster rigor.

---

**Criterion 9: Innovation**  
Score: 9/10  
**Rationale:** Targeting ribosome subtypes for therapy resistance is highly novel and not present in current literature.  
**Suggestions:** Highlight what distinguishes this from prior work on protein synthesis inhibitors or translational control.

---

**Criterion 10: Problem-Solving Utility**  
Score: 7/10  
**Rationale:** If successful, this could address a core challenge in oncology—therapy resistance.  
**Suggestions:** Clarify anticipated therapeutic benefits (e.g., improved survival, reduced recurrence).

---

**Criterion 11: Interdisciplinary Impact**  
Score: 8/10  
**Rationale:** The idea bridges molecular biology, pharmacology, and cancer research, with relevance for drug development and systems biology.  
**Suggestions:** Identify additional fields (e.g., structural biology, computational biology) that could contribute.

---

**Criterion 12: Ethical Considerations**  
Score: 6/10  
**Rationale:** Standard ethical issues apply for preclinical cancer research; no major new ethical concerns.  
**Suggestions:** Consider potential off-target effects and toxicity of ribosome inhibition, and address these in the research plan.

---

**Criterion 13: Scalability**  
Score: 7/10  
**Rationale:** High-throughput screening and profiling are scalable, but translation to clinical trials may be challenging.  
**Suggestions:** Discuss scalability from lab to clinic and potential bottlenecks.

---

**Criterion 14: Replicability**  
Score: 7/10  
**Rationale:** Methods are standard and should be reproducible if well-documented.  
**Suggestions:** Specify protocols and encourage sharing of datasets and inhibitors.

---

**Criterion 15: Theoretical Foundation**  
Score: 7/10  
**Rationale:** Grounded in emerging science (ribosome heterogeneity), but more foundational studies are needed.  
**Suggestions:** Connect to broader theories of translational control and cellular adaptation in cancer.

---

**Criterion 16: Technological Feasibility**  
Score: 6/10  
**Rationale:** Ribosome profiling and high-throughput screening are established, but developing specific inhibitors for ribosome subtypes may be technically difficult.  
**Suggestions:** Consider alternative approaches (e.g., antisense oligos, RNAi) for initial validation and discuss feasibility challenges.

---

**Criterion 17: Risk Assessment**  
Score: 5/10  
**Rationale:** There are considerable risks—ribosomes are essential, and off-target toxicity could be high.  
**Suggestions:** Propose strategies for minimizing toxicity and monitoring cellular side effects.

---

**Criterion 18: Sustainability**  
Score: 6/10  
**Rationale:** Resource and cost requirements are moderate for discovery, but long-term sustainability depends on success in minimizing toxicity.  
**Suggestions:** Plan for resource-efficient screening and consider long-term effects of ribosome inhibition.

---

**Criterion 19: Societal Relevance**  
Score: 8/10  
**Rationale:** High translational potential; could benefit patients with otherwise untreatable cancers.  
**Suggestions:** Engage patient advocacy groups and consider access/equity issues in future development.

---

**Criterion 20: Future Research Potential**  
Score: 9/10  
**Rationale:** Opens new avenues in cancer biology, drug discovery, and basic ribosome science.  
**Suggestions:** Outline follow-up studies (e.g., exploring ribosome heterogeneity in other diseases) and synergistic research directions.

---

**Summary Table of Scores:**
1. Empirical Support: 6/10  
2. Theoretical Coherence: 8/10  
3. Explanatory Power: 7/10  
4. Predictive Capability: 7/10  
5. Falsifiability: 9/10  
6. Parsimony: 6/10  
7. Generalizability: 8/10  
8. Methodological Rigor: 8/10  
9. Innovation: 9/10  
10. Problem-Solving Utility: 7/10  
11. Interdisciplinary Impact: 8/10  
12. Ethical Considerations: 6/10  
13. Scalability: 7/10  
14. Replicability: 7/10  
15. Theoretical Foundation: 7/10  
16. Technological Feasibility: 6/10  
17. Risk Assessment: 5/10  
18. Sustainability: 6/10  
19. Societal Relevance: 8/10  
20. Future Research Potential: 9/10

Let me know if you need a condensed version or a comparative evaluation with another idea.

### Metadata

- Generation Type: New (Significant Change)
- Parent Idea: 32
- Created as new idea due to significant change


================================================================================
TIMESTAMP: 2025-05-28 11:12:37
PHASE: Tournament Round 3, ROUND: 3, ELO SCORE: 1178.6
UNIQUE_ID: 9d8fc04f-781e9103
================================================================================

## Tournament Results (Round 3)

**Rank:** 18 out of 20
**ELO Rating:** 1178.6

### Idea

**Title**: ** Targeting Cancer Resistance via Ribosome Subtype Inhibition

**Key Idea**: ** Cancer therapy resistance is driven by ribosomal heterogeneity, which can be targeted via subtype-specific inhibitors.

**Paragraph 1**: **  
Ribosomal heterogeneity underlies selective translation of resistance-promoting genes in cancer [Mills 2017]. This idea proposes that small molecules targeting specific ribosome subtypes can re-sensitize resistant tumors. The novelty is in the therapeutic targeting of translational machinery heterogeneity.

**Paragraph 2**: **  
Ribosome profiling and proteomics will map ribosome subtype composition in resistant cancers. High-throughput screening will identify inhibitors of candidate ribosome subtypes. Functional validation will be performed in vitro and in xenograft models.

**Paragraph 3**: **  
Supported by ribosomal heterogeneity evidence [Mills 2017], the model is theoretically sound, falsifiable, and innovative. The approach is generalizable and methodologically robust, with future drug development potential.

**Approach**: is generalizable and methodologically robust, with future drug development potential.

**Key References**: ** [Mills 2017]  
**Refinements:** Emphasized inhibitor screening, clarified therapeutic focus.



