IDEA 99 EVOLUTION LOG

================================================================================
TIMESTAMP: 2025-05-28 11:35:24
PHASE: Evolution, ROUND: 5
UNIQUE_ID: b6480c3a-131d30a6
================================================================================

## Refined Idea (Round 5)

**Title**: Untitled Idea

**Key References**: ** [Simsek 2017], [Shi 2017], [Mills 2017], [Genuth 2018]

## Comparison with Original

### Original Idea (ID: 63)

**Title**: Untitled Idea

**Key References**: ** [Shi 2017], [Genuth 2018], [Mills 2017], [Simsek 2017]

### Scientific Evaluation

| Criterion | Score |
|---|---:|
| Empirical Support | 1.0/10 |
| Theoretical Coherence | 1.0/10 |
| Explanatory Power | 1.0/10 |
| Predictive Capability | 1.0/10 |
| Falsifiability | 1.0/10 |
| Parsimony | 1.0/10 |
| Generalizability | 1.0/10 |
| Methodological Rigor | 1.0/10 |
| Innovation | 1.0/10 |
| Problem-Solving Utility | 1.0/10 |
| Interdisciplinary Impact | 1.0/10 |
| Ethical Considerations | 1.0/10 |
| Scalability | 1.0/10 |
| Replicability | 1.0/10 |
| Theoretical Foundation | 1.0/10 |
| Technological Feasibility | 1.0/10 |
| Risk Assessment | 1.0/10 |
| Sustainability | 1.0/10 |
| Societal Relevance | 1.0/10 |
| Future Research Potential | 1.0/10 |

### Detailed Evaluation

Certainly! However, the **idea to evaluate** is listed only as "**Untitled Idea**" with references but **no content or hypothesis is described**. Without the actual content of the research idea, it is not possible to perform a meaningful evaluation against the requested scientific criteria.

**If you provide the text of the research hypothesis or idea**, I will be able to evaluate it in detail as requested.

---

**For demonstration purposes,** I will proceed to evaluate the "Untitled Idea" as a placeholder (i.e., the absence of an idea), using all 20 criteria, with explanations and suggestions focused on the lack of provided content.

---

### 1. Empirical Support
**Score: 1/10**  
*Explanation*: No hypothesis or idea is provided, so there is no empirical support to assess.  
*Suggestion*: Clearly articulate the research hypothesis and indicate how it connects to existing data or findings.

---

### 2. Theoretical Coherence
**Score: 1/10**  
*Explanation*: No theoretical framework or explanation is present.  
*Suggestion*: Provide a logically consistent explanation for the proposed mechanism or hypothesis.

---

### 3. Explanatory Power
**Score: 1/10**  
*Explanation*: No idea is presented, so it cannot explain any phenomena.  
*Suggestion*: Describe what the hypothesis seeks to explain, especially in relation to difficult cancers.

---

### 4. Predictive Capability
**Score: 1/10**  
*Explanation*: No testable predictions can be derived without a hypothesis.  
*Suggestion*: Formulate testable predictions that follow from your hypothesis.

---

### 5. Falsifiability
**Score: 1/10**  
*Explanation*: Without a statement, there is nothing to potentially falsify.  
*Suggestion*: Ensure your hypothesis is structured so it can be proven wrong by experimental data.

---

### 6. Parsimony
**Score: 1/10**  
*Explanation*: Simplicity cannot be evaluated in the absence of content.  
*Suggestion*: Strive for clarity and simplicity in expressing your hypothesis.

---

### 7. Generalizability
**Score: 1/10**  
*Explanation*: No scope is defined to assess generalizability.  
*Suggestion*: Specify the cancers or contexts to which your idea might apply, and justify broader relevance.

---

### 8. Methodological Rigor
**Score: 1/10**  
*Explanation*: No research plan or methods are outlined.  
*Suggestion*: Propose a clear methodological approach for experimental validation.

---

### 9. Innovation
**Score: 1/10**  
*Explanation*: With no content, originality cannot be determined.  
*Suggestion*: Explicitly state what makes your idea novel and distinct from prior literature.

---

### 10. Problem-Solving Utility
**Score: 1/10**  
*Explanation*: No solutions or applications are discussed.  
*Suggestion*: Show how your hypothesis might address challenges in hard-to-treat cancers.

---

### 11. Interdisciplinary Impact
**Score: 1/10**  
*Explanation*: No interdisciplinary connections can be made without content.  
*Suggestion*: Identify how your idea bridges fields (e.g., molecular biology, immunology, AI).

---

### 12. Ethical Considerations
**Score: 1/10**  
*Explanation*: Ethical aspects cannot be addressed without knowing the proposal.  
*Suggestion*: Discuss ethical risks and how they would be managed.

---

### 13. Scalability
**Score: 1/10**  
*Explanation*: No description of approach, so scalability is unknown.  
*Suggestion*: Address whether your methods or discoveries can be applied at larger scales.

---

### 14. Replicability
**Score: 1/10**  
*Explanation*: No experimental plan is outlined to assess replicability.  
*Suggestion*: Design experiments that others can reproduce.

---

### 15. Theoretical Foundation
**Score: 1/10**  
*Explanation*: No foundation or relevant literature is referenced beyond the list of citations.  
*Suggestion*: Tie your idea directly to theoretical principles and relevant prior findings.

---

### 16. Technological Feasibility
**Score: 1/10**  
*Explanation*: No technology or feasibility discussion is present.  
*Suggestion*: Assess whether your proposed experiments are technically and practically feasible.

---

### 17. Risk Assessment
**Score: 1/10**  
*Explanation*: No risks or limitations can be identified.  
*Suggestion*: Analyze potential pitfalls, risks, or weaknesses in your proposal.

---

### 18. Sustainability
**Score: 1/10**  
*Explanation*: No information on resources or long-term viability.  
*Suggestion*: Address resource requirements and the sustainability of your approach.

---

### 19. Societal Relevance
**Score: 1/10**  
*Explanation*: No societal impact can be gauged from an absent idea.  
*Suggestion*: Explain how your research could improve cancer care or public health.

---

### 20. Future Research Potential
**Score: 1/10**  
*Explanation*: Without a hypothesis, no new research directions are suggested.  
*Suggestion*: Indicate how your work could open new avenues for research.

---

**Summary:**  
*No evaluation is possible without a clearly stated research hypothesis or idea. Please provide a detailed description of your proposed hypothesis for a meaningful assessment across these criteria.*

### Metadata

- Generation Type: Refinement
- Parent Idea: 63
- Refinement Count: 0


================================================================================
TIMESTAMP: 2025-05-28 11:36:30
PHASE: Tournament Round 5, ROUND: 5, ELO SCORE: 1057.7
UNIQUE_ID: b6480c3a-131d30a6
================================================================================

## Tournament Results (Round 5)

**Rank:** 19 out of 20
**ELO Rating:** 1057.7

### Idea

**Title**: Untitled Idea

**Key References**: ** [Simsek 2017], [Shi 2017], [Mills 2017], [Genuth 2018]



