IDEA 63 EVOLUTION LOG

================================================================================
TIMESTAMP: 2025-05-28 11:16:44
PHASE: Evolution, ROUND: 4
UNIQUE_ID: bc7309c4-d9af25b9
================================================================================

## Refined Idea (Round 4)

**Title**: Untitled Idea

**Key References**: ** [Shi 2017], [Genuth 2018], [Mills 2017], [Simsek 2017]

## Comparison with Original

### Original Idea (ID: 41)

**Title**: ** Microbiome-Derived Metabolite Transfer in Brain Tumor Immunity

**Key Idea**: ** Gut microbiome metabolites cross the blood-brain barrier (BBB) to alter brain tumor immune microenvironments, affecting tumor progression.

**Paragraph 1**: **  
Recent discoveries in the gut-brain axis reveal that microbiome-derived metabolites, notably short-chain fatty acids (SCFAs) and aromatic compounds, can traverse the BBB and modulate central nervous system (CNS) immunity [Colombo 2021; Ma 2022; D’Alessandro 2020]. This idea postulates that specific gut flora metabolites accumulate within brain tumor tissue, directly influencing immune cell infiltration and phenotype. The novelty is the mechanistic linkage between peripheral microbiome metabolism and the immune milieu of CNS tumors, providing a non-invasive axis for modulating tumor progression or therapy response.

**Paragraph 2**: **  
To investigate, untargeted metabolomics will identify microbiome-derived metabolites present in cerebrospinal fluid (CSF) and brain tumor tissue from murine models with altered gut flora (germ-free, antibiotic-treated, or fecal microbiota transplant recipients). Brain tumor growth and immune parameters (infiltration, activation, exhaustion) will be quantified using flow cytometry and scRNA-seq. BBB permeability of candidate metabolites will be directly measured using radiolabeled tracers. Functional studies will manipulate systemic metabolite levels (e.g., butyrate supplementation or depletion) to test causality. Key challenges include validating in vivo metabolite transfer and distinguishing immune effects from direct tumor cell modulation.

**Paragraph 3**: **  
Empirical support for gut-derived metabolites influencing brain immunity is growing [Colombo 2021; Ma 2022; D’Alessandro 2020]. The model is theoretically coherent, linking two previously disparate fields. Explanatory and predictive power are high: blocking metabolite transfer should abrogate observed effects. The approach is falsifiable and generalizable to other CNS tumors beyond glioma. Methodological rigor is enhanced by integrating multi-omics and functional manipulations. Innovation lies in targeting the microbiome for CNS tumor immunotherapy, with future research poised to identify adjuvant strategies.

**Approach**: is falsifiable and generalizable to other CNS tumors beyond glioma. Methodological rigor is enhanced by integrating multi-omics and functional manipulations. Innovation lies in targeting the microbiome for CNS tumor immunotherapy, with future research poised to identify adjuvant strategies.

**Key References**: ** [Colombo 2021], [Ma 2022], [D’Alessandro 2020]  
**Refinements:** Clarified mechanistic focus, expanded immune phenotyping, added functional metabolite manipulation, and included new references for BBB transfer and SCFA effects.

### Scientific Evaluation

| Criterion | Score |
|---|---:|
| Empirical Support | 1.0/10 |
| Theoretical Coherence | 1.0/10 |
| Explanatory Power | 1.0/10 |
| Predictive Capability | 1.0/10 |
| Falsifiability | 1.0/10 |
| Parsimony | 1.0/10 |
| Generalizability | 1.0/10 |
| Methodological Rigor | 1.0/10 |
| Innovation | 1.0/10 |
| Problem-Solving Utility | 1.0/10 |
| Interdisciplinary Impact | 1.0/10 |
| Ethical Considerations | 1.0/10 |
| Scalability | 1.0/10 |
| Replicability | 1.0/10 |
| Theoretical Foundation | 1.0/10 |
| Technological Feasibility | 1.0/10 |
| Risk Assessment | 1.0/10 |
| Sustainability | 1.0/10 |
| Societal Relevance | 1.0/10 |
| Future Research Potential | 1.0/10 |

### Detailed Evaluation

Certainly! However, since your "IDEA TO EVALUATE" is currently labeled as "**Untitled Idea**" with only references provided and **no substantive hypothesis or research plan described**, I must base my evaluation strictly on what is present. If you provide the actual hypothesis or summary of the idea, I can tailor the evaluation more specifically.

Given the absence of an explicit idea, I will assume this is a placeholder submission and provide an example evaluation template for you to use once the idea is specified. If you intended to submit a particular idea, please provide its details and I will update the evaluation accordingly.

---

## 1. Empirical Support
**Score: 1/10**  
**Rationale:** No actual hypothesis or plan is described, so there is nothing to compare to existing evidence or data.  
**Suggestions:** Clearly state the hypothesis and cite specific studies or data that support or motivate it.

---

## 2. Theoretical Coherence
**Score: 1/10**  
**Rationale:** No theory or logic is articulated for the idea.  
**Suggestions:** Describe the underlying theoretical framework and logical connections between concepts.

---

## 3. Explanatory Power
**Score: 1/10**  
**Rationale:** No phenomena to explain are specified.  
**Suggestions:** Define what cancer phenomena the idea seeks to explain and how.

---

## 4. Predictive Capability
**Score: 1/10**  
**Rationale:** No testable predictions can be derived from an unspecified idea.  
**Suggestions:** Develop specific, testable predictions that would arise from your hypothesis.

---

## 5. Falsifiability
**Score: 1/10**  
**Rationale:** Impossible to assess falsifiability without a concrete claim.  
**Suggestions:** Frame the idea so that clear experimental outcomes could disprove it.

---

## 6. Parsimony
**Score: 1/10**  
**Rationale:** Simplicity cannot be judged in the absence of any substantive content.  
**Suggestions:** Once an idea is defined, assess whether it is as simple as possible while still explanatory.

---

## 7. Generalizability
**Score: 1/10**  
**Rationale:** No scope or context is given.  
**Suggestions:** Indicate whether the idea could be applied to multiple cancer types or contexts.

---

## 8. Methodological Rigor
**Score: 1/10**  
**Rationale:** No methods or approaches outlined.  
**Suggestions:** Provide a detailed research plan with rigorous methodology.

---

## 9. Innovation
**Score: 1/10**  
**Rationale:** There is no way to assess novelty without knowing the idea.  
**Suggestions:** Clearly articulate what makes your idea new compared to existing literature.

---

## 10. Problem-Solving Utility
**Score: 1/10**  
**Rationale:** No potential solution or application is indicated.  
**Suggestions:** Describe how your idea could help diagnose or treat difficult cancers.

---

## 11. Interdisciplinary Impact
**Score: 1/10**  
**Rationale:** No intersections with other fields are described.  
**Suggestions:** Identify links to other disciplines (e.g., immunology, AI, physics).

---

## 12. Ethical Considerations
**Score: 1/10**  
**Rationale:** No ethical issues can be assessed without details.  
**Suggestions:** Consider and describe any ethical challenges or responsibilities.

---

## 13. Scalability
**Score: 1/10**  
**Rationale:** No information on whether the idea can be scaled.  
**Suggestions:** Discuss whether your approach could be applied at different research or clinical scales.

---

## 14. Replicability
**Score: 1/10**  
**Rationale:** No experimental plan or procedures are given.  
**Suggestions:** Outline clear, replicable experimental steps.

---

## 15. Theoretical Foundation
**Score: 1/10**  
**Rationale:** Only references are provided, with no connection to a hypothesis.  
**Suggestions:** Explicitly connect your idea to prior theories or findings.

---

## 16. Technological Feasibility
**Score: 1/10**  
**Rationale:** No technology, tools, or implementation details described.  
**Suggestions:** Specify what technologies or methods would be needed.

---

## 17. Risk Assessment
**Score: 1/10**  
**Rationale:** Cannot assess risks or limitations of an undefined idea.  
**Suggestions:** Analyze possible risks (scientific, technical, ethical).

---

## 18. Sustainability
**Score: 1/10**  
**Rationale:** No resource or long-term considerations discussed.  
**Suggestions:** Consider resource requirements and long-term viability.

---

## 19. Societal Relevance
**Score: 1/10**  
**Rationale:** No potential impact on society is presented.  
**Suggestions:** Discuss how your idea could improve cancer outcomes or benefit society.

---

## 20. Future Research Potential
**Score: 1/10**  
**Rationale:** No starting point for future research identified.  
**Suggestions:** Indicate how your idea could open new avenues of investigation.

---

**Summary:**  
**Total Score: 20/200**  
This evaluation is not a reflection of the idea's quality, but of the absence of an actual hypothesis or research plan. Please provide your novel cancer hypothesis and a brief outline of the research plan so a detailed and meaningful evaluation can be conducted.

### Metadata

- Generation Type: Refinement
- Parent Idea: 41
- Refinement Count: 0


================================================================================
TIMESTAMP: 2025-05-28 11:24:52
PHASE: Tournament Round 4, ROUND: 4, ELO SCORE: 1015.9
UNIQUE_ID: bc7309c4-d9af25b9
================================================================================

## Tournament Results (Round 4)

**Rank:** 19 out of 19
**ELO Rating:** 1015.9

### Idea

**Title**: Untitled Idea

**Key References**: ** [Shi 2017], [Genuth 2018], [Mills 2017], [Simsek 2017]



