IDEA 70 EVOLUTION LOG

================================================================================
TIMESTAMP: 2025-05-28 11:19:31
PHASE: New Idea (Significant Change), ROUND: 4
UNIQUE_ID: 85031a23-e5a5c595
================================================================================

## New Idea from Significant Change (Round 4)

This idea represents a significant change from Idea 46.

**Title**: ** Murine models with microbiome manipulation, unt...

**Approach**: ** Murine models with microbiome manipulation, untargeted metabolomics, immune phenotyping, radiotracer studies, transporter inhibition.

## Comparison with Original

### Original Idea (ID: 46)

**Title**: ** Stress Granule Epitranscriptomic Remodeling in Pancreatic Cancer

**Key Idea**: ** Stress granules orchestrate epitranscriptomic mRNA modifications that enable adaptive dormancy and therapy evasion in pancreatic cancer.

**Paragraph 1**: **  
Pancreatic cancer cells form stress granules (SGs) under adverse conditions, sequestering and modifying mRNAs to promote cell survival [Barbieri 2017]. This idea suggests that SGs act as hubs for epitranscriptomic remodeling, specifically m6A methylation, stabilizing transcripts critical for dormancy and resistance [Anders 2018; Youn 2019]. The novelty lies in integrating spatial sequestration with dynamic mRNA modification as a resistance mechanism.

**Paragraph 2**: **  
SGs will be isolated from stressed pancreatic cancer cells, and their mRNA content and modifications profiled via m6A-seq and LC-MS/MS. Disruption of SG assembly (G3BP1 knockdown) or m6A machinery (METTL3/14) will test effects on dormancy and survival, both in vitro and in xenograft models. Live-cell imaging and single-molecule RNA FISH will validate the spatial and functional relationship between SGs and m6A-modified mRNAs. Challenges include dissecting direct versus indirect effects, which will be addressed via orthogonal interventions.

**Paragraph 3**: **  
The hypothesis is well supported by literature linking m6A, stress response, and SGs in cancer [Anders 2018; Barbieri 2017]. It is parsimonious and theoretically coherent, explaining adaptive dormancy under stress. Predictive and explanatory power are high, and the approach is falsifiable by disrupting SG-m6A axes. Methodological rigor and innovation are ensured by integrating spatial and epitranscriptomic data. Future studies could target SG or m6A machinery in therapy-resistant cancers.

**Approach**: is falsifiable by disrupting SG-m6A axes. Methodological rigor and innovation are ensured by integrating spatial and epitranscriptomic data. Future studies could target SG or m6A machinery in therapy-resistant cancers.

**Key References**: ** [Anders 2018], [Barbieri 2017], [Youn 2019]  
**Refinements:** Increased specificity for m6A, clarified spatial-epitranscriptomic integration, emphasized innovative methodology.

### Scientific Evaluation

| Criterion | Score |
|---|---:|
| Empirical Support | 6.0/10 |
| Theoretical Coherence | 7.0/10 |
| Explanatory Power | 7.0/10 |
| Predictive Capability | 6.0/10 |
| Falsifiability | 8.0/10 |
| Parsimony | 5.0/10 |
| Generalizability | 6.0/10 |
| Methodological Rigor | 7.0/10 |
| Innovation | 8.0/10 |
| Problem-Solving Utility | 7.0/10 |
| Interdisciplinary Impact | 8.0/10 |
| Ethical Considerations | 7.0/10 |
| Scalability | 6.0/10 |
| Replicability | 7.0/10 |
| Theoretical Foundation | 6.0/10 |
| Technological Feasibility | 8.0/10 |
| Risk Assessment | 5.0/10 |
| Sustainability | 6.0/10 |
| Societal Relevance | 8.0/10 |
| Future Research Potential | 9.0/10 |

### Detailed Evaluation

Certainly! Below is the evaluation of the proposed idea (**Murine models with microbiome manipulation, untargeted metabolomics, immune phenotyping, radiotracer studies, transporter inhibition**) against the 20 scientific criteria, each with a score, rationale, and concrete suggestions for improvement.

---

### 1. Empirical Support  
**Score: 6/10**  
**Rationale:** The use of murine models and microbiome manipulation is supported by existing literature, as is the application of metabolomics and immune phenotyping. However, the specific integration of these modalities, especially in the context of the most difficult cancers, is less established.  
**Suggestions:** Reference recent empirical studies that have successfully combined these approaches, or pilot preliminary data demonstrating feasibility in the context of hard-to-treat cancers.

---

### 2. Theoretical Coherence  
**Score: 7/10**  
**Rationale:** The approach logically connects the microbiome, metabolic changes, immune system, and cancer progression. The integration is theoretically sound but requires clearer articulation of underlying mechanisms.  
**Suggestions:** Develop a conceptual framework illustrating how microbiome modulation impacts cancer metabolism and immune response, with detailed hypotheses.

---

### 3. Explanatory Power  
**Score: 7/10**  
**Rationale:** The multi-omics and functional approach has good potential to explain complex host-microbe-tumor interactions. However, explanatory power is limited by the broadness of "untargeted" methods.  
**Suggestions:** Define specific mechanistic questions or pathways to focus the explanatory scope.

---

### 4. Predictive Capability  
**Score: 6/10**  
**Rationale:** The approach can generate testable predictions about metabolic and immune alterations, but specificity and actionable predictions are not clearly articulated.  
**Suggestions:** Formulate explicit, testable predictions (e.g., "Microbiome X will increase metabolite Y and enhance immune cell Z infiltration in tumor A").

---

### 5. Falsifiability  
**Score: 8/10**  
**Rationale:** The hypotheses derived from this approach can be empirically tested and falsified using experimental controls.  
**Suggestions:** Ensure hypotheses are stated in a way that negative results are informative (not just null).

---

### 6. Parsimony  
**Score: 5/10**  
**Rationale:** Integrating several complex methodologies decreases parsimony. While comprehensive, the approach could be streamlined.  
**Suggestions:** Prioritize key components or stages, and justify the necessity of each method.

---

### 7. Generalizability  
**Score: 6/10**  
**Rationale:** While murine models and multi-omics approaches are broadly applicable, microbiome effects are often species- and context-specific, limiting generalizability.  
**Suggestions:** Consider parallel studies in other animal models or humanized mice, or propose cross-validation in human samples.

---

### 8. Methodological Rigor  
**Score: 7/10**  
**Rationale:** The proposed techniques are robust and widely accepted, but integration requires careful experimental design to avoid confounding effects.  
**Suggestions:** Incorporate rigorous controls, blinding, and statistical power analyses.

---

### 9. Innovation  
**Score: 8/10**  
**Rationale:** The combination of microbiome manipulation, untargeted metabolomics, and immune phenotyping in cancer models is relatively novel, especially with transporter inhibition and radiotracer studies.  
**Suggestions:** Highlight how this integration goes beyond existing studies, or add a unique technological or conceptual twist.

---

### 10. Problem-Solving Utility  
**Score: 7/10**  
**Rationale:** Insights from this research could identify new biomarkers or therapeutic targets, but translation to clinical solutions is indirect.  
**Suggestions:** Propose specific translational outcomes or pilot interventions based on findings.

---

### 11. Interdisciplinary Impact  
**Score: 8/10**  
**Rationale:** The project bridges microbiology, immunology, cancer biology, systems biology, and imaging.  
**Suggestions:** Engage collaborators from each discipline and explicitly state interdisciplinary research questions.

---

### 12. Ethical Considerations  
**Score: 7/10**  
**Rationale:** Standard ethical considerations for animal research apply; no major red flags, but microbiome manipulation may have unforeseen consequences.  
**Suggestions:** Develop protocols for minimizing animal suffering and consider ethical review of microbiome interventions.

---

### 13. Scalability  
**Score: 6/10**  
**Rationale:** High-throughput omics technologies are scalable, but complex in vivo studies may be resource-intensive.  
**Suggestions:** Pilot scalable in vitro approaches or automation to increase throughput.

---

### 14. Replicability  
**Score: 7/10**  
**Rationale:** Standardized protocols in omics and animal models support replicability, but biological variability in microbiome studies is a challenge.  
**Suggestions:** Use defined microbial consortia and publicly share protocols and data.

---

### 15. Theoretical Foundation  
**Score: 6/10**  
**Rationale:** The approach is grounded in emerging literature on the microbiome-cancer axis, but the precise theoretical model is not fully established.  
**Suggestions:** Cite key theoretical works and articulate the conceptual advances sought.

---

### 16. Technological Feasibility  
**Score: 8/10**  
**Rationale:** All proposed technologies are feasible with current tools; integration may require specialized expertise.  
**Suggestions:** Secure access to core facilities and technical experts.

---

### 17. Risk Assessment  
**Score: 5/10**  
**Rationale:** Risks include confounding variables, difficulty in controlling microbiomes, and off-target effects.  
**Suggestions:** Develop robust risk mitigation strategies and alternative plans.

---

### 18. Sustainability  
**Score: 6/10**  
**Rationale:** Resource-intensive approaches may limit long-term sustainability, but reusable data and models help.  
**Suggestions:** Plan for scalable, resource-efficient phases and data sharing.

---

### 19. Societal Relevance  
**Score: 8/10**  
**Rationale:** Improved understanding of hard-to-treat cancers is highly societally relevant, especially if findings translate to diagnostics or therapies.  
**Suggestions:** Articulate potential impacts for patients and public health.

---

### 20. Future Research Potential  
**Score: 9/10**  
**Rationale:** The integrated approach is likely to generate rich datasets and novel hypotheses, enabling many future research directions.  
**Suggestions:** Plan for data sharing and follow-up studies across different cancer types and interventions.

---

**Summary Table of Scores**

| Criterion | Score (/10) |
|-----------|-------------|
| 1         | 6           |
| 2         | 7           |
| 3         | 7           |
| 4         | 6           |
| 5         | 8           |
| 6         | 5           |
| 7         | 6           |
| 8         | 7           |
| 9         | 8           |
| 10        | 7           |
| 11        | 8           |
| 12        | 7           |
| 13        | 6           |
| 14        | 7           |
| 15        | 6           |
| 16        | 8           |
| 17        | 5           |
| 18        | 6           |
| 19        | 8           |
| 20        | 9           |

### Metadata

- Generation Type: New (Significant Change)
- Parent Idea: 46
- Created as new idea due to significant change


================================================================================
TIMESTAMP: 2025-05-28 11:24:52
PHASE: Tournament Round 4, ROUND: 4, ELO SCORE: 1247.3
UNIQUE_ID: 85031a23-e5a5c595
================================================================================

## Tournament Results (Round 4)

**Rank:** 5 out of 19
**ELO Rating:** 1247.3

### Idea

**Title**: ** Murine models with microbiome manipulation, unt...

**Approach**: ** Murine models with microbiome manipulation, untargeted metabolomics, immune phenotyping, radiotracer studies, transporter inhibition.



