IDEA 80 EVOLUTION LOG

================================================================================
TIMESTAMP: 2025-05-28 11:23:59
PHASE: New Idea, ROUND: 4
UNIQUE_ID: 51f14506-c4065031
================================================================================

## New Idea (Generated in Round 4)

**Title**: Untitled Idea

**Key Idea**: **Refinements:** Emphasized broad applicability, integrated modeling, added reference on m6A in therapy resistance [He 2019].

---

### Scientific Evaluation

| Criterion | Score |
|---|---:|
| Empirical Support | 2.0/10 |
| Theoretical Coherence | 3.0/10 |
| Explanatory Power | 2.0/10 |
| Predictive Capability | 2.0/10 |
| Falsifiability | 2.0/10 |
| Parsimony | 4.0/10 |
| Generalizability | 5.0/10 |
| Methodological Rigor | 2.0/10 |
| Innovation | 5.0/10 |
| Problem-Solving Utility | 3.0/10 |
| Interdisciplinary Impact | 4.0/10 |
| Ethical Considerations | 5.0/10 |
| Scalability | 4.0/10 |
| Replicability | 3.0/10 |
| Theoretical Foundation | 4.0/10 |
| Technological Feasibility | 4.0/10 |
| Risk Assessment | 3.0/10 |
| Sustainability | 4.0/10 |
| Societal Relevance | 6.0/10 |
| Future Research Potential | 5.0/10 |

### Detailed Evaluation

Certainly! Below is a comprehensive evaluation of the provided "Untitled Idea" in relation to the stated research goal, using the twenty scientific criteria. Each section contains a score, explanation, and concrete suggestions for improvement.

---

### Criterion 1: Empirical Support
**Score: 2/10**  
**Explanation:** The idea is vague and lacks detail, with no concrete empirical evidence or preliminary data referenced. The mention of m6A in therapy resistance is noted, but the specifics of how this relates to the hypothesis or research plan are not provided.  
**Suggestions:** Clearly state the hypothesis, reference direct supporting studies, and outline any preliminary findings or analogous evidence that supports the plausibility of the idea.

---

### Criterion 2: Theoretical Coherence
**Score: 3/10**  
**Explanation:** The proposal lacks a clear conceptual framework. Terms like "broad applicability" and "integrated modeling" are mentioned, but without an explicit hypothesis or logical structure, the coherence is weak.  
**Suggestions:** Define the core hypothesis, clarify mechanisms, and map how the components interrelate in a logical and coherent manner.

---

### Criterion 3: Explanatory Power
**Score: 2/10**  
**Explanation:** The idea does not specify what phenomena it seeks to explain regarding difficult cancers or therapy resistance, nor how it would accomplish this.  
**Suggestions:** Identify specific unexplained phenomena in cancer biology that the hypothesis addresses, and explain how the proposed mechanism or approach accounts for them.

---

### Criterion 4: Predictive Capability
**Score: 2/10**  
**Explanation:** No explicit predictions or testable outcomes are described. The research plan and the concrete hypotheses it generates are missing.  
**Suggestions:** Include specific, testable predictions that result from the hypothesis. State what results would be expected under the hypothesis versus the null.

---

### Criterion 5: Falsifiability
**Score: 2/10**  
**Explanation:** Due to the lack of specificity, it is unclear how the idea could be empirically refuted.  
**Suggestions:** Define clear criteria or experiments that could potentially disprove the hypothesis.

---

### Criterion 6: Parsimony
**Score: 4/10**  
**Explanation:** The proposal is too vague to assess for simplicity or elegance. The mention of "integrated modeling" suggests complexity, but without detail, parsimony cannot be judged.  
**Suggestions:** Articulate the core hypothesis simply and avoid unnecessary complexity.

---

### Criterion 7: Generalizability
**Score: 5/10**  
**Explanation:** The mention of "broad applicability" hints at generalizability, but with no detail, it's only a stated intention.  
**Suggestions:** Specify which cancer types or biological contexts the hypothesis applies to, and describe why it should generalize across them.

---

### Criterion 8: Methodological Rigor
**Score: 2/10**  
**Explanation:** No methods or experimental designs are described, so rigor cannot be assessed.  
**Suggestions:** Outline a detailed research plan, including sample sizes, controls, and analysis strategies.

---

### Criterion 9: Innovation
**Score: 5/10**  
**Explanation:** The intent is to be novel, and the integration of m6A and therapy resistance could be innovative; however, without specifics, it's unclear how original the idea is.  
**Suggestions:** Clearly articulate what is new about the hypothesis, how it differs from current literature, and why it represents a significant advance.

---

### Criterion 10: Problem-Solving Utility
**Score: 3/10**  
**Explanation:** The proposal does not specify how it would improve diagnosis or treatment for difficult cancers.  
**Suggestions:** Explicitly link the research idea to a critical unmet need or practical problem in cancer care.

---

### Criterion 11: Interdisciplinary Impact
**Score: 4/10**  
**Explanation:** "Integrated modeling" suggests potential for interdisciplinary work, but which disciplines are involved and how they interact is undefined.  
**Suggestions:** Identify relevant fields (e.g., computational biology, epigenetics, oncology) and describe how they would collaborate on this research.

---

### Criterion 12: Ethical Considerations
**Score: 5/10**  
**Explanation:** No ethical issues are raised, but none are addressed either. Cancer research often involves sensitive patient data or interventions.  
**Suggestions:** Briefly discuss ethical considerations, such as patient consent, data privacy, and potential risks versus benefits.

---

### Criterion 13: Scalability
**Score: 4/10**  
**Explanation:** The scalability of the idea is indeterminate due to lack of detail.  
**Suggestions:** Discuss whether the experimental approach or modeling is scalable to large patient cohorts or different cancer types.

---

### Criterion 14: Replicability
**Score: 3/10**  
**Explanation:** No experimental protocols or study designs are presented, so replicability cannot be assessed.  
**Suggestions:** Propose clear, standardized protocols and data-sharing practices to enhance replicability.

---

### Criterion 15: Theoretical Foundation
**Score: 4/10**  
**Explanation:** The reference to m6A and therapy resistance (He 2019) is noted, but the theoretical underpinnings are not described.  
**Suggestions:** Build on established literature and describe the scientific rationale for the hypothesis.

---

### Criterion 16: Technological Feasibility
**Score: 4/10**  
**Explanation:** The feasibility of "integrated modeling" is unclear without knowing what technologies or data are needed.  
**Suggestions:** Specify the required technologies, data sources, and whether current tools are adequate.

---

### Criterion 17: Risk Assessment
**Score: 3/10**  
**Explanation:** No risks or limitations are mentioned.  
**Suggestions:** Identify possible pitfalls, limitations, and technical or conceptual risks, and propose mitigation strategies.

---

### Criterion 18: Sustainability
**Score: 4/10**  
**Explanation:** No information on resource requirements or long-term viability.  
**Suggestions:** Discuss how the research could be sustained over time, including funding, data sources, and infrastructure.

---

### Criterion 19: Societal Relevance
**Score: 6/10**  
**Explanation:** Cancer is a major societal issue, so any advance could be relevant, but the specific societal impact of this idea is not articulated.  
**Suggestions:** Describe how successful validation of the hypothesis would benefit patients, healthcare systems, or society at large.

---

### Criterion 20: Future Research Potential
**Score: 5/10**  
**Explanation:** The vague nature of the idea makes it difficult to assess, but if clarified, it could open new research directions.  
**Suggestions:** Outline potential follow-up studies or broader implications if the hypothesis is validated.

---

**Overall Summary:**  
The idea, as described, is too vague and lacks sufficient detail for rigorous scientific evaluation and experimental planning. To improve:  
- Clearly formulate a testable, novel hypothesis  
- Provide background rationale and literature context  
- Describe explicit methodologies and experimental validation plans  
- Address broader impact, scalability, and ethical considerations

This will enhance both the scientific value and the practical feasibility of the research proposal.

### Metadata

- Generation Type: new
- New Idea Generated During Evolution


================================================================================
TIMESTAMP: 2025-05-28 11:24:52
PHASE: Tournament Round 4, ROUND: 4, ELO SCORE: 1140.7
UNIQUE_ID: 51f14506-c4065031
================================================================================

## Tournament Results (Round 4)

**Rank:** 15 out of 19
**ELO Rating:** 1140.7

### Idea

**Title**: Untitled Idea

**Key Idea**: **Refinements:** Emphasized broad applicability, integrated modeling, added reference on m6A in therapy resistance [He 2019].

---



