IDEA 95 EVOLUTION LOG

================================================================================
TIMESTAMP: 2025-05-28 11:33:45
PHASE: New Idea (Significant Change), ROUND: 5
UNIQUE_ID: 6b0e0789-d27b2638
================================================================================

## New Idea from Significant Change (Round 5)

This idea represents a significant change from Idea 80.

**Title**: Untitled Idea

**Key Idea**: **Modifications:** Clarified focus on specific metabolite classes, added transporter inhibition, broadened citation scope.

---

## Comparison with Original

### Original Idea (ID: 80)

**Title**: Untitled Idea

**Key Idea**: **Refinements:** Emphasized broad applicability, integrated modeling, added reference on m6A in therapy resistance [He 2019].

---

### Scientific Evaluation

| Criterion | Score |
|---|---:|
| Empirical Support | 2.0/10 |
| Theoretical Coherence | 3.0/10 |
| Explanatory Power | 2.0/10 |
| Predictive Capability | 2.0/10 |
| Falsifiability | 4.0/10 |
| Parsimony | 5.0/10 |
| Generalizability | 3.0/10 |
| Methodological Rigor | 2.0/10 |
| Innovation | 5.0/10 |
| Problem-Solving Utility | 3.0/10 |
| Interdisciplinary Impact | 4.0/10 |
| Ethical Considerations | 6.0/10 |
| Scalability | 3.0/10 |
| Replicability | 2.0/10 |
| Theoretical Foundation | 3.0/10 |
| Technological Feasibility | 4.0/10 |
| Risk Assessment | 4.0/10 |
| Sustainability | 4.0/10 |
| Societal Relevance | 5.0/10 |
| Future Research Potential | 6.0/10 |

### Detailed Evaluation

Certainly! Here is a detailed evaluation of the provided idea (**Title: Untitled Idea**) against the 20 specified scientific criteria, in the format you requested.

---

### 1. Empirical Support
**Score: 2/10**  
**Rationale:** The idea is only described as involving "clarified focus on specific metabolite classes, added transporter inhibition, broadened citation scope." There is no evidence or data referenced, nor does the concept appear tied to any established experimental findings.  
**Suggestions:** Reference existing metabolomic or transporter studies in cancer, and cite preliminary data to establish plausibility.

---

### 2. Theoretical Coherence
**Score: 3/10**  
**Rationale:** The description is vague and lacks clear logical structure. Without more detail, it is unclear how the idea connects mechanistically or conceptually.  
**Suggestions:** Clearly articulate the biological rationale for why focusing on certain metabolites and transporters could impact difficult cancers.

---

### 3. Explanatory Power
**Score: 2/10**  
**Rationale:** The idea does not state what phenomena it seeks to explain, nor how it accounts for observed features of difficult-to-treat cancers.  
**Suggestions:** Define which cancer behaviors or clinical challenges this hypothesis addresses and how.

---

### 4. Predictive Capability
**Score: 2/10**  
**Rationale:** No explicit predictions or measurable outcomes are described.  
**Suggestions:** Formulate specific, testable predictions (e.g., “Inhibiting transporter X should reduce growth of cancer Y”).

---

### 5. Falsifiability
**Score: 4/10**  
**Rationale:** In principle, a hypothesis about metabolites and transporters could be falsified, but the idea is too vague to determine what evidence would disprove it.  
**Suggestions:** State clear, falsifiable hypotheses (e.g., “Blocking metabolite Z will not affect tumor progression”).

---

### 6. Parsimony
**Score: 5/10**  
**Rationale:** The idea hints at multiple modifications and broad citation, suggesting possible complexity. However, it is too underdeveloped to assess for elegance or simplicity.  
**Suggestions:** Streamline the hypothesis to focus on the most essential components and mechanisms.

---

### 7. Generalizability
**Score: 3/10**  
**Rationale:** The scope is unclear—does this apply to all cancers, or only certain types? No rationale is given for broad applicability.  
**Suggestions:** Clarify which cancers or contexts the hypothesis addresses, and justify potential generalizability.

---

### 8. Methodological Rigor
**Score: 2/10**  
**Rationale:** No methods are proposed; there is no indication of experimental design or controls.  
**Suggestions:** Propose concrete experimental plans to test the hypothesis, including controls and validation steps.

---

### 9. Innovation
**Score: 5/10**  
**Rationale:** The focus on specific metabolites and transporter inhibition could be novel, but without details or comparison to the literature, this cannot be confirmed.  
**Suggestions:** Clearly state what is new relative to current research, and ensure novelty by reviewing recent studies.

---

### 10. Problem-Solving Utility
**Score: 3/10**  
**Rationale:** The connection to solving diagnostic or therapeutic challenges in hard-to-treat cancers is not established.  
**Suggestions:** Explicitly link the idea to unmet clinical needs and define how it could solve them.

---

### 11. Interdisciplinary Impact
**Score: 4/10**  
**Rationale:** There is potential for impact in metabolomics, pharmacology, and oncology, but the scope is not clearly articulated.  
**Suggestions:** Identify and describe specific interdisciplinary collaborations or applications.

---

### 12. Ethical Considerations
**Score: 6/10**  
**Rationale:** No overt ethical issues are apparent at this conceptual stage, but ethical implications are not addressed.  
**Suggestions:** Consider the ethical aspects of manipulating metabolites/transporters in patients, and any off-target effects.

---

### 13. Scalability
**Score: 3/10**  
**Rationale:** No information about how the idea might scale from lab to clinic or across different cancer types.  
**Suggestions:** Discuss scalability in experimental systems and clinical translation.

---

### 14. Replicability
**Score: 2/10**  
**Rationale:** No experimental protocols are given, making replication assessment impossible.  
**Suggestions:** Develop detailed, reproducible protocols for planned experiments.

---

### 15. Theoretical Foundation
**Score: 3/10**  
**Rationale:** The idea is not clearly grounded in current scientific knowledge or theory.  
**Suggestions:** Build on established principles in cancer metabolism and transporter biology.

---

### 16. Technological Feasibility
**Score: 4/10**  
**Rationale:** It is feasible to study metabolites and transporters, but the lack of detail hinders assessment of technological requirements.  
**Suggestions:** Specify required technologies and assess their availability.

---

### 17. Risk Assessment
**Score: 4/10**  
**Rationale:** No risks or limitations are discussed, though targeting metabolism and transporters can have significant side effects.  
**Suggestions:** Evaluate potential off-target effects and clinical risks.

---

### 18. Sustainability
**Score: 4/10**  
**Rationale:** No consideration is given to resource use, cost, or long-term viability.  
**Suggestions:** Address resource requirements and long-term prospects for scalability and sustainability.

---

### 19. Societal Relevance
**Score: 5/10**  
**Rationale:** Cancer research is highly relevant, but the societal impact of this specific idea is not articulated.  
**Suggestions:** Connect the hypothesis to public health outcomes and patient benefit.

---

### 20. Future Research Potential
**Score: 6/10**  
**Rationale:** The broad and vague nature of the idea allows for many future directions, but lacks focus.  
**Suggestions:** Define specific follow-up questions and research programs that would stem from initial findings.

---

**Summary**:  
This idea currently lacks sufficient detail and clarity to be evaluated favorably on most scientific criteria. It needs a specific, testable hypothesis; clear rationale; and detailed research plan tailored to the research goal. Addressing the suggestions above would substantially improve its scientific merit and suitability for advancing novel cancer research.

### Metadata

- Generation Type: New (Significant Change)
- Parent Idea: 80
- Created as new idea due to significant change


================================================================================
TIMESTAMP: 2025-05-28 11:36:30
PHASE: Tournament Round 5, ROUND: 5, ELO SCORE: 1161.5
UNIQUE_ID: 6b0e0789-d27b2638
================================================================================

## Tournament Results (Round 5)

**Rank:** 14 out of 20
**ELO Rating:** 1161.5

### Idea

**Title**: Untitled Idea

**Key Idea**: **Modifications:** Clarified focus on specific metabolite classes, added transporter inhibition, broadened citation scope.

---



