IDEA 46 EVOLUTION LOG

================================================================================
TIMESTAMP: 2025-05-28 11:05:24
PHASE: Evolution, ROUND: 3
UNIQUE_ID: 02f3df07-813f1f97
================================================================================

## Refined Idea (Round 3)

**Title**: ** Stress Granule Epitranscriptomic Remodeling in Pancreatic Cancer

**Key Idea**: ** Stress granules orchestrate epitranscriptomic mRNA modifications that enable adaptive dormancy and therapy evasion in pancreatic cancer.

**Paragraph 1**: **  
Pancreatic cancer cells form stress granules (SGs) under adverse conditions, sequestering and modifying mRNAs to promote cell survival [Barbieri 2017]. This idea suggests that SGs act as hubs for epitranscriptomic remodeling, specifically m6A methylation, stabilizing transcripts critical for dormancy and resistance [Anders 2018; Youn 2019]. The novelty lies in integrating spatial sequestration with dynamic mRNA modification as a resistance mechanism.

**Paragraph 2**: **  
SGs will be isolated from stressed pancreatic cancer cells, and their mRNA content and modifications profiled via m6A-seq and LC-MS/MS. Disruption of SG assembly (G3BP1 knockdown) or m6A machinery (METTL3/14) will test effects on dormancy and survival, both in vitro and in xenograft models. Live-cell imaging and single-molecule RNA FISH will validate the spatial and functional relationship between SGs and m6A-modified mRNAs. Challenges include dissecting direct versus indirect effects, which will be addressed via orthogonal interventions.

**Paragraph 3**: **  
The hypothesis is well supported by literature linking m6A, stress response, and SGs in cancer [Anders 2018; Barbieri 2017]. It is parsimonious and theoretically coherent, explaining adaptive dormancy under stress. Predictive and explanatory power are high, and the approach is falsifiable by disrupting SG-m6A axes. Methodological rigor and innovation are ensured by integrating spatial and epitranscriptomic data. Future studies could target SG or m6A machinery in therapy-resistant cancers.

**Approach**: is falsifiable by disrupting SG-m6A axes. Methodological rigor and innovation are ensured by integrating spatial and epitranscriptomic data. Future studies could target SG or m6A machinery in therapy-resistant cancers.

**Key References**: ** [Anders 2018], [Barbieri 2017], [Youn 2019]  
**Refinements:** Increased specificity for m6A, clarified spatial-epitranscriptomic integration, emphasized innovative methodology.

## Comparison with Original

### Original Idea (ID: 22)

**Title**: ** Stress granules in pancreatic cancer cells sequester and...

**Key Idea**: ** Stress granules in pancreatic cancer cells sequester and epitranscriptomically modify mRNAs, promoting adaptive dormancy and therapy evasion.

### Scientific Evaluation

| Criterion | Score |
|---|---:|
| Empirical Support | 7.0/10 |
| Theoretical Coherence | 8.0/10 |
| Explanatory Power | 8.0/10 |
| Predictive Capability | 8.0/10 |
| Falsifiability | 9.0/10 |
| Parsimony | 7.0/10 |
| Generalizability | 6.0/10 |
| Methodological Rigor | 8.0/10 |
| Innovation | 9.0/10 |
| Problem-Solving Utility | 7.0/10 |
| Interdisciplinary Impact | 7.0/10 |
| Ethical Considerations | 8.0/10 |
| Scalability | 6.0/10 |
| Replicability | 7.0/10 |
| Theoretical Foundation | 8.0/10 |
| Technological Feasibility | 8.0/10 |
| Risk Assessment | 6.0/10 |
| Sustainability | 7.0/10 |
| Societal Relevance | 8.0/10 |
| Future Research Potential | 9.0/10 |

### Detailed Evaluation

Certainly. Below is a detailed evaluation of the research idea "Stress Granule Epitranscriptomic Remodeling in Pancreatic Cancer" against the 20 specified scientific criteria, with scores, rationale, and concrete suggestions for improvement.

---

### 1. Empirical Support  
**Score: 7/10**  
**Rationale:** The idea builds on multiple recent findings linking m6A, stress granules (SGs), and therapy resistance, but the exact mechanism (SGs as epitranscriptomic hubs for dormancy) is not directly established in pancreatic cancer.  
**Suggestions:** Strengthen by referencing preliminary data (even from public datasets) or analogous findings in other hard-to-treat cancers.

---

### 2. Theoretical Coherence  
**Score: 8/10**  
**Rationale:** Internal logic is strong; integrates spatial and epitranscriptomic mechanisms into a coherent hypothesis.  
**Suggestions:** Specify the molecular pathways connecting SG formation and m6A modification to clarify potential exceptions or alternative routes.

---

### 3. Explanatory Power  
**Score: 8/10**  
**Rationale:** Provides a plausible mechanistic link between stress adaptation, dormancy, and therapy evasion in pancreatic cancer.  
**Suggestions:** Explicitly outline what current phenomena this model explains that are not addressed by existing models.

---

### 4. Predictive Capability  
**Score: 8/10**  
**Rationale:** Generates clear, testable predictions (e.g., disrupting SGs/m6A should reduce dormancy/survival).  
**Suggestions:** List specific, quantifiable outcomes (e.g., expected fold change in cell survival or dormancy markers).

---

### 5. Falsifiability  
**Score: 9/10**  
**Rationale:** The hypothesis is structured so that interventions can disprove the key mechanism.  
**Suggestions:** Detail negative controls and orthogonal validation to ensure robust falsification.

---

### 6. Parsimony  
**Score: 7/10**  
**Rationale:** The model is elegant but introduces additional complexity (integration of two processes).  
**Suggestions:** Streamline by focusing on the most critical modification (e.g., m6A) or clarify why both SGs and m6A are required for the phenotype.

---

### 7. Generalizability  
**Score: 6/10**  
**Rationale:** While potentially applicable to other cancers, the current focus is pancreatic.  
**Suggestions:** Propose parallel validation in other aggressive, therapy-resistant cancers.

---

### 8. Methodological Rigor  
**Score: 8/10**  
**Rationale:** Uses state-of-the-art techniques (m6A-seq, LC-MS/MS, live-cell imaging, RNA FISH).  
**Suggestions:** Incorporate additional validation methods (e.g., CRISPR screens, proteomics, patient-derived organoids).

---

### 9. Innovation  
**Score: 9/10**  
**Rationale:** Integrates two rapidly evolving fields (epitranscriptomics and SG biology) in a novel context.  
**Suggestions:** Further increase novelty by considering non-m6A modifications or unexpected SG components.

---

### 10. Problem-Solving Utility  
**Score: 7/10**  
**Rationale:** Offers new therapeutic targets for drug-resistant pancreatic cancer, a major clinical need.  
**Suggestions:** Discuss how findings could inform drug development pipelines or biomarker discovery.

---

### 11. Interdisciplinary Impact  
**Score: 7/10**  
**Rationale:** Potential relevance to RNA biology, oncology, and chemical biology.  
**Suggestions:** Highlight connections to immunology (tumor microenvironment) or systems biology.

---

### 12. Ethical Considerations  
**Score: 8/10**  
**Rationale:** Standard cancer research ethics apply; no major concerns.  
**Suggestions:** Address potential risks of targeting global m6A/Sg machinery (off-target effects on normal cells).

---

### 13. Scalability  
**Score: 6/10**  
**Rationale:** Techniques are scalable but may be challenging in clinical samples.  
**Suggestions:** Propose miniaturized or high-throughput adaptations for large patient cohorts.

---

### 14. Replicability  
**Score: 7/10**  
**Rationale:** Reproducible with access to specified technology; some technical barriers exist.  
**Suggestions:** Standardize protocols and share data/methods openly.

---

### 15. Theoretical Foundation  
**Score: 8/10**  
**Rationale:** Well-grounded in recent advances in cancer cell stress responses and RNA modification biology.  
**Suggestions:** Expand theoretical framework with relevant non-cancer SG literature.

---

### 16. Technological Feasibility  
**Score: 8/10**  
**Rationale:** All key methods are established in major academic labs.  
**Suggestions:** Address potential technical bottlenecks (e.g., SG isolation fidelity, sensitivity of m6A detection).

---

### 17. Risk Assessment  
**Score: 6/10**  
**Rationale:** Some risk of negative or ambiguous results due to redundancy/compensation in stress pathways.  
**Suggestions:** Plan for alternative explanations and rescue experiments; include risk mitigation strategies.

---

### 18. Sustainability  
**Score: 7/10**  
**Rationale:** Standard cell and animal models are sustainable; resource-intensive sequencing may pose challenges.  
**Suggestions:** Consider cost-effective validation methods or phased project design.

---

### 19. Societal Relevance  
**Score: 8/10**  
**Rationale:** High potential impact for a lethal, under-researched cancer with poor prognosis.  
**Suggestions:** Engage patient advocacy groups and outline translational pathways.

---

### 20. Future Research Potential  
**Score: 9/10**  
**Rationale:** Opens new avenues in both fundamental and translational research on RNA modification, SG biology, and drug resistance.  
**Suggestions:** Suggest pilot studies in patient-derived samples and exploration of combinatorial therapies.

---

**Summary Table:**

| Criterion                           | Score |
|--------------------------------------|-------|
| 1. Empirical Support                 | 7     |
| 2. Theoretical Coherence             | 8     |
| 3. Explanatory Power                 | 8     |
| 4. Predictive Capability             | 8     |
| 5. Falsifiability                    | 9     |
| 6. Parsimony                         | 7     |
| 7. Generalizability                  | 6     |
| 8. Methodological Rigor              | 8     |
| 9. Innovation                        | 9     |
| 10. Problem-Solving Utility          | 7     |
| 11. Interdisciplinary Impact         | 7     |
| 12. Ethical Considerations           | 8     |
| 13. Scalability                      | 6     |
| 14. Replicability                    | 7     |
| 15. Theoretical Foundation           | 8     |
| 16. Technological Feasibility        | 8     |
| 17. Risk Assessment                  | 6     |
| 18. Sustainability                   | 7     |
| 19. Societal Relevance               | 8     |
| 20. Future Research Potential        | 9     |

**Overall:** This hypothesis is highly innovative and theoretically sound, with strong potential for breakthrough insights in pancreatic cancer. Addressing empirical, scalability, and risk-related aspects will further strengthen its competitiveness.

### Metadata

- Generation Type: Refinement
- Parent Idea: 22
- Refinement Count: 0


================================================================================
TIMESTAMP: 2025-05-28 11:12:37
PHASE: Tournament Round 3, ROUND: 3, ELO SCORE: 1196.8
UNIQUE_ID: 02f3df07-813f1f97
================================================================================

## Tournament Results (Round 3)

**Rank:** 10 out of 20
**ELO Rating:** 1196.8

### Idea

**Title**: ** Stress Granule Epitranscriptomic Remodeling in Pancreatic Cancer

**Key Idea**: ** Stress granules orchestrate epitranscriptomic mRNA modifications that enable adaptive dormancy and therapy evasion in pancreatic cancer.

**Paragraph 1**: **  
Pancreatic cancer cells form stress granules (SGs) under adverse conditions, sequestering and modifying mRNAs to promote cell survival [Barbieri 2017]. This idea suggests that SGs act as hubs for epitranscriptomic remodeling, specifically m6A methylation, stabilizing transcripts critical for dormancy and resistance [Anders 2018; Youn 2019]. The novelty lies in integrating spatial sequestration with dynamic mRNA modification as a resistance mechanism.

**Paragraph 2**: **  
SGs will be isolated from stressed pancreatic cancer cells, and their mRNA content and modifications profiled via m6A-seq and LC-MS/MS. Disruption of SG assembly (G3BP1 knockdown) or m6A machinery (METTL3/14) will test effects on dormancy and survival, both in vitro and in xenograft models. Live-cell imaging and single-molecule RNA FISH will validate the spatial and functional relationship between SGs and m6A-modified mRNAs. Challenges include dissecting direct versus indirect effects, which will be addressed via orthogonal interventions.

**Paragraph 3**: **  
The hypothesis is well supported by literature linking m6A, stress response, and SGs in cancer [Anders 2018; Barbieri 2017]. It is parsimonious and theoretically coherent, explaining adaptive dormancy under stress. Predictive and explanatory power are high, and the approach is falsifiable by disrupting SG-m6A axes. Methodological rigor and innovation are ensured by integrating spatial and epitranscriptomic data. Future studies could target SG or m6A machinery in therapy-resistant cancers.

**Approach**: is falsifiable by disrupting SG-m6A axes. Methodological rigor and innovation are ensured by integrating spatial and epitranscriptomic data. Future studies could target SG or m6A machinery in therapy-resistant cancers.

**Key References**: ** [Anders 2018], [Barbieri 2017], [Youn 2019]  
**Refinements:** Increased specificity for m6A, clarified spatial-epitranscriptomic integration, emphasized innovative methodology.



