IDEA 42 EVOLUTION LOG

================================================================================
TIMESTAMP: 2025-05-28 11:03:52
PHASE: Evolution, ROUND: 3
UNIQUE_ID: c8045610-f0835ebc
================================================================================

## Refined Idea (Round 3)

**Title**: ** Stress Granule-Associated m6A Modifications Driving Pancreatic Cancer Dormancy

**Key Idea**: ** Stress granules in pancreatic cancer cells promote dormancy and therapy evasion via selective m6A modification of sequestered mRNAs.

**Paragraph 1**: **  
Pancreatic cancer cells frequently encounter metabolic and therapeutic stress, prompting the assembly of stress granules (SGs)—membraneless organelles that sequester mRNAs and RNA-binding proteins [Barbieri 2017]. This idea proposes that within SGs, specific mRNAs acquire dynamic N6-methyladenosine (m6A) modifications, altering their stability and translation, thereby promoting a reversible dormant state [Anders 2018; Youn 2019]. The novelty is in coupling spatial mRNA sequestration with epitranscriptomic remodeling as a driver of adaptive drug resistance.

**Paragraph 2**: **  
Experiments will isolate SGs from stressed pancreatic cancer cells, profile mRNA modifications (m6A-seq, LC-MS/MS), and use CRISPR/Cas9 to disrupt SG assembly (G3BP1) or m6A writers (METTL3/14). Effects on dormancy and therapy response will be assayed both in vitro and in xenograft models. Single-molecule RNA FISH and live-cell imaging will validate spatial sequestration and translational suppression. To disentangle sequestration versus modification effects, orthogonal interventions (e.g., chemical inhibitors of methyltransferases) will be combined with genetic models.

**Paragraph 3**: **  
The hypothesis is empirically anchored in emerging links between m6A, stress response, and cancer dormancy [Anders 2018; Youn 2019]. The model provides explanatory and predictive power for stress-induced therapy evasion and is falsifiable by disrupting the SG-m6A axis. The approach is generalizable to other stress-adaptive cancers, methodologically rigorous, and innovative in integrating spatial and chemical regulation of mRNA. Future research could explore therapeutic targeting of SG dynamics or m6A modification machinery.

**Approach**: is generalizable to other stress-adaptive cancers, methodologically rigorous, and innovative in integrating spatial and chemical regulation of mRNA. Future research could explore therapeutic targeting of SG dynamics or m6A modification machinery.

**Key References**: ** [Anders 2018], [Barbieri 2017], [Youn 2019]  
**Refinements:** Expanded technical details, clarified causal experiments, added parsimony and generalizability, retained and emphasized key supporting citations.

## Comparison with Original

### Original Idea (ID: 24)

**Title**: 2:** To address causality, experiments should isol...

**Paragraph 2**: ** To address causality, experiments should isolate SGs from pancreatic cancer cells under stress and profile mRNA modifications via high-throughput techniques (m6A-seq, LC-MS/MS). Disruption of SG assembly (e.g., G3BP1 knockdown) or epitranscriptomic writers (e.g., METTL3/14 CRISPR) will test effects on dormancy and therapy response in vitro and in xenograft models. Single-molecule RNA FISH and live-cell imaging will validate spatial sequestration and translation suppression. The challenge will be separating the effects of sequestration from modification, which can be addressed by orthogonal interventions.

### Scientific Evaluation

| Criterion | Score |
|---|---:|
| Empirical Support | 7.0/10 |
| Theoretical Coherence | 9.0/10 |
| Explanatory Power | 8.0/10 |
| Predictive Capability | 8.0/10 |
| Falsifiability | 9.0/10 |
| Parsimony | 7.0/10 |
| Generalizability | 8.0/10 |
| Methodological Rigor | 9.0/10 |
| Innovation | 10.0/10 |
| Problem-Solving Utility | 8.0/10 |
| Interdisciplinary Impact | 7.0/10 |
| Ethical Considerations | 8.0/10 |
| Scalability | 7.0/10 |
| Replicability | 8.0/10 |
| Theoretical Foundation | 8.0/10 |
| Technological Feasibility | 8.0/10 |
| Risk Assessment | 6.0/10 |
| Sustainability | 7.0/10 |
| Societal Relevance | 9.0/10 |
| Future Research Potential | 9.0/10 |

### Detailed Evaluation

Certainly! Here is the comprehensive evaluation of the proposed idea, **"Stress Granule-Associated m6A Modifications Driving Pancreatic Cancer Dormancy"**, against the 20 scientific criteria in the requested format:

---

### Criterion 1 (Empirical Support)  
**Score: 7/10**  
**Rationale:** The idea is grounded in recent literature linking m6A modifications, stress granules, and cancer dormancy, but direct evidence for the specific mechanism (m6A changes within SGs directly causing dormancy in pancreatic cancer) is still lacking.  
**Suggestions:** Strengthen empirical support by referencing any preliminary data or unpublished observations, or by conducting pilot studies to directly observe m6A changes in SGs in dormant pancreatic cancer cells.

---

### Criterion 2 (Theoretical Coherence)  
**Score: 9/10**  
**Rationale:** The proposal is logically consistent and builds a clear mechanistic narrative linking SGs, m6A modifications, and dormancy in a stepwise manner.  
**Suggestions:** Clarify any potential confounding factors (e.g., alternative RNA modifications or non-SG related dormancy mechanisms) to further enhance coherence.

---

### Criterion 3 (Explanatory Power)  
**Score: 8/10**  
**Rationale:** Effectively accounts for observed phenomena (stress-induced dormancy, drug resistance) in pancreatic cancer, and integrates spatial/chemical RNA regulation.  
**Suggestions:** Explicitly address how this model explains outliers (cases where dormancy occurs without obvious SG formation).

---

### Criterion 4 (Predictive Capability)  
**Score: 8/10**  
**Rationale:** The model makes clear, experimentally testable predictions (e.g., disrupting m6A or SGs alters dormancy/therapy resistance).  
**Suggestions:** Define quantitative endpoints for predictions (e.g., percent change in dormant cell fraction after interventions).

---

### Criterion 5 (Falsifiability)  
**Score: 9/10**  
**Rationale:** The hypothesis is clearly falsifiable—if disrupting either SGs or m6A writers doesn’t affect dormancy, the model fails.  
**Suggestions:** Predefine negative results that would lead to rejection of the hypothesis for transparency.

---

### Criterion 6 (Parsimony)  
**Score: 7/10**  
**Rationale:** The model is relatively elegant given the complexity of the biology, but involves multiple interacting components (SGs, m6A, dormancy) which could be simplified.  
**Suggestions:** Distill the core hypothesis to the minimal necessary components; consider whether all elements are essential.

---

### Criterion 7 (Generalizability)  
**Score: 8/10**  
**Rationale:** The approach is presented as potentially generalizable to other stress-adaptive cancers, though most data and rationale center on pancreatic cancer.  
**Suggestions:** Briefly outline plans or rationales for extending the model to other cancer types.

---

### Criterion 8 (Methodological Rigor)  
**Score: 9/10**  
**Rationale:** The plan leverages robust, state-of-the-art techniques (m6A-seq, CRISPR, live-cell imaging, xenografts) and includes orthogonal validation.  
**Suggestions:** Address potential technical pitfalls (e.g., SG isolation purity, off-target CRISPR effects) and controls.

---

### Criterion 9 (Innovation)  
**Score: 10/10**  
**Rationale:** This is a highly novel integration of spatial RNA biology and epitranscriptomics in the context of cancer dormancy—no direct analog in the literature.  
**Suggestions:** Highlight what makes this fundamentally different from adjacent studies (e.g., non-m6A SG effects, non-SG m6A effects).

---

### Criterion 10 (Problem-Solving Utility)  
**Score: 8/10**  
**Rationale:** If validated, the mechanism offers new therapeutic targets for a cancer type with extremely poor prognosis and unmet clinical need.  
**Suggestions:** Map out specific translational pathways (e.g., drug development against SG/m6A machinery).

---

### Criterion 11 (Interdisciplinary Impact)  
**Score: 7/10**  
**Rationale:** The idea sits at the intersection of cancer biology, RNA biology, and epigenetics, with potential relevance to computational biology and chemical biology.  
**Suggestions:** Engage with researchers from these adjacent fields early to maximize cross-disciplinary insights.

---

### Criterion 12 (Ethical Considerations)  
**Score: 8/10**  
**Rationale:** The proposed experiments are standard for cancer research (e.g., cell lines, xenografts) and do not raise unusual ethical issues.  
**Suggestions:** Ensure careful animal welfare standards and transparent reporting of any in vivo work.

---

### Criterion 13 (Scalability)  
**Score: 7/10**  
**Rationale:** The approach is scalable with current high-throughput sequencing and imaging platforms, though SG isolation at scale may be complex.  
**Suggestions:** Pilot scalable methods for SG isolation and m6A profiling.

---

### Criterion 14 (Replicability)  
**Score: 8/10**  
**Rationale:** Methods are described in sufficient detail to be reproduced by other labs with similar resources.  
**Suggestions:** Pre-register protocols and make data/code publicly available.

---

### Criterion 15 (Theoretical Foundation)  
**Score: 8/10**  
**Rationale:** The proposal builds on robust and emerging knowledge about SGs, m6A, and cancer dormancy, with appropriate references.  
**Suggestions:** Expand the review of any contradictory findings to strengthen the foundation.

---

### Criterion 16 (Technological Feasibility)  
**Score: 8/10**  
**Rationale:** All techniques proposed are feasible with current technology, though some (e.g., clean SG isolation) may be technically challenging.  
**Suggestions:** Develop or adopt improved SG isolation protocols if possible.

---

### Criterion 17 (Risk Assessment)  
**Score: 6/10**  
**Rationale:** Risks include technical challenges, model complexity, and the possibility that m6A/SG effects are correlative rather than causal.  
**Suggestions:** Include contingency plans if initial hypotheses are not supported.

---

### Criterion 18 (Sustainability)  
**Score: 7/10**  
**Rationale:** The research plan makes efficient use of resources and employs established platforms; however, large-scale or longitudinal studies may be resource-intensive.  
**Suggestions:** Seek collaborations and shared resources to mitigate costs.

---

### Criterion 19 (Societal Relevance)  
**Score: 9/10**  
**Rationale:** Addressing pancreatic cancer dormancy and therapy resistance has high potential impact on patient outcomes and health systems.  
**Suggestions:** Engage patient advocacy groups and clinical stakeholders early.

---

### Criterion 20 (Future Research Potential)  
**Score: 9/10**  
**Rationale:** If validated, the findings could launch multiple new research directions in RNA epigenetics, cancer dormancy, and therapeutic targeting.  
**Suggestions:** Specify at least two concrete follow-up studies (e.g., testing in other cancers, developing inhibitors).

---

**Summary:**  
This idea scores highly on innovation, theoretical coherence, methodological rigor, and societal relevance. Its main weaknesses are empirical support (pending more direct evidence), risk assessment, and the challenges in scaling and simplifying the model. It is an excellent candidate for experimental validation with some refinements and contingency planning.

### Metadata

- Generation Type: Refinement
- Parent Idea: 24
- Refinement Count: 0


================================================================================
TIMESTAMP: 2025-05-28 11:12:37
PHASE: Tournament Round 3, ROUND: 3, ELO SCORE: 1226.8
UNIQUE_ID: c8045610-f0835ebc
================================================================================

## Tournament Results (Round 3)

**Rank:** 2 out of 20
**ELO Rating:** 1226.8

### Idea

**Title**: ** Stress Granule-Associated m6A Modifications Driving Pancreatic Cancer Dormancy

**Key Idea**: ** Stress granules in pancreatic cancer cells promote dormancy and therapy evasion via selective m6A modification of sequestered mRNAs.

**Paragraph 1**: **  
Pancreatic cancer cells frequently encounter metabolic and therapeutic stress, prompting the assembly of stress granules (SGs)—membraneless organelles that sequester mRNAs and RNA-binding proteins [Barbieri 2017]. This idea proposes that within SGs, specific mRNAs acquire dynamic N6-methyladenosine (m6A) modifications, altering their stability and translation, thereby promoting a reversible dormant state [Anders 2018; Youn 2019]. The novelty is in coupling spatial mRNA sequestration with epitranscriptomic remodeling as a driver of adaptive drug resistance.

**Paragraph 2**: **  
Experiments will isolate SGs from stressed pancreatic cancer cells, profile mRNA modifications (m6A-seq, LC-MS/MS), and use CRISPR/Cas9 to disrupt SG assembly (G3BP1) or m6A writers (METTL3/14). Effects on dormancy and therapy response will be assayed both in vitro and in xenograft models. Single-molecule RNA FISH and live-cell imaging will validate spatial sequestration and translational suppression. To disentangle sequestration versus modification effects, orthogonal interventions (e.g., chemical inhibitors of methyltransferases) will be combined with genetic models.

**Paragraph 3**: **  
The hypothesis is empirically anchored in emerging links between m6A, stress response, and cancer dormancy [Anders 2018; Youn 2019]. The model provides explanatory and predictive power for stress-induced therapy evasion and is falsifiable by disrupting the SG-m6A axis. The approach is generalizable to other stress-adaptive cancers, methodologically rigorous, and innovative in integrating spatial and chemical regulation of mRNA. Future research could explore therapeutic targeting of SG dynamics or m6A modification machinery.

**Approach**: is generalizable to other stress-adaptive cancers, methodologically rigorous, and innovative in integrating spatial and chemical regulation of mRNA. Future research could explore therapeutic targeting of SG dynamics or m6A modification machinery.

**Key References**: ** [Anders 2018], [Barbieri 2017], [Youn 2019]  
**Refinements:** Expanded technical details, clarified causal experiments, added parsimony and generalizability, retained and emphasized key supporting citations.



