IDEA 44 EVOLUTION LOG

================================================================================
TIMESTAMP: 2025-05-28 11:04:40
PHASE: New Idea (Significant Change), ROUND: 3
UNIQUE_ID: f0032edd-9c168691
================================================================================

## New Idea from Significant Change (Round 3)

This idea represents a significant change from Idea 25.

**Title**: ** Unified m6A-Stress Granule Axis in Cancer Dormancy

**Key Idea**: ** m6A-modified mRNAs sequestered in stress granules promote reversible dormancy in therapy-resistant cancers.

**Paragraph 1**: **  
This idea builds on evidence that m6A epitranscriptomic marks regulate mRNA fate and that stress granules (SGs) modulate cellular survival under stress [Barbieri 2017]. It proposes that in cancer, SGs selectively sequester m6A-modified mRNAs encoding cell cycle and survival regulators, inducing a dormant, therapy-evading state [Anders 2018; Youn 2019]. This model unifies spatial and chemical RNA regulation as a general mechanism for stress-adaptive dormancy across multiple cancers.

**Paragraph 2**: **  
High-throughput m6A-seq and SG isolation will profile the transcriptome of dormant versus cycling cancer cells. CRISPR-based disruption of SG core components and m6A writers/readers will test functional necessity in cell lines and patient-derived xenografts. Dormancy will be evaluated by cell cycle status, therapy response, and recovery assays. Orthogonal approaches, such as chemical inhibition of m6A enzymes, will dissect the contribution of modification versus sequestration.

**Paragraph 3**: **  
The hypothesis is empirically grounded in m6A and stress response literature [Anders 2018; Youn 2019]. It is theoretically coherent and provides a parsimonious, testable model for therapy resistance. Explanatory and predictive power are high, and falsifiability is clear via genetic and pharmacological interventions. Methodological rigor is ensured by multi-modal validation. Innovation stems from integrating spatial and epitranscriptomic regulation, with broad implications for therapy-resistant cancers.

**Approach**: es, such as chemical inhibition of m6A enzymes, will dissect the contribution of modification versus sequestration.

**Key References**: ** [Anders 2018], [Barbieri 2017], [Youn 2019]  
**Refinements:** Unified spatial and chemical axes, broadened scope, emphasized functional and methodological integration.

## Comparison with Original

### Original Idea (ID: 25)

**Title**: is empirically grounded in established links between m6A and...

**Key Idea**: is empirically grounded in established links between m6A and stress responses [Anders 2018; Youn 2019], and SGs’ roles in cancer [Barbieri 2017]. It is theoretically coherent, offering a unified model for dormancy induction. Explanatory and predictive power are high, as the approach can forecast therapy evasion under stress. The idea is falsifiable by demonstrating that disrupting SG-mRNA modification axes impairs dormancy and survival. It is parsimonious, generalizable to other stress-adaptive cancers, and methodologically rigorous with innovative integration of spatial and epitranscriptomic regulation. Future research could explore targeting SG formation or mRNA writers for therapy.

**Paragraph 3**: ** The hypothesis is empirically grounded in established links between m6A and stress responses [Anders 2018; Youn 2019], and SGs’ roles in cancer [Barbieri 2017]. It is theoretically coherent, offering a unified model for dormancy induction. Explanatory and predictive power are high, as the approach can forecast therapy evasion under stress. The idea is falsifiable by demonstrating that disrupting SG-mRNA modification axes impairs dormancy and survival. It is parsimonious, generalizable to other stress-adaptive cancers, and methodologically rigorous with innovative integration of spatial and epitranscriptomic regulation. Future research could explore targeting SG formation or mRNA writers for therapy.

**Approach**: can forecast therapy evasion under stress. The idea is falsifiable by demonstrating that disrupting SG-mRNA modification axes impairs dormancy and survival. It is parsimonious, generalizable to other stress-adaptive cancers, and methodologically rigorous with innovative integration of spatial and epitranscriptomic regulation. Future research could explore targeting SG formation or mRNA writers for therapy.

### Scientific Evaluation

| Criterion | Score |
|---|---:|
| Empirical Support | 7.0/10 |
| Theoretical Coherence | 9.0/10 |
| Explanatory Power | 8.0/10 |
| Predictive Capability | 8.0/10 |
| Falsifiability | 9.0/10 |
| Parsimony | 8.0/10 |
| Generalizability | 7.0/10 |
| Methodological Rigor | 8.0/10 |
| Innovation | 10.0/10 |
| Problem-Solving Utility | 8.0/10 |
| Interdisciplinary Impact | 7.0/10 |
| Ethical Considerations | 8.0/10 |
| Scalability | 7.0/10 |
| Replicability | 7.0/10 |
| Theoretical Foundation | 8.0/10 |
| Technological Feasibility | 8.0/10 |
| Risk Assessment | 6.0/10 |
| Sustainability | 7.0/10 |
| Societal Relevance | 8.0/10 |
| Future Research Potential | 10.0/10 |

### Detailed Evaluation

Certainly! Here is a detailed evaluation of the **Unified m6A-Stress Granule Axis in Cancer Dormancy** hypothesis against the 20 criteria, with explanations and suggestions for improvement.

---

### 1. Empirical Support
**Score: 7/10**  
**Explanation:**  
The idea is grounded in current knowledge about m6A modifications and stress granules, and references relevant primary literature. However, direct empirical evidence linking m6A-modified mRNA sequestration in SGs to cancer dormancy, especially across diverse cancer types, is presently inferred rather than demonstrated.  
**Suggestions:**  
- Incorporate pilot data or cite recent preprints (if available) showing m6A-mRNA enrichment in SGs during dormancy.
- Design initial experiments to confirm m6A-mRNA localization in dormant cell stress granules.

---

### 2. Theoretical Coherence
**Score: 9/10**  
**Explanation:**  
The hypothesis is logically consistent, integrating spatial (granule sequestration) and chemical (m6A modification) RNA regulation into a unified mechanism.  
**Suggestions:**  
- Further clarify the mechanistic link between m6A status, SG sequestration, and dormancy induction in a schematic model.

---

### 3. Explanatory Power
**Score: 8/10**  
**Explanation:**  
The hypothesis elegantly accounts for therapy resistance and reversible dormancy in difficult-to-treat cancers, tying together disparate findings.  
**Suggestions:**  
- Discuss specific cancer subtypes (e.g., pancreatic, glioblastoma) to illustrate explanatory breadth.

---

### 4. Predictive Capability
**Score: 8/10**  
**Explanation:**  
It enables falsifiable predictions (e.g., disrupting m6A/SG components reverses dormancy/therapy resistance).  
**Suggestions:**  
- Propose additional predictive experiments, such as tracking patient outcomes based on m6A/SG marker status.

---

### 5. Falsifiability
**Score: 9/10**  
**Explanation:**  
Clear avenues for falsification via genetic or pharmacological disruption of m6A/SG components.  
**Suggestions:**  
- Define specific experimental readouts and negative controls to strengthen falsifiability.

---

### 6. Parsimony
**Score: 8/10**  
**Explanation:**  
Combines two regulatory axes into a single, elegant explanatory model.  
**Suggestions:**  
- Outline any alternative explanations and clarify why this model is the simplest.

---

### 7. Generalizability
**Score: 7/10**  
**Explanation:**  
Broadly applicable across multiple cancer types, but direct evidence for generalization is pending.  
**Suggestions:**  
- Test the axis in a wider panel of cancer models, including both solid and hematological malignancies.

---

### 8. Methodological Rigor
**Score: 8/10**  
**Explanation:**  
Employs robust, multi-modal experimental approaches (sequencing, CRISPR, chemical inhibition, xenografts).  
**Suggestions:**  
- Include technical replicates and blinded analysis procedures in the plan.

---

### 9. Innovation
**Score: 10/10**  
**Explanation:**  
Highly original—integrates the spatial and epitranscriptomic regulation in cancer dormancy, not explicitly described in literature.  
**Suggestions:**  
- Highlight what makes this approach fundamentally different from prior SG or m6A studies.

---

### 10. Problem-Solving Utility
**Score: 8/10**  
**Explanation:**  
Targets a critical, unsolved problem: therapy-resistant, dormant cancer cells.  
**Suggestions:**  
- Suggest translational paths: drug target identification, biomarker development.

---

### 11. Interdisciplinary Impact
**Score: 7/10**  
**Explanation:**  
Relevant to cell biology, oncology, epigenetics, and bioinformatics.  
**Suggestions:**  
- Encourage collaboration with computational modelers for transcriptomic data analysis.

---

### 12. Ethical Considerations
**Score: 8/10**  
**Explanation:**  
Standard ethical risks for cancer research (e.g., use of patient-derived materials, animal studies) but no unusual concerns.  
**Suggestions:**  
- Ensure informed consent and ethical review for use of patient samples.

---

### 13. Scalability
**Score: 7/10**  
**Explanation:**  
Approaches can be scaled from cell lines to animal models; however, high-throughput screens and xenografts are resource-intensive.  
**Suggestions:**  
- Consider miniaturized or pooled screening approaches to enhance scalability.

---

### 14. Replicability
**Score: 7/10**  
**Explanation:**  
Methodologies (sequencing, CRISPR, xenograft) are standard and replicable, but complex protocols may challenge reproducibility.  
**Suggestions:**  
- Standardize protocols and share detailed methods for community replication.

---

### 15. Theoretical Foundation
**Score: 8/10**  
**Explanation:**  
Builds solidly on epitranscriptomics and stress granule biology literature.  
**Suggestions:**  
- Expand theoretical discussion to include related RNA modifications (e.g., pseudouridine).

---

### 16. Technological Feasibility
**Score: 8/10**  
**Explanation:**  
Relies on established, though sometimes technically challenging, methods.  
**Suggestions:**  
- Pilot feasibility studies for SG isolation and m6A mapping in dormant cancer cells.

---

### 17. Risk Assessment
**Score: 6/10**  
**Explanation:**  
Risks include potential redundancy in SG or m6A pathways, technical difficulties in distinguishing causality, and model limitations.  
**Suggestions:**  
- Develop contingency plans for negative or ambiguous results.

---

### 18. Sustainability
**Score: 7/10**  
**Explanation:**  
Resource-intensive but not unusually so for preclinical research; long-term studies feasible.  
**Suggestions:**  
- Seek partnerships for resource sharing (e.g., sequencing cores).

---

### 19. Societal Relevance
**Score: 8/10**  
**Explanation:**  
Addresses a major medical challenge—improving outcomes in hard-to-treat cancers.  
**Suggestions:**  
- Outline possible patient benefit timelines if the hypothesis is validated.

---

### 20. Future Research Potential
**Score: 10/10**  
**Explanation:**  
Opens broad new avenues for studying RNA regulation in cancer and beyond.  
**Suggestions:**  
- Propose follow-up studies on other RNA modifications or stress responses in cancer dormancy.

---

**Summary Table of Scores:**

| Criterion                          | Score (/10) |
|-------------------------------------|-------------|
| 1. Empirical Support                | 7           |
| 2. Theoretical Coherence            | 9           |
| 3. Explanatory Power                | 8           |
| 4. Predictive Capability            | 8           |
| 5. Falsifiability                   | 9           |
| 6. Parsimony                        | 8           |
| 7. Generalizability                 | 7           |
| 8. Methodological Rigor             | 8           |
| 9. Innovation                       | 10          |
|10. Problem-Solving Utility          | 8           |
|11. Interdisciplinary Impact         | 7           |
|12. Ethical Considerations           | 8           |
|13. Scalability                      | 7           |
|14. Replicability                    | 7           |
|15. Theoretical Foundation           | 8           |
|16. Technological Feasibility        | 8           |
|17. Risk Assessment                  | 6           |
|18. Sustainability                   | 7           |
|19. Societal Relevance               | 8           |
|20. Future Research Potential        | 10          |

---

If you need side-by-side scoring for a tournament match-up with another idea, please provide the second hypothesis.

### Metadata

- Generation Type: New (Significant Change)
- Parent Idea: 25
- Created as new idea due to significant change


================================================================================
TIMESTAMP: 2025-05-28 11:12:37
PHASE: Tournament Round 3, ROUND: 3, ELO SCORE: 1213.2
UNIQUE_ID: f0032edd-9c168691
================================================================================

## Tournament Results (Round 3)

**Rank:** 5 out of 20
**ELO Rating:** 1213.2

### Idea

**Title**: ** Unified m6A-Stress Granule Axis in Cancer Dormancy

**Key Idea**: ** m6A-modified mRNAs sequestered in stress granules promote reversible dormancy in therapy-resistant cancers.

**Paragraph 1**: **  
This idea builds on evidence that m6A epitranscriptomic marks regulate mRNA fate and that stress granules (SGs) modulate cellular survival under stress [Barbieri 2017]. It proposes that in cancer, SGs selectively sequester m6A-modified mRNAs encoding cell cycle and survival regulators, inducing a dormant, therapy-evading state [Anders 2018; Youn 2019]. This model unifies spatial and chemical RNA regulation as a general mechanism for stress-adaptive dormancy across multiple cancers.

**Paragraph 2**: **  
High-throughput m6A-seq and SG isolation will profile the transcriptome of dormant versus cycling cancer cells. CRISPR-based disruption of SG core components and m6A writers/readers will test functional necessity in cell lines and patient-derived xenografts. Dormancy will be evaluated by cell cycle status, therapy response, and recovery assays. Orthogonal approaches, such as chemical inhibition of m6A enzymes, will dissect the contribution of modification versus sequestration.

**Paragraph 3**: **  
The hypothesis is empirically grounded in m6A and stress response literature [Anders 2018; Youn 2019]. It is theoretically coherent and provides a parsimonious, testable model for therapy resistance. Explanatory and predictive power are high, and falsifiability is clear via genetic and pharmacological interventions. Methodological rigor is ensured by multi-modal validation. Innovation stems from integrating spatial and epitranscriptomic regulation, with broad implications for therapy-resistant cancers.

**Approach**: es, such as chemical inhibition of m6A enzymes, will dissect the contribution of modification versus sequestration.

**Key References**: ** [Anders 2018], [Barbieri 2017], [Youn 2019]  
**Refinements:** Unified spatial and chemical axes, broadened scope, emphasized functional and methodological integration.



