IDEA 39 EVOLUTION LOG

================================================================================
TIMESTAMP: 2025-05-28 10:58:24
PHASE: New Idea (Significant Change), ROUND: 2
UNIQUE_ID: 3f0a5e82-6ab91006
================================================================================

## New Idea from Significant Change (Round 2)

This idea represents a significant change from Idea 13.

**Title**: is generalizable beyond glioma to other CNS tumors...

**Paragraph 3**: ** There is growing empirical evidence for the gut-brain-immune axis [Colombo 2021; Ma 2022], and this idea is theoretically sound, unifying microbiome and tumor immunology. Explanatory power is high for microbiome-related differences in brain tumor outcomes. Falsifiability is achieved by blocking metabolite transport and observing immune/tumor changes. The approach is generalizable beyond glioma to other CNS tumors, innovative, and methodologically rigorous. Future research could identify microbiome-targeted adjuvants for brain tumor immunotherapy.

**Approach**: is generalizable beyond glioma to other CNS tumors, innovative, and methodologically rigorous. Future research could identify microbiome-targeted adjuvants for brain tumor immunotherapy.

## Comparison with Original

### Original Idea (ID: 13)

**Title**: ** Therapy-resistant colorectal cancer cells develop instabi...

**Key Idea**: ** Therapy-resistant colorectal cancer cells develop instability in iron-sulfur cluster biogenesis, driving metabolic adaptation and DNA repair proficiency.

**Approach**: ** Assess Fe-S cluster stability in colorectal cancer models; manipulate biogenesis pathways; measure metabolic and DNA repair phenotypes.

**Key References**: ** Stehling O, Lill R. "The role of mitochondria in cellular iron-sulfur protein biogenesis: mechanisms, connected processes, and diseases." Cold Spring Harb Perspect Biol. 2014.

### Scientific Evaluation

| Criterion | Score |
|---|---:|
| Empirical Support | 7.0/10 |
| Theoretical Coherence | 8.0/10 |
| Explanatory Power | 8.0/10 |
| Predictive Capability | 7.0/10 |
| Falsifiability | 9.0/10 |
| Parsimony | 6.0/10 |
| Generalizability | 8.0/10 |
| Methodological Rigor | 8.0/10 |
| Innovation | 9.0/10 |
| Problem-Solving Utility | 7.0/10 |
| Interdisciplinary Impact | 9.0/10 |
| Ethical Considerations | 7.0/10 |
| Scalability | 6.0/10 |
| Replicability | 7.0/10 |
| Theoretical Foundation | 8.0/10 |
| Technological Feasibility | 7.0/10 |
| Risk Assessment | 6.0/10 |
| Sustainability | 6.0/10 |
| Societal Relevance | 8.0/10 |
| Future Research Potential | 9.0/10 |

### Detailed Evaluation

Certainly! Here is a thorough evaluation of the research idea, "is generalizable beyond glioma to other CNS tumors" (microbiome-tumor-immune axis in brain cancers), against the 20 scientific criteria, with rationales and improvement suggestions:

---

**Criterion 1: Empirical Support**  
Score: 7/10  
**Rationale:** There is moderate empirical evidence for the gut-brain-immune axis and the microbiome’s role in immune modulation, including some support for impacts on brain tumor outcomes. However, direct empirical evidence specific to the generalization beyond glioma to other CNS tumors is limited.  
**Suggestions:** Conduct preliminary studies to explicitly test microbiome-immune interactions in CNS tumors other than glioma (e.g., medulloblastoma, meningioma).

---

**Criterion 2: Theoretical Coherence**  
Score: 8/10  
**Rationale:** The idea is logically consistent, integrating established concepts of the microbiome, immunology, and oncology. The proposal is clear and theoretically sound, as acknowledged in the summary.  
**Suggestions:** Map out specific molecular and cellular pathways hypothesized to mediate the effect across different CNS tumors.

---

**Criterion 3: Explanatory Power**  
Score: 8/10  
**Rationale:** Offers a robust framework to explain observed differences in brain tumor outcomes, especially those not accounted for by genetics or environment alone.  
**Suggestions:** Expand on how the hypothesis could explain specific clinical or molecular heterogeneity within and between CNS tumor types.

---

**Criterion 4: Predictive Capability**  
Score: 7/10  
**Rationale:** The hypothesis generates testable predictions, such as effects of microbiome manipulation on tumor progression and immune infiltration.  
**Suggestions:** Develop explicit, quantitative predictions (e.g., changes in tumor size, immune markers) for studies in multiple CNS tumor models.

---

**Criterion 5: Falsifiability**  
Score: 9/10  
**Rationale:** The idea is highly falsifiable—blocking metabolite transport should abrogate hypothesized effects, providing a clear test.  
**Suggestions:** Specify experimental controls and potential confounders to strengthen falsifiability (e.g., off-target effects).

---

**Criterion 6: Parsimony**  
Score: 6/10  
**Rationale:** The concept is somewhat complex, involving multiple systems (gut, immune, CNS tumors) and interactions, though it avoids unnecessary assumptions.  
**Suggestions:** Clarify which pathways are central to the hypothesis, and which are secondary.

---

**Criterion 7: Generalizability**  
Score: 8/10  
**Rationale:** The approach is explicitly proposed as generalizable beyond glioma, with a rationale for why other CNS tumors may be affected.  
**Suggestions:** Outline criteria for determining which CNS tumors are likely to be influenced by the gut-brain-immune axis.

---

**Criterion 8: Methodological Rigor**  
Score: 8/10  
**Rationale:** The approach is described as methodologically rigorous, with concrete experimental strategies (e.g., metabolite transport blockade).  
**Suggestions:** Provide specific experimental designs, including controls, statistical methods, and blinding/randomization plans.

---

**Criterion 9: Innovation**  
Score: 9/10  
**Rationale:** This is a cutting-edge, original hypothesis that extends current thinking in neuro-oncology and microbiome research.  
**Suggestions:** Explore even more novel intervention strategies, such as engineered microbiota for targeted metabolite production.

---

**Criterion 10: Problem-Solving Utility**  
Score: 7/10  
**Rationale:** Has potential to lead to new therapies for difficult-to-treat CNS tumors, addressing a major clinical challenge.  
**Suggestions:** Present preliminary data or simulations showing potential therapeutic benefit in models of non-glioma CNS tumors.

---

**Criterion 11: Interdisciplinary Impact**  
Score: 9/10  
**Rationale:** Bridges oncology, immunology, neurology, and microbiome science, with potential impact in each field.  
**Suggestions:** Engage collaborators from each discipline early to maximize impact and rigor.

---

**Criterion 12: Ethical Considerations**  
Score: 7/10  
**Rationale:** Generally low risk, though interventions modifying the microbiome in cancer patients require careful ethical review.  
**Suggestions:** Develop patient safeguarding protocols and consider unintended microbiome effects.

---

**Criterion 13: Scalability**  
Score: 6/10  
**Rationale:** Translational scalability may be limited by the complexity of microbiome interventions and individual variability.  
**Suggestions:** Design studies to assess reproducibility across diverse patient populations and tumor types.

---

**Criterion 14: Replicability**  
Score: 7/10  
**Rationale:** Methodologically, the experiments should be replicable, but variability in microbiome composition may complicate this.  
**Suggestions:** Standardize microbiome interventions and measurement protocols.

---

**Criterion 15: Theoretical Foundation**  
Score: 8/10  
**Rationale:** Well-grounded in emerging literature on the gut-brain-immune axis and tumor immunology.  
**Suggestions:** More explicitly cite foundational studies and mechanistic evidence.

---

**Criterion 16: Technological Feasibility**  
Score: 7/10  
**Rationale:** Techniques for manipulating the microbiome and tracking immune/tumor changes are available, but advanced metabolite tracking may be challenging.  
**Suggestions:** Integrate cutting-edge metabolomics and single-cell technologies to enhance feasibility.

---

**Criterion 17: Risk Assessment**  
Score: 6/10  
**Rationale:** Risks include off-target microbiome effects, immune complications, and the potential for null results in certain tumor types.  
**Suggestions:** Build in monitoring for adverse effects and contingency plans for lack of efficacy.

---

**Criterion 18: Sustainability**  
Score: 6/10  
**Rationale:** Long-term sustainability of microbiome interventions is unclear; repeated treatments may be needed.  
**Suggestions:** Investigate durable microbiome modulation strategies (e.g., engineered probiotics).

---

**Criterion 19: Societal Relevance**  
Score: 8/10  
**Rationale:** Addresses a major unmet medical need—improved treatment for deadly CNS tumors.  
**Suggestions:** Highlight potential benefits for patient quality of life and healthcare economics.

---

**Criterion 20: Future Research Potential**  
Score: 9/10  
**Rationale:** Opens up multiple new research avenues, including microbiome-based diagnostics, therapeutics, and mechanistic studies.  
**Suggestions:** Propose specific follow-up studies and translational pathways.

---

### Metadata

- Generation Type: New (Significant Change)
- Parent Idea: 13
- Created as new idea due to significant change


================================================================================
TIMESTAMP: 2025-05-28 10:59:37
PHASE: Tournament Round 2, ROUND: 2, ELO SCORE: 1231.8
UNIQUE_ID: 3f0a5e82-6ab91006
================================================================================

## Tournament Results (Round 2)

**Rank:** 3 out of 19
**ELO Rating:** 1231.8

### Idea

**Title**: is generalizable beyond glioma to other CNS tumors...

**Paragraph 3**: ** There is growing empirical evidence for the gut-brain-immune axis [Colombo 2021; Ma 2022], and this idea is theoretically sound, unifying microbiome and tumor immunology. Explanatory power is high for microbiome-related differences in brain tumor outcomes. Falsifiability is achieved by blocking metabolite transport and observing immune/tumor changes. The approach is generalizable beyond glioma to other CNS tumors, innovative, and methodologically rigorous. Future research could identify microbiome-targeted adjuvants for brain tumor immunotherapy.

**Approach**: is generalizable beyond glioma to other CNS tumors, innovative, and methodologically rigorous. Future research could identify microbiome-targeted adjuvants for brain tumor immunotherapy.



