IDEA 69 EVOLUTION LOG

================================================================================
TIMESTAMP: 2025-05-28 11:19:04
PHASE: New Idea (Significant Change), ROUND: 4
UNIQUE_ID: 714fef96-b140bd63
================================================================================

## New Idea from Significant Change (Round 4)

This idea represents a significant change from Idea 47.

**Title**: ** Specific microbiome-derived metabolites cross the BBB to...

**Key Idea**: ** Specific microbiome-derived metabolites cross the BBB to modulate immune phenotypes within brain tumors, affecting progression and therapy response.

**Approach**: is theoretically coherent, highly explanatory, and predictive—blocking metabolite transfer or immune reprogramming should alter outcomes. The hypothesis is falsifiable and generalizable across CNS tumors. Methodological rigor is ensured via multi-omics and functional manipulations. Innovation lies in targeting the microbiome–immune axis for CNS tumor therapy [Hsiao 2021].

## Comparison with Original

### Original Idea (ID: 47)

**Title**: ** Functional Ribosome Heterogeneity in Melanoma Therapeutic Escape

**Key Idea**: ** Ribosomal protein composition shifts promote selective translation of resistance-related mRNAs in melanoma, driving therapeutic escape.

**Paragraph 1**: **  
Cancer cells may adapt to therapy by altering their ribosome protein composition, creating a pool of "specialized ribosomes" optimized for translating resistance-linked mRNAs [Shi 2017; Mills 2017]. In melanoma, this adaptive translation is hypothesized to underlie the emergence of drug-resistant phenotypes, with specific ribosomal proteins or rRNA modifications facilitating selective mRNA engagement. The novelty is the focus on ribosome function as a modifiable resistance driver.

**Paragraph 2**: **  
Ribosome profiling and CRISPR-mediated perturbation of candidate ribosomal proteins will be undertaken in therapy-resistant and sensitive melanoma cells. Polysome RNA-seq will identify selectively translated mRNAs. Functional resistance assays will test the necessity of candidate ribosomal proteins for survival under therapy. The main challenge is establishing direct causality, addressed via loss- and gain-of-function studies and rescue experiments.

**Paragraph 3**: **  
The idea is empirically supported by findings of ribosomal heterogeneity in cancer [Mills 2017]. Theoretically, it expands resistance models to the translational level with strong explanatory and predictive power. Falsifiability is ensured via CRISPR perturbation. The approach is methodologically robust, generalizable, and innovative, opening the door to translation-targeted therapies. Future research could screen for drugs disrupting specialized ribosomes.

**Approach**: is methodologically robust, generalizable, and innovative, opening the door to translation-targeted therapies. Future research could screen for drugs disrupting specialized ribosomes.

**Key References**: ** [Shi 2017], [Mills 2017]  
**Refinements:** Sharpened focus on functional causality, clarified multi-step approach, added rescue experiments.

### Scientific Evaluation

| Criterion | Score |
|---|---:|
| Empirical Support | 5.0/10 |
| Theoretical Coherence | 8.0/10 |
| Explanatory Power | 7.0/10 |
| Predictive Capability | 7.0/10 |
| Falsifiability | 8.0/10 |
| Parsimony | 6.0/10 |
| Generalizability | 7.0/10 |
| Methodological Rigor | 8.0/10 |
| Innovation | 9.0/10 |
| Problem-Solving Utility | 7.0/10 |
| Interdisciplinary Impact | 8.0/10 |
| Ethical Considerations | 7.0/10 |
| Scalability | 6.0/10 |
| Replicability | 7.0/10 |
| Theoretical Foundation | 7.0/10 |
| Technological Feasibility | 7.0/10 |
| Risk Assessment | 6.0/10 |
| Sustainability | 6.0/10 |
| Societal Relevance | 8.0/10 |
| Future Research Potential | 9.0/10 |

### Detailed Evaluation

**1. Empirical Support**  
Score: 5/10  
*Explanation*: There is emerging but limited direct evidence for microbiome-derived metabolites crossing the BBB and modulating brain tumor immunity. Most support comes from related areas (e.g., gut-brain axis, peripheral immune modulation).  
*Suggestions*: Strengthen by referencing more preclinical data or pilot studies showing metabolite transport and immune modulation in CNS tumors.

**2. Theoretical Coherence**  
Score: 8/10  
*Explanation*: The proposed mechanism is logically consistent with current knowledge of the microbiome–immune–brain axis.  
*Suggestions*: Clarify specific metabolite classes and immune pathways to further increase coherence.

**3. Explanatory Power**  
Score: 7/10  
*Explanation*: The hypothesis could explain variable therapy responses and tumor progression in CNS cancers, linking systemic and local factors.  
*Suggestions*: Illustrate with specific cases or anomalies in clinical outcomes that this hypothesis could explain.

**4. Predictive Capability**  
Score: 7/10  
*Explanation*: Blocking metabolite transfer or reprogramming the immune axis should yield observable effects, enabling predictions.  
*Suggestions*: Define measurable endpoints and biomarkers for prediction (e.g., immune cell profiles, metabolite levels).

**5. Falsifiability**  
Score: 8/10  
*Explanation*: The hypothesis is testable—failure to detect metabolite transfer or immune effects would disprove it.  
*Suggestions*: Specify key experiments that would definitively falsify the hypothesis.

**6. Parsimony**  
Score: 6/10  
*Explanation*: The idea integrates multiple systems (microbiome, BBB, immune, tumor), which is complex but not unnecessarily so.  
*Suggestions*: Highlight the most direct pathways or metabolites to streamline the hypothesis further.

**7. Generalizability**  
Score: 7/10  
*Explanation*: The mechanism may apply across CNS tumor types and possibly other immune-sensitive brain diseases.  
*Suggestions*: Suggest testing in distinct CNS cancers and possibly in primary vs. metastatic tumors.

**8. Methodological Rigor**  
Score: 8/10  
*Explanation*: The multi-omics and functional approaches proposed are robust and comprehensive.  
*Suggestions*: Include details on controls, validation cohorts, and statistical methods to strengthen rigor.

**9. Innovation**  
Score: 9/10  
*Explanation*: Targeting microbiome-derived metabolites in CNS tumor immunity is highly novel and underexplored.  
*Suggestions*: Identify unique metabolites or intervention strategies to further differentiate from existing research.

**10. Problem-Solving Utility**  
Score: 7/10  
*Explanation*: If validated, this could open new diagnostic and therapeutic avenues for difficult brain cancers.  
*Suggestions*: Propose specific therapeutic or diagnostic tools stemming from the hypothesis.

**11. Interdisciplinary Impact**  
Score: 8/10  
*Explanation*: The idea bridges oncology, immunology, microbiome science, neuroscience, and pharmacology.  
*Suggestions*: Foster collaborations with experts in each field to maximize impact.

**12. Ethical Considerations**  
Score: 7/10  
*Explanation*: Ethical risks are moderate (e.g., microbiome interventions, human studies) but manageable.  
*Suggestions*: Address patient consent, microbiome safety, and off-target effects proactively.

**13. Scalability**  
Score: 6/10  
*Explanation*: Translating from animal models to humans and scaling interventions may be challenging.  
*Suggestions*: Design modular studies that facilitate stepwise scaling, from in vitro to in vivo to clinical.

**14. Replicability**  
Score: 7/10  
*Explanation*: Use of omics and functional assays supports replicability, but microbiome studies can show site/individual variability.  
*Suggestions*: Standardize protocols and include multicenter replication as part of the plan.

**15. Theoretical Foundation**  
Score: 7/10  
*Explanation*: Rooted in emerging literature on microbiome-brain and tumor immunity, but with a novel twist.  
*Suggestions*: Provide a more comprehensive review of supporting theoretical models.

**16. Technological Feasibility**  
Score: 7/10  
*Explanation*: Current technologies (multi-omics, BBB models, immune profiling) can address the main aims, though technical hurdles remain.  
*Suggestions*: Pilot feasibility studies in relevant models before full-scale experiments.

**17. Risk Assessment**  
Score: 6/10  
*Explanation*: Risks include negative findings, off-target effects, and complexity in controlling microbiome variables.  
*Suggestions*: Include risk mitigation strategies (e.g., defined microbial communities, alternative models).

**18. Sustainability**  
Score: 6/10  
*Explanation*: The approach is resource-intensive (omics, animal models, interventions) but potentially sustainable with phased funding.  
*Suggestions*: Plan for resource sharing, open data, and collaborative infrastructure.

**19. Societal Relevance**  
Score: 8/10  
*Explanation*: Addresses urgent needs in brain cancer diagnosis and treatment, with broad health implications.  
*Suggestions*: Engage with patient advocacy groups and public stakeholders early on.

**20. Future Research Potential**  
Score: 9/10  
*Explanation*: This could open multiple new research avenues in cancer, immunology, and microbiome science.  
*Suggestions*: Outline possible spin-off projects and long-term research trajectories.

---

**Summary Table (for quick reference):**

| Criterion                          | Score (/10) |
|-------------------------------------|-------------|
| 1. Empirical Support                | 5           |
| 2. Theoretical Coherence            | 8           |
| 3. Explanatory Power                | 7           |
| 4. Predictive Capability            | 7           |
| 5. Falsifiability                   | 8           |
| 6. Parsimony                        | 6           |
| 7. Generalizability                 | 7           |
| 8. Methodological Rigor             | 8           |
| 9. Innovation                       | 9           |
| 10. Problem-Solving Utility         | 7           |
| 11. Interdisciplinary Impact        | 8           |
| 12. Ethical Considerations          | 7           |
| 13. Scalability                     | 6           |
| 14. Replicability                   | 7           |
| 15. Theoretical Foundation          | 7           |
| 16. Technological Feasibility       | 7           |
| 17. Risk Assessment                 | 6           |
| 18. Sustainability                  | 6           |
| 19. Societal Relevance              | 8           |
| 20. Future Research Potential       | 9           |

### Metadata

- Generation Type: New (Significant Change)
- Parent Idea: 47
- Created as new idea due to significant change


================================================================================
TIMESTAMP: 2025-05-28 11:24:52
PHASE: Tournament Round 4, ROUND: 4, ELO SCORE: 1264.2
UNIQUE_ID: 714fef96-b140bd63
================================================================================

## Tournament Results (Round 4)

**Rank:** 3 out of 19
**ELO Rating:** 1264.2

### Idea

**Title**: ** Specific microbiome-derived metabolites cross the BBB to...

**Key Idea**: ** Specific microbiome-derived metabolites cross the BBB to modulate immune phenotypes within brain tumors, affecting progression and therapy response.

**Approach**: is theoretically coherent, highly explanatory, and predictive—blocking metabolite transfer or immune reprogramming should alter outcomes. The hypothesis is falsifiable and generalizable across CNS tumors. Methodological rigor is ensured via multi-omics and functional manipulations. Innovation lies in targeting the microbiome–immune axis for CNS tumor therapy [Hsiao 2021].



