IDEA 86 EVOLUTION LOG

================================================================================
TIMESTAMP: 2025-05-28 11:30:09
PHASE: New Idea (Significant Change), ROUND: 5
UNIQUE_ID: a6ce2646-17064d19
================================================================================

## New Idea from Significant Change (Round 5)

This idea represents a significant change from Idea 73.

**Title**: #### 2. **Pan-Cancer m6A-Stress Granule Axis for Reversible Dormancy**

**Key Idea**: #### 2. **Pan-Cancer m6A-Stress Granule Axis for Reversible Dormancy**

## Comparison with Original

### Original Idea (ID: 73)

**Title**: ** BBB transporter expression modulates brain tumor immunity...

**Key Idea**: ** BBB transporter expression modulates brain tumor immunity by controlling entry of specific gut microbiome-derived metabolites.

**Approach**: is generalizable to other CNS pathologies. Methodological rigor is ensured by combined metabolomics, genetics, and imaging. Future research could harness transporter modulation for therapeutic benefit [Banks 2020].

### Scientific Evaluation

| Criterion | Score |
|---|---:|
| Empirical Support | 4.0/10 |
| Theoretical Coherence | 7.0/10 |
| Explanatory Power | 6.0/10 |
| Predictive Capability | 7.0/10 |
| Falsifiability | 8.0/10 |
| Parsimony | 5.0/10 |
| Generalizability | 7.0/10 |
| Methodological Rigor | 6.0/10 |
| Innovation | 9.0/10 |
| Problem-Solving Utility | 8.0/10 |
| Interdisciplinary Impact | 7.0/10 |
| Ethical Considerations | 6.0/10 |
| Scalability | 6.0/10 |
| Replicability | 6.0/10 |
| Theoretical Foundation | 5.0/10 |
| Technological Feasibility | 7.0/10 |
| Risk Assessment | 5.0/10 |
| Sustainability | 6.0/10 |
| Societal Relevance | 8.0/10 |
| Future Research Potential | 9.0/10 |

### Detailed Evaluation

Certainly! Here is a detailed evaluation of the hypothesis **“Pan-Cancer m6A-Stress Granule Axis for Reversible Dormancy”** against the 20 scientific criteria in relation to the stated research goal.

---

### 1. Empirical Support
**Score: 4/10**  
**Explanation:**  
There is emerging evidence linking m6A RNA modifications and stress granules in cancer biology, but the specific axis controlling reversible dormancy across pan-cancer contexts is not yet well supported by direct empirical data.  
**Suggestions:**  
- Conduct systematic reviews to identify indirect supporting evidence.
- Perform pilot experiments to establish initial associations in multiple cancer models.

---

### 2. Theoretical Coherence
**Score: 7/10**  
**Explanation:**  
The idea logically connects RNA modification (m6A), stress responses, and dormancy, which is conceptually sound and internally consistent.  
**Suggestions:**  
- Clarify the molecular mechanisms proposed.
- Develop a detailed conceptual model mapping the axis.

---

### 3. Explanatory Power
**Score: 6/10**  
**Explanation:**  
If validated, the hypothesis could explain mechanisms underlying cancer dormancy and resistance to therapies in multiple cancer types. Current explanatory power is moderate due to lack of direct evidence.  
**Suggestions:**  
- Specify which dormancy phenomena it explains better than current models.
- Compare with other explanations in literature.

---

### 4. Predictive Capability
**Score: 7/10**  
**Explanation:**  
The hypothesis should yield testable predictions (e.g., manipulation of m6A or stress granule components alters dormancy states).  
**Suggestions:**  
- Formulate precise, measurable predictions.
- Design experiments to test reversibility of dormancy by modulating the axis.

---

### 5. Falsifiability
**Score: 8/10**  
**Explanation:**  
Clear experimental interventions (e.g., CRISPR knockdown, chemical inhibitors) could disprove the proposed axis’s role in dormancy.  
**Suggestions:**  
- Define clear criteria for falsification.
- Propose negative control experiments.

---

### 6. Parsimony
**Score: 5/10**  
**Explanation:**  
The hypothesis incorporates multiple cellular components and processes, making it somewhat complex.  
**Suggestions:**  
- Focus on the minimal set of essential factors initially.
- Consider if any steps or components can be omitted for simplicity.

---

### 7. Generalizability
**Score: 7/10**  
**Explanation:**  
If validated, could apply across many cancer types (pan-cancer relevance).  
**Suggestions:**  
- Demonstrate applicability in diverse in vitro and in vivo models.
- Test in both solid and hematological malignancies.

---

### 8. Methodological Rigor
**Score: 6/10**  
**Explanation:**  
Requires advanced molecular tools and careful experimental design, but methods are feasible and established in the field.  
**Suggestions:**  
- Pre-register experimental protocols.
- Implement rigorous controls and replicates.

---

### 9. Innovation
**Score: 9/10**  
**Explanation:**  
Highly novel in proposing an m6A-stress granule axis as a master regulator of reversible dormancy across cancers.  
**Suggestions:**  
- Explicitly state how this differs from prior hypotheses.
- Highlight potential for paradigm shift.

---

### 10. Problem-Solving Utility
**Score: 8/10**  
**Explanation:**  
If proven, could guide new therapies targeting cancer dormancy, addressing recurrence and resistance.  
**Suggestions:**  
- Propose translational pathways to clinical application.
- Identify which patient populations would benefit most.

---

### 11. Interdisciplinary Impact
**Score: 7/10**  
**Explanation:**  
Touches on oncology, molecular biology, RNA biology, and potentially immunology and drug development.  
**Suggestions:**  
- Collaborate with experts in RNA modification, stress biology, and clinical oncology.
- Present at interdisciplinary conferences.

---

### 12. Ethical Considerations
**Score: 6/10**  
**Explanation:**  
Generally low risk, but therapeutic targeting of dormancy mechanisms may have unforeseen consequences (e.g., awakening dormant cells).  
**Suggestions:**  
- Conduct thorough risk/benefit analyses.
- Plan preclinical safety studies.

---

### 13. Scalability
**Score: 6/10**  
**Explanation:**  
Initial studies may be labor-intensive, but high-throughput screens are possible once axis components are identified.  
**Suggestions:**  
- Develop scalable assays for m6A and stress granule dynamics.
- Plan for eventual clinical translation.

---

### 14. Replicability
**Score: 6/10**  
**Explanation:**  
With clear methods, findings should be replicable across labs, pending biological variability in cancer models.  
**Suggestions:**  
- Standardize protocols and reagents.
- Share data and methods openly.

---

### 15. Theoretical Foundation
**Score: 5/10**  
**Explanation:**  
Builds on recent findings in m6A and stress granules, but pan-cancer dormancy axis is not yet established in foundational literature.  
**Suggestions:**  
- Strengthen links to established theories in the proposal.
- Reference foundational work in related mechanisms.

---

### 16. Technological Feasibility
**Score: 7/10**  
**Explanation:**  
Current technologies (CRISPR, mass spectrometry, single-cell RNA-seq) enable study of proposed mechanisms.  
**Suggestions:**  
- Identify any technological bottlenecks.
- Incorporate emerging tools as needed.

---

### 17. Risk Assessment
**Score: 5/10**  
**Explanation:**  
Risk of negative results or inability to demonstrate pan-cancer relevance. Some technical and interpretive risks.  
**Suggestions:**  
- Plan for alternative approaches.
- Conduct feasibility and pilot studies.

---

### 18. Sustainability
**Score: 6/10**  
**Explanation:**  
Research can be sustained with moderate resources and existing lab techniques, but may require significant funding for large-scale validation.  
**Suggestions:**  
- Seek cross-institutional partnerships.
- Apply for multi-year grants.

---

### 19. Societal Relevance
**Score: 8/10**  
**Explanation:**  
Potential to significantly impact cancer treatment and survivorship, especially for hard-to-treat cancers.  
**Suggestions:**  
- Engage patient advocacy groups.
- Communicate potential benefits to the public.

---

### 20. Future Research Potential
**Score: 9/10**  
**Explanation:**  
Opens up multiple avenues for further research on cancer dormancy, RNA modifications, and therapeutic targets.  
**Suggestions:**  
- Outline prospective follow-up studies.
- Identify knowledge gaps for future investigation.

---

## Summary Table

| Criterion | Score (/10) |
|-----------|-------------|
| 1         | 4           |
| 2         | 7           |
| 3         | 6           |
| 4         | 7           |
| 5         | 8           |
| 6         | 5           |
| 7         | 7           |
| 8         | 6           |
| 9         | 9           |
| 10        | 8           |
| 11        | 7           |
| 12        | 6           |
| 13        | 6           |
| 14        | 6           |
| 15        | 5           |
| 16        | 7           |
| 17        | 5           |
| 18        | 6           |
| 19        | 8           |
| 20        | 9           |

---

**Overall:**  
This hypothesis is highly innovative and has strong potential societal and research impact, though it currently lacks direct empirical support and a robust theoretical foundation. Focus should be on gathering initial data, clarifying mechanisms, and demonstrating broad applicability.

### Metadata

- Generation Type: New (Significant Change)
- Parent Idea: 73
- Created as new idea due to significant change


================================================================================
TIMESTAMP: 2025-05-28 11:36:30
PHASE: Tournament Round 5, ROUND: 5, ELO SCORE: 1237.1
UNIQUE_ID: a6ce2646-17064d19
================================================================================

## Tournament Results (Round 5)

**Rank:** 10 out of 20
**ELO Rating:** 1237.1

### Idea

**Title**: #### 2. **Pan-Cancer m6A-Stress Granule Axis for Reversible Dormancy**

**Key Idea**: #### 2. **Pan-Cancer m6A-Stress Granule Axis for Reversible Dormancy**



