IDEA 33 EVOLUTION LOG

================================================================================
TIMESTAMP: 2025-05-28 10:56:09
PHASE: New Idea (Significant Change), ROUND: 2
UNIQUE_ID: cfeb3b35-7110d778
================================================================================

## New Idea from Significant Change (Round 2)

This idea represents a significant change from Idea 9.

**Title**: ** Ribosome profiling, CRISPR-mediated perturbatio...

**Approach**: ** Ribosome profiling, CRISPR-mediated perturbation, polysome RNA-seq, functional resistance assays.

## Comparison with Original

### Original Idea (ID: 9)

**Title**: ** Active retrotransposon elements generate tumor cell antig...

**Key Idea**: ** Active retrotransposon elements generate tumor cell antigenic diversity that enables immune escape in small cell lung cancer (SCLC).

**Paragraph**: of SCLC plasticity [Rodic 2015].

**Approach**: ** Sequence SCLC samples for retrotransposon activity; modulate LINE-1; assess antigenic diversity and immune response.

**Key References**: ** Rodic N, Burns KH. "Long interspersed element-1 (LINE-1): passenger or driver in human neoplasia?" PLoS Genet. 2015.

### Scientific Evaluation

| Criterion | Score |
|---|---:|
| Empirical Support | 5.0/10 |
| Theoretical Coherence | 7.0/10 |
| Explanatory Power | 6.0/10 |
| Predictive Capability | 6.0/10 |
| Falsifiability | 8.0/10 |
| Parsimony | 5.0/10 |
| Generalizability | 7.0/10 |
| Methodological Rigor | 8.0/10 |
| Innovation | 9.0/10 |
| Problem-Solving Utility | 7.0/10 |
| Interdisciplinary Impact | 7.0/10 |
| Ethical Considerations | 8.0/10 |
| Scalability | 6.0/10 |
| Replicability | 7.0/10 |
| Theoretical Foundation | 7.0/10 |
| Technological Feasibility | 8.0/10 |
| Risk Assessment | 5.0/10 |
| Sustainability | 6.0/10 |
| Societal Relevance | 8.0/10 |
| Future Research Potential | 9.0/10 |

### Detailed Evaluation

Certainly! Here’s a detailed evaluation of the proposed research idea—using ribosome profiling, CRISPR-mediated perturbation, polysome RNA-seq, and functional resistance assays for extremely novel cancer research hypotheses—against the 20 scientific criteria.

---

### Criterion 1: Empirical Support
**Score: 5/10**  
**Explanation:** The individual techniques (ribosome profiling, CRISPR, polysome RNA-seq, resistance assays) are well-established and supported by evidence in cancer biology. However, the combination—especially for generating entirely novel hypotheses—lacks direct empirical precedent, making the overall empirical support moderate.  
**Suggestions:** Provide specific preliminary data or case examples where this integrated approach yielded unexpected findings, or pilot feasibility studies in a relevant cancer model.

---

### Criterion 2: Theoretical Coherence
**Score: 7/10**  
**Explanation:** The approach is logically consistent: disrupting genes (CRISPR), measuring translational changes (ribosome profiling, polysome RNA-seq), and assessing phenotypic consequences (resistance assays) forms a coherent pipeline.  
**Suggestions:** Articulate a clear mechanistic rationale linking each step. For example, how will translation-level changes specifically inform novel resistance mechanisms?

---

### Criterion 3: Explanatory Power
**Score: 6/10**  
**Explanation:** This platform could explain how certain genetic and translational changes lead to drug resistance or persistence in difficult cancers. However, the specific explanatory scope depends on the hypotheses generated, which are not yet defined.  
**Suggestions:** Define example hypotheses or scenarios where this approach would reveal mechanisms not accessible to standard genomics or transcriptomics.

---

### Criterion 4: Predictive Capability
**Score: 6/10**  
**Explanation:** The integration of perturbation and profiling can enable predictions about gene function and resistance pathways. However, its predictive power for truly novel mechanisms remains to be demonstrated.  
**Suggestions:** Develop and test predictive models based on pilot data—e.g., can translational signatures reliably predict resistance phenotypes post-CRISPR?

---

### Criterion 5: Falsifiability
**Score: 8/10**  
**Explanation:** Experimental design is robustly falsifiable—perturbations and outcomes are measurable and testable.  
**Suggestions:** Explicitly define negative controls and alternative hypotheses to further strengthen falsifiability.

---

### Criterion 6: Parsimony
**Score: 5/10**  
**Explanation:** The approach is complex, requiring multiple high-throughput technologies and layers of analysis, which may reduce parsimony.  
**Suggestions:** Consider if some steps can be streamlined or omitted without loss of insight, or justify each component’s necessity.

---

### Criterion 7: Generalizability
**Score: 7/10**  
**Explanation:** The platform is potentially broadly applicable across cancer types, especially for those with therapy resistance.  
**Suggestions:** Clarify how adaptable the approach is to different cancer models and non-cancer contexts (e.g., other diseases with translational dysregulation).

---

### Criterion 8: Methodological Rigor
**Score: 8/10**  
**Explanation:** The outlined methods are state-of-the-art and, if properly executed, can generate high-quality data.  
**Suggestions:** Include robust controls, biological replicates, and validation steps (e.g., orthogonal confirmation of findings).

---

### Criterion 9: Innovation
**Score: 9/10**  
**Explanation:** Combining these technologies to uncover novel, translation-level mechanisms of resistance is highly innovative, especially if directed toward unexplored hypotheses.  
**Suggestions:** Emphasize aspects that are truly unique—such as targeting noncoding or uORF-encoded peptides in resistance.

---

### Criterion 10: Problem-Solving Utility
**Score: 7/10**  
**Explanation:** If successful, the approach could uncover new therapeutic targets and diagnostic markers for hard-to-treat cancers.  
**Suggestions:** Provide specific examples of how actionable findings from this workflow could directly impact clinical practice.

---

### Criterion 11: Interdisciplinary Impact
**Score: 7/10**  
**Explanation:** The research integrates genomics, molecular biology, bioinformatics, and clinical oncology, making it relevant across multiple fields.  
**Suggestions:** Engage collaborators from computational biology, structural biology, or pharmacology to extend the impact.

---

### Criterion 12: Ethical Considerations
**Score: 8/10**  
**Explanation:** Standard ethical issues for cancer research involving genetic perturbation and human samples apply. No unusual risks identified.  
**Suggestions:** Plan for patient consent, data privacy, and off-target effects from CRISPR perturbations.

---

### Criterion 13: Scalability
**Score: 6/10**  
**Explanation:** While each method is scalable, the full pipeline is resource-intensive (cost, labor, data analysis).  
**Suggestions:** Develop streamlined workflows or automation to enhance scalability; prioritize key perturbations for deeper analysis.

---

### Criterion 14: Replicability
**Score: 7/10**  
**Explanation:** The approach is inherently reproducible if protocols and data are shared.  
**Suggestions:** Pre-register protocols, use standardized reagents, and deposit data in public repositories.

---

### Criterion 15: Theoretical Foundation
**Score: 7/10**  
**Explanation:** The methods are grounded in established science, though their integration for hypothesis generation is novel.  
**Suggestions:** Cite foundational studies for each component and explicitly bridge to the new context.

---

### Criterion 16: Technological Feasibility
**Score: 8/10**  
**Explanation:** The individual technologies are mature and widely available; integration is feasible with existing platforms.  
**Suggestions:** Pilot integration on a small scale to identify bottlenecks or technical challenges.

---

### Criterion 17: Risk Assessment
**Score: 5/10**  
**Explanation:** Risks include technical failures, off-target CRISPR effects, and overwhelming data complexity.  
**Suggestions:** Incorporate contingency plans, validation steps, and robust data analysis pipelines.

---

### Criterion 18: Sustainability
**Score: 6/10**  
**Explanation:** Resource requirements may limit long-term viability in some settings due to high costs and labor.  
**Suggestions:** Explore cost-sharing, consortia, or phased projects to enhance sustainability.

---

### Criterion 19: Societal Relevance
**Score: 8/10**  
**Explanation:** Success could greatly benefit patients with difficult-to-treat cancers and inform precision medicine.  
**Suggestions:** Engage with patient advocacy groups and clinicians to ensure relevance and rapid translation.

---

### Criterion 20: Future Research Potential
**Score: 9/10**  
**Explanation:** This platform can generate new hypotheses, targets, and research directions, fueling future studies.  
**Suggestions:** Set up open-access data sharing and “challenge grants” to encourage others to build on the findings.

---

**Summary**:  
This research idea scores highly on innovation, feasibility, and future potential, but needs improvements in parsimony, empirical support for the integrated approach, and planning for scalability and sustainability. Clearer articulation of specific novel hypotheses and streamlining of methodology will enhance its impact and utility.

### Metadata

- Generation Type: New (Significant Change)
- Parent Idea: 9
- Created as new idea due to significant change


================================================================================
TIMESTAMP: 2025-05-28 10:59:37
PHASE: Tournament Round 2, ROUND: 2, ELO SCORE: 1206.5
UNIQUE_ID: cfeb3b35-7110d778
================================================================================

## Tournament Results (Round 2)

**Rank:** 7 out of 19
**ELO Rating:** 1206.5

### Idea

**Title**: ** Ribosome profiling, CRISPR-mediated perturbatio...

**Approach**: ** Ribosome profiling, CRISPR-mediated perturbation, polysome RNA-seq, functional resistance assays.



