IDEA 59 EVOLUTION LOG

================================================================================
TIMESTAMP: 2025-05-28 11:10:27
PHASE: New Idea (Significant Change), ROUND: 3
UNIQUE_ID: dd45d7e8-416aef29
================================================================================

## New Idea from Significant Change (Round 3)

This idea represents a significant change from Idea 27.

**Title**: ** Mechanistic Dissection of Stress Granule-m6A Interactions in Cancer

**Key Idea**: ** Detailed experimental mapping of stress granule and m6A interactions reveals new resistance mechanisms in cancer.

**Paragraph 1**: **  
This idea aims to dissect the mechanistic interplay between stress granule assembly and m6A mRNA modification in therapy-resistant cancers [Anders 2018; Barbieri 2017; Youn 2019]. By mapping the interactome and functional consequences, it seeks to identify new therapeutic vulnerabilities. The novelty is in the depth of mechanistic analysis and integration of spatial and epitranscriptomic data.

**Paragraph 2**: **  
SGs will be isolated and characterized for mRNA content and modifications. Interactome mapping (CLIP-seq, proteomics) will identify key players. Disruption experiments (CRISPR, RNAi, inhibitors) will assess functional relevance. In vivo validation will confirm translational potential.

**Paragraph 3**: **  
The model is supported by literature [Anders 2018; Barbieri 2017; Youn 2019], theoretically coherent, and falsifiable. Methodological rigor is enhanced by multi-modal analysis. The approach is innovative and opens new research avenues.

**Approach**: is innovative and opens new research avenues.

**Key References**: ** [Anders 2018], [Barbieri 2017], [Youn 2019]  
**Refinements:** Added mechanistic mapping, increased experimental detail, highlighted translational potential.

## Comparison with Original

### Original Idea (ID: 27)

**Title**: , more detailed experimental design, and additiona...

**Approach**: , more detailed experimental design, and additional references to strengthen mechanistic plausibility.*

**Key References**: ** [Anders 2018], [Barbieri 2017], [Youn 2019]

### Scientific Evaluation

| Criterion | Score |
|---|---:|
| Empirical Support | 7.0/10 |
| Theoretical Coherence | 9.0/10 |
| Explanatory Power | 8.0/10 |
| Predictive Capability | 7.0/10 |
| Falsifiability | 8.0/10 |
| Parsimony | 6.0/10 |
| Generalizability | 7.0/10 |
| Methodological Rigor | 8.0/10 |
| Innovation | 9.0/10 |
| Problem-Solving Utility | 7.0/10 |
| Interdisciplinary Impact | 8.0/10 |
| Ethical Considerations | 8.0/10 |
| Scalability | 6.0/10 |
| Replicability | 7.0/10 |
| Theoretical Foundation | 8.0/10 |
| Technological Feasibility | 7.0/10 |
| Risk Assessment | 6.0/10 |
| Sustainability | 6.0/10 |
| Societal Relevance | 8.0/10 |
| Future Research Potential | 9.0/10 |

### Detailed Evaluation

Certainly! Here is a detailed evaluation of the proposed research idea “Mechanistic Dissection of Stress Granule-m6A Interactions in Cancer” against the 20 scientific criteria, including scores, rationales, and concrete improvement suggestions.

---

### Criterion 1 (Empirical Support)
**Score: 7/10**  
**Explanation:**  
The idea builds on recent evidence linking stress granules (SGs) and m6A RNA modifications in cancer, with references supporting their relevance. However, it proposes a mechanistic depth and integration not yet achieved in literature, so some empirical uncertainty remains on the specifics.

**Suggestions:**  
- Pilot studies demonstrating feasibility of proposed mappings.
- Preliminary data on SG-m6A interactions in therapy-resistant tumor samples.

---

### Criterion 2 (Theoretical Coherence)
**Score: 9/10**  
**Explanation:**  
The concept is logically sound, integrating two well-documented mechanisms (SGs, m6A) in cancer biology. The approach is clearly articulated and internally consistent.

**Suggestions:**  
- Explicitly define the hypothesized mechanisms of interplay.
- Diagrammatic models to clarify causal relationships.

---

### Criterion 3 (Explanatory Power)
**Score: 8/10**  
**Explanation:**  
If successful, the project could explain aspects of therapy resistance and cellular stress response in cancer, which are currently poorly understood.

**Suggestions:**  
- Specify which resistance phenotypes are hypothesized to be explained.
- Compare with other models of resistance for added context.

---

### Criterion 4 (Predictive Capability)
**Score: 7/10**  
**Explanation:**  
The project can generate testable predictions (e.g., disruption of m6A/SG interactions alters resistance), but more explicit predictive statements would strengthen this.

**Suggestions:**  
- Formulate clear, testable hypotheses (e.g., loss of specific m6A marks reduces SG assembly in resistant tumors).
- Design experiments to quantify predictive accuracy.

---

### Criterion 5 (Falsifiability)
**Score: 8/10**  
**Explanation:**  
The model is falsifiable: if no interaction or functional consequence is found, the hypothesis can be rejected.

**Suggestions:**  
- Define clear negative controls and alternative explanations.
- Specify criteria for disconfirming the hypothesis.

---

### Criterion 6 (Parsimony)
**Score: 6/10**  
**Explanation:**  
The approach is comprehensive but complex, integrating multiple omics and experimental platforms. This reduces parsimony but may be necessary for depth.

**Suggestions:**  
- Identify minimal experimental set needed to test the core hypothesis.
- Streamline the workflow for clarity.

---

### Criterion 7 (Generalizability)
**Score: 7/10**  
**Explanation:**  
Potentially generalizable to multiple therapy-resistant cancers, but focused on specific interactions.

**Suggestions:**  
- Plan for testing in diverse cancer types.
- Consider extending to other RNA modifications or stress response pathways.

---

### Criterion 8 (Methodological Rigor)
**Score: 8/10**  
**Explanation:**  
Utilizes state-of-the-art techniques (CLIP-seq, proteomics, CRISPR). Robust experimental design is implied.

**Suggestions:**  
- Detail controls, replicates, and statistical analysis plan.
- Address potential technical artifacts in SG or m6A profiling.

---

### Criterion 9 (Innovation)
**Score: 9/10**  
**Explanation:**  
Highly novel in combining mechanistic mapping of SGs and m6A with translational aims in resistant cancer. Not present in current literature.

**Suggestions:**  
- Highlight unique aspects in grant proposals and publications.
- Consider patenting novel findings.

---

### Criterion 10 (Problem-Solving Utility)
**Score: 7/10**  
**Explanation:**  
Strong potential for translational impact by uncovering new resistance mechanisms, but utility is contingent on experimental outcomes.

**Suggestions:**  
- Define specific clinical endpoints or biomarkers for therapeutic intervention.
- Engage with clinicians for translational alignment.

---

### Criterion 11 (Interdisciplinary Impact)
**Score: 8/10**  
**Explanation:**  
Bridges molecular biology, cancer research, bioinformatics, and potentially clinical oncology.

**Suggestions:**  
- Involve interdisciplinary teams (clinicians, computational biologists).
- Explore implications in neurobiology and cell stress beyond cancer.

---

### Criterion 12 (Ethical Considerations)
**Score: 8/10**  
**Explanation:**  
No major ethical issues anticipated if using anonymized samples and approved protocols.

**Suggestions:**  
- Ensure ethical review for animal/human sample work.
- Plan for data privacy and patient consent where applicable.

---

### Criterion 13 (Scalability)
**Score: 6/10**  
**Explanation:**  
Complex, multi-modal experiments may be difficult to scale across large cohorts or different labs.

**Suggestions:**  
- Develop standardized protocols.
- Pilot scalable, high-throughput approaches for SG and m6A profiling.

---

### Criterion 14 (Replicability)
**Score: 7/10**  
**Explanation:**  
Techniques are reproducible, but biological variability in tumors may affect replicability.

**Suggestions:**  
- Include diverse sample sets and independent validation cohorts.
- Share protocols and data openly.

---

### Criterion 15 (Theoretical Foundation)
**Score: 8/10**  
**Explanation:**  
Firmly rooted in established literature on SGs and m6A in cancer, though the integration is novel.

**Suggestions:**  
- Expand literature review to include more recent or tangentially related findings.
- Consider alternative theoretical frameworks.

---

### Criterion 16 (Technological Feasibility)
**Score: 7/10**  
**Explanation:**  
Technologies exist but are technically demanding and require specialized expertise.

**Suggestions:**  
- Partner with core facilities or labs with requisite skills.
- Budget for technology development and troubleshooting.

---

### Criterion 17 (Risk Assessment)
**Score: 6/10**  
**Explanation:**  
Risks include technical challenges, biological complexity, and ambiguous results.

**Suggestions:**  
- Identify backup strategies (e.g., alternative models or techniques).
- Pre-register risk mitigation plans.

---

### Criterion 18 (Sustainability)
**Score: 6/10**  
**Explanation:**  
Resource-intensive, requiring access to high-throughput platforms and possibly large sample sets.

**Suggestions:**  
- Seek sustainable funding.
- Use pilot data to justify larger investments.

---

### Criterion 19 (Societal Relevance)
**Score: 8/10**  
**Explanation:**  
Addresses urgent need for novel cancer therapies, particularly for resistant diseases.

**Suggestions:**  
- Engage patient advocacy groups.
- Communicate potential impact to the public and policymakers.

---

### Criterion 20 (Future Research Potential)
**Score: 9/10**  
**Explanation:**  
Likely to generate new hypotheses, targets, and research directions in both basic and translational domains.

**Suggestions:**  
- Build collaborations for downstream applications (e.g., drug discovery).
- Plan follow-up studies based on initial findings.

---

**Summary Table**

| Criterion | Score |
|-----------|-------|
| 1         | 7     |
| 2         | 9     |
| 3         | 8     |
| 4         | 7     |
| 5         | 8     |
| 6         | 6     |
| 7         | 7     |
| 8         | 8     |
| 9         | 9     |
| 10        | 7     |
| 11        | 8     |
| 12        | 8     |
| 13        | 6     |
| 14        | 7     |
| 15        | 8     |
| 16        | 7     |
| 17        | 6     |
| 18        | 6     |
| 19        | 8     |
| 20        | 9     |

---

**Overall:**  
The proposal is highly innovative, theoretically sound, and has strong potential for impact, but faces some risks and logistical challenges that should be proactively addressed. Enhancing parsimony, scalability, and risk mitigation will strengthen the plan further.

### Metadata

- Generation Type: New (Significant Change)
- Parent Idea: 27
- Created as new idea due to significant change


================================================================================
TIMESTAMP: 2025-05-28 11:12:37
PHASE: Tournament Round 3, ROUND: 3, ELO SCORE: 1192.9
UNIQUE_ID: dd45d7e8-416aef29
================================================================================

## Tournament Results (Round 3)

**Rank:** 13 out of 20
**ELO Rating:** 1192.9

### Idea

**Title**: ** Mechanistic Dissection of Stress Granule-m6A Interactions in Cancer

**Key Idea**: ** Detailed experimental mapping of stress granule and m6A interactions reveals new resistance mechanisms in cancer.

**Paragraph 1**: **  
This idea aims to dissect the mechanistic interplay between stress granule assembly and m6A mRNA modification in therapy-resistant cancers [Anders 2018; Barbieri 2017; Youn 2019]. By mapping the interactome and functional consequences, it seeks to identify new therapeutic vulnerabilities. The novelty is in the depth of mechanistic analysis and integration of spatial and epitranscriptomic data.

**Paragraph 2**: **  
SGs will be isolated and characterized for mRNA content and modifications. Interactome mapping (CLIP-seq, proteomics) will identify key players. Disruption experiments (CRISPR, RNAi, inhibitors) will assess functional relevance. In vivo validation will confirm translational potential.

**Paragraph 3**: **  
The model is supported by literature [Anders 2018; Barbieri 2017; Youn 2019], theoretically coherent, and falsifiable. Methodological rigor is enhanced by multi-modal analysis. The approach is innovative and opens new research avenues.

**Approach**: is innovative and opens new research avenues.

**Key References**: ** [Anders 2018], [Barbieri 2017], [Youn 2019]  
**Refinements:** Added mechanistic mapping, increased experimental detail, highlighted translational potential.



