IDEA 24 EVOLUTION LOG

================================================================================
TIMESTAMP: 2025-05-28 10:52:10
PHASE: Evolution, ROUND: 2
UNIQUE_ID: b8c82d39-6b6bc84e
================================================================================

## Refined Idea (Round 2)

**Title**: 2:** To address causality, experiments should isol...

**Paragraph 2**: ** To address causality, experiments should isolate SGs from pancreatic cancer cells under stress and profile mRNA modifications via high-throughput techniques (m6A-seq, LC-MS/MS). Disruption of SG assembly (e.g., G3BP1 knockdown) or epitranscriptomic writers (e.g., METTL3/14 CRISPR) will test effects on dormancy and therapy response in vitro and in xenograft models. Single-molecule RNA FISH and live-cell imaging will validate spatial sequestration and translation suppression. The challenge will be separating the effects of sequestration from modification, which can be addressed by orthogonal interventions.

## Comparison with Original

### Original Idea (ID: 15)

**Title**: ** Gastric cancer cells secrete circular RNAs that specifica...

**Key Idea**: ** Gastric cancer cells secrete circular RNAs that specifically modulate alternative splicing and isoform expression of p53 in neighboring cells.

**Approach**: ** Characterize tumor circRNAs; study effects on p53 splicing/isoforms; disrupt circRNAs; assess functional outcomes.

**Key References**: ** Kristensen LS et al. "The biogenesis, biology and characterization of circular RNAs." Nat Rev Genet. 2019.

### Scientific Evaluation

| Criterion | Score |
|---|---:|
| Empirical Support | 6.0/10 |
| Theoretical Coherence | 8.0/10 |
| Explanatory Power | 7.0/10 |
| Predictive Capability | 7.0/10 |
| Falsifiability | 9.0/10 |
| Parsimony | 6.0/10 |
| Generalizability | 5.0/10 |
| Methodological Rigor | 8.0/10 |
| Innovation | 9.0/10 |
| Problem-Solving Utility | 8.0/10 |
| Interdisciplinary Impact | 7.0/10 |
| Ethical Considerations | 8.0/10 |
| Scalability | 6.0/10 |
| Replicability | 7.0/10 |
| Theoretical Foundation | 7.0/10 |
| Technological Feasibility | 8.0/10 |
| Risk Assessment | 6.0/10 |
| Sustainability | 7.0/10 |
| Societal Relevance | 9.0/10 |
| Future Research Potential | 10.0/10 |

### Detailed Evaluation

Certainly! Here is a detailed evaluation of the proposed research idea according to your 20 scientific criteria:

---

### 1. Empirical Support  
**Score: 6/10**  
**Rationale:** The idea builds on established techniques (m6A-seq, LC-MS/MS, CRISPR, RNA FISH) and known roles of stress granules (SGs) and mRNA modifications in cancer. However, the direct link between SG-specific mRNA modifications and pancreatic cancer dormancy/therapy resistance is not yet well-supported in the literature, making this more exploratory.  
**Suggestions:** Reference precedent studies linking individual components (SGs, m6A, METTL3/14) with cancer cell dormancy and therapy response. Consider pilot studies to bolster empirical grounding.

---

### 2. Theoretical Coherence  
**Score: 8/10**  
**Rationale:** The logical flow—from SG formation, to mRNA modification, to cancer dormancy—is coherent and hypothesis-driven. The experimental plan aligns with the stated mechanistic question.  
**Suggestions:** Explicitly articulate the underlying causal model and address alternative explanations for observed effects.

---

### 3. Explanatory Power  
**Score: 7/10**  
**Rationale:** If successful, this work could explain mechanisms underlying therapy resistance and dormancy, major unsolved problems in pancreatic cancer.  
**Suggestions:** Broaden explanatory scope by integrating additional pathways or cell states influenced by SGs or m6A.

---

### 4. Predictive Capability  
**Score: 7/10**  
**Rationale:** The proposal enables clear, testable predictions (e.g., disrupting SGs or m6A writers will alter dormancy/therapy response).  
**Suggestions:** Predefine specific, quantitative outcomes for each intervention; consider including biomarker discovery elements.

---

### 5. Falsifiability  
**Score: 9/10**  
**Rationale:** The hypothesis can be directly falsified by showing that manipulating SGs/m6A does not affect dormancy or therapy response.  
**Suggestions:** Define negative controls and alternative endpoints to strengthen falsifiability.

---

### 6. Parsimony  
**Score: 6/10**  
**Rationale:** The approach is mechanistically focused but involves multiple interdependent manipulations (SGs, m6A, CRISPR, imaging), which can reduce parsimony.  
**Suggestions:** Where possible, simplify experimental design or clearly justify each experimental component.

---

### 7. Generalizability  
**Score: 5/10**  
**Rationale:** The proposal is focused on pancreatic cancer, which limits direct generalizability. However, SG biology and m6A modifications are relevant to other cancers.  
**Suggestions:** Include rationale for why findings might extend to other treatment-resistant cancers.

---

### 8. Methodological Rigor  
**Score: 8/10**  
**Rationale:** The plan employs cutting-edge, appropriate techniques and includes orthogonal approaches to address confounding.  
**Suggestions:** Detail controls and replicates; address sources of potential technical variability.

---

### 9. Innovation  
**Score: 9/10**  
**Rationale:** The intersection of SG isolation, epitranscriptomic profiling, and functional interrogation in cancer dormancy is highly novel and not well-explored in literature.  
**Suggestions:** Highlight what is truly unprecedented (e.g., SG-specific m6A profiling in cancer); consider integration of newer technologies (e.g., spatial transcriptomics).

---

### 10. Problem-Solving Utility  
**Score: 8/10**  
**Rationale:** Addresses urgent challenges in pancreatic cancer diagnosis/treatment by probing mechanisms of dormancy and resistance.  
**Suggestions:** Articulate potential translational pathways (e.g., targeting SGs or m6A for therapy).

---

### 11. Interdisciplinary Impact  
**Score: 7/10**  
**Rationale:** Bridges cancer biology, RNA biology, epigenetics, and bioinformatics.  
**Suggestions:** Propose collaborations with data scientists or chemical biologists to enhance interdisciplinarity.

---

### 12. Ethical Considerations  
**Score: 8/10**  
**Rationale:** Standard in vitro and animal models are proposed, with no obvious ethical red flags.  
**Suggestions:** Mention plans for ethical oversight, especially regarding animal welfare and any translational steps.

---

### 13. Scalability  
**Score: 6/10**  
**Rationale:** Single-cell and high-throughput approaches are scalable, but in vivo xenograft work may be resource-intensive.  
**Suggestions:** Plan for miniaturized or pooled screening approaches to increase throughput.

---

### 14. Replicability  
**Score: 7/10**  
**Rationale:** Methods are standardizable, but complexity of the experimental setup may challenge replication across labs.  
**Suggestions:** Develop detailed protocols and consider distributing materials (e.g., cell lines, reagents).

---

### 15. Theoretical Foundation  
**Score: 7/10**  
**Rationale:** Builds on robust knowledge of SGs, m6A, and cancer biology, but the specific link to dormancy is less established.  
**Suggestions:** Anchor more explicitly to foundational cancer dormancy theories.

---

### 16. Technological Feasibility  
**Score: 8/10**  
**Rationale:** All proposed techniques are available and feasible with current technology.  
**Suggestions:** Identify any technical bottlenecks (e.g., SG isolation purity) and propose troubleshooting strategies.

---

### 17. Risk Assessment  
**Score: 6/10**  
**Rationale:** High innovation comes with risk—uncertainty about SG-specific mRNA modification effects and model robustness.  
**Suggestions:** Include contingency plans for negative or ambiguous results.

---

### 18. Sustainability  
**Score: 7/10**  
**Rationale:** Uses renewable cell lines and standard animal models; resource usage is moderate.  
**Suggestions:** Consider lower-resource alternatives for pilot phases.

---

### 19. Societal Relevance  
**Score: 9/10**  
**Rationale:** Pancreatic cancer is a major unmet clinical need; understanding dormancy and resistance has high impact.  
**Suggestions:** Plan for stakeholder engagement (e.g., patient advocacy groups).

---

### 20. Future Research Potential  
**Score: 10/10**  
**Rationale:** Opens up new lines of investigation into SGs, epitranscriptomics, and cancer biology. May catalyze both mechanistic and translational research.  
**Suggestions:** Suggest follow-up studies or potential for drug discovery.

---

**Summary Table of Scores:**

| Criterion                                  | Score (/10) |
|---------------------------------------------|-------------|
| 1. Empirical Support                       | 6           |
| 2. Theoretical Coherence                   | 8           |
| 3. Explanatory Power                       | 7           |
| 4. Predictive Capability                   | 7           |
| 5. Falsifiability                          | 9           |
| 6. Parsimony                               | 6           |
| 7. Generalizability                        | 5           |
| 8. Methodological Rigor                    | 8           |
| 9. Innovation                              | 9           |
| 10. Problem-Solving Utility                | 8           |
| 11. Interdisciplinary Impact               | 7           |
| 12. Ethical Considerations                 | 8           |
| 13. Scalability                            | 6           |
| 14. Replicability                          | 7           |
| 15. Theoretical Foundation                 | 7           |
| 16. Technological Feasibility              | 8           |
| 17. Risk Assessment                        | 6           |
| 18. Sustainability                         | 7           |
| 19. Societal Relevance                     | 9           |
| 20. Future Research Potential              | 10          |

### Metadata

- Generation Type: Refinement
- Parent Idea: 15
- Refinement Count: 0


================================================================================
TIMESTAMP: 2025-05-28 10:59:37
PHASE: Tournament Round 2, ROUND: 2, ELO SCORE: 1233.6
UNIQUE_ID: b8c82d39-6b6bc84e
================================================================================

## Tournament Results (Round 2)

**Rank:** 2 out of 19
**ELO Rating:** 1233.6

### Idea

**Title**: 2:** To address causality, experiments should isol...

**Paragraph 2**: ** To address causality, experiments should isolate SGs from pancreatic cancer cells under stress and profile mRNA modifications via high-throughput techniques (m6A-seq, LC-MS/MS). Disruption of SG assembly (e.g., G3BP1 knockdown) or epitranscriptomic writers (e.g., METTL3/14 CRISPR) will test effects on dormancy and therapy response in vitro and in xenograft models. Single-molecule RNA FISH and live-cell imaging will validate spatial sequestration and translation suppression. The challenge will be separating the effects of sequestration from modification, which can be addressed by orthogonal interventions.



