IDEA 32 EVOLUTION LOG

================================================================================
TIMESTAMP: 2025-05-28 10:55:46
PHASE: Evolution, ROUND: 2
UNIQUE_ID: 6ed4a2df-9cd56574
================================================================================

## Refined Idea (Round 2)

**Title**: is moderately parsimonious, generalizable to other...

**Paragraph 3**: ** The idea is empirically supported by findings of ribosomal heterogeneity in cancer [Mills 2017]. Theoretically, it adds a new regulatory layer to resistance, with strong explanatory and predictive power for therapy outcomes. Falsifiability is ensured via loss/gain-of-function assays. The approach is moderately parsimonious, generalizable to other cancers with therapy resistance, and methodologically robust. Innovation is high due to the focus on ribosome specialization as a resistance driver. Future studies could screen for small molecules targeting these specialized ribosome subsets.

**Approach**: is moderately parsimonious, generalizable to other cancers with therapy resistance, and methodologically robust. Innovation is high due to the focus on ribosome specialization as a resistance driver. Future studies could screen for small molecules targeting these specialized ribosome subsets.

## Comparison with Original

### Original Idea (ID: 12)

**Title**: ** Loss of circadian rhythm synchrony in tumor-associated ma...

**Key Idea**: ** Loss of circadian rhythm synchrony in tumor-associated macrophages (TAMs) skews polarization toward pro-tumor phenotypes in hepatocellular carcinoma.

**Approach**: is methodologically rigorous. Generalizability is strong, with implications for other immunosuppressive tumors.

**Key References**: ** Sulli G et al. "The circadian clock, cancer, and immunity." Trends Cancer. 2019.

### Scientific Evaluation

| Criterion | Score |
|---|---:|
| Empirical Support | 5.0/10 |
| Theoretical Coherence | 5.0/10 |
| Explanatory Power | 5.0/10 |
| Predictive Capability | 5.0/10 |
| Falsifiability | 5.0/10 |
| Parsimony | 5.0/10 |
| Generalizability | 5.0/10 |
| Methodological Rigor | 5.0/10 |
| Innovation | 5.0/10 |
| Problem-Solving Utility | 5.0/10 |
| Interdisciplinary Impact | 5.0/10 |
| Ethical Considerations | 5.0/10 |
| Scalability | 5.0/10 |
| Replicability | 5.0/10 |
| Theoretical Foundation | 5.0/10 |
| Technological Feasibility | 5.0/10 |
| Risk Assessment | 5.0/10 |
| Sustainability | 5.0/10 |
| Societal Relevance | 5.0/10 |
| Future Research Potential | 5.0/10 |

### Detailed Evaluation

Certainly! Below is a structured evaluation of the proposed research idea—focusing on ribosome specialization as a driver of therapy resistance in cancer—against each of the 20 scientific criteria. Each section includes a score, rationale, and suggestions for improvement.

---

### Criterion 1 (Empirical Support)
**Score:** 7/10  
**Explanation:** The idea is supported by existing findings of ribosomal heterogeneity in cancer (e.g., Mills 2017). However, direct empirical evidence linking ribosome specialization specifically to therapy resistance is still emerging.  
**Suggestions for Improvement:**  
- Reference more recent or diverse empirical studies supporting ribosome specialization in therapy resistance.
- Design preliminary experiments or meta-analyses to further solidify empirical backing.

---

### Criterion 2 (Theoretical Coherence)
**Score:** 8/10  
**Explanation:** The hypothesis is logically structured, proposing that ribosome specialization adds a regulatory layer influencing resistance. The idea is clear and has solid internal logic.  
**Suggestions for Improvement:**  
- Elaborate on the theoretical mechanisms connecting ribosomal changes to resistance phenotypes.
- Integrate systems biology perspectives for increased coherence.

---

### Criterion 3 (Explanatory Power)
**Score:** 8/10  
**Explanation:** Linking ribosome specialization to therapy resistance could explain observed failures of current treatments in resistant cancers.  
**Suggestions for Improvement:**  
- Provide examples of resistance phenomena that could be uniquely explained by this hypothesis.
- Compare explanatory power with other resistance mechanisms.

---

### Criterion 4 (Predictive Capability)
**Score:** 7/10  
**Explanation:** The idea enables testable predictions (e.g., altering ribosome composition will affect resistance). However, prediction specificity could be improved.  
**Suggestions for Improvement:**  
- Define explicit, quantifiable predictions (e.g., which ribosomal subtypes are linked to resistance in certain cancers).
- Develop predictive biomarkers based on ribosomal profiles.

---

### Criterion 5 (Falsifiability)
**Score:** 9/10  
**Explanation:** The hypothesis is highly falsifiable via gain/loss-of-function assays targeting ribosomal subtypes.  
**Suggestions for Improvement:**  
- Specify negative controls and alternative explanations.
- Plan for orthogonal validation methods (e.g., using patient-derived xenografts).

---

### Criterion 6 (Parsimony)
**Score:** 7/10  
**Explanation:** The approach is moderately parsimonious, proposing one new regulatory layer rather than multiple complex mechanisms.  
**Suggestions for Improvement:**  
- Further simplify the mechanistic model if possible.
- Justify why ribosome specialization is the minimal sufficient explanation.

---

### Criterion 7 (Generalizability)
**Score:** 8/10  
**Explanation:** The hypothesis is framed to apply across various therapy-resistant cancers, implying good generalizability.  
**Suggestions for Improvement:**  
- Test the hypothesis in multiple cancer types.
- Specify limits to generalizability (e.g., tissue-specific exceptions).

---

### Criterion 8 (Methodological Rigor)
**Score:** 8/10  
**Explanation:** Proposed use of loss/gain-of-function and small molecule screens is methodologically sound.  
**Suggestions for Improvement:**  
- Detail statistical methods and controls.
- Include plans for longitudinal and multi-omics validation.

---

### Criterion 9 (Innovation)
**Score:** 9/10  
**Explanation:** Focus on ribosomal specialization as a resistance driver is highly novel and not widely explored in current literature.  
**Suggestions for Improvement:**  
- Clearly distinguish the idea from related fields (e.g., general translational control).
- Highlight how this approach could open new therapeutic avenues.

---

### Criterion 10 (Problem-Solving Utility)
**Score:** 7/10  
**Explanation:** If successful, the hypothesis could directly inform new therapeutic strategies for resistant cancers.  
**Suggestions for Improvement:**  
- Link the hypothesis to specific clinical workflows or drug development pipelines.
- Propose rapid translational steps if proof-of-concept is achieved.

---

### Criterion 11 (Interdisciplinary Impact)
**Score:** 8/10  
**Explanation:** The idea bridges molecular biology, oncology, pharmacology, and bioinformatics.  
**Suggestions for Improvement:**  
- Engage collaborators from proteomics and computational modeling.
- Consider implications for personalized medicine and diagnostics.

---

### Criterion 12 (Ethical Considerations)
**Score:** 7/10  
**Explanation:** Standard ethical considerations for cancer research apply; no major new risks identified.  
**Suggestions for Improvement:**  
- Address specific ethical concerns (e.g., off-target effects of ribosome-targeting drugs).
- Plan for patient consent and data privacy in clinical validation studies.

---

### Criterion 13 (Scalability)
**Score:** 7/10  
**Explanation:** Approach can be scaled to different cancer types and preclinical models, though clinical scalability is less clear.  
**Suggestions for Improvement:**  
- Outline how findings can transition from bench to bedside.
- Consider automation or high-throughput screening for larger-scale studies.

---

### Criterion 14 (Replicability)
**Score:** 8/10  
**Explanation:** Standardized assays and molecular biology methods should allow for good replicability.  
**Suggestions for Improvement:**  
- Pre-register experimental protocols.
- Encourage multi-center replication studies.

---

### Criterion 15 (Theoretical Foundation)
**Score:** 7/10  
**Explanation:** Builds on established knowledge of ribosomal heterogeneity but extends into less-charted territory.  
**Suggestions for Improvement:**  
- Strengthen references to foundational work on ribosomal biology.
- Connect more explicitly to established models of resistance.

---

### Criterion 16 (Technological Feasibility)
**Score:** 8/10  
**Explanation:** Current molecular biology techniques allow for ribosomal profiling and manipulation; small molecule screens are feasible.  
**Suggestions for Improvement:**  
- Address potential technical constraints (e.g., sensitivity of ribosome profiling).
- Incorporate emerging technologies (e.g., single-cell ribosome sequencing).

---

### Criterion 17 (Risk Assessment)
**Score:** 6/10  
**Explanation:** Risks include technical challenges, off-target effects, and the possibility that ribosome specialization is a passenger rather than a driver event.  
**Suggestions for Improvement:**  
- Develop contingency plans for negative results.
- Assess potential risks of targeting essential cellular machinery.

---

### Criterion 18 (Sustainability)
**Score:** 6/10  
**Explanation:** Resource-intensive in the short term; sustainability will depend on early proof-of-concept success.  
**Suggestions for Improvement:**  
- Plan for phased implementation to manage costs.
- Explore partnerships for resource sharing.

---

### Criterion 19 (Societal Relevance)
**Score:** 8/10  
**Explanation:** High relevance due to focus on therapy-resistant and difficult-to-treat cancers.  
**Suggestions for Improvement:**  
- Engage stakeholders (patients, clinicians) early in the research process.
- Communicate potential societal impact clearly to funders and the public.

---

### Criterion 20 (Future Research Potential)
**Score:** 9/10  
**Explanation:** The idea could spawn entirely new lines of research in cancer biology, translational medicine, and drug development.  
**Suggestions for Improvement:**  
- Outline a roadmap for follow-up studies (e.g., structure-function analysis, clinical trials).
- Encourage open data sharing to facilitate community engagement.

---

**Summary Table (for reference):**

| Criterion                       | Score (/10) |
|----------------------------------|-------------|
| Empirical Support                | 7           |
| Theoretical Coherence            | 8           |
| Explanatory Power                | 8           |
| Predictive Capability            | 7           |
| Falsifiability                   | 9           |
| Parsimony                        | 7           |
| Generalizability                 | 8           |
| Methodological Rigor             | 8           |
| Innovation                       | 9           |
| Problem-Solving Utility          | 7           |
| Interdisciplinary Impact         | 8           |
| Ethical Considerations           | 7           |
| Scalability                      | 7           |
| Replicability                    | 8           |
| Theoretical Foundation           | 7           |
| Technological Feasibility        | 8           |
| Risk Assessment                  | 6           |
| Sustainability                   | 6           |
| Societal Relevance               | 8           |
| Future Research Potential        | 9           |

---

Let me know if you need further breakdown, graphical summaries, or comparison to another idea!

### Metadata

- Generation Type: Refinement
- Parent Idea: 12
- Refinement Count: 0


================================================================================
TIMESTAMP: 2025-05-28 10:59:37
PHASE: Tournament Round 2, ROUND: 2, ELO SCORE: 1147.5
UNIQUE_ID: 6ed4a2df-9cd56574
================================================================================

## Tournament Results (Round 2)

**Rank:** 18 out of 19
**ELO Rating:** 1147.5

### Idea

**Title**: is moderately parsimonious, generalizable to other...

**Paragraph 3**: ** The idea is empirically supported by findings of ribosomal heterogeneity in cancer [Mills 2017]. Theoretically, it adds a new regulatory layer to resistance, with strong explanatory and predictive power for therapy outcomes. Falsifiability is ensured via loss/gain-of-function assays. The approach is moderately parsimonious, generalizable to other cancers with therapy resistance, and methodologically robust. Innovation is high due to the focus on ribosome specialization as a resistance driver. Future studies could screen for small molecules targeting these specialized ribosome subsets.

**Approach**: is moderately parsimonious, generalizable to other cancers with therapy resistance, and methodologically robust. Innovation is high due to the focus on ribosome specialization as a resistance driver. Future studies could screen for small molecules targeting these specialized ribosome subsets.



