IDEA 25 EVOLUTION LOG

================================================================================
TIMESTAMP: 2025-05-28 10:52:33
PHASE: New Idea (Significant Change), ROUND: 2
UNIQUE_ID: 0f172e91-f3d7125d
================================================================================

## New Idea from Significant Change (Round 2)

This idea represents a significant change from Idea 6.

**Title**: is empirically grounded in established links between m6A and...

**Key Idea**: is empirically grounded in established links between m6A and stress responses [Anders 2018; Youn 2019], and SGs’ roles in cancer [Barbieri 2017]. It is theoretically coherent, offering a unified model for dormancy induction. Explanatory and predictive power are high, as the approach can forecast therapy evasion under stress. The idea is falsifiable by demonstrating that disrupting SG-mRNA modification axes impairs dormancy and survival. It is parsimonious, generalizable to other stress-adaptive cancers, and methodologically rigorous with innovative integration of spatial and epitranscriptomic regulation. Future research could explore targeting SG formation or mRNA writers for therapy.

**Paragraph 3**: ** The hypothesis is empirically grounded in established links between m6A and stress responses [Anders 2018; Youn 2019], and SGs’ roles in cancer [Barbieri 2017]. It is theoretically coherent, offering a unified model for dormancy induction. Explanatory and predictive power are high, as the approach can forecast therapy evasion under stress. The idea is falsifiable by demonstrating that disrupting SG-mRNA modification axes impairs dormancy and survival. It is parsimonious, generalizable to other stress-adaptive cancers, and methodologically rigorous with innovative integration of spatial and epitranscriptomic regulation. Future research could explore targeting SG formation or mRNA writers for therapy.

**Approach**: can forecast therapy evasion under stress. The idea is falsifiable by demonstrating that disrupting SG-mRNA modification axes impairs dormancy and survival. It is parsimonious, generalizable to other stress-adaptive cancers, and methodologically rigorous with innovative integration of spatial and epitranscriptomic regulation. Future research could explore targeting SG formation or mRNA writers for therapy.

## Comparison with Original

### Original Idea (ID: 6)

**Title**: ** Hypoxic microenvironments drive coordinated noncoding RNA...

**Key Idea**: ** Hypoxic microenvironments drive coordinated noncoding RNA networks that promote invasion in esophageal cancer.

**Approach**: is rigorous and generalizable to other hypoxic tumors, with high potential for novel ncRNA-based therapies.

**Key References**: ** Yang F et al. "Noncoding RNAs in cancer hypoxia." Cancer Lett. 2019.

### Scientific Evaluation

| Criterion | Score |
|---|---:|
| Empirical Support | 7.0/10 |
| Theoretical Coherence | 8.0/10 |
| Explanatory Power | 8.0/10 |
| Predictive Capability | 8.0/10 |
| Falsifiability | 9.0/10 |
| Parsimony | 8.0/10 |
| Generalizability | 7.0/10 |
| Methodological Rigor | 7.0/10 |
| Innovation | 6.0/10 |
| Problem-Solving Utility | 7.0/10 |
| Interdisciplinary Impact | 6.0/10 |
| Ethical Considerations | 7.0/10 |
| Scalability | 6.0/10 |
| Replicability | 7.0/10 |
| Theoretical Foundation | 8.0/10 |
| Technological Feasibility | 7.0/10 |
| Risk Assessment | 6.0/10 |
| Sustainability | 6.0/10 |
| Societal Relevance | 8.0/10 |
| Future Research Potential | 9.0/10 |

### Detailed Evaluation

Certainly! Here is a structured evaluation of your research idea against the 20 scientific criteria, with scoring, rationale, and suggestions for each:

---

### 1. Empirical Support
**Score: 7/10**  
**Rationale:** The idea is grounded in documented links between m6A, stress responses, and stress granules (SGs) in cancer, citing reputable sources. However, it does not present new empirical data and largely synthesizes existing findings.  
**Suggestions:** Strengthen by proposing pilot experiments or referencing additional, more recent datasets that directly support the unified model.

---

### 2. Theoretical Coherence
**Score: 8/10**  
**Rationale:** The hypothesis is internally consistent and logically integrates m6A, SGs, and dormancy in cancer. The unified model is clearly articulated.  
**Suggestions:** Explicitly define all mechanistic steps in the model and clarify any assumptions to further enhance coherence.

---

### 3. Explanatory Power
**Score: 8/10**  
**Rationale:** The hypothesis offers an explanatory framework for therapy evasion via stress-induced dormancy, a significant issue in cancer biology.  
**Suggestions:** Illustrate explanatory power with specific case studies or examples where this model could clarify previously unexplained observations.

---

### 4. Predictive Capability
**Score: 8/10**  
**Rationale:** The model provides clear, testable predictions (e.g., disrupting SG-mRNA modifications impairs dormancy).  
**Suggestions:** List additional, precise predictions (e.g., specific gene expression changes or phenotypic outcomes) to reinforce predictive utility.

---

### 5. Falsifiability
**Score: 9/10**  
**Rationale:** The hypothesis is explicitly falsifiable; experiments can be designed to disrupt SG-mRNA axes and observe effects on dormancy and survival.  
**Suggestions:** Outline specific experimental designs or negative controls that would conclusively refute the hypothesis.

---

### 6. Parsimony
**Score: 8/10**  
**Rationale:** The model is elegant, integrating multiple findings into a single framework for cancer dormancy under stress.  
**Suggestions:** Identify any redundant elements in the model and streamline further for maximal simplicity.

---

### 7. Generalizability
**Score: 7/10**  
**Rationale:** The idea claims generalizability to other stress-adaptive cancers, but this is not empirically supported within the proposal.  
**Suggestions:** Suggest specific cancer types or contexts where the model could be tested beyond the initial scope.

---

### 8. Methodological Rigor
**Score: 7/10**  
**Rationale:** The approach mentions innovative integration of spatial and epitranscriptomic regulation, but lacks detail on methods.  
**Suggestions:** Provide more detailed experimental protocols or validation strategies to demonstrate rigor.

---

### 9. Innovation
**Score: 6/10**  
**Rationale:** While the integration is creative, the hypothesis builds on already established links rather than introducing a fundamentally new concept.  
**Suggestions:** Highlight unique mechanistic insights or propose disruptive technologies that set this idea apart from current literature.

---

### 10. Problem-Solving Utility
**Score: 7/10**  
**Rationale:** Targeting SGs or mRNA writers could offer new therapeutic avenues for hard-to-treat cancers.  
**Suggestions:** Specify potential clinical applications or outline a translational pathway from hypothesis to therapy.

---

### 11. Interdisciplinary Impact
**Score: 6/10**  
**Rationale:** The work is relevant to cancer biology, epigenetics, and RNA biology, but does not clearly bridge to other fields.  
**Suggestions:** Discuss implications for immunology, drug delivery, or computational modeling to broaden interdisciplinary relevance.

---

### 12. Ethical Considerations
**Score: 7/10**  
**Rationale:** The research is ethically sound in principle, but implications of targeting mRNA modifications (potential off-target effects) are not discussed.  
**Suggestions:** Address patient safety, informed consent, and potential for unintended effects in clinical translation.

---

### 13. Scalability
**Score: 6/10**  
**Rationale:** The model’s scalability across different cancer types or patient populations is not demonstrated.  
**Suggestions:** Propose strategies for scaling up (e.g., high-throughput screening, multi-center studies).

---

### 14. Replicability
**Score: 7/10**  
**Rationale:** The hypothesis is testable and experiments could be replicated, but procedural details are lacking.  
**Suggestions:** Develop standardized protocols and include potential sources of variability.

---

### 15. Theoretical Foundation
**Score: 8/10**  
**Rationale:** Strongly grounded in established science, with appropriate citations of foundational work.  
**Suggestions:** Expand the theoretical framework to include more recent discoveries and alternative perspectives.

---

### 16. Technological Feasibility
**Score: 7/10**  
**Rationale:** Technologies for studying m6A and SGs exist, but some proposed integrations may be technically challenging.  
**Suggestions:** Identify specific enabling technologies and address any current technical limitations.

---

### 17. Risk Assessment
**Score: 6/10**  
**Rationale:** Potential risks (e.g., off-target effects of targeting mRNA writers, technical hurdles) are not addressed.  
**Suggestions:** Conduct a risk-benefit analysis and propose mitigation strategies.

---

### 18. Sustainability
**Score: 6/10**  
**Rationale:** No discussion of resource use, cost, or long-term implementation challenges.  
**Suggestions:** Evaluate resource requirements and propose ways to ensure sustainable research and application.

---

### 19. Societal Relevance
**Score: 8/10**  
**Rationale:** Addresses a major societal problem—therapy-resistant cancers—potentially improving outcomes for many patients.  
**Suggestions:** Engage stakeholders (patients, clinicians) early to maximize societal benefit and adoption.

---

### 20. Future Research Potential
**Score: 9/10**  
**Rationale:** Opens multiple avenues for future research, including novel therapeutic strategies and deeper mechanistic studies.  
**Suggestions:** Sketch out a roadmap for follow-up studies and possible collaborations.

---

**Summary Table:**
| Criterion                    | Score |
|------------------------------|-------|
| 1. Empirical Support         | 7     |
| 2. Theoretical Coherence     | 8     |
| 3. Explanatory Power         | 8     |
| 4. Predictive Capability     | 8     |
| 5. Falsifiability            | 9     |
| 6. Parsimony                 | 8     |
| 7. Generalizability          | 7     |
| 8. Methodological Rigor      | 7     |
| 9. Innovation                | 6     |
| 10. Problem-Solving Utility  | 7     |
| 11. Interdisciplinary Impact | 6     |
| 12. Ethical Considerations   | 7     |
| 13. Scalability              | 6     |
| 14. Replicability            | 7     |
| 15. Theoretical Foundation   | 8     |
| 16. Technological Feasibility| 7     |
| 17. Risk Assessment          | 6     |
| 18. Sustainability           | 6     |
| 19. Societal Relevance       | 8     |
| 20. Future Research Potential| 9     |

If you would like a comparative evaluation with another idea, please provide the second hypothesis.

### Metadata

- Generation Type: New (Significant Change)
- Parent Idea: 6
- Created as new idea due to significant change


================================================================================
TIMESTAMP: 2025-05-28 10:59:37
PHASE: Tournament Round 2, ROUND: 2, ELO SCORE: 1225.5
UNIQUE_ID: 0f172e91-f3d7125d
================================================================================

## Tournament Results (Round 2)

**Rank:** 4 out of 19
**ELO Rating:** 1225.5

### Idea

**Title**: is empirically grounded in established links between m6A and...

**Key Idea**: is empirically grounded in established links between m6A and stress responses [Anders 2018; Youn 2019], and SGs’ roles in cancer [Barbieri 2017]. It is theoretically coherent, offering a unified model for dormancy induction. Explanatory and predictive power are high, as the approach can forecast therapy evasion under stress. The idea is falsifiable by demonstrating that disrupting SG-mRNA modification axes impairs dormancy and survival. It is parsimonious, generalizable to other stress-adaptive cancers, and methodologically rigorous with innovative integration of spatial and epitranscriptomic regulation. Future research could explore targeting SG formation or mRNA writers for therapy.

**Paragraph 3**: ** The hypothesis is empirically grounded in established links between m6A and stress responses [Anders 2018; Youn 2019], and SGs’ roles in cancer [Barbieri 2017]. It is theoretically coherent, offering a unified model for dormancy induction. Explanatory and predictive power are high, as the approach can forecast therapy evasion under stress. The idea is falsifiable by demonstrating that disrupting SG-mRNA modification axes impairs dormancy and survival. It is parsimonious, generalizable to other stress-adaptive cancers, and methodologically rigorous with innovative integration of spatial and epitranscriptomic regulation. Future research could explore targeting SG formation or mRNA writers for therapy.

**Approach**: can forecast therapy evasion under stress. The idea is falsifiable by demonstrating that disrupting SG-mRNA modification axes impairs dormancy and survival. It is parsimonious, generalizable to other stress-adaptive cancers, and methodologically rigorous with innovative integration of spatial and epitranscriptomic regulation. Future research could explore targeting SG formation or mRNA writers for therapy.



