IDEA 56 EVOLUTION LOG

================================================================================
TIMESTAMP: 2025-05-28 11:09:13
PHASE: New Idea (Significant Change), ROUND: 3
UNIQUE_ID: 81b0a19a-948771cc
================================================================================

## New Idea from Significant Change (Round 3)

This idea represents a significant change from Idea 26.

**Title**: ** Dissecting Stress Granule and m6A Writer Contributions to Cancer Dormancy

**Key Idea**: ** Disruption of stress granule assembly and m6A writers impairs dormancy and therapy evasion in cancer.

**Paragraph 1**: **  
This idea proposes that both stress granule (SG) assembly and m6A methylation are necessary for induction of cancer dormancy under stress [Anders 2018; Barbieri 2017]. Disrupting either process impairs the ability of cancer cells to evade therapy, highlighting a dual requirement for spatial and chemical mRNA regulation. The novelty is in dissecting the interplay between these two mechanisms.

**Paragraph 2**: **  
SGs will be isolated from stressed cancer cells; mRNA modifications will be profiled. CRISPR/Cas9 and chemical inhibitors will independently disrupt SG assembly (e.g., G3BP1 knockout) and m6A machinery (METTL3/14). Dormancy and therapy response will be quantified in vitro and in vivo. Orthogonal interventions will clarify the causal hierarchy and potential synergy.

**Paragraph 3**: **  
Evidence supports both SG and m6A contributions to cancer dormancy [Anders 2018; Barbieri 2017]. The model is theoretically coherent and falsifiable. Methodological rigor is ensured by independent and combined perturbations. The approach is innovative, with potential for combinatorial therapeutic targeting.

**Approach**: is innovative, with potential for combinatorial therapeutic targeting.

**Key References**: ** [Anders 2018], [Barbieri 2017]  
**Refinements:** Clarified dual mechanism focus, specified orthogonal interventions, emphasized combinatorial potential.

## Comparison with Original

### Original Idea (ID: 26)

**Title**: ** Isolate SGs, profile mRNA modifications, disrup...

**Approach**: ** Isolate SGs, profile mRNA modifications, disrupt SGs and m6A writers, assess dormancy/therapy evasion.

### Scientific Evaluation

| Criterion | Score |
|---|---:|
| Empirical Support | 6.0/10 |
| Theoretical Coherence | 8.0/10 |
| Explanatory Power | 7.0/10 |
| Predictive Capability | 8.0/10 |
| Falsifiability | 9.0/10 |
| Parsimony | 6.0/10 |
| Generalizability | 6.0/10 |
| Methodological Rigor | 8.0/10 |
| Innovation | 9.0/10 |
| Problem-Solving Utility | 7.0/10 |
| Interdisciplinary Impact | 6.0/10 |
| Ethical Considerations | 7.0/10 |
| Scalability | 6.0/10 |
| Replicability | 7.0/10 |
| Theoretical Foundation | 7.0/10 |
| Technological Feasibility | 8.0/10 |
| Risk Assessment | 6.0/10 |
| Sustainability | 6.0/10 |
| Societal Relevance | 8.0/10 |
| Future Research Potential | 9.0/10 |

### Detailed Evaluation

**Criterion 1 (Empirical Support):**  
Score: 6/10  
*Explanation*: There is moderate empirical support for the roles of both stress granules and m6A writers in cancer dormancy, as referenced. However, the dual/mechanistic interplay suggested is largely speculative and not yet experimentally demonstrated.  
*Suggestions*: Provide pilot data or reference more recent studies directly supporting the interaction between SGs and m6A writers in dormancy.

---

**Criterion 2 (Theoretical Coherence):**  
Score: 8/10  
*Explanation*: The hypothesis is logically constructed, linking well-known cellular stress responses with mRNA modification pathways. The idea of dual regulation is theoretically sound and coherent.  
*Suggestions*: Clarify the proposed mechanistic relationship between SGs and m6A in more detail (e.g., sequence of events, feedback loops).

---

**Criterion 3 (Explanatory Power):**  
Score: 7/10  
*Explanation*: The model could explain why targeting either SGs or m6A alone is insufficient to disrupt dormancy, potentially accounting for therapy resistance in certain cancers.  
*Suggestions*: Expand on which observed phenomena in therapy resistance or dormancy this model specifically explains better than alternatives.

---

**Criterion 4 (Predictive Capability):**  
Score: 8/10  
*Explanation*: The idea makes clear testable predictions: disrupting either or both pathways impairs dormancy/therapy evasion.  
*Suggestions*: Explicitly state predictions for different perturbation combinations (e.g., additive or synergistic effects).

---

**Criterion 5 (Falsifiability):**  
Score: 9/10  
*Explanation*: The hypothesis is highly falsifiable; negative results from dual perturbation would clearly refute it.  
*Suggestions*: Define clear experimental endpoints that would falsify the dual mechanism model.

---

**Criterion 6 (Parsimony):**  
Score: 6/10  
*Explanation*: The dual mechanism is somewhat more complex than single-pathway models, but justified by the problem’s complexity.  
*Suggestions*: Consider if a simpler model could explain the same data, or clarify why both mechanisms are required.

---

**Criterion 7 (Generalizability):**  
Score: 6/10  
*Explanation*: The proposal is specific to cancer dormancy but may extend to other stress-adaptive or quiescent states in different cellular contexts.  
*Suggestions*: Discuss its applicability in other cancers (e.g., solid vs. hematological) or non-cancerous dormancy.

---

**Criterion 8 (Methodological Rigor):**  
Score: 8/10  
*Explanation*: The plan uses CRISPR, chemical inhibitors, in vitro/in vivo assays, and orthogonal approaches, all high-quality methods.  
*Suggestions*: Incorporate rigorous controls and validation of perturbation specificity.

---

**Criterion 9 (Innovation):**  
Score: 9/10  
*Explanation*: The dual focus on SGs and m6A interplay in dormancy is highly novel and not yet in the literature.  
*Suggestions*: Further distinguish from prior work by emphasizing unique aspects of the interplay (e.g., direct molecular interactions).

---

**Criterion 10 (Problem-Solving Utility):**  
Score: 7/10  
*Explanation*: If successful, the hypothesis could open new avenues for therapy in resistant cancers.  
*Suggestions*: Discuss translational pathways—how findings could move toward clinical application.

---

**Criterion 11 (Interdisciplinary Impact):**  
Score: 6/10  
*Explanation*: The research crosses molecular biology, oncology, and epitranscriptomics, but is less relevant to other fields.  
*Suggestions*: Explore links to immunology or systems biology to broaden impact.

---

**Criterion 12 (Ethical Considerations):**  
Score: 7/10  
*Explanation*: No major ethical concerns beyond standard cancer research; may eventually involve animal models.  
*Suggestions*: Address animal welfare and propose minimization strategies.

---

**Criterion 13 (Scalability):**  
Score: 6/10  
*Explanation*: The approach is experimentally feasible at lab scale, but clinical translation (e.g., targeting both pathways in patients) may be challenging.  
*Suggestions*: Consider scalable screening or therapeutic platforms.

---

**Criterion 14 (Replicability):**  
Score: 7/10  
*Explanation*: The outlined experiments are standard and replicable, assuming detailed protocols are provided.  
*Suggestions*: Pre-register protocols and encourage multi-lab collaborations for validation.

---

**Criterion 15 (Theoretical Foundation):**  
Score: 7/10  
*Explanation*: Grounded in established knowledge of SGs and m6A, but the proposed interplay is more speculative.  
*Suggestions*: Review and cite additional mechanistic studies linking these two processes.

---

**Criterion 16 (Technological Feasibility):**  
Score: 8/10  
*Explanation*: All proposed techniques are well-established and accessible in most molecular biology labs.  
*Suggestions*: Plan for potential technical obstacles in isolating pure SGs and profiling m6A.

---

**Criterion 17 (Risk Assessment):**  
Score: 6/10  
*Explanation*: Main risks are that the interplay may not exist or that effects are context-dependent.  
*Suggestions*: Include contingency plans (e.g., alternative markers or model systems).

---

**Criterion 18 (Sustainability):**  
Score: 6/10  
*Explanation*: Standard molecular and animal experiments are resource-intensive but manageable.  
*Suggestions*: Incorporate in silico analyses or high-throughput screens to minimize resource use.

---

**Criterion 19 (Societal Relevance):**  
Score: 8/10  
*Explanation*: Targeting therapy-resistant, dormant cancers addresses a major unmet need.  
*Suggestions*: Highlight patient populations most likely to benefit.

---

**Criterion 20 (Future Research Potential):**  
Score: 9/10  
*Explanation*: Many directions could emerge, such as targeting dormancy in other diseases or exploring additional RNA modifications.  
*Suggestions*: Specify avenues for drug development and basic mechanistic follow-up studies.

---

**Summary**:  
This idea is innovative and potentially impactful, with a strong experimental framework. Its main weaknesses are the speculative nature of the proposed interplay and the need for clearer preliminary data. Improving the theoretical detail, expanding generalizability, and planning for risks would further strengthen the proposal.

### Metadata

- Generation Type: New (Significant Change)
- Parent Idea: 26
- Created as new idea due to significant change


================================================================================
TIMESTAMP: 2025-05-28 11:12:37
PHASE: Tournament Round 3, ROUND: 3, ELO SCORE: 1180.0
UNIQUE_ID: 81b0a19a-948771cc
================================================================================

## Tournament Results (Round 3)

**Rank:** 16 out of 20
**ELO Rating:** 1180.0

### Idea

**Title**: ** Dissecting Stress Granule and m6A Writer Contributions to Cancer Dormancy

**Key Idea**: ** Disruption of stress granule assembly and m6A writers impairs dormancy and therapy evasion in cancer.

**Paragraph 1**: **  
This idea proposes that both stress granule (SG) assembly and m6A methylation are necessary for induction of cancer dormancy under stress [Anders 2018; Barbieri 2017]. Disrupting either process impairs the ability of cancer cells to evade therapy, highlighting a dual requirement for spatial and chemical mRNA regulation. The novelty is in dissecting the interplay between these two mechanisms.

**Paragraph 2**: **  
SGs will be isolated from stressed cancer cells; mRNA modifications will be profiled. CRISPR/Cas9 and chemical inhibitors will independently disrupt SG assembly (e.g., G3BP1 knockout) and m6A machinery (METTL3/14). Dormancy and therapy response will be quantified in vitro and in vivo. Orthogonal interventions will clarify the causal hierarchy and potential synergy.

**Paragraph 3**: **  
Evidence supports both SG and m6A contributions to cancer dormancy [Anders 2018; Barbieri 2017]. The model is theoretically coherent and falsifiable. Methodological rigor is ensured by independent and combined perturbations. The approach is innovative, with potential for combinatorial therapeutic targeting.

**Approach**: is innovative, with potential for combinatorial therapeutic targeting.

**Key References**: ** [Anders 2018], [Barbieri 2017]  
**Refinements:** Clarified dual mechanism focus, specified orthogonal interventions, emphasized combinatorial potential.



