IDEA 97 EVOLUTION LOG

================================================================================
TIMESTAMP: 2025-05-28 11:34:30
PHASE: Evolution, ROUND: 5
UNIQUE_ID: 175fdd56-311ea855
================================================================================

## Refined Idea (Round 5)

**Title**: ** Specialized ribosome isoforms in melanoma selectively pro...

**Key Idea**: ** Specialized ribosome isoforms in melanoma selectively promote translation of pro-survival transcripts, constituting a core axis of therapy resistance.

## Comparison with Original

### Original Idea (ID: 67)

**Title**: Untitled Idea

**Key References**: ** [Anders 2018], [Barbieri 2017], [Youn 2019], [Sun 2022]

### Scientific Evaluation

| Criterion | Score |
|---|---:|
| Empirical Support | 4.0/10 |
| Theoretical Coherence | 7.0/10 |
| Explanatory Power | 6.0/10 |
| Predictive Capability | 7.0/10 |
| Falsifiability | 8.0/10 |
| Parsimony | 5.0/10 |
| Generalizability | 6.0/10 |
| Methodological Rigor | 6.0/10 |
| Innovation | 9.0/10 |
| Problem-Solving Utility | 7.0/10 |
| Interdisciplinary Impact | 8.0/10 |
| Ethical Considerations | 7.0/10 |
| Scalability | 6.0/10 |
| Replicability | 6.0/10 |
| Theoretical Foundation | 5.0/10 |
| Technological Feasibility | 7.0/10 |
| Risk Assessment | 5.0/10 |
| Sustainability | 6.0/10 |
| Societal Relevance | 8.0/10 |
| Future Research Potential | 9.0/10 |

### Detailed Evaluation

Certainly! Here is the structured evaluation of your research idea, “Specialized ribosome isoforms in melanoma selectively promote translation of pro-survival transcripts, constituting a core axis of therapy resistance,” using the 20 specified criteria:

---

### Criterion 1: Empirical Support  
**Score: 4/10**  
**Rationale:**  
There is limited direct empirical support for the existence and functional specialization of ribosome isoforms in melanoma specifically, though some precedent exists in other contexts (e.g., ribosome heterogeneity in development or stress). The leap to a core role in therapy resistance is highly speculative.  
**Suggestions:**  
- Conduct pilot studies using ribosome profiling in melanoma.
- Review existing proteomics data for evidence of ribosomal protein diversity in melanoma.

---

### Criterion 2: Theoretical Coherence  
**Score: 7/10**  
**Rationale:**  
The hypothesis is logically structured: specialized ribosomes could, in principle, alter translational output, potentially favoring pro-survival gene expression.  
**Suggestions:**  
- More clearly articulate the mechanistic pathway from ribosome variant to therapy resistance.
- Integrate established knowledge on translation regulation in cancer.

---

### Criterion 3: Explanatory Power  
**Score: 6/10**  
**Rationale:**  
The idea could explain some aspects of therapy resistance not accounted for by genetic or epigenetic changes, but lacks a detailed mechanism to fully explain observed clinical phenomena.  
**Suggestions:**  
- Identify specific pro-survival transcripts likely to be affected.
- Relate the hypothesis to patterns of resistance seen in patient data.

---

### Criterion 4: Predictive Capability  
**Score: 7/10**  
**Rationale:**  
The hypothesis is testable: if true, inhibiting specific ribosome isoforms should sensitize melanoma cells to therapy.  
**Suggestions:**  
- Define clear, testable predictions (e.g., knockdown of isoform X reduces survival).
- Propose biomarkers for specialized ribosomes.

---

### Criterion 5: Falsifiability  
**Score: 8/10**  
**Rationale:**  
The hypothesis is falsifiable; negative findings in ribosome profiling or lack of impact on therapy resistance would refute it.  
**Suggestions:**  
- Design controlled experiments with clear negative and positive controls.

---

### Criterion 6: Parsimony  
**Score: 5/10**  
**Rationale:**  
The idea introduces new complexity (multiple ribosome types) when existing mechanisms (mutation, signaling) explain much resistance.  
**Suggestions:**  
- Show why existing models are insufficient.
- Seek the simplest possible mechanistic explanation.

---

### Criterion 7: Generalizability  
**Score: 6/10**  
**Rationale:**  
While melanoma-focused, ribosome specialization could have relevance in other cancers, but this is speculative without broader evidence.  
**Suggestions:**  
- Test for similar phenomena in other aggressive cancers.
- Compare ribosome profiles across cancer types.

---

### Criterion 8: Methodological Rigor  
**Score: 6/10**  
**Rationale:**  
Technologies like ribosome profiling and mass spectrometry exist, but specialized isoform detection is challenging.  
**Suggestions:**  
- Collaborate with experts in advanced proteomics/translatomics.
- Validate findings with multiple orthogonal methods.

---

### Criterion 9: Innovation  
**Score: 9/10**  
**Rationale:**  
This is a highly novel, underexplored axis for cancer therapy resistance, rarely addressed in current literature.  
**Suggestions:**  
- Emphasize novelty in grant applications and publications.

---

### Criterion 10: Problem-Solving Utility  
**Score: 7/10**  
**Rationale:**  
If validated, targeting ribosome isoforms could open new therapeutic avenues, but practical interventions remain distant.  
**Suggestions:**  
- Identify druggable targets in the ribosome pathway.
- Propose ways to modulate ribosome composition.

---

### Criterion 11: Interdisciplinary Impact  
**Score: 8/10**  
**Rationale:**  
Bridges cancer biology, ribosome biology, structural biology, and translational research.  
**Suggestions:**  
- Build collaborations with ribosome structural biologists and clinicians.

---

### Criterion 12: Ethical Considerations  
**Score: 7/10**  
**Rationale:**  
Low direct ethical risk, but manipulation of core translation machinery could have off-target effects.  
**Suggestions:**  
- Design safety assessments in preclinical models.
- Address potential systemic impacts in future plans.

---

### Criterion 13: Scalability  
**Score: 6/10**  
**Rationale:**  
Initial studies may be labor-intensive and expensive, but technologies are improving.  
**Suggestions:**  
- Develop high-throughput screening methods for ribosome diversity.
- Seek scalable bioinformatics solutions.

---

### Criterion 14: Replicability  
**Score: 6/10**  
**Rationale:**  
Methods are established but require high technical skill; reproducibility could be an issue across labs.  
**Suggestions:**  
- Provide detailed protocols and open datasets.
- Encourage multi-site validation studies.

---

### Criterion 15: Theoretical Foundation  
**Score: 5/10**  
**Rationale:**  
Based on emerging but limited evidence on ribosome heterogeneity; not yet a well-established concept in cancer.  
**Suggestions:**  
- Build on foundational studies from developmental biology and stress responses.

---

### Criterion 16: Technological Feasibility  
**Score: 7/10**  
**Rationale:**  
Feasible with current technology, though detecting and characterizing ribosome isoforms remains challenging.  
**Suggestions:**  
- Leverage advances in single-cell proteomics and transcriptomics.
- Adapt cutting-edge ribosome profiling techniques.

---

### Criterion 17: Risk Assessment  
**Score: 5/10**  
**Rationale:**  
Significant risk: key assumptions may not hold (e.g., meaningful isoform differences), or findings may not be actionable.  
**Suggestions:**  
- Start with small-scale, low-cost pilot studies.
- Have fallback hypotheses prepared.

---

### Criterion 18: Sustainability  
**Score: 6/10**  
**Rationale:**  
Resource-intensive at first, but could lead to broadly relevant findings if successful.  
**Suggestions:**  
- Plan for long-term funding and data sharing.
- Develop cost-efficient methods as project progresses.

---

### Criterion 19: Societal Relevance  
**Score: 8/10**  
**Rationale:**  
If successful, could significantly impact therapy for difficult cancers, directly benefiting patients.  
**Suggestions:**  
- Engage with patient advocacy groups.
- Communicate long-term potential to the public.

---

### Criterion 20: Future Research Potential  
**Score: 9/10**  
**Rationale:**  
Opens numerous new research directions in cancer biology, translation control, and therapeutic targeting.  
**Suggestions:**  
- Propose follow-up studies in other cancer types and in therapy adaptation.
- Consider implications for non-cancer diseases.

---

**Summary:**  
This idea scores highly on innovation and future potential, but is limited by currently weak empirical support and technological/methodological challenges. Careful pilot studies, clear articulation of mechanistic pathways, and robust validation strategies are key for improvement.

### Metadata

- Generation Type: Refinement
- Parent Idea: 67
- Refinement Count: 0


================================================================================
TIMESTAMP: 2025-05-28 11:36:30
PHASE: Tournament Round 5, ROUND: 5, ELO SCORE: 1257.7
UNIQUE_ID: 175fdd56-311ea855
================================================================================

## Tournament Results (Round 5)

**Rank:** 4 out of 20
**ELO Rating:** 1257.7

### Idea

**Title**: ** Specialized ribosome isoforms in melanoma selectively pro...

**Key Idea**: ** Specialized ribosome isoforms in melanoma selectively promote translation of pro-survival transcripts, constituting a core axis of therapy resistance.



