IDEA 88 EVOLUTION LOG

================================================================================
TIMESTAMP: 2025-05-28 11:30:52
PHASE: Evolution, ROUND: 5
UNIQUE_ID: db00e196-d3af953a
================================================================================

## Refined Idea (Round 5)

**Title**: ** m6A-seq, SG isolation, CRISPR/chemical disrupti...

**Approach**: ** m6A-seq, SG isolation, CRISPR/chemical disruption, multi-cancer modeling.

## Comparison with Original

### Original Idea (ID: 78)

**Title**: ** m6A-seq, SG isolation, CRISPR/chemical disrupti...

**Approach**: ** m6A-seq, SG isolation, CRISPR/chemical disruption, multi-cancer comparison, mathematical modeling.

### Scientific Evaluation

| Criterion | Score |
|---|---:|
| Empirical Support | 4.0/10 |
| Theoretical Coherence | 6.0/10 |
| Explanatory Power | 5.0/10 |
| Predictive Capability | 5.0/10 |
| Falsifiability | 6.0/10 |
| Parsimony | 4.0/10 |
| Generalizability | 7.0/10 |
| Methodological Rigor | 7.0/10 |
| Innovation | 8.0/10 |
| Problem-Solving Utility | 6.0/10 |
| Interdisciplinary Impact | 7.0/10 |
| Ethical Considerations | 6.0/10 |
| Scalability | 5.0/10 |
| Replicability | 6.0/10 |
| Theoretical Foundation | 7.0/10 |
| Technological Feasibility | 7.0/10 |
| Risk Assessment | 5.0/10 |
| Sustainability | 4.0/10 |
| Societal Relevance | 8.0/10 |
| Future Research Potential | 9.0/10 |

### Detailed Evaluation

Certainly! Here is a comprehensive evaluation of the proposed research idea (“m6A-seq, SG isolation, CRISPR/chemical disruption, multi-cancer modeling”) against the 20 scientific criteria given your goal of generating extremely novel, experimentally testable cancer research hypotheses.

---

### 1. Empirical Support  
**Score: 4/10**  
**Explanation:** The proposal combines established methods (m6A-seq, CRISPR) in a novel way, but there is limited direct evidence that this specific combination addresses the most difficult cancers or yields novel mechanisms.  
**Suggestions:** Reference preliminary data, pilot studies, or analogous findings from literature showing that these combined approaches yield novel insights in cancer models.

---

### 2. Theoretical Coherence  
**Score: 6/10**  
**Explanation:** The idea is logically coherent—linking RNA modifications, stress granules (SGs), and gene editing—but the mechanistic rationale for why this should uncover fundamentally new cancer biology is unclear.  
**Suggestions:** Articulate a clear mechanistic hypothesis, e.g., how m6A modifications in SGs drive oncogenesis or therapy resistance.

---

### 3. Explanatory Power  
**Score: 5/10**  
**Explanation:** The approach could explain some aspects of cancer stress response but lacks a specific, articulated phenomenon it will explain (e.g., drug resistance, metastasis, immune evasion).  
**Suggestions:** Explicitly state the cancer phenomena or clinical observations this research aims to explain.

---

### 4. Predictive Capability  
**Score: 5/10**  
**Explanation:** The proposal could generate testable predictions (e.g., “Disrupting m6A-modified SGs will reduce tumor cell survival under stress”), but these are not specified in the outline.  
**Suggestions:** List concrete, falsifiable predictions that can be tested experimentally.

---

### 5. Falsifiability  
**Score: 6/10**  
**Explanation:** The approach is experimentally tractable and could be disproven (e.g., if disrupting SGs has no effect), but the hypothesis is not sharply defined.  
**Suggestions:** Sharpen the central hypothesis for clear falsification criteria.

---

### 6. Parsimony  
**Score: 4/10**  
**Explanation:** The approach involves multiple complex technologies in combination, which may introduce unnecessary complexity for the research question.  
**Suggestions:** Streamline the approach to focus on the most critical technique(s) for initial hypothesis testing.

---

### 7. Generalizability  
**Score: 7/10**  
**Explanation:** The multi-cancer modeling angle suggests results may generalize across cancer types, but not all cancers may rely on the same mechanisms.  
**Suggestions:** Identify features shared by the target cancers to justify the generalizability.

---

### 8. Methodological Rigor  
**Score: 7/10**  
**Explanation:** The proposed technologies (m6A-seq, CRISPR) are rigorous and state-of-the-art, but robust controls and replication strategies are not described.  
**Suggestions:** Outline controls, replicates, and statistical analyses in the research plan.

---

### 9. Innovation  
**Score: 8/10**  
**Explanation:** Combining m6A-seq, SG isolation, and CRISPR in a multi-cancer context is innovative, especially if applied to clinically intractable cancers.  
**Suggestions:** Clearly articulate what is unprecedented about this specific combination and its implications.

---

### 10. Problem-Solving Utility  
**Score: 6/10**  
**Explanation:** The approach has potential utility for understanding and treating hard-to-treat cancers, but practical therapeutic implications are not addressed.  
**Suggestions:** Suggest how findings could lead to new biomarkers or therapeutic targets.

---

### 11. Interdisciplinary Impact  
**Score: 7/10**  
**Explanation:** The proposal spans molecular biology, genomics, and cancer research. Potential for impact in RNA biology and systems medicine.  
**Suggestions:** Highlight cross-disciplinary collaborations and relevance (e.g., to immunology or bioinformatics).

---

### 12. Ethical Considerations  
**Score: 6/10**  
**Explanation:** Standard ethical concerns for gene editing and human tissue use apply, but no major red flags.  
**Suggestions:** Address patient consent, off-target effects, and data privacy.

---

### 13. Scalability  
**Score: 5/10**  
**Explanation:** m6A-seq and CRISPR are resource-intensive and may be difficult to scale to large patient cohorts or in vivo systems.  
**Suggestions:** Propose high-throughput adaptations or scalable model systems.

---

### 14. Replicability  
**Score: 6/10**  
**Explanation:** Methods are replicable in principle, but complex multi-step workflows can introduce variability.  
**Suggestions:** Include detailed protocols and propose multi-lab collaborations for reproducibility.

---

### 15. Theoretical Foundation  
**Score: 7/10**  
**Explanation:** Based on established knowledge of m6A, stress granules, and gene editing, but the hypothesis linking these in cancer is less grounded.  
**Suggestions:** Provide a detailed literature review supporting the hypothesized links.

---

### 16. Technological Feasibility  
**Score: 7/10**  
**Explanation:** Each component is technically feasible, but integration and application to primary patient material or in vivo models may be challenging.  
**Suggestions:** Pilot studies to test feasibility in primary or patient-derived samples.

---

### 17. Risk Assessment  
**Score: 5/10**  
**Explanation:** High risk due to technical complexity and uncertain biological relevance in the most difficult cancers.  
**Suggestions:** Include contingency plans and alternative strategies if key steps fail.

---

### 18. Sustainability  
**Score: 4/10**  
**Explanation:** High costs, technical expertise, and resource requirements may hinder long-term sustainability.  
**Suggestions:** Develop streamlined, less resource-intensive protocols.

---

### 19. Societal Relevance  
**Score: 8/10**  
**Explanation:** Direct relevance to improving diagnosis and treatment of lethal cancers is high if successful.  
**Suggestions:** Engage with clinicians and patient advocacy groups to ensure relevance.

---

### 20. Future Research Potential  
**Score: 9/10**  
**Explanation:** This platform could inspire a host of follow-up studies on RNA modifications, stress granules, and gene editing in cancer and beyond.  
**Suggestions:** Highlight future directions, including deeper mechanistic work or therapeutic development.

---

**Summary:**  
This idea is highly innovative and potentially impactful, but would benefit from a clearer, more sharply defined hypothesis, greater focus on feasibility and scalability, and explicit articulation of expected outcomes and their clinical relevance. Consider refining the central mechanistic question and specifying predictions and contingencies to maximize scientific value and impact.

### Metadata

- Generation Type: Refinement
- Parent Idea: 78
- Refinement Count: 0


================================================================================
TIMESTAMP: 2025-05-28 11:36:30
PHASE: Tournament Round 5, ROUND: 5, ELO SCORE: 1236.3
UNIQUE_ID: db00e196-d3af953a
================================================================================

## Tournament Results (Round 5)

**Rank:** 11 out of 20
**ELO Rating:** 1236.3

### Idea

**Title**: ** m6A-seq, SG isolation, CRISPR/chemical disrupti...

**Approach**: ** m6A-seq, SG isolation, CRISPR/chemical disruption, multi-cancer modeling.



