IDEA 40 EVOLUTION LOG

================================================================================
TIMESTAMP: 2025-05-28 10:58:56
PHASE: New Idea, ROUND: 2
UNIQUE_ID: 21a1424e-bb901078
================================================================================

## New Idea (Generated in Round 2)

**Title**: ** Metabolomics, BBB permeability assays, gut flor...

**Approach**: ** Metabolomics, BBB permeability assays, gut flora manipulation, immune phenotyping in brain tumor models.

### Scientific Evaluation

| Criterion | Score |
|---|---:|
| Empirical Support | 5.0/10 |
| Theoretical Coherence | 7.0/10 |
| Explanatory Power | 6.0/10 |
| Predictive Capability | 5.0/10 |
| Falsifiability | 7.0/10 |
| Parsimony | 4.0/10 |
| Generalizability | 6.0/10 |
| Methodological Rigor | 7.0/10 |
| Innovation | 8.0/10 |
| Problem-Solving Utility | 7.0/10 |
| Interdisciplinary Impact | 9.0/10 |
| Ethical Considerations | 7.0/10 |
| Scalability | 5.0/10 |
| Replicability | 6.0/10 |
| Theoretical Foundation | 6.0/10 |
| Technological Feasibility | 7.0/10 |
| Risk Assessment | 5.0/10 |
| Sustainability | 6.0/10 |
| Societal Relevance | 8.0/10 |
| Future Research Potential | 9.0/10 |

### Detailed Evaluation

Certainly! Below is the detailed evaluation of the proposed research idea—focusing on metabolomics, BBB (blood-brain barrier) permeability assays, gut flora manipulation, and immune phenotyping in brain tumor models—against the 20 scientific criteria, tailored for the research goal of identifying extremely novel cancer hypotheses for the most difficult-to-diagnose and treat cancers.

---

### 1. Empirical Support
**Score: 5/10**  
**Explanation:** The individual components (metabolomics, BBB assays, gut flora, immune phenotyping) have empirical support in cancer biology, but the specific combination and hypothesized mechanisms in brain tumors are not well-established.  
**Suggestions:** Reference any preliminary studies that connect these elements. Consider pilot data or literature reviews to strengthen empirical grounding.

---

### 2. Theoretical Coherence
**Score: 7/10**  
**Explanation:** The idea is logically structured—interactions between gut microbiome, immune system, and metabolic environment in brain tumors could plausibly influence cancer progression and therapy response.  
**Suggestions:** Explicitly state the hypothesized pathways and their interconnections to improve clarity.

---

### 3. Explanatory Power
**Score: 6/10**  
**Explanation:** The approach could help explain some observed phenomena (e.g., variable drug response, immune evasion), especially in brain tumors, but the explanatory links are currently broad and speculative.  
**Suggestions:** Specify which phenomena (e.g., treatment resistance, metastasis) the hypothesis seeks to explain.

---

### 4. Predictive Capability
**Score: 5/10**  
**Explanation:** The design could generate testable predictions if hypotheses are explicitly formulated, but as described, predictions are not well-defined.  
**Suggestions:** Define specific, measurable predictions (e.g., changing gut flora alters BBB permeability and tumor progression).

---

### 5. Falsifiability
**Score: 7/10**  
**Explanation:** The idea is testable via experimental interventions and outcome measurements (e.g., manipulating gut flora and observing tumor/immune/metabolic responses).  
**Suggestions:** Clearly state what evidence would falsify the hypothesis.

---

### 6. Parsimony
**Score: 4/10**  
**Explanation:** The integration of multiple complex systems (metabolome, immune system, microbiome, BBB) makes the hypothesis less parsimonious and more difficult to isolate causality.  
**Suggestions:** Focus on the most promising or novel link for initial studies.

---

### 7. Generalizability
**Score: 6/10**  
**Explanation:** The conceptual approach could apply to other central nervous system (CNS) diseases and cancers, but may not generalize beyond brain tumors without adaptation.  
**Suggestions:** Outline how the hypothesis might apply to other hard-to-treat cancers.

---

### 8. Methodological Rigor
**Score: 7/10**  
**Explanation:** The proposed assays and profiling are standard in the field and can be rigorously executed, though integrating them increases complexity.  
**Suggestions:** Develop detailed protocols to ensure consistency and reduce confounders.

---

### 9. Innovation
**Score: 8/10**  
**Explanation:** The multi-system integration, especially considering the gut flora’s effect on BBB and brain tumors, is highly novel and not commonly explored in current literature.  
**Suggestions:** Highlight the unique aspects of cross-system interactions in the research plan.

---

### 10. Problem-Solving Utility
**Score: 7/10**  
**Explanation:** If validated, the approach could reveal novel therapeutic targets or biomarkers for hard-to-treat brain tumors.  
**Suggestions:** Specify practical outcomes, such as new diagnostic assays or intervention strategies.

---

### 11. Interdisciplinary Impact
**Score: 9/10**  
**Explanation:** The research bridges oncology, immunology, neuroscience, microbiology, and metabolomics—highly interdisciplinary.  
**Suggestions:** Engage collaborators from relevant fields for comprehensive project design.

---

### 12. Ethical Considerations
**Score: 7/10**  
**Explanation:** Ethical concerns are standard for animal and human studies involving interventions. No exceptional risks evident, but manipulation of gut flora in humans may require careful oversight.  
**Suggestions:** Prepare strong ethics protocols, especially for human microbiome interventions.

---

### 13. Scalability
**Score: 5/10**  
**Explanation:** While feasible in controlled models, scaling to diverse patient populations or other cancer types may be challenging due to complexity and individual variability.  
**Suggestions:** Pilot studies should assess scalability and identify bottlenecks.

---

### 14. Replicability
**Score: 6/10**  
**Explanation:** High-throughput and standardized omics methods can be replicated, but variability in biological systems (e.g., microbiome) may reduce reproducibility.  
**Suggestions:** Pre-register protocols and use standardized reagents/animal strains.

---

### 15. Theoretical Foundation
**Score: 6/10**  
**Explanation:** Each component is grounded in established science, but the integrated hypothesis is more speculative.  
**Suggestions:** Clearly cite foundational studies for each link and justify their integration.

---

### 16. Technological Feasibility
**Score: 7/10**  
**Explanation:** The assays and profiling technologies are well-established, but integrating and interpreting multidimensional data will require advanced analytics.  
**Suggestions:** Plan for robust computational resources and bioinformatics support.

---

### 17. Risk Assessment
**Score: 5/10**  
**Explanation:** Risks include confounding effects, difficulty in establishing causality, and complexity of data interpretation.  
**Suggestions:** Conduct risk-benefit analyses and develop mitigation strategies for key risks.

---

### 18. Sustainability
**Score: 6/10**  
**Explanation:** Omics and multi-system studies can be resource-intensive. Long-term sustainability will depend on funding and streamlining protocols.  
**Suggestions:** Focus on the most informative assays and seek scalable platforms.

---

### 19. Societal Relevance
**Score: 8/10**  
**Explanation:** Addressing hard-to-treat brain tumors has high societal value, especially if new diagnostic/therapeutic avenues are identified.  
**Suggestions:** Engage patient advocacy groups and communicate societal benefits.

---

### 20. Future Research Potential
**Score: 9/10**  
**Explanation:** The approach can generate many new research directions, from mechanistic studies to clinical trials and personalized interventions.  
**Suggestions:** Outline potential follow-up studies and translational applications.

---

**Summary Table (for quick reference):**

| Criterion                              | Score (/10) |
|-----------------------------------------|-------------|
| 1. Empirical Support                   | 5           |
| 2. Theoretical Coherence               | 7           |
| 3. Explanatory Power                   | 6           |
| 4. Predictive Capability               | 5           |
| 5. Falsifiability                      | 7           |
| 6. Parsimony                           | 4           |
| 7. Generalizability                    | 6           |
| 8. Methodological Rigor                | 7           |
| 9. Innovation                          | 8           |
| 10. Problem-Solving Utility            | 7           |
| 11. Interdisciplinary Impact           | 9           |
| 12. Ethical Considerations             | 7           |
| 13. Scalability                        | 5           |
| 14. Replicability                      | 6           |
| 15. Theoretical Foundation             | 6           |
| 16. Technological Feasibility          | 7           |
| 17. Risk Assessment                    | 5           |
| 18. Sustainability                     | 6           |
| 19. Societal Relevance                 | 8           |
| 20. Future Research Potential          | 9           |

**Overall:**  
The idea is highly innovative and interdisciplinary, with substantial future research potential and societal relevance. It would benefit from clearer theoretical articulation, more explicit predictions, and focused pilot studies to address complexity and scalability challenges.

### Metadata

- Generation Type: new
- New Idea Generated During Evolution


================================================================================
TIMESTAMP: 2025-05-28 10:59:37
PHASE: Tournament Round 2, ROUND: 2, ELO SCORE: 1193.9
UNIQUE_ID: 21a1424e-bb901078
================================================================================

## Tournament Results (Round 2)

**Rank:** 15 out of 19
**ELO Rating:** 1193.9

### Idea

**Title**: ** Metabolomics, BBB permeability assays, gut flor...

**Approach**: ** Metabolomics, BBB permeability assays, gut flora manipulation, immune phenotyping in brain tumor models.



