IDEA 41 EVOLUTION LOG

================================================================================
TIMESTAMP: 2025-05-28 11:03:08
PHASE: Evolution, ROUND: 3
UNIQUE_ID: a1c33431-057aa1fd
================================================================================

## Refined Idea (Round 3)

**Title**: ** Microbiome-Derived Metabolite Transfer in Brain Tumor Immunity

**Key Idea**: ** Gut microbiome metabolites cross the blood-brain barrier (BBB) to alter brain tumor immune microenvironments, affecting tumor progression.

**Paragraph 1**: **  
Recent discoveries in the gut-brain axis reveal that microbiome-derived metabolites, notably short-chain fatty acids (SCFAs) and aromatic compounds, can traverse the BBB and modulate central nervous system (CNS) immunity [Colombo 2021; Ma 2022; D’Alessandro 2020]. This idea postulates that specific gut flora metabolites accumulate within brain tumor tissue, directly influencing immune cell infiltration and phenotype. The novelty is the mechanistic linkage between peripheral microbiome metabolism and the immune milieu of CNS tumors, providing a non-invasive axis for modulating tumor progression or therapy response.

**Paragraph 2**: **  
To investigate, untargeted metabolomics will identify microbiome-derived metabolites present in cerebrospinal fluid (CSF) and brain tumor tissue from murine models with altered gut flora (germ-free, antibiotic-treated, or fecal microbiota transplant recipients). Brain tumor growth and immune parameters (infiltration, activation, exhaustion) will be quantified using flow cytometry and scRNA-seq. BBB permeability of candidate metabolites will be directly measured using radiolabeled tracers. Functional studies will manipulate systemic metabolite levels (e.g., butyrate supplementation or depletion) to test causality. Key challenges include validating in vivo metabolite transfer and distinguishing immune effects from direct tumor cell modulation.

**Paragraph 3**: **  
Empirical support for gut-derived metabolites influencing brain immunity is growing [Colombo 2021; Ma 2022; D’Alessandro 2020]. The model is theoretically coherent, linking two previously disparate fields. Explanatory and predictive power are high: blocking metabolite transfer should abrogate observed effects. The approach is falsifiable and generalizable to other CNS tumors beyond glioma. Methodological rigor is enhanced by integrating multi-omics and functional manipulations. Innovation lies in targeting the microbiome for CNS tumor immunotherapy, with future research poised to identify adjuvant strategies.

**Approach**: is falsifiable and generalizable to other CNS tumors beyond glioma. Methodological rigor is enhanced by integrating multi-omics and functional manipulations. Innovation lies in targeting the microbiome for CNS tumor immunotherapy, with future research poised to identify adjuvant strategies.

**Key References**: ** [Colombo 2021], [Ma 2022], [D’Alessandro 2020]  
**Refinements:** Clarified mechanistic focus, expanded immune phenotyping, added functional metabolite manipulation, and included new references for BBB transfer and SCFA effects.

## Comparison with Original

### Original Idea (ID: 38)

**Title**: 2:** The experimental strategy includes untargeted...

**Paragraph 2**: ** The experimental strategy includes untargeted metabolomics to identify microbiome-derived compounds in the cerebrospinal fluid and brain tumor tissue of mouse models with altered gut flora. Germ-free or antibiotic-treated mice, as well as fecal microbiota transplant recipients, will be compared for brain tumor growth and immune infiltration (flow cytometry, scRNA-seq). Radiolabeled metabolites can track BBB permeability. Manipulation of metabolite levels (e.g., butyrate supplementation) will test direct effects. Key challenges are validating in vivo metabolite transfer and isolating immune-specific effects.

### Scientific Evaluation

| Criterion | Score |
|---|---:|
| Empirical Support | 7.0/10 |
| Theoretical Coherence | 9.0/10 |
| Explanatory Power | 8.0/10 |
| Predictive Capability | 8.0/10 |
| Falsifiability | 10.0/10 |
| Parsimony | 7.0/10 |
| Generalizability | 8.0/10 |
| Methodological Rigor | 9.0/10 |
| Innovation | 9.0/10 |
| Problem-Solving Utility | 8.0/10 |
| Interdisciplinary Impact | 10.0/10 |
| Ethical Considerations | 7.0/10 |
| Scalability | 7.0/10 |
| Replicability | 8.0/10 |
| Theoretical Foundation | 8.0/10 |
| Technological Feasibility | 8.0/10 |
| Risk Assessment | 6.0/10 |
| Sustainability | 7.0/10 |
| Societal Relevance | 8.0/10 |
| Future Research Potential | 10.0/10 |

### Detailed Evaluation

Certainly! Here is a detailed evaluation of the proposed research idea—**Microbiome-Derived Metabolite Transfer in Brain Tumor Immunity**—against the 20 scientific criteria, as requested.

---

### 1. Empirical Support  
**Score: 7/10**  
**Rationale:**  
There is growing evidence that gut microbiome metabolites can affect CNS immunity and that they cross the blood-brain barrier (BBB). However, direct evidence for these metabolites accumulating in brain tumors and modulating the immune microenvironment is limited and largely inferential.  
**Suggestions:**  
- Conduct pilot studies measuring specific metabolites in CSF and brain tumor tissue from patients or animal models.
- Integrate data from human brain tumor samples to strengthen empirical grounding.

---

### 2. Theoretical Coherence  
**Score: 9/10**  
**Rationale:**  
The hypothesis is logically consistent, connecting microbiome metabolites, BBB crossing, and immune modulation within brain tumors. The mechanistic linkage is well articulated.  
**Suggestions:**  
- Clearly articulate alternative mechanistic pathways (e.g., immune cell trafficking) to anticipate counterarguments.
- Develop a conceptual model or diagram for clarity.

---

### 3. Explanatory Power  
**Score: 8/10**  
**Rationale:**  
The idea offers a novel explanation for variations in brain tumor immunity and possibly differential responses to therapy. It may account for previously unexplained phenomena.  
**Suggestions:**  
- Explicitly relate the hypothesis to clinical variability in patient outcomes.
- Compare with alternative explanations (e.g., tumor-intrinsic factors).

---

### 4. Predictive Capability  
**Score: 8/10**  
**Rationale:**  
The hypothesis makes clear, testable predictions: altering gut metabolites will affect brain tumor immunity and progression.  
**Suggestions:**  
- Specify quantitative predictions (e.g., magnitude of immune infiltration changes).
- Develop computational models to refine predictions.

---

### 5. Falsifiability  
**Score: 10/10**  
**Rationale:**  
The proposal is highly falsifiable. Negative results (e.g., no change upon metabolite manipulation) would directly challenge the hypothesis.  
**Suggestions:**  
- Define clear negative controls and criteria for falsification.
- Encourage preregistration of experiments.

---

### 6. Parsimony  
**Score: 7/10**  
**Rationale:**  
The explanation is elegant but involves several interacting systems (microbiome, BBB, CNS immunity), which introduces complexity.  
**Suggestions:**  
- Simplify by focusing on one or two key metabolites first.
- Use reductionist models where possible.

---

### 7. Generalizability  
**Score: 8/10**  
**Rationale:**  
The approach is generalizable to other CNS tumors and possibly other immune-mediated CNS disorders.  
**Suggestions:**  
- Propose pilot studies in other CNS cancers (e.g., medulloblastoma).
- Outline applicability to non-tumor CNS immune conditions.

---

### 8. Methodological Rigor  
**Score: 9/10**  
**Rationale:**  
Uses multi-omics, functional assays, and rigorous animal models. Plans for direct measurement of metabolite transfer are strong.  
**Suggestions:**  
- Specify statistical methods and sample sizes to ensure adequate power.
- Include blinded analyses to reduce bias.

---

### 9. Innovation  
**Score: 9/10**  
**Rationale:**  
The mechanistic focus on microbiome-derived metabolites modulating brain tumor immunity is novel and not found in current literature.  
**Suggestions:**  
- Emphasize the potential for new therapeutic targets.
- Highlight distinctions from related gut-brain axis studies.

---

### 10. Problem-Solving Utility  
**Score: 8/10**  
**Rationale:**  
If validated, this could offer new non-invasive strategies to modulate brain tumor immunity and improve diagnosis or treatment.  
**Suggestions:**  
- Propose potential clinical interventions (e.g., dietary modulation, probiotics).
- Identify possible biomarkers for early diagnosis.

---

### 11. Interdisciplinary Impact  
**Score: 10/10**  
**Rationale:**  
Connects oncology, immunology, neuroscience, and microbiome research, representing a highly interdisciplinary approach.  
**Suggestions:**  
- Engage collaborators from multiple disciplines for broader perspectives.
- Seek interdisciplinary funding opportunities.

---

### 12. Ethical Considerations  
**Score: 7/10**  
**Rationale:**  
Generally low risk, but manipulation of microbiome in humans can raise ethical concerns (e.g., unintended consequences of FMT).  
**Suggestions:**  
- Develop detailed ethical protocols for any human studies.
- Monitor for off-target effects in preclinical models.

---

### 13. Scalability  
**Score: 7/10**  
**Rationale:**  
Animal models and multi-omics are scalable, but translation to clinical trials may be more challenging due to inter-individual microbiome variability.  
**Suggestions:**  
- Include plans for scaling up to larger animal models or human studies.
- Address variability in microbiome profiles across populations.

---

### 14. Replicability  
**Score: 8/10**  
**Rationale:**  
Techniques (metabolomics, flow cytometry, animal models) are well established and reproducible, though microbiome studies can be variable.  
**Suggestions:**  
- Standardize microbiome manipulation protocols.
- Share raw data and protocols publicly.

---

### 15. Theoretical Foundation  
**Score: 8/10**  
**Rationale:**  
Builds on established knowledge of gut-brain axis and tumor immunology, but the direct connection to brain tumor immunity is speculative.  
**Suggestions:**  
- Strengthen the literature review to anchor the hypothesis in foundational studies.
- Reference similar findings in other cancer types.

---

### 16. Technological Feasibility  
**Score: 8/10**  
**Rationale:**  
All proposed experimental techniques are feasible with current technology. BBB permeability and metabolomics are established methods.  
**Suggestions:**  
- Budget for advanced metabolomic and imaging tools.
- Plan for technical troubleshooting (e.g., radiolabeling challenges).

---

### 17. Risk Assessment  
**Score: 6/10**  
**Rationale:**  
Risks include negative results (metabolites may not cross BBB or affect immunity) and confounding variables (e.g., systemic immune changes).  
**Suggestions:**  
- Develop alternative hypotheses and contingency plans.
- Conduct pilot studies to assess feasibility and risk.

---

### 18. Sustainability  
**Score: 7/10**  
**Rationale:**  
Relies on established lab practices; resource demands are moderate. Long-term sustainability depends on translational potential.  
**Suggestions:**  
- Plan for long-term funding and resource allocation.
- Consider environmental impacts of animal work and lab consumables.

---

### 19. Societal Relevance  
**Score: 8/10**  
**Rationale:**  
Potential for significant impact on difficult-to-treat brain cancers, which are a major unmet medical need.  
**Suggestions:**  
- Engage patient advocacy groups to maximize societal benefit.
- Plan for public dissemination of results.

---

### 20. Future Research Potential  
**Score: 10/10**  
**Rationale:**  
Opens new avenues for investigation in microbiome-tumor-immune interactions, novel diagnostics, and therapeutics.  
**Suggestions:**  
- Propose follow-up studies on microbiome engineering, personalized medicine, and broader cancer types.
- Encourage grant applications for exploratory studies.

---

**Summary Table**

| Criterion                        | Score (out of 10) |
|-----------------------------------|-------------------|
| 1. Empirical Support              | 7                |
| 2. Theoretical Coherence          | 9                |
| 3. Explanatory Power              | 8                |
| 4. Predictive Capability          | 8                |
| 5. Falsifiability                 | 10               |
| 6. Parsimony                      | 7                |
| 7. Generalizability               | 8                |
| 8. Methodological Rigor           | 9                |
| 9. Innovation                     | 9                |
|10. Problem-Solving Utility        | 8                |
|11. Interdisciplinary Impact       | 10               |
|12. Ethical Considerations         | 7                |
|13. Scalability                    | 7                |
|14. Replicability                  | 8                |
|15. Theoretical Foundation         | 8                |
|16. Technological Feasibility      | 8                |
|17. Risk Assessment                | 6                |
|18. Sustainability                 | 7                |
|19. Societal Relevance             | 8                |
|20. Future Research Potential      | 10               |

---

**Overall Assessment:**  
This hypothesis is highly novel, theoretically sound, and methodologically rigorous, with strong interdisciplinary potential and capacity to drive new research. Primary weaknesses are in empirical support (due to novelty) and risk assessment (uncertainties in mechanism and translation). Addressing these with pilot data and robust contingency planning will strengthen the research plan further.

### Metadata

- Generation Type: Refinement
- Parent Idea: 38
- Refinement Count: 0


================================================================================
TIMESTAMP: 2025-05-28 11:12:37
PHASE: Tournament Round 3, ROUND: 3, ELO SCORE: 1222.3
UNIQUE_ID: a1c33431-057aa1fd
================================================================================

## Tournament Results (Round 3)

**Rank:** 3 out of 20
**ELO Rating:** 1222.3

### Idea

**Title**: ** Microbiome-Derived Metabolite Transfer in Brain Tumor Immunity

**Key Idea**: ** Gut microbiome metabolites cross the blood-brain barrier (BBB) to alter brain tumor immune microenvironments, affecting tumor progression.

**Paragraph 1**: **  
Recent discoveries in the gut-brain axis reveal that microbiome-derived metabolites, notably short-chain fatty acids (SCFAs) and aromatic compounds, can traverse the BBB and modulate central nervous system (CNS) immunity [Colombo 2021; Ma 2022; D’Alessandro 2020]. This idea postulates that specific gut flora metabolites accumulate within brain tumor tissue, directly influencing immune cell infiltration and phenotype. The novelty is the mechanistic linkage between peripheral microbiome metabolism and the immune milieu of CNS tumors, providing a non-invasive axis for modulating tumor progression or therapy response.

**Paragraph 2**: **  
To investigate, untargeted metabolomics will identify microbiome-derived metabolites present in cerebrospinal fluid (CSF) and brain tumor tissue from murine models with altered gut flora (germ-free, antibiotic-treated, or fecal microbiota transplant recipients). Brain tumor growth and immune parameters (infiltration, activation, exhaustion) will be quantified using flow cytometry and scRNA-seq. BBB permeability of candidate metabolites will be directly measured using radiolabeled tracers. Functional studies will manipulate systemic metabolite levels (e.g., butyrate supplementation or depletion) to test causality. Key challenges include validating in vivo metabolite transfer and distinguishing immune effects from direct tumor cell modulation.

**Paragraph 3**: **  
Empirical support for gut-derived metabolites influencing brain immunity is growing [Colombo 2021; Ma 2022; D’Alessandro 2020]. The model is theoretically coherent, linking two previously disparate fields. Explanatory and predictive power are high: blocking metabolite transfer should abrogate observed effects. The approach is falsifiable and generalizable to other CNS tumors beyond glioma. Methodological rigor is enhanced by integrating multi-omics and functional manipulations. Innovation lies in targeting the microbiome for CNS tumor immunotherapy, with future research poised to identify adjuvant strategies.

**Approach**: is falsifiable and generalizable to other CNS tumors beyond glioma. Methodological rigor is enhanced by integrating multi-omics and functional manipulations. Innovation lies in targeting the microbiome for CNS tumor immunotherapy, with future research poised to identify adjuvant strategies.

**Key References**: ** [Colombo 2021], [Ma 2022], [D’Alessandro 2020]  
**Refinements:** Clarified mechanistic focus, expanded immune phenotyping, added functional metabolite manipulation, and included new references for BBB transfer and SCFA effects.



