IDEA 74 EVOLUTION LOG

================================================================================
TIMESTAMP: 2025-05-28 11:21:04
PHASE: New Idea (Significant Change), ROUND: 4
UNIQUE_ID: 8047d142-4527ad65
================================================================================

## New Idea from Significant Change (Round 4)

This idea represents a significant change from Idea 50.

**Title**: ** Microbiome manipulation, metabolomics, transpor...

**Approach**: ** Microbiome manipulation, metabolomics, transporter profiling, pharmacological/genetic blockade, immune phenotyping, in vivo imaging.

## Comparison with Original

### Original Idea (ID: 50)

**Title**: ** Epitranscriptomic mRNA Remodeling in Pancreatic Cancer Stress Granules

**Key Idea**: ** Stress granules in pancreatic cancer serve as hubs for dynamic mRNA modification, promoting dormancy and drug evasion.

**Paragraph 1**: **  
Upon exposure to stress, pancreatic cancer cells assemble stress granules (SGs) that sequester and epitranscriptomically modify mRNAs, particularly via m6A methylation [Barbieri 2017; Anders 2018]. This process stabilizes pro-survival and anti-apoptotic transcripts, fostering a dormant phenotype that enables therapy evasion. The novelty lies in integrating SG biology and epitranscriptomic regulation as a therapeutic resistance mechanism.

**Paragraph 2**: **  
SGs will be isolated from stressed pancreatic cancer cells, with their mRNA content and modifications characterized by m6A-seq and LC-MS/MS. Disruption of SG assembly or m6A machinery (CRISPR/Cas9, chemical inhibitors) will test their role in dormancy and drug resistance, both in vitro and in vivo. Live-cell imaging will monitor real-time changes in mRNA localization and modification.

**Paragraph 3**: **  
The hypothesis is grounded in recent evidence for m6A and SGs in cancer [Barbieri 2017; Anders 2018]. The model is parsimonious and theoretically coherent, explaining dormancy with high explanatory and predictive power. Falsifiability is clear—disrupting SG-m6A axes should sensitize cells. The approach is methodologically robust and innovative, with broad generalizability. Future directions include targeting SG-m6A pathways for therapy.

**Approach**: is methodologically robust and innovative, with broad generalizability. Future directions include targeting SG-m6A pathways for therapy.

**Key References**: ** [Barbieri 2017], [Anders 2018]  
**Refinements:** Enhanced technical detail, emphasized real-time visualization, clarified mechanistic integration.

### Scientific Evaluation

| Criterion | Score |
|---|---:|
| Empirical Support | 5.0/10 |
| Theoretical Coherence | 6.0/10 |
| Explanatory Power | 6.0/10 |
| Predictive Capability | 5.0/10 |
| Falsifiability | 7.0/10 |
| Parsimony | 4.0/10 |
| Generalizability | 6.0/10 |
| Methodological Rigor | 7.0/10 |
| Innovation | 9.0/10 |
| Problem-Solving Utility | 7.0/10 |
| Interdisciplinary Impact | 8.0/10 |
| Ethical Considerations | 6.0/10 |
| Scalability | 5.0/10 |
| Replicability | 6.0/10 |
| Theoretical Foundation | 6.0/10 |
| Technological Feasibility | 7.0/10 |
| Risk Assessment | 5.0/10 |
| Sustainability | 5.0/10 |
| Societal Relevance | 8.0/10 |
| Future Research Potential | 9.0/10 |

### Detailed Evaluation

Certainly! Below, I evaluate the research idea "Microbiome manipulation, metabolomics, transporter profiling, pharmacological/genetic blockade, immune phenotyping, in vivo imaging" against the 20 scientific criteria you provided, in relation to the goal of generating extremely novel cancer research hypotheses for the most difficult-to-treat and diagnose cancers.

---

### 1. Empirical Support  
**Score: 5/10**  
**Explanation:**  
The concept leverages established methods (microbiome manipulation, metabolomics, etc.) that have shown promise in cancer research. However, their combined, integrative application to the most intractable cancers is not yet well-supported by empirical studies, particularly in the context of hypothesis-driven, novel mechanisms.  
**Suggestions:**  
- Reference or pilot preliminary data or animal studies supporting the feasibility of this integrative approach in relevant cancer types.
- Identify specific microbiome-cancer interactions already reported as indirect support.

---

### 2. Theoretical Coherence  
**Score: 6/10**  
**Explanation:**  
The individual components are logically related and theoretically coherent, but the overall hypothesis would benefit from clearer articulation of how these elements interact to form a unified theory of cancer pathogenesis or treatment resistance.  
**Suggestions:**  
- Develop a conceptual framework or diagram showing how these factors interact mechanistically in cancer.
- Specify the causal pathways hypothesized.

---

### 3. Explanatory Power  
**Score: 6/10**  
**Explanation:**  
The approach could potentially explain treatment resistance, metastasis, and immune evasion in difficult cancers. However, without a more defined hypothesis, its explanatory power is limited.  
**Suggestions:**  
- Define a specific cancer-related phenomenon (e.g., resistance in pancreatic cancer) that the approach seeks to explain.
- Link microbiome-derived metabolites or transporter activity to known cancer hallmarks.

---

### 4. Predictive Capability  
**Score: 5/10**  
**Explanation:**  
The current idea lacks explicit predictions or testable hypotheses, reducing its predictive utility.  
**Suggestions:**  
- Generate clear, testable predictions (e.g., altering the microbiome will modulate response to immune checkpoint inhibitors in glioblastoma).
- Propose biomarkers identifiable via metabolomics or transporter profiles.

---

### 5. Falsifiability  
**Score: 7/10**  
**Explanation:**  
The proposed approach is potentially falsifiable: one could experimentally show that microbiome manipulation does or does not affect cancer progression or treatment outcomes.  
**Suggestions:**  
- Formulate falsifiable hypotheses (e.g., “Blocking transporter X abrogates the effect of microbiome alteration on tumor growth”).
- Describe negative controls and measurable endpoints.

---

### 6. Parsimony  
**Score: 4/10**  
**Explanation:**  
The proposal is complex, involving multiple sophisticated techniques and biological systems, which may reduce parsimony.  
**Suggestions:**  
- Focus on the most impactful variable(s) or mechanism(s) for initial studies.
- Justify the necessity of each component to avoid unnecessary complexity.

---

### 7. Generalizability  
**Score: 6/10**  
**Explanation:**  
If successful, findings could generalize across multiple cancer types. However, specificity to hard-to-treat cancers and the complex interplay of variables may limit broad applicability.  
**Suggestions:**  
- Test the approach in multiple tumor models.
- Identify universal versus context-specific mechanisms.

---

### 8. Methodological Rigor  
**Score: 7/10**  
**Explanation:**  
The outlined techniques are methodologically sound when applied correctly. The challenge will be in designing rigorous, well-controlled experiments integrating these approaches.  
**Suggestions:**  
- Predefine protocols and controls for each experimental component.
- Address potential confounders (e.g., inter-individual microbiome variation).

---

### 9. Innovation  
**Score: 9/10**  
**Explanation:**  
The approach is highly innovative, particularly in its integration of microbiome, metabolomics, and transporter profiling for cancer research, especially with a systems-level view.  
**Suggestions:**  
- Clarify what is novel compared to existing studies.
- Highlight unpublished or underexplored mechanistic links.

---

### 10. Problem-Solving Utility  
**Score: 7/10**  
**Explanation:**  
If the hypothesis holds, it could yield new therapeutic targets for difficult cancers. However, the translational pathway is not fully mapped out.  
**Suggestions:**  
- Propose specific interventions or drugs that could arise from positive findings.
- Outline a path from discovery to clinical application.

---

### 11. Interdisciplinary Impact  
**Score: 8/10**  
**Explanation:**  
The project bridges microbiology, oncology, immunology, pharmacology, and systems biology, making it highly interdisciplinary.  
**Suggestions:**  
- Involve experts from all relevant fields early.
- Identify cross-disciplinary technologies or methods to enhance impact.

---

### 12. Ethical Considerations  
**Score: 6/10**  
**Explanation:**  
Research involving human microbiome manipulation and genetic/pharmacological interventions has important ethical considerations, especially in vulnerable cancer populations.  
**Suggestions:**  
- Develop protocols for informed consent and risk minimization.
- Address potential long-term effects of microbiome alterations.

---

### 13. Scalability  
**Score: 5/10**  
**Explanation:**  
Complex, multi-omic approaches may be resource-intensive and hard to scale for large cohorts or clinical deployment.  
**Suggestions:**  
- Develop streamlined assays or prioritize key measurements.
- Explore automation or high-throughput options.

---

### 14. Replicability  
**Score: 6/10**  
**Explanation:**  
The use of advanced techniques is reproducible in principle but may face variability, especially in microbiome and metabolomics data.  
**Suggestions:**  
- Standardize protocols across labs.
- Use reference samples and databases.

---

### 15. Theoretical Foundation  
**Score: 6/10**  
**Explanation:**  
The idea builds on emerging but not yet mature theoretical foundations regarding the microbiome–cancer link.  
**Suggestions:**  
- Cite key theories or models from the literature.
- Integrate recent mechanistic insights.

---

### 16. Technological Feasibility  
**Score: 7/10**  
**Explanation:**  
All proposed technologies exist, but their seamless integration is technically demanding.  
**Suggestions:**  
- Pilot the pipeline on a small scale.
- Leverage existing core facilities or collaborations.

---

### 17. Risk Assessment  
**Score: 5/10**  
**Explanation:**  
Potential risks include unforeseen off-target effects, negative clinical translation, or failure to identify causal relationships.  
**Suggestions:**  
- Develop risk mitigation plans.
- Incorporate go/no-go milestones.

---

### 18. Sustainability  
**Score: 5/10**  
**Explanation:**  
Resource requirements (omics, imaging, animal models) might make long-term sustainability challenging.  
**Suggestions:**  
- Seek sustainable funding sources.
- Optimize protocols for cost and resource efficiency.

---

### 19. Societal Relevance  
**Score: 8/10**  
**Explanation:**  
If successful, the project could have high societal impact by improving outcomes in lethal cancers.  
**Suggestions:**  
- Engage with patient advocacy groups.
- Communicate potential benefits and risks proactively.

---

### 20. Future Research Potential  
**Score: 9/10**  
**Explanation:**  
This approach could open many new research directions, including novel drug targets, diagnostic tools, and personalized medicine strategies.  
**Suggestions:**  
- Outline follow-up studies and collaborations.
- Develop data-sharing plans to foster broader research.

---

**Summary:**  
This idea scores highly on innovation, interdisciplinary impact, and future research potential, but needs clearer hypotheses, tighter theoretical integration, greater parsimony, and stronger empirical grounding to maximize its scientific and translational promise.

### Metadata

- Generation Type: New (Significant Change)
- Parent Idea: 50
- Created as new idea due to significant change


================================================================================
TIMESTAMP: 2025-05-28 11:24:52
PHASE: Tournament Round 4, ROUND: 4, ELO SCORE: 1220.8
UNIQUE_ID: 8047d142-4527ad65
================================================================================

## Tournament Results (Round 4)

**Rank:** 10 out of 19
**ELO Rating:** 1220.8

### Idea

**Title**: ** Microbiome manipulation, metabolomics, transpor...

**Approach**: ** Microbiome manipulation, metabolomics, transporter profiling, pharmacological/genetic blockade, immune phenotyping, in vivo imaging.



