IDEA 36 EVOLUTION LOG

================================================================================
TIMESTAMP: 2025-05-28 10:57:04
PHASE: New Idea (Significant Change), ROUND: 2
UNIQUE_ID: af856880-b2c65aff
================================================================================

## New Idea from Significant Change (Round 2)

This idea represents a significant change from Idea 16.

**Title**: ** Gut microbiome metabolites cross the blood-brain barrier...

**Key Idea**: ** Gut microbiome metabolites cross the blood-brain barrier and modulate immune responses in brain tumors.

## Comparison with Original

### Original Idea (ID: 16)

**Title**: ** Polyploid hepatocytes in HCC undergo large-scale chromati...

**Key Idea**: ** Polyploid hepatocytes in HCC undergo large-scale chromatin architectural rewiring, facilitating oncogene activation and genomic instability.

**Approach**: es include Hi-C and super-resolution microscopy in polyploid and diploid hepatocyte models, coupled with CRISPR-based chromatin topology perturbations. Functional assays will assess gene expression, genomic stability, and tumorigenicity. Challenges include modeling polyploidy and architectural changes in vivo.

**Key References**: ** Zhang Q et al. "Chromatin topology in cancer." Cancer Res. 2019.

### Scientific Evaluation

| Criterion | Score |
|---|---:|
| Empirical Support | 4.0/10 |
| Theoretical Coherence | 7.0/10 |
| Explanatory Power | 6.0/10 |
| Predictive Capability | 7.0/10 |
| Falsifiability | 8.0/10 |
| Parsimony | 6.0/10 |
| Generalizability | 5.0/10 |
| Methodological Rigor | 5.0/10 |
| Innovation | 9.0/10 |
| Problem-Solving Utility | 7.0/10 |
| Interdisciplinary Impact | 9.0/10 |
| Ethical Considerations | 7.0/10 |
| Scalability | 6.0/10 |
| Replicability | 6.0/10 |
| Theoretical Foundation | 5.0/10 |
| Technological Feasibility | 5.0/10 |
| Risk Assessment | 6.0/10 |
| Sustainability | 7.0/10 |
| Societal Relevance | 8.0/10 |
| Future Research Potential | 9.0/10 |

### Detailed Evaluation

Certainly! Here is a detailed evaluation of the idea "**Gut microbiome metabolites cross the blood-brain barrier and modulate immune responses in brain tumors**" against the 20 scientific criteria, focused on the research goal of generating extremely novel, high-impact hypotheses for difficult-to-treat cancers:

---

### 1. Empirical Support  
**Score: 4/10**  
**Explanation:**  
There is some emerging evidence that gut microbiome metabolites can affect brain function and possibly cross the blood-brain barrier (BBB), but direct empirical support for modulation of immune responses in brain tumors by these metabolites is minimal to non-existent in the literature.  
**Suggestions:**  
- Conduct systematic reviews or meta-analyses to uncover any indirect evidence.
- Initiate exploratory animal studies to detect metabolite presence in brain tumor tissue.

---

### 2. Theoretical Coherence  
**Score: 7/10**  
**Explanation:**  
The idea is internally logical, extending from known gut-brain axis and immune modulation concepts. However, the mechanistic pathway (gut→metabolite→BBB→tumor immune modulation) is complex and not fully described.  
**Suggestions:**  
- Develop a more detailed mechanistic model.
- Clarify which classes of metabolites and immune pathways are implicated.

---

### 3. Explanatory Power  
**Score: 6/10**  
**Explanation:**  
The hypothesis could potentially explain variability in brain tumor immune responses or resistance, but is currently speculative and lacks specific explanatory mechanisms.  
**Suggestions:**  
- Identify specific immune phenomena in brain tumors that are unexplained and could be accounted for by this hypothesis.
- Propose concrete mechanisms for metabolite action.

---

### 4. Predictive Capability  
**Score: 7/10**  
**Explanation:**  
The hypothesis generates clear, testable predictions (e.g., altering gut microbiome changes brain tumor immune environment), but these are broad and need refinement.  
**Suggestions:**  
- Specify which metabolites, immune markers, or tumor types to target in predictions.
- Design pilot studies to test these predictions in animal models.

---

### 5. Falsifiability  
**Score: 8/10**  
**Explanation:**  
The idea is readily falsifiable: one could test for the presence/effects of specific metabolites in brain tumors and observe immune impacts.  
**Suggestions:**  
- Define clear criteria for falsification (e.g., absence of metabolites, no immune modulation).
- Pre-register experimental protocols.

---

### 6. Parsimony  
**Score: 6/10**  
**Explanation:**  
The idea is somewhat complex, involving multiple biological systems (gut, BBB, brain tumor, immune system), but not needlessly so given the novelty.  
**Suggestions:**  
- Focus on one metabolite or pathway first.
- Simplify the hypothesis for initial testing.

---

### 7. Generalizability  
**Score: 5/10**  
**Explanation:**  
At present, the hypothesis is specific to brain tumors; unclear if this extends to other cancers or diseases.  
**Suggestions:**  
- Examine whether similar mechanisms could apply to other CNS diseases or metastatic cancers.

---

### 8. Methodological Rigor  
**Score: 5/10**  
**Explanation:**  
Testing this hypothesis will be methodologically challenging due to the need for sensitive detection and manipulation of metabolites across the BBB.  
**Suggestions:**  
- Develop or adapt sensitive metabolomic and immune profiling methods.
- Use rigorous controls and blinded designs.

---

### 9. Innovation  
**Score: 9/10**  
**Explanation:**  
This is a highly innovative idea, as direct links between gut metabolites and brain tumor immune modulation are not well-explored.  
**Suggestions:**  
- Highlight novelty in grant applications and publications.
- Seek interdisciplinary collaborations to further the innovation.

---

### 10. Problem-Solving Utility  
**Score: 7/10**  
**Explanation:**  
If validated, this could open new preventive or therapeutic angles for brain tumors via microbiome modulation.  
**Suggestions:**  
- Propose pilot interventions (e.g., probiotics, dietary changes) for preclinical trials.
- Model potential clinical applications.

---

### 11. Interdisciplinary Impact  
**Score: 9/10**  
**Explanation:**  
The idea bridges oncology, immunology, microbiology, and neuroscience, making it highly interdisciplinary.  
**Suggestions:**  
- Foster collaborations across these disciplines.
- Engage with computational modelers for systems biology approaches.

---

### 12. Ethical Considerations  
**Score: 7/10**  
**Explanation:**  
Few direct ethical risks, but interventions targeting microbiomes or BBB could have unforeseen effects.  
**Suggestions:**  
- Include robust ethical review and informed consent for human studies.
- Monitor off-target effects in preclinical work.

---

### 13. Scalability  
**Score: 6/10**  
**Explanation:**  
Initial work may be resource-intensive and not easily scaled, but clinical translation could be scalable if successful.  
**Suggestions:**  
- Plan for scalable experimental designs.
- Consider high-throughput screening for metabolites.

---

### 14. Replicability  
**Score: 6/10**  
**Explanation:**  
Replication may be challenging due to inter-individual microbiome variability and complex in vivo models.  
**Suggestions:**  
- Use standardized protocols and reagents.
- Share data and methods openly.

---

### 15. Theoretical Foundation  
**Score: 5/10**  
**Explanation:**  
The gut-brain axis and immune modulation are established, but direct evidence for this specific pathway is lacking.  
**Suggestions:**  
- Ground the hypothesis more firmly in existing gut-brain and tumor immunology literature.
- Identify analogous mechanisms in related diseases.

---

### 16. Technological Feasibility  
**Score: 5/10**  
**Explanation:**  
Technologies for measuring metabolites and immune responses exist, but tracking BBB crossing and specific immune effects in brain tumors remains difficult.  
**Suggestions:**  
- Invest in advanced imaging and metabolomics.
- Use animal models with accessible brain tumor microenvironments.

---

### 17. Risk Assessment  
**Score: 6/10**  
**Explanation:**  
Risks are mainly technical and conceptual (e.g., negative or null results, off-target effects), not ethical or safety-related.  
**Suggestions:**  
- Pilot studies to identify major technical hurdles.
- Develop contingency plans for negative findings.

---

### 18. Sustainability  
**Score: 7/10**  
**Explanation:**  
If microbiome-based interventions are found effective, they could be sustainable and low-resource compared to standard therapies.  
**Suggestions:**  
- Assess long-term impacts of microbiome modulation.
- Consider ecological impacts of interventions.

---

### 19. Societal Relevance  
**Score: 8/10**  
**Explanation:**  
Brain tumors are devastating and have poor prognoses; new approaches are of high societal value.  
**Suggestions:**  
- Engage patient advocacy groups.
- Communicate potential benefits and risks transparently.

---

### 20. Future Research Potential  
**Score: 9/10**  
**Explanation:**  
This hypothesis could lead to whole new research directions in tumor biology, microbiome science, and neuroimmunology.  
**Suggestions:**  
- Outline a roadmap for follow-up studies.
- Encourage open-ended exploration of related pathways.

---

## **Summary Table**

| Criterion                        | Score (/10) |
|-----------------------------------|:-----------:|
| 1. Empirical Support              |      4      |
| 2. Theoretical Coherence          |      7      |
| 3. Explanatory Power              |      6      |
| 4. Predictive Capability          |      7      |
| 5. Falsifiability                 |      8      |
| 6. Parsimony                      |      6      |
| 7. Generalizability               |      5      |
| 8. Methodological Rigor           |      5      |
| 9. Innovation                     |      9      |
|10. Problem-Solving Utility        |      7      |
|11. Interdisciplinary Impact       |      9      |
|12. Ethical Considerations         |      7      |
|13. Scalability                    |      6      |
|14. Replicability                  |      6      |
|15. Theoretical Foundation         |      5      |
|16. Technological Feasibility      |      5      |
|17. Risk Assessment                |      6      |
|18. Sustainability                 |      7      |
|19. Societal Relevance             |      8      |
|20. Future Research Potential      |      9      |

---

**Overall:**  
This idea is highly innovative and interdisciplinary, with strong future research potential and societal relevance. However, it currently lacks direct empirical support and poses significant methodological challenges. Targeted pilot studies, further theoretical refinement, and collaborative, phased research plans are recommended to maximize its impact.

### Metadata

- Generation Type: New (Significant Change)
- Parent Idea: 16
- Created as new idea due to significant change


================================================================================
TIMESTAMP: 2025-05-28 10:59:37
PHASE: Tournament Round 2, ROUND: 2, ELO SCORE: 1197.2
UNIQUE_ID: af856880-b2c65aff
================================================================================

## Tournament Results (Round 2)

**Rank:** 14 out of 19
**ELO Rating:** 1197.2

### Idea

**Title**: ** Gut microbiome metabolites cross the blood-brain barrier...

**Key Idea**: ** Gut microbiome metabolites cross the blood-brain barrier and modulate immune responses in brain tumors.



