IDEA 92 EVOLUTION LOG

================================================================================
TIMESTAMP: 2025-05-28 11:32:07
PHASE: New Idea (Significant Change), ROUND: 5
UNIQUE_ID: 84bf7349-e786a886
================================================================================

## New Idea from Significant Change (Round 5)

This idea represents a significant change from Idea 64.

**Title**: ** Specific microbiome-derived metabolites cross the BBB to...

**Key Idea**: ** Specific microbiome-derived metabolites cross the BBB to modulate immune phenotypes within brain tumors, affecting progression and therapy response.

## Comparison with Original

### Original Idea (ID: 64)

**Title**: Untitled Idea

**Key Idea**: **Refinements:** Expanded from general ribosomal specialization to isoform-level regulation, clarified in vivo and rescue studies, added citation for isoform diversity [Simsek 2017].

---

### Scientific Evaluation

| Criterion | Score |
|---|---:|
| Empirical Support | 4.0/10 |
| Theoretical Coherence | 7.0/10 |
| Explanatory Power | 6.0/10 |
| Predictive Capability | 7.0/10 |
| Falsifiability | 8.0/10 |
| Parsimony | 6.0/10 |
| Generalizability | 5.0/10 |
| Methodological Rigor | 6.0/10 |
| Innovation | 9.0/10 |
| Problem-Solving Utility | 7.0/10 |
| Interdisciplinary Impact | 8.0/10 |
| Ethical Considerations | 7.0/10 |
| Scalability | 6.0/10 |
| Replicability | 6.0/10 |
| Theoretical Foundation | 5.0/10 |
| Technological Feasibility | 7.0/10 |
| Risk Assessment | 6.0/10 |
| Sustainability | 7.0/10 |
| Societal Relevance | 8.0/10 |
| Future Research Potential | 9.0/10 |

### Detailed Evaluation

Certainly! Here is the detailed evaluation of the idea:  
**"Specific microbiome-derived metabolites cross the BBB to modulate immune phenotypes within brain tumors, affecting progression and therapy response."**  
against the 20 scientific criteria, as requested.

---

### 1. Empirical Support
**Score: 4/10**  
**Rationale:**  
Some evidence exists for microbiome-derived metabolites affecting distant organs and for certain small molecules crossing the BBB, but direct evidence linking specific metabolites to brain tumor immune modulation is sparse or nonexistent.  
**Suggestions:**  
- Review and cite any indirect evidence from animal models or cell studies.
- Propose initial in vitro or animal studies to generate foundational data.

---

### 2. Theoretical Coherence
**Score: 7/10**  
**Rationale:**  
The hypothesis is logically constructed, building on known roles of the microbiome in immune modulation and the existence of the BBB as a critical interface.  
**Suggestions:**  
- Clarify the proposed mechanisms (e.g., which metabolites, which immune phenotypes).
- Map out signaling pathways and potential molecular targets.

---

### 3. Explanatory Power
**Score: 6/10**  
**Rationale:**  
If true, this could explain variability in brain tumor immune environments and responses to therapy, but currently lacks specific examples or mechanisms.  
**Suggestions:**  
- Identify case studies or phenomena that this hypothesis could uniquely explain.
- Predict and describe specific changes in tumor microenvironments.

---

### 4. Predictive Capability
**Score: 7/10**  
**Rationale:**  
The hypothesis enables clear predictions (e.g., altering the microbiome changes tumor immunity), making it testable.  
**Suggestions:**  
- Specify measurable biomarkers or immune phenotypes to monitor.
- Design longitudinal studies with microbiome manipulation.

---

### 5. Falsifiability
**Score: 8/10**  
**Rationale:**  
The hypothesis can be directly tested—and falsified—by tracing labeled metabolites and assessing immune changes.  
**Suggestions:**  
- Define "specific metabolites" and "modulation" in operational terms.

---

### 6. Parsimony
**Score: 6/10**  
**Rationale:**  
The idea involves multiple systems (microbiome, BBB, immune cells, tumors), making it complex but not unnecessarily so.  
**Suggestions:**  
- Focus on one metabolite or pathway for initial studies.
- Simplify by using reductionist models.

---

### 7. Generalizability
**Score: 5/10**  
**Rationale:**  
Potentially generalizable to other brain diseases or cancers, but currently focused on brain tumors.  
**Suggestions:**  
- Discuss applicability to other CNS diseases.
- Compare with non-brain tumors for context.

---

### 8. Methodological Rigor
**Score: 6/10**  
**Rationale:**  
Feasible with modern techniques (metabolomics, microbiome sequencing, immunophenotyping), but complex models are required.  
**Suggestions:**  
- Propose robust controls (e.g., germ-free mice, isotope labeling).
- Plan for technical replication.

---

### 9. Innovation
**Score: 9/10**  
**Rationale:**  
Highly novel—this direct link is not in current literature and combines disparate research areas.  
**Suggestions:**  
- Highlight novelty in grant proposals and publications.
- Seek interdisciplinary collaborators.

---

### 10. Problem-Solving Utility
**Score: 7/10**  
**Rationale:**  
Could open new therapeutic avenues for difficult-to-treat brain tumors if validated.  
**Suggestions:**  
- Outline translational studies or therapeutic strategies.
- Identify patient subgroups most likely to benefit.

---

### 11. Interdisciplinary Impact
**Score: 8/10**  
**Rationale:**  
Integrates microbiology, neuroscience, immunology, and oncology; could impact all these fields.  
**Suggestions:**  
- Involve experts from each relevant discipline in study design.
- Present at interdisciplinary conferences.

---

### 12. Ethical Considerations
**Score: 7/10**  
**Rationale:**  
Few direct ethical risks, but manipulating the microbiome or immune system in humans requires careful oversight.  
**Suggestions:**  
- Include clear informed consent and risk management plans.
- Consider ethical implications of microbiome interventions.

---

### 13. Scalability
**Score: 6/10**  
**Rationale:**  
Initial studies may be limited to animal models or small cohorts; large-scale human studies would be more challenging.  
**Suggestions:**  
- Develop standardized protocols.
- Plan for scalability in clinical trial design.

---

### 14. Replicability
**Score: 6/10**  
**Rationale:**  
Results may depend on microbiome variability between subjects, but with proper controls, replicability is possible.  
**Suggestions:**  
- Use isogenic animal models and well-defined cohorts.
- Share data and protocols openly.

---

### 15. Theoretical Foundation
**Score: 5/10**  
**Rationale:**  
While based on existing knowledge, direct foundations for the proposed link are thin.  
**Suggestions:**  
- Build a more comprehensive review of relevant literature.
- Bridge gaps with pilot studies.

---

### 16. Technological Feasibility
**Score: 7/10**  
**Rationale:**  
Modern omics and imaging techniques make this testable, but tracing metabolites across the BBB is technically demanding.  
**Suggestions:**  
- Collaborate with labs experienced in metabolite tracing and BBB studies.
- Use advanced imaging and mass spectrometry.

---

### 17. Risk Assessment
**Score: 6/10**  
**Rationale:**  
Risks include over-complexity, negative results, or confounding factors from microbiome diversity.  
**Suggestions:**  
- Pilot studies to identify confounders.
- Phase research to mitigate risk at each step.

---

### 18. Sustainability
**Score: 7/10**  
**Rationale:**  
If successful, could inform sustainable treatment strategies (e.g., microbiome modulation).  
**Suggestions:**  
- Explore non-invasive interventions.
- Plan for long-term follow-up studies.

---

### 19. Societal Relevance
**Score: 8/10**  
**Rationale:**  
High potential impact for a devastating disease area (brain tumors/cancer).  
**Suggestions:**  
- Engage patient advocacy groups.
- Communicate societal benefits in publications.

---

### 20. Future Research Potential
**Score: 9/10**  
**Rationale:**  
Could open multiple new research avenues—microbiome-brain-tumor axis, personalized therapy, etc.  
**Suggestions:**  
- Encourage exploratory grants and collaborative networks.
- Suggest spin-off hypotheses for related diseases.

---

**Summary Table (for quick reference):**

| Criterion                        | Score (/10) |
|-----------------------------------|-------------|
| 1. Empirical Support              | 4           |
| 2. Theoretical Coherence          | 7           |
| 3. Explanatory Power              | 6           |
| 4. Predictive Capability          | 7           |
| 5. Falsifiability                 | 8           |
| 6. Parsimony                      | 6           |
| 7. Generalizability               | 5           |
| 8. Methodological Rigor           | 6           |
| 9. Innovation                     | 9           |
| 10. Problem-Solving Utility       | 7           |
| 11. Interdisciplinary Impact      | 8           |
| 12. Ethical Considerations        | 7           |
| 13. Scalability                   | 6           |
| 14. Replicability                 | 6           |
| 15. Theoretical Foundation        | 5           |
| 16. Technological Feasibility     | 7           |
| 17. Risk Assessment               | 6           |
| 18. Sustainability                | 7           |
| 19. Societal Relevance            | 8           |
| 20. Future Research Potential     | 9           |

---

**Overall:**  
This idea is highly innovative and interdisciplinary, with significant potential impact but limited by current empirical support and foundational data. Addressing these gaps with targeted pilot studies and mechanistic clarity will strengthen the case for experimental validation.

### Metadata

- Generation Type: New (Significant Change)
- Parent Idea: 64
- Created as new idea due to significant change


================================================================================
TIMESTAMP: 2025-05-28 11:36:30
PHASE: Tournament Round 5, ROUND: 5, ELO SCORE: 1247.2
UNIQUE_ID: 84bf7349-e786a886
================================================================================

## Tournament Results (Round 5)

**Rank:** 6 out of 20
**ELO Rating:** 1247.2

### Idea

**Title**: ** Specific microbiome-derived metabolites cross the BBB to...

**Key Idea**: ** Specific microbiome-derived metabolites cross the BBB to modulate immune phenotypes within brain tumors, affecting progression and therapy response.



