IDEA 37 EVOLUTION LOG

================================================================================
TIMESTAMP: 2025-05-28 10:57:25
PHASE: Evolution, ROUND: 2
UNIQUE_ID: e75d973a-849f9528
================================================================================

## Refined Idea (Round 2)

**Title**: ** The gut-brain axis is increasingly recognized f...

**Paragraph 1**: ** The gut-brain axis is increasingly recognized for its impact on neuroimmune function, yet the direct effect of gut-derived metabolites on brain tumor microenvironments is underexplored. This idea hypothesizes that specific short-chain fatty acids or other metabolites produced by the gut microbiota can permeate the blood-brain barrier (BBB) and alter immune cell phenotypes within brain tumors, potentially shifting the immunosuppressive landscape and influencing tumor progression [D'Alessandro 2020]. The novelty lies in linking microbiome metabolism to brain tumor immune modulation via BBB-transiting molecules.

## Comparison with Original

### Original Idea (ID: 4)

**Title**: ** Subcellular cytoskeletal nanomechanical properties of ova...

**Key Idea**: ** Subcellular cytoskeletal nanomechanical properties of ovarian cancer cells predict and mediate chemoresistance.

**Approach**: is methodologically rigorous, generalizable to other drug-resistant cancers, and has high translational potential.

**Key References**: ** Stylianou A et al. "Cytoskeletal mechanisms of cancer cell resistance." Cancer Lett. 2018.

### Scientific Evaluation

| Criterion | Score |
|---|---:|
| Empirical Support | 5.0/10 |
| Theoretical Coherence | 8.0/10 |
| Explanatory Power | 7.0/10 |
| Predictive Capability | 7.0/10 |
| Falsifiability | 8.0/10 |
| Parsimony | 6.0/10 |
| Generalizability | 6.0/10 |
| Methodological Rigor | 5.0/10 |
| Innovation | 9.0/10 |
| Problem-Solving Utility | 7.0/10 |
| Interdisciplinary Impact | 8.0/10 |
| Ethical Considerations | 7.0/10 |
| Scalability | 6.0/10 |
| Replicability | 6.0/10 |
| Theoretical Foundation | 7.0/10 |
| Technological Feasibility | 6.0/10 |
| Risk Assessment | 5.0/10 |
| Sustainability | 6.0/10 |
| Societal Relevance | 8.0/10 |
| Future Research Potential | 9.0/10 |

### Detailed Evaluation

Certainly! Here is a detailed evaluation of the proposed idea—**“Gut-derived metabolites alter immune phenotypes in brain tumor microenvironments via the blood-brain barrier”—**against the 20 scientific criteria, each with a score, rationale, and suggestions for improvement.

---

### Criterion 1: Empirical Support
**Score: 5/10**  
**Rationale:** There is some evidence that gut-derived metabolites can influence neuroimmune interactions, and that short-chain fatty acids (SCFAs) can cross the blood-brain barrier (BBB). However, direct empirical support for their specific role in brain tumor immune modulation is minimal or lacking.  
**Suggestions:** Conduct preliminary in vitro and animal studies to demonstrate that gut-derived metabolites can reach brain tumors and measurably affect immune cell phenotypes.

---

### Criterion 2: Theoretical Coherence
**Score: 8/10**  
**Rationale:** The hypothesis logically extends existing knowledge about the gut-brain axis, immune modulation, and tumor microenvironments. The mechanisms are conceptually plausible.  
**Suggestions:** Clearly define which metabolites and immune cell phenotypes are of interest and articulate the hypothesized causal pathways.

---

### Criterion 3: Explanatory Power
**Score: 7/10**  
**Rationale:** This hypothesis could explain previously unaccounted-for variability in brain tumor progression and immune evasion, linking systemic factors (microbiome) to local brain tumor environments.  
**Suggestions:** Identify specific clinical or preclinical observations that this hypothesis could explain better than current models.

---

### Criterion 4: Predictive Capability
**Score: 7/10**  
**Rationale:** The hypothesis generates testable predictions: e.g., manipulating gut microbiota or SCFA levels should alter immune profiles in brain tumors.  
**Suggestions:** Formulate precise, quantitative predictions to be tested in experimental models.

---

### Criterion 5: Falsifiability
**Score: 8/10**  
**Rationale:** The hypothesis is falsifiable; experiments could show no effect of gut metabolites on brain tumor immunity.  
**Suggestions:** Define clear criteria for what experimental results would invalidate the hypothesis.

---

### Criterion 6: Parsimony
**Score: 6/10**  
**Rationale:** The idea is moderately complex, involving gut microbiota, metabolite transport, BBB permeability, and immune modulation.  
**Suggestions:** Focus initially on one or two key metabolites and immune cell types to simplify the approach.

---

### Criterion 7: Generalizability
**Score: 6/10**  
**Rationale:** The hypothesis may be generalizable to other CNS diseases, but its applicability to non-brain tumors is less clear.  
**Suggestions:** Discuss parallels with other cancers or CNS disorders where the gut-brain-immune axis may play a role.

---

### Criterion 8: Methodological Rigor
**Score: 5/10**  
**Rationale:** Testing this hypothesis will require complex and multidisciplinary methods, including advanced metabolomics, immunology, and brain tumor models.  
**Suggestions:** Outline concrete experimental designs, including controls, to ensure methodological rigor.

---

### Criterion 9: Innovation
**Score: 9/10**  
**Rationale:** This is a highly novel hypothesis, as direct links between gut metabolites and brain tumor immune microenvironments are not well explored in current literature.  
**Suggestions:** Emphasize the unique aspects that differentiate this from existing microbiome-cancer or neuro-oncology research.

---

### Criterion 10: Problem-Solving Utility
**Score: 7/10**  
**Rationale:** If validated, this could open new avenues for therapy and diagnosis in hard-to-treat brain cancers.  
**Suggestions:** Identify specific clinical challenges (e.g., resistance to immunotherapy) that this approach might help address.

---

### Criterion 11: Interdisciplinary Impact
**Score: 8/10**  
**Rationale:** Integrates microbiology, immunology, neuroscience, and oncology, fostering cross-disciplinary collaboration.  
**Suggestions:** Engage experts from each discipline in the project from the outset.

---

### Criterion 12: Ethical Considerations
**Score: 7/10**  
**Rationale:** The research is unlikely to raise significant ethical concerns, though manipulation of the microbiome in humans requires careful oversight.  
**Suggestions:** Plan for robust ethical review, especially for translational or human studies.

---

### Criterion 13: Scalability
**Score: 6/10**  
**Rationale:** Initial studies may be in animal models, but translation to clinical practice is feasible with scalable interventions (e.g., probiotics, dietary changes).  
**Suggestions:** Consider scalability when selecting experimental interventions.

---

### Criterion 14: Replicability
**Score: 6/10**  
**Rationale:** Biological variability in the microbiome and immune system could impact replicability, but standardized protocols can mitigate this.  
**Suggestions:** Develop detailed methods and validation steps to support reproducibility.

---

### Criterion 15: Theoretical Foundation
**Score: 7/10**  
**Rationale:** Builds on robust literature about the gut-brain axis, immune modulation, and tumor biology, though the specific link is new.  
**Suggestions:** Review and synthesize relevant foundational literature to strengthen the theoretical underpinning.

---

### Criterion 16: Technological Feasibility
**Score: 6/10**  
**Rationale:** The necessary technologies (omics, BBB models, immune profiling) exist but are resource-intensive.  
**Suggestions:** Leverage existing platforms and seek collaborations to access specialized technologies.

---

### Criterion 17: Risk Assessment
**Score: 5/10**  
**Rationale:** Risks include complexity, confounding variables, and potential failure to demonstrate causality.  
**Suggestions:** Identify key risks early and design experiments to address them.

---

### Criterion 18: Sustainability
**Score: 6/10**  
**Rationale:** Studies are resource-intensive but could lead to sustainable interventions (e.g., dietary or probiotic therapies).  
**Suggestions:** Consider long-term resource needs and potential for low-cost interventions.

---

### Criterion 19: Societal Relevance
**Score: 8/10**  
**Rationale:** Brain tumors are devastating, and new approaches are urgently needed. Microbiome-based interventions have broad public interest.  
**Suggestions:** Plan for patient and public engagement in research dissemination.

---

### Criterion 20: Future Research Potential
**Score: 9/10**  
**Rationale:** Opens many new research directions, including broader cancer immunology, microbiome modulation, and neuroimmunology.  
**Suggestions:** Map out a pipeline of subsequent research questions stemming from initial findings.

---

**Summary:**  
The idea is highly novel, interdisciplinary, and has strong potential to open new fields of inquiry, but currently lacks direct empirical support and may face methodological and complexity challenges. Early pilot studies and clear mechanistic focus will be key to advancing this hypothesis.

### Metadata

- Generation Type: Refinement
- Parent Idea: 4
- Refinement Count: 0


================================================================================
TIMESTAMP: 2025-05-28 10:59:37
PHASE: Tournament Round 2, ROUND: 2, ELO SCORE: 1202.2
UNIQUE_ID: e75d973a-849f9528
================================================================================

## Tournament Results (Round 2)

**Rank:** 11 out of 19
**ELO Rating:** 1202.2

### Idea

**Title**: ** The gut-brain axis is increasingly recognized f...

**Paragraph 1**: ** The gut-brain axis is increasingly recognized for its impact on neuroimmune function, yet the direct effect of gut-derived metabolites on brain tumor microenvironments is underexplored. This idea hypothesizes that specific short-chain fatty acids or other metabolites produced by the gut microbiota can permeate the blood-brain barrier (BBB) and alter immune cell phenotypes within brain tumors, potentially shifting the immunosuppressive landscape and influencing tumor progression [D'Alessandro 2020]. The novelty lies in linking microbiome metabolism to brain tumor immune modulation via BBB-transiting molecules.



