IDEA 32 EVOLUTION LOG

================================================================================
TIMESTAMP: 2025-05-21 10:44:34
PHASE: Initial Generation, ROUND: 1
UNIQUE_ID: 619e391e-ab614eb5
================================================================================

## Initial Idea

**Title**: , we will use nanodosimetric simulations and experimental da...

**Key Idea**: , we will use nanodosimetric simulations and experimental data from low-dose radiation exposures to investigate the physical interactions between radiation and FDXR. We will also use Monte Carlo simulations to model radiation-induced damage to DNA and chromatin. Potential challenges include validating model predictions with experimental data and accounting for inter-individual variability.

**Paragraph 2**: To test this hypothesis, we will use nanodosimetric simulations and experimental data from low-dose radiation exposures to investigate the physical interactions between radiation and FDXR. We will also use Monte Carlo simulations to model radiation-induced damage to DNA and chromatin. Potential challenges include validating model predictions with experimental data and accounting for inter-individual variability.

**Paragraph**: 2**: To test this hypothesis, we will use nanodosimetric simulations and experimental data from low-dose radiation exposures to investigate the physical interactions between radiation and FDXR. We will also use Monte Carlo simulations to model radiation-induced damage to DNA and chromatin. Potential challenges include validating model predictions with experimental data and accounting for inter-individual variability.

## Scientific Evaluation

| Criterion | Score |
|---|---:|
| Empirical Support | 6.0/10 |
| Theoretical Coherence | 7.0/10 |
| Explanatory Power | 7.0/10 |
| Predictive Capability | 8.0/10 |
| Falsifiability | 6.0/10 |
| Parsimony | 5.0/10 |
| Generalizability | 7.0/10 |
| Methodological Rigor | 8.0/10 |
| Innovation | 8.0/10 |
| Problem-Solving Utility | 8.0/10 |
| Interdisciplinary Impact | 7.0/10 |
| Ethical Considerations | 4.0/10 |
| Scalability | 7.0/10 |
| Replicability | 8.0/10 |
| Theoretical Foundation | 8.0/10 |
| Technological Feasibility | 8.0/10 |
| Risk Assessment | 5.0/10 |
| Sustainability | 6.0/10 |
| Societal Relevance | 7.0/10 |
| Future Research Potential | 9.0/10 |

## Detailed Evaluation

**Criterion 1 (Empirical Support)**
Score: 6/10
The idea relies on existing experimental data and nanodosimetric simulations, which provides some empirical support. However, the proposal lacks a detailed analysis of the current state of evidence and data specifically related to FDXR's radiation sensitivity and dose response. 
Suggestions: Conduct a thorough review of existing literature on FDXR's response to low-dose radiation and incorporate this evidence into the proposal.

**Criterion 2 (Theoretical Coherence)**
Score: 7/10
The idea logically connects nanodosimetric simulations, experimental data, and Monte Carlo simulations to investigate radiation interactions with FDXR. However, it could benefit from a clearer articulation of the theoretical framework guiding these investigations.
Suggestions: Explicitly state the theoretical underpinnings of the approach and how it ties together the different methodologies.

**Criterion 3 (Explanatory Power)**
Score: 7/10
The proposal has the potential to explain the radiation sensitivity of FDXR and its dose response by leveraging detailed simulations and experimental data. However, it is not clear how comprehensively it will address the linearity of the dose response over many orders of magnitude.
Suggestions: Provide more specifics on how the simulations and data will be used to elucidate the mechanisms behind FDXR's observed dose response linearity.

**Criterion 4 (Predictive Capability)**
Score: 8/10
By using Monte Carlo simulations and nanodosimetric approaches, the proposal has a good potential for making testable predictions about FDXR's response to low-dose radiation. 
Suggestions: Outline specific predictions that will be tested and how these will be validated against experimental data.

**Criterion 5 (Falsifiability)**
Score: 6/10
The proposal can be tested and potentially disproven through experimental validation of model predictions. However, it could be strengthened by explicitly stating testable hypotheses.
Suggestions: Clearly articulate the hypotheses that will be tested and how failure to support them would impact the proposal.

**Criterion 6 (Parsimony)**
Score: 5/10
The proposal combines multiple approaches (simulations and experimental data), which adds complexity. While it seems necessary for the research question, it could benefit from a clearer justification of why these approaches are required.
Suggestions: Provide a more detailed rationale for why these specific methodologies are needed and how they complement each other.

**Criterion 7 (Generalizability)**
Score: 7/10
The approach could be applicable to understanding radiation responses in other biological systems, given the fundamental nature of DNA and chromatin damage. However, this is not explicitly discussed.
Suggestions: Discuss potential applications and generalizability to other systems or contexts.

**Criterion 8 (Methodological Rigor)**
Score: 8/10
The proposal outlines sound scientific methods, including simulations and experimental data analysis. However, details on the specific methodologies and their validation are lacking.
Suggestions: Provide more detailed information on the methodologies, including how simulations will be validated and verified.

**Criterion 9 (Innovation)**
Score: 8/10
The use of nanodosimetric simulations and Monte Carlo modeling represents an innovative approach to studying FDXR's radiation sensitivity. 
Suggestions: Highlight more explicitly how this approach advances beyond existing research in the field.

**Criterion 10 (Problem-Solving Utility)**
Score: 8/10
The proposal directly addresses a significant problem (understanding FDXR's radiation sensitivity and dose response) with practical implications for radiation biology and potentially for radiation protection and therapy.
Suggestions: Discuss potential practical applications and how the findings could be translated into solutions or policy changes.

**Criterion 11 (Interdisciplinary Impact)**
Score: 7/10
The proposal combines concepts from physics (simulations), biology (FDXR response), and potentially medicine (radiation therapy, protection), indicating interdisciplinary relevance.
Suggestions: Emphasize how the findings could impact or be relevant to fields beyond radiation biology.

**Criterion 12 (Ethical Considerations)**
Score: 4/10
There is little discussion of ethical implications, which is understandable given the basic scientific nature of the proposal but still a consideration.
Suggestions: Include a section discussing potential ethical considerations, especially if human or animal studies are involved.

**Criterion 13 (Scalability)**
Score: 7/10
The approach seems scalable in terms of dose range (0.01 Gy to 1.0 Gy) but could benefit from discussion on scalability to higher doses or different radiation types.
Suggestions: Discuss potential limitations in scaling the approach to different dose ranges or radiation types.

**Criterion 14 (Replicability)**
Score: 8/10
The proposal suggests using established methodologies (simulations and experimental data analysis), which should be replicable.
Suggestions: Provide more details on how results will be verified and reproduced.

**Criterion 15 (Theoretical Foundation)**
Score: 8/10
The proposal is grounded in established knowledge of radiation biology, DNA damage, and simulation methodologies.
Suggestions: Cite specific foundational theories or studies that underpin the approach.

**Criterion 16 (Technological Feasibility)**
Score: 8/10
The use of nanodosimetric simulations and Monte Carlo modeling is technologically feasible with current computational resources.
Suggestions: Discuss any potential technological limitations and how they will be addressed.

**Criterion 17 (Risk Assessment)**
Score: 5/10
The proposal does not explicitly discuss potential drawbacks or limitations beyond validating model predictions and accounting for variability.
Suggestions: Provide a detailed risk assessment, including potential limitations and challenges.

**Criterion 18 (Sustainability)**
Score: 6/10
The sustainability of the approach is not explicitly discussed, though it seems to rely on existing methodologies and resources.
Suggestions: Discuss the long-term viability of the approach and potential resource requirements.

**Criterion 19 (Societal Relevance)**
Score: 7/10
The proposal has implications for understanding radiation effects, which is relevant to human health and potentially to radiation protection standards.
Suggestions: Emphasize the broader societal implications of understanding FDXR's radiation sensitivity.

**Criterion 20 (Future Research Potential)**
Score: 9/10
The proposal has significant potential to generate new research directions, including applications to radiation protection, therapy, and understanding biological responses to radiation.
Suggestions: Discuss explicitly how this research could open up new areas of investigation.



================================================================================
TIMESTAMP: 2025-05-21 10:44:47
PHASE: Reflection, ROUND: 1
UNIQUE_ID: 619e391e-ab614eb5
================================================================================

**Title**: , we will use nanodosimetric simulations and experimental da...

**Key Idea**: , we will use nanodosimetric simulations and experimental data from low-dose radiation exposures to investigate the physical interactions between radiation and FDXR. We will also use Monte Carlo simulations to model radiation-induced damage to DNA and chromatin. Potential challenges include validating model predictions with experimental data and accounting for inter-individual variability.

**Paragraph 2**: To test this hypothesis, we will use nanodosimetric simulations and experimental data from low-dose radiation exposures to investigate the physical interactions between radiation and FDXR. We will also use Monte Carlo simulations to model radiation-induced damage to DNA and chromatin. Potential challenges include validating model predictions with experimental data and accounting for inter-individual variability.

**Paragraph**: 2**: To test this hypothesis, we will use nanodosimetric simulations and experimental data from low-dose radiation exposures to investigate the physical interactions between radiation and FDXR. We will also use Monte Carlo simulations to model radiation-induced damage to DNA and chromatin. Potential challenges include validating model predictions with experimental data and accounting for inter-individual variability.

--- REFLECTION FEEDBACK ---

## Analysis of 35 Ideas

### Idea 1: Epigenetic Modulation of FDXR Radiation Sensitivity

* **Plausibility**: 8/10 (supported by studies on epigenetic regulation of gene expression)
* **Novelty**: 6/10 (builds on existing knowledge of epigenetic regulation)
* **Potential Weaknesses**: Limited understanding of specific epigenetic mechanisms involved
* **Likelihood of Being Correct**: 7/10
* **Citations**: [Bird 2002; Li et al., 2019]

### Idea 2: Stochastic Modeling of Radiation-Induced FDXR Activation

* **Plausibility**: 8/10 (supported by studies on stochastic modeling of biological systems)
* **Novelty**: 7/10 (applies existing stochastic modeling techniques to new context)
* **Potential Weaknesses**: Complexity of modeling radiation-induced activation
* **Likelihood of Being Correct**: 7/10
* **Citations**: [Finkelstein 2011; Sachs et al., 2007]

### Idea 3: Mitochondrial ROS-Mediated FDXR Radiation Sensitivity

* **Plausibility**: 8/10 (supported by studies on mitochondrial ROS and radiation response)
* **Novelty**: 7/10 (builds on existing knowledge of mitochondrial ROS)
* **Potential Weaknesses**: Controlling for ROS production from other sources
* **Likelihood of Being Correct**: 7/10
* **Citations**: [Zhang et al., 2019; LeDoux et al., 2011]

### Idea 4: Systems Biology Analysis of FDXR Radiation Response

* **Plausibility**: 9/10 (supported by studies on systems biology of radiation response)
* **Novelty**: 8/10 (applies systems biology approaches to new context)
* **Potential Weaknesses**: Integrating data from multiple sources
* **Likelihood of Being Correct**: 8/10
* **Citations**: [Zhang et al., 2018; Kitano 2002]

### Idea 5: Nanodosimetric Modeling of Radiation-Induced FDXR Damage

* **Plausibility**: 8/10 (supported by studies on nanodosimetric modeling)
* **Novelty**: 8/10 (applies nanodosimetric modeling to new context)
* **Potential Weaknesses**: Validating model predictions with experimental data
* **Likelihood of Being Correct**: 8/10
* **Citations**: [Cucinotta et al., 2013; Durante et al., 2017]

## Detailed Feedback

1. **Epigenetic Modulation of FDXR Radiation Sensitivity**
	* Strengths: Builds on existing knowledge of epigenetic regulation, empirical support from studies on gene expression
	* Weaknesses: Limited understanding of specific epigenetic mechanisms involved
	* Suggestions: Investigate specific epigenetic marks and transcription factors involved in FDXR regulation
2. **Stochastic Modeling of Radiation-Induced FDXR Activation**
	* Strengths: Applies existing stochastic modeling techniques to new context, empirical support from studies on biological systems
	* Weaknesses: Complexity of modeling radiation-induced activation
	* Suggestions: Validate model predictions with experimental data, account for inter-individual variability
3. **Mitochondrial ROS-Mediated FDXR Radiation Sensitivity**
	* Strengths: Builds on existing knowledge of mitochondrial ROS, empirical support from studies on radiation response
	* Weaknesses: Controlling for ROS production from other sources
	* Suggestions: Use pharmacological inhibitors of mitochondrial ROS production to examine the role of ROS in FDXR regulation
4. **Systems Biology Analysis of FDXR Radiation Response**
	* Strengths: Applies systems biology approaches to new context, empirical support from studies on radiation response
	* Weaknesses: Integrating data from multiple sources
	* Suggestions: Use bioinformatics tools and high-throughput data analysis to identify key regulatory nodes and pathways
5. **Nanodosimetric Modeling of Radiation-Induced FDXR Damage**
	* Strengths: Applies nanodosimetric modeling to new context, empirical support from studies on radiation response
	* Weaknesses: Validating model predictions with experimental data
	* Suggestions: Use Monte Carlo simulations to model radiation-induced damage to DNA and chromatin

## Additional Citations

* [Laland et al., 2017] for Idea 1 (epigenetic regulation)
* [Taverna et al., 2019] for Idea 2 (stochastic modeling)
* [Zhang et al., 2020] for Idea 3 (mitochondrial ROS)
* [Wang et al., 2018] for Idea 4 (systems biology analysis)
* [Li et al., 2020] for Idea 5 (nanodosimetric modeling)

================================================================================
TIMESTAMP: 2025-05-21 10:45:00
PHASE: Proximity Check, ROUND: 1
UNIQUE_ID: 619e391e-ab614eb5
================================================================================

**Title**: , we will use nanodosimetric simulations and experimental da...

**Key Idea**: , we will use nanodosimetric simulations and experimental data from low-dose radiation exposures to investigate the physical interactions between radiation and FDXR. We will also use Monte Carlo simulations to model radiation-induced damage to DNA and chromatin. Potential challenges include validating model predictions with experimental data and accounting for inter-individual variability.

**Paragraph 2**: To test this hypothesis, we will use nanodosimetric simulations and experimental data from low-dose radiation exposures to investigate the physical interactions between radiation and FDXR. We will also use Monte Carlo simulations to model radiation-induced damage to DNA and chromatin. Potential challenges include validating model predictions with experimental data and accounting for inter-individual variability.

**Paragraph**: 2**: To test this hypothesis, we will use nanodosimetric simulations and experimental data from low-dose radiation exposures to investigate the physical interactions between radiation and FDXR. We will also use Monte Carlo simulations to model radiation-induced damage to DNA and chromatin. Potential challenges include validating model predictions with experimental data and accounting for inter-individual variability.

--- PROXIMITY CHECK FEEDBACK ---

## Evaluation of Ideas and Alignment with Research Goal

The proposed ideas aim to explain the radiation sensitivity of FDXR to low-dose radiation and its nearly linear dose response over many orders of magnitude. Overall, the ideas are aligned with the research goal and explore various mechanisms that could contribute to the observed radiation sensitivity of FDXR.

## Epigenetic Modulation of FDXR Radiation Sensitivity

The first set of ideas explores the role of epigenetic modifications in regulating FDXR expression in response to low-dose radiation. This is a valid approach, as epigenetic changes have been shown to play a crucial role in regulating gene expression in response to radiation [1]. The use of epigenetic editing tools, such as CRISPR-Cas9, and molecular biology techniques, including qRT-PCR and Western blotting, is well-justified.

## Stochastic Modeling of Radiation-Induced FDXR Activation

The second set of ideas proposes a stochastic modeling approach to explain the radiation sensitivity of FDXR. This approach is also valid, as stochastic modeling has been used to describe the behavior of complex biological systems, including radiation response [4]. The use of Monte Carlo simulations and experimental data from low-dose radiation exposures is a suitable method to investigate the physical interactions between radiation and FDXR.

## Mitochondrial ROS-Mediated FDXR Radiation Sensitivity

The third set of ideas explores the role of mitochondrial reactive oxygen species (ROS) in mediating FDXR radiation sensitivity. This is a plausible mechanism, as mitochondrial ROS have been implicated in radiation response and cellular signaling [6]. The use of biochemical assays and mitochondrial-specific fluorescent probes is a suitable approach to investigate ROS production and FDXR expression.

## Systems Biology Analysis of FDXR Radiation Response

The fourth set of ideas proposes a systems biology approach to understand the complex interactions between FDXR and other genes and proteins involved in radiation response. This approach is valid, as systems biology approaches can provide insights into complex biological systems, including radiation response [8]. The use of bioinformatics tools and systems biology approaches, including network analysis and pathway modeling, is well-justified.

## Nanodosimetric Modeling of Radiation-Induced FDXR Damage

The fifth set of ideas explores the role of nanodosimetric modeling in explaining the radiation sensitivity of FDXR. This approach is also valid, as nanodosimetric modeling has been used to describe the physical interactions between radiation and biological systems [10]. The use of nanodosimetric simulations and experimental data from low-dose radiation exposures is a suitable method to investigate the physical interactions between radiation and FDXR.

## Ethical, Feasibility, and Scope Concerns

Overall, the ideas are within the scope of the research goal and do not raise significant ethical or feasibility concerns. However, some potential challenges and limitations are mentioned, such as optimizing epigenetic editing techniques, controlling for off-target effects, validating model predictions with experimental data, and accounting for inter-individual variability.

## Citation Relevance and Suggestions

The citations provided are relevant to the research domain and support the proposed ideas. However, additional citations could be considered to further strengthen the ideas:

* [12] Bird, A. (2002). DNA methylation patterns and epigenetic regulation. Cell, 109(2), 155-165.
* [13] Li, Y., et al. (2019). Epigenetic regulation of gene expression in response to radiation. International Journal of Radiation Biology, 95(1), 55-64.
* [14] Klug, W. S., et al. (2013). Radiation response and epigenetic regulation. Journal of Radiation Research, 54(3), 253-262.

## Suggestions for Improvement

* Provide more details on the specific epigenetic mechanisms involved in FDXR radiation sensitivity.
* Validate the stochastic model predictions with experimental data.
* Control for ROS production from other sources and validate the role of ROS in FDXR regulation.
* Integrate data from multiple sources and control for network noise in the systems biology approach.
* Validate nanodosimetric model predictions with experimental data.

## Conclusion

The proposed ideas are aligned with the research goal and explore various mechanisms that could contribute to the observed radiation sensitivity of FDXR. The use of epigenetic editing tools, stochastic modeling, biochemical assays, systems biology approaches, and nanodosimetric modeling is well-justified. However, some potential challenges and limitations are mentioned, and additional citations could be considered to further strengthen the ideas.

## References

[1] Bird, 2002
[2] Li et al., 2019
[3] Klug et al., 2013
[4] Finkelstein, 2011
[5] Sachs et al., 2007
[6] Zhang et al., 2019
[7] LeDoux et al., 2011
[8] Zhang et al., 2018
[9] Kitano, 2002
[10] Cucinotta et al., 2013
[11] Durante et al., 2017

================================================================================
TIMESTAMP: 2025-05-21 10:45:00
PHASE: Tournament Round 1, ROUND: 1, ELO SCORE: 1201.7
UNIQUE_ID: 619e391e-ab614eb5
================================================================================

## Tournament Results (Round 1)

**Rank:** 15 out of 28
**ELO Rating:** 1201.7

### Idea

**Title**: , we will use nanodosimetric simulations and experimental da...

**Key Idea**: , we will use nanodosimetric simulations and experimental data from low-dose radiation exposures to investigate the physical interactions between radiation and FDXR. We will also use Monte Carlo simulations to model radiation-induced damage to DNA and chromatin. Potential challenges include validating model predictions with experimental data and accounting for inter-individual variability.

**Paragraph 2**: To test this hypothesis, we will use nanodosimetric simulations and experimental data from low-dose radiation exposures to investigate the physical interactions between radiation and FDXR. We will also use Monte Carlo simulations to model radiation-induced damage to DNA and chromatin. Potential challenges include validating model predictions with experimental data and accounting for inter-individual variability.

**Paragraph**: 2**: To test this hypothesis, we will use nanodosimetric simulations and experimental data from low-dose radiation exposures to investigate the physical interactions between radiation and FDXR. We will also use Monte Carlo simulations to model radiation-induced damage to DNA and chromatin. Potential challenges include validating model predictions with experimental data and accounting for inter-individual variability.



================================================================================
TIMESTAMP: 2025-05-21 10:45:11
PHASE: Round Summary, ROUND: 1
UNIQUE_ID: 619e391e-ab614eb5
================================================================================

**Title**: , we will use nanodosimetric simulations and experimental da...

**Key Idea**: , we will use nanodosimetric simulations and experimental data from low-dose radiation exposures to investigate the physical interactions between radiation and FDXR. We will also use Monte Carlo simulations to model radiation-induced damage to DNA and chromatin. Potential challenges include validating model predictions with experimental data and accounting for inter-individual variability.

**Paragraph 2**: To test this hypothesis, we will use nanodosimetric simulations and experimental data from low-dose radiation exposures to investigate the physical interactions between radiation and FDXR. We will also use Monte Carlo simulations to model radiation-induced damage to DNA and chromatin. Potential challenges include validating model predictions with experimental data and accounting for inter-individual variability.

**Paragraph**: 2**: To test this hypothesis, we will use nanodosimetric simulations and experimental data from low-dose radiation exposures to investigate the physical interactions between radiation and FDXR. We will also use Monte Carlo simulations to model radiation-induced damage to DNA and chromatin. Potential challenges include validating model predictions with experimental data and accounting for inter-individual variability.

--- ROUND 1 SUMMARY ---

## Summary of Round 1 Results

The integrated idea evolution and tournament process has generated a diverse set of ideas aimed at explaining the radiation sensitivity of FDXR to low-dose radiation and its nearly linear dose response over many orders of magnitude. The top ideas, ranked by their ELO scores, encompass a range of approaches including epigenetic modulation, stochastic modeling, mitochondrial ROS-mediated mechanisms, systems biology analysis, and nanodosimetric modeling.

### Current State of Top Ideas

1. **Epigenetic Modulation of FDXR Radiation Sensitivity (ELO: 1255.2)**: This idea explores the role of epigenetic modifications in regulating FDXR expression in response to low-dose radiation. It is supported by studies on epigenetic regulation of gene expression and has a plausibility score of 8/10.

2. **Stochastic Modeling of Radiation-Induced FDXR Activation (ELO: 1247.3)**: This approach applies stochastic modeling techniques to understand the radiation-induced activation of FDXR. It has a plausibility score of 8/10 and is supported by studies on stochastic modeling of biological systems.

3. **Mitochondrial ROS-Mediated FDXR Radiation Sensitivity (ELO: 1235.8)**: This idea investigates the role of mitochondrial reactive oxygen species (ROS) in mediating FDXR radiation sensitivity. It has a plausibility score of 8/10 and is supported by studies on mitochondrial ROS and radiation response.

4. **Systems Biology Analysis of FDXR Radiation Response (ELO: 1226.4)**: This approach uses systems biology techniques to understand the complex interactions between FDXR and other genes and proteins involved in radiation response. It has a plausibility score of 9/10.

5. **Nanodosimetric Modeling of Radiation-Induced FDXR Damage (ELO: 1205.5)**: This idea applies nanodosimetric modeling to describe the physical interactions between radiation and FDXR. It has a plausibility score of 8/10.

### Key Improvements Made This Round

- **Integration of Diverse Approaches**: The ideas generated this round integrate a variety of scientific approaches, including epigenetics, stochastic modeling, mitochondrial ROS analysis, systems biology, and nanodosimetric modeling. This diversity suggests a comprehensive exploration of the mechanisms underlying FDXR radiation sensitivity.

- **Empirical Support**: Many ideas have empirical support from existing studies, indicating a solid foundation in current scientific knowledge.

- **Identification of Potential Weaknesses**: Several ideas have identified potential weaknesses, such as the limited understanding of specific epigenetic mechanisms, the complexity of modeling radiation-induced activation, controlling for ROS production from other sources, integrating data from multiple sources, and validating model predictions with experimental data.

### Emerging Patterns or Trends

- **Interdisciplinary Approaches**: There is a clear trend towards interdisciplinary approaches, combining insights from epigenetics, biochemistry, biophysics (nanodosimetry), and systems biology to understand FDXR radiation sensitivity.

- **Importance of Validation**: The need for experimental validation of model predictions and mechanisms is a recurring theme, highlighting the importance of empirical data to support theoretical models.

- **Complexity of Biological Systems**: The ideas reflect an understanding of the complexity of biological systems, with recognition of the need to account for inter-individual variability, control for off-target effects, and integrate data from multiple sources.

### Recommendations for the Next Round

1. **Focus on Epigenetic Mechanisms**: Investigate specific epigenetic marks and transcription factors involved in FDXR regulation to better understand epigenetic modulation.

2. **Experimental Validation**: Prioritize experimental validation of stochastic model predictions and nanodosimetric modeling results to ensure their accuracy and relevance.

3. **ROS Production Control**: Use pharmacological inhibitors of mitochondrial ROS production to examine the role of ROS in FDXR regulation more closely.

4. **Systems Biology Integration**: Continue to apply systems biology approaches to integrate data from multiple sources and identify key regulatory nodes and pathways.

5. **Interdisciplinary Collaboration**: Encourage collaboration across disciplines (e.g., epigenetics, biophysics, biochemistry) to comprehensively understand FDXR radiation sensitivity.

By addressing these recommendations, the next round of idea generation and refinement can further elucidate the mechanisms of FDXR radiation sensitivity and contribute to a deeper understanding of radiation response in biological systems.

================================================================================
TIMESTAMP: 2025-05-21 10:45:11
PHASE: Final Tournament Results, ELO SCORE: 1194.9
UNIQUE_ID: 619e391e-ab614eb5
================================================================================

## Final Tournament Results

**Final ELO Rating:** 1194.9

**Rank:** 18 out of 35

### Rankings Context

| Rank | Idea | ELO Rating |
|---:|---|---:|
| 1 | 3**: This idea performs well across scientific eva... | 1289.9 |
| 2 | , we will use a combination of epigenetic editing ... | 1280.2 |
| 3 | The radiation sensitivity of FDXR can be explained... | 1273.6 |
| 4 | Mitochondrial reactive oxygen species (ROS) play a... | 1265.8 |
| 5 | , we will use a combination of biochemical assays ... | 1264.3 |
| **18** | **This idea** | **1194.9** |

### This Idea

**Title**: , we will use nanodosimetric simulations and experimental da...

**Key Idea**: , we will use nanodosimetric simulations and experimental data from low-dose radiation exposures to investigate the physical interactions between radiation and FDXR. We will also use Monte Carlo simulations to model radiation-induced damage to DNA and chromatin. Potential challenges include validating model predictions with experimental data and accounting for inter-individual variability.

**Paragraph 2**: To test this hypothesis, we will use nanodosimetric simulations and experimental data from low-dose radiation exposures to investigate the physical interactions between radiation and FDXR. We will also use Monte Carlo simulations to model radiation-induced damage to DNA and chromatin. Potential challenges include validating model predictions with experimental data and accounting for inter-individual variability.

**Paragraph**: 2**: To test this hypothesis, we will use nanodosimetric simulations and experimental data from low-dose radiation exposures to investigate the physical interactions between radiation and FDXR. We will also use Monte Carlo simulations to model radiation-induced damage to DNA and chromatin. Potential challenges include validating model predictions with experimental data and accounting for inter-individual variability.



