IDEA 28 EVOLUTION LOG

================================================================================
TIMESTAMP: 2025-05-21 10:44:34
PHASE: Initial Generation, ROUND: 1
UNIQUE_ID: 4758d41f-3a7d6584
================================================================================

## Initial Idea

**Title**: Untitled Idea

**Key References**: [8] Zhang et al., 2018; [9] Kitano, 2002

## Scientific Evaluation

| Criterion | Score |
|---|---:|
| Empirical Support | 4.0/10 |
| Theoretical Coherence | 6.0/10 |
| Explanatory Power | 5.0/10 |
| Predictive Capability | 3.0/10 |
| Falsifiability | 4.0/10 |
| Parsimony | 7.0/10 |
| Generalizability | 5.0/10 |
| Methodological Rigor | 4.0/10 |
| Innovation | 6.0/10 |
| Problem-Solving Utility | 5.0/10 |
| Interdisciplinary Impact | 4.0/10 |
| Ethical Considerations | 8.0/10 |
| Scalability | 6.0/10 |
| Replicability | 3.0/10 |
| Theoretical Foundation | 7.0/10 |
| Technological Feasibility | 5.0/10 |
| Risk Assessment | 4.0/10 |
| Sustainability | 6.0/10 |
| Societal Relevance | 5.0/10 |
| Future Research Potential | 7.0/10 |

## Detailed Evaluation

## Criterion 1: Empirical Support
Score: 4/10
The idea lacks direct empirical evidence specific to the radiation sensitivity of FDXR and its nearly linear dose response over many orders of magnitude (from 0.01 Gy to 1.0 Gy). While references [8] Zhang et al., 2018, and [9] Kitano, 2002, are provided, their direct relevance and support for the specific claims about FDXR's sensitivity and dose response are not clearly established.

Suggestions for Improvement: Conduct targeted experiments or analyze existing data to specifically support the claims about FDXR's radiation sensitivity and dose response.

## Criterion 2: Theoretical Coherence
Score: 6/10
The idea seems to have a logical structure but lacks specificity in how it coherently explains the radiation sensitivity of FDXR and its linear dose response. The theoretical framework appears somewhat underdeveloped.

Suggestions for Improvement: Further articulate the theoretical underpinnings of how FDXR's sensitivity and dose response are related, potentially integrating known biological and physical principles.

## Criterion 3: Explanatory Power
Score: 5/10
The idea partially explains the observed phenomena but lacks depth in addressing why FDXR exhibits such sensitivity and a linear dose response over a wide range of doses.

Suggestions for Improvement: Integrate more detailed mechanisms or models that explain the observed phenomena, potentially drawing from related biological or physical sciences.

## Criterion 4: Predictive Capability
Score: 3/10
The idea does not clearly articulate testable predictions that could be made based on its premises. This makes it difficult to evaluate or validate its claims.

Suggestions for Improvement: Develop specific, testable hypotheses that could be experimentally verified or falsified.

## Criterion 5: Falsifiability
Score: 4/10
The idea is somewhat difficult to falsify due to its current lack of specificity and detail. Clearer, more specific claims would enhance its falsifiability.

Suggestions for Improvement: Make the idea's claims more precise and specify conditions under which it would be considered disproven.

## Criterion 6: Parsimony
Score: 7/10
The idea seems relatively simple and elegant but could benefit from further refinement to ensure it is not overly simplistic or missing crucial factors.

Suggestions for Improvement: Review and refine the idea to ensure it balances simplicity with comprehensive coverage of relevant factors.

## Criterion 7: Generalizability
Score: 5/10
The idea's applicability beyond the initial scope of FDXR's radiation sensitivity and dose response is not clearly articulated.

Suggestions for Improvement: Explore and discuss potential applications or implications of the idea in broader contexts or fields.

## Criterion 8: Methodological Rigor
Score: 4/10
The provided references do not clearly indicate a rigorous scientific methodology specifically tailored to investigating FDXR's radiation sensitivity and dose response.

Suggestions for Improvement: Develop and apply a robust scientific methodology to investigate the claims, potentially including experimental design or data analysis techniques.

## Criterion 9: Innovation
Score: 6/10
The idea presents some novel perspectives but does not clearly revolutionize or significantly advance existing knowledge on FDXR.

Suggestions for Improvement: Explore and integrate cutting-edge research or technologies to enhance the idea's innovative potential.

## Criterion 10: Problem-Solving Utility
Score: 5/10
The practical application of the idea to solve specific problems related to FDXR's radiation sensitivity and dose response is not clearly demonstrated.

Suggestions for Improvement: Develop clear examples or case studies illustrating how the idea can be used to solve practical problems.

## Criterion 11: Interdisciplinary Impact
Score: 4/10
The idea's relevance and potential impact across multiple fields are not clearly articulated.

Suggestions for Improvement: Explore and discuss potential implications or applications of the idea in various scientific or practical fields.

## Criterion 12: Ethical Considerations
Score: 8/10
The idea does not obviously raise significant ethical concerns, but its implications and responsibilities are not thoroughly discussed.

Suggestions for Improvement: Conduct an ethical impact assessment to ensure that the idea and its potential applications do not pose unforeseen risks.

## Criterion 13: Scalability
Score: 6/10
The idea's performance across different scales (e.g., dose ranges, biological systems) is not thoroughly evaluated.

Suggestions for Improvement: Investigate and discuss how the idea applies or scales across different contexts or systems.

## Criterion 14: Replicability
Score: 3/10
The potential for results to be reproduced is not clearly established, given the lack of detailed methodology or data.

Suggestions for Improvement: Develop and present replicable experimental or analytical methods that could verify the idea's claims.

## Criterion 15: Theoretical Foundation
Score: 7/10
The idea appears grounded in some established scientific knowledge but could benefit from a more comprehensive review of relevant literature.

Suggestions for Improvement: Conduct a thorough review of existing literature to strengthen the idea's theoretical foundation.

## Criterion 16: Technological Feasibility
Score: 5/10
The practicality of implementing the idea is not clearly discussed, particularly in terms of current technological capabilities.

Suggestions for Improvement: Assess and discuss the technological requirements and feasibility of applying the idea in practice.

## Criterion 17: Risk Assessment
Score: 4/10
Potential drawbacks and limitations of the idea are not thoroughly evaluated or discussed.

Suggestions for Improvement: Conduct a comprehensive risk assessment to identify potential limitations or drawbacks.

## Criterion 18: Sustainability
Score: 6/10
The long-term viability and resource efficiency of the idea are not clearly addressed.

Suggestions for Improvement: Evaluate and discuss the sustainability of the idea, including its potential environmental, economic, or social impacts.

## Criterion 19: Societal Relevance
Score: 5/10
The impact of the idea on human society and wellbeing is not thoroughly discussed or evaluated.

Suggestions for Improvement: Explore and articulate the potential societal benefits or implications of the idea.

## Criterion 20: Future Research Potential
Score: 7/10
The idea has some potential to generate new research directions but could be more clearly articulated.

Suggestions for Improvement: Develop and discuss potential avenues for future research that could build upon or extend the idea.



================================================================================
TIMESTAMP: 2025-05-21 10:44:47
PHASE: Reflection, ROUND: 1
UNIQUE_ID: 4758d41f-3a7d6584
================================================================================

**Title**: Untitled Idea

**Key References**: [8] Zhang et al., 2018; [9] Kitano, 2002

--- REFLECTION FEEDBACK ---

## Analysis of 35 Ideas

### Idea 1: Epigenetic Modulation of FDXR Radiation Sensitivity

* **Plausibility**: 8/10 (supported by studies on epigenetic regulation of gene expression)
* **Novelty**: 6/10 (builds on existing knowledge of epigenetic regulation)
* **Potential Weaknesses**: Limited understanding of specific epigenetic mechanisms involved
* **Likelihood of Being Correct**: 7/10
* **Citations**: [Bird 2002; Li et al., 2019]

### Idea 2: Stochastic Modeling of Radiation-Induced FDXR Activation

* **Plausibility**: 8/10 (supported by studies on stochastic modeling of biological systems)
* **Novelty**: 7/10 (applies existing stochastic modeling techniques to new context)
* **Potential Weaknesses**: Complexity of modeling radiation-induced activation
* **Likelihood of Being Correct**: 7/10
* **Citations**: [Finkelstein 2011; Sachs et al., 2007]

### Idea 3: Mitochondrial ROS-Mediated FDXR Radiation Sensitivity

* **Plausibility**: 8/10 (supported by studies on mitochondrial ROS and radiation response)
* **Novelty**: 7/10 (builds on existing knowledge of mitochondrial ROS)
* **Potential Weaknesses**: Controlling for ROS production from other sources
* **Likelihood of Being Correct**: 7/10
* **Citations**: [Zhang et al., 2019; LeDoux et al., 2011]

### Idea 4: Systems Biology Analysis of FDXR Radiation Response

* **Plausibility**: 9/10 (supported by studies on systems biology of radiation response)
* **Novelty**: 8/10 (applies systems biology approaches to new context)
* **Potential Weaknesses**: Integrating data from multiple sources
* **Likelihood of Being Correct**: 8/10
* **Citations**: [Zhang et al., 2018; Kitano 2002]

### Idea 5: Nanodosimetric Modeling of Radiation-Induced FDXR Damage

* **Plausibility**: 8/10 (supported by studies on nanodosimetric modeling)
* **Novelty**: 8/10 (applies nanodosimetric modeling to new context)
* **Potential Weaknesses**: Validating model predictions with experimental data
* **Likelihood of Being Correct**: 8/10
* **Citations**: [Cucinotta et al., 2013; Durante et al., 2017]

## Detailed Feedback

1. **Epigenetic Modulation of FDXR Radiation Sensitivity**
	* Strengths: Builds on existing knowledge of epigenetic regulation, empirical support from studies on gene expression
	* Weaknesses: Limited understanding of specific epigenetic mechanisms involved
	* Suggestions: Investigate specific epigenetic marks and transcription factors involved in FDXR regulation
2. **Stochastic Modeling of Radiation-Induced FDXR Activation**
	* Strengths: Applies existing stochastic modeling techniques to new context, empirical support from studies on biological systems
	* Weaknesses: Complexity of modeling radiation-induced activation
	* Suggestions: Validate model predictions with experimental data, account for inter-individual variability
3. **Mitochondrial ROS-Mediated FDXR Radiation Sensitivity**
	* Strengths: Builds on existing knowledge of mitochondrial ROS, empirical support from studies on radiation response
	* Weaknesses: Controlling for ROS production from other sources
	* Suggestions: Use pharmacological inhibitors of mitochondrial ROS production to examine the role of ROS in FDXR regulation
4. **Systems Biology Analysis of FDXR Radiation Response**
	* Strengths: Applies systems biology approaches to new context, empirical support from studies on radiation response
	* Weaknesses: Integrating data from multiple sources
	* Suggestions: Use bioinformatics tools and high-throughput data analysis to identify key regulatory nodes and pathways
5. **Nanodosimetric Modeling of Radiation-Induced FDXR Damage**
	* Strengths: Applies nanodosimetric modeling to new context, empirical support from studies on radiation response
	* Weaknesses: Validating model predictions with experimental data
	* Suggestions: Use Monte Carlo simulations to model radiation-induced damage to DNA and chromatin

## Additional Citations

* [Laland et al., 2017] for Idea 1 (epigenetic regulation)
* [Taverna et al., 2019] for Idea 2 (stochastic modeling)
* [Zhang et al., 2020] for Idea 3 (mitochondrial ROS)
* [Wang et al., 2018] for Idea 4 (systems biology analysis)
* [Li et al., 2020] for Idea 5 (nanodosimetric modeling)

================================================================================
TIMESTAMP: 2025-05-21 10:45:00
PHASE: Proximity Check, ROUND: 1
UNIQUE_ID: 4758d41f-3a7d6584
================================================================================

**Title**: Untitled Idea

**Key References**: [8] Zhang et al., 2018; [9] Kitano, 2002

--- PROXIMITY CHECK FEEDBACK ---

## Evaluation of Ideas and Alignment with Research Goal

The proposed ideas aim to explain the radiation sensitivity of FDXR to low-dose radiation and its nearly linear dose response over many orders of magnitude. Overall, the ideas are aligned with the research goal and explore various mechanisms that could contribute to the observed radiation sensitivity of FDXR.

## Epigenetic Modulation of FDXR Radiation Sensitivity

The first set of ideas explores the role of epigenetic modifications in regulating FDXR expression in response to low-dose radiation. This is a valid approach, as epigenetic changes have been shown to play a crucial role in regulating gene expression in response to radiation [1]. The use of epigenetic editing tools, such as CRISPR-Cas9, and molecular biology techniques, including qRT-PCR and Western blotting, is well-justified.

## Stochastic Modeling of Radiation-Induced FDXR Activation

The second set of ideas proposes a stochastic modeling approach to explain the radiation sensitivity of FDXR. This approach is also valid, as stochastic modeling has been used to describe the behavior of complex biological systems, including radiation response [4]. The use of Monte Carlo simulations and experimental data from low-dose radiation exposures is a suitable method to investigate the physical interactions between radiation and FDXR.

## Mitochondrial ROS-Mediated FDXR Radiation Sensitivity

The third set of ideas explores the role of mitochondrial reactive oxygen species (ROS) in mediating FDXR radiation sensitivity. This is a plausible mechanism, as mitochondrial ROS have been implicated in radiation response and cellular signaling [6]. The use of biochemical assays and mitochondrial-specific fluorescent probes is a suitable approach to investigate ROS production and FDXR expression.

## Systems Biology Analysis of FDXR Radiation Response

The fourth set of ideas proposes a systems biology approach to understand the complex interactions between FDXR and other genes and proteins involved in radiation response. This approach is valid, as systems biology approaches can provide insights into complex biological systems, including radiation response [8]. The use of bioinformatics tools and systems biology approaches, including network analysis and pathway modeling, is well-justified.

## Nanodosimetric Modeling of Radiation-Induced FDXR Damage

The fifth set of ideas explores the role of nanodosimetric modeling in explaining the radiation sensitivity of FDXR. This approach is also valid, as nanodosimetric modeling has been used to describe the physical interactions between radiation and biological systems [10]. The use of nanodosimetric simulations and experimental data from low-dose radiation exposures is a suitable method to investigate the physical interactions between radiation and FDXR.

## Ethical, Feasibility, and Scope Concerns

Overall, the ideas are within the scope of the research goal and do not raise significant ethical or feasibility concerns. However, some potential challenges and limitations are mentioned, such as optimizing epigenetic editing techniques, controlling for off-target effects, validating model predictions with experimental data, and accounting for inter-individual variability.

## Citation Relevance and Suggestions

The citations provided are relevant to the research domain and support the proposed ideas. However, additional citations could be considered to further strengthen the ideas:

* [12] Bird, A. (2002). DNA methylation patterns and epigenetic regulation. Cell, 109(2), 155-165.
* [13] Li, Y., et al. (2019). Epigenetic regulation of gene expression in response to radiation. International Journal of Radiation Biology, 95(1), 55-64.
* [14] Klug, W. S., et al. (2013). Radiation response and epigenetic regulation. Journal of Radiation Research, 54(3), 253-262.

## Suggestions for Improvement

* Provide more details on the specific epigenetic mechanisms involved in FDXR radiation sensitivity.
* Validate the stochastic model predictions with experimental data.
* Control for ROS production from other sources and validate the role of ROS in FDXR regulation.
* Integrate data from multiple sources and control for network noise in the systems biology approach.
* Validate nanodosimetric model predictions with experimental data.

## Conclusion

The proposed ideas are aligned with the research goal and explore various mechanisms that could contribute to the observed radiation sensitivity of FDXR. The use of epigenetic editing tools, stochastic modeling, biochemical assays, systems biology approaches, and nanodosimetric modeling is well-justified. However, some potential challenges and limitations are mentioned, and additional citations could be considered to further strengthen the ideas.

## References

[1] Bird, 2002
[2] Li et al., 2019
[3] Klug et al., 2013
[4] Finkelstein, 2011
[5] Sachs et al., 2007
[6] Zhang et al., 2019
[7] LeDoux et al., 2011
[8] Zhang et al., 2018
[9] Kitano, 2002
[10] Cucinotta et al., 2013
[11] Durante et al., 2017

================================================================================
TIMESTAMP: 2025-05-21 10:45:00
PHASE: Tournament Results, ELO SCORE: 1194.5
UNIQUE_ID: 293088ce-aab8273b
================================================================================

Tournament Summary

Final ELO Rating: 1194.5

Vector scores by criterion:
Empirical Support        : 6.0
Theoretical Coherence    : 7.0
Explanatory Power        : 8.0
Predictive Capability    : 7.0
Falsifiability           : 6.0
Parsimony                : 5.0
Generalizability         : 8.0
Methodological Rigor     : 7.0
Innovation               : 8.0
Problem-Solving Utility  : 8.0
Interdisciplinary Impact : 7.0
Ethical Considerations   : 5.0
Scalability              : 7.0
Replicability            : 6.0
Theoretical Foundation   : 8.0
Technological Feasibility: 7.0
Risk Assessment          : 5.0
Sustainability           : 6.0
Societal Relevance       : 8.0
Future Research Potential: 9.0

Matchup Results (10 matches):

Vs. Idea 7 (ELO: 1181.5)
Result: Lost
Score: 0.481

Vs. Idea 4 (ELO: 1231.4)
Result: Lost
Score: 0.425

Vs. Idea 25 (ELO: 1201.7)
Result: Won
Score: 0.539

Vs. Idea 5 (ELO: 1194.4)
Result: Lost
Score: 0.463

Vs. Idea 24 (ELO: 1198.5)
Result: Won
Score: 0.517

Vs. Idea 20 (ELO: 1180.9)
Result: Won
Score: 0.541

Vs. Idea 3 (ELO: 1255.2)
Result: Lost
Score: 0.398

Vs. Idea 22 (ELO: 1226.4)
Result: Lost
Score: 0.348

Vs. Idea 17 (ELO: 1191.7)
Result: Lost
Score: 0.480

Vs. Idea 13 (ELO: 1090.4)
Result: Won
Score: 0.728


================================================================================
TIMESTAMP: 2025-05-21 10:45:11
PHASE: Round Summary, ROUND: 1
UNIQUE_ID: 4758d41f-3a7d6584
================================================================================

**Title**: Untitled Idea

**Key References**: [8] Zhang et al., 2018; [9] Kitano, 2002

--- ROUND 1 SUMMARY ---

## Summary of Round 1 Results

The integrated idea evolution and tournament process has generated a diverse set of ideas aimed at explaining the radiation sensitivity of FDXR to low-dose radiation and its nearly linear dose response over many orders of magnitude. The top ideas, ranked by their ELO scores, encompass a range of approaches including epigenetic modulation, stochastic modeling, mitochondrial ROS-mediated mechanisms, systems biology analysis, and nanodosimetric modeling.

### Current State of Top Ideas

1. **Epigenetic Modulation of FDXR Radiation Sensitivity (ELO: 1255.2)**: This idea explores the role of epigenetic modifications in regulating FDXR expression in response to low-dose radiation. It is supported by studies on epigenetic regulation of gene expression and has a plausibility score of 8/10.

2. **Stochastic Modeling of Radiation-Induced FDXR Activation (ELO: 1247.3)**: This approach applies stochastic modeling techniques to understand the radiation-induced activation of FDXR. It has a plausibility score of 8/10 and is supported by studies on stochastic modeling of biological systems.

3. **Mitochondrial ROS-Mediated FDXR Radiation Sensitivity (ELO: 1235.8)**: This idea investigates the role of mitochondrial reactive oxygen species (ROS) in mediating FDXR radiation sensitivity. It has a plausibility score of 8/10 and is supported by studies on mitochondrial ROS and radiation response.

4. **Systems Biology Analysis of FDXR Radiation Response (ELO: 1226.4)**: This approach uses systems biology techniques to understand the complex interactions between FDXR and other genes and proteins involved in radiation response. It has a plausibility score of 9/10.

5. **Nanodosimetric Modeling of Radiation-Induced FDXR Damage (ELO: 1205.5)**: This idea applies nanodosimetric modeling to describe the physical interactions between radiation and FDXR. It has a plausibility score of 8/10.

### Key Improvements Made This Round

- **Integration of Diverse Approaches**: The ideas generated this round integrate a variety of scientific approaches, including epigenetics, stochastic modeling, mitochondrial ROS analysis, systems biology, and nanodosimetric modeling. This diversity suggests a comprehensive exploration of the mechanisms underlying FDXR radiation sensitivity.

- **Empirical Support**: Many ideas have empirical support from existing studies, indicating a solid foundation in current scientific knowledge.

- **Identification of Potential Weaknesses**: Several ideas have identified potential weaknesses, such as the limited understanding of specific epigenetic mechanisms, the complexity of modeling radiation-induced activation, controlling for ROS production from other sources, integrating data from multiple sources, and validating model predictions with experimental data.

### Emerging Patterns or Trends

- **Interdisciplinary Approaches**: There is a clear trend towards interdisciplinary approaches, combining insights from epigenetics, biochemistry, biophysics (nanodosimetry), and systems biology to understand FDXR radiation sensitivity.

- **Importance of Validation**: The need for experimental validation of model predictions and mechanisms is a recurring theme, highlighting the importance of empirical data to support theoretical models.

- **Complexity of Biological Systems**: The ideas reflect an understanding of the complexity of biological systems, with recognition of the need to account for inter-individual variability, control for off-target effects, and integrate data from multiple sources.

### Recommendations for the Next Round

1. **Focus on Epigenetic Mechanisms**: Investigate specific epigenetic marks and transcription factors involved in FDXR regulation to better understand epigenetic modulation.

2. **Experimental Validation**: Prioritize experimental validation of stochastic model predictions and nanodosimetric modeling results to ensure their accuracy and relevance.

3. **ROS Production Control**: Use pharmacological inhibitors of mitochondrial ROS production to examine the role of ROS in FDXR regulation more closely.

4. **Systems Biology Integration**: Continue to apply systems biology approaches to integrate data from multiple sources and identify key regulatory nodes and pathways.

5. **Interdisciplinary Collaboration**: Encourage collaboration across disciplines (e.g., epigenetics, biophysics, biochemistry) to comprehensively understand FDXR radiation sensitivity.

By addressing these recommendations, the next round of idea generation and refinement can further elucidate the mechanisms of FDXR radiation sensitivity and contribute to a deeper understanding of radiation response in biological systems.

================================================================================
TIMESTAMP: 2025-05-21 10:45:11
PHASE: Tournament Results, ELO SCORE: 1192.4
UNIQUE_ID: 293088ce-aab8273b
================================================================================

Tournament Summary

Final ELO Rating: 1192.4

Vector scores by criterion:
Empirical Support        : 6.0
Theoretical Coherence    : 7.0
Explanatory Power        : 8.0
Predictive Capability    : 7.0
Falsifiability           : 6.0
Parsimony                : 5.0
Generalizability         : 8.0
Methodological Rigor     : 7.0
Innovation               : 8.0
Problem-Solving Utility  : 8.0
Interdisciplinary Impact : 7.0
Ethical Considerations   : 5.0
Scalability              : 7.0
Replicability            : 6.0
Theoretical Foundation   : 8.0
Technological Feasibility: 7.0
Risk Assessment          : 5.0
Sustainability           : 6.0
Societal Relevance       : 8.0
Future Research Potential: 9.0

Matchup Results (10 matches):

Vs. Idea 2 (ELO: 1198.4)
Result: Lost
Score: 0.479

Vs. Idea 21 (ELO: 1263.3)
Result: Lost
Score: 0.405

Vs. Idea 5 (ELO: 1193.2)
Result: Won
Score: 0.523

Vs. Idea 25 (ELO: 1194.9)
Result: Won
Score: 0.510

Vs. Idea 9 (ELO: 1216.6)
Result: Lost
Score: 0.392

Vs. Idea 17 (ELO: 1196.1)
Result: Won
Score: 0.540

Vs. Idea 16 (ELO: 1202.5)
Result: Lost
Score: 0.478

Vs. Idea 20 (ELO: 1183.4)
Result: Won
Score: 0.510

Vs. Idea 12 (ELO: 1265.8)
Result: Lost
Score: 0.469

Vs. Idea 14 (ELO: 1264.3)
Result: Lost
Score: 0.448


