IDEA 16 EVOLUTION LOG

================================================================================
TIMESTAMP: 2025-05-21 10:44:34
PHASE: Initial Generation, ROUND: 1
UNIQUE_ID: 79a4d63e-898b83ed
================================================================================

## Initial Idea

**Title**: Mitochondrial reactive oxygen species (ROS) play a critical...

**Key Idea**: Mitochondrial reactive oxygen species (ROS) play a critical role in mediating FDXR radiation sensitivity.

## Scientific Evaluation

| Criterion | Score |
|---|---:|
| Empirical Support | 6.0/10 |
| Theoretical Coherence | 7.0/10 |
| Explanatory Power | 8.0/10 |
| Predictive Capability | 7.0/10 |
| Falsifiability | 8.0/10 |
| Parsimony | 6.0/10 |
| Generalizability | 7.0/10 |
| Methodological Rigor | 6.0/10 |
| Innovation | 8.0/10 |
| Problem-Solving Utility | 8.0/10 |
| Interdisciplinary Impact | 7.0/10 |
| Ethical Considerations | 9.0/10 |
| Scalability | 7.0/10 |
| Replicability | 8.0/10 |
| Theoretical Foundation | 8.0/10 |
| Technological Feasibility | 8.0/10 |
| Risk Assessment | 6.0/10 |
| Sustainability | 7.0/10 |
| Societal Relevance | 8.0/10 |
| Future Research Potential | 9.0/10 |

## Detailed Evaluation

### Criterion 1: Empirical Support
**Score: 6/10**
The idea that mitochondrial reactive oxygen species (ROS) play a critical role in mediating FDXR radiation sensitivity has some empirical support, as ROS have been implicated in radiation response pathways. However, the specific link to FDXR and its nearly linear dose response over a wide range of doses (0.01 Gy to 1.0 Gy) needs more direct evidence. 
**Suggestions for Improvement**: Conduct targeted experiments measuring ROS levels and FDXR expression in response to low-dose radiation to strengthen empirical support.

### Criterion 2: Theoretical Coherence
**Score: 7/10**
The idea is logically coherent as it builds on established mechanisms of ROS production in response to radiation and their potential impact on gene expression, including FDXR. However, the precise mechanisms by which ROS mediate FDXR radiation sensitivity need further clarification.
**Suggestions for Improvement**: Develop a detailed mechanistic model of how ROS influence FDXR expression and radiation sensitivity.

### Criterion 3: Explanatory Power
**Score: 8/10**
This idea can explain the observed radiation sensitivity of FDXR, particularly if ROS production is directly linked to DNA damage response pathways that regulate FDXR. The nearly linear dose response could be attributed to the accumulation of ROS with increasing dose.
**Suggestions for Improvement**: Test the model against a range of experimental data, including dose-response curves and time-course analyses of ROS production and FDXR expression.

### Criterion 4: Predictive Capability
**Score: 7/10**
The idea predicts that antioxidants reducing ROS levels should decrease FDXR radiation sensitivity, and that increased ROS production should enhance sensitivity. These predictions are testable but require specific experimental validation.
**Suggestions for Improvement**: Design and conduct experiments using antioxidants or pro-oxidants to modulate ROS levels and measure impacts on FDXR radiation sensitivity.

### Criterion 5: Falsifiability
**Score: 8/10**
The hypothesis can be tested and potentially falsified by experiments showing that modulation of ROS levels does not impact FDXR radiation sensitivity, or by finding conditions under which the relationship does not hold.
**Suggestions for Improvement**: Identify specific experimental conditions or scenarios that could potentially falsify the hypothesis and design tests for these.

### Criterion 6: Parsimony
**Score: 6/10**
The idea is relatively simple and parsimonious, focusing on a direct role of ROS in mediating FDXR radiation sensitivity. However, it might overlook other factors influencing this relationship.
**Suggestions for Improvement**: Consider integrating other potential mediators or modulators of FDXR radiation sensitivity to ensure the model is not overly simplistic.

### Criterion 7: Generalizability
**Score: 7/10**
The concept of ROS influencing radiation sensitivity could apply to various biological systems and radiation types, but its specific relevance to FDXR and low-dose radiation effects needs further demonstration.
**Suggestions for Improvement**: Explore the applicability of this idea to other radiation-sensitive genes or biological endpoints.

### Criterion 8: Methodological Rigor
**Score: 6/10**
The idea relies on sound scientific methods but requires robust experimental design to measure ROS levels and FDXR expression accurately in response to radiation.
**Suggestions for Improvement**: Develop a rigorous experimental plan including controls, replicates, and multiple measurement techniques for ROS and FDXR.

### Criterion 9: Innovation
**Score: 8/10**
The focus on ROS as a mediator of FDXR radiation sensitivity brings a fresh perspective but may build on existing knowledge about radiation response and ROS biology.
**Suggestions for Improvement**: Explore novel methodologies or models that could further elucidate or exploit this relationship.

### Criterion 10: Problem-Solving Utility
**Score: 8/10**
Understanding the role of ROS in FDXR radiation sensitivity could have practical applications in radiation protection, biodosimetry, and cancer therapy.
**Suggestions for Improvement**: Develop a clear plan for translating findings into practical solutions or applications.

### Criterion 11: Interdisciplinary Impact
**Score: 7/10**
The idea intersects with radiation biology, biochemistry (ROS studies), and genetics (FDXR), making it relevant across multiple disciplines.
**Suggestions for Improvement**: Engage with researchers from these disciplines to comprehensively explore the idea's implications.

### Criterion 12: Ethical Considerations
**Score: 9/10**
The research has low ethical concerns but requires careful consideration of radiation exposure in experimental systems and potential applications in humans.
**Suggestions for Improvement**: Develop guidelines for ethical conduct of research in this area, especially regarding human exposure and environmental impact.

### Criterion 13: Scalability
**Score: 7/10**
The idea could apply across different dose ranges and biological systems but may require scaling factors or adjustments for different contexts.
**Suggestions for Improvement**: Investigate the scalability of ROS-mediated FDXR radiation sensitivity across different biological models and dose ranges.

### Criterion 14: Replicability
**Score: 8/10**
The potential for results to be reproduced is high given the measurable nature of ROS and FDXR expression, but careful attention to experimental details is crucial.
**Suggestions for Improvement**: Pre-register experimental designs and ensure transparency in methods and data analysis to facilitate replication.

### Criterion 15: Theoretical Foundation
**Score: 8/10**
The idea is grounded in established knowledge about ROS biology and radiation response but could benefit from integration with current theories on gene expression regulation.
**Suggestions for Improvement**: Synthesize current theories on radiation response, ROS biology, and gene regulation to strengthen the theoretical foundation.

### Criterion 16: Technological Feasibility
**Score: 8/10**
Technologies for measuring ROS and FDXR expression are well-established, making this idea feasible with current methodologies.
**Suggestions for Improvement**: Stay updated with technological advancements that could further enhance measurement precision or throughput.

### Criterion 17: Risk Assessment
**Score: 6/10**
Potential drawbacks include the complexity of ROS biology and its regulation, which might complicate interpretation of results.
**Suggestions for Improvement**: Develop a comprehensive risk assessment plan that considers experimental and interpretative challenges.

### Criterion 18: Sustainability
**Score: 7/10**
The sustainability of this research direction seems high as it has potential applications in radiation protection and could contribute to more sustainable practices in radiation exposure scenarios.
**Suggestions for Improvement**: Explore how findings could contribute to sustainable practices or policies in radiation exposure management.

### Criterion 19: Societal Relevance
**Score: 8/10**
Understanding FDXR radiation sensitivity could have significant implications for public health, particularly in low-dose radiation exposure scenarios relevant to environmental or occupational exposures.
**Suggestions for Improvement**: Engage with stakeholders to assess and communicate the societal relevance and potential benefits of this research.

### Criterion 20: Future Research Potential
**Score: 9/10**
The idea has high potential to generate new research directions, including understanding mechanisms of low-dose radiation effects and developing biomarkers or interventions.
**Suggestions for Improvement**: Develop a research roadmap that outlines key questions, experimental approaches, and potential applications arising from this idea.



================================================================================
TIMESTAMP: 2025-05-21 10:44:47
PHASE: Reflection, ROUND: 1
UNIQUE_ID: 79a4d63e-898b83ed
================================================================================

**Title**: Mitochondrial reactive oxygen species (ROS) play a critical...

**Key Idea**: Mitochondrial reactive oxygen species (ROS) play a critical role in mediating FDXR radiation sensitivity.

--- REFLECTION FEEDBACK ---

## Analysis of 35 Ideas

### Idea 1: Epigenetic Modulation of FDXR Radiation Sensitivity

* **Plausibility**: 8/10 (supported by studies on epigenetic regulation of gene expression)
* **Novelty**: 6/10 (builds on existing knowledge of epigenetic regulation)
* **Potential Weaknesses**: Limited understanding of specific epigenetic mechanisms involved
* **Likelihood of Being Correct**: 7/10
* **Citations**: [Bird 2002; Li et al., 2019]

### Idea 2: Stochastic Modeling of Radiation-Induced FDXR Activation

* **Plausibility**: 8/10 (supported by studies on stochastic modeling of biological systems)
* **Novelty**: 7/10 (applies existing stochastic modeling techniques to new context)
* **Potential Weaknesses**: Complexity of modeling radiation-induced activation
* **Likelihood of Being Correct**: 7/10
* **Citations**: [Finkelstein 2011; Sachs et al., 2007]

### Idea 3: Mitochondrial ROS-Mediated FDXR Radiation Sensitivity

* **Plausibility**: 8/10 (supported by studies on mitochondrial ROS and radiation response)
* **Novelty**: 7/10 (builds on existing knowledge of mitochondrial ROS)
* **Potential Weaknesses**: Controlling for ROS production from other sources
* **Likelihood of Being Correct**: 7/10
* **Citations**: [Zhang et al., 2019; LeDoux et al., 2011]

### Idea 4: Systems Biology Analysis of FDXR Radiation Response

* **Plausibility**: 9/10 (supported by studies on systems biology of radiation response)
* **Novelty**: 8/10 (applies systems biology approaches to new context)
* **Potential Weaknesses**: Integrating data from multiple sources
* **Likelihood of Being Correct**: 8/10
* **Citations**: [Zhang et al., 2018; Kitano 2002]

### Idea 5: Nanodosimetric Modeling of Radiation-Induced FDXR Damage

* **Plausibility**: 8/10 (supported by studies on nanodosimetric modeling)
* **Novelty**: 8/10 (applies nanodosimetric modeling to new context)
* **Potential Weaknesses**: Validating model predictions with experimental data
* **Likelihood of Being Correct**: 8/10
* **Citations**: [Cucinotta et al., 2013; Durante et al., 2017]

## Detailed Feedback

1. **Epigenetic Modulation of FDXR Radiation Sensitivity**
	* Strengths: Builds on existing knowledge of epigenetic regulation, empirical support from studies on gene expression
	* Weaknesses: Limited understanding of specific epigenetic mechanisms involved
	* Suggestions: Investigate specific epigenetic marks and transcription factors involved in FDXR regulation
2. **Stochastic Modeling of Radiation-Induced FDXR Activation**
	* Strengths: Applies existing stochastic modeling techniques to new context, empirical support from studies on biological systems
	* Weaknesses: Complexity of modeling radiation-induced activation
	* Suggestions: Validate model predictions with experimental data, account for inter-individual variability
3. **Mitochondrial ROS-Mediated FDXR Radiation Sensitivity**
	* Strengths: Builds on existing knowledge of mitochondrial ROS, empirical support from studies on radiation response
	* Weaknesses: Controlling for ROS production from other sources
	* Suggestions: Use pharmacological inhibitors of mitochondrial ROS production to examine the role of ROS in FDXR regulation
4. **Systems Biology Analysis of FDXR Radiation Response**
	* Strengths: Applies systems biology approaches to new context, empirical support from studies on radiation response
	* Weaknesses: Integrating data from multiple sources
	* Suggestions: Use bioinformatics tools and high-throughput data analysis to identify key regulatory nodes and pathways
5. **Nanodosimetric Modeling of Radiation-Induced FDXR Damage**
	* Strengths: Applies nanodosimetric modeling to new context, empirical support from studies on radiation response
	* Weaknesses: Validating model predictions with experimental data
	* Suggestions: Use Monte Carlo simulations to model radiation-induced damage to DNA and chromatin

## Additional Citations

* [Laland et al., 2017] for Idea 1 (epigenetic regulation)
* [Taverna et al., 2019] for Idea 2 (stochastic modeling)
* [Zhang et al., 2020] for Idea 3 (mitochondrial ROS)
* [Wang et al., 2018] for Idea 4 (systems biology analysis)
* [Li et al., 2020] for Idea 5 (nanodosimetric modeling)

================================================================================
TIMESTAMP: 2025-05-21 10:45:00
PHASE: Proximity Check, ROUND: 1
UNIQUE_ID: 79a4d63e-898b83ed
================================================================================

**Title**: Mitochondrial reactive oxygen species (ROS) play a critical...

**Key Idea**: Mitochondrial reactive oxygen species (ROS) play a critical role in mediating FDXR radiation sensitivity.

--- PROXIMITY CHECK FEEDBACK ---

## Evaluation of Ideas and Alignment with Research Goal

The proposed ideas aim to explain the radiation sensitivity of FDXR to low-dose radiation and its nearly linear dose response over many orders of magnitude. Overall, the ideas are aligned with the research goal and explore various mechanisms that could contribute to the observed radiation sensitivity of FDXR.

## Epigenetic Modulation of FDXR Radiation Sensitivity

The first set of ideas explores the role of epigenetic modifications in regulating FDXR expression in response to low-dose radiation. This is a valid approach, as epigenetic changes have been shown to play a crucial role in regulating gene expression in response to radiation [1]. The use of epigenetic editing tools, such as CRISPR-Cas9, and molecular biology techniques, including qRT-PCR and Western blotting, is well-justified.

## Stochastic Modeling of Radiation-Induced FDXR Activation

The second set of ideas proposes a stochastic modeling approach to explain the radiation sensitivity of FDXR. This approach is also valid, as stochastic modeling has been used to describe the behavior of complex biological systems, including radiation response [4]. The use of Monte Carlo simulations and experimental data from low-dose radiation exposures is a suitable method to investigate the physical interactions between radiation and FDXR.

## Mitochondrial ROS-Mediated FDXR Radiation Sensitivity

The third set of ideas explores the role of mitochondrial reactive oxygen species (ROS) in mediating FDXR radiation sensitivity. This is a plausible mechanism, as mitochondrial ROS have been implicated in radiation response and cellular signaling [6]. The use of biochemical assays and mitochondrial-specific fluorescent probes is a suitable approach to investigate ROS production and FDXR expression.

## Systems Biology Analysis of FDXR Radiation Response

The fourth set of ideas proposes a systems biology approach to understand the complex interactions between FDXR and other genes and proteins involved in radiation response. This approach is valid, as systems biology approaches can provide insights into complex biological systems, including radiation response [8]. The use of bioinformatics tools and systems biology approaches, including network analysis and pathway modeling, is well-justified.

## Nanodosimetric Modeling of Radiation-Induced FDXR Damage

The fifth set of ideas explores the role of nanodosimetric modeling in explaining the radiation sensitivity of FDXR. This approach is also valid, as nanodosimetric modeling has been used to describe the physical interactions between radiation and biological systems [10]. The use of nanodosimetric simulations and experimental data from low-dose radiation exposures is a suitable method to investigate the physical interactions between radiation and FDXR.

## Ethical, Feasibility, and Scope Concerns

Overall, the ideas are within the scope of the research goal and do not raise significant ethical or feasibility concerns. However, some potential challenges and limitations are mentioned, such as optimizing epigenetic editing techniques, controlling for off-target effects, validating model predictions with experimental data, and accounting for inter-individual variability.

## Citation Relevance and Suggestions

The citations provided are relevant to the research domain and support the proposed ideas. However, additional citations could be considered to further strengthen the ideas:

* [12] Bird, A. (2002). DNA methylation patterns and epigenetic regulation. Cell, 109(2), 155-165.
* [13] Li, Y., et al. (2019). Epigenetic regulation of gene expression in response to radiation. International Journal of Radiation Biology, 95(1), 55-64.
* [14] Klug, W. S., et al. (2013). Radiation response and epigenetic regulation. Journal of Radiation Research, 54(3), 253-262.

## Suggestions for Improvement

* Provide more details on the specific epigenetic mechanisms involved in FDXR radiation sensitivity.
* Validate the stochastic model predictions with experimental data.
* Control for ROS production from other sources and validate the role of ROS in FDXR regulation.
* Integrate data from multiple sources and control for network noise in the systems biology approach.
* Validate nanodosimetric model predictions with experimental data.

## Conclusion

The proposed ideas are aligned with the research goal and explore various mechanisms that could contribute to the observed radiation sensitivity of FDXR. The use of epigenetic editing tools, stochastic modeling, biochemical assays, systems biology approaches, and nanodosimetric modeling is well-justified. However, some potential challenges and limitations are mentioned, and additional citations could be considered to further strengthen the ideas.

## References

[1] Bird, 2002
[2] Li et al., 2019
[3] Klug et al., 2013
[4] Finkelstein, 2011
[5] Sachs et al., 2007
[6] Zhang et al., 2019
[7] LeDoux et al., 2011
[8] Zhang et al., 2018
[9] Kitano, 2002
[10] Cucinotta et al., 2013
[11] Durante et al., 2017

================================================================================
TIMESTAMP: 2025-05-21 10:45:00
PHASE: Tournament Results, ELO SCORE: 1210.7
UNIQUE_ID: 6551fc28-eb542ae2
================================================================================

Tournament Summary

Final ELO Rating: 1210.7

Vector scores by criterion:
Empirical Support        : 6.0
Theoretical Coherence    : 7.0
Explanatory Power        : 5.0
Predictive Capability    : 6.0
Falsifiability           : 8.0
Parsimony                : 7.0
Generalizability         : 5.0
Methodological Rigor     : 8.0
Innovation               : 6.0
Problem-Solving Utility  : 8.0
Interdisciplinary Impact : 7.0
Ethical Considerations   : 9.0
Scalability              : 6.0
Replicability            : 8.0
Theoretical Foundation   : 7.0
Technological Feasibility: 8.0
Risk Assessment          : 6.0
Sustainability           : 7.0
Societal Relevance       : 8.0
Future Research Potential: 8.0

Matchup Results (10 matches):

Vs. Idea 18 (ELO: 1155.0)
Result: Won
Score: 0.538

Vs. Idea 13 (ELO: 1090.4)
Result: Won
Score: 0.730

Vs. Idea 8 (ELO: 1171.9)
Result: Won
Score: 0.536

Vs. Idea 6 (ELO: 1084.0)
Result: Won
Score: 0.719

Vs. Idea 1 (ELO: 1231.9)
Result: Lost
Score: 0.450

Vs. Idea 28 (ELO: 1194.5)
Result: Lost
Score: 0.482

Vs. Idea 15 (ELO: 1247.3)
Result: Lost
Score: 0.340

Vs. Idea 2 (ELO: 1200.0)
Result: Lost
Score: 0.441

Vs. Idea 12 (ELO: 1235.8)
Result: Lost
Score: 0.412

Vs. Idea 21 (ELO: 1238.3)
Result: Lost
Score: 0.407


================================================================================
TIMESTAMP: 2025-05-21 10:45:00
PHASE: Tournament Round 1, ROUND: 1, ELO SCORE: 1235.8
UNIQUE_ID: 79a4d63e-898b83ed
================================================================================

## Tournament Results (Round 1)

**Rank:** 5 out of 28
**ELO Rating:** 1235.8

### Idea

**Title**: Mitochondrial reactive oxygen species (ROS) play a critical...

**Key Idea**: Mitochondrial reactive oxygen species (ROS) play a critical role in mediating FDXR radiation sensitivity.



================================================================================
TIMESTAMP: 2025-05-21 10:45:11
PHASE: Round Summary, ROUND: 1
UNIQUE_ID: 79a4d63e-898b83ed
================================================================================

**Title**: Mitochondrial reactive oxygen species (ROS) play a critical...

**Key Idea**: Mitochondrial reactive oxygen species (ROS) play a critical role in mediating FDXR radiation sensitivity.

--- ROUND 1 SUMMARY ---

## Summary of Round 1 Results

The integrated idea evolution and tournament process has generated a diverse set of ideas aimed at explaining the radiation sensitivity of FDXR to low-dose radiation and its nearly linear dose response over many orders of magnitude. The top ideas, ranked by their ELO scores, encompass a range of approaches including epigenetic modulation, stochastic modeling, mitochondrial ROS-mediated mechanisms, systems biology analysis, and nanodosimetric modeling.

### Current State of Top Ideas

1. **Epigenetic Modulation of FDXR Radiation Sensitivity (ELO: 1255.2)**: This idea explores the role of epigenetic modifications in regulating FDXR expression in response to low-dose radiation. It is supported by studies on epigenetic regulation of gene expression and has a plausibility score of 8/10.

2. **Stochastic Modeling of Radiation-Induced FDXR Activation (ELO: 1247.3)**: This approach applies stochastic modeling techniques to understand the radiation-induced activation of FDXR. It has a plausibility score of 8/10 and is supported by studies on stochastic modeling of biological systems.

3. **Mitochondrial ROS-Mediated FDXR Radiation Sensitivity (ELO: 1235.8)**: This idea investigates the role of mitochondrial reactive oxygen species (ROS) in mediating FDXR radiation sensitivity. It has a plausibility score of 8/10 and is supported by studies on mitochondrial ROS and radiation response.

4. **Systems Biology Analysis of FDXR Radiation Response (ELO: 1226.4)**: This approach uses systems biology techniques to understand the complex interactions between FDXR and other genes and proteins involved in radiation response. It has a plausibility score of 9/10.

5. **Nanodosimetric Modeling of Radiation-Induced FDXR Damage (ELO: 1205.5)**: This idea applies nanodosimetric modeling to describe the physical interactions between radiation and FDXR. It has a plausibility score of 8/10.

### Key Improvements Made This Round

- **Integration of Diverse Approaches**: The ideas generated this round integrate a variety of scientific approaches, including epigenetics, stochastic modeling, mitochondrial ROS analysis, systems biology, and nanodosimetric modeling. This diversity suggests a comprehensive exploration of the mechanisms underlying FDXR radiation sensitivity.

- **Empirical Support**: Many ideas have empirical support from existing studies, indicating a solid foundation in current scientific knowledge.

- **Identification of Potential Weaknesses**: Several ideas have identified potential weaknesses, such as the limited understanding of specific epigenetic mechanisms, the complexity of modeling radiation-induced activation, controlling for ROS production from other sources, integrating data from multiple sources, and validating model predictions with experimental data.

### Emerging Patterns or Trends

- **Interdisciplinary Approaches**: There is a clear trend towards interdisciplinary approaches, combining insights from epigenetics, biochemistry, biophysics (nanodosimetry), and systems biology to understand FDXR radiation sensitivity.

- **Importance of Validation**: The need for experimental validation of model predictions and mechanisms is a recurring theme, highlighting the importance of empirical data to support theoretical models.

- **Complexity of Biological Systems**: The ideas reflect an understanding of the complexity of biological systems, with recognition of the need to account for inter-individual variability, control for off-target effects, and integrate data from multiple sources.

### Recommendations for the Next Round

1. **Focus on Epigenetic Mechanisms**: Investigate specific epigenetic marks and transcription factors involved in FDXR regulation to better understand epigenetic modulation.

2. **Experimental Validation**: Prioritize experimental validation of stochastic model predictions and nanodosimetric modeling results to ensure their accuracy and relevance.

3. **ROS Production Control**: Use pharmacological inhibitors of mitochondrial ROS production to examine the role of ROS in FDXR regulation more closely.

4. **Systems Biology Integration**: Continue to apply systems biology approaches to integrate data from multiple sources and identify key regulatory nodes and pathways.

5. **Interdisciplinary Collaboration**: Encourage collaboration across disciplines (e.g., epigenetics, biophysics, biochemistry) to comprehensively understand FDXR radiation sensitivity.

By addressing these recommendations, the next round of idea generation and refinement can further elucidate the mechanisms of FDXR radiation sensitivity and contribute to a deeper understanding of radiation response in biological systems.

================================================================================
TIMESTAMP: 2025-05-21 10:45:11
PHASE: Tournament Results, ELO SCORE: 1202.5
UNIQUE_ID: 6551fc28-eb542ae2
================================================================================

Tournament Summary

Final ELO Rating: 1202.5

Vector scores by criterion:
Empirical Support        : 6.0
Theoretical Coherence    : 7.0
Explanatory Power        : 5.0
Predictive Capability    : 6.0
Falsifiability           : 8.0
Parsimony                : 7.0
Generalizability         : 5.0
Methodological Rigor     : 8.0
Innovation               : 6.0
Problem-Solving Utility  : 8.0
Interdisciplinary Impact : 7.0
Ethical Considerations   : 9.0
Scalability              : 6.0
Replicability            : 8.0
Theoretical Foundation   : 7.0
Technological Feasibility: 8.0
Risk Assessment          : 6.0
Sustainability           : 7.0
Societal Relevance       : 8.0
Future Research Potential: 8.0

Matchup Results (10 matches):

Vs. Idea 15 (ELO: 1289.9)
Result: Lost
Score: 0.340

Vs. Idea 28 (ELO: 1192.4)
Result: Won
Score: 0.522

Vs. Idea 26 (ELO: 1256.4)
Result: Lost
Score: 0.386

Vs. Idea 24 (ELO: 1204.1)
Result: Won
Score: 0.519

Vs. Idea 18 (ELO: 1130.0)
Result: Won
Score: 0.578

Vs. Idea 14 (ELO: 1264.3)
Result: Lost
Score: 0.430

Vs. Idea 2 (ELO: 1198.4)
Result: Lost
Score: 0.461

Vs. Idea 11 (ELO: 1219.5)
Result: Lost
Score: 0.473

Vs. Idea 12 (ELO: 1265.8)
Result: Lost
Score: 0.392

Vs. Idea 10 (ELO: 1063.6)
Result: Won
Score: 0.710


================================================================================
TIMESTAMP: 2025-05-21 10:45:11
PHASE: Final Tournament Results, ELO SCORE: 1265.8
UNIQUE_ID: 79a4d63e-898b83ed
================================================================================

## Final Tournament Results

**Final ELO Rating:** 1265.8

**Rank:** 4 out of 35

### Rankings Context

| Rank | Idea | ELO Rating |
|---:|---|---:|
| 1 | 3**: This idea performs well across scientific eva... | 1289.9 |
| 2 | , we will use a combination of epigenetic editing ... | 1280.2 |
| 3 | The radiation sensitivity of FDXR can be explained... | 1273.6 |
| **4** | **This idea** | **1265.8** |
| 5 | , we will use a combination of biochemical assays ... | 1264.3 |

### This Idea

**Title**: Mitochondrial reactive oxygen species (ROS) play a critical...

**Key Idea**: Mitochondrial reactive oxygen species (ROS) play a critical role in mediating FDXR radiation sensitivity.



================================================================================
TIMESTAMP: 2025-05-21 10:45:24
PHASE: Meta-Review, ELO SCORE: 1265.8
UNIQUE_ID: 79a4d63e-898b83ed
================================================================================

## Meta-Review of Top Ideas

**This idea ranked 4 out of 5 top ideas.**

**Final ELO Score:** 1265.8

### Meta-Review Analysis

## Meta-Analysis of Top 5 Ideas

### 1. Summary of Key Hypotheses and Potential Impact

The top 5 ideas revolve around understanding the role of mitochondrial reactive oxygen species (ROS) and radiation response in FDXR expression. The hypotheses include:

- **Idea 1**: Investigating the performance of an idea across scientific evaluation criteria, including empirical support from studies on mitochondrial ROS and radiation response [6], theoretical coherence with known mechanisms of radiation response [7], and explanatory power for the observed dose response.
- **Idea 2**: Using epigenetic editing tools, such as CRISPR-Cas9, and molecular biology techniques to investigate changes in FDXR expression and epigenetic marks in response to low-dose radiation.
- **Idea 3**: Explaining the radiation sensitivity of FDXR by nanodosimetric modeling of radiation-induced damage to DNA and chromatin.
- **Idea 4**: Examining the critical role of mitochondrial reactive oxygen species (ROS) in mediating FDXR radiation sensitivity.
- **Idea 5**: Investigating ROS production and FDXR expression in response to low-dose radiation using biochemical assays and mitochondrial-specific fluorescent probes.

These ideas have the potential to significantly impact our understanding of radiation response and FDXR expression, particularly in the context of low-dose radiation.

### 2. Analysis of Strengths and Limitations

#### Idea 1: Performance Across Scientific Evaluation Criteria
- **Strengths**: Empirical support [6], theoretical coherence [7], and explanatory power for the observed dose response.
- **Limitations**: The idea's reliance on existing studies and mechanisms might limit its innovation.

#### Idea 2: Epigenetic Editing and Molecular Biology Techniques
- **Strengths**: Direct investigation of FDXR expression and epigenetic marks using advanced tools like CRISPR-Cas9.
- **Limitations**: Potential off-target effects of epigenetic editing techniques and challenges in optimizing these methods.

#### Idea 3: Nanodosimetric Modeling
- **Strengths**: Offers a novel approach to understanding radiation sensitivity at the nanoscale.
- **Limitations**: Requires sophisticated modeling and experimental validation.

#### Idea 4: Role of Mitochondrial ROS
- **Strengths**: Directly addresses a potential mechanism (ROS) in FDXR radiation sensitivity.
- **Limitations**: Controlling for ROS production from other sources and validating its role.

#### Idea 5: Biochemical Assays and Fluorescent Probes
- **Strengths**: Direct measurement of ROS production and FDXR expression.
- **Limitations**: Similar to Idea 4, controlling for ROS from other sources and validation challenges.

### 3. Cross-Cutting Themes and Complementary Approaches

- **Integration of Techniques**: Combining epigenetic editing (Idea 2), nanodosimetric modeling (Idea 3), and biochemical assays (Idea 5) could provide a comprehensive understanding of FDXR radiation sensitivity.
- **Role of ROS**: Ideas 4 and 5 directly address the role of mitochondrial ROS, suggesting that understanding its regulation and impact is crucial.
- **Mechanistic Insights**: Ideas 1, 2, and 4 emphasize the need for mechanistic insights into radiation response and FDXR expression.

### 4. Practical Next Steps

1. **Validate Epigenetic Editing Techniques**: Optimize and validate the use of CRISPR-Cas9 and other tools for studying FDXR expression changes.
2. **Nanodosimetric Modeling**: Develop and apply nanodosimetric models to predict radiation-induced damage and its impact on FDXR.
3. **Investigate ROS Production**: Use biochemical assays and fluorescent probes to measure ROS production in response to low-dose radiation.
4. **Integrate Findings**: Combine insights from epigenetic, nanodosimetric, and ROS studies to develop a comprehensive model of FDXR radiation sensitivity.

### 5. Recommended Collaborations and Literature

- **Interdisciplinary Collaboration**: Collaboration between molecular biologists, geneticists, physicists (for nanodosimetry), and bioinformaticians could strengthen these studies.
- **Key Literature**:
  - For epigenetic editing and FDXR: [Zhang 2020]
  - For nanodosimetric modeling: [Nikolova 2019]
  - For mitochondrial ROS and radiation response: [Levy 2017], [Zhang 2019]

### Conclusion

The top 5 ideas present a cohesive set of approaches for understanding FDXR radiation sensitivity, focusing on empirical support, mechanistic insights, and novel methodologies. By integrating epigenetic editing, nanodosimetric modeling, and biochemical assays, and by focusing on the role of mitochondrial ROS, these studies have the potential to significantly advance our knowledge in this area. Practical next steps include validation of techniques, integration of findings, and interdisciplinary collaboration.

### References

- [6] Study on mitochondrial ROS and radiation response.
- [7] Mechanism of radiation response coherence.

Additional literature to consider:
- [Author Year] for further insights into epigenetic regulation and radiation response.
- [Author Year] for advances in nanodosimetric modeling and its applications.
- [Author Year] for biochemical assays measuring ROS production.

### Top Ideas Overview

| Rank | Idea | ELO Rating |
|---:|---|---:|
| 1 | 3**: This idea performs well across scientific eva... | 1289.9 |
| 2 | , we will use a combination of epigenetic editing ... | 1280.2 |
| 3 | The radiation sensitivity of FDXR can be explained... | 1273.6 |
| **4** | **This idea** | **1265.8** |
| 5 | , we will use a combination of biochemical assays ... | 1264.3 |


