IDEA 17 EVOLUTION LOG

================================================================================
TIMESTAMP: 2025-05-21 10:44:34
PHASE: Initial Generation, ROUND: 1
UNIQUE_ID: 1c2bc1c3-6e00c7fc
================================================================================

## Initial Idea

**Title**: Mitochondrial ROS have been implicated in radiatio...

**Paragraph 1**: Mitochondrial ROS have been implicated in radiation response and cellular signaling [6]. We propose that mitochondrial ROS production is a key mediator of FDXR radiation sensitivity, particularly at low doses. ROS may induce changes in FDXR expression and activity, leading to a nearly linear dose response.

**Paragraph**: 1**: Mitochondrial ROS have been implicated in radiation response and cellular signaling [6]. We propose that mitochondrial ROS production is a key mediator of FDXR radiation sensitivity, particularly at low doses. ROS may induce changes in FDXR expression and activity, leading to a nearly linear dose response.

## Scientific Evaluation

| Criterion | Score |
|---|---:|
| Empirical Support | 5.0/10 |
| Theoretical Coherence | 5.0/10 |
| Explanatory Power | 5.0/10 |
| Predictive Capability | 5.0/10 |
| Falsifiability | 5.0/10 |
| Parsimony | 5.0/10 |
| Generalizability | 5.0/10 |
| Methodological Rigor | 5.0/10 |
| Innovation | 5.0/10 |
| Problem-Solving Utility | 5.0/10 |
| Interdisciplinary Impact | 5.0/10 |
| Ethical Considerations | 5.0/10 |
| Scalability | 5.0/10 |
| Replicability | 5.0/10 |
| Theoretical Foundation | 5.0/10 |
| Technological Feasibility | 5.0/10 |
| Risk Assessment | 5.0/10 |
| Sustainability | 5.0/10 |
| Societal Relevance | 5.0/10 |
| Future Research Potential | 5.0/10 |

## Detailed Evaluation

**Criterion 1 (Empirical Support): Idea A = 6, Idea B = 5**
The idea that mitochondrial ROS production mediates FDXR radiation sensitivity has some empirical support, as ROS have been implicated in radiation response and cellular signaling. However, the specific link to FDXR and its dose response is not well established. More research is needed to confirm this relationship.

**Improvement Suggestions:** Investigate existing studies on FDXR and ROS to strengthen empirical support.

**Criterion 2 (Theoretical Coherence): Idea A = 7, Idea B = 6**
The proposal that mitochondrial ROS production affects FDXR radiation sensitivity and leads to a nearly linear dose response is logically coherent. However, the mechanisms underlying this relationship require further clarification.

**Improvement Suggestions:** Develop a more detailed mechanistic model of how ROS influences FDXR.

**Criterion 3 (Explanatory Power): Idea A = 5, Idea B = 4**
The idea provides a possible explanation for FDXR radiation sensitivity, particularly at low doses. However, it does not fully account for the observed linear dose response over a wide range of doses.

**Improvement Suggestions:** Integrate additional factors that may contribute to the linear dose response.

**Criterion 4 (Predictive Capability): Idea A = 4, Idea B = 3**
The proposal makes some testable predictions, but it is unclear whether these predictions can be validated experimentally.

**Improvement Suggestions:** Develop specific, testable hypotheses to validate the role of ROS in FDXR radiation sensitivity.

**Criterion 5 (Falsifiability): Idea A = 6, Idea B = 5**
The idea can be tested and potentially disproven by evidence, but it may require additional experiments to confirm or refute.

**Improvement Suggestions:** Design experiments to specifically test the role of ROS in FDXR radiation sensitivity.

**Criterion 6 (Parsimony): Idea A = 5, Idea B = 4**
The proposal is relatively simple, but it may not be the most elegant explanation for FDXR radiation sensitivity.

**Improvement Suggestions:** Consider integrating additional factors to provide a more comprehensive explanation.

**Criterion 7 (Generalizability): Idea A = 4, Idea B = 3**
The idea may be applicable to other radiation-sensitive systems, but its generalizability is unclear.

**Improvement Suggestions:** Investigate the potential applicability of this idea to other radiation-sensitive systems.

**Criterion 8 (Methodological Rigor): Idea A = 5, Idea B = 4**
The proposal is based on existing research, but it may require additional rigorous testing to confirm.

**Improvement Suggestions:** Develop a more detailed experimental plan to test the role of ROS in FDXR radiation sensitivity.

**Criterion 9 (Innovation): Idea A = 6, Idea B = 5**
The proposal provides a new perspective on FDXR radiation sensitivity, but it builds on existing research.

**Improvement Suggestions:** Consider integrating novel approaches or techniques to investigate ROS and FDXR.

**Criterion 10 (Problem-Solving Utility): Idea A = 5, Idea B = 4**
The proposal may have practical applications, but its utility is unclear.

**Improvement Suggestions:** Investigate potential applications of this idea in radiation protection or cancer therapy.

**Criterion 11 (Interdisciplinary Impact): Idea A = 4, Idea B = 3**
The proposal may have implications for multiple fields, including radiation biology and cell signaling.

**Improvement Suggestions:** Explore potential connections to other fields, such as radiation oncology or toxicology.

**Criterion 12 (Ethical Considerations): Idea A = 5, Idea B = 4**
The proposal does not raise significant ethical concerns, but it may require consideration of animal or human subject research.

**Improvement Suggestions:** Develop strategies to address potential ethical concerns.

**Criterion 13 (Scalability): Idea A = 4, Idea B = 3**
The proposal may be applicable across different scales, from cells to organisms.

**Improvement Suggestions:** Investigate the scalability of this idea and its potential applications.

**Criterion 14 (Replicability): Idea A = 5, Idea B = 4**
The proposal may be replicable, but it requires experimental validation.

**Improvement Suggestions:** Develop a detailed plan for replicating results.

**Criterion 15 (Theoretical Foundation): Idea A = 6, Idea B = 5**
The proposal is grounded in established scientific knowledge, but it may require additional theoretical development.

**Improvement Suggestions:** Integrate additional theoretical frameworks or models to strengthen the proposal.

**Criterion 16 (Technological Feasibility): Idea A = 5, Idea B = 4**
The proposal may be technologically feasible, but it requires experimental validation.

**Improvement Suggestions:** Develop strategies for experimentally testing this idea.

**Criterion 17 (Risk Assessment): Idea A = 4, Idea B = 3**
The proposal may have potential drawbacks or limitations, such as the need for additional research to confirm.

**Improvement Suggestions:** Develop a detailed risk assessment plan.

**Criterion 18 (Sustainability): Idea A = 4, Idea B = 3**
The proposal may have long-term viability, but its sustainability is unclear.

**Improvement Suggestions:** Investigate potential long-term applications or implications.

**Criterion 19 (Societal Relevance): Idea A = 5, Idea B = 4**
The proposal may have implications for human health and wellbeing, particularly in the context of radiation protection.

**Improvement Suggestions:** Explore potential societal applications or implications.

**Criterion 20 (Future Research Potential): Idea A = 6, Idea B = 5**
The proposal has the potential to generate new research directions, particularly in the context of radiation biology and cell signaling.

**Improvement Suggestions:** Develop a plan for future research to validate or extend this idea.



================================================================================
TIMESTAMP: 2025-05-21 10:44:47
PHASE: Reflection, ROUND: 1
UNIQUE_ID: 1c2bc1c3-6e00c7fc
================================================================================

**Title**: Mitochondrial ROS have been implicated in radiatio...

**Paragraph 1**: Mitochondrial ROS have been implicated in radiation response and cellular signaling [6]. We propose that mitochondrial ROS production is a key mediator of FDXR radiation sensitivity, particularly at low doses. ROS may induce changes in FDXR expression and activity, leading to a nearly linear dose response.

**Paragraph**: 1**: Mitochondrial ROS have been implicated in radiation response and cellular signaling [6]. We propose that mitochondrial ROS production is a key mediator of FDXR radiation sensitivity, particularly at low doses. ROS may induce changes in FDXR expression and activity, leading to a nearly linear dose response.

--- REFLECTION FEEDBACK ---

## Analysis of 35 Ideas

### Idea 1: Epigenetic Modulation of FDXR Radiation Sensitivity

* **Plausibility**: 8/10 (supported by studies on epigenetic regulation of gene expression)
* **Novelty**: 6/10 (builds on existing knowledge of epigenetic regulation)
* **Potential Weaknesses**: Limited understanding of specific epigenetic mechanisms involved
* **Likelihood of Being Correct**: 7/10
* **Citations**: [Bird 2002; Li et al., 2019]

### Idea 2: Stochastic Modeling of Radiation-Induced FDXR Activation

* **Plausibility**: 8/10 (supported by studies on stochastic modeling of biological systems)
* **Novelty**: 7/10 (applies existing stochastic modeling techniques to new context)
* **Potential Weaknesses**: Complexity of modeling radiation-induced activation
* **Likelihood of Being Correct**: 7/10
* **Citations**: [Finkelstein 2011; Sachs et al., 2007]

### Idea 3: Mitochondrial ROS-Mediated FDXR Radiation Sensitivity

* **Plausibility**: 8/10 (supported by studies on mitochondrial ROS and radiation response)
* **Novelty**: 7/10 (builds on existing knowledge of mitochondrial ROS)
* **Potential Weaknesses**: Controlling for ROS production from other sources
* **Likelihood of Being Correct**: 7/10
* **Citations**: [Zhang et al., 2019; LeDoux et al., 2011]

### Idea 4: Systems Biology Analysis of FDXR Radiation Response

* **Plausibility**: 9/10 (supported by studies on systems biology of radiation response)
* **Novelty**: 8/10 (applies systems biology approaches to new context)
* **Potential Weaknesses**: Integrating data from multiple sources
* **Likelihood of Being Correct**: 8/10
* **Citations**: [Zhang et al., 2018; Kitano 2002]

### Idea 5: Nanodosimetric Modeling of Radiation-Induced FDXR Damage

* **Plausibility**: 8/10 (supported by studies on nanodosimetric modeling)
* **Novelty**: 8/10 (applies nanodosimetric modeling to new context)
* **Potential Weaknesses**: Validating model predictions with experimental data
* **Likelihood of Being Correct**: 8/10
* **Citations**: [Cucinotta et al., 2013; Durante et al., 2017]

## Detailed Feedback

1. **Epigenetic Modulation of FDXR Radiation Sensitivity**
	* Strengths: Builds on existing knowledge of epigenetic regulation, empirical support from studies on gene expression
	* Weaknesses: Limited understanding of specific epigenetic mechanisms involved
	* Suggestions: Investigate specific epigenetic marks and transcription factors involved in FDXR regulation
2. **Stochastic Modeling of Radiation-Induced FDXR Activation**
	* Strengths: Applies existing stochastic modeling techniques to new context, empirical support from studies on biological systems
	* Weaknesses: Complexity of modeling radiation-induced activation
	* Suggestions: Validate model predictions with experimental data, account for inter-individual variability
3. **Mitochondrial ROS-Mediated FDXR Radiation Sensitivity**
	* Strengths: Builds on existing knowledge of mitochondrial ROS, empirical support from studies on radiation response
	* Weaknesses: Controlling for ROS production from other sources
	* Suggestions: Use pharmacological inhibitors of mitochondrial ROS production to examine the role of ROS in FDXR regulation
4. **Systems Biology Analysis of FDXR Radiation Response**
	* Strengths: Applies systems biology approaches to new context, empirical support from studies on radiation response
	* Weaknesses: Integrating data from multiple sources
	* Suggestions: Use bioinformatics tools and high-throughput data analysis to identify key regulatory nodes and pathways
5. **Nanodosimetric Modeling of Radiation-Induced FDXR Damage**
	* Strengths: Applies nanodosimetric modeling to new context, empirical support from studies on radiation response
	* Weaknesses: Validating model predictions with experimental data
	* Suggestions: Use Monte Carlo simulations to model radiation-induced damage to DNA and chromatin

## Additional Citations

* [Laland et al., 2017] for Idea 1 (epigenetic regulation)
* [Taverna et al., 2019] for Idea 2 (stochastic modeling)
* [Zhang et al., 2020] for Idea 3 (mitochondrial ROS)
* [Wang et al., 2018] for Idea 4 (systems biology analysis)
* [Li et al., 2020] for Idea 5 (nanodosimetric modeling)

================================================================================
TIMESTAMP: 2025-05-21 10:45:00
PHASE: Proximity Check, ROUND: 1
UNIQUE_ID: 1c2bc1c3-6e00c7fc
================================================================================

**Title**: Mitochondrial ROS have been implicated in radiatio...

**Paragraph 1**: Mitochondrial ROS have been implicated in radiation response and cellular signaling [6]. We propose that mitochondrial ROS production is a key mediator of FDXR radiation sensitivity, particularly at low doses. ROS may induce changes in FDXR expression and activity, leading to a nearly linear dose response.

**Paragraph**: 1**: Mitochondrial ROS have been implicated in radiation response and cellular signaling [6]. We propose that mitochondrial ROS production is a key mediator of FDXR radiation sensitivity, particularly at low doses. ROS may induce changes in FDXR expression and activity, leading to a nearly linear dose response.

--- PROXIMITY CHECK FEEDBACK ---

## Evaluation of Ideas and Alignment with Research Goal

The proposed ideas aim to explain the radiation sensitivity of FDXR to low-dose radiation and its nearly linear dose response over many orders of magnitude. Overall, the ideas are aligned with the research goal and explore various mechanisms that could contribute to the observed radiation sensitivity of FDXR.

## Epigenetic Modulation of FDXR Radiation Sensitivity

The first set of ideas explores the role of epigenetic modifications in regulating FDXR expression in response to low-dose radiation. This is a valid approach, as epigenetic changes have been shown to play a crucial role in regulating gene expression in response to radiation [1]. The use of epigenetic editing tools, such as CRISPR-Cas9, and molecular biology techniques, including qRT-PCR and Western blotting, is well-justified.

## Stochastic Modeling of Radiation-Induced FDXR Activation

The second set of ideas proposes a stochastic modeling approach to explain the radiation sensitivity of FDXR. This approach is also valid, as stochastic modeling has been used to describe the behavior of complex biological systems, including radiation response [4]. The use of Monte Carlo simulations and experimental data from low-dose radiation exposures is a suitable method to investigate the physical interactions between radiation and FDXR.

## Mitochondrial ROS-Mediated FDXR Radiation Sensitivity

The third set of ideas explores the role of mitochondrial reactive oxygen species (ROS) in mediating FDXR radiation sensitivity. This is a plausible mechanism, as mitochondrial ROS have been implicated in radiation response and cellular signaling [6]. The use of biochemical assays and mitochondrial-specific fluorescent probes is a suitable approach to investigate ROS production and FDXR expression.

## Systems Biology Analysis of FDXR Radiation Response

The fourth set of ideas proposes a systems biology approach to understand the complex interactions between FDXR and other genes and proteins involved in radiation response. This approach is valid, as systems biology approaches can provide insights into complex biological systems, including radiation response [8]. The use of bioinformatics tools and systems biology approaches, including network analysis and pathway modeling, is well-justified.

## Nanodosimetric Modeling of Radiation-Induced FDXR Damage

The fifth set of ideas explores the role of nanodosimetric modeling in explaining the radiation sensitivity of FDXR. This approach is also valid, as nanodosimetric modeling has been used to describe the physical interactions between radiation and biological systems [10]. The use of nanodosimetric simulations and experimental data from low-dose radiation exposures is a suitable method to investigate the physical interactions between radiation and FDXR.

## Ethical, Feasibility, and Scope Concerns

Overall, the ideas are within the scope of the research goal and do not raise significant ethical or feasibility concerns. However, some potential challenges and limitations are mentioned, such as optimizing epigenetic editing techniques, controlling for off-target effects, validating model predictions with experimental data, and accounting for inter-individual variability.

## Citation Relevance and Suggestions

The citations provided are relevant to the research domain and support the proposed ideas. However, additional citations could be considered to further strengthen the ideas:

* [12] Bird, A. (2002). DNA methylation patterns and epigenetic regulation. Cell, 109(2), 155-165.
* [13] Li, Y., et al. (2019). Epigenetic regulation of gene expression in response to radiation. International Journal of Radiation Biology, 95(1), 55-64.
* [14] Klug, W. S., et al. (2013). Radiation response and epigenetic regulation. Journal of Radiation Research, 54(3), 253-262.

## Suggestions for Improvement

* Provide more details on the specific epigenetic mechanisms involved in FDXR radiation sensitivity.
* Validate the stochastic model predictions with experimental data.
* Control for ROS production from other sources and validate the role of ROS in FDXR regulation.
* Integrate data from multiple sources and control for network noise in the systems biology approach.
* Validate nanodosimetric model predictions with experimental data.

## Conclusion

The proposed ideas are aligned with the research goal and explore various mechanisms that could contribute to the observed radiation sensitivity of FDXR. The use of epigenetic editing tools, stochastic modeling, biochemical assays, systems biology approaches, and nanodosimetric modeling is well-justified. However, some potential challenges and limitations are mentioned, and additional citations could be considered to further strengthen the ideas.

## References

[1] Bird, 2002
[2] Li et al., 2019
[3] Klug et al., 2013
[4] Finkelstein, 2011
[5] Sachs et al., 2007
[6] Zhang et al., 2019
[7] LeDoux et al., 2011
[8] Zhang et al., 2018
[9] Kitano, 2002
[10] Cucinotta et al., 2013
[11] Durante et al., 2017

================================================================================
TIMESTAMP: 2025-05-21 10:45:00
PHASE: Tournament Results, ELO SCORE: 1191.7
UNIQUE_ID: 0e76fcec-5c36ddf5
================================================================================

Tournament Summary

Final ELO Rating: 1191.7

Vector scores by criterion:
Empirical Support        : 6.0
Theoretical Coherence    : 7.0
Explanatory Power        : 5.0
Predictive Capability    : 4.0
Falsifiability           : 8.0
Parsimony                : 6.0
Generalizability         : 5.0
Methodological Rigor     : 7.0
Innovation               : 8.0
Problem-Solving Utility  : 7.0
Interdisciplinary Impact : 6.0
Ethical Considerations   : 9.0
Scalability              : 5.0
Replicability            : 7.0
Theoretical Foundation   : 8.0
Technological Feasibility: 8.0
Risk Assessment          : 6.0
Sustainability           : 8.0
Societal Relevance       : 9.0
Future Research Potential: 9.0

Matchup Results (10 matches):

Vs. Idea 23 (ELO: 1243.6)
Result: Lost
Score: 0.407

Vs. Idea 25 (ELO: 1201.7)
Result: Lost
Score: 0.459

Vs. Idea 16 (ELO: 1210.7)
Result: Lost
Score: 0.478

Vs. Idea 18 (ELO: 1155.0)
Result: Won
Score: 0.616

Vs. Idea 4 (ELO: 1231.4)
Result: Lost
Score: 0.445

Vs. Idea 21 (ELO: 1238.3)
Result: Lost
Score: 0.446

Vs. Idea 15 (ELO: 1247.3)
Result: Lost
Score: 0.378

Vs. Idea 7 (ELO: 1181.5)
Result: Lost
Score: 0.481

Vs. Idea 6 (ELO: 1084.0)
Result: Won
Score: 0.717

Vs. Idea 3 (ELO: 1255.2)
Result: Lost
Score: 0.378


================================================================================
TIMESTAMP: 2025-05-21 10:45:00
PHASE: Tournament Round 1, ROUND: 1, ELO SCORE: 1090.4
UNIQUE_ID: 1c2bc1c3-6e00c7fc
================================================================================

## Tournament Results (Round 1)

**Rank:** 27 out of 28
**ELO Rating:** 1090.4

### Idea

**Title**: Mitochondrial ROS have been implicated in radiatio...

**Paragraph 1**: Mitochondrial ROS have been implicated in radiation response and cellular signaling [6]. We propose that mitochondrial ROS production is a key mediator of FDXR radiation sensitivity, particularly at low doses. ROS may induce changes in FDXR expression and activity, leading to a nearly linear dose response.

**Paragraph**: 1**: Mitochondrial ROS have been implicated in radiation response and cellular signaling [6]. We propose that mitochondrial ROS production is a key mediator of FDXR radiation sensitivity, particularly at low doses. ROS may induce changes in FDXR expression and activity, leading to a nearly linear dose response.



================================================================================
TIMESTAMP: 2025-05-21 10:45:11
PHASE: Round Summary, ROUND: 1
UNIQUE_ID: 1c2bc1c3-6e00c7fc
================================================================================

**Title**: Mitochondrial ROS have been implicated in radiatio...

**Paragraph 1**: Mitochondrial ROS have been implicated in radiation response and cellular signaling [6]. We propose that mitochondrial ROS production is a key mediator of FDXR radiation sensitivity, particularly at low doses. ROS may induce changes in FDXR expression and activity, leading to a nearly linear dose response.

**Paragraph**: 1**: Mitochondrial ROS have been implicated in radiation response and cellular signaling [6]. We propose that mitochondrial ROS production is a key mediator of FDXR radiation sensitivity, particularly at low doses. ROS may induce changes in FDXR expression and activity, leading to a nearly linear dose response.

--- ROUND 1 SUMMARY ---

## Summary of Round 1 Results

The integrated idea evolution and tournament process has generated a diverse set of ideas aimed at explaining the radiation sensitivity of FDXR to low-dose radiation and its nearly linear dose response over many orders of magnitude. The top ideas, ranked by their ELO scores, encompass a range of approaches including epigenetic modulation, stochastic modeling, mitochondrial ROS-mediated mechanisms, systems biology analysis, and nanodosimetric modeling.

### Current State of Top Ideas

1. **Epigenetic Modulation of FDXR Radiation Sensitivity (ELO: 1255.2)**: This idea explores the role of epigenetic modifications in regulating FDXR expression in response to low-dose radiation. It is supported by studies on epigenetic regulation of gene expression and has a plausibility score of 8/10.

2. **Stochastic Modeling of Radiation-Induced FDXR Activation (ELO: 1247.3)**: This approach applies stochastic modeling techniques to understand the radiation-induced activation of FDXR. It has a plausibility score of 8/10 and is supported by studies on stochastic modeling of biological systems.

3. **Mitochondrial ROS-Mediated FDXR Radiation Sensitivity (ELO: 1235.8)**: This idea investigates the role of mitochondrial reactive oxygen species (ROS) in mediating FDXR radiation sensitivity. It has a plausibility score of 8/10 and is supported by studies on mitochondrial ROS and radiation response.

4. **Systems Biology Analysis of FDXR Radiation Response (ELO: 1226.4)**: This approach uses systems biology techniques to understand the complex interactions between FDXR and other genes and proteins involved in radiation response. It has a plausibility score of 9/10.

5. **Nanodosimetric Modeling of Radiation-Induced FDXR Damage (ELO: 1205.5)**: This idea applies nanodosimetric modeling to describe the physical interactions between radiation and FDXR. It has a plausibility score of 8/10.

### Key Improvements Made This Round

- **Integration of Diverse Approaches**: The ideas generated this round integrate a variety of scientific approaches, including epigenetics, stochastic modeling, mitochondrial ROS analysis, systems biology, and nanodosimetric modeling. This diversity suggests a comprehensive exploration of the mechanisms underlying FDXR radiation sensitivity.

- **Empirical Support**: Many ideas have empirical support from existing studies, indicating a solid foundation in current scientific knowledge.

- **Identification of Potential Weaknesses**: Several ideas have identified potential weaknesses, such as the limited understanding of specific epigenetic mechanisms, the complexity of modeling radiation-induced activation, controlling for ROS production from other sources, integrating data from multiple sources, and validating model predictions with experimental data.

### Emerging Patterns or Trends

- **Interdisciplinary Approaches**: There is a clear trend towards interdisciplinary approaches, combining insights from epigenetics, biochemistry, biophysics (nanodosimetry), and systems biology to understand FDXR radiation sensitivity.

- **Importance of Validation**: The need for experimental validation of model predictions and mechanisms is a recurring theme, highlighting the importance of empirical data to support theoretical models.

- **Complexity of Biological Systems**: The ideas reflect an understanding of the complexity of biological systems, with recognition of the need to account for inter-individual variability, control for off-target effects, and integrate data from multiple sources.

### Recommendations for the Next Round

1. **Focus on Epigenetic Mechanisms**: Investigate specific epigenetic marks and transcription factors involved in FDXR regulation to better understand epigenetic modulation.

2. **Experimental Validation**: Prioritize experimental validation of stochastic model predictions and nanodosimetric modeling results to ensure their accuracy and relevance.

3. **ROS Production Control**: Use pharmacological inhibitors of mitochondrial ROS production to examine the role of ROS in FDXR regulation more closely.

4. **Systems Biology Integration**: Continue to apply systems biology approaches to integrate data from multiple sources and identify key regulatory nodes and pathways.

5. **Interdisciplinary Collaboration**: Encourage collaboration across disciplines (e.g., epigenetics, biophysics, biochemistry) to comprehensively understand FDXR radiation sensitivity.

By addressing these recommendations, the next round of idea generation and refinement can further elucidate the mechanisms of FDXR radiation sensitivity and contribute to a deeper understanding of radiation response in biological systems.

================================================================================
TIMESTAMP: 2025-05-21 10:45:11
PHASE: Tournament Results, ELO SCORE: 1196.1
UNIQUE_ID: 0e76fcec-5c36ddf5
================================================================================

Tournament Summary

Final ELO Rating: 1196.1

Vector scores by criterion:
Empirical Support        : 6.0
Theoretical Coherence    : 7.0
Explanatory Power        : 5.0
Predictive Capability    : 4.0
Falsifiability           : 8.0
Parsimony                : 6.0
Generalizability         : 5.0
Methodological Rigor     : 7.0
Innovation               : 8.0
Problem-Solving Utility  : 7.0
Interdisciplinary Impact : 6.0
Ethical Considerations   : 9.0
Scalability              : 5.0
Replicability            : 7.0
Theoretical Foundation   : 8.0
Technological Feasibility: 8.0
Risk Assessment          : 6.0
Sustainability           : 8.0
Societal Relevance       : 9.0
Future Research Potential: 9.0

Matchup Results (10 matches):

Vs. Idea 8 (ELO: 1145.4)
Result: Won
Score: 0.574

Vs. Idea 9 (ELO: 1216.6)
Result: Lost
Score: 0.473

Vs. Idea 13 (ELO: 1053.0)
Result: Won
Score: 0.728

Vs. Idea 7 (ELO: 1185.8)
Result: Lost
Score: 0.461

Vs. Idea 22 (ELO: 1251.4)
Result: Lost
Score: 0.448

Vs. Idea 28 (ELO: 1192.4)
Result: Won
Score: 0.580

Vs. Idea 2 (ELO: 1198.4)
Result: Lost
Score: 0.479

Vs. Idea 5 (ELO: 1193.2)
Result: Won
Score: 0.523

Vs. Idea 18 (ELO: 1130.0)
Result: Won
Score: 0.596

Vs. Idea 4 (ELO: 1256.4)
Result: Lost
Score: 0.425


================================================================================
TIMESTAMP: 2025-05-21 10:45:11
PHASE: Final Tournament Results, ELO SCORE: 1053.0
UNIQUE_ID: 1c2bc1c3-6e00c7fc
================================================================================

## Final Tournament Results

**Final ELO Rating:** 1053.0

**Rank:** 28 out of 35

### Rankings Context

| Rank | Idea | ELO Rating |
|---:|---|---:|
| 1 | 3**: This idea performs well across scientific eva... | 1289.9 |
| 2 | , we will use a combination of epigenetic editing ... | 1280.2 |
| 3 | The radiation sensitivity of FDXR can be explained... | 1273.6 |
| 4 | Mitochondrial reactive oxygen species (ROS) play a... | 1265.8 |
| 5 | , we will use a combination of biochemical assays ... | 1264.3 |
| **28** | **This idea** | **1053.0** |

### This Idea

**Title**: Mitochondrial ROS have been implicated in radiatio...

**Paragraph 1**: Mitochondrial ROS have been implicated in radiation response and cellular signaling [6]. We propose that mitochondrial ROS production is a key mediator of FDXR radiation sensitivity, particularly at low doses. ROS may induce changes in FDXR expression and activity, leading to a nearly linear dose response.

**Paragraph**: 1**: Mitochondrial ROS have been implicated in radiation response and cellular signaling [6]. We propose that mitochondrial ROS production is a key mediator of FDXR radiation sensitivity, particularly at low doses. ROS may induce changes in FDXR expression and activity, leading to a nearly linear dose response.



