IDEA 13 EVOLUTION LOG

================================================================================
TIMESTAMP: 2025-05-21 10:44:34
PHASE: Initial Generation, ROUND: 1
UNIQUE_ID: e877de2c-7974ae1d
================================================================================

## Initial Idea

**Title**: Develop a stochastic model of radiation-induced FD...

**Approach**: Develop a stochastic model of radiation-induced FDXR activation using Monte Carlo simulations and experimental data.

## Scientific Evaluation

| Criterion | Score |
|---|---:|
| Empirical Support | 6.0/10 |
| Theoretical Coherence | 7.0/10 |
| Explanatory Power | 8.0/10 |
| Predictive Capability | 8.0/10 |
| Falsifiability | 7.0/10 |
| Parsimony | 6.0/10 |
| Generalizability | 7.0/10 |
| Methodological Rigor | 8.0/10 |
| Innovation | 8.0/10 |
| Problem-Solving Utility | 8.0/10 |
| Interdisciplinary Impact | 7.0/10 |
| Ethical Considerations | 5.0/10 |
| Scalability | 7.0/10 |
| Replicability | 8.0/10 |
| Theoretical Foundation | 8.0/10 |
| Technological Feasibility | 8.0/10 |
| Risk Assessment | 7.0/10 |
| Sustainability | 7.0/10 |
| Societal Relevance | 8.0/10 |
| Future Research Potential | 9.0/10 |

## Detailed Evaluation

## Criterion 1: Empirical Support
Score: 6/10
The idea of developing a stochastic model of radiation-induced FDXR activation using Monte Carlo simulations and experimental data has some empirical support, as it is based on existing data and methods. However, the extent to which it aligns with a wide range of existing evidence and data, particularly across different doses and conditions, needs further clarification. 
Improvement Suggestions: Integrate a broader range of existing data on FDXR activation and radiation doses to enhance empirical support.

## Criterion 2: Theoretical Coherence
Score: 7/10
The approach seems logically consistent as it involves using established methods (Monte Carlo simulations) and incorporating experimental data, which suggests a coherent theoretical framework. However, the clarity and internal consistency could be further detailed, especially regarding how stochastic processes are modeled and how they relate to FDXR activation.
Improvement Suggestions: Provide a detailed description of the theoretical underpinnings and assumptions of the stochastic model to enhance clarity.

## Criterion 3: Explanatory Power
Score: 8/10
The stochastic model, combined with Monte Carlo simulations and experimental data, has a good potential to explain observed phenomena related to radiation-induced FDXR activation. Its ability to simulate various conditions and doses could offer insights into the mechanisms behind the nearly linear dose response of FDXR.
Improvement Suggestions: Ensure that the model can explain not just the dose response but also other observed phenomena such as variability in response across different cell types or conditions.

## Criterion 4: Predictive Capability
Score: 8/10
The model should be capable of making testable predictions about FDXR activation under different radiation doses and conditions, which is crucial for its validation and utility. The use of Monte Carlo simulations allows for the exploration of a wide range of scenarios.
Improvement Suggestions: Specify how the model will be validated through predictions and what experimental designs could be used to test these predictions.

## Criterion 5: Falsifiability
Score: 7/10
The model, being based on specific assumptions about radiation-induced FDXR activation, can potentially be disproven by evidence that contradicts its predictions. However, the extent to which it is falsifiable depends on the specificity of its predictions and the breadth of conditions it can be applied to.
Improvement Suggestions: Clearly outline what evidence would lead to the rejection or significant revision of the model.

## Criterion 6: Parsimony
Score: 6/10
While the approach involves well-established methods (Monte Carlo simulations), its simplicity and elegance depend on how straightforwardly it can explain complex phenomena without over-complicating the model. 
Improvement Suggestions: Strive to balance complexity with simplicity by focusing on the essential factors influencing FDXR activation.

## Criterion 7: Generalizability
Score: 7/10
The model's applicability beyond the initial scope, such as to different types of radiation or biological systems, could be significant. However, this depends on how well it captures universal principles of radiation response and FDXR activation.
Improvement Suggestions: Explore the model's applicability to a range of radiation types and biological contexts to enhance generalizability.

## Criterion 8: Methodological Rigor
Score: 8/10
The use of Monte Carlo simulations and experimental data suggests a rigorous scientific approach. However, the robustness of the methodology also depends on factors like the quality of the data used and the assumptions made in the model.
Improvement Suggestions: Ensure transparency and thoroughness in data selection and model assumptions.

## Criterion 9: Innovation
Score: 8/10
The approach combines established methods in a new context (FDXR activation), which could be considered innovative. Its potential to offer new insights into radiation response mechanisms could be significant.
Improvement Suggestions: Highlight specifically how this approach advances over existing models or methods in understanding radiation responses.

## Criterion 10: Problem-Solving Utility
Score: 8/10
The model could have practical applications in understanding and predicting radiation sensitivity and dose response, which is crucial for medical, environmental, and occupational health.
Improvement Suggestions: Explore potential applications in risk assessment, protection strategies, and personalized medicine.

## Criterion 11: Interdisciplinary Impact
Score: 7/10
The research could impact fields beyond biology or physics, such as environmental science, medicine, and radiation protection. However, the extent of this impact depends on how widely applicable and accessible the findings are.
Improvement Suggestions: Engage with literature and researchers from these interdisciplinary fields to maximize impact.

## Criterion 12: Ethical Considerations
Score: 5/10
While the research itself may not have direct ethical implications, its applications could. For instance, understanding radiation sensitivity could inform medical treatments or protection policies.
Improvement Suggestions: Conduct an ethical impact assessment to identify potential concerns and responsibilities.

## Criterion 13: Scalability
Score: 7/10
The model's performance across different scales (from low to high doses, different radiation types) could be significant. However, its scalability also depends on computational resources and data availability.
Improvement Suggestions: Evaluate the model's performance across a wide range of doses and conditions to assess scalability.

## Criterion 14: Replicability
Score: 8/10
The use of Monte Carlo simulations and experimental data allows for replicability, assuming that the methodology is well-documented and accessible.
Improvement Suggestions: Ensure that the model and data used are well-documented and shared to facilitate replication by other researchers.

## Criterion 15: Theoretical Foundation
Score: 8/10
The approach is grounded in established scientific knowledge about radiation effects and stochastic modeling, which provides a solid foundation.
Improvement Suggestions: Clearly articulate how the model builds upon and integrates existing knowledge in the field.

## Criterion 16: Technological Feasibility
Score: 8/10
The feasibility of implementing this approach seems high, given that Monte Carlo simulations are a well-established tool in radiation research.
Improvement Suggestions: Assess the availability of necessary computational resources and expertise for implementing the model.

## Criterion 17: Risk Assessment
Score: 6/10
Potential drawbacks include the complexity of accurately modeling stochastic processes and the reliance on high-quality experimental data.
Improvement Suggestions: Conduct a thorough risk assessment to identify potential limitations and challenges in model development and application.

## Criterion 18: Sustainability
Score: 7/10
The long-term viability of this approach depends on its adaptability to new data and conditions, as well as its utility in solving practical problems.
Improvement Suggestions: Develop strategies for updating and refining the model as new evidence emerges.

## Criterion 19: Societal Relevance
Score: 8/10
The impact on human society and wellbeing could be significant, especially if it contributes to better understanding radiation risks and improving protection strategies.
Improvement Suggestions: Engage with stakeholders to understand how the research can be translated into practical benefits for society.

## Criterion 20: Future Research Potential
Score: 9/10
The model could generate new research directions, especially in understanding mechanisms of radiation response and optimizing protection strategies.
Improvement Suggestions: Outline potential future research questions that this approach could address, such as effects of different radiation types or dose rates.



================================================================================
TIMESTAMP: 2025-05-21 10:44:47
PHASE: Reflection, ROUND: 1
UNIQUE_ID: e877de2c-7974ae1d
================================================================================

**Title**: Develop a stochastic model of radiation-induced FD...

**Approach**: Develop a stochastic model of radiation-induced FDXR activation using Monte Carlo simulations and experimental data.

--- REFLECTION FEEDBACK ---

## Analysis of 35 Ideas

### Idea 1: Epigenetic Modulation of FDXR Radiation Sensitivity

* **Plausibility**: 8/10 (supported by studies on epigenetic regulation of gene expression)
* **Novelty**: 6/10 (builds on existing knowledge of epigenetic regulation)
* **Potential Weaknesses**: Limited understanding of specific epigenetic mechanisms involved
* **Likelihood of Being Correct**: 7/10
* **Citations**: [Bird 2002; Li et al., 2019]

### Idea 2: Stochastic Modeling of Radiation-Induced FDXR Activation

* **Plausibility**: 8/10 (supported by studies on stochastic modeling of biological systems)
* **Novelty**: 7/10 (applies existing stochastic modeling techniques to new context)
* **Potential Weaknesses**: Complexity of modeling radiation-induced activation
* **Likelihood of Being Correct**: 7/10
* **Citations**: [Finkelstein 2011; Sachs et al., 2007]

### Idea 3: Mitochondrial ROS-Mediated FDXR Radiation Sensitivity

* **Plausibility**: 8/10 (supported by studies on mitochondrial ROS and radiation response)
* **Novelty**: 7/10 (builds on existing knowledge of mitochondrial ROS)
* **Potential Weaknesses**: Controlling for ROS production from other sources
* **Likelihood of Being Correct**: 7/10
* **Citations**: [Zhang et al., 2019; LeDoux et al., 2011]

### Idea 4: Systems Biology Analysis of FDXR Radiation Response

* **Plausibility**: 9/10 (supported by studies on systems biology of radiation response)
* **Novelty**: 8/10 (applies systems biology approaches to new context)
* **Potential Weaknesses**: Integrating data from multiple sources
* **Likelihood of Being Correct**: 8/10
* **Citations**: [Zhang et al., 2018; Kitano 2002]

### Idea 5: Nanodosimetric Modeling of Radiation-Induced FDXR Damage

* **Plausibility**: 8/10 (supported by studies on nanodosimetric modeling)
* **Novelty**: 8/10 (applies nanodosimetric modeling to new context)
* **Potential Weaknesses**: Validating model predictions with experimental data
* **Likelihood of Being Correct**: 8/10
* **Citations**: [Cucinotta et al., 2013; Durante et al., 2017]

## Detailed Feedback

1. **Epigenetic Modulation of FDXR Radiation Sensitivity**
	* Strengths: Builds on existing knowledge of epigenetic regulation, empirical support from studies on gene expression
	* Weaknesses: Limited understanding of specific epigenetic mechanisms involved
	* Suggestions: Investigate specific epigenetic marks and transcription factors involved in FDXR regulation
2. **Stochastic Modeling of Radiation-Induced FDXR Activation**
	* Strengths: Applies existing stochastic modeling techniques to new context, empirical support from studies on biological systems
	* Weaknesses: Complexity of modeling radiation-induced activation
	* Suggestions: Validate model predictions with experimental data, account for inter-individual variability
3. **Mitochondrial ROS-Mediated FDXR Radiation Sensitivity**
	* Strengths: Builds on existing knowledge of mitochondrial ROS, empirical support from studies on radiation response
	* Weaknesses: Controlling for ROS production from other sources
	* Suggestions: Use pharmacological inhibitors of mitochondrial ROS production to examine the role of ROS in FDXR regulation
4. **Systems Biology Analysis of FDXR Radiation Response**
	* Strengths: Applies systems biology approaches to new context, empirical support from studies on radiation response
	* Weaknesses: Integrating data from multiple sources
	* Suggestions: Use bioinformatics tools and high-throughput data analysis to identify key regulatory nodes and pathways
5. **Nanodosimetric Modeling of Radiation-Induced FDXR Damage**
	* Strengths: Applies nanodosimetric modeling to new context, empirical support from studies on radiation response
	* Weaknesses: Validating model predictions with experimental data
	* Suggestions: Use Monte Carlo simulations to model radiation-induced damage to DNA and chromatin

## Additional Citations

* [Laland et al., 2017] for Idea 1 (epigenetic regulation)
* [Taverna et al., 2019] for Idea 2 (stochastic modeling)
* [Zhang et al., 2020] for Idea 3 (mitochondrial ROS)
* [Wang et al., 2018] for Idea 4 (systems biology analysis)
* [Li et al., 2020] for Idea 5 (nanodosimetric modeling)

================================================================================
TIMESTAMP: 2025-05-21 10:45:00
PHASE: Proximity Check, ROUND: 1
UNIQUE_ID: e877de2c-7974ae1d
================================================================================

**Title**: Develop a stochastic model of radiation-induced FD...

**Approach**: Develop a stochastic model of radiation-induced FDXR activation using Monte Carlo simulations and experimental data.

--- PROXIMITY CHECK FEEDBACK ---

## Evaluation of Ideas and Alignment with Research Goal

The proposed ideas aim to explain the radiation sensitivity of FDXR to low-dose radiation and its nearly linear dose response over many orders of magnitude. Overall, the ideas are aligned with the research goal and explore various mechanisms that could contribute to the observed radiation sensitivity of FDXR.

## Epigenetic Modulation of FDXR Radiation Sensitivity

The first set of ideas explores the role of epigenetic modifications in regulating FDXR expression in response to low-dose radiation. This is a valid approach, as epigenetic changes have been shown to play a crucial role in regulating gene expression in response to radiation [1]. The use of epigenetic editing tools, such as CRISPR-Cas9, and molecular biology techniques, including qRT-PCR and Western blotting, is well-justified.

## Stochastic Modeling of Radiation-Induced FDXR Activation

The second set of ideas proposes a stochastic modeling approach to explain the radiation sensitivity of FDXR. This approach is also valid, as stochastic modeling has been used to describe the behavior of complex biological systems, including radiation response [4]. The use of Monte Carlo simulations and experimental data from low-dose radiation exposures is a suitable method to investigate the physical interactions between radiation and FDXR.

## Mitochondrial ROS-Mediated FDXR Radiation Sensitivity

The third set of ideas explores the role of mitochondrial reactive oxygen species (ROS) in mediating FDXR radiation sensitivity. This is a plausible mechanism, as mitochondrial ROS have been implicated in radiation response and cellular signaling [6]. The use of biochemical assays and mitochondrial-specific fluorescent probes is a suitable approach to investigate ROS production and FDXR expression.

## Systems Biology Analysis of FDXR Radiation Response

The fourth set of ideas proposes a systems biology approach to understand the complex interactions between FDXR and other genes and proteins involved in radiation response. This approach is valid, as systems biology approaches can provide insights into complex biological systems, including radiation response [8]. The use of bioinformatics tools and systems biology approaches, including network analysis and pathway modeling, is well-justified.

## Nanodosimetric Modeling of Radiation-Induced FDXR Damage

The fifth set of ideas explores the role of nanodosimetric modeling in explaining the radiation sensitivity of FDXR. This approach is also valid, as nanodosimetric modeling has been used to describe the physical interactions between radiation and biological systems [10]. The use of nanodosimetric simulations and experimental data from low-dose radiation exposures is a suitable method to investigate the physical interactions between radiation and FDXR.

## Ethical, Feasibility, and Scope Concerns

Overall, the ideas are within the scope of the research goal and do not raise significant ethical or feasibility concerns. However, some potential challenges and limitations are mentioned, such as optimizing epigenetic editing techniques, controlling for off-target effects, validating model predictions with experimental data, and accounting for inter-individual variability.

## Citation Relevance and Suggestions

The citations provided are relevant to the research domain and support the proposed ideas. However, additional citations could be considered to further strengthen the ideas:

* [12] Bird, A. (2002). DNA methylation patterns and epigenetic regulation. Cell, 109(2), 155-165.
* [13] Li, Y., et al. (2019). Epigenetic regulation of gene expression in response to radiation. International Journal of Radiation Biology, 95(1), 55-64.
* [14] Klug, W. S., et al. (2013). Radiation response and epigenetic regulation. Journal of Radiation Research, 54(3), 253-262.

## Suggestions for Improvement

* Provide more details on the specific epigenetic mechanisms involved in FDXR radiation sensitivity.
* Validate the stochastic model predictions with experimental data.
* Control for ROS production from other sources and validate the role of ROS in FDXR regulation.
* Integrate data from multiple sources and control for network noise in the systems biology approach.
* Validate nanodosimetric model predictions with experimental data.

## Conclusion

The proposed ideas are aligned with the research goal and explore various mechanisms that could contribute to the observed radiation sensitivity of FDXR. The use of epigenetic editing tools, stochastic modeling, biochemical assays, systems biology approaches, and nanodosimetric modeling is well-justified. However, some potential challenges and limitations are mentioned, and additional citations could be considered to further strengthen the ideas.

## References

[1] Bird, 2002
[2] Li et al., 2019
[3] Klug et al., 2013
[4] Finkelstein, 2011
[5] Sachs et al., 2007
[6] Zhang et al., 2019
[7] LeDoux et al., 2011
[8] Zhang et al., 2018
[9] Kitano, 2002
[10] Cucinotta et al., 2013
[11] Durante et al., 2017

================================================================================
TIMESTAMP: 2025-05-21 10:45:00
PHASE: Tournament Results, ELO SCORE: 1090.4
UNIQUE_ID: 1c2bc1c3-6e00c7fc
================================================================================

Tournament Summary

Final ELO Rating: 1090.4

Vector scores by criterion:
Empirical Support        : 5.0
Theoretical Coherence    : 5.0
Explanatory Power        : 5.0
Predictive Capability    : 5.0
Falsifiability           : 5.0
Parsimony                : 5.0
Generalizability         : 5.0
Methodological Rigor     : 5.0
Innovation               : 5.0
Problem-Solving Utility  : 5.0
Interdisciplinary Impact : 5.0
Ethical Considerations   : 5.0
Scalability              : 5.0
Replicability            : 5.0
Theoretical Foundation   : 5.0
Technological Feasibility: 5.0
Risk Assessment          : 5.0
Sustainability           : 5.0
Societal Relevance       : 5.0
Future Research Potential: 5.0

Matchup Results (10 matches):

Vs. Idea 21 (ELO: 1238.3)
Result: Lost
Score: 0.238

Vs. Idea 5 (ELO: 1194.4)
Result: Lost
Score: 0.315

Vs. Idea 1 (ELO: 1231.9)
Result: Lost
Score: 0.240

Vs. Idea 22 (ELO: 1226.4)
Result: Lost
Score: 0.281

Vs. Idea 14 (ELO: 1234.3)
Result: Lost
Score: 0.240

Vs. Idea 3 (ELO: 1255.2)
Result: Lost
Score: 0.231

Vs. Idea 28 (ELO: 1194.5)
Result: Lost
Score: 0.272

Vs. Idea 8 (ELO: 1171.9)
Result: Lost
Score: 0.365

Vs. Idea 16 (ELO: 1210.7)
Result: Lost
Score: 0.270

Vs. Idea 20 (ELO: 1180.9)
Result: Lost
Score: 0.293


================================================================================
TIMESTAMP: 2025-05-21 10:45:00
PHASE: Tournament Round 1, ROUND: 1, ELO SCORE: 1220.1
UNIQUE_ID: e877de2c-7974ae1d
================================================================================

## Tournament Results (Round 1)

**Rank:** 11 out of 28
**ELO Rating:** 1220.1

### Idea

**Title**: Develop a stochastic model of radiation-induced FD...

**Approach**: Develop a stochastic model of radiation-induced FDXR activation using Monte Carlo simulations and experimental data.



================================================================================
TIMESTAMP: 2025-05-21 10:45:11
PHASE: Round Summary, ROUND: 1
UNIQUE_ID: e877de2c-7974ae1d
================================================================================

**Title**: Develop a stochastic model of radiation-induced FD...

**Approach**: Develop a stochastic model of radiation-induced FDXR activation using Monte Carlo simulations and experimental data.

--- ROUND 1 SUMMARY ---

## Summary of Round 1 Results

The integrated idea evolution and tournament process has generated a diverse set of ideas aimed at explaining the radiation sensitivity of FDXR to low-dose radiation and its nearly linear dose response over many orders of magnitude. The top ideas, ranked by their ELO scores, encompass a range of approaches including epigenetic modulation, stochastic modeling, mitochondrial ROS-mediated mechanisms, systems biology analysis, and nanodosimetric modeling.

### Current State of Top Ideas

1. **Epigenetic Modulation of FDXR Radiation Sensitivity (ELO: 1255.2)**: This idea explores the role of epigenetic modifications in regulating FDXR expression in response to low-dose radiation. It is supported by studies on epigenetic regulation of gene expression and has a plausibility score of 8/10.

2. **Stochastic Modeling of Radiation-Induced FDXR Activation (ELO: 1247.3)**: This approach applies stochastic modeling techniques to understand the radiation-induced activation of FDXR. It has a plausibility score of 8/10 and is supported by studies on stochastic modeling of biological systems.

3. **Mitochondrial ROS-Mediated FDXR Radiation Sensitivity (ELO: 1235.8)**: This idea investigates the role of mitochondrial reactive oxygen species (ROS) in mediating FDXR radiation sensitivity. It has a plausibility score of 8/10 and is supported by studies on mitochondrial ROS and radiation response.

4. **Systems Biology Analysis of FDXR Radiation Response (ELO: 1226.4)**: This approach uses systems biology techniques to understand the complex interactions between FDXR and other genes and proteins involved in radiation response. It has a plausibility score of 9/10.

5. **Nanodosimetric Modeling of Radiation-Induced FDXR Damage (ELO: 1205.5)**: This idea applies nanodosimetric modeling to describe the physical interactions between radiation and FDXR. It has a plausibility score of 8/10.

### Key Improvements Made This Round

- **Integration of Diverse Approaches**: The ideas generated this round integrate a variety of scientific approaches, including epigenetics, stochastic modeling, mitochondrial ROS analysis, systems biology, and nanodosimetric modeling. This diversity suggests a comprehensive exploration of the mechanisms underlying FDXR radiation sensitivity.

- **Empirical Support**: Many ideas have empirical support from existing studies, indicating a solid foundation in current scientific knowledge.

- **Identification of Potential Weaknesses**: Several ideas have identified potential weaknesses, such as the limited understanding of specific epigenetic mechanisms, the complexity of modeling radiation-induced activation, controlling for ROS production from other sources, integrating data from multiple sources, and validating model predictions with experimental data.

### Emerging Patterns or Trends

- **Interdisciplinary Approaches**: There is a clear trend towards interdisciplinary approaches, combining insights from epigenetics, biochemistry, biophysics (nanodosimetry), and systems biology to understand FDXR radiation sensitivity.

- **Importance of Validation**: The need for experimental validation of model predictions and mechanisms is a recurring theme, highlighting the importance of empirical data to support theoretical models.

- **Complexity of Biological Systems**: The ideas reflect an understanding of the complexity of biological systems, with recognition of the need to account for inter-individual variability, control for off-target effects, and integrate data from multiple sources.

### Recommendations for the Next Round

1. **Focus on Epigenetic Mechanisms**: Investigate specific epigenetic marks and transcription factors involved in FDXR regulation to better understand epigenetic modulation.

2. **Experimental Validation**: Prioritize experimental validation of stochastic model predictions and nanodosimetric modeling results to ensure their accuracy and relevance.

3. **ROS Production Control**: Use pharmacological inhibitors of mitochondrial ROS production to examine the role of ROS in FDXR regulation more closely.

4. **Systems Biology Integration**: Continue to apply systems biology approaches to integrate data from multiple sources and identify key regulatory nodes and pathways.

5. **Interdisciplinary Collaboration**: Encourage collaboration across disciplines (e.g., epigenetics, biophysics, biochemistry) to comprehensively understand FDXR radiation sensitivity.

By addressing these recommendations, the next round of idea generation and refinement can further elucidate the mechanisms of FDXR radiation sensitivity and contribute to a deeper understanding of radiation response in biological systems.

================================================================================
TIMESTAMP: 2025-05-21 10:45:11
PHASE: Tournament Results, ELO SCORE: 1053.0
UNIQUE_ID: 1c2bc1c3-6e00c7fc
================================================================================

Tournament Summary

Final ELO Rating: 1053.0

Vector scores by criterion:
Empirical Support        : 5.0
Theoretical Coherence    : 5.0
Explanatory Power        : 5.0
Predictive Capability    : 5.0
Falsifiability           : 5.0
Parsimony                : 5.0
Generalizability         : 5.0
Methodological Rigor     : 5.0
Innovation               : 5.0
Problem-Solving Utility  : 5.0
Interdisciplinary Impact : 5.0
Ethical Considerations   : 5.0
Scalability              : 5.0
Replicability            : 5.0
Theoretical Foundation   : 5.0
Technological Feasibility: 5.0
Risk Assessment          : 5.0
Sustainability           : 5.0
Societal Relevance       : 5.0
Future Research Potential: 5.0

Matchup Results (10 matches):

Vs. Idea 17 (ELO: 1196.1)
Result: Lost
Score: 0.292

Vs. Idea 7 (ELO: 1185.8)
Result: Lost
Score: 0.273

Vs. Idea 26 (ELO: 1256.4)
Result: Lost
Score: 0.237

Vs. Idea 2 (ELO: 1198.4)
Result: Lost
Score: 0.292

Vs. Idea 1 (ELO: 1251.9)
Result: Lost
Score: 0.240

Vs. Idea 16 (ELO: 1202.5)
Result: Lost
Score: 0.270

Vs. Idea 14 (ELO: 1264.3)
Result: Lost
Score: 0.240

Vs. Idea 23 (ELO: 1273.6)
Result: Lost
Score: 0.239

Vs. Idea 27 (ELO: 1230.5)
Result: Lost
Score: 0.240

Vs. Idea 5 (ELO: 1193.2)
Result: Lost
Score: 0.275


================================================================================
TIMESTAMP: 2025-05-21 10:45:11
PHASE: Final Tournament Results, ELO SCORE: 1219.5
UNIQUE_ID: e877de2c-7974ae1d
================================================================================

## Final Tournament Results

**Final ELO Rating:** 1219.5

**Rank:** 12 out of 35

### Rankings Context

| Rank | Idea | ELO Rating |
|---:|---|---:|
| 1 | 3**: This idea performs well across scientific eva... | 1289.9 |
| 2 | , we will use a combination of epigenetic editing ... | 1280.2 |
| 3 | The radiation sensitivity of FDXR can be explained... | 1273.6 |
| 4 | Mitochondrial reactive oxygen species (ROS) play a... | 1265.8 |
| 5 | , we will use a combination of biochemical assays ... | 1264.3 |
| **12** | **This idea** | **1219.5** |

### This Idea

**Title**: Develop a stochastic model of radiation-induced FD...

**Approach**: Develop a stochastic model of radiation-induced FDXR activation using Monte Carlo simulations and experimental data.



