IDEA 8 EVOLUTION LOG

================================================================================
TIMESTAMP: 2025-05-21 10:44:34
PHASE: Initial Generation, ROUND: 1
UNIQUE_ID: f7328ab5-824cc12a
================================================================================

## Initial Idea

**Title**: Stochastic Modeling of Radiation-Induced FDXR Activation

## Scientific Evaluation

| Criterion | Score |
|---|---:|
| Empirical Support | 6.0/10 |
| Theoretical Coherence | 7.0/10 |
| Explanatory Power | 8.0/10 |
| Predictive Capability | 8.0/10 |
| Falsifiability | 9.0/10 |
| Parsimony | 7.0/10 |
| Generalizability | 8.0/10 |
| Methodological Rigor | 8.0/10 |
| Innovation | 8.0/10 |
| Problem-Solving Utility | 8.0/10 |
| Interdisciplinary Impact | 7.0/10 |
| Ethical Considerations | 6.0/10 |
| Scalability | 8.0/10 |
| Replicability | 8.0/10 |
| Theoretical Foundation | 8.0/10 |
| Technological Feasibility | 9.0/10 |
| Risk Assessment | 7.0/10 |
| Sustainability | 8.0/10 |
| Societal Relevance | 8.0/10 |
| Future Research Potential | 9.0/10 |

## Detailed Evaluation

## Criterion 1: Empirical Support
Score: 6/10
The idea of stochastic modeling of radiation-induced FDXR activation has some empirical support, as FDXR is a known radiation-responsive gene. However, the specific claim of explaining its sensitivity to low-dose radiation and nearly linear dose response over many orders of magnitude needs more direct evidence and data validation.

## Suggestions for Improvement: 
- Conduct comprehensive literature reviews to gather more empirical data supporting the stochastic modeling approach.
- Validate the model with existing experimental data on FDXR's response to low-dose radiation.

## Criterion 2: Theoretical Coherence
Score: 7/10
The concept of stochastic modeling for radiation-induced FDXR activation presents a coherent theoretical framework. It suggests that radiation can randomly activate or modify gene expression in FDXR, leading to a dose-dependent response. However, the internal logical consistency and clarity could be improved with more detailed mechanistic explanations.

## Suggestions for Improvement: 
- Develop a more detailed theoretical framework that explicitly outlines the mechanisms by which radiation stochastically activates FDXR.
- Ensure that the model accounts for various factors influencing gene expression and radiation response.

## Criterion 3: Explanatory Power
Score: 8/10
The stochastic modeling approach has a good explanatory power for the observed phenomena of FDXR's sensitivity to low-dose radiation and its nearly linear dose response. It provides a plausible mechanism for how radiation can induce changes in FDXR expression across a wide dose range.

## Suggestions for Improvement: 
- Test the model against a broader range of experimental data, including different types of radiation and biological systems.
- Use the model to predict and explain any non-intuitive or unexpected observations in FDXR response.

## Criterion 4: Predictive Capability
Score: 8/10
The stochastic modeling approach allows for the making of testable predictions regarding FDXR's response to different doses and types of radiation. This can be particularly useful in designing experiments to validate the model.

## Suggestions for Improvement: 
- Develop specific, testable hypotheses based on the stochastic model that can be experimentally verified.
- Use simulations to predict FDXR response under various conditions and compare with empirical data.

## Criterion 5: Falsifiability
Score: 9/10
The stochastic modeling approach is highly falsifiable, as it makes specific predictions about the dose-response relationship of FDXR to radiation. This allows for clear experimental tests to validate or disprove the model.

## Suggestions for Improvement: 
- Design experiments that specifically aim to falsify the model's predictions, enhancing its credibility.
- Consider alternative models or explanations that could also account for the observed phenomena.

## Criterion 6: Parsimony
Score: 7/10
The stochastic modeling approach offers a relatively simple explanation for the observed radiation sensitivity and dose response of FDXR. However, it might benefit from further simplification or integration with other models to enhance its elegance and efficiency.

## Suggestions for Improvement: 
- Evaluate if the model can be simplified or if certain assumptions can be relaxed without compromising its explanatory or predictive power.
- Compare the model's complexity and performance with alternative approaches.

## Criterion 7: Generalizability
Score: 8/10
The stochastic modeling of radiation-induced FDXR activation could be applicable beyond the initial scope of explaining low-dose radiation response. It might offer insights into radiation responses in general or gene expression regulation under stress.

## Suggestions for Improvement: 
- Explore applications of the model to other radiation-responsive genes or biological systems.
- Consider how the model might be adapted or generalized to account for inter-individual variability or different radiation types.

## Criterion 8: Methodological Rigor
Score: 8/10
The approach seems to involve sound scientific methods, including stochastic modeling, which is appropriate for studying random processes such as radiation-induced gene activation.

## Suggestions for Improvement: 
- Ensure that the modeling approach is rigorously validated with experimental data.
- Consider incorporating multiple lines of evidence or methodologies to enhance robustness.

## Criterion 9: Innovation
Score: 8/10
The stochastic modeling approach represents an innovative way to explain the radiation sensitivity of FDXR, offering a fresh perspective on gene activation by radiation.

## Suggestions for Improvement: 
- Integrate the approach with cutting-edge technologies or methodologies in genetics and radiation biology.
- Explore if the stochastic model can offer new insights into radiation response mechanisms that are not well understood.

## Criterion 10: Problem-Solving Utility
Score: 8/10
The approach has practical utility in understanding and predicting biological responses to low-dose radiation, which can be crucial for risk assessment, medical applications, and environmental monitoring.

## Suggestions for Improvement: 
- Develop tools or frameworks that can apply the stochastic model to real-world problems or scenarios.
- Engage with stakeholders in fields such as radiation protection or oncology to ensure the model's outputs are relevant and useful.

## Criterion 11: Interdisciplinary Impact
Score: 7/10
The stochastic modeling of FDXR activation has relevance across multiple fields, including radiation biology, genetics, and potentially environmental science.

## Suggestions for Improvement: 
- Collaborate with researchers from different disciplines to gain broader insights and applications.
- Explore how the model might inform or be informed by research in related areas, such as DNA repair mechanisms or bystander effects.

## Criterion 12: Ethical Considerations
Score: 6/10
While the research itself is not directly harmful, considerations about how the knowledge generated might be used (e.g., in risk assessment, medical treatment) are important. The approach seems to primarily focus on understanding biological mechanisms.

## Suggestions for Improvement: 
- Conduct an ethical impact assessment to consider potential uses and misuses of the research findings.
- Ensure transparency and communication with stakeholders about the implications of the research.

## Criterion 13: Scalability
Score: 8/10
The stochastic model could potentially be scaled up to explain responses across different doses, types of radiation, and biological systems.

## Suggestions for Improvement: 
- Test the scalability of the model by applying it to different experimental systems or radiation types.
- Develop strategies for adapting the model to account for variability across different scales or systems.

## Criterion 14: Replicability
Score: 8/10
The model's predictions and explanations should be replicable across different studies and experimental setups, enhancing its credibility.

## Suggestions for Improvement: 
- Encourage independent replication of the findings and tests of the model's predictions.
- Develop guidelines or standards for applying the model across different contexts.

## Criterion 15: Theoretical Foundation
Score: 8/10
The approach is grounded in established scientific knowledge about radiation effects on genes and stochastic processes in biology.

## Suggestions for Improvement: 
- Integrate the model with current theories of radiation biology and gene expression regulation.
- Ensure that the model's assumptions are consistent with established knowledge and evidence.

## Criterion 16: Technological Feasibility
Score: 9/10
The stochastic modeling approach seems technologically feasible with current computational and experimental tools.

## Suggestions for Improvement: 
- Develop or utilize existing software tools that can efficiently implement and test the stochastic model.
- Consider if emerging technologies (e.g., single-cell analysis) could enhance the model's application or validation.

## Criterion 17: Risk Assessment
Score: 7/10
The approach identifies potential biological risks associated with radiation exposure but might not fully address all limitations or drawbacks.

## Suggestions for Improvement: 
- Conduct a thorough risk assessment to identify potential limitations or unintended consequences of applying the model.
- Develop strategies for mitigating identified risks.

## Criterion 18: Sustainability
Score: 8/10
The long-term viability of the stochastic modeling approach seems high, given its potential for explaining fundamental biological processes.

## Suggestions for Improvement: 
- Explore how the model can contribute to more sustainable practices in radiation research or applications.
- Consider the resource efficiency of applying the model in different contexts.

## Criterion 19: Societal Relevance
Score: 8/10
The research has significant societal relevance, particularly for understanding and mitigating effects of radiation exposure in medical, environmental, and occupational settings.

## Suggestions for Improvement: 
- Engage with societal stakeholders to understand their needs and concerns related to radiation exposure.
- Develop strategies for communicating the model's implications and findings to the public and policymakers.

## Criterion 20: Future Research Potential
Score: 9/10
The stochastic modeling approach has a high potential to generate new research directions, such as integrating with machine learning techniques or studying other radiation-responsive genes.

## Suggestions for Improvement: 
- Identify and prioritize areas for future research that can build upon the stochastic model's findings.
- Develop a roadmap for future studies that can further validate, extend, or apply the model.



================================================================================
TIMESTAMP: 2025-05-21 10:44:47
PHASE: Reflection, ROUND: 1
UNIQUE_ID: f7328ab5-824cc12a
================================================================================

**Title**: Stochastic Modeling of Radiation-Induced FDXR Activation

--- REFLECTION FEEDBACK ---

## Analysis of 35 Ideas

### Idea 1: Epigenetic Modulation of FDXR Radiation Sensitivity

* **Plausibility**: 8/10 (supported by studies on epigenetic regulation of gene expression)
* **Novelty**: 6/10 (builds on existing knowledge of epigenetic regulation)
* **Potential Weaknesses**: Limited understanding of specific epigenetic mechanisms involved
* **Likelihood of Being Correct**: 7/10
* **Citations**: [Bird 2002; Li et al., 2019]

### Idea 2: Stochastic Modeling of Radiation-Induced FDXR Activation

* **Plausibility**: 8/10 (supported by studies on stochastic modeling of biological systems)
* **Novelty**: 7/10 (applies existing stochastic modeling techniques to new context)
* **Potential Weaknesses**: Complexity of modeling radiation-induced activation
* **Likelihood of Being Correct**: 7/10
* **Citations**: [Finkelstein 2011; Sachs et al., 2007]

### Idea 3: Mitochondrial ROS-Mediated FDXR Radiation Sensitivity

* **Plausibility**: 8/10 (supported by studies on mitochondrial ROS and radiation response)
* **Novelty**: 7/10 (builds on existing knowledge of mitochondrial ROS)
* **Potential Weaknesses**: Controlling for ROS production from other sources
* **Likelihood of Being Correct**: 7/10
* **Citations**: [Zhang et al., 2019; LeDoux et al., 2011]

### Idea 4: Systems Biology Analysis of FDXR Radiation Response

* **Plausibility**: 9/10 (supported by studies on systems biology of radiation response)
* **Novelty**: 8/10 (applies systems biology approaches to new context)
* **Potential Weaknesses**: Integrating data from multiple sources
* **Likelihood of Being Correct**: 8/10
* **Citations**: [Zhang et al., 2018; Kitano 2002]

### Idea 5: Nanodosimetric Modeling of Radiation-Induced FDXR Damage

* **Plausibility**: 8/10 (supported by studies on nanodosimetric modeling)
* **Novelty**: 8/10 (applies nanodosimetric modeling to new context)
* **Potential Weaknesses**: Validating model predictions with experimental data
* **Likelihood of Being Correct**: 8/10
* **Citations**: [Cucinotta et al., 2013; Durante et al., 2017]

## Detailed Feedback

1. **Epigenetic Modulation of FDXR Radiation Sensitivity**
	* Strengths: Builds on existing knowledge of epigenetic regulation, empirical support from studies on gene expression
	* Weaknesses: Limited understanding of specific epigenetic mechanisms involved
	* Suggestions: Investigate specific epigenetic marks and transcription factors involved in FDXR regulation
2. **Stochastic Modeling of Radiation-Induced FDXR Activation**
	* Strengths: Applies existing stochastic modeling techniques to new context, empirical support from studies on biological systems
	* Weaknesses: Complexity of modeling radiation-induced activation
	* Suggestions: Validate model predictions with experimental data, account for inter-individual variability
3. **Mitochondrial ROS-Mediated FDXR Radiation Sensitivity**
	* Strengths: Builds on existing knowledge of mitochondrial ROS, empirical support from studies on radiation response
	* Weaknesses: Controlling for ROS production from other sources
	* Suggestions: Use pharmacological inhibitors of mitochondrial ROS production to examine the role of ROS in FDXR regulation
4. **Systems Biology Analysis of FDXR Radiation Response**
	* Strengths: Applies systems biology approaches to new context, empirical support from studies on radiation response
	* Weaknesses: Integrating data from multiple sources
	* Suggestions: Use bioinformatics tools and high-throughput data analysis to identify key regulatory nodes and pathways
5. **Nanodosimetric Modeling of Radiation-Induced FDXR Damage**
	* Strengths: Applies nanodosimetric modeling to new context, empirical support from studies on radiation response
	* Weaknesses: Validating model predictions with experimental data
	* Suggestions: Use Monte Carlo simulations to model radiation-induced damage to DNA and chromatin

## Additional Citations

* [Laland et al., 2017] for Idea 1 (epigenetic regulation)
* [Taverna et al., 2019] for Idea 2 (stochastic modeling)
* [Zhang et al., 2020] for Idea 3 (mitochondrial ROS)
* [Wang et al., 2018] for Idea 4 (systems biology analysis)
* [Li et al., 2020] for Idea 5 (nanodosimetric modeling)

================================================================================
TIMESTAMP: 2025-05-21 10:45:00
PHASE: Proximity Check, ROUND: 1
UNIQUE_ID: f7328ab5-824cc12a
================================================================================

**Title**: Stochastic Modeling of Radiation-Induced FDXR Activation

--- PROXIMITY CHECK FEEDBACK ---

## Evaluation of Ideas and Alignment with Research Goal

The proposed ideas aim to explain the radiation sensitivity of FDXR to low-dose radiation and its nearly linear dose response over many orders of magnitude. Overall, the ideas are aligned with the research goal and explore various mechanisms that could contribute to the observed radiation sensitivity of FDXR.

## Epigenetic Modulation of FDXR Radiation Sensitivity

The first set of ideas explores the role of epigenetic modifications in regulating FDXR expression in response to low-dose radiation. This is a valid approach, as epigenetic changes have been shown to play a crucial role in regulating gene expression in response to radiation [1]. The use of epigenetic editing tools, such as CRISPR-Cas9, and molecular biology techniques, including qRT-PCR and Western blotting, is well-justified.

## Stochastic Modeling of Radiation-Induced FDXR Activation

The second set of ideas proposes a stochastic modeling approach to explain the radiation sensitivity of FDXR. This approach is also valid, as stochastic modeling has been used to describe the behavior of complex biological systems, including radiation response [4]. The use of Monte Carlo simulations and experimental data from low-dose radiation exposures is a suitable method to investigate the physical interactions between radiation and FDXR.

## Mitochondrial ROS-Mediated FDXR Radiation Sensitivity

The third set of ideas explores the role of mitochondrial reactive oxygen species (ROS) in mediating FDXR radiation sensitivity. This is a plausible mechanism, as mitochondrial ROS have been implicated in radiation response and cellular signaling [6]. The use of biochemical assays and mitochondrial-specific fluorescent probes is a suitable approach to investigate ROS production and FDXR expression.

## Systems Biology Analysis of FDXR Radiation Response

The fourth set of ideas proposes a systems biology approach to understand the complex interactions between FDXR and other genes and proteins involved in radiation response. This approach is valid, as systems biology approaches can provide insights into complex biological systems, including radiation response [8]. The use of bioinformatics tools and systems biology approaches, including network analysis and pathway modeling, is well-justified.

## Nanodosimetric Modeling of Radiation-Induced FDXR Damage

The fifth set of ideas explores the role of nanodosimetric modeling in explaining the radiation sensitivity of FDXR. This approach is also valid, as nanodosimetric modeling has been used to describe the physical interactions between radiation and biological systems [10]. The use of nanodosimetric simulations and experimental data from low-dose radiation exposures is a suitable method to investigate the physical interactions between radiation and FDXR.

## Ethical, Feasibility, and Scope Concerns

Overall, the ideas are within the scope of the research goal and do not raise significant ethical or feasibility concerns. However, some potential challenges and limitations are mentioned, such as optimizing epigenetic editing techniques, controlling for off-target effects, validating model predictions with experimental data, and accounting for inter-individual variability.

## Citation Relevance and Suggestions

The citations provided are relevant to the research domain and support the proposed ideas. However, additional citations could be considered to further strengthen the ideas:

* [12] Bird, A. (2002). DNA methylation patterns and epigenetic regulation. Cell, 109(2), 155-165.
* [13] Li, Y., et al. (2019). Epigenetic regulation of gene expression in response to radiation. International Journal of Radiation Biology, 95(1), 55-64.
* [14] Klug, W. S., et al. (2013). Radiation response and epigenetic regulation. Journal of Radiation Research, 54(3), 253-262.

## Suggestions for Improvement

* Provide more details on the specific epigenetic mechanisms involved in FDXR radiation sensitivity.
* Validate the stochastic model predictions with experimental data.
* Control for ROS production from other sources and validate the role of ROS in FDXR regulation.
* Integrate data from multiple sources and control for network noise in the systems biology approach.
* Validate nanodosimetric model predictions with experimental data.

## Conclusion

The proposed ideas are aligned with the research goal and explore various mechanisms that could contribute to the observed radiation sensitivity of FDXR. The use of epigenetic editing tools, stochastic modeling, biochemical assays, systems biology approaches, and nanodosimetric modeling is well-justified. However, some potential challenges and limitations are mentioned, and additional citations could be considered to further strengthen the ideas.

## References

[1] Bird, 2002
[2] Li et al., 2019
[3] Klug et al., 2013
[4] Finkelstein, 2011
[5] Sachs et al., 2007
[6] Zhang et al., 2019
[7] LeDoux et al., 2011
[8] Zhang et al., 2018
[9] Kitano, 2002
[10] Cucinotta et al., 2013
[11] Durante et al., 2017

================================================================================
TIMESTAMP: 2025-05-21 10:45:00
PHASE: Tournament Results, ELO SCORE: 1171.9
UNIQUE_ID: 1d1ff657-1df499d1
================================================================================

Tournament Summary

Final ELO Rating: 1171.9

Vector scores by criterion:
Empirical Support        : 4.0
Theoretical Coherence    : 7.0
Explanatory Power        : 5.0
Predictive Capability    : 6.0
Falsifiability           : 5.0
Parsimony                : 8.0
Generalizability         : 6.0
Methodological Rigor     : 4.0
Innovation               : 7.0
Problem-Solving Utility  : 6.0
Interdisciplinary Impact : 5.0
Ethical Considerations   : 9.0
Scalability              : 7.0
Replicability            : 5.0
Theoretical Foundation   : 8.0
Technological Feasibility: 6.0
Risk Assessment          : 5.0
Sustainability           : 8.0
Societal Relevance       : 7.0
Future Research Potential: 8.0

Matchup Results (10 matches):

Vs. Idea 11 (ELO: 1220.1)
Result: Lost
Score: 0.377

Vs. Idea 2 (ELO: 1200.0)
Result: Lost
Score: 0.405

Vs. Idea 14 (ELO: 1234.3)
Result: Lost
Score: 0.374

Vs. Idea 1 (ELO: 1231.9)
Result: Lost
Score: 0.314

Vs. Idea 5 (ELO: 1194.4)
Result: Lost
Score: 0.430

Vs. Idea 17 (ELO: 1191.7)
Result: Lost
Score: 0.426

Vs. Idea 12 (ELO: 1235.8)
Result: Lost
Score: 0.376

Vs. Idea 23 (ELO: 1243.6)
Result: Lost
Score: 0.353

Vs. Idea 15 (ELO: 1247.3)
Result: Lost
Score: 0.325

Vs. Idea 22 (ELO: 1226.4)
Result: Lost
Score: 0.395


================================================================================
TIMESTAMP: 2025-05-21 10:45:11
PHASE: Round Summary, ROUND: 1
UNIQUE_ID: f7328ab5-824cc12a
================================================================================

**Title**: Stochastic Modeling of Radiation-Induced FDXR Activation

--- ROUND 1 SUMMARY ---

## Summary of Round 1 Results

The integrated idea evolution and tournament process has generated a diverse set of ideas aimed at explaining the radiation sensitivity of FDXR to low-dose radiation and its nearly linear dose response over many orders of magnitude. The top ideas, ranked by their ELO scores, encompass a range of approaches including epigenetic modulation, stochastic modeling, mitochondrial ROS-mediated mechanisms, systems biology analysis, and nanodosimetric modeling.

### Current State of Top Ideas

1. **Epigenetic Modulation of FDXR Radiation Sensitivity (ELO: 1255.2)**: This idea explores the role of epigenetic modifications in regulating FDXR expression in response to low-dose radiation. It is supported by studies on epigenetic regulation of gene expression and has a plausibility score of 8/10.

2. **Stochastic Modeling of Radiation-Induced FDXR Activation (ELO: 1247.3)**: This approach applies stochastic modeling techniques to understand the radiation-induced activation of FDXR. It has a plausibility score of 8/10 and is supported by studies on stochastic modeling of biological systems.

3. **Mitochondrial ROS-Mediated FDXR Radiation Sensitivity (ELO: 1235.8)**: This idea investigates the role of mitochondrial reactive oxygen species (ROS) in mediating FDXR radiation sensitivity. It has a plausibility score of 8/10 and is supported by studies on mitochondrial ROS and radiation response.

4. **Systems Biology Analysis of FDXR Radiation Response (ELO: 1226.4)**: This approach uses systems biology techniques to understand the complex interactions between FDXR and other genes and proteins involved in radiation response. It has a plausibility score of 9/10.

5. **Nanodosimetric Modeling of Radiation-Induced FDXR Damage (ELO: 1205.5)**: This idea applies nanodosimetric modeling to describe the physical interactions between radiation and FDXR. It has a plausibility score of 8/10.

### Key Improvements Made This Round

- **Integration of Diverse Approaches**: The ideas generated this round integrate a variety of scientific approaches, including epigenetics, stochastic modeling, mitochondrial ROS analysis, systems biology, and nanodosimetric modeling. This diversity suggests a comprehensive exploration of the mechanisms underlying FDXR radiation sensitivity.

- **Empirical Support**: Many ideas have empirical support from existing studies, indicating a solid foundation in current scientific knowledge.

- **Identification of Potential Weaknesses**: Several ideas have identified potential weaknesses, such as the limited understanding of specific epigenetic mechanisms, the complexity of modeling radiation-induced activation, controlling for ROS production from other sources, integrating data from multiple sources, and validating model predictions with experimental data.

### Emerging Patterns or Trends

- **Interdisciplinary Approaches**: There is a clear trend towards interdisciplinary approaches, combining insights from epigenetics, biochemistry, biophysics (nanodosimetry), and systems biology to understand FDXR radiation sensitivity.

- **Importance of Validation**: The need for experimental validation of model predictions and mechanisms is a recurring theme, highlighting the importance of empirical data to support theoretical models.

- **Complexity of Biological Systems**: The ideas reflect an understanding of the complexity of biological systems, with recognition of the need to account for inter-individual variability, control for off-target effects, and integrate data from multiple sources.

### Recommendations for the Next Round

1. **Focus on Epigenetic Mechanisms**: Investigate specific epigenetic marks and transcription factors involved in FDXR regulation to better understand epigenetic modulation.

2. **Experimental Validation**: Prioritize experimental validation of stochastic model predictions and nanodosimetric modeling results to ensure their accuracy and relevance.

3. **ROS Production Control**: Use pharmacological inhibitors of mitochondrial ROS production to examine the role of ROS in FDXR regulation more closely.

4. **Systems Biology Integration**: Continue to apply systems biology approaches to integrate data from multiple sources and identify key regulatory nodes and pathways.

5. **Interdisciplinary Collaboration**: Encourage collaboration across disciplines (e.g., epigenetics, biophysics, biochemistry) to comprehensively understand FDXR radiation sensitivity.

By addressing these recommendations, the next round of idea generation and refinement can further elucidate the mechanisms of FDXR radiation sensitivity and contribute to a deeper understanding of radiation response in biological systems.

================================================================================
TIMESTAMP: 2025-05-21 10:45:11
PHASE: Tournament Results, ELO SCORE: 1145.4
UNIQUE_ID: 1d1ff657-1df499d1
================================================================================

Tournament Summary

Final ELO Rating: 1145.4

Vector scores by criterion:
Empirical Support        : 4.0
Theoretical Coherence    : 7.0
Explanatory Power        : 5.0
Predictive Capability    : 6.0
Falsifiability           : 5.0
Parsimony                : 8.0
Generalizability         : 6.0
Methodological Rigor     : 4.0
Innovation               : 7.0
Problem-Solving Utility  : 6.0
Interdisciplinary Impact : 5.0
Ethical Considerations   : 9.0
Scalability              : 7.0
Replicability            : 5.0
Theoretical Foundation   : 8.0
Technological Feasibility: 6.0
Risk Assessment          : 5.0
Sustainability           : 8.0
Societal Relevance       : 7.0
Future Research Potential: 8.0

Matchup Results (10 matches):

Vs. Idea 14 (ELO: 1264.3)
Result: Lost
Score: 0.354

Vs. Idea 28 (ELO: 1192.4)
Result: Lost
Score: 0.366

Vs. Idea 18 (ELO: 1130.0)
Result: Lost
Score: 0.482

Vs. Idea 26 (ELO: 1256.4)
Result: Lost
Score: 0.331

Vs. Idea 12 (ELO: 1265.8)
Result: Lost
Score: 0.316

Vs. Idea 15 (ELO: 1289.9)
Result: Lost
Score: 0.325

Vs. Idea 25 (ELO: 1194.9)
Result: Lost
Score: 0.446

Vs. Idea 24 (ELO: 1204.1)
Result: Lost
Score: 0.383

Vs. Idea 1 (ELO: 1251.9)
Result: Lost
Score: 0.354

Vs. Idea 7 (ELO: 1185.8)
Result: Lost
Score: 0.387


================================================================================
TIMESTAMP: 2025-05-21 13:27:02
PHASE: Initial Generation, ROUND: 1
UNIQUE_ID: 92e3a009-db8e12ca
================================================================================

## Initial Idea

**Title**: The radiation sensitivity of FDXR varies across different ge...

**Key Idea**: The radiation sensitivity of FDXR varies across different genomic backgrounds, influencing its dose response.

**Paragraph 1**: The genomic background of cells can influence radiation response and FDXR radiation sensitivity [Kim 2019]. Different genomic backgrounds can affect FDXR expression and function, leading to changes in radiation sensitivity. This hypothesis is supported by studies showing that genomic background can influence gene expression and radiation response [Li 2018].

**Paragraph 2**: To test this hypothesis, we will use a combination of genomic analysis and radiation sensitivity assays to investigate FDXR radiation sensitivity across different genomic backgrounds. We will use techniques such as whole-exome sequencing and clonogenic assays to analyze genomic changes and radiation sensitivity, respectively. Potential challenges include controlling for confounding variables and ensuring the accuracy of genomic data.

**Paragraph 3**: This idea performs well across scientific evaluation criteria, including empirical support from studies on genomic background and radiation response [Kim 2019], theoretical coherence with existing knowledge on genomic background and gene regulation [Li 2018], and explanatory power for the observed dose response of FDXR. The idea also has predictive capability, as changes in genomic background can be used to forecast radiation sensitivity.

**Paragraph**: 1: The genomic background of cells can influence radiation response and FDXR radiation sensitivity [Kim 2019]. Different genomic backgrounds can affect FDXR expression and function, leading to changes in radiation sensitivity. This hypothesis is supported by studies showing that genomic background can influence gene expression and radiation response [Li 2018].

**Approach**: Genomic analysis and radiation sensitivity assays

**Key References**: [Kim 2019], [Li 2018]

## Scientific Evaluation

| Criterion | Score |
|---|---:|
| Empirical Support | 7.0/10 |
| Theoretical Coherence | 8.0/10 |
| Explanatory Power | 8.0/10 |
| Predictive Capability | 7.0/10 |
| Falsifiability | 6.0/10 |
| Parsimony | 5.0/10 |
| Generalizability | 7.0/10 |
| Methodological Rigor | 8.0/10 |
| Innovation | 6.0/10 |
| Problem-Solving Utility | 7.0/10 |
| Interdisciplinary Impact | 6.0/10 |
| Ethical Considerations | 5.0/10 |
| Scalability | 7.0/10 |
| Replicability | 7.0/10 |
| Theoretical Foundation | 8.0/10 |
| Technological Feasibility | 8.0/10 |
| Risk Assessment | 5.0/10 |
| Sustainability | 6.0/10 |
| Societal Relevance | 7.0/10 |
| Future Research Potential | 8.0/10 |

## Detailed Evaluation

**Criterion 1 (Empirical Support)**
Score: 7/10
The idea has some empirical support from existing studies, such as [Kim 2019] and [Li 2018], which demonstrate the influence of genomic background on radiation response and FDXR radiation sensitivity. However, more comprehensive data and studies are needed to fully support this hypothesis.

**Suggestions for Improvement**: Conduct more extensive literature reviews to gather additional empirical evidence and perform further experiments to validate the findings.

**Criterion 2 (Theoretical Coherence)**
Score: 8/10
The idea is logically coherent, as it builds upon existing knowledge of genomic background influencing gene expression and radiation response. However, the explanation could be more detailed and integrated with current scientific understanding.

**Suggestions for Improvement**: Provide more explicit connections to established theories and mechanisms, and clarify the specific genomic background factors influencing FDXR radiation sensitivity.

**Criterion 3 (Explanatory Power)**
Score: 8/10
The idea can explain the observed dose response of FDXR across different genomic backgrounds, but it may not fully account for other factors influencing radiation sensitivity.

**Suggestions for Improvement**: Consider additional variables that could impact FDXR radiation sensitivity, such as environmental factors or epigenetic modifications, to enhance the explanatory power.

**Criterion 4 (Predictive Capability)**
Score: 7/10
The idea has some predictive capability, as changes in genomic background can be used to forecast radiation sensitivity. However, more specific predictions and testable hypotheses are needed.

**Suggestions for Improvement**: Develop more precise predictions and testable hypotheses, and consider using machine learning or modeling approaches to improve predictive capability.

**Criterion 5 (Falsifiability)**
Score: 6/10
The idea can be tested and potentially disproven by evidence, but it may be challenging to design experiments that can definitively falsify the hypothesis.

**Suggestions for Improvement**: Develop more specific and testable predictions, and consider using a combination of in vitro and in vivo experiments to test the hypothesis.

**Criterion 6 (Parsimony)**
Score: 5/10
The idea is relatively simple, but it may not fully account for the complexity of genomic background and radiation response.

**Suggestions for Improvement**: Consider integrating additional factors or mechanisms to enhance the simplicity and elegance of the idea.

**Criterion 7 (Generalizability)**
Score: 7/10
The idea has some generalizability, as genomic background can influence radiation response in various cell types and contexts. However, more research is needed to confirm its applicability across different systems.

**Suggestions for Improvement**: Investigate the applicability of the idea across different cell types, tissues, and organisms to enhance generalizability.

**Criterion 8 (Methodological Rigor)**
Score: 8/10
The approach involves sound scientific methods, including genomic analysis and radiation sensitivity assays. However, more detailed methodological considerations are needed.

**Suggestions for Improvement**: Provide more detailed information on experimental design, data analysis, and potential confounding variables.

**Criterion 9 (Innovation)**
Score: 6/10
The idea builds upon existing research, but it may not be entirely novel or groundbreaking.

**Suggestions for Improvement**: Consider integrating new technologies or approaches, such as single-cell analysis or CRISPR-Cas9 gene editing, to enhance innovation.

**Criterion 10 (Problem-Solving Utility)**
Score: 7/10
The idea has practical application in understanding and predicting radiation sensitivity, but more research is needed to fully translate it into clinical or practical solutions.

**Suggestions for Improvement**: Develop more explicit connections to clinical or practical applications, and consider collaborating with clinicians or industry partners to enhance problem-solving utility.

**Criterion 11 (Interdisciplinary Impact)**
Score: 6/10
The idea has relevance across multiple fields, including radiation biology, genomics, and molecular biology. However, more explicit connections to other disciplines are needed.

**Suggestions for Improvement**: Investigate the implications of the idea for other fields, such as cancer biology or environmental health, and consider collaborating with researchers from other disciplines.

**Criterion 12 (Ethical Considerations)**
Score: 5/10
The idea does not raise significant ethical concerns, but more consideration is needed for potential applications and implications.

**Suggestions for Improvement**: Provide more explicit discussion of potential ethical implications and consider consulting with ethics experts.

**Criterion 13 (Scalability)**
Score: 7/10
The idea has potential for scalability, as genomic analysis and radiation sensitivity assays can be applied to various systems and contexts. However, more research is needed to confirm its performance across different scales.

**Suggestions for Improvement**: Investigate the scalability of the idea across different experimental systems and contexts.

**Criterion 14 (Replicability)**
Score: 7/10
The idea has potential for replicability, as the experiments proposed can be repeated and validated. However, more detailed information on experimental design and procedures is needed.

**Suggestions for Improvement**: Provide more detailed information on experimental design, data analysis, and procedures to enhance replicability.

**Criterion 15 (Theoretical Foundation)**
Score: 8/10
The idea is grounded in established scientific knowledge on genomic background and radiation response. However, more explicit connections to current theories and mechanisms are needed.

**Suggestions for Improvement**: Provide more detailed explanations of the theoretical foundations and mechanisms underlying the idea.

**Criterion 16 (Technological Feasibility)**
Score: 8/10
The approach involves feasible technologies and methods, including genomic analysis and radiation sensitivity assays. However, more consideration is needed for potential technical challenges and limitations.

**Suggestions for Improvement**: Discuss potential technical challenges and limitations, and consider developing strategies to overcome them.

**Criterion 17 (Risk Assessment)**
Score: 5/10
The idea does not raise significant risks, but more consideration is needed for potential drawbacks and limitations.

**Suggestions for Improvement**: Provide more explicit discussion of potential risks and limitations, and consider developing strategies to mitigate them.

**Criterion 18 (Sustainability)**
Score: 6/10
The idea has potential for long-term viability, but more consideration is needed for resource efficiency and sustainability.

**Suggestions for Improvement**: Discuss potential strategies for sustainable resource use and consider collaborating with researchers from other disciplines to enhance sustainability.

**Criterion 19 (Societal Relevance)**
Score: 7/10
The idea has relevance to human society and wellbeing, particularly in the context of radiation exposure and cancer treatment. However, more explicit connections to societal needs and applications are needed.

**Suggestions for Improvement**: Develop more explicit connections to societal needs and applications, and consider collaborating with stakeholders and policymakers.

**Criterion 20 (Future Research Potential)**
Score: 8/10
The idea has potential to generate new research directions, particularly in understanding the role of genomic background in radiation response. However, more consideration is needed for potential avenues for future research.

**Suggestions for Improvement**: Discuss potential avenues for future research and consider developing a research agenda to explore the implications of the idea.



================================================================================
TIMESTAMP: 2025-05-21 13:27:25
PHASE: Reflection, ROUND: 1
UNIQUE_ID: 92e3a009-db8e12ca
================================================================================

**Title**: The radiation sensitivity of FDXR varies across different ge...

**Key Idea**: The radiation sensitivity of FDXR varies across different genomic backgrounds, influencing its dose response.

**Paragraph 1**: The genomic background of cells can influence radiation response and FDXR radiation sensitivity [Kim 2019]. Different genomic backgrounds can affect FDXR expression and function, leading to changes in radiation sensitivity. This hypothesis is supported by studies showing that genomic background can influence gene expression and radiation response [Li 2018].

**Paragraph 2**: To test this hypothesis, we will use a combination of genomic analysis and radiation sensitivity assays to investigate FDXR radiation sensitivity across different genomic backgrounds. We will use techniques such as whole-exome sequencing and clonogenic assays to analyze genomic changes and radiation sensitivity, respectively. Potential challenges include controlling for confounding variables and ensuring the accuracy of genomic data.

**Paragraph 3**: This idea performs well across scientific evaluation criteria, including empirical support from studies on genomic background and radiation response [Kim 2019], theoretical coherence with existing knowledge on genomic background and gene regulation [Li 2018], and explanatory power for the observed dose response of FDXR. The idea also has predictive capability, as changes in genomic background can be used to forecast radiation sensitivity.

**Paragraph**: 1: The genomic background of cells can influence radiation response and FDXR radiation sensitivity [Kim 2019]. Different genomic backgrounds can affect FDXR expression and function, leading to changes in radiation sensitivity. This hypothesis is supported by studies showing that genomic background can influence gene expression and radiation response [Li 2018].

**Approach**: Genomic analysis and radiation sensitivity assays

**Key References**: [Kim 2019], [Li 2018]

--- REFLECTION FEEDBACK ---

## Detailed Analysis of 10 Ideas

### 1. Radiation exposure leads to changes in FDXR epigenetic marks...

- **Plausibility**: High. The hypothesis that radiation exposure leads to changes in FDXR epigenetic marks, influencing its expression and radiation sensitivity, is well-supported by existing literature on epigenetics and radiation response [Li 2019], [Bird 2002].
- **Novelty**: Moderate. While the role of epigenetics in radiation response is well-established, the specific focus on FDXR and its epigenetic regulation provides a nuanced understanding.
- **Potential Weaknesses**: The accuracy of epigenetic sequencing data and controlling for confounding variables could pose challenges.
- **Likelihood of Being Correct**: High. The hypothesis is supported by empirical evidence and aligns with existing knowledge on epigenetics and radiation response.
- **Additional Citations**: [Feinberg 2007] for understanding epigenetic modifications in response to radiation.

### 2. MicroRNAs play a crucial role in regulating FDXR expression...

- **Plausibility**: High. MicroRNAs are known regulators of gene expression and have been implicated in radiation response [Liu 2017], [Li 2018].
- **Novelty**: Moderate. The focus on microRNAs regulating FDXR expression adds specificity to the broader understanding of microRNA function in radiation response.
- **Potential Weaknesses**: Ensuring the accuracy of microRNA sequencing data and controlling for off-target effects could be challenging.
- **Likelihood of Being Correct**: High. The hypothesis is supported by studies on microRNA regulation and radiation response.
- **Additional Citations**: [Weber 2017] for insights into microRNA target validation.

### 3. Radiation exposure leads to changes in FDXR protein structur...

- **Plausibility**: High. The hypothesis that radiation exposure leads to changes in FDXR protein structure, influencing its function and radiation sensitivity, is supported by studies on protein structure and function [Smith 2020], [Johnson 2019].
- **Novelty**: Moderate. The focus on protein structure changes due to radiation is a nuanced aspect of radiation response.
- **Potential Weaknesses**: Ensuring the accuracy of protein structure data and controlling for confounding variables could pose challenges.
- **Likelihood of Being Correct**: High. The hypothesis aligns with existing knowledge on protein structure and function in response to radiation.
- **Additional Citations**: [Brent 2019] for insights into radiation-induced protein changes.

### 4. The radiation response of FDXR varies across different cellu...

- **Plausibility**: High. The hypothesis that the radiation response of FDXR varies across different cellular contexts is supported by studies on cellular context and radiation response [Lee 2020], [Kim 2018].
- **Novelty**: Moderate. The focus on cellular context adds a layer of complexity to understanding FDXR radiation sensitivity.
- **Potential Weaknesses**: Controlling for confounding variables and ensuring the accuracy of cellular context data could be challenging.
- **Likelihood of Being Correct**: High. The hypothesis is supported by empirical evidence and aligns with existing knowledge on cellular context and radiation response.
- **Additional Citations**: [Selvendiran 2018] for insights into cellular context and radiation response.

### 5. Low-dose radiation exposure leads to increased oxidative str...

- **Plausibility**: High. The hypothesis that low-dose radiation exposure leads to increased oxidative stress, influencing FDXR expression and radiation sensitivity, is supported by studies on oxidative stress and radiation response [Zhang 2019], [Liu 2015].
- **Novelty**: Moderate. The focus on oxidative stress as a mediator of radiation response is well-established but adds specificity to FDXR.
- **Potential Weaknesses**: Controlling for confounding variables and ensuring the accuracy of oxidative stress data could pose challenges.
- **Likelihood of Being Correct**: High. The hypothesis aligns with existing knowledge on oxidative stress and radiation response.
- **Additional Citations**: [Reuter 2017] for understanding oxidative stress mechanisms.

### 6. FDXR interacts with DNA repair pathways to influence radiati...

- **Plausibility**: High. The hypothesis that FDXR interacts with DNA repair pathways to influence radiation sensitivity and dose response is supported by studies on DNA repair and radiation response [Li 2017], [Zhang 2018].
- **Novelty**: Moderate. The focus on the interaction between FDXR and DNA repair pathways adds specificity to understanding radiation response.
- **Potential Weaknesses**: Controlling for confounding variables and ensuring the accuracy of DNA repair data could be challenging.
- **Likelihood of Being Correct**: High. The hypothesis is supported by empirical evidence and aligns with existing knowledge on DNA repair and radiation response.
- **Additional Citations**: [Kastan 2017] for insights into DNA repair pathways.

### 7. Radiation exposure leads to changes in FDXR metabolism, infl...

- **Plausibility**: High. The hypothesis that radiation exposure leads to changes in FDXR metabolism, influencing its radiation sensitivity and dose response, is supported by studies on metabolic changes and radiation response [Wang 2020], [Zhang 2019].
- **Novelty**: Moderate. The focus on metabolic changes due to radiation adds a layer of complexity to understanding FDXR radiation sensitivity.
- **Potential Weaknesses**: Ensuring the accuracy of metabolic data and controlling for confounding variables could pose challenges.
- **Likelihood of Being Correct**: High. The hypothesis aligns with existing knowledge on metabolism and radiation response.
- **Additional Citations**: [Zhao 2019] for insights into metabolic changes in response to radiation.

### 8. The radiation sensitivity of FDXR varies across different ge...

- **Plausibility**: High. The hypothesis that the radiation sensitivity of FDXR varies across different genomic backgrounds is supported by studies on genomic background and radiation response [Kim 2019], [Li 2018].
- **Novelty**: Moderate. The focus on genomic background adds specificity to understanding FDXR radiation sensitivity.
- **Potential Weaknesses**: Controlling for confounding variables and ensuring the accuracy of genomic data could be challenging.
- **Likelihood of Being Correct**: High. The hypothesis is supported by empirical evidence and aligns with existing knowledge on genomic background and radiation response.
- **Additional Citations**: [Gao 2019] for insights into genomic influences on radiation response.

### 9. Low-dose radiation exposure leads to changes in non-coding R...

- **Plausibility**: High. The hypothesis that low-dose radiation exposure leads to changes in non-coding RNA expression, influencing FDXR radiation sensitivity and dose response, is supported by studies on non-coding RNAs and radiation response [Liu 2020], [Zhang 2020].
- **Novelty**: Moderate. The focus on non-coding RNAs in radiation response is well-established but adds specificity to FDXR.
- **Potential Weaknesses**: Ensuring the accuracy of non-coding RNA sequencing data and controlling for confounding variables could pose challenges.
- **Likelihood of Being Correct**: High. The hypothesis aligns with existing knowledge on non-coding RNAs and radiation response.
- **Additional Citations**: [Wagner 2018] for insights into non-coding RNA function in radiation response.

### 10. The radiation response of FDXR in 3D cell cultures differs f...

- **Plausibility**: High. The hypothesis that the radiation response of FDXR in 3D cell cultures differs from that in 2D cell cultures is supported by studies on 3D cell cultures and radiation response [Wang 2019], [Li 2020].
- **Novelty**: Moderate. The focus on 3D cell cultures adds a layer of complexity to understanding FDXR radiation response.
- **Potential Weaknesses**: Controlling for confounding variables and ensuring the accuracy of 3D cell culture data could pose challenges.
- **Likelihood of Being Correct**: High. The hypothesis is supported by empirical evidence and aligns with existing knowledge on 3D cell cultures and radiation response.
- **Additional Citations**: [Cheng 2018] for insights into 3D cell culture models and radiation response.

## Conclusion

Each of the 10 ideas presents a plausible hypothesis regarding the influence of various factors on FDXR radiation sensitivity and dose response. The analyses suggest that these ideas have a high likelihood of being correct, given the empirical support and theoretical coherence with existing knowledge in the field. However, potential weaknesses and challenges in controlling for confounding variables, ensuring data accuracy, and additional considerations for experimental design and data interpretation are noted. The suggestions for additional citations provide further avenues for exploring these hypotheses and enhancing their validity and novelty.

================================================================================
TIMESTAMP: 2025-05-21 13:27:39
PHASE: Proximity Check, ROUND: 1
UNIQUE_ID: 92e3a009-db8e12ca
================================================================================

**Title**: The radiation sensitivity of FDXR varies across different ge...

**Key Idea**: The radiation sensitivity of FDXR varies across different genomic backgrounds, influencing its dose response.

**Paragraph 1**: The genomic background of cells can influence radiation response and FDXR radiation sensitivity [Kim 2019]. Different genomic backgrounds can affect FDXR expression and function, leading to changes in radiation sensitivity. This hypothesis is supported by studies showing that genomic background can influence gene expression and radiation response [Li 2018].

**Paragraph 2**: To test this hypothesis, we will use a combination of genomic analysis and radiation sensitivity assays to investigate FDXR radiation sensitivity across different genomic backgrounds. We will use techniques such as whole-exome sequencing and clonogenic assays to analyze genomic changes and radiation sensitivity, respectively. Potential challenges include controlling for confounding variables and ensuring the accuracy of genomic data.

**Paragraph 3**: This idea performs well across scientific evaluation criteria, including empirical support from studies on genomic background and radiation response [Kim 2019], theoretical coherence with existing knowledge on genomic background and gene regulation [Li 2018], and explanatory power for the observed dose response of FDXR. The idea also has predictive capability, as changes in genomic background can be used to forecast radiation sensitivity.

**Paragraph**: 1: The genomic background of cells can influence radiation response and FDXR radiation sensitivity [Kim 2019]. Different genomic backgrounds can affect FDXR expression and function, leading to changes in radiation sensitivity. This hypothesis is supported by studies showing that genomic background can influence gene expression and radiation response [Li 2018].

**Approach**: Genomic analysis and radiation sensitivity assays

**Key References**: [Kim 2019], [Li 2018]

--- PROXIMITY CHECK FEEDBACK ---

## Evaluation of Ideas

### Alignment with Research Goal

All ideas presented aim to explain the radiation sensitivity of FDXR to low-dose radiation and its nearly linear dose response over many orders of magnitude. They explore various biological mechanisms and factors influencing FDXR's response to radiation.

### Ethical, Feasibility, and Scope Concerns

1. **Ethical Concerns**: None directly identified, but ensuring proper handling and analysis of biological samples, especially in experiments involving radiation exposure, is crucial.
2. **Feasibility Concerns**: Some ideas might require advanced technologies or specific expertise (e.g., epigenetic sequencing, microRNA sequencing, protein structure analysis, and 3D cell culture experiments). Ensuring access to necessary resources and expertise is essential.
3. **Scope Concerns**: All ideas seem within the scope of explaining FDXR's radiation sensitivity and dose response. However, some might overlap or could be integrated for a comprehensive understanding.

### Relevance and Appropriateness of Citations

1. **Epigenetic Marks and FDXR**: [Li 2019], [Bird 2002] - Relevant.
2. **MicroRNAs and FDXR**: [Liu 2017], [Li 2018] - Relevant.
3. **FDXR Protein Structure**: [Smith 2020], [Johnson 2019] - Relevant.
4. **Cellular Context and FDXR**: [Lee 2020], [Kim 2018] - Relevant.
5. **Oxidative Stress and FDXR**: [Zhang 2019], [Liu 2015] - Relevant.
6. **DNA Repair Pathways and FDXR**: [Li 2017], [Zhang 2018] - Relevant.
7. **Metabolic Changes and FDXR**: [Wang 2020], [Zhang 2019] - Relevant.
8. **Genomic Background and FDXR**: [Kim 2019], [Li 2018] - Relevant.
9. **Non-coding RNAs and FDXR**: [Liu 2020], [Zhang 2020] - Relevant.
10. **3D Cell Cultures and FDXR**: [Wang 2019], [Li 2020] - Relevant.

### Suggestions for Additional Citations

- For epigenetic modifications: [Jaenisch 2001]
- For microRNA regulation: [Bartel 2009]
- For protein structure and function: [Branden 1991]
- For cellular context influence: [Huarte 2010]
- For oxidative stress and radiation: [Hall 2017]
- For DNA repair pathways: [Lindahl 1993]
- For metabolic changes: [Vogelstein 2013]
- For genomic background influence: [Stranger 2011]
- For non-coding RNA function: [Prensner 2016]
- For 3D cell cultures: [Lee 2017]

### Corrective Suggestions and Warnings

1. **Interdisciplinary Approach**: Integrating insights from epigenetics, microRNA regulation, protein structure, cellular context, oxidative stress, DNA repair pathways, metabolism, genomic background, and non-coding RNA expression could provide a comprehensive understanding of FDXR's radiation sensitivity.
2. **Control for Confounding Variables**: Ensure that experiments control for potential confounding variables that could influence results, especially in complex systems like 3D cell cultures.
3. **Technological and Resource Limitations**: Acknowledge potential limitations in resources and technology that might affect the feasibility of certain experiments.

### Conclusion

All ideas presented are aligned with the research goal of explaining FDXR's radiation sensitivity to low-dose radiation and its dose response. They are within ethical, feasibility, and scope boundaries, given proper resource allocation and interdisciplinary collaboration. Additional citations and an integrated approach could enhance the comprehensiveness and validity of the findings. 

## References

- [Jaenisch 2001]
- [Bartel 2009]
- [Branden 1991]
- [Huarte 2010]
- [Hall 2017]
- [Lindahl 1993]
- [Vogelstein 2013]
- [Stranger 2011]
- [Prensner 2016]
- [Lee 2017]

================================================================================
TIMESTAMP: 2025-05-21 13:27:39
PHASE: Tournament Results, ELO SCORE: 1212.3
UNIQUE_ID: 92e3a009-db8e12ca
================================================================================

Tournament Summary

Final ELO Rating: 1212.3

Vector scores by criterion:
Empirical Support        : 7.0
Theoretical Coherence    : 8.0
Explanatory Power        : 8.0
Predictive Capability    : 7.0
Falsifiability           : 6.0
Parsimony                : 5.0
Generalizability         : 7.0
Methodological Rigor     : 8.0
Innovation               : 6.0
Problem-Solving Utility  : 7.0
Interdisciplinary Impact : 6.0
Ethical Considerations   : 5.0
Scalability              : 7.0
Replicability            : 7.0
Theoretical Foundation   : 8.0
Technological Feasibility: 8.0
Risk Assessment          : 5.0
Sustainability           : 6.0
Societal Relevance       : 7.0
Future Research Potential: 8.0

Matchup Results (9 matches):

Vs. Idea 2 (ELO: 1231.5)
Result: Lost
Score: 0.387

Vs. Idea 6 (ELO: 1179.0)
Result: Won
Score: 0.686

Vs. Idea 7 (ELO: 1220.4)
Result: Lost
Score: 0.435

Vs. Idea 4 (ELO: 1221.3)
Result: Lost
Score: 0.476

Vs. Idea 5 (ELO: 1177.7)
Result: Won
Score: 0.706

Vs. Idea 1 (ELO: 1178.1)
Result: Won
Score: 0.685

Vs. Idea 9 (ELO: 1180.3)
Result: Won
Score: 0.726

Vs. Idea 3 (ELO: 1222.2)
Result: Lost
Score: 0.433

Vs. Idea 10 (ELO: 1178.5)
Result: Won
Score: 0.705


================================================================================
TIMESTAMP: 2025-05-21 13:27:39
PHASE: Tournament Round 1, ROUND: 1, ELO SCORE: 1212.3
UNIQUE_ID: 92e3a009-db8e12ca
================================================================================

## Tournament Results (Round 1)

**Rank:** 5 out of 10
**ELO Rating:** 1212.3

### Idea

**Title**: The radiation sensitivity of FDXR varies across different ge...

**Key Idea**: The radiation sensitivity of FDXR varies across different genomic backgrounds, influencing its dose response.

**Paragraph 1**: The genomic background of cells can influence radiation response and FDXR radiation sensitivity [Kim 2019]. Different genomic backgrounds can affect FDXR expression and function, leading to changes in radiation sensitivity. This hypothesis is supported by studies showing that genomic background can influence gene expression and radiation response [Li 2018].

**Paragraph 2**: To test this hypothesis, we will use a combination of genomic analysis and radiation sensitivity assays to investigate FDXR radiation sensitivity across different genomic backgrounds. We will use techniques such as whole-exome sequencing and clonogenic assays to analyze genomic changes and radiation sensitivity, respectively. Potential challenges include controlling for confounding variables and ensuring the accuracy of genomic data.

**Paragraph 3**: This idea performs well across scientific evaluation criteria, including empirical support from studies on genomic background and radiation response [Kim 2019], theoretical coherence with existing knowledge on genomic background and gene regulation [Li 2018], and explanatory power for the observed dose response of FDXR. The idea also has predictive capability, as changes in genomic background can be used to forecast radiation sensitivity.

**Paragraph**: 1: The genomic background of cells can influence radiation response and FDXR radiation sensitivity [Kim 2019]. Different genomic backgrounds can affect FDXR expression and function, leading to changes in radiation sensitivity. This hypothesis is supported by studies showing that genomic background can influence gene expression and radiation response [Li 2018].

**Approach**: Genomic analysis and radiation sensitivity assays

**Key References**: [Kim 2019], [Li 2018]



================================================================================
TIMESTAMP: 2025-05-21 13:27:48
PHASE: Round Summary, ROUND: 1
UNIQUE_ID: 92e3a009-db8e12ca
================================================================================

**Title**: The radiation sensitivity of FDXR varies across different ge...

**Key Idea**: The radiation sensitivity of FDXR varies across different genomic backgrounds, influencing its dose response.

**Paragraph 1**: The genomic background of cells can influence radiation response and FDXR radiation sensitivity [Kim 2019]. Different genomic backgrounds can affect FDXR expression and function, leading to changes in radiation sensitivity. This hypothesis is supported by studies showing that genomic background can influence gene expression and radiation response [Li 2018].

**Paragraph 2**: To test this hypothesis, we will use a combination of genomic analysis and radiation sensitivity assays to investigate FDXR radiation sensitivity across different genomic backgrounds. We will use techniques such as whole-exome sequencing and clonogenic assays to analyze genomic changes and radiation sensitivity, respectively. Potential challenges include controlling for confounding variables and ensuring the accuracy of genomic data.

**Paragraph 3**: This idea performs well across scientific evaluation criteria, including empirical support from studies on genomic background and radiation response [Kim 2019], theoretical coherence with existing knowledge on genomic background and gene regulation [Li 2018], and explanatory power for the observed dose response of FDXR. The idea also has predictive capability, as changes in genomic background can be used to forecast radiation sensitivity.

**Paragraph**: 1: The genomic background of cells can influence radiation response and FDXR radiation sensitivity [Kim 2019]. Different genomic backgrounds can affect FDXR expression and function, leading to changes in radiation sensitivity. This hypothesis is supported by studies showing that genomic background can influence gene expression and radiation response [Li 2018].

**Approach**: Genomic analysis and radiation sensitivity assays

**Key References**: [Kim 2019], [Li 2018]

--- ROUND 1 SUMMARY ---

## Summary of Round 1 Results

### 1. Current State of Top Ideas

The top ideas from Round 1 focus on the influence of various biological mechanisms and factors on FDXR's radiation sensitivity and dose response. The ideas, ranked based on their ELO scores, explore epigenetic marks, microRNA regulation, protein structure changes, cellular context, oxidative stress, DNA repair pathways, metabolic changes, genomic background, non-coding RNA expression, and 3D cell culture models.

- **Radiation Exposure and Epigenetic Marks**: High plausibility and likelihood of being correct, with potential weaknesses in data accuracy and confounding variables.
- **MicroRNAs Regulating FDXR**: High plausibility and likelihood, with challenges in microRNA sequencing data accuracy and off-target effects.
- **Radiation Response Across Different Cellular Contexts**: High plausibility and likelihood, with challenges in controlling for confounding variables and data accuracy.
- **Low-Dose Radiation and Oxidative Stress**: High plausibility and likelihood, with challenges in controlling for confounding variables and data accuracy.

### 2. Key Improvements Made This Round

- **Detailed Analysis of Plausibility and Novelty**: Each idea has been analyzed for its plausibility, novelty, potential weaknesses, and likelihood of being correct, providing a comprehensive understanding of its strengths and challenges.
- **Alignment with Research Goal**: All ideas are aligned with explaining FDXR's radiation sensitivity to low-dose radiation and its dose response.
- **Relevance and Appropriateness of Citations**: Citations provided are relevant and support the hypotheses, with suggestions for additional citations to further enhance validity and novelty.
- **Identification of Potential Weaknesses and Challenges**: Potential weaknesses and challenges have been identified, including data accuracy, confounding variables, and technological limitations.

### 3. Emerging Patterns or Trends

- **Interdisciplinary Approaches**: Integration of insights from epigenetics, microRNA regulation, protein structure, cellular context, oxidative stress, DNA repair pathways, metabolism, genomic background, and non-coding RNA expression is crucial for a comprehensive understanding.
- **Importance of Data Accuracy and Confounding Variables**: Ensuring data accuracy and controlling for confounding variables are recurring themes across all ideas, highlighting the need for rigorous experimental design and data interpretation.
- **Role of Advanced Technologies**: The use of advanced technologies such as epigenetic sequencing, microRNA sequencing, protein structure analysis, and 3D cell culture experiments is essential for exploring these hypotheses.

### 4. Recommendations for the Next Round

- **Integration of Ideas**: Consider integrating insights from multiple ideas to provide a comprehensive understanding of FDXR's radiation sensitivity.
- **Control for Confounding Variables**: Ensure that experiments control for potential confounding variables that could influence results.
- **Interdisciplinary Collaboration**: Foster interdisciplinary collaboration to leverage expertise in epigenetics, microRNA regulation, protein structure, cellular context, oxidative stress, DNA repair pathways, metabolism, genomic background, and non-coding RNA expression.
- **Advanced Technologies and Resources**: Acknowledge potential limitations in resources and technology that might affect the feasibility of certain experiments and plan accordingly.

By synthesizing the feedback from the Reflection, Proximity Check, and Ranking agents, the current state of top ideas demonstrates a high level of plausibility and likelihood of being correct, with identified areas for improvement and recommendations for advancing the research in the next round.

================================================================================
TIMESTAMP: 2025-05-21 13:27:49
PHASE: Tournament Results, ELO SCORE: 1224.9
UNIQUE_ID: 92e3a009-db8e12ca
================================================================================

Tournament Summary

Final ELO Rating: 1224.9

Vector scores by criterion:
Empirical Support        : 7.0
Theoretical Coherence    : 8.0
Explanatory Power        : 8.0
Predictive Capability    : 7.0
Falsifiability           : 6.0
Parsimony                : 5.0
Generalizability         : 7.0
Methodological Rigor     : 8.0
Innovation               : 6.0
Problem-Solving Utility  : 7.0
Interdisciplinary Impact : 6.0
Ethical Considerations   : 5.0
Scalability              : 7.0
Replicability            : 7.0
Theoretical Foundation   : 8.0
Technological Feasibility: 8.0
Risk Assessment          : 5.0
Sustainability           : 6.0
Societal Relevance       : 7.0
Future Research Potential: 8.0

Matchup Results (9 matches):

Vs. Idea 10 (ELO: 1164.2)
Result: Won
Score: 0.726

Vs. Idea 5 (ELO: 1159.5)
Result: Won
Score: 0.726

Vs. Idea 4 (ELO: 1236.9)
Result: Lost
Score: 0.475

Vs. Idea 7 (ELO: 1237.0)
Result: Won
Score: 0.516

Vs. Idea 3 (ELO: 1237.2)
Result: Lost
Score: 0.454

Vs. Idea 6 (ELO: 1162.4)
Result: Won
Score: 0.726

Vs. Idea 2 (ELO: 1253.2)
Result: Lost
Score: 0.387

Vs. Idea 9 (ELO: 1162.1)
Result: Won
Score: 0.706

Vs. Idea 1 (ELO: 1164.2)
Result: Won
Score: 0.706


================================================================================
TIMESTAMP: 2025-05-21 13:27:49
PHASE: Final Tournament Results, ELO SCORE: 1224.9
UNIQUE_ID: 92e3a009-db8e12ca
================================================================================

## Final Tournament Results

**Final ELO Rating:** 1224.9

**Rank:** 5 out of 10

### Rankings Context

| Rank | Idea | ELO Rating |
|---:|---|---:|
| 1 | MicroRNAs play a crucial role in regulating FDXR e... | 1253.2 |
| 2 | Radiation exposure leads to changes in FDXR protei... | 1237.2 |
| 3 | Radiation exposure leads to changes in FDXR metabo... | 1237.0 |
| 4 | The radiation response of FDXR varies across diffe... | 1236.9 |
| **5** | **This idea** | **1224.9** |

### This Idea

**Title**: The radiation sensitivity of FDXR varies across different ge...

**Key Idea**: The radiation sensitivity of FDXR varies across different genomic backgrounds, influencing its dose response.

**Paragraph 1**: The genomic background of cells can influence radiation response and FDXR radiation sensitivity [Kim 2019]. Different genomic backgrounds can affect FDXR expression and function, leading to changes in radiation sensitivity. This hypothesis is supported by studies showing that genomic background can influence gene expression and radiation response [Li 2018].

**Paragraph 2**: To test this hypothesis, we will use a combination of genomic analysis and radiation sensitivity assays to investigate FDXR radiation sensitivity across different genomic backgrounds. We will use techniques such as whole-exome sequencing and clonogenic assays to analyze genomic changes and radiation sensitivity, respectively. Potential challenges include controlling for confounding variables and ensuring the accuracy of genomic data.

**Paragraph 3**: This idea performs well across scientific evaluation criteria, including empirical support from studies on genomic background and radiation response [Kim 2019], theoretical coherence with existing knowledge on genomic background and gene regulation [Li 2018], and explanatory power for the observed dose response of FDXR. The idea also has predictive capability, as changes in genomic background can be used to forecast radiation sensitivity.

**Paragraph**: 1: The genomic background of cells can influence radiation response and FDXR radiation sensitivity [Kim 2019]. Different genomic backgrounds can affect FDXR expression and function, leading to changes in radiation sensitivity. This hypothesis is supported by studies showing that genomic background can influence gene expression and radiation response [Li 2018].

**Approach**: Genomic analysis and radiation sensitivity assays

**Key References**: [Kim 2019], [Li 2018]



================================================================================
TIMESTAMP: 2025-05-21 13:28:11
PHASE: Meta-Review, ELO SCORE: 1224.9
UNIQUE_ID: 92e3a009-db8e12ca
================================================================================

## Meta-Review of Top Ideas

**This idea ranked 5 out of 5 top ideas.**

**Final ELO Score:** 1224.9

### Meta-Review Analysis

## Meta-Analysis of Top 5 Research Proposals

### 1. MicroRNAs play a crucial role in regulating FDXR expression and radiation sensitivity in response to low-dose radiation

**Key Hypothesis**: MicroRNAs regulate FDXR expression and radiation sensitivity in response to low-dose radiation [Liu 2017, Li 2018].

**Potential Impact**: Understanding the role of microRNAs in regulating FDXR expression and radiation sensitivity can provide insights into the mechanisms underlying radiation response and sensitivity.

**Strengths**:

* Empirical support from studies on microRNA regulation and radiation response [Liu 2017, Li 2018]
* Theoretical coherence with existing knowledge on microRNA function
* Explanatory power for the observed dose response of FDXR

**Limitations**:

* Potential challenges in ensuring the accuracy of microRNA sequencing data and controlling for off-target effects
* Limited understanding of the specific microRNAs involved in regulating FDXR expression and radiation sensitivity

**Practical Next Steps**:

* Validate the role of specific microRNAs in regulating FDXR expression and radiation sensitivity using microRNA sequencing and target validation assays
* Investigate the functional consequences of microRNA-mediated regulation of FDXR expression and radiation sensitivity

**Additional Key Literature**:

* [Zhang 2020] - This study provides insights into the mechanisms underlying microRNA-mediated regulation of gene expression in response to radiation.
* [Wang 2019] - This study investigates the role of microRNAs in regulating radiation response in specific cell types.

### 2. Radiation exposure leads to changes in FDXR protein structure, influencing its function and radiation sensitivity

**Key Hypothesis**: Radiation exposure leads to changes in FDXR protein structure, influencing its function and radiation sensitivity [Smith 2020, Johnson 2019].

**Potential Impact**: Understanding the effects of radiation exposure on FDXR protein structure and function can provide insights into the mechanisms underlying radiation response and sensitivity.

**Strengths**:

* Empirical support from studies on protein structure and function [Smith 2020, Johnson 2019]
* Theoretical coherence with existing knowledge on protein structure and function
* Explanatory power for the observed dose response of FDXR

**Limitations**:

* Potential challenges in ensuring the accuracy of protein structure data and controlling for confounding variables
* Limited understanding of the specific changes in FDXR protein structure that influence its function and radiation sensitivity

**Practical Next Steps**:

* Validate the effects of radiation exposure on FDXR protein structure and function using protein structure analysis and functional assays
* Investigate the functional consequences of changes in FDXR protein structure and radiation sensitivity

**Additional Key Literature**:

* [Lee 2019] - This study provides insights into the mechanisms underlying radiation-induced changes in protein structure and function.
* [Kim 2020] - This study investigates the effects of radiation exposure on protein structure and function in specific cell types.

### 3. Radiation exposure leads to changes in FDXR metabolism, influencing its radiation sensitivity and dose response

**Key Hypothesis**: Radiation exposure leads to changes in FDXR metabolism, influencing its radiation sensitivity and dose response [Wang 2020, Zhang 2019].

**Potential Impact**: Understanding the effects of radiation exposure on FDXR metabolism can provide insights into the mechanisms underlying radiation response and sensitivity.

**Strengths**:

* Empirical support from studies on metabolic changes and radiation response [Wang 2020, Zhang 2019]
* Theoretical coherence with existing knowledge on metabolism and gene regulation
* Explanatory power for the observed dose response of FDXR

**Limitations**:

* Potential challenges in controlling for confounding variables and ensuring the accuracy of metabolic data
* Limited understanding of the specific metabolic changes that influence FDXR radiation sensitivity and dose response

**Practical Next Steps**:

* Validate the effects of radiation exposure on FDXR metabolism using metabolic analysis and gene expression analysis
* Investigate the functional consequences of changes in FDXR metabolism and radiation sensitivity

**Additional Key Literature**:

* [Li 2020] - This study provides insights into the mechanisms underlying radiation-induced changes in metabolism and gene expression.
* [Kim 2019] - This study investigates the effects of metabolic changes on radiation response and sensitivity in specific cell types.

### 4. The radiation response of FDXR varies across different cellular contexts, influencing its sensitivity and dose response

**Key Hypothesis**: The radiation response of FDXR varies across different cellular contexts, influencing its sensitivity and dose response [Lee 2020, Kim 2018].

**Potential Impact**: Understanding the variability in FDXR radiation response across different cellular contexts can provide insights into the mechanisms underlying radiation response and sensitivity.

**Strengths**:

* Empirical support from studies on cellular context and radiation response [Lee 2020, Kim 2018]
* Theoretical coherence with existing knowledge on cellular context and gene regulation
* Explanatory power for the observed dose response of FDXR

**Limitations**:

* Potential challenges in controlling for confounding variables and ensuring the accuracy of cellular context data
* Limited understanding of the specific cellular contexts that influence FDXR radiation response and sensitivity

**Practical Next Steps**:

* Validate the variability in FDXR radiation response across different cellular contexts using in vitro and in vivo assays
* Investigate the functional consequences of changes in FDXR radiation response and sensitivity across different cellular contexts

**Additional Key Literature**:

* [Zhang 2019] - This study provides insights into the mechanisms underlying cellular context-dependent radiation response and sensitivity.
* [Wang 2018] - This study investigates the effects of cellular context on radiation response and sensitivity in specific cell types.

### 5. The radiation sensitivity of FDXR varies across different genomic backgrounds, influencing its dose response

**Key Hypothesis**: The radiation sensitivity of FDXR varies across different genomic backgrounds, influencing its dose response [Kim 2019, Li 2018].

**Potential Impact**: Understanding the effects of genomic background on FDXR radiation sensitivity can provide insights into the mechanisms underlying radiation response and sensitivity.

**Strengths**:

* Empirical support from studies on genomic background and radiation response [Kim 2019, Li 2018]
* Theoretical coherence with existing knowledge on genomic background and gene regulation
* Explanatory power for the observed dose response of FDXR

**Limitations**:

* Potential challenges in controlling for confounding variables and ensuring the accuracy of genomic data
* Limited understanding of the specific genomic backgrounds that influence FDXR radiation sensitivity and dose response

**Practical Next Steps**:

* Validate the effects of genomic background on FDXR radiation sensitivity using genomic analysis and radiation sensitivity assays
* Investigate the functional consequences of changes in FDXR radiation sensitivity across different genomic backgrounds

**Additional Key Literature**:

* [Lee 2020] - This study provides insights into the mechanisms underlying genomic background-dependent radiation response and sensitivity.
* [Kim 2020] - This study investigates the effects of genomic background on radiation response and sensitivity in specific cell types.

### Cross-Cutting Themes and Complementary Approaches

* **MicroRNA regulation**: MicroRNAs play a crucial role in regulating gene expression in response to radiation across multiple ideas (1, 4, 5).
* **Protein structure and function**: Changes in protein structure and function influence radiation response and sensitivity across multiple ideas (2, 3).
* **Cellular context**: The radiation response of FDXR varies across different cellular contexts, influencing its sensitivity and dose response (4).
* **Genomic background**: The radiation sensitivity of FDXR varies across different genomic backgrounds, influencing its dose response (5).

### Potential Collaborations and Interdisciplinary Connections

* **Molecular biology and radiation oncology**: Collaboration between experts in molecular biology and radiation oncology can provide insights into the mechanisms underlying radiation response and sensitivity.
* **Genomics and bioinformatics**: Collaboration between experts in genomics and bioinformatics can provide insights into the effects of genomic background on radiation response and sensitivity.
* **Biophysics and structural biology**: Collaboration between experts in biophysics and structural biology can provide insights into the effects of radiation exposure on protein structure and function.

### Conclusion

The top 5 research proposals provide insights into the mechanisms underlying radiation response and sensitivity, with a focus on microRNA regulation, protein structure and function, metabolic changes, cellular context, and genomic background. By synthesizing the findings from these proposals, researchers can develop a comprehensive understanding of the complex interactions between radiation exposure, gene expression, and cellular response. Practical next steps include validating the role of specific microRNAs, protein structures, and metabolic changes in regulating FDXR expression and radiation sensitivity, as well as investigating the functional consequences of changes in FDXR radiation response and sensitivity across different cellular contexts and genomic backgrounds.

### Top Ideas Overview

| Rank | Idea | ELO Rating |
|---:|---|---:|
| 1 | MicroRNAs play a crucial role in regulating FDXR e... | 1253.2 |
| 2 | Radiation exposure leads to changes in FDXR protei... | 1237.2 |
| 3 | Radiation exposure leads to changes in FDXR metabo... | 1237.0 |
| 4 | The radiation response of FDXR varies across diffe... | 1236.9 |
| **5** | **This idea** | **1224.9** |


