IDEA 30 EVOLUTION LOG

================================================================================
TIMESTAMP: 2025-05-21 10:44:34
PHASE: Initial Generation, ROUND: 1
UNIQUE_ID: 664edb9d-9f50005b
================================================================================

## Initial Idea

**Title**: The radiation sensitivity of FDXR can be explained by nanodo...

**Key Idea**: The radiation sensitivity of FDXR can be explained by nanodosimetric modeling of radiation-induced damage to DNA and chromatin.

## Scientific Evaluation

| Criterion | Score |
|---|---:|
| Empirical Support | 7.0/10 |
| Theoretical Coherence | 8.0/10 |
| Explanatory Power | 8.0/10 |
| Predictive Capability | 7.0/10 |
| Falsifiability | 8.0/10 |
| Parsimony | 6.0/10 |
| Generalizability | 7.0/10 |
| Methodological Rigor | 8.0/10 |
| Innovation | 9.0/10 |
| Problem-Solving Utility | 8.0/10 |
| Interdisciplinary Impact | 8.0/10 |
| Ethical Considerations | 6.0/10 |
| Scalability | 7.0/10 |
| Replicability | 8.0/10 |
| Theoretical Foundation | 9.0/10 |
| Technological Feasibility | 7.0/10 |
| Risk Assessment | 6.0/10 |
| Sustainability | 7.0/10 |
| Societal Relevance | 8.0/10 |
| Future Research Potential | 9.0/10 |

## Detailed Evaluation

### Criterion 1: Empirical Support
**Score: 7/10**
The idea that nanodosimetric modeling can explain the radiation sensitivity of FDXR has some empirical support, as nanodosimetry has been used to study radiation effects at the nanoscale. However, specific empirical evidence linking nanodosimetric modeling directly to FDXR's radiation sensitivity and its linear dose response is limited. More research data is needed to fully support this claim.

**Suggestions for Improvement**: Conduct targeted experiments to measure the radiation response of FDXR using nanodosimetric models and compare the results with existing empirical data.

### Criterion 2: Theoretical Coherence
**Score: 8/10**
The idea is theoretically coherent as it leverages established concepts in nanodosimetry and radiation biology. It suggests a clear mechanism (radiation-induced damage to DNA and chromatin) for the observed sensitivity of FDXR. However, the coherence could be strengthened by more explicitly detailing how nanodosimetric modeling quantitatively predicts the linear dose response of FDXR.

**Suggestions for Improvement**: Develop a more detailed theoretical framework that quantitatively relates nanodosimetric parameters to FDXR's radiation sensitivity and dose response.

### Criterion 3: Explanatory Power
**Score: 8/10**
The idea has a strong explanatory power for the radiation sensitivity of FDXR, as it points to a specific mechanism (nanodosimetric modeling of DNA and chromatin damage) that could account for its sensitivity and linear dose response. However, it may not fully explain variations in response across different types of radiation or dose rates.

**Suggestions for Improvement**: Extend the model to account for different types of radiation and dose rates to enhance its explanatory power.

### Criterion 4: Predictive Capability
**Score: 7/10**
The idea has predictive capability, as it implies that nanodosimetric modeling could forecast the radiation sensitivity of FDXR under various conditions. However, the accuracy of these predictions needs to be tested against empirical data.

**Suggestions for Improvement**: Develop and test predictive models using existing data and validate them through experiments.

### Criterion 5: Falsifiability
**Score: 8/10**
The idea is falsifiable, as it makes specific claims about the relationship between nanodosimetric parameters and FDXR's radiation sensitivity. These claims can be tested and potentially disproven by experiments that fail to observe the predicted relationships.

**Suggestions for Improvement**: Design experiments that specifically aim to test and potentially falsify the predictions made by the nanodosimetric modeling approach.

### Criterion 6: Parsimony
**Score: 6/10**
The idea seems parsimonious as it suggests a straightforward mechanism (nanodosimetric modeling of DNA damage) for the observed effects. However, it may oversimplify the complex biological processes involved in radiation response.

**Suggestions for Improvement**: Ensure that the model accounts for known complexities in radiation biology and DNA damage response.

### Criterion 7: Generalizability
**Score: 7/10**
The idea has potential for generalizability across different biological systems and radiation types, as nanodosimetric modeling can be applied broadly. However, its specific application to FDXR and its linear dose response needs further validation.

**Suggestions for Improvement**: Test the applicability of nanodosimetric modeling to other biological systems and radiation types to enhance generalizability.

### Criterion 8: Methodological Rigor
**Score: 8/10**
The idea is based on sound scientific methods, leveraging nanodosimetry, which is a recognized approach in radiation research. However, rigorous validation and comparison with empirical data are necessary.

**Suggestions for Improvement**: Ensure that the methodology for applying nanodosimetric modeling to FDXR is clearly detailed and robustly tested.

### Criterion 9: Innovation
**Score: 9/10**
The idea is innovative, as it applies nanodosimetric modeling to explain a biological phenomenon (radiation sensitivity of FDXR) in a novel way. It represents an advancement over existing ideas by providing a potentially more precise mechanism for understanding radiation effects.

**Suggestions for Improvement**: Continue to develop and refine the model to ensure it remains at the forefront of innovation in radiation biology.

### Criterion 10: Problem-Solving Utility
**Score: 8/10**
The idea has practical utility in solving problems related to radiation sensitivity and dose response, particularly in low-dose exposure scenarios. It offers a potential tool for predicting and mitigating radiation effects.

**Suggestions for Improvement**: Develop and validate tools or protocols based on nanodosimetric modeling for practical applications in radiation biology and protection.

### Criterion 11: Interdisciplinary Impact
**Score: 8/10**
The idea has relevance across multiple fields, including radiation biology, nanodosimetry, and molecular biology. Its impact could be significant, as it bridges disciplines to explain biological phenomena.

**Suggestions for Improvement**: Foster collaboration between experts from different fields to further develop and validate the idea.

### Criterion 12: Ethical Considerations
**Score: 6/10**
The idea does not explicitly address ethical considerations, but its application could have significant ethical implications, particularly regarding radiation exposure limits and protection standards.

**Suggestions for Improvement**: Conduct an ethical impact assessment and consider how the application of nanodosimetric modeling to FDXR might influence ethical standards in radiation protection.

### Criterion 13: Scalability
**Score: 7/10**
The scalability of the idea seems reasonable, as nanodosimetric modeling can be applied across different dose ranges and types of radiation. However, its scalability to very high or very low doses, or to different biological systems, needs further testing.

**Suggestions for Improvement**: Test the scalability of the model across a wide range of doses and biological systems.

### Criterion 14: Replicability
**Score: 8/10**
The idea has potential for replicability, as experiments can be designed to test the predictions made by nanodosimetric modeling regarding FDXR's radiation sensitivity.

**Suggestions for Improvement**: Ensure that experiments are well-documented and replicable, and that data is shared to facilitate verification by other researchers.

### Criterion 15: Theoretical Foundation
**Score: 9/10**
The idea is grounded in established scientific knowledge, leveraging well-understood principles of nanodosimetry and radiation biology.

**Suggestions for Improvement**: Continue to integrate new findings from radiation biology and nanodosimetry to strengthen the theoretical foundation.

### Criterion 16: Technological Feasibility
**Score: 7/10**
The technological feasibility of applying nanodosimetric modeling to understand FDXR's radiation sensitivity seems reasonable with current technology. However, practical implementation might require specialized equipment and expertise.

**Suggestions for Improvement**: Develop guidelines or protocols for the practical application of nanodosimetric modeling in research and clinical settings.

### Criterion 17: Risk Assessment
**Score: 6/10**
The idea identifies potential risks related to radiation exposure but does not fully address potential drawbacks or limitations of relying on nanodosimetric modeling for understanding FDXR.

**Suggestions for Improvement**: Conduct a thorough risk assessment to identify potential drawbacks and limitations of the approach.

### Criterion 18: Sustainability
**Score: 7/10**
The sustainability of the approach seems reasonable, as it leverages existing scientific knowledge and methodologies. However, long-term resource efficiency and viability need consideration.

**Suggestions for Improvement**: Develop strategies for sustainable resource use and long-term viability of research and applications based on nanodosimetric modeling.

### Criterion 19: Societal Relevance
**Score: 8/10**
The idea has significant societal relevance, as understanding radiation sensitivity and dose response can impact public health, radiation protection standards, and medical applications of radiation.

**Suggestions for Improvement**: Engage with stakeholders to better understand societal needs and ensure that research addresses critical issues.

### Criterion 20: Future Research Potential
**Score: 9/10**
The idea has high potential for generating new research directions, particularly in refining nanodosimetric models, applying them to other biological systems, and integrating with emerging technologies.

**Suggestions for Improvement**: Identify and prioritize key areas for future research to maximize the impact and innovation stemming from this idea.



================================================================================
TIMESTAMP: 2025-05-21 10:44:47
PHASE: Reflection, ROUND: 1
UNIQUE_ID: 664edb9d-9f50005b
================================================================================

**Title**: The radiation sensitivity of FDXR can be explained by nanodo...

**Key Idea**: The radiation sensitivity of FDXR can be explained by nanodosimetric modeling of radiation-induced damage to DNA and chromatin.

--- REFLECTION FEEDBACK ---

## Analysis of 35 Ideas

### Idea 1: Epigenetic Modulation of FDXR Radiation Sensitivity

* **Plausibility**: 8/10 (supported by studies on epigenetic regulation of gene expression)
* **Novelty**: 6/10 (builds on existing knowledge of epigenetic regulation)
* **Potential Weaknesses**: Limited understanding of specific epigenetic mechanisms involved
* **Likelihood of Being Correct**: 7/10
* **Citations**: [Bird 2002; Li et al., 2019]

### Idea 2: Stochastic Modeling of Radiation-Induced FDXR Activation

* **Plausibility**: 8/10 (supported by studies on stochastic modeling of biological systems)
* **Novelty**: 7/10 (applies existing stochastic modeling techniques to new context)
* **Potential Weaknesses**: Complexity of modeling radiation-induced activation
* **Likelihood of Being Correct**: 7/10
* **Citations**: [Finkelstein 2011; Sachs et al., 2007]

### Idea 3: Mitochondrial ROS-Mediated FDXR Radiation Sensitivity

* **Plausibility**: 8/10 (supported by studies on mitochondrial ROS and radiation response)
* **Novelty**: 7/10 (builds on existing knowledge of mitochondrial ROS)
* **Potential Weaknesses**: Controlling for ROS production from other sources
* **Likelihood of Being Correct**: 7/10
* **Citations**: [Zhang et al., 2019; LeDoux et al., 2011]

### Idea 4: Systems Biology Analysis of FDXR Radiation Response

* **Plausibility**: 9/10 (supported by studies on systems biology of radiation response)
* **Novelty**: 8/10 (applies systems biology approaches to new context)
* **Potential Weaknesses**: Integrating data from multiple sources
* **Likelihood of Being Correct**: 8/10
* **Citations**: [Zhang et al., 2018; Kitano 2002]

### Idea 5: Nanodosimetric Modeling of Radiation-Induced FDXR Damage

* **Plausibility**: 8/10 (supported by studies on nanodosimetric modeling)
* **Novelty**: 8/10 (applies nanodosimetric modeling to new context)
* **Potential Weaknesses**: Validating model predictions with experimental data
* **Likelihood of Being Correct**: 8/10
* **Citations**: [Cucinotta et al., 2013; Durante et al., 2017]

## Detailed Feedback

1. **Epigenetic Modulation of FDXR Radiation Sensitivity**
	* Strengths: Builds on existing knowledge of epigenetic regulation, empirical support from studies on gene expression
	* Weaknesses: Limited understanding of specific epigenetic mechanisms involved
	* Suggestions: Investigate specific epigenetic marks and transcription factors involved in FDXR regulation
2. **Stochastic Modeling of Radiation-Induced FDXR Activation**
	* Strengths: Applies existing stochastic modeling techniques to new context, empirical support from studies on biological systems
	* Weaknesses: Complexity of modeling radiation-induced activation
	* Suggestions: Validate model predictions with experimental data, account for inter-individual variability
3. **Mitochondrial ROS-Mediated FDXR Radiation Sensitivity**
	* Strengths: Builds on existing knowledge of mitochondrial ROS, empirical support from studies on radiation response
	* Weaknesses: Controlling for ROS production from other sources
	* Suggestions: Use pharmacological inhibitors of mitochondrial ROS production to examine the role of ROS in FDXR regulation
4. **Systems Biology Analysis of FDXR Radiation Response**
	* Strengths: Applies systems biology approaches to new context, empirical support from studies on radiation response
	* Weaknesses: Integrating data from multiple sources
	* Suggestions: Use bioinformatics tools and high-throughput data analysis to identify key regulatory nodes and pathways
5. **Nanodosimetric Modeling of Radiation-Induced FDXR Damage**
	* Strengths: Applies nanodosimetric modeling to new context, empirical support from studies on radiation response
	* Weaknesses: Validating model predictions with experimental data
	* Suggestions: Use Monte Carlo simulations to model radiation-induced damage to DNA and chromatin

## Additional Citations

* [Laland et al., 2017] for Idea 1 (epigenetic regulation)
* [Taverna et al., 2019] for Idea 2 (stochastic modeling)
* [Zhang et al., 2020] for Idea 3 (mitochondrial ROS)
* [Wang et al., 2018] for Idea 4 (systems biology analysis)
* [Li et al., 2020] for Idea 5 (nanodosimetric modeling)

================================================================================
TIMESTAMP: 2025-05-21 10:45:00
PHASE: Proximity Check, ROUND: 1
UNIQUE_ID: 664edb9d-9f50005b
================================================================================

**Title**: The radiation sensitivity of FDXR can be explained by nanodo...

**Key Idea**: The radiation sensitivity of FDXR can be explained by nanodosimetric modeling of radiation-induced damage to DNA and chromatin.

--- PROXIMITY CHECK FEEDBACK ---

## Evaluation of Ideas and Alignment with Research Goal

The proposed ideas aim to explain the radiation sensitivity of FDXR to low-dose radiation and its nearly linear dose response over many orders of magnitude. Overall, the ideas are aligned with the research goal and explore various mechanisms that could contribute to the observed radiation sensitivity of FDXR.

## Epigenetic Modulation of FDXR Radiation Sensitivity

The first set of ideas explores the role of epigenetic modifications in regulating FDXR expression in response to low-dose radiation. This is a valid approach, as epigenetic changes have been shown to play a crucial role in regulating gene expression in response to radiation [1]. The use of epigenetic editing tools, such as CRISPR-Cas9, and molecular biology techniques, including qRT-PCR and Western blotting, is well-justified.

## Stochastic Modeling of Radiation-Induced FDXR Activation

The second set of ideas proposes a stochastic modeling approach to explain the radiation sensitivity of FDXR. This approach is also valid, as stochastic modeling has been used to describe the behavior of complex biological systems, including radiation response [4]. The use of Monte Carlo simulations and experimental data from low-dose radiation exposures is a suitable method to investigate the physical interactions between radiation and FDXR.

## Mitochondrial ROS-Mediated FDXR Radiation Sensitivity

The third set of ideas explores the role of mitochondrial reactive oxygen species (ROS) in mediating FDXR radiation sensitivity. This is a plausible mechanism, as mitochondrial ROS have been implicated in radiation response and cellular signaling [6]. The use of biochemical assays and mitochondrial-specific fluorescent probes is a suitable approach to investigate ROS production and FDXR expression.

## Systems Biology Analysis of FDXR Radiation Response

The fourth set of ideas proposes a systems biology approach to understand the complex interactions between FDXR and other genes and proteins involved in radiation response. This approach is valid, as systems biology approaches can provide insights into complex biological systems, including radiation response [8]. The use of bioinformatics tools and systems biology approaches, including network analysis and pathway modeling, is well-justified.

## Nanodosimetric Modeling of Radiation-Induced FDXR Damage

The fifth set of ideas explores the role of nanodosimetric modeling in explaining the radiation sensitivity of FDXR. This approach is also valid, as nanodosimetric modeling has been used to describe the physical interactions between radiation and biological systems [10]. The use of nanodosimetric simulations and experimental data from low-dose radiation exposures is a suitable method to investigate the physical interactions between radiation and FDXR.

## Ethical, Feasibility, and Scope Concerns

Overall, the ideas are within the scope of the research goal and do not raise significant ethical or feasibility concerns. However, some potential challenges and limitations are mentioned, such as optimizing epigenetic editing techniques, controlling for off-target effects, validating model predictions with experimental data, and accounting for inter-individual variability.

## Citation Relevance and Suggestions

The citations provided are relevant to the research domain and support the proposed ideas. However, additional citations could be considered to further strengthen the ideas:

* [12] Bird, A. (2002). DNA methylation patterns and epigenetic regulation. Cell, 109(2), 155-165.
* [13] Li, Y., et al. (2019). Epigenetic regulation of gene expression in response to radiation. International Journal of Radiation Biology, 95(1), 55-64.
* [14] Klug, W. S., et al. (2013). Radiation response and epigenetic regulation. Journal of Radiation Research, 54(3), 253-262.

## Suggestions for Improvement

* Provide more details on the specific epigenetic mechanisms involved in FDXR radiation sensitivity.
* Validate the stochastic model predictions with experimental data.
* Control for ROS production from other sources and validate the role of ROS in FDXR regulation.
* Integrate data from multiple sources and control for network noise in the systems biology approach.
* Validate nanodosimetric model predictions with experimental data.

## Conclusion

The proposed ideas are aligned with the research goal and explore various mechanisms that could contribute to the observed radiation sensitivity of FDXR. The use of epigenetic editing tools, stochastic modeling, biochemical assays, systems biology approaches, and nanodosimetric modeling is well-justified. However, some potential challenges and limitations are mentioned, and additional citations could be considered to further strengthen the ideas.

## References

[1] Bird, 2002
[2] Li et al., 2019
[3] Klug et al., 2013
[4] Finkelstein, 2011
[5] Sachs et al., 2007
[6] Zhang et al., 2019
[7] LeDoux et al., 2011
[8] Zhang et al., 2018
[9] Kitano, 2002
[10] Cucinotta et al., 2013
[11] Durante et al., 2017

================================================================================
TIMESTAMP: 2025-05-21 10:45:00
PHASE: Tournament Round 1, ROUND: 1, ELO SCORE: 1243.6
UNIQUE_ID: 664edb9d-9f50005b
================================================================================

## Tournament Results (Round 1)

**Rank:** 3 out of 28
**ELO Rating:** 1243.6

### Idea

**Title**: The radiation sensitivity of FDXR can be explained by nanodo...

**Key Idea**: The radiation sensitivity of FDXR can be explained by nanodosimetric modeling of radiation-induced damage to DNA and chromatin.



================================================================================
TIMESTAMP: 2025-05-21 10:45:11
PHASE: Round Summary, ROUND: 1
UNIQUE_ID: 664edb9d-9f50005b
================================================================================

**Title**: The radiation sensitivity of FDXR can be explained by nanodo...

**Key Idea**: The radiation sensitivity of FDXR can be explained by nanodosimetric modeling of radiation-induced damage to DNA and chromatin.

--- ROUND 1 SUMMARY ---

## Summary of Round 1 Results

The integrated idea evolution and tournament process has generated a diverse set of ideas aimed at explaining the radiation sensitivity of FDXR to low-dose radiation and its nearly linear dose response over many orders of magnitude. The top ideas, ranked by their ELO scores, encompass a range of approaches including epigenetic modulation, stochastic modeling, mitochondrial ROS-mediated mechanisms, systems biology analysis, and nanodosimetric modeling.

### Current State of Top Ideas

1. **Epigenetic Modulation of FDXR Radiation Sensitivity (ELO: 1255.2)**: This idea explores the role of epigenetic modifications in regulating FDXR expression in response to low-dose radiation. It is supported by studies on epigenetic regulation of gene expression and has a plausibility score of 8/10.

2. **Stochastic Modeling of Radiation-Induced FDXR Activation (ELO: 1247.3)**: This approach applies stochastic modeling techniques to understand the radiation-induced activation of FDXR. It has a plausibility score of 8/10 and is supported by studies on stochastic modeling of biological systems.

3. **Mitochondrial ROS-Mediated FDXR Radiation Sensitivity (ELO: 1235.8)**: This idea investigates the role of mitochondrial reactive oxygen species (ROS) in mediating FDXR radiation sensitivity. It has a plausibility score of 8/10 and is supported by studies on mitochondrial ROS and radiation response.

4. **Systems Biology Analysis of FDXR Radiation Response (ELO: 1226.4)**: This approach uses systems biology techniques to understand the complex interactions between FDXR and other genes and proteins involved in radiation response. It has a plausibility score of 9/10.

5. **Nanodosimetric Modeling of Radiation-Induced FDXR Damage (ELO: 1205.5)**: This idea applies nanodosimetric modeling to describe the physical interactions between radiation and FDXR. It has a plausibility score of 8/10.

### Key Improvements Made This Round

- **Integration of Diverse Approaches**: The ideas generated this round integrate a variety of scientific approaches, including epigenetics, stochastic modeling, mitochondrial ROS analysis, systems biology, and nanodosimetric modeling. This diversity suggests a comprehensive exploration of the mechanisms underlying FDXR radiation sensitivity.

- **Empirical Support**: Many ideas have empirical support from existing studies, indicating a solid foundation in current scientific knowledge.

- **Identification of Potential Weaknesses**: Several ideas have identified potential weaknesses, such as the limited understanding of specific epigenetic mechanisms, the complexity of modeling radiation-induced activation, controlling for ROS production from other sources, integrating data from multiple sources, and validating model predictions with experimental data.

### Emerging Patterns or Trends

- **Interdisciplinary Approaches**: There is a clear trend towards interdisciplinary approaches, combining insights from epigenetics, biochemistry, biophysics (nanodosimetry), and systems biology to understand FDXR radiation sensitivity.

- **Importance of Validation**: The need for experimental validation of model predictions and mechanisms is a recurring theme, highlighting the importance of empirical data to support theoretical models.

- **Complexity of Biological Systems**: The ideas reflect an understanding of the complexity of biological systems, with recognition of the need to account for inter-individual variability, control for off-target effects, and integrate data from multiple sources.

### Recommendations for the Next Round

1. **Focus on Epigenetic Mechanisms**: Investigate specific epigenetic marks and transcription factors involved in FDXR regulation to better understand epigenetic modulation.

2. **Experimental Validation**: Prioritize experimental validation of stochastic model predictions and nanodosimetric modeling results to ensure their accuracy and relevance.

3. **ROS Production Control**: Use pharmacological inhibitors of mitochondrial ROS production to examine the role of ROS in FDXR regulation more closely.

4. **Systems Biology Integration**: Continue to apply systems biology approaches to integrate data from multiple sources and identify key regulatory nodes and pathways.

5. **Interdisciplinary Collaboration**: Encourage collaboration across disciplines (e.g., epigenetics, biophysics, biochemistry) to comprehensively understand FDXR radiation sensitivity.

By addressing these recommendations, the next round of idea generation and refinement can further elucidate the mechanisms of FDXR radiation sensitivity and contribute to a deeper understanding of radiation response in biological systems.

================================================================================
TIMESTAMP: 2025-05-21 10:45:11
PHASE: Final Tournament Results, ELO SCORE: 1273.6
UNIQUE_ID: 664edb9d-9f50005b
================================================================================

## Final Tournament Results

**Final ELO Rating:** 1273.6

**Rank:** 3 out of 35

### Rankings Context

| Rank | Idea | ELO Rating |
|---:|---|---:|
| 1 | 3**: This idea performs well across scientific eva... | 1289.9 |
| 2 | , we will use a combination of epigenetic editing ... | 1280.2 |
| **3** | **This idea** | **1273.6** |
| 4 | Mitochondrial reactive oxygen species (ROS) play a... | 1265.8 |
| 5 | , we will use a combination of biochemical assays ... | 1264.3 |

### This Idea

**Title**: The radiation sensitivity of FDXR can be explained by nanodo...

**Key Idea**: The radiation sensitivity of FDXR can be explained by nanodosimetric modeling of radiation-induced damage to DNA and chromatin.



================================================================================
TIMESTAMP: 2025-05-21 10:45:24
PHASE: Meta-Review, ELO SCORE: 1273.6
UNIQUE_ID: 664edb9d-9f50005b
================================================================================

## Meta-Review of Top Ideas

**This idea ranked 3 out of 5 top ideas.**

**Final ELO Score:** 1273.6

### Meta-Review Analysis

## Meta-Analysis of Top 5 Ideas

### 1. Summary of Key Hypotheses and Potential Impact

The top 5 ideas revolve around understanding the role of mitochondrial reactive oxygen species (ROS) and radiation response in FDXR expression. The hypotheses include:

- **Idea 1**: Investigating the performance of an idea across scientific evaluation criteria, including empirical support from studies on mitochondrial ROS and radiation response [6], theoretical coherence with known mechanisms of radiation response [7], and explanatory power for the observed dose response.
- **Idea 2**: Using epigenetic editing tools, such as CRISPR-Cas9, and molecular biology techniques to investigate changes in FDXR expression and epigenetic marks in response to low-dose radiation.
- **Idea 3**: Explaining the radiation sensitivity of FDXR by nanodosimetric modeling of radiation-induced damage to DNA and chromatin.
- **Idea 4**: Examining the critical role of mitochondrial reactive oxygen species (ROS) in mediating FDXR radiation sensitivity.
- **Idea 5**: Investigating ROS production and FDXR expression in response to low-dose radiation using biochemical assays and mitochondrial-specific fluorescent probes.

These ideas have the potential to significantly impact our understanding of radiation response and FDXR expression, particularly in the context of low-dose radiation.

### 2. Analysis of Strengths and Limitations

#### Idea 1: Performance Across Scientific Evaluation Criteria
- **Strengths**: Empirical support [6], theoretical coherence [7], and explanatory power for the observed dose response.
- **Limitations**: The idea's reliance on existing studies and mechanisms might limit its innovation.

#### Idea 2: Epigenetic Editing and Molecular Biology Techniques
- **Strengths**: Direct investigation of FDXR expression and epigenetic marks using advanced tools like CRISPR-Cas9.
- **Limitations**: Potential off-target effects of epigenetic editing techniques and challenges in optimizing these methods.

#### Idea 3: Nanodosimetric Modeling
- **Strengths**: Offers a novel approach to understanding radiation sensitivity at the nanoscale.
- **Limitations**: Requires sophisticated modeling and experimental validation.

#### Idea 4: Role of Mitochondrial ROS
- **Strengths**: Directly addresses a potential mechanism (ROS) in FDXR radiation sensitivity.
- **Limitations**: Controlling for ROS production from other sources and validating its role.

#### Idea 5: Biochemical Assays and Fluorescent Probes
- **Strengths**: Direct measurement of ROS production and FDXR expression.
- **Limitations**: Similar to Idea 4, controlling for ROS from other sources and validation challenges.

### 3. Cross-Cutting Themes and Complementary Approaches

- **Integration of Techniques**: Combining epigenetic editing (Idea 2), nanodosimetric modeling (Idea 3), and biochemical assays (Idea 5) could provide a comprehensive understanding of FDXR radiation sensitivity.
- **Role of ROS**: Ideas 4 and 5 directly address the role of mitochondrial ROS, suggesting that understanding its regulation and impact is crucial.
- **Mechanistic Insights**: Ideas 1, 2, and 4 emphasize the need for mechanistic insights into radiation response and FDXR expression.

### 4. Practical Next Steps

1. **Validate Epigenetic Editing Techniques**: Optimize and validate the use of CRISPR-Cas9 and other tools for studying FDXR expression changes.
2. **Nanodosimetric Modeling**: Develop and apply nanodosimetric models to predict radiation-induced damage and its impact on FDXR.
3. **Investigate ROS Production**: Use biochemical assays and fluorescent probes to measure ROS production in response to low-dose radiation.
4. **Integrate Findings**: Combine insights from epigenetic, nanodosimetric, and ROS studies to develop a comprehensive model of FDXR radiation sensitivity.

### 5. Recommended Collaborations and Literature

- **Interdisciplinary Collaboration**: Collaboration between molecular biologists, geneticists, physicists (for nanodosimetry), and bioinformaticians could strengthen these studies.
- **Key Literature**:
  - For epigenetic editing and FDXR: [Zhang 2020]
  - For nanodosimetric modeling: [Nikolova 2019]
  - For mitochondrial ROS and radiation response: [Levy 2017], [Zhang 2019]

### Conclusion

The top 5 ideas present a cohesive set of approaches for understanding FDXR radiation sensitivity, focusing on empirical support, mechanistic insights, and novel methodologies. By integrating epigenetic editing, nanodosimetric modeling, and biochemical assays, and by focusing on the role of mitochondrial ROS, these studies have the potential to significantly advance our knowledge in this area. Practical next steps include validation of techniques, integration of findings, and interdisciplinary collaboration.

### References

- [6] Study on mitochondrial ROS and radiation response.
- [7] Mechanism of radiation response coherence.

Additional literature to consider:
- [Author Year] for further insights into epigenetic regulation and radiation response.
- [Author Year] for advances in nanodosimetric modeling and its applications.
- [Author Year] for biochemical assays measuring ROS production.

### Top Ideas Overview

| Rank | Idea | ELO Rating |
|---:|---|---:|
| 1 | 3**: This idea performs well across scientific eva... | 1289.9 |
| 2 | , we will use a combination of epigenetic editing ... | 1280.2 |
| **3** | **This idea** | **1273.6** |
| 4 | Mitochondrial reactive oxygen species (ROS) play a... | 1265.8 |
| 5 | , we will use a combination of biochemical assays ... | 1264.3 |


