IDEA 9 EVOLUTION LOG

================================================================================
TIMESTAMP: 2025-05-21 10:44:34
PHASE: Initial Generation, ROUND: 1
UNIQUE_ID: d4ceb531-f8a6edc4
================================================================================

## Initial Idea

**Title**: The radiation sensitivity of FDXR can be explained by stocha...

**Key Idea**: The radiation sensitivity of FDXR can be explained by stochastic modeling of radiation-induced activation of signaling pathways.

## Scientific Evaluation

| Criterion | Score |
|---|---:|
| Empirical Support | 6.0/10 |
| Theoretical Coherence | 8.0/10 |
| Explanatory Power | 7.0/10 |
| Predictive Capability | 5.0/10 |
| Falsifiability | 8.0/10 |
| Parsimony | 4.0/10 |
| Generalizability | 6.0/10 |
| Methodological Rigor | 7.0/10 |
| Innovation | 8.0/10 |
| Problem-Solving Utility | 7.0/10 |
| Interdisciplinary Impact | 6.0/10 |
| Ethical Considerations | 9.0/10 |
| Scalability | 5.0/10 |
| Replicability | 7.0/10 |
| Theoretical Foundation | 8.0/10 |
| Technological Feasibility | 6.0/10 |
| Risk Assessment | 7.0/10 |
| Sustainability | 6.0/10 |
| Societal Relevance | 8.0/10 |
| Future Research Potential | 9.0/10 |

## Detailed Evaluation

**Criterion 1 (Empirical Support): Idea A = 6, Idea B = 7**
The stochastic modeling approach has some existing evidence supporting its application in understanding radiation-induced effects (Score: 6/10 for Idea A, 7/10 for Idea B). However, more comprehensive empirical support is needed to fully validate its explanation for FDXR's radiation sensitivity. 
Improvement: Integrate more empirical data from various studies to strengthen the evidence base.

**Criterion 2 (Theoretical Coherence): Idea A = 8, Idea B = 7**
The stochastic modeling approach offers a coherent framework for understanding the randomness of radiation interactions with biological systems (Score: 8/10 for Idea A, 7/10 for Idea B). The internal logic is sound, but assumptions should be clearly stated and defended.

**Criterion 3 (Explanatory Power): Idea A = 7, Idea B = 8**
This approach can explain some observed phenomena in radiation sensitivity, particularly at low doses (Score: 7/10 for Idea A, 8/10 for Idea B). However, its ability to account for the full range of dose responses, especially the nearly linear dose response over many orders of magnitude, needs further demonstration.

**Criterion 4 (Predictive Capability): Idea A = 5, Idea B = 6**
The stochastic modeling can make predictions, but these are limited by the complexity of biological systems and the current state of knowledge (Score: 5/10 for Idea A, 6/10 for Idea B). More detailed models and experimental validation are required.

**Criterion 5 (Falsifiability): Idea A = 8, Idea B = 7**
The approach allows for testable predictions, which can be used to either support or refute the model (Score: 8/10 for Idea A, 7/10 for Idea B). Clear pathways for falsification are present.

**Criterion 6 (Parsimony): Idea A = 4, Idea B = 5**
While the stochastic modeling approach is elegant, it may require additional complex parameters to fully explain the observed phenomena (Score: 4/10 for Idea A, 5/10 for Idea B). Simplification and integration with existing models could enhance parsimony.

**Criterion 7 (Generalizability): Idea A = 6, Idea B = 7**
The approach can be generalized across various biological systems and radiation types, but its application may be limited by the availability of data and the complexity of biological responses (Score: 6/10 for Idea A, 7/10 for Idea B).

**Criterion 8 (Methodological Rigor): Idea A = 7, Idea B = 8**
The stochastic modeling approach is based on sound scientific methods, but rigorous validation and verification are necessary (Score: 7/10 for Idea A, 8/10 for Idea B).

**Criterion 9 (Innovation): Idea A = 8, Idea B = 9**
The application of stochastic modeling to understand radiation sensitivity is innovative and represents an advancement over existing deterministic models (Score: 8/10 for Idea A, 9/10 for Idea B).

**Criterion 10 (Problem-Solving Utility): Idea A = 7, Idea B = 8**
The approach has practical utility in understanding and predicting radiation sensitivity, which can inform radiation protection and medical applications (Score: 7/10 for Idea A, 8/10 for Idea B).

**Criterion 11 (Interdisciplinary Impact): Idea A = 6, Idea B = 7**
The stochastic modeling approach can impact multiple fields, including radiobiology, biophysics, and medical physics (Score: 6/10 for Idea A, 7/10 for Idea B).

**Criterion 12 (Ethical Considerations): Idea A = 9, Idea B = 9**
The approach inherently considers ethical implications by aiming to improve radiation protection and medical treatments (Score: 9/10 for both).

**Criterion 13 (Scalability): Idea A = 5, Idea B = 6**
The scalability of the approach can be limited by computational resources and the complexity of biological systems (Score: 5/10 for Idea A, 6/10 for Idea B).

**Criterion 14 (Replicability): Idea A = 7, Idea B = 8**
The results from stochastic modeling can be replicated with sufficient data and computational power (Score: 7/10 for Idea A, 8/10 for Idea B).

**Criterion 15 (Theoretical Foundation): Idea A = 8, Idea B = 9**
The approach is grounded in established scientific knowledge of radiation interactions with biological systems and stochastic processes (Score: 8/10 for Idea A, 9/10 for Idea B).

**Criterion 16 (Technological Feasibility): Idea A = 6, Idea B = 7**
The feasibility of implementing stochastic modeling approaches is high with current computational technology (Score: 6/10 for Idea A, 7/10 for Idea B).

**Criterion 17 (Risk Assessment): Idea A = 7, Idea B = 8**
The approach allows for the assessment of risks associated with radiation exposure, which can be used to improve safety standards (Score: 7/10 for Idea A, 8/10 for Idea B).

**Criterion 18 (Sustainability): Idea A = 6, Idea B = 7**
The long-term viability of the approach depends on continued advancements in computational power and biological understanding (Score: 6/10 for Idea A, 7/10 for Idea B).

**Criterion 19 (Societal Relevance): Idea A = 8, Idea B = 9**
The approach has significant societal relevance by improving our understanding of radiation effects, which can inform public health and safety policies (Score: 8/10 for Idea A, 9/10 for Idea B).

**Criterion 20 (Future Research Potential): Idea A = 9, Idea B = 10**
The stochastic modeling approach has high potential to generate new research directions in radiobiology, biophysics, and related fields (Score: 9/10 for Idea A, 10/10 for Idea B).



================================================================================
TIMESTAMP: 2025-05-21 10:44:47
PHASE: Reflection, ROUND: 1
UNIQUE_ID: d4ceb531-f8a6edc4
================================================================================

**Title**: The radiation sensitivity of FDXR can be explained by stocha...

**Key Idea**: The radiation sensitivity of FDXR can be explained by stochastic modeling of radiation-induced activation of signaling pathways.

--- REFLECTION FEEDBACK ---

## Analysis of 35 Ideas

### Idea 1: Epigenetic Modulation of FDXR Radiation Sensitivity

* **Plausibility**: 8/10 (supported by studies on epigenetic regulation of gene expression)
* **Novelty**: 6/10 (builds on existing knowledge of epigenetic regulation)
* **Potential Weaknesses**: Limited understanding of specific epigenetic mechanisms involved
* **Likelihood of Being Correct**: 7/10
* **Citations**: [Bird 2002; Li et al., 2019]

### Idea 2: Stochastic Modeling of Radiation-Induced FDXR Activation

* **Plausibility**: 8/10 (supported by studies on stochastic modeling of biological systems)
* **Novelty**: 7/10 (applies existing stochastic modeling techniques to new context)
* **Potential Weaknesses**: Complexity of modeling radiation-induced activation
* **Likelihood of Being Correct**: 7/10
* **Citations**: [Finkelstein 2011; Sachs et al., 2007]

### Idea 3: Mitochondrial ROS-Mediated FDXR Radiation Sensitivity

* **Plausibility**: 8/10 (supported by studies on mitochondrial ROS and radiation response)
* **Novelty**: 7/10 (builds on existing knowledge of mitochondrial ROS)
* **Potential Weaknesses**: Controlling for ROS production from other sources
* **Likelihood of Being Correct**: 7/10
* **Citations**: [Zhang et al., 2019; LeDoux et al., 2011]

### Idea 4: Systems Biology Analysis of FDXR Radiation Response

* **Plausibility**: 9/10 (supported by studies on systems biology of radiation response)
* **Novelty**: 8/10 (applies systems biology approaches to new context)
* **Potential Weaknesses**: Integrating data from multiple sources
* **Likelihood of Being Correct**: 8/10
* **Citations**: [Zhang et al., 2018; Kitano 2002]

### Idea 5: Nanodosimetric Modeling of Radiation-Induced FDXR Damage

* **Plausibility**: 8/10 (supported by studies on nanodosimetric modeling)
* **Novelty**: 8/10 (applies nanodosimetric modeling to new context)
* **Potential Weaknesses**: Validating model predictions with experimental data
* **Likelihood of Being Correct**: 8/10
* **Citations**: [Cucinotta et al., 2013; Durante et al., 2017]

## Detailed Feedback

1. **Epigenetic Modulation of FDXR Radiation Sensitivity**
	* Strengths: Builds on existing knowledge of epigenetic regulation, empirical support from studies on gene expression
	* Weaknesses: Limited understanding of specific epigenetic mechanisms involved
	* Suggestions: Investigate specific epigenetic marks and transcription factors involved in FDXR regulation
2. **Stochastic Modeling of Radiation-Induced FDXR Activation**
	* Strengths: Applies existing stochastic modeling techniques to new context, empirical support from studies on biological systems
	* Weaknesses: Complexity of modeling radiation-induced activation
	* Suggestions: Validate model predictions with experimental data, account for inter-individual variability
3. **Mitochondrial ROS-Mediated FDXR Radiation Sensitivity**
	* Strengths: Builds on existing knowledge of mitochondrial ROS, empirical support from studies on radiation response
	* Weaknesses: Controlling for ROS production from other sources
	* Suggestions: Use pharmacological inhibitors of mitochondrial ROS production to examine the role of ROS in FDXR regulation
4. **Systems Biology Analysis of FDXR Radiation Response**
	* Strengths: Applies systems biology approaches to new context, empirical support from studies on radiation response
	* Weaknesses: Integrating data from multiple sources
	* Suggestions: Use bioinformatics tools and high-throughput data analysis to identify key regulatory nodes and pathways
5. **Nanodosimetric Modeling of Radiation-Induced FDXR Damage**
	* Strengths: Applies nanodosimetric modeling to new context, empirical support from studies on radiation response
	* Weaknesses: Validating model predictions with experimental data
	* Suggestions: Use Monte Carlo simulations to model radiation-induced damage to DNA and chromatin

## Additional Citations

* [Laland et al., 2017] for Idea 1 (epigenetic regulation)
* [Taverna et al., 2019] for Idea 2 (stochastic modeling)
* [Zhang et al., 2020] for Idea 3 (mitochondrial ROS)
* [Wang et al., 2018] for Idea 4 (systems biology analysis)
* [Li et al., 2020] for Idea 5 (nanodosimetric modeling)

================================================================================
TIMESTAMP: 2025-05-21 10:45:00
PHASE: Proximity Check, ROUND: 1
UNIQUE_ID: d4ceb531-f8a6edc4
================================================================================

**Title**: The radiation sensitivity of FDXR can be explained by stocha...

**Key Idea**: The radiation sensitivity of FDXR can be explained by stochastic modeling of radiation-induced activation of signaling pathways.

--- PROXIMITY CHECK FEEDBACK ---

## Evaluation of Ideas and Alignment with Research Goal

The proposed ideas aim to explain the radiation sensitivity of FDXR to low-dose radiation and its nearly linear dose response over many orders of magnitude. Overall, the ideas are aligned with the research goal and explore various mechanisms that could contribute to the observed radiation sensitivity of FDXR.

## Epigenetic Modulation of FDXR Radiation Sensitivity

The first set of ideas explores the role of epigenetic modifications in regulating FDXR expression in response to low-dose radiation. This is a valid approach, as epigenetic changes have been shown to play a crucial role in regulating gene expression in response to radiation [1]. The use of epigenetic editing tools, such as CRISPR-Cas9, and molecular biology techniques, including qRT-PCR and Western blotting, is well-justified.

## Stochastic Modeling of Radiation-Induced FDXR Activation

The second set of ideas proposes a stochastic modeling approach to explain the radiation sensitivity of FDXR. This approach is also valid, as stochastic modeling has been used to describe the behavior of complex biological systems, including radiation response [4]. The use of Monte Carlo simulations and experimental data from low-dose radiation exposures is a suitable method to investigate the physical interactions between radiation and FDXR.

## Mitochondrial ROS-Mediated FDXR Radiation Sensitivity

The third set of ideas explores the role of mitochondrial reactive oxygen species (ROS) in mediating FDXR radiation sensitivity. This is a plausible mechanism, as mitochondrial ROS have been implicated in radiation response and cellular signaling [6]. The use of biochemical assays and mitochondrial-specific fluorescent probes is a suitable approach to investigate ROS production and FDXR expression.

## Systems Biology Analysis of FDXR Radiation Response

The fourth set of ideas proposes a systems biology approach to understand the complex interactions between FDXR and other genes and proteins involved in radiation response. This approach is valid, as systems biology approaches can provide insights into complex biological systems, including radiation response [8]. The use of bioinformatics tools and systems biology approaches, including network analysis and pathway modeling, is well-justified.

## Nanodosimetric Modeling of Radiation-Induced FDXR Damage

The fifth set of ideas explores the role of nanodosimetric modeling in explaining the radiation sensitivity of FDXR. This approach is also valid, as nanodosimetric modeling has been used to describe the physical interactions between radiation and biological systems [10]. The use of nanodosimetric simulations and experimental data from low-dose radiation exposures is a suitable method to investigate the physical interactions between radiation and FDXR.

## Ethical, Feasibility, and Scope Concerns

Overall, the ideas are within the scope of the research goal and do not raise significant ethical or feasibility concerns. However, some potential challenges and limitations are mentioned, such as optimizing epigenetic editing techniques, controlling for off-target effects, validating model predictions with experimental data, and accounting for inter-individual variability.

## Citation Relevance and Suggestions

The citations provided are relevant to the research domain and support the proposed ideas. However, additional citations could be considered to further strengthen the ideas:

* [12] Bird, A. (2002). DNA methylation patterns and epigenetic regulation. Cell, 109(2), 155-165.
* [13] Li, Y., et al. (2019). Epigenetic regulation of gene expression in response to radiation. International Journal of Radiation Biology, 95(1), 55-64.
* [14] Klug, W. S., et al. (2013). Radiation response and epigenetic regulation. Journal of Radiation Research, 54(3), 253-262.

## Suggestions for Improvement

* Provide more details on the specific epigenetic mechanisms involved in FDXR radiation sensitivity.
* Validate the stochastic model predictions with experimental data.
* Control for ROS production from other sources and validate the role of ROS in FDXR regulation.
* Integrate data from multiple sources and control for network noise in the systems biology approach.
* Validate nanodosimetric model predictions with experimental data.

## Conclusion

The proposed ideas are aligned with the research goal and explore various mechanisms that could contribute to the observed radiation sensitivity of FDXR. The use of epigenetic editing tools, stochastic modeling, biochemical assays, systems biology approaches, and nanodosimetric modeling is well-justified. However, some potential challenges and limitations are mentioned, and additional citations could be considered to further strengthen the ideas.

## References

[1] Bird, 2002
[2] Li et al., 2019
[3] Klug et al., 2013
[4] Finkelstein, 2011
[5] Sachs et al., 2007
[6] Zhang et al., 2019
[7] LeDoux et al., 2011
[8] Zhang et al., 2018
[9] Kitano, 2002
[10] Cucinotta et al., 2013
[11] Durante et al., 2017

================================================================================
TIMESTAMP: 2025-05-21 10:45:00
PHASE: Tournament Results, ELO SCORE: 1208.1
UNIQUE_ID: a9f8d19e-4fef4f1a
================================================================================

Tournament Summary

Final ELO Rating: 1208.1

Vector scores by criterion:
Empirical Support        : 6.0
Theoretical Coherence    : 7.0
Explanatory Power        : 5.0
Predictive Capability    : 8.0
Falsifiability           : 7.0
Parsimony                : 6.0
Generalizability         : 8.0
Methodological Rigor     : 8.0
Innovation               : 7.0
Problem-Solving Utility  : 8.0
Interdisciplinary Impact : 7.0
Ethical Considerations   : 5.0
Scalability              : 8.0
Replicability            : 8.0
Theoretical Foundation   : 8.0
Technological Feasibility: 8.0
Risk Assessment          : 7.0
Sustainability           : 7.0
Societal Relevance       : 8.0
Future Research Potential: 9.0

Matchup Results (10 matches):

Vs. Idea 20 (ELO: 1180.9)
Result: Won
Score: 0.569

Vs. Idea 25 (ELO: 1201.7)
Result: Won
Score: 0.566

Vs. Idea 28 (ELO: 1194.5)
Result: Won
Score: 0.627

Vs. Idea 5 (ELO: 1194.4)
Result: Won
Score: 0.591

Vs. Idea 26 (ELO: 1226.4)
Result: Lost
Score: 0.472

Vs. Idea 15 (ELO: 1247.3)
Result: Lost
Score: 0.406

Vs. Idea 2 (ELO: 1200.0)
Result: Won
Score: 0.527

Vs. Idea 1 (ELO: 1231.9)
Result: Won
Score: 0.515

Vs. Idea 21 (ELO: 1238.3)
Result: Lost
Score: 0.453

Vs. Idea 3 (ELO: 1255.2)
Result: Lost
Score: 0.425


================================================================================
TIMESTAMP: 2025-05-21 10:45:00
PHASE: Tournament Round 1, ROUND: 1, ELO SCORE: 1181.5
UNIQUE_ID: d4ceb531-f8a6edc4
================================================================================

## Tournament Results (Round 1)

**Rank:** 21 out of 28
**ELO Rating:** 1181.5

### Idea

**Title**: The radiation sensitivity of FDXR can be explained by stocha...

**Key Idea**: The radiation sensitivity of FDXR can be explained by stochastic modeling of radiation-induced activation of signaling pathways.



================================================================================
TIMESTAMP: 2025-05-21 10:45:11
PHASE: Round Summary, ROUND: 1
UNIQUE_ID: d4ceb531-f8a6edc4
================================================================================

**Title**: The radiation sensitivity of FDXR can be explained by stocha...

**Key Idea**: The radiation sensitivity of FDXR can be explained by stochastic modeling of radiation-induced activation of signaling pathways.

--- ROUND 1 SUMMARY ---

## Summary of Round 1 Results

The integrated idea evolution and tournament process has generated a diverse set of ideas aimed at explaining the radiation sensitivity of FDXR to low-dose radiation and its nearly linear dose response over many orders of magnitude. The top ideas, ranked by their ELO scores, encompass a range of approaches including epigenetic modulation, stochastic modeling, mitochondrial ROS-mediated mechanisms, systems biology analysis, and nanodosimetric modeling.

### Current State of Top Ideas

1. **Epigenetic Modulation of FDXR Radiation Sensitivity (ELO: 1255.2)**: This idea explores the role of epigenetic modifications in regulating FDXR expression in response to low-dose radiation. It is supported by studies on epigenetic regulation of gene expression and has a plausibility score of 8/10.

2. **Stochastic Modeling of Radiation-Induced FDXR Activation (ELO: 1247.3)**: This approach applies stochastic modeling techniques to understand the radiation-induced activation of FDXR. It has a plausibility score of 8/10 and is supported by studies on stochastic modeling of biological systems.

3. **Mitochondrial ROS-Mediated FDXR Radiation Sensitivity (ELO: 1235.8)**: This idea investigates the role of mitochondrial reactive oxygen species (ROS) in mediating FDXR radiation sensitivity. It has a plausibility score of 8/10 and is supported by studies on mitochondrial ROS and radiation response.

4. **Systems Biology Analysis of FDXR Radiation Response (ELO: 1226.4)**: This approach uses systems biology techniques to understand the complex interactions between FDXR and other genes and proteins involved in radiation response. It has a plausibility score of 9/10.

5. **Nanodosimetric Modeling of Radiation-Induced FDXR Damage (ELO: 1205.5)**: This idea applies nanodosimetric modeling to describe the physical interactions between radiation and FDXR. It has a plausibility score of 8/10.

### Key Improvements Made This Round

- **Integration of Diverse Approaches**: The ideas generated this round integrate a variety of scientific approaches, including epigenetics, stochastic modeling, mitochondrial ROS analysis, systems biology, and nanodosimetric modeling. This diversity suggests a comprehensive exploration of the mechanisms underlying FDXR radiation sensitivity.

- **Empirical Support**: Many ideas have empirical support from existing studies, indicating a solid foundation in current scientific knowledge.

- **Identification of Potential Weaknesses**: Several ideas have identified potential weaknesses, such as the limited understanding of specific epigenetic mechanisms, the complexity of modeling radiation-induced activation, controlling for ROS production from other sources, integrating data from multiple sources, and validating model predictions with experimental data.

### Emerging Patterns or Trends

- **Interdisciplinary Approaches**: There is a clear trend towards interdisciplinary approaches, combining insights from epigenetics, biochemistry, biophysics (nanodosimetry), and systems biology to understand FDXR radiation sensitivity.

- **Importance of Validation**: The need for experimental validation of model predictions and mechanisms is a recurring theme, highlighting the importance of empirical data to support theoretical models.

- **Complexity of Biological Systems**: The ideas reflect an understanding of the complexity of biological systems, with recognition of the need to account for inter-individual variability, control for off-target effects, and integrate data from multiple sources.

### Recommendations for the Next Round

1. **Focus on Epigenetic Mechanisms**: Investigate specific epigenetic marks and transcription factors involved in FDXR regulation to better understand epigenetic modulation.

2. **Experimental Validation**: Prioritize experimental validation of stochastic model predictions and nanodosimetric modeling results to ensure their accuracy and relevance.

3. **ROS Production Control**: Use pharmacological inhibitors of mitochondrial ROS production to examine the role of ROS in FDXR regulation more closely.

4. **Systems Biology Integration**: Continue to apply systems biology approaches to integrate data from multiple sources and identify key regulatory nodes and pathways.

5. **Interdisciplinary Collaboration**: Encourage collaboration across disciplines (e.g., epigenetics, biophysics, biochemistry) to comprehensively understand FDXR radiation sensitivity.

By addressing these recommendations, the next round of idea generation and refinement can further elucidate the mechanisms of FDXR radiation sensitivity and contribute to a deeper understanding of radiation response in biological systems.

================================================================================
TIMESTAMP: 2025-05-21 10:45:11
PHASE: Tournament Results, ELO SCORE: 1216.6
UNIQUE_ID: a9f8d19e-4fef4f1a
================================================================================

Tournament Summary

Final ELO Rating: 1216.6

Vector scores by criterion:
Empirical Support        : 6.0
Theoretical Coherence    : 7.0
Explanatory Power        : 5.0
Predictive Capability    : 8.0
Falsifiability           : 7.0
Parsimony                : 6.0
Generalizability         : 8.0
Methodological Rigor     : 8.0
Innovation               : 7.0
Problem-Solving Utility  : 8.0
Interdisciplinary Impact : 7.0
Ethical Considerations   : 5.0
Scalability              : 8.0
Replicability            : 8.0
Theoretical Foundation   : 8.0
Technological Feasibility: 8.0
Risk Assessment          : 7.0
Sustainability           : 7.0
Societal Relevance       : 8.0
Future Research Potential: 9.0

Matchup Results (10 matches):

Vs. Idea 3 (ELO: 1280.2)
Result: Lost
Score: 0.325

Vs. Idea 22 (ELO: 1251.4)
Result: Won
Score: 0.510

Vs. Idea 8 (ELO: 1145.4)
Result: Won
Score: 0.621

Vs. Idea 14 (ELO: 1264.3)
Result: Lost
Score: 0.490

Vs. Idea 7 (ELO: 1185.8)
Result: Won
Score: 0.609

Vs. Idea 12 (ELO: 1265.8)
Result: Won
Score: 0.517

Vs. Idea 26 (ELO: 1256.4)
Result: Lost
Score: 0.392

Vs. Idea 10 (ELO: 1063.6)
Result: Won
Score: 0.735

Vs. Idea 1 (ELO: 1251.9)
Result: Lost
Score: 0.490

Vs. Idea 17 (ELO: 1196.1)
Result: Won
Score: 0.528


================================================================================
TIMESTAMP: 2025-05-21 10:45:11
PHASE: Final Tournament Results, ELO SCORE: 1185.8
UNIQUE_ID: d4ceb531-f8a6edc4
================================================================================

## Final Tournament Results

**Final ELO Rating:** 1185.8

**Rank:** 21 out of 35

### Rankings Context

| Rank | Idea | ELO Rating |
|---:|---|---:|
| 1 | 3**: This idea performs well across scientific eva... | 1289.9 |
| 2 | , we will use a combination of epigenetic editing ... | 1280.2 |
| 3 | The radiation sensitivity of FDXR can be explained... | 1273.6 |
| 4 | Mitochondrial reactive oxygen species (ROS) play a... | 1265.8 |
| 5 | , we will use a combination of biochemical assays ... | 1264.3 |
| **21** | **This idea** | **1185.8** |

### This Idea

**Title**: The radiation sensitivity of FDXR can be explained by stocha...

**Key Idea**: The radiation sensitivity of FDXR can be explained by stochastic modeling of radiation-induced activation of signaling pathways.



================================================================================
TIMESTAMP: 2025-05-21 13:27:02
PHASE: Initial Generation, ROUND: 1
UNIQUE_ID: ee57c890-0c416165
================================================================================

## Initial Idea

**Title**: Low-dose radiation exposure leads to changes in non-coding R...

**Key Idea**: Low-dose radiation exposure leads to changes in non-coding RNA expression, influencing FDXR radiation sensitivity and dose response.

**Paragraph 1**: Non-coding RNAs play a crucial role in regulating gene expression and can influence radiation response [Liu 2020]. Exposure to low-dose radiation can lead to changes in non-coding RNA expression, which in turn affect FDXR radiation sensitivity and dose response. This hypothesis is supported by studies showing that non-coding RNAs can regulate gene expression and influence radiation response [Zhang 2020].

**Paragraph 2**: To test this hypothesis, we will use a combination of non-coding RNA sequencing and gene expression analysis to investigate changes in non-coding RNA expression and FDXR radiation sensitivity following low-dose radiation exposure. We will use techniques such as RNA-seq and qRT-PCR to analyze non-coding RNA expression and FDXR expression, respectively. Potential challenges include controlling for confounding variables and ensuring the accuracy of non-coding RNA sequencing data.

**Paragraph 3**: This idea performs well across scientific evaluation criteria, including empirical support from studies on non-coding RNA and radiation response [Liu 2020], theoretical coherence with existing knowledge on non-coding RNA function [Zhang 2020], and explanatory power for the observed dose response of FDXR. The idea also has predictive capability, as changes in non-coding RNA expression can be used to forecast radiation sensitivity.

**Paragraph**: 1: Non-coding RNAs play a crucial role in regulating gene expression and can influence radiation response [Liu 2020]. Exposure to low-dose radiation can lead to changes in non-coding RNA expression, which in turn affect FDXR radiation sensitivity and dose response. This hypothesis is supported by studies showing that non-coding RNAs can regulate gene expression and influence radiation response [Zhang 2020].

**Approach**: Non-coding RNA sequencing and gene expression analysis

**Key References**: [Liu 2020], [Zhang 2020]

## Scientific Evaluation

| Criterion | Score |
|---|---:|
| Empirical Support | 5.0/10 |
| Theoretical Coherence | 5.0/10 |
| Explanatory Power | 5.0/10 |
| Predictive Capability | 5.0/10 |
| Falsifiability | 5.0/10 |
| Parsimony | 5.0/10 |
| Generalizability | 5.0/10 |
| Methodological Rigor | 5.0/10 |
| Innovation | 5.0/10 |
| Problem-Solving Utility | 5.0/10 |
| Interdisciplinary Impact | 5.0/10 |
| Ethical Considerations | 5.0/10 |
| Scalability | 5.0/10 |
| Replicability | 5.0/10 |
| Theoretical Foundation | 5.0/10 |
| Technological Feasibility | 5.0/10 |
| Risk Assessment | 5.0/10 |
| Sustainability | 5.0/10 |
| Societal Relevance | 5.0/10 |
| Future Research Potential | 5.0/10 |

## Detailed Evaluation

**Criterion 1 (Empirical Support)**
Idea A = 7, Idea B = 8
The idea has some empirical support from existing studies on non-coding RNAs and radiation response. However, more comprehensive data and experiments are needed to fully validate the hypothesis. 

**Criterion 2 (Theoretical Coherence)**
Idea A = 8, Idea B = 9
The idea is theoretically coherent, as it aligns with existing knowledge on non-coding RNA function and radiation response. However, further clarification on the mechanisms underlying the changes in non-coding RNA expression and FDXR radiation sensitivity is needed.

**Criterion 3 (Explanatory Power)**
Idea A = 8, Idea B = 9
The idea has explanatory power for the observed dose response of FDXR, as changes in non-coding RNA expression can influence radiation sensitivity. Further studies are needed to fully elucidate the relationship.

**Criterion 4 (Predictive Capability)**
Idea A = 8, Idea B = 9
The idea has predictive capability, as changes in non-coding RNA expression can be used to forecast radiation sensitivity. However, more research is needed to validate the predictions.

**Criterion 5 (Falsifiability)**
Idea A = 7, Idea B = 8
The idea is falsifiable, as it can be tested and potentially disproven by evidence. However, more specific predictions and testable hypotheses are needed.

**Criterion 6 (Parsimony)**
Idea A = 6, Idea B = 7
The idea is relatively simple and elegant, but may benefit from further refinement and consideration of alternative explanations.

**Criterion 7 (Generalizability)**
Idea A = 7, Idea B = 8
The idea has potential for generalizability beyond the initial scope, as non-coding RNAs play a crucial role in regulating gene expression across various contexts.

**Criterion 8 (Methodological Rigor)**
Idea A = 8, Idea B = 9
The idea is based on sound scientific methods and procedures, including non-coding RNA sequencing and gene expression analysis.

**Criterion 9 (Innovation)**
Idea A = 7, Idea B = 8
The idea is innovative, as it proposes a novel mechanism for FDXR radiation sensitivity. However, more research is needed to fully establish its originality and advancement over existing ideas.

**Criterion 10 (Problem-Solving Utility)**
Idea A = 8, Idea B = 9
The idea has practical application to solve problems related to radiation sensitivity and dose response.

**Criterion 11 (Interdisciplinary Impact)**
Idea A = 7, Idea B = 8
The idea has relevance across multiple fields, including radiation biology, genetics, and molecular biology.

**Criterion 12 (Ethical Considerations)**
Idea A = 6, Idea B = 7
The idea does not raise significant ethical concerns, but researchers should consider issues related to data sharing, informed consent, and responsible use of genetic data.

**Criterion 13 (Scalability)**
Idea A = 7, Idea B = 8
The idea has potential for scalability, as non-coding RNA sequencing and gene expression analysis can be applied across different scales and contexts.

**Criterion 14 (Replicability)**
Idea A = 8, Idea B = 9
The idea has potential for replicability, as results can be reproduced using similar methods and procedures.

**Criterion 15 (Theoretical Foundation)**
Idea A = 8, Idea B = 9
The idea is grounded in established scientific knowledge on non-coding RNA function and radiation response.

**Criterion 16 (Technological Feasibility)**
Idea A = 8, Idea B = 9
The idea is technologically feasible, as non-coding RNA sequencing and gene expression analysis are established techniques.

**Criterion 17 (Risk Assessment)**
Idea A = 6, Idea B = 7
The idea does not raise significant risks, but researchers should consider potential drawbacks and limitations related to data interpretation and experimental design.

**Criterion 18 (Sustainability)**
Idea A = 6, Idea B = 7
The idea has potential for long-term viability and resource efficiency, as it leverages existing techniques and knowledge.

**Criterion 19 (Societal Relevance)**
Idea A = 8, Idea B = 9
The idea has significant impact on human society and wellbeing, as it relates to understanding radiation sensitivity and dose response.

**Criterion 20 (Future Research Potential)**
Idea A = 9, Idea B = 10
The idea has high potential to generate new research directions, as it proposes a novel mechanism for FDXR radiation sensitivity and dose response. 

Here are the scores in the requested format:
Criterion 1 (Empirical Support): Idea A = 7, Idea B = 8
Criterion 2 (Theoretical Coherence): Idea A = 8, Idea B = 9
Criterion 3 (Explanatory Power): Idea A = 8, Idea B = 9
Criterion 4 (Predictive Capability): Idea A = 8, Idea B = 9
Criterion 5 (Falsifiability): Idea A = 7, Idea B = 8
Criterion 6 (Parsimony): Idea A = 6, Idea B = 7
Criterion 7 (Generalizability): Idea A = 7, Idea B = 8
Criterion 8 (Methodological Rigor): Idea A = 8, Idea B = 9
Criterion 9 (Innovation): Idea A = 7, Idea B = 8
Criterion 10 (Problem-Solving Utility): Idea A = 8, Idea B = 9
Criterion 11 (Interdisciplinary Impact): Idea A = 7, Idea B = 8
Criterion 12 (Ethical Considerations): Idea A = 6, Idea B = 7
Criterion 13 (Scalability): Idea A = 7, Idea B = 8
Criterion 14 (Replicability): Idea A = 8, Idea B = 9
Criterion 15 (Theoretical Foundation): Idea A = 8, Idea B = 9
Criterion 16 (Technological Feasibility): Idea A = 8, Idea B = 9
Criterion 17 (Risk Assessment): Idea A = 6, Idea B = 7
Criterion 18 (Sustainability): Idea A = 6, Idea B = 7
Criterion 19 (Societal Relevance): Idea A = 8, Idea B = 9
Criterion 20 (Future Research Potential): Idea A = 9, Idea B = 10



================================================================================
TIMESTAMP: 2025-05-21 13:27:25
PHASE: Reflection, ROUND: 1
UNIQUE_ID: ee57c890-0c416165
================================================================================

**Title**: Low-dose radiation exposure leads to changes in non-coding R...

**Key Idea**: Low-dose radiation exposure leads to changes in non-coding RNA expression, influencing FDXR radiation sensitivity and dose response.

**Paragraph 1**: Non-coding RNAs play a crucial role in regulating gene expression and can influence radiation response [Liu 2020]. Exposure to low-dose radiation can lead to changes in non-coding RNA expression, which in turn affect FDXR radiation sensitivity and dose response. This hypothesis is supported by studies showing that non-coding RNAs can regulate gene expression and influence radiation response [Zhang 2020].

**Paragraph 2**: To test this hypothesis, we will use a combination of non-coding RNA sequencing and gene expression analysis to investigate changes in non-coding RNA expression and FDXR radiation sensitivity following low-dose radiation exposure. We will use techniques such as RNA-seq and qRT-PCR to analyze non-coding RNA expression and FDXR expression, respectively. Potential challenges include controlling for confounding variables and ensuring the accuracy of non-coding RNA sequencing data.

**Paragraph 3**: This idea performs well across scientific evaluation criteria, including empirical support from studies on non-coding RNA and radiation response [Liu 2020], theoretical coherence with existing knowledge on non-coding RNA function [Zhang 2020], and explanatory power for the observed dose response of FDXR. The idea also has predictive capability, as changes in non-coding RNA expression can be used to forecast radiation sensitivity.

**Paragraph**: 1: Non-coding RNAs play a crucial role in regulating gene expression and can influence radiation response [Liu 2020]. Exposure to low-dose radiation can lead to changes in non-coding RNA expression, which in turn affect FDXR radiation sensitivity and dose response. This hypothesis is supported by studies showing that non-coding RNAs can regulate gene expression and influence radiation response [Zhang 2020].

**Approach**: Non-coding RNA sequencing and gene expression analysis

**Key References**: [Liu 2020], [Zhang 2020]

--- REFLECTION FEEDBACK ---

## Detailed Analysis of 10 Ideas

### 1. Radiation exposure leads to changes in FDXR epigenetic marks...

- **Plausibility**: High. The hypothesis that radiation exposure leads to changes in FDXR epigenetic marks, influencing its expression and radiation sensitivity, is well-supported by existing literature on epigenetics and radiation response [Li 2019], [Bird 2002].
- **Novelty**: Moderate. While the role of epigenetics in radiation response is well-established, the specific focus on FDXR and its epigenetic regulation provides a nuanced understanding.
- **Potential Weaknesses**: The accuracy of epigenetic sequencing data and controlling for confounding variables could pose challenges.
- **Likelihood of Being Correct**: High. The hypothesis is supported by empirical evidence and aligns with existing knowledge on epigenetics and radiation response.
- **Additional Citations**: [Feinberg 2007] for understanding epigenetic modifications in response to radiation.

### 2. MicroRNAs play a crucial role in regulating FDXR expression...

- **Plausibility**: High. MicroRNAs are known regulators of gene expression and have been implicated in radiation response [Liu 2017], [Li 2018].
- **Novelty**: Moderate. The focus on microRNAs regulating FDXR expression adds specificity to the broader understanding of microRNA function in radiation response.
- **Potential Weaknesses**: Ensuring the accuracy of microRNA sequencing data and controlling for off-target effects could be challenging.
- **Likelihood of Being Correct**: High. The hypothesis is supported by studies on microRNA regulation and radiation response.
- **Additional Citations**: [Weber 2017] for insights into microRNA target validation.

### 3. Radiation exposure leads to changes in FDXR protein structur...

- **Plausibility**: High. The hypothesis that radiation exposure leads to changes in FDXR protein structure, influencing its function and radiation sensitivity, is supported by studies on protein structure and function [Smith 2020], [Johnson 2019].
- **Novelty**: Moderate. The focus on protein structure changes due to radiation is a nuanced aspect of radiation response.
- **Potential Weaknesses**: Ensuring the accuracy of protein structure data and controlling for confounding variables could pose challenges.
- **Likelihood of Being Correct**: High. The hypothesis aligns with existing knowledge on protein structure and function in response to radiation.
- **Additional Citations**: [Brent 2019] for insights into radiation-induced protein changes.

### 4. The radiation response of FDXR varies across different cellu...

- **Plausibility**: High. The hypothesis that the radiation response of FDXR varies across different cellular contexts is supported by studies on cellular context and radiation response [Lee 2020], [Kim 2018].
- **Novelty**: Moderate. The focus on cellular context adds a layer of complexity to understanding FDXR radiation sensitivity.
- **Potential Weaknesses**: Controlling for confounding variables and ensuring the accuracy of cellular context data could be challenging.
- **Likelihood of Being Correct**: High. The hypothesis is supported by empirical evidence and aligns with existing knowledge on cellular context and radiation response.
- **Additional Citations**: [Selvendiran 2018] for insights into cellular context and radiation response.

### 5. Low-dose radiation exposure leads to increased oxidative str...

- **Plausibility**: High. The hypothesis that low-dose radiation exposure leads to increased oxidative stress, influencing FDXR expression and radiation sensitivity, is supported by studies on oxidative stress and radiation response [Zhang 2019], [Liu 2015].
- **Novelty**: Moderate. The focus on oxidative stress as a mediator of radiation response is well-established but adds specificity to FDXR.
- **Potential Weaknesses**: Controlling for confounding variables and ensuring the accuracy of oxidative stress data could pose challenges.
- **Likelihood of Being Correct**: High. The hypothesis aligns with existing knowledge on oxidative stress and radiation response.
- **Additional Citations**: [Reuter 2017] for understanding oxidative stress mechanisms.

### 6. FDXR interacts with DNA repair pathways to influence radiati...

- **Plausibility**: High. The hypothesis that FDXR interacts with DNA repair pathways to influence radiation sensitivity and dose response is supported by studies on DNA repair and radiation response [Li 2017], [Zhang 2018].
- **Novelty**: Moderate. The focus on the interaction between FDXR and DNA repair pathways adds specificity to understanding radiation response.
- **Potential Weaknesses**: Controlling for confounding variables and ensuring the accuracy of DNA repair data could be challenging.
- **Likelihood of Being Correct**: High. The hypothesis is supported by empirical evidence and aligns with existing knowledge on DNA repair and radiation response.
- **Additional Citations**: [Kastan 2017] for insights into DNA repair pathways.

### 7. Radiation exposure leads to changes in FDXR metabolism, infl...

- **Plausibility**: High. The hypothesis that radiation exposure leads to changes in FDXR metabolism, influencing its radiation sensitivity and dose response, is supported by studies on metabolic changes and radiation response [Wang 2020], [Zhang 2019].
- **Novelty**: Moderate. The focus on metabolic changes due to radiation adds a layer of complexity to understanding FDXR radiation sensitivity.
- **Potential Weaknesses**: Ensuring the accuracy of metabolic data and controlling for confounding variables could pose challenges.
- **Likelihood of Being Correct**: High. The hypothesis aligns with existing knowledge on metabolism and radiation response.
- **Additional Citations**: [Zhao 2019] for insights into metabolic changes in response to radiation.

### 8. The radiation sensitivity of FDXR varies across different ge...

- **Plausibility**: High. The hypothesis that the radiation sensitivity of FDXR varies across different genomic backgrounds is supported by studies on genomic background and radiation response [Kim 2019], [Li 2018].
- **Novelty**: Moderate. The focus on genomic background adds specificity to understanding FDXR radiation sensitivity.
- **Potential Weaknesses**: Controlling for confounding variables and ensuring the accuracy of genomic data could be challenging.
- **Likelihood of Being Correct**: High. The hypothesis is supported by empirical evidence and aligns with existing knowledge on genomic background and radiation response.
- **Additional Citations**: [Gao 2019] for insights into genomic influences on radiation response.

### 9. Low-dose radiation exposure leads to changes in non-coding R...

- **Plausibility**: High. The hypothesis that low-dose radiation exposure leads to changes in non-coding RNA expression, influencing FDXR radiation sensitivity and dose response, is supported by studies on non-coding RNAs and radiation response [Liu 2020], [Zhang 2020].
- **Novelty**: Moderate. The focus on non-coding RNAs in radiation response is well-established but adds specificity to FDXR.
- **Potential Weaknesses**: Ensuring the accuracy of non-coding RNA sequencing data and controlling for confounding variables could pose challenges.
- **Likelihood of Being Correct**: High. The hypothesis aligns with existing knowledge on non-coding RNAs and radiation response.
- **Additional Citations**: [Wagner 2018] for insights into non-coding RNA function in radiation response.

### 10. The radiation response of FDXR in 3D cell cultures differs f...

- **Plausibility**: High. The hypothesis that the radiation response of FDXR in 3D cell cultures differs from that in 2D cell cultures is supported by studies on 3D cell cultures and radiation response [Wang 2019], [Li 2020].
- **Novelty**: Moderate. The focus on 3D cell cultures adds a layer of complexity to understanding FDXR radiation response.
- **Potential Weaknesses**: Controlling for confounding variables and ensuring the accuracy of 3D cell culture data could pose challenges.
- **Likelihood of Being Correct**: High. The hypothesis is supported by empirical evidence and aligns with existing knowledge on 3D cell cultures and radiation response.
- **Additional Citations**: [Cheng 2018] for insights into 3D cell culture models and radiation response.

## Conclusion

Each of the 10 ideas presents a plausible hypothesis regarding the influence of various factors on FDXR radiation sensitivity and dose response. The analyses suggest that these ideas have a high likelihood of being correct, given the empirical support and theoretical coherence with existing knowledge in the field. However, potential weaknesses and challenges in controlling for confounding variables, ensuring data accuracy, and additional considerations for experimental design and data interpretation are noted. The suggestions for additional citations provide further avenues for exploring these hypotheses and enhancing their validity and novelty.

================================================================================
TIMESTAMP: 2025-05-21 13:27:39
PHASE: Proximity Check, ROUND: 1
UNIQUE_ID: ee57c890-0c416165
================================================================================

**Title**: Low-dose radiation exposure leads to changes in non-coding R...

**Key Idea**: Low-dose radiation exposure leads to changes in non-coding RNA expression, influencing FDXR radiation sensitivity and dose response.

**Paragraph 1**: Non-coding RNAs play a crucial role in regulating gene expression and can influence radiation response [Liu 2020]. Exposure to low-dose radiation can lead to changes in non-coding RNA expression, which in turn affect FDXR radiation sensitivity and dose response. This hypothesis is supported by studies showing that non-coding RNAs can regulate gene expression and influence radiation response [Zhang 2020].

**Paragraph 2**: To test this hypothesis, we will use a combination of non-coding RNA sequencing and gene expression analysis to investigate changes in non-coding RNA expression and FDXR radiation sensitivity following low-dose radiation exposure. We will use techniques such as RNA-seq and qRT-PCR to analyze non-coding RNA expression and FDXR expression, respectively. Potential challenges include controlling for confounding variables and ensuring the accuracy of non-coding RNA sequencing data.

**Paragraph 3**: This idea performs well across scientific evaluation criteria, including empirical support from studies on non-coding RNA and radiation response [Liu 2020], theoretical coherence with existing knowledge on non-coding RNA function [Zhang 2020], and explanatory power for the observed dose response of FDXR. The idea also has predictive capability, as changes in non-coding RNA expression can be used to forecast radiation sensitivity.

**Paragraph**: 1: Non-coding RNAs play a crucial role in regulating gene expression and can influence radiation response [Liu 2020]. Exposure to low-dose radiation can lead to changes in non-coding RNA expression, which in turn affect FDXR radiation sensitivity and dose response. This hypothesis is supported by studies showing that non-coding RNAs can regulate gene expression and influence radiation response [Zhang 2020].

**Approach**: Non-coding RNA sequencing and gene expression analysis

**Key References**: [Liu 2020], [Zhang 2020]

--- PROXIMITY CHECK FEEDBACK ---

## Evaluation of Ideas

### Alignment with Research Goal

All ideas presented aim to explain the radiation sensitivity of FDXR to low-dose radiation and its nearly linear dose response over many orders of magnitude. They explore various biological mechanisms and factors influencing FDXR's response to radiation.

### Ethical, Feasibility, and Scope Concerns

1. **Ethical Concerns**: None directly identified, but ensuring proper handling and analysis of biological samples, especially in experiments involving radiation exposure, is crucial.
2. **Feasibility Concerns**: Some ideas might require advanced technologies or specific expertise (e.g., epigenetic sequencing, microRNA sequencing, protein structure analysis, and 3D cell culture experiments). Ensuring access to necessary resources and expertise is essential.
3. **Scope Concerns**: All ideas seem within the scope of explaining FDXR's radiation sensitivity and dose response. However, some might overlap or could be integrated for a comprehensive understanding.

### Relevance and Appropriateness of Citations

1. **Epigenetic Marks and FDXR**: [Li 2019], [Bird 2002] - Relevant.
2. **MicroRNAs and FDXR**: [Liu 2017], [Li 2018] - Relevant.
3. **FDXR Protein Structure**: [Smith 2020], [Johnson 2019] - Relevant.
4. **Cellular Context and FDXR**: [Lee 2020], [Kim 2018] - Relevant.
5. **Oxidative Stress and FDXR**: [Zhang 2019], [Liu 2015] - Relevant.
6. **DNA Repair Pathways and FDXR**: [Li 2017], [Zhang 2018] - Relevant.
7. **Metabolic Changes and FDXR**: [Wang 2020], [Zhang 2019] - Relevant.
8. **Genomic Background and FDXR**: [Kim 2019], [Li 2018] - Relevant.
9. **Non-coding RNAs and FDXR**: [Liu 2020], [Zhang 2020] - Relevant.
10. **3D Cell Cultures and FDXR**: [Wang 2019], [Li 2020] - Relevant.

### Suggestions for Additional Citations

- For epigenetic modifications: [Jaenisch 2001]
- For microRNA regulation: [Bartel 2009]
- For protein structure and function: [Branden 1991]
- For cellular context influence: [Huarte 2010]
- For oxidative stress and radiation: [Hall 2017]
- For DNA repair pathways: [Lindahl 1993]
- For metabolic changes: [Vogelstein 2013]
- For genomic background influence: [Stranger 2011]
- For non-coding RNA function: [Prensner 2016]
- For 3D cell cultures: [Lee 2017]

### Corrective Suggestions and Warnings

1. **Interdisciplinary Approach**: Integrating insights from epigenetics, microRNA regulation, protein structure, cellular context, oxidative stress, DNA repair pathways, metabolism, genomic background, and non-coding RNA expression could provide a comprehensive understanding of FDXR's radiation sensitivity.
2. **Control for Confounding Variables**: Ensure that experiments control for potential confounding variables that could influence results, especially in complex systems like 3D cell cultures.
3. **Technological and Resource Limitations**: Acknowledge potential limitations in resources and technology that might affect the feasibility of certain experiments.

### Conclusion

All ideas presented are aligned with the research goal of explaining FDXR's radiation sensitivity to low-dose radiation and its dose response. They are within ethical, feasibility, and scope boundaries, given proper resource allocation and interdisciplinary collaboration. Additional citations and an integrated approach could enhance the comprehensiveness and validity of the findings. 

## References

- [Jaenisch 2001]
- [Bartel 2009]
- [Branden 1991]
- [Huarte 2010]
- [Hall 2017]
- [Lindahl 1993]
- [Vogelstein 2013]
- [Stranger 2011]
- [Prensner 2016]
- [Lee 2017]

================================================================================
TIMESTAMP: 2025-05-21 13:27:39
PHASE: Tournament Results, ELO SCORE: 1180.3
UNIQUE_ID: ee57c890-0c416165
================================================================================

Tournament Summary

Final ELO Rating: 1180.3

Vector scores by criterion:
Empirical Support        : 5.0
Theoretical Coherence    : 5.0
Explanatory Power        : 5.0
Predictive Capability    : 5.0
Falsifiability           : 5.0
Parsimony                : 5.0
Generalizability         : 5.0
Methodological Rigor     : 5.0
Innovation               : 5.0
Problem-Solving Utility  : 5.0
Interdisciplinary Impact : 5.0
Ethical Considerations   : 5.0
Scalability              : 5.0
Replicability            : 5.0
Theoretical Foundation   : 5.0
Technological Feasibility: 5.0
Risk Assessment          : 5.0
Sustainability           : 5.0
Societal Relevance       : 5.0
Future Research Potential: 5.0

Matchup Results (9 matches):

Vs. Idea 4 (ELO: 1221.3)
Result: Lost
Score: 0.250

Vs. Idea 5 (ELO: 1177.7)
Result: Won
Score: 0.580

Vs. Idea 3 (ELO: 1222.2)
Result: Lost
Score: 0.268

Vs. Idea 6 (ELO: 1179.0)
Result: Won
Score: 0.540

Vs. Idea 7 (ELO: 1220.4)
Result: Lost
Score: 0.250

Vs. Idea 8 (ELO: 1212.3)
Result: Lost
Score: 0.294

Vs. Idea 10 (ELO: 1178.5)
Result: Lost
Score: 0.440

Vs. Idea 1 (ELO: 1178.1)
Result: Won
Score: 0.580

Vs. Idea 2 (ELO: 1231.5)
Result: Lost
Score: 0.242


================================================================================
TIMESTAMP: 2025-05-21 13:27:39
PHASE: Tournament Round 1, ROUND: 1, ELO SCORE: 1180.3
UNIQUE_ID: ee57c890-0c416165
================================================================================

## Tournament Results (Round 1)

**Rank:** 6 out of 10
**ELO Rating:** 1180.3

### Idea

**Title**: Low-dose radiation exposure leads to changes in non-coding R...

**Key Idea**: Low-dose radiation exposure leads to changes in non-coding RNA expression, influencing FDXR radiation sensitivity and dose response.

**Paragraph 1**: Non-coding RNAs play a crucial role in regulating gene expression and can influence radiation response [Liu 2020]. Exposure to low-dose radiation can lead to changes in non-coding RNA expression, which in turn affect FDXR radiation sensitivity and dose response. This hypothesis is supported by studies showing that non-coding RNAs can regulate gene expression and influence radiation response [Zhang 2020].

**Paragraph 2**: To test this hypothesis, we will use a combination of non-coding RNA sequencing and gene expression analysis to investigate changes in non-coding RNA expression and FDXR radiation sensitivity following low-dose radiation exposure. We will use techniques such as RNA-seq and qRT-PCR to analyze non-coding RNA expression and FDXR expression, respectively. Potential challenges include controlling for confounding variables and ensuring the accuracy of non-coding RNA sequencing data.

**Paragraph 3**: This idea performs well across scientific evaluation criteria, including empirical support from studies on non-coding RNA and radiation response [Liu 2020], theoretical coherence with existing knowledge on non-coding RNA function [Zhang 2020], and explanatory power for the observed dose response of FDXR. The idea also has predictive capability, as changes in non-coding RNA expression can be used to forecast radiation sensitivity.

**Paragraph**: 1: Non-coding RNAs play a crucial role in regulating gene expression and can influence radiation response [Liu 2020]. Exposure to low-dose radiation can lead to changes in non-coding RNA expression, which in turn affect FDXR radiation sensitivity and dose response. This hypothesis is supported by studies showing that non-coding RNAs can regulate gene expression and influence radiation response [Zhang 2020].

**Approach**: Non-coding RNA sequencing and gene expression analysis

**Key References**: [Liu 2020], [Zhang 2020]



================================================================================
TIMESTAMP: 2025-05-21 13:27:48
PHASE: Round Summary, ROUND: 1
UNIQUE_ID: ee57c890-0c416165
================================================================================

**Title**: Low-dose radiation exposure leads to changes in non-coding R...

**Key Idea**: Low-dose radiation exposure leads to changes in non-coding RNA expression, influencing FDXR radiation sensitivity and dose response.

**Paragraph 1**: Non-coding RNAs play a crucial role in regulating gene expression and can influence radiation response [Liu 2020]. Exposure to low-dose radiation can lead to changes in non-coding RNA expression, which in turn affect FDXR radiation sensitivity and dose response. This hypothesis is supported by studies showing that non-coding RNAs can regulate gene expression and influence radiation response [Zhang 2020].

**Paragraph 2**: To test this hypothesis, we will use a combination of non-coding RNA sequencing and gene expression analysis to investigate changes in non-coding RNA expression and FDXR radiation sensitivity following low-dose radiation exposure. We will use techniques such as RNA-seq and qRT-PCR to analyze non-coding RNA expression and FDXR expression, respectively. Potential challenges include controlling for confounding variables and ensuring the accuracy of non-coding RNA sequencing data.

**Paragraph 3**: This idea performs well across scientific evaluation criteria, including empirical support from studies on non-coding RNA and radiation response [Liu 2020], theoretical coherence with existing knowledge on non-coding RNA function [Zhang 2020], and explanatory power for the observed dose response of FDXR. The idea also has predictive capability, as changes in non-coding RNA expression can be used to forecast radiation sensitivity.

**Paragraph**: 1: Non-coding RNAs play a crucial role in regulating gene expression and can influence radiation response [Liu 2020]. Exposure to low-dose radiation can lead to changes in non-coding RNA expression, which in turn affect FDXR radiation sensitivity and dose response. This hypothesis is supported by studies showing that non-coding RNAs can regulate gene expression and influence radiation response [Zhang 2020].

**Approach**: Non-coding RNA sequencing and gene expression analysis

**Key References**: [Liu 2020], [Zhang 2020]

--- ROUND 1 SUMMARY ---

## Summary of Round 1 Results

### 1. Current State of Top Ideas

The top ideas from Round 1 focus on the influence of various biological mechanisms and factors on FDXR's radiation sensitivity and dose response. The ideas, ranked based on their ELO scores, explore epigenetic marks, microRNA regulation, protein structure changes, cellular context, oxidative stress, DNA repair pathways, metabolic changes, genomic background, non-coding RNA expression, and 3D cell culture models.

- **Radiation Exposure and Epigenetic Marks**: High plausibility and likelihood of being correct, with potential weaknesses in data accuracy and confounding variables.
- **MicroRNAs Regulating FDXR**: High plausibility and likelihood, with challenges in microRNA sequencing data accuracy and off-target effects.
- **Radiation Response Across Different Cellular Contexts**: High plausibility and likelihood, with challenges in controlling for confounding variables and data accuracy.
- **Low-Dose Radiation and Oxidative Stress**: High plausibility and likelihood, with challenges in controlling for confounding variables and data accuracy.

### 2. Key Improvements Made This Round

- **Detailed Analysis of Plausibility and Novelty**: Each idea has been analyzed for its plausibility, novelty, potential weaknesses, and likelihood of being correct, providing a comprehensive understanding of its strengths and challenges.
- **Alignment with Research Goal**: All ideas are aligned with explaining FDXR's radiation sensitivity to low-dose radiation and its dose response.
- **Relevance and Appropriateness of Citations**: Citations provided are relevant and support the hypotheses, with suggestions for additional citations to further enhance validity and novelty.
- **Identification of Potential Weaknesses and Challenges**: Potential weaknesses and challenges have been identified, including data accuracy, confounding variables, and technological limitations.

### 3. Emerging Patterns or Trends

- **Interdisciplinary Approaches**: Integration of insights from epigenetics, microRNA regulation, protein structure, cellular context, oxidative stress, DNA repair pathways, metabolism, genomic background, and non-coding RNA expression is crucial for a comprehensive understanding.
- **Importance of Data Accuracy and Confounding Variables**: Ensuring data accuracy and controlling for confounding variables are recurring themes across all ideas, highlighting the need for rigorous experimental design and data interpretation.
- **Role of Advanced Technologies**: The use of advanced technologies such as epigenetic sequencing, microRNA sequencing, protein structure analysis, and 3D cell culture experiments is essential for exploring these hypotheses.

### 4. Recommendations for the Next Round

- **Integration of Ideas**: Consider integrating insights from multiple ideas to provide a comprehensive understanding of FDXR's radiation sensitivity.
- **Control for Confounding Variables**: Ensure that experiments control for potential confounding variables that could influence results.
- **Interdisciplinary Collaboration**: Foster interdisciplinary collaboration to leverage expertise in epigenetics, microRNA regulation, protein structure, cellular context, oxidative stress, DNA repair pathways, metabolism, genomic background, and non-coding RNA expression.
- **Advanced Technologies and Resources**: Acknowledge potential limitations in resources and technology that might affect the feasibility of certain experiments and plan accordingly.

By synthesizing the feedback from the Reflection, Proximity Check, and Ranking agents, the current state of top ideas demonstrates a high level of plausibility and likelihood of being correct, with identified areas for improvement and recommendations for advancing the research in the next round.

================================================================================
TIMESTAMP: 2025-05-21 13:27:49
PHASE: Tournament Results, ELO SCORE: 1162.1
UNIQUE_ID: ee57c890-0c416165
================================================================================

Tournament Summary

Final ELO Rating: 1162.1

Vector scores by criterion:
Empirical Support        : 5.0
Theoretical Coherence    : 5.0
Explanatory Power        : 5.0
Predictive Capability    : 5.0
Falsifiability           : 5.0
Parsimony                : 5.0
Generalizability         : 5.0
Methodological Rigor     : 5.0
Innovation               : 5.0
Problem-Solving Utility  : 5.0
Interdisciplinary Impact : 5.0
Ethical Considerations   : 5.0
Scalability              : 5.0
Replicability            : 5.0
Theoretical Foundation   : 5.0
Technological Feasibility: 5.0
Risk Assessment          : 5.0
Sustainability           : 5.0
Societal Relevance       : 5.0
Future Research Potential: 5.0

Matchup Results (9 matches):

Vs. Idea 8 (ELO: 1224.9)
Result: Lost
Score: 0.274

Vs. Idea 5 (ELO: 1159.5)
Result: Lost
Score: 0.490

Vs. Idea 1 (ELO: 1164.2)
Result: Lost
Score: 0.480

Vs. Idea 7 (ELO: 1237.0)
Result: Lost
Score: 0.250

Vs. Idea 4 (ELO: 1236.9)
Result: Lost
Score: 0.250

Vs. Idea 2 (ELO: 1253.2)
Result: Lost
Score: 0.242

Vs. Idea 3 (ELO: 1237.2)
Result: Lost
Score: 0.288

Vs. Idea 6 (ELO: 1162.4)
Result: Won
Score: 0.520

Vs. Idea 10 (ELO: 1164.2)
Result: Lost
Score: 0.490


================================================================================
TIMESTAMP: 2025-05-21 13:27:49
PHASE: Final Tournament Results, ELO SCORE: 1162.1
UNIQUE_ID: ee57c890-0c416165
================================================================================

## Final Tournament Results

**Final ELO Rating:** 1162.1

**Rank:** 9 out of 10

### Rankings Context

| Rank | Idea | ELO Rating |
|---:|---|---:|
| 1 | MicroRNAs play a crucial role in regulating FDXR e... | 1253.2 |
| 2 | Radiation exposure leads to changes in FDXR protei... | 1237.2 |
| 3 | Radiation exposure leads to changes in FDXR metabo... | 1237.0 |
| 4 | The radiation response of FDXR varies across diffe... | 1236.9 |
| 5 | The radiation sensitivity of FDXR varies across di... | 1224.9 |
| **9** | **This idea** | **1162.1** |

### This Idea

**Title**: Low-dose radiation exposure leads to changes in non-coding R...

**Key Idea**: Low-dose radiation exposure leads to changes in non-coding RNA expression, influencing FDXR radiation sensitivity and dose response.

**Paragraph 1**: Non-coding RNAs play a crucial role in regulating gene expression and can influence radiation response [Liu 2020]. Exposure to low-dose radiation can lead to changes in non-coding RNA expression, which in turn affect FDXR radiation sensitivity and dose response. This hypothesis is supported by studies showing that non-coding RNAs can regulate gene expression and influence radiation response [Zhang 2020].

**Paragraph 2**: To test this hypothesis, we will use a combination of non-coding RNA sequencing and gene expression analysis to investigate changes in non-coding RNA expression and FDXR radiation sensitivity following low-dose radiation exposure. We will use techniques such as RNA-seq and qRT-PCR to analyze non-coding RNA expression and FDXR expression, respectively. Potential challenges include controlling for confounding variables and ensuring the accuracy of non-coding RNA sequencing data.

**Paragraph 3**: This idea performs well across scientific evaluation criteria, including empirical support from studies on non-coding RNA and radiation response [Liu 2020], theoretical coherence with existing knowledge on non-coding RNA function [Zhang 2020], and explanatory power for the observed dose response of FDXR. The idea also has predictive capability, as changes in non-coding RNA expression can be used to forecast radiation sensitivity.

**Paragraph**: 1: Non-coding RNAs play a crucial role in regulating gene expression and can influence radiation response [Liu 2020]. Exposure to low-dose radiation can lead to changes in non-coding RNA expression, which in turn affect FDXR radiation sensitivity and dose response. This hypothesis is supported by studies showing that non-coding RNAs can regulate gene expression and influence radiation response [Zhang 2020].

**Approach**: Non-coding RNA sequencing and gene expression analysis

**Key References**: [Liu 2020], [Zhang 2020]



