IDEA 14 EVOLUTION LOG

================================================================================
TIMESTAMP: 2025-05-21 10:44:34
PHASE: Initial Generation, ROUND: 1
UNIQUE_ID: 1a9e6bd7-39e3e35b
================================================================================

## Initial Idea

**Title**: Untitled Idea

**Key References**: [4] Finkelstein, 2011; [5] Sachs et al., 2007

## Scientific Evaluation

| Criterion | Score |
|---|---:|
| Empirical Support | 4.0/10 |
| Theoretical Coherence | 5.0/10 |
| Explanatory Power | 3.0/10 |
| Predictive Capability | 2.0/10 |
| Falsifiability | 6.0/10 |
| Parsimony | 7.0/10 |
| Generalizability | 5.0/10 |
| Methodological Rigor | 4.0/10 |
| Innovation | 6.0/10 |
| Problem-Solving Utility | 5.0/10 |
| Interdisciplinary Impact | 4.0/10 |
| Ethical Considerations | 8.0/10 |
| Scalability | 6.0/10 |
| Replicability | 5.0/10 |
| Theoretical Foundation | 7.0/10 |
| Technological Feasibility | 6.0/10 |
| Risk Assessment | 3.0/10 |
| Sustainability | 5.0/10 |
| Societal Relevance | 8.0/10 |
| Future Research Potential | 9.0/10 |

## Detailed Evaluation

## Criterion 1: Empirical Support
Score: 4/10
The idea lacks direct empirical evidence specifically related to the radiation sensitivity of FDXR and its nearly linear dose response over a wide range of doses (0.01 Gy to 1.0 Gy). The references provided ([4] Finkelstein, 2011; [5] Sachs et al., 2007) may offer some foundational insights but do not directly address the specific aspects of FDXR's response to low-dose radiation. 
Suggestions for Improvement: Conduct targeted experiments or gather existing data specifically focusing on FDXR's response to low-dose radiation to enhance empirical support.

## Criterion 2: Theoretical Coherence
Score: 5/10
The idea seems to have some theoretical basis, given the references to existing literature. However, the internal logical consistency and clarity regarding how FDXR's radiation sensitivity and dose response are specifically explained are not detailed. 
Suggestions for Improvement: Develop a clear, logical framework that directly ties FDXR's characteristics to its radiation sensitivity and dose response, possibly integrating known biological and physical principles.

## Criterion 3: Explanatory Power
Score: 3/10
The idea does not clearly demonstrate its ability to explain the observed phenomena of FDXR's sensitivity to low-dose radiation and its linear dose response. The current form lacks specificity on mechanisms or pathways involved.
Suggestions for Improvement: Integrate or propose specific biological pathways or mechanisms that could explain FDXR's observed responses to radiation, enhancing its explanatory power.

## Criterion 4: Predictive Capability
Score: 2/10
There is little to no information provided on how the idea could make testable predictions regarding FDXR's response to different doses of radiation. 
Suggestions for Improvement: Develop a model or hypothesis that generates specific, testable predictions about FDXR's behavior under various radiation doses.

## Criterion 5: Falsifiability
Score: 6/10
The idea, as presented, has some potential for being tested and possibly disproven, given that it references specific literature. However, clear criteria for falsification are not outlined.
Suggestions for Improvement: Clearly articulate what evidence or experimental results would lead to the rejection of the idea, enhancing its falsifiability.

## Criterion 6: Parsimony
Score: 7/10
The idea seems relatively simple but could benefit from a more straightforward explanation or model that directly addresses FDXR's radiation sensitivity and dose response without unnecessary complexity.
Suggestions for Improvement: Refine the idea to ensure it explains the phenomena with the fewest assumptions and simplest mechanisms necessary.

## Criterion 7: Generalizability
Score: 5/10
While the idea might apply to FDXR and radiation sensitivity, its applicability to other genes, proteins, or contexts is not clearly discussed.
Suggestions for Improvement: Explore how the proposed explanations for FDXR's radiation sensitivity might generalize to other biological systems or contexts.

## Criterion 8: Methodological Rigor
Score: 4/10
The references provided indicate some methodological basis but do not specifically address the rigor applied to studying FDXR's response to low-dose radiation.
Suggestions for Improvement: Ensure that any studies or analyses referenced or proposed employ rigorous scientific methods, including controls, replicates, and appropriate statistical analysis.

## Criterion 9: Innovation
Score: 6/10
The idea seems to build on existing research but does not clearly articulate a novel approach or insight into FDXR's radiation sensitivity.
Suggestions for Improvement: Integrate new perspectives, technologies, or methodologies that could offer fresh insights into FDXR's response to radiation.

## Criterion 10: Problem-Solving Utility
Score: 5/10
The practical application of the idea to solve problems related to radiation sensitivity and dose response in FDXR is not clearly outlined.
Suggestions for Improvement: Develop clear scenarios or examples of how understanding FDXR's radiation sensitivity could be applied to solve biological, medical, or environmental problems.

## Criterion 11: Interdisciplinary Impact
Score: 4/10
The potential impact across multiple fields (e.g., genetics, radiation biology, environmental science) is not clearly discussed.
Suggestions for Improvement: Explore and articulate how insights into FDXR's radiation sensitivity could influence or be relevant to various scientific disciplines.

## Criterion 12: Ethical Considerations
Score: 8/10
The idea, as related to radiation exposure and biological response, inherently involves ethical considerations, especially regarding human exposure and environmental impact. However, these are not explicitly addressed.
Suggestions for Improvement: Explicitly discuss the ethical implications of the research, including potential risks and benefits.

## Criterion 13: Scalability
Score: 6/10
The idea's performance across different scales (e.g., from molecular to organismal levels) is not detailed.
Suggestions for Improvement: Consider how the explanations for FDXR's radiation sensitivity might scale up or down across different biological levels.

## Criterion 14: Replicability
Score: 5/10
The potential for results related to FDXR's radiation sensitivity to be reproduced is not clearly discussed.
Suggestions for Improvement: Emphasize the importance of and propose methods for replicating studies to confirm findings.

## Criterion 15: Theoretical Foundation
Score: 7/10
The idea is grounded in some existing scientific knowledge, as indicated by the references. However, a deeper integration of established theories or models related to radiation biology could strengthen it.
Suggestions for Improvement: Further integrate or build upon established scientific theories related to radiation response and genetics.

## Criterion 16: Technological Feasibility
Score: 6/10
The practicality of implementing studies or applications related to FDXR's radiation sensitivity seems feasible with current technology but is not detailed.
Suggestions for Improvement: Discuss how current technologies could be applied or adapted to study FDXR's response to radiation.

## Criterion 17: Risk Assessment
Score: 3/10
Potential drawbacks and limitations, especially regarding the application of the idea to understand or predict biological responses to radiation, are not clearly outlined.
Suggestions for Improvement: Identify potential risks or limitations associated with the idea, including experimental challenges or unforeseen consequences.

## Criterion 18: Sustainability
Score: 5/10
The long-term viability and resource efficiency of research into FDXR's radiation sensitivity are not discussed.
Suggestions for Improvement: Consider the sustainability of the proposed research or applications in terms of resources, environmental impact, and long-term benefits.

## Criterion 19: Societal Relevance
Score: 8/10
Understanding FDXR's radiation sensitivity has clear implications for human health, environmental protection, and possibly nuclear safety, indicating high societal relevance.
Suggestions for Improvement: Explicitly articulate how the research could improve human health, environmental quality, or contribute to societal well-being.

## Criterion 20: Future Research Potential
Score: 9/10
The idea clearly has the potential to generate new research directions, especially in understanding biological responses to low-dose radiation.
Suggestions for Improvement: Outline specific questions or areas that the research could open up for future investigation, potentially leading to breakthroughs in radiation biology or protection.



================================================================================
TIMESTAMP: 2025-05-21 10:44:47
PHASE: Reflection, ROUND: 1
UNIQUE_ID: 1a9e6bd7-39e3e35b
================================================================================

**Title**: Untitled Idea

**Key References**: [4] Finkelstein, 2011; [5] Sachs et al., 2007

--- REFLECTION FEEDBACK ---

## Analysis of 35 Ideas

### Idea 1: Epigenetic Modulation of FDXR Radiation Sensitivity

* **Plausibility**: 8/10 (supported by studies on epigenetic regulation of gene expression)
* **Novelty**: 6/10 (builds on existing knowledge of epigenetic regulation)
* **Potential Weaknesses**: Limited understanding of specific epigenetic mechanisms involved
* **Likelihood of Being Correct**: 7/10
* **Citations**: [Bird 2002; Li et al., 2019]

### Idea 2: Stochastic Modeling of Radiation-Induced FDXR Activation

* **Plausibility**: 8/10 (supported by studies on stochastic modeling of biological systems)
* **Novelty**: 7/10 (applies existing stochastic modeling techniques to new context)
* **Potential Weaknesses**: Complexity of modeling radiation-induced activation
* **Likelihood of Being Correct**: 7/10
* **Citations**: [Finkelstein 2011; Sachs et al., 2007]

### Idea 3: Mitochondrial ROS-Mediated FDXR Radiation Sensitivity

* **Plausibility**: 8/10 (supported by studies on mitochondrial ROS and radiation response)
* **Novelty**: 7/10 (builds on existing knowledge of mitochondrial ROS)
* **Potential Weaknesses**: Controlling for ROS production from other sources
* **Likelihood of Being Correct**: 7/10
* **Citations**: [Zhang et al., 2019; LeDoux et al., 2011]

### Idea 4: Systems Biology Analysis of FDXR Radiation Response

* **Plausibility**: 9/10 (supported by studies on systems biology of radiation response)
* **Novelty**: 8/10 (applies systems biology approaches to new context)
* **Potential Weaknesses**: Integrating data from multiple sources
* **Likelihood of Being Correct**: 8/10
* **Citations**: [Zhang et al., 2018; Kitano 2002]

### Idea 5: Nanodosimetric Modeling of Radiation-Induced FDXR Damage

* **Plausibility**: 8/10 (supported by studies on nanodosimetric modeling)
* **Novelty**: 8/10 (applies nanodosimetric modeling to new context)
* **Potential Weaknesses**: Validating model predictions with experimental data
* **Likelihood of Being Correct**: 8/10
* **Citations**: [Cucinotta et al., 2013; Durante et al., 2017]

## Detailed Feedback

1. **Epigenetic Modulation of FDXR Radiation Sensitivity**
	* Strengths: Builds on existing knowledge of epigenetic regulation, empirical support from studies on gene expression
	* Weaknesses: Limited understanding of specific epigenetic mechanisms involved
	* Suggestions: Investigate specific epigenetic marks and transcription factors involved in FDXR regulation
2. **Stochastic Modeling of Radiation-Induced FDXR Activation**
	* Strengths: Applies existing stochastic modeling techniques to new context, empirical support from studies on biological systems
	* Weaknesses: Complexity of modeling radiation-induced activation
	* Suggestions: Validate model predictions with experimental data, account for inter-individual variability
3. **Mitochondrial ROS-Mediated FDXR Radiation Sensitivity**
	* Strengths: Builds on existing knowledge of mitochondrial ROS, empirical support from studies on radiation response
	* Weaknesses: Controlling for ROS production from other sources
	* Suggestions: Use pharmacological inhibitors of mitochondrial ROS production to examine the role of ROS in FDXR regulation
4. **Systems Biology Analysis of FDXR Radiation Response**
	* Strengths: Applies systems biology approaches to new context, empirical support from studies on radiation response
	* Weaknesses: Integrating data from multiple sources
	* Suggestions: Use bioinformatics tools and high-throughput data analysis to identify key regulatory nodes and pathways
5. **Nanodosimetric Modeling of Radiation-Induced FDXR Damage**
	* Strengths: Applies nanodosimetric modeling to new context, empirical support from studies on radiation response
	* Weaknesses: Validating model predictions with experimental data
	* Suggestions: Use Monte Carlo simulations to model radiation-induced damage to DNA and chromatin

## Additional Citations

* [Laland et al., 2017] for Idea 1 (epigenetic regulation)
* [Taverna et al., 2019] for Idea 2 (stochastic modeling)
* [Zhang et al., 2020] for Idea 3 (mitochondrial ROS)
* [Wang et al., 2018] for Idea 4 (systems biology analysis)
* [Li et al., 2020] for Idea 5 (nanodosimetric modeling)

================================================================================
TIMESTAMP: 2025-05-21 10:45:00
PHASE: Proximity Check, ROUND: 1
UNIQUE_ID: 1a9e6bd7-39e3e35b
================================================================================

**Title**: Untitled Idea

**Key References**: [4] Finkelstein, 2011; [5] Sachs et al., 2007

--- PROXIMITY CHECK FEEDBACK ---

## Evaluation of Ideas and Alignment with Research Goal

The proposed ideas aim to explain the radiation sensitivity of FDXR to low-dose radiation and its nearly linear dose response over many orders of magnitude. Overall, the ideas are aligned with the research goal and explore various mechanisms that could contribute to the observed radiation sensitivity of FDXR.

## Epigenetic Modulation of FDXR Radiation Sensitivity

The first set of ideas explores the role of epigenetic modifications in regulating FDXR expression in response to low-dose radiation. This is a valid approach, as epigenetic changes have been shown to play a crucial role in regulating gene expression in response to radiation [1]. The use of epigenetic editing tools, such as CRISPR-Cas9, and molecular biology techniques, including qRT-PCR and Western blotting, is well-justified.

## Stochastic Modeling of Radiation-Induced FDXR Activation

The second set of ideas proposes a stochastic modeling approach to explain the radiation sensitivity of FDXR. This approach is also valid, as stochastic modeling has been used to describe the behavior of complex biological systems, including radiation response [4]. The use of Monte Carlo simulations and experimental data from low-dose radiation exposures is a suitable method to investigate the physical interactions between radiation and FDXR.

## Mitochondrial ROS-Mediated FDXR Radiation Sensitivity

The third set of ideas explores the role of mitochondrial reactive oxygen species (ROS) in mediating FDXR radiation sensitivity. This is a plausible mechanism, as mitochondrial ROS have been implicated in radiation response and cellular signaling [6]. The use of biochemical assays and mitochondrial-specific fluorescent probes is a suitable approach to investigate ROS production and FDXR expression.

## Systems Biology Analysis of FDXR Radiation Response

The fourth set of ideas proposes a systems biology approach to understand the complex interactions between FDXR and other genes and proteins involved in radiation response. This approach is valid, as systems biology approaches can provide insights into complex biological systems, including radiation response [8]. The use of bioinformatics tools and systems biology approaches, including network analysis and pathway modeling, is well-justified.

## Nanodosimetric Modeling of Radiation-Induced FDXR Damage

The fifth set of ideas explores the role of nanodosimetric modeling in explaining the radiation sensitivity of FDXR. This approach is also valid, as nanodosimetric modeling has been used to describe the physical interactions between radiation and biological systems [10]. The use of nanodosimetric simulations and experimental data from low-dose radiation exposures is a suitable method to investigate the physical interactions between radiation and FDXR.

## Ethical, Feasibility, and Scope Concerns

Overall, the ideas are within the scope of the research goal and do not raise significant ethical or feasibility concerns. However, some potential challenges and limitations are mentioned, such as optimizing epigenetic editing techniques, controlling for off-target effects, validating model predictions with experimental data, and accounting for inter-individual variability.

## Citation Relevance and Suggestions

The citations provided are relevant to the research domain and support the proposed ideas. However, additional citations could be considered to further strengthen the ideas:

* [12] Bird, A. (2002). DNA methylation patterns and epigenetic regulation. Cell, 109(2), 155-165.
* [13] Li, Y., et al. (2019). Epigenetic regulation of gene expression in response to radiation. International Journal of Radiation Biology, 95(1), 55-64.
* [14] Klug, W. S., et al. (2013). Radiation response and epigenetic regulation. Journal of Radiation Research, 54(3), 253-262.

## Suggestions for Improvement

* Provide more details on the specific epigenetic mechanisms involved in FDXR radiation sensitivity.
* Validate the stochastic model predictions with experimental data.
* Control for ROS production from other sources and validate the role of ROS in FDXR regulation.
* Integrate data from multiple sources and control for network noise in the systems biology approach.
* Validate nanodosimetric model predictions with experimental data.

## Conclusion

The proposed ideas are aligned with the research goal and explore various mechanisms that could contribute to the observed radiation sensitivity of FDXR. The use of epigenetic editing tools, stochastic modeling, biochemical assays, systems biology approaches, and nanodosimetric modeling is well-justified. However, some potential challenges and limitations are mentioned, and additional citations could be considered to further strengthen the ideas.

## References

[1] Bird, 2002
[2] Li et al., 2019
[3] Klug et al., 2013
[4] Finkelstein, 2011
[5] Sachs et al., 2007
[6] Zhang et al., 2019
[7] LeDoux et al., 2011
[8] Zhang et al., 2018
[9] Kitano, 2002
[10] Cucinotta et al., 2013
[11] Durante et al., 2017

================================================================================
TIMESTAMP: 2025-05-21 10:45:00
PHASE: Tournament Results, ELO SCORE: 1234.3
UNIQUE_ID: a043ea76-6cbe1b3d
================================================================================

Tournament Summary

Final ELO Rating: 1234.3

Vector scores by criterion:
Empirical Support        : 6.0
Theoretical Coherence    : 8.0
Explanatory Power        : 7.0
Predictive Capability    : 8.0
Falsifiability           : 9.0
Parsimony                : 7.0
Generalizability         : 6.0
Methodological Rigor     : 8.0
Innovation               : 7.0
Problem-Solving Utility  : 8.0
Interdisciplinary Impact : 6.0
Ethical Considerations   : 9.0
Scalability              : 7.0
Replicability            : 8.0
Theoretical Foundation   : 8.0
Technological Feasibility: 8.0
Risk Assessment          : 7.0
Sustainability           : 6.0
Societal Relevance       : 8.0
Future Research Potential: 9.0

Matchup Results (10 matches):

Vs. Idea 23 (ELO: 1243.6)
Result: Lost
Score: 0.459

Vs. Idea 27 (ELO: 1205.5)
Result: Lost
Score: 0.460

Vs. Idea 28 (ELO: 1194.5)
Result: Won
Score: 0.572

Vs. Idea 3 (ELO: 1255.2)
Result: Lost
Score: 0.450

Vs. Idea 7 (ELO: 1181.5)
Result: Won
Score: 0.634

Vs. Idea 18 (ELO: 1155.0)
Result: Won
Score: 0.588

Vs. Idea 17 (ELO: 1191.7)
Result: Won
Score: 0.593

Vs. Idea 21 (ELO: 1238.3)
Result: Lost
Score: 0.490

Vs. Idea 13 (ELO: 1090.4)
Result: Won
Score: 0.760

Vs. Idea 5 (ELO: 1194.4)
Result: Won
Score: 0.576


================================================================================
TIMESTAMP: 2025-05-21 10:45:11
PHASE: Round Summary, ROUND: 1
UNIQUE_ID: 1a9e6bd7-39e3e35b
================================================================================

**Title**: Untitled Idea

**Key References**: [4] Finkelstein, 2011; [5] Sachs et al., 2007

--- ROUND 1 SUMMARY ---

## Summary of Round 1 Results

The integrated idea evolution and tournament process has generated a diverse set of ideas aimed at explaining the radiation sensitivity of FDXR to low-dose radiation and its nearly linear dose response over many orders of magnitude. The top ideas, ranked by their ELO scores, encompass a range of approaches including epigenetic modulation, stochastic modeling, mitochondrial ROS-mediated mechanisms, systems biology analysis, and nanodosimetric modeling.

### Current State of Top Ideas

1. **Epigenetic Modulation of FDXR Radiation Sensitivity (ELO: 1255.2)**: This idea explores the role of epigenetic modifications in regulating FDXR expression in response to low-dose radiation. It is supported by studies on epigenetic regulation of gene expression and has a plausibility score of 8/10.

2. **Stochastic Modeling of Radiation-Induced FDXR Activation (ELO: 1247.3)**: This approach applies stochastic modeling techniques to understand the radiation-induced activation of FDXR. It has a plausibility score of 8/10 and is supported by studies on stochastic modeling of biological systems.

3. **Mitochondrial ROS-Mediated FDXR Radiation Sensitivity (ELO: 1235.8)**: This idea investigates the role of mitochondrial reactive oxygen species (ROS) in mediating FDXR radiation sensitivity. It has a plausibility score of 8/10 and is supported by studies on mitochondrial ROS and radiation response.

4. **Systems Biology Analysis of FDXR Radiation Response (ELO: 1226.4)**: This approach uses systems biology techniques to understand the complex interactions between FDXR and other genes and proteins involved in radiation response. It has a plausibility score of 9/10.

5. **Nanodosimetric Modeling of Radiation-Induced FDXR Damage (ELO: 1205.5)**: This idea applies nanodosimetric modeling to describe the physical interactions between radiation and FDXR. It has a plausibility score of 8/10.

### Key Improvements Made This Round

- **Integration of Diverse Approaches**: The ideas generated this round integrate a variety of scientific approaches, including epigenetics, stochastic modeling, mitochondrial ROS analysis, systems biology, and nanodosimetric modeling. This diversity suggests a comprehensive exploration of the mechanisms underlying FDXR radiation sensitivity.

- **Empirical Support**: Many ideas have empirical support from existing studies, indicating a solid foundation in current scientific knowledge.

- **Identification of Potential Weaknesses**: Several ideas have identified potential weaknesses, such as the limited understanding of specific epigenetic mechanisms, the complexity of modeling radiation-induced activation, controlling for ROS production from other sources, integrating data from multiple sources, and validating model predictions with experimental data.

### Emerging Patterns or Trends

- **Interdisciplinary Approaches**: There is a clear trend towards interdisciplinary approaches, combining insights from epigenetics, biochemistry, biophysics (nanodosimetry), and systems biology to understand FDXR radiation sensitivity.

- **Importance of Validation**: The need for experimental validation of model predictions and mechanisms is a recurring theme, highlighting the importance of empirical data to support theoretical models.

- **Complexity of Biological Systems**: The ideas reflect an understanding of the complexity of biological systems, with recognition of the need to account for inter-individual variability, control for off-target effects, and integrate data from multiple sources.

### Recommendations for the Next Round

1. **Focus on Epigenetic Mechanisms**: Investigate specific epigenetic marks and transcription factors involved in FDXR regulation to better understand epigenetic modulation.

2. **Experimental Validation**: Prioritize experimental validation of stochastic model predictions and nanodosimetric modeling results to ensure their accuracy and relevance.

3. **ROS Production Control**: Use pharmacological inhibitors of mitochondrial ROS production to examine the role of ROS in FDXR regulation more closely.

4. **Systems Biology Integration**: Continue to apply systems biology approaches to integrate data from multiple sources and identify key regulatory nodes and pathways.

5. **Interdisciplinary Collaboration**: Encourage collaboration across disciplines (e.g., epigenetics, biophysics, biochemistry) to comprehensively understand FDXR radiation sensitivity.

By addressing these recommendations, the next round of idea generation and refinement can further elucidate the mechanisms of FDXR radiation sensitivity and contribute to a deeper understanding of radiation response in biological systems.

================================================================================
TIMESTAMP: 2025-05-21 10:45:11
PHASE: Tournament Results, ELO SCORE: 1264.3
UNIQUE_ID: a043ea76-6cbe1b3d
================================================================================

Tournament Summary

Final ELO Rating: 1264.3

Vector scores by criterion:
Empirical Support        : 6.0
Theoretical Coherence    : 8.0
Explanatory Power        : 7.0
Predictive Capability    : 8.0
Falsifiability           : 9.0
Parsimony                : 7.0
Generalizability         : 6.0
Methodological Rigor     : 8.0
Innovation               : 7.0
Problem-Solving Utility  : 8.0
Interdisciplinary Impact : 6.0
Ethical Considerations   : 9.0
Scalability              : 7.0
Replicability            : 8.0
Theoretical Foundation   : 8.0
Technological Feasibility: 8.0
Risk Assessment          : 7.0
Sustainability           : 6.0
Societal Relevance       : 8.0
Future Research Potential: 9.0

Matchup Results (10 matches):

Vs. Idea 25 (ELO: 1194.9)
Result: Won
Score: 0.572

Vs. Idea 19 (ELO: 1083.2)
Result: Won
Score: 0.732

Vs. Idea 16 (ELO: 1202.5)
Result: Won
Score: 0.611

Vs. Idea 15 (ELO: 1289.9)
Result: Lost
Score: 0.391

Vs. Idea 23 (ELO: 1273.6)
Result: Won
Score: 0.519

Vs. Idea 7 (ELO: 1185.8)
Result: Won
Score: 0.514

Vs. Idea 1 (ELO: 1251.9)
Result: Won
Score: 0.560

Vs. Idea 28 (ELO: 1192.4)
Result: Won
Score: 0.552

Vs. Idea 8 (ELO: 1145.4)
Result: Won
Score: 0.626

Vs. Idea 13 (ELO: 1053.0)
Result: Won
Score: 0.760


