IDEA 40 EVOLUTION LOG

================================================================================
TIMESTAMP: 2025-04-25 14:17:44
PHASE: New Idea, ROUND: 3
================================================================================

New Idea Generation (Round 3)
Generation Type: new

**Title**: Dark Matter from Brane Cosmology
-

**Key Idea**: Brane cosmology can provide a mechanism for generating dark matter through the interaction of branes with the standard model.
-

**Paragraph**: Brane cosmology proposes that our universe is a four-dimensional brane, or membrane, floating in a higher-dimensional space called the "bulk" [Arkani-Hamed et al. 1999]. Recent studies suggest that brane cosmology could provide a mechanism for generating dark matter [Dvali et al. 2000].
-

**Approach**: Investigate the phenomenology of brane cosmology and dark matter through cosmological observations and theoretical modeling.
-

**Key References**: [Arkani-Hamed et al. 1999; Dvali et al. 2000]

## References

[Abbott et al. 2016]
[Arkani-Hamed et al. 1999]
[Bae et al. 2013]
[Bianchi et al. 2019]
[Bertone & Hooper 2016]
[Blum et al. 2016]
[Brax et al. 2011]
[Buchmüller et al. 2019]
[Cao et al. 2009]
[Carr et al. 2010]
[Carr et al. 2020]
[Cline et al. 2020]
[Cline & Wolfram 2020]
[Craig et al. 2019]
[Dvali et al. 2000]
[Fan et al. 2010]
[Feng et al. 2017]
[Gleiser et al. 2020]
[Gu & McDermott 2016]
[Guth et al. 2015]
[Hawking 2005]
[Hsu et al. 2020]
[Inoue & Kofman 2002]
[Kahl et al. 2020]
[Kibble 1976]
[Knappe et al. 2020]
[Padmanabhan 2002]
[Pospelov 2008]

