IDEA 56 EVOLUTION LOG

================================================================================
TIMESTAMP: 2025-04-25 14:19:24
PHASE: New Idea, ROUND: 4
================================================================================

New Idea Generation (Round 4)
Generation Type: new

**Title**: Majoron Dark Matter with Neutrino Masses and Enhanced Neutrino Signatures
-

**Key Idea**: Majorons can serve as dark matter candidates if they interact with the standard model through neutrino masses, potentially enhancing neutrino signatures.
-

**Paragraph**: Majorons are hypothetical particles that can provide a mechanism for generating dark matter [Schechter & Valle 1982]. Recent studies suggest that majorons could provide a significant component of dark matter [Bazzocchi et al. 2009]. By connecting to neutrino masses and enhanced neutrino signatures, the model can provide more robust evidence for majoron dark matter.
-

**Approach**: Explore the connections between majoron dark matter, neutrino masses, and enhanced neutrino signatures through neutrino oscillation experiments and cosmological observations.
-

**Key References**: [Schechter & Valle 1982; Bazzocchi et al. 2009]

## References

[Abbott et al. 2016]
[Arkani-Hamed et al. 1999]
[Abazajian et al. 2012]
[Bae et al. 2013]
[Bazzocchi et al. 2009]
[Bertone & Hooper 2016]
[Bianchi et al. 2019]
[Blum et al. 2016]
[Brax et al. 2011]
[Buchmüller et al. 2019]
[Cai et al. 2019]
[Carr et al. 2010]
[Carr et al. 2020]
[Cline et al. 2020]
[Cline & Wolfram 2020]
[Craig et al. 2019]
[Dodelson & Widrow 1994]
[Dvali et al. 2000]
[Fan et al. 2010]
[Feng et al. 2017]
[Gleiser et al. 2020]
[Gudnason et al. 2016]
[Gu & McDermott 2016]
[Guth et al. 2015]
[Hawking 2005]
[Hsu et al. 2020]
[Inoue & Kofman 2002]
[Kahl et al. 2020]
[Kibble 1976]
[Khoury & Weltman 2004]
[Knappe et al. 2020]
[Padmanabhan 2002]
[Pospelov 2008]
[Schechter & Valle 1982]

