IDEA 1 EVOLUTION LOG

================================================================================
TIMESTAMP: 2025-05-06 16:03:17
PHASE: Initial Generation, ROUND: 1
================================================================================

Initial Generation
Generation Type: initial

**Title**: ** Nanostructured Silicon Anodes for Enhanced Lithium-Ion Battery Capacity and Cycling Stability

**Key Idea**: **  
Integrating nanostructured silicon into lithium-ion battery anodes can significantly increase specific capacity and maintain cycling stability compared to conventional graphite anodes.

**Paragraph**: **  
Silicon is recognized for its exceptionally high theoretical specific capacity (~4200 mAh/g) compared to graphite (~372 mAh/g), making it a promising anode material for next-generation lithium-ion batteries [Obrovac 2007]. However, bulk silicon anodes suffer from severe volumetric expansion (>300%) during lithiation, causing mechanical degradation and rapid capacity fading [Magasinski 2010]. Recent research suggests that engineering silicon at the nanoscale—such as using silicon nanowires, nanoparticles, or porous silicon—can mitigate these issues by accommodating volume changes and enhancing electrode integrity [Chan 2008]. This hypothesis posits that nanostructured silicon anodes will deliver both higher capacity and improved cycling life compared to standard graphite anodes, thus advancing lithium-ion battery technology.

**Approach**: **  
Synthesize various nanostructured silicon materials (e.g., nanowires, nanoparticles, porous silicon) and fabricate them into anode electrodes. Assemble half-cell and full-cell lithium-ion batteries using these anodes and perform electrochemical testing to compare specific capacity, coulombic efficiency, and cycle life against conventional graphite anodes. Use scanning electron microscopy and in situ measurements to monitor volume changes and structural integrity during cycling. Optimize binder and electrolyte formulations to further promote stability.

**Key References**: **  
- Obrovac, M.N., & Christensen, L. (2007). Structural Changes in Silicon Anodes during Lithium Insertion/Extraction. Electrochemical and Solid-State Letters, 10(5), A93-A96.  
- Magasinski, A. et al. (2010). High-performance lithium-ion anodes using a hierarchical bottom-up approach. Nature Materials, 9, 353–358.  
- Chan, C.K. et al. (2008). High-performance lithium battery anodes using silicon nanowires. Nature Nanotechnology, 3, 31–35.


---

================================================================================
TIMESTAMP: 2025-05-06 16:03:38
PHASE: Reflection, ROUND: 1
================================================================================

**Title**: ** Nanostructured Silicon Anodes for Enhanced Lithium-Ion Battery Capacity and Cycling Stability

**Key Idea**: **  
Integrating nanostructured silicon into lithium-ion battery anodes can significantly increase specific capacity and maintain cycling stability compared to conventional graphite anodes.

**Paragraph**: **  
Silicon is recognized for its exceptionally high theoretical specific capacity (~4200 mAh/g) compared to graphite (~372 mAh/g), making it a promising anode material for next-generation lithium-ion batteries [Obrovac 2007]. However, bulk silicon anodes suffer from severe volumetric expansion (>300%) during lithiation, causing mechanical degradation and rapid capacity fading [Magasinski 2010]. Recent research suggests that engineering silicon at the nanoscale—such as using silicon nanowires, nanoparticles, or porous silicon—can mitigate these issues by accommodating volume changes and enhancing electrode integrity [Chan 2008]. This hypothesis posits that nanostructured silicon anodes will deliver both higher capacity and improved cycling life compared to standard graphite anodes, thus advancing lithium-ion battery technology.

**Approach**: **  
Synthesize various nanostructured silicon materials (e.g., nanowires, nanoparticles, porous silicon) and fabricate them into anode electrodes. Assemble half-cell and full-cell lithium-ion batteries using these anodes and perform electrochemical testing to compare specific capacity, coulombic efficiency, and cycle life against conventional graphite anodes. Use scanning electron microscopy and in situ measurements to monitor volume changes and structural integrity during cycling. Optimize binder and electrolyte formulations to further promote stability.

**Key References**: **  
- Obrovac, M.N., & Christensen, L. (2007). Structural Changes in Silicon Anodes during Lithium Insertion/Extraction. Electrochemical and Solid-State Letters, 10(5), A93-A96.  
- Magasinski, A. et al. (2010). High-performance lithium-ion anodes using a hierarchical bottom-up approach. Nature Materials, 9, 353–358.  
- Chan, C.K. et al. (2008). High-performance lithium battery anodes using silicon nanowires. Nature Nanotechnology, 3, 31–35.


---

--- REFLECTION FEEDBACK ---

Certainly! Here is a structured, detailed analysis and reflection for both ideas, covering hypothesis plausibility, novelty, weaknesses, citation quality, and suggestions for improvement.

---

## **1. Nanostructured Silicon Anodes for Enhanced Lithium-Ion Battery Capacity and Cycling Stability**

### **Plausibility**

- **Strengths:**  
  The hypothesis that nanostructured silicon anodes can increase capacity and cycling stability is well supported by both theoretical (Si’s high capacity) and experimental evidence. The use of nanostructuring to mitigate volume expansion and mechanical degradation is a widely accepted approach in the field.
- **Evidence:**  
  The referenced works (Obrovac 2007, Magasinski 2010, Chan 2008) provide foundational and experimental support for both the problem (volumetric expansion) and the nanostructuring solution.

### **Novelty**

- **Assessment:**  
  While the idea of nanostructured silicon anodes is no longer novel—having been researched intensively since at least Chan et al. 2008—there is continuing innovation in architectures, binders, and composite materials. The general concept is established, but novelty may lie in **specific nanostructures, scalable synthesis, or integration strategies**.
- **Improvement:**  
  To increase novelty, the hypothesis should specify what is new (e.g., *a novel nanostructure, composite approach, or scalable fabrication method*).

### **Potential Flaws and Weaknesses**

- **Scalability and Cost:**  
  Many nanostructured Si approaches, especially nanowires, are difficult and expensive to scale up for commercial production [McDowell 2013].
- **First Cycle Irreversible Capacity Loss:**  
  Nanostructured Si anodes often show large initial irreversible capacity due to SEI (solid electrolyte interphase) formation [Magasinski 2010].
- **Mechanical/Electrical Integration:**  
  Maintaining electrical connectivity as nanostructures expand/contract remains challenging.
- **Cycling at Practical Areal Capacity:**  
  Many studies show improvements at low areal capacities, but real applications require much higher loading.
- **Electrolyte Compatibility:**  
  Nanostructured Si can react with electrolyte more due to higher surface area, accelerating degradation if not properly managed.

### **Citation Quality and Suggestions**

- **Relevance:**  
  The cited works are highly relevant and foundational. However, more recent reviews and studies could strengthen the background, especially regarding progress and remaining challenges in practical application.
- **Additional Recommended Citations:**
  - [McDowell 2013] McDowell, M.T. et al. "Understanding the Lithiation of Silicon and Other Alloying Anodes for Lithium-Ion Batteries." Adv. Mater. 25.36 (2013): 4966–4985.
  - [Yao 2019] Yao, Y. et al. "Interconnected Silicon Hollow Nanospheres for Lithium-Ion Battery Anodes with Long Cycle Life." Nano Letters 19.2 (2019): 1043–1049.
  - [Xu 2021] Xu, R. et al. "Recent progress in silicon-based materials for lithium anodes." Energy Storage Materials 34 (2021): 545–563.

### **Summary Recommendations**

- **Clarify what’s novel in your approach.**
- **Address and propose solutions for scalability, irreversible capacity loss, and long-term cycling at practical loadings.**
- **Include recent literature and reviews to capture the current state-of-the-art.**

---

## **2. Solid-State Electrolytes Based on Sulfide Glasses for Safer and High-Energy-Density Batteries**

### **Plausibility**

- **Strengths:**  
  The hypothesis is well grounded: sulfide-based solid-state electrolytes (SSEs) have been shown to combine high ionic conductivity (approaching or exceeding liquid electrolytes) and good compatibility with lithium metal [Kamaya 2011].
- **Evidence:**  
  The cited works (Tarascon 2001, Kamaya 2011, Zhang 2017) are highly reputable and relevant, supporting both the challenges of liquid electrolytes and the promise of sulfide SSEs.

### **Novelty**

- **Assessment:**  
  The general concept of using sulfide SSEs is established, and there are already commercial and academic efforts in this direction (e.g., Samsung’s prototype solid-state batteries). Novelty could lie in **new compositions, interfaces, scalable fabrication, or demonstration of improved safety/performance under realistic conditions**.
- **Improvement:**  
  Specify what is new in the approach: e.g., a new sulfide composition, interface engineering, or integration method.

### **Potential Flaws and Weaknesses**

- **Moisture Sensitivity:**  
  Many sulfide SSEs are highly sensitive to moisture, releasing toxic H2S gas [Zhang 2017].
- **Interfacial Issues:**  
  High interfacial resistance and instability at the lithium metal/SSE interface remain key challenges [Janek 2016].
- **Mechanical Properties:**  
  Sulfide glasses are typically brittle and may not accommodate dendrite growth as well as expected.
- **Manufacturing Complexity:**  
  Processing and handling sulfide SSEs under inert atmosphere adds cost and complexity.

### **Citation Quality and Suggestions**

- **Relevance:**  
  All cited works are highly relevant, foundational, and up-to-date.
- **Additional Recommended Citations:**
  - [Janek 2016] Janek, J. & Zeier, W.G. "A solid future for battery development." Nature Energy 1, 16141 (2016).
  - [Zhu 2018] Zhu, Y. et al. "Interface engineering for solid-state lithium batteries: challenges and perspectives." J. Mater. Chem. A, 6, 1, 1-26 (2018).
  - [Asano 2018] Asano, T. et al. "Solid halide electrolytes with high lithium-ion conductivity for application in 4 V class bulk-type all-solid-state batteries." Adv. Mater. 30.44 (2018): 1803075.

### **Summary Recommendations**

- **Clarify the novelty: new materials, improved interfaces, or demonstration of practical prototypes.**
- **Address and propose solutions for interface stability, moisture sensitivity, and practical manufacturing.**
- **Cite recent reviews on interface engineering and commercial progress.**

---

## **General Comparison and Likelihood of Being Correct**

- **Both hypotheses are plausible and well supported by the literature.**
- **Neither is fundamentally novel, but both remain highly active research areas.**
- **Success in practice will depend on addressing real-world engineering challenges (scalability, cost, interface stability, practical energy density).**
- **Citations are solid, but more recent and focused reviews and studies should be included.**

---

## **Summary Table**

| Aspect                 | Silicon Anodes                                        | Sulfide SSEs                                         |
|------------------------|-------------------------------------------------------|------------------------------------------------------|
| Plausibility           | High, well supported                                  | High, well supported                                 |
| Novelty                | Low (established field); depends on specific advance  | Low (established field); depends on specific advance |
| Potential Weaknesses   | Scalability, initial loss, cycling at high loading    | Interface, moisture, mechanical properties           |
| Citation Quality       | Solid, but needs more recent sources                  | Solid, but needs more recent sources                 |
| Recommendations        | Clarify novelty, address practical issues, update refs| Clarify novelty, address practical issues, update refs|

---

### **References for Further Reading**

- McDowell, M.T. et al. (2013). Understanding the Lithiation of Silicon and Other Alloying Anodes for Lithium-Ion Batteries. Adv. Mater. 25, 4966–4985.
- Yao, Y. et al. (2019). Interconnected Silicon Hollow Nanospheres for Lithium-Ion Battery Anodes with Long Cycle Life. Nano Lett. 19, 1043–1049.
- Janek, J. & Zeier, W.G. (2016). A solid future for battery development. Nat. Energy 1, 16141.
- Zhu, Y. et al. (2018). Interface engineering for solid-state lithium batteries: challenges and perspectives. J. Mater. Chem. A, 6, 1–26.

---

**In summary:**  
Both ideas are scientifically solid and relevant, but to stand out or achieve practical impact, the novelty and real-world challenges must be addressed explicitly. Updating the literature and clarifying specific advances will strengthen both proposals.

