IDEA 2 EVOLUTION LOG

================================================================================
TIMESTAMP: 2025-05-06 16:03:17
PHASE: Initial Generation, ROUND: 1
================================================================================

Initial Generation
Generation Type: initial

**Title**: ** Solid-State Electrolytes Based on Sulfide Glasses for Safer and High-Energy-Density Batteries

**Key Idea**: **  
Replacing liquid electrolytes with sulfide-based solid-state electrolytes can enhance battery safety and enable the use of high-capacity lithium metal anodes, leading to batteries with greater energy density.

**Paragraph**: **  
Conventional lithium-ion batteries use organic liquid electrolytes, which pose risks of leakage, flammability, and dendrite-induced short circuits, especially when combined with lithium metal anodes [Tarascon 2001]. Solid-state electrolytes, particularly sulfide glasses (e.g., Li10GeP2S12), offer high ionic conductivity at room temperature and excellent electrochemical stability [Kamaya 2011]. These materials can suppress dendrite growth, reduce flammability, and facilitate the safe use of lithium metal anodes, which have much higher theoretical capacity than graphite [Zhang 2017]. The hypothesis is that sulfide-based solid-state electrolytes will enable the creation of batteries that are both safer and exhibit higher energy densities than current commercial lithium-ion batteries.

**Approach**: **  
Develop and synthesize sulfide-based solid electrolytes (such as Li10GeP2S12 and related compounds) and characterize their ionic conductivity, chemical/electrochemical stability, and compatibility with lithium metal anodes. Construct prototype solid-state batteries using these electrolytes and lithium metal anodes, then evaluate their energy density, cycle life, rate capability, and safety under abuse conditions. Compare performance metrics to conventional liquid-electrolyte lithium-ion cells.

**Key References**: **  
- Tarascon, J.M., & Armand, M. (2001). Issues and challenges facing rechargeable lithium batteries. Nature, 414, 359-367.  
- Kamaya, N. et al. (2011). A lithium superionic conductor. Nature Materials, 10, 682–686.  
- Zhang, Z. et al. (2017). New horizons for inorganic solid state ion conductors. Energy & Environmental Science, 10, 1163–1186.

================================================================================
TIMESTAMP: 2025-05-06 16:03:38
PHASE: Reflection, ROUND: 1
================================================================================

**Title**: ** Solid-State Electrolytes Based on Sulfide Glasses for Safer and High-Energy-Density Batteries

**Key Idea**: **  
Replacing liquid electrolytes with sulfide-based solid-state electrolytes can enhance battery safety and enable the use of high-capacity lithium metal anodes, leading to batteries with greater energy density.

**Paragraph**: **  
Conventional lithium-ion batteries use organic liquid electrolytes, which pose risks of leakage, flammability, and dendrite-induced short circuits, especially when combined with lithium metal anodes [Tarascon 2001]. Solid-state electrolytes, particularly sulfide glasses (e.g., Li10GeP2S12), offer high ionic conductivity at room temperature and excellent electrochemical stability [Kamaya 2011]. These materials can suppress dendrite growth, reduce flammability, and facilitate the safe use of lithium metal anodes, which have much higher theoretical capacity than graphite [Zhang 2017]. The hypothesis is that sulfide-based solid-state electrolytes will enable the creation of batteries that are both safer and exhibit higher energy densities than current commercial lithium-ion batteries.

**Approach**: **  
Develop and synthesize sulfide-based solid electrolytes (such as Li10GeP2S12 and related compounds) and characterize their ionic conductivity, chemical/electrochemical stability, and compatibility with lithium metal anodes. Construct prototype solid-state batteries using these electrolytes and lithium metal anodes, then evaluate their energy density, cycle life, rate capability, and safety under abuse conditions. Compare performance metrics to conventional liquid-electrolyte lithium-ion cells.

**Key References**: **  
- Tarascon, J.M., & Armand, M. (2001). Issues and challenges facing rechargeable lithium batteries. Nature, 414, 359-367.  
- Kamaya, N. et al. (2011). A lithium superionic conductor. Nature Materials, 10, 682–686.  
- Zhang, Z. et al. (2017). New horizons for inorganic solid state ion conductors. Energy & Environmental Science, 10, 1163–1186.

--- REFLECTION FEEDBACK ---

Certainly! Here is a structured, detailed analysis and reflection for both ideas, covering hypothesis plausibility, novelty, weaknesses, citation quality, and suggestions for improvement.

---

## **1. Nanostructured Silicon Anodes for Enhanced Lithium-Ion Battery Capacity and Cycling Stability**

### **Plausibility**

- **Strengths:**  
  The hypothesis that nanostructured silicon anodes can increase capacity and cycling stability is well supported by both theoretical (Si’s high capacity) and experimental evidence. The use of nanostructuring to mitigate volume expansion and mechanical degradation is a widely accepted approach in the field.
- **Evidence:**  
  The referenced works (Obrovac 2007, Magasinski 2010, Chan 2008) provide foundational and experimental support for both the problem (volumetric expansion) and the nanostructuring solution.

### **Novelty**

- **Assessment:**  
  While the idea of nanostructured silicon anodes is no longer novel—having been researched intensively since at least Chan et al. 2008—there is continuing innovation in architectures, binders, and composite materials. The general concept is established, but novelty may lie in **specific nanostructures, scalable synthesis, or integration strategies**.
- **Improvement:**  
  To increase novelty, the hypothesis should specify what is new (e.g., *a novel nanostructure, composite approach, or scalable fabrication method*).

### **Potential Flaws and Weaknesses**

- **Scalability and Cost:**  
  Many nanostructured Si approaches, especially nanowires, are difficult and expensive to scale up for commercial production [McDowell 2013].
- **First Cycle Irreversible Capacity Loss:**  
  Nanostructured Si anodes often show large initial irreversible capacity due to SEI (solid electrolyte interphase) formation [Magasinski 2010].
- **Mechanical/Electrical Integration:**  
  Maintaining electrical connectivity as nanostructures expand/contract remains challenging.
- **Cycling at Practical Areal Capacity:**  
  Many studies show improvements at low areal capacities, but real applications require much higher loading.
- **Electrolyte Compatibility:**  
  Nanostructured Si can react with electrolyte more due to higher surface area, accelerating degradation if not properly managed.

### **Citation Quality and Suggestions**

- **Relevance:**  
  The cited works are highly relevant and foundational. However, more recent reviews and studies could strengthen the background, especially regarding progress and remaining challenges in practical application.
- **Additional Recommended Citations:**
  - [McDowell 2013] McDowell, M.T. et al. "Understanding the Lithiation of Silicon and Other Alloying Anodes for Lithium-Ion Batteries." Adv. Mater. 25.36 (2013): 4966–4985.
  - [Yao 2019] Yao, Y. et al. "Interconnected Silicon Hollow Nanospheres for Lithium-Ion Battery Anodes with Long Cycle Life." Nano Letters 19.2 (2019): 1043–1049.
  - [Xu 2021] Xu, R. et al. "Recent progress in silicon-based materials for lithium anodes." Energy Storage Materials 34 (2021): 545–563.

### **Summary Recommendations**

- **Clarify what’s novel in your approach.**
- **Address and propose solutions for scalability, irreversible capacity loss, and long-term cycling at practical loadings.**
- **Include recent literature and reviews to capture the current state-of-the-art.**

---

## **2. Solid-State Electrolytes Based on Sulfide Glasses for Safer and High-Energy-Density Batteries**

### **Plausibility**

- **Strengths:**  
  The hypothesis is well grounded: sulfide-based solid-state electrolytes (SSEs) have been shown to combine high ionic conductivity (approaching or exceeding liquid electrolytes) and good compatibility with lithium metal [Kamaya 2011].
- **Evidence:**  
  The cited works (Tarascon 2001, Kamaya 2011, Zhang 2017) are highly reputable and relevant, supporting both the challenges of liquid electrolytes and the promise of sulfide SSEs.

### **Novelty**

- **Assessment:**  
  The general concept of using sulfide SSEs is established, and there are already commercial and academic efforts in this direction (e.g., Samsung’s prototype solid-state batteries). Novelty could lie in **new compositions, interfaces, scalable fabrication, or demonstration of improved safety/performance under realistic conditions**.
- **Improvement:**  
  Specify what is new in the approach: e.g., a new sulfide composition, interface engineering, or integration method.

### **Potential Flaws and Weaknesses**

- **Moisture Sensitivity:**  
  Many sulfide SSEs are highly sensitive to moisture, releasing toxic H2S gas [Zhang 2017].
- **Interfacial Issues:**  
  High interfacial resistance and instability at the lithium metal/SSE interface remain key challenges [Janek 2016].
- **Mechanical Properties:**  
  Sulfide glasses are typically brittle and may not accommodate dendrite growth as well as expected.
- **Manufacturing Complexity:**  
  Processing and handling sulfide SSEs under inert atmosphere adds cost and complexity.

### **Citation Quality and Suggestions**

- **Relevance:**  
  All cited works are highly relevant, foundational, and up-to-date.
- **Additional Recommended Citations:**
  - [Janek 2016] Janek, J. & Zeier, W.G. "A solid future for battery development." Nature Energy 1, 16141 (2016).
  - [Zhu 2018] Zhu, Y. et al. "Interface engineering for solid-state lithium batteries: challenges and perspectives." J. Mater. Chem. A, 6, 1, 1-26 (2018).
  - [Asano 2018] Asano, T. et al. "Solid halide electrolytes with high lithium-ion conductivity for application in 4 V class bulk-type all-solid-state batteries." Adv. Mater. 30.44 (2018): 1803075.

### **Summary Recommendations**

- **Clarify the novelty: new materials, improved interfaces, or demonstration of practical prototypes.**
- **Address and propose solutions for interface stability, moisture sensitivity, and practical manufacturing.**
- **Cite recent reviews on interface engineering and commercial progress.**

---

## **General Comparison and Likelihood of Being Correct**

- **Both hypotheses are plausible and well supported by the literature.**
- **Neither is fundamentally novel, but both remain highly active research areas.**
- **Success in practice will depend on addressing real-world engineering challenges (scalability, cost, interface stability, practical energy density).**
- **Citations are solid, but more recent and focused reviews and studies should be included.**

---

## **Summary Table**

| Aspect                 | Silicon Anodes                                        | Sulfide SSEs                                         |
|------------------------|-------------------------------------------------------|------------------------------------------------------|
| Plausibility           | High, well supported                                  | High, well supported                                 |
| Novelty                | Low (established field); depends on specific advance  | Low (established field); depends on specific advance |
| Potential Weaknesses   | Scalability, initial loss, cycling at high loading    | Interface, moisture, mechanical properties           |
| Citation Quality       | Solid, but needs more recent sources                  | Solid, but needs more recent sources                 |
| Recommendations        | Clarify novelty, address practical issues, update refs| Clarify novelty, address practical issues, update refs|

---

### **References for Further Reading**

- McDowell, M.T. et al. (2013). Understanding the Lithiation of Silicon and Other Alloying Anodes for Lithium-Ion Batteries. Adv. Mater. 25, 4966–4985.
- Yao, Y. et al. (2019). Interconnected Silicon Hollow Nanospheres for Lithium-Ion Battery Anodes with Long Cycle Life. Nano Lett. 19, 1043–1049.
- Janek, J. & Zeier, W.G. (2016). A solid future for battery development. Nat. Energy 1, 16141.
- Zhu, Y. et al. (2018). Interface engineering for solid-state lithium batteries: challenges and perspectives. J. Mater. Chem. A, 6, 1–26.

---

**In summary:**  
Both ideas are scientifically solid and relevant, but to stand out or achieve practical impact, the novelty and real-world challenges must be addressed explicitly. Updating the literature and clarifying specific advances will strengthen both proposals.

