IDEA 52 EVOLUTION LOG

================================================================================
TIMESTAMP: 2025-04-26 19:25:50
PHASE: Evolution, ROUND: 3
================================================================================

Evolution Round 3
Generation Type: refined
Parent Idea: 10
Refinement Count: 0

**Title**: Quantum-Accelerated Ramsey Number Estimation with Machine-Learned Search and Error Certification

**Key Idea**: Quantum algorithms combining amplitude amplification, quantum machine learning, and error certification can yield tighter and more reliable Ramsey number bounds through accelerated search and structural pattern recognition.

**Paragraph**: Ramsey numbers are central yet computationally formidable. Quantum search accelerates counterexample discovery, while quantum machine learning uncovers structural patterns, guiding search and enabling tighter bounds. Incorporating error certification ensures confidence in results, making the

**Approach**: practical for mathematical and combinatorial research.

**Approach**: Use Grover’s search for explicit counterexample search, quantum machine learning for pattern-guided candidate generation, and error certification protocols. Benchmark improvements in speed, quality, and reliability over classical and pure quantum search approaches.

**Key References**: [Grover 1997], [Radziszowski 1994], [Biamonte 2017], [Knill 2007].

**Modifications**:  
- **Extended**: Added error certification for trustworthy estimation.
- **Strengthened**: Enhanced reliability and pattern-guided search.
- **New citation**: [Knill 2007].

---

### Idea 31 (Refined)

