IDEA 38 EVOLUTION LOG

================================================================================
TIMESTAMP: 2025-04-26 19:23:27
PHASE: Evolution, ROUND: 2
================================================================================

Evolution Round 2
Generation Type: refined
Parent Idea: 18
Refinement Count: 0

**Title**: Quantum Permanent Estimation for Structured and Random Matrices with Error Bounds

**Key Idea**: Quantum approximate counting with error-bound certification can efficiently estimate the permanent of random and structured matrices, surpassing classical methods in reliability and speed.

**Paragraph**: The permanent is #P-complete to compute, but quantum approximate counting, especially with certified error bounds, makes estimation practical for classes of matrices arising in physics and network theory.

**Approach**: Develop quantum amplitude estimation with error bounding for permanent estimation, validate on random and physically structured matrices, and compare with classical MCMC and deterministic approximation.

**Key References**: [Jerrum 2004], [Brassard 2002], [Aaronson 2011] (The computational complexity of linear optics).

**Modifications**:  
- Focus on error certification for practical use.
- Addressed structured and random matrix classes.
- Added [Aaronson 2011].

---

### Idea 19

