IDEA 65 EVOLUTION LOG

================================================================================
TIMESTAMP: 2025-04-26 19:28:05
PHASE: Evolution, ROUND: 4
================================================================================

Evolution Round 4
Generation Type: refined
Parent Idea: 1
Refinement Count: 0

**Title**: Quantum Speedup for Integer Partition Counting via Integrated Amplitude Estimation, Quantum Walks, Adaptive Error Mitigation, and Circuit Optimization

**Key Idea**: Quantum algorithms integrating amplitude estimation, quantum walks, adaptive error mitigation, and circuit optimization can approximate integer partition counts for large n with superior scalability, accuracy, and robustness compared to classical and naïve quantum approaches.

**Paragraph**: Integer partition counting is pivotal in combinatorics, number theory, and statistical physics, yet classical

**Approach**: es.

**Paragraph**: Integer partition counting is pivotal in combinatorics, number theory, and statistical physics, yet classical approaches are bottlenecked by exponential or high-degree polynomial runtimes. Quantum amplitude estimation offers quadratic speedup, and quantum walks accelerate structured enumeration. Incorporating adaptive error mitigation (tailored to device noise patterns) and circuit optimizations (such as modular decompositions for partition lattices) further enhances scalability and accuracy. These advances collectively enable practical, reliable partition counting for large-scale problems relevant to physics, cryptography, and algorithmic number theory.

**Approach**: Construct a quantum algorithm encoding partition enumeration as a quantum walk on the partition lattice, leverage amplitude estimation for counting, and incorporate adaptive error mitigation (e.g., zero-noise extrapolation, device-specific calibration) and circuit optimization. Benchmark runtime, accuracy, and robustness against classical dynamic programming and pure amplitude estimation approaches for varying input sizes.

**Key References**: [Brassard 2002], [Hardy 1918], [Childs 2003], [Temme 2017], [Khatri 2019] (added for circuit optimization).

**Modifications**:
- **Extended**: Added adaptive error mitigation and explicit circuit optimization for NISQ hardware.
- **Strengthened**: Improved reliability and hardware feasibility.
- **New citation**: [Khatri 2019].

---

### Idea 44 (Refined)

