IDEA 86 EVOLUTION LOG

================================================================================
TIMESTAMP: 2025-04-26 19:28:05
PHASE: Evolution, ROUND: 4
================================================================================

Evolution Round 4
Generation Type: refined
Parent Idea: 22
Refinement Count: 0

**Title**: Quantum Adversarial Attacks and Defenses for Combinatorial Optimization Algorithms

**Key Idea**: Quantum adversarial strategies, leveraging amplitude amplification and quantum generative models, can both expose vulnerabilities and strengthen defenses in quantum combinatorial optimization algorithms.

**Paragraph**: As quantum combinatorial optimization algorithms become practical, it is critical to understand their robustness against adversarial attacks (e.g., input perturbations, noise injection, or crafted problem instances). Quantum generative models and amplitude amplification can be used to efficiently generate hard or misleading inputs, while quantum adversarial training can proactively enhance algorithmic robustness. This emerging direction is vital for quantum algorithm security, especially in cryptography and critical infrastructure.

**Approach**: Design quantum adversarial protocols to generate challenging inputs for combinatorial optimization algorithms (e.g., SAT, subset sum, clique). Develop quantum adversarial defense mechanisms, such as quantum regularization and adversarial training. Evaluate robustness and defense efficacy across standard combinatorial benchmarks.

**Key References**: [Biamonte 2017], [Brassard 2002], [Goodfellow 2014] (Adversarial learning, classical), [Schuld 2021].

---

**Summary of Refinements**:  
All existing ideas were strengthened by adding explicit circuit optimization, adaptive compilation, or post-processing as appropriate for NISQ and future quantum hardware. Error mitigation strategies were clarified, and citations updated for each new enhancement.  
**New ideas** address quantum data compression and adversarial robustness—topics not previously explored in this set—thus broadening the research landscape for quantum combinatorial computation.

---

**References**:  
- [Brassard 2002] Brassard et al., Quantum Amplitude Amplification and Estimation  
- [Hardy 1918] Hardy & Ramanujan, Asymptotic Formulae in Combinatory Analysis  
- [Childs 2003/2004] Childs et al., Quantum Walks for Search and Graph Algorithms  
- [Temme 2017] Temme et al., Error Mitigation for Short-Depth Quantum Circuits  
- [Khatri 2019] Khatri et al., Quantum-Assisted Quantum Compiling  
- [Schumacher 1995] Schumacher, Quantum Coding  
- [Schuld 2021] Schuld & Killoran, Quantum Machine Learning in Feature Hilbert Spaces  
- [Gao 2018] Gao et al., Quantum Algorithms for Algebraic Problems  
- [Arunachalam 2020] Arunachalam et al., Differential Privacy in the Quantum Setting  
- [Dwork 2006] Dwork et al., Differential Privacy  
- [Goodfellow 2014] Goodfellow et al., Generative Adversarial Nets  
- [Biamonte 2017] Biamonte et al., Quantum Machine Learning  
- [Grover 1997/2002] Grover, Quantum Search Algorithms  
- [Jerrum 2004] Jerrum et al., Polynomial-Time Approximation of the Permanent  
*(and others as cited above)*

