IDEA 43 EVOLUTION LOG

================================================================================
TIMESTAMP: 2025-04-26 19:25:50
PHASE: Evolution, ROUND: 3
================================================================================

Evolution Round 3
Generation Type: refined
Parent Idea: 1
Refinement Count: 0

**Title**: Quantum Speedup for Integer Partition Counting via Integrated Amplitude Estimation, Quantum Walks, and Error Mitigation

**Key Idea**: Quantum algorithms that integrate amplitude estimation, quantum walks, and error mitigation can approximate integer partition counts for large n with superior scalability, accuracy, and robustness compared to classical and naïve quantum approaches.

**Paragraph**: Integer partition counting is pivotal in combinatorics, number theory, and statistical physics, with classical

**Approach**: es.

**Paragraph**: Integer partition counting is pivotal in combinatorics, number theory, and statistical physics, with classical approaches bottlenecked by exponential or high-degree polynomial runtimes. Quantum amplitude estimation offers quadratic speedup for estimation, and quantum walks further accelerate structured enumeration. By integrating amplitude estimation with quantum walks specifically tailored to partition lattices, and introducing error mitigation protocols, the algorithm achieves scalable, accurate, and reliable partition counting, enabling practical advances for large-scale problems in physics and cryptography.

**Approach**: Construct a quantum algorithm that encodes partition enumeration as a quantum walk on the partition lattice, leverages amplitude estimation for counting, and incorporates error mitigation (e.g., zero-noise extrapolation). Benchmark runtime, accuracy, and robustness against classical dynamic programming and pure amplitude estimation approaches for varying input sizes.

**Key References**: [Brassard 2002], [Hardy 1918], [Childs 2003], [Temme 2017] (added for error mitigation).

**Modifications**:  
- **Extended**: Added explicit error mitigation for NISQ feasibility.
- **Strengthened**: Highlighted robustness and reliability for practical large-n settings.
- **New citation**: [Temme 2017] for error mitigation on quantum circuits.

---

### Idea 22 (Refined)

