IDEA 72 EVOLUTION LOG

================================================================================
TIMESTAMP: 2025-04-26 19:28:05
PHASE: Evolution, ROUND: 4
================================================================================

Evolution Round 4
Generation Type: refined
Parent Idea: 8
Refinement Count: 0

**Title**: Heuristic-Pruned Quantum Backtracking for Hamiltonian Cycle Detection with Error Certification and Adaptive Compilation

**Key Idea**: Quantum backtracking, augmented with classical heuristic pruning, error certification, and adaptive compilation, delivers scalable and reliable Hamiltonian cycle detection in complex graphs.

**Paragraph**: Hamiltonian cycle detection is a key combinatorial optimization problem. Quantum backtracking offers speedup, heuristic pruning reduces the search space, and adaptive compilation enhances hardware efficiency. Integrating error certification protocols further ensures reliability, enabling the

**Approach**: to outperform both classical heuristics and naïve quantum backtracking on structured or sparse graphs.

**Approach**: Implement quantum backtracking with heuristic pruning, error certification (e.g., repeated trials/statistical analysis), and adaptive compilation; test on synthetic and real-world graphs.

**Key References**: [Montanaro 2015], [Held 1962], [Dorniak-Wall 2021], [Knill 2007], [Khatri 2019].

**Modifications**:
- **Extended**: Added adaptive compilation for hardware efficiency.
- **Strengthened**: Improved scalability for NISQ devices.
- **New citation**: [Khatri 2019].

---

### Idea 51 (Refined)

