IDEA 32 EVOLUTION LOG

================================================================================
TIMESTAMP: 2025-05-06 11:32:14
PHASE: Evolution, ROUND: 3
================================================================================

Evolution Round 3
Generation Type: refined
Parent Idea: 5
Refinement Count: 0

**Title**: Investigating Rv0331's Role in M. tuberculosis Stress Response and Survival

**Key Idea**: Rv0331 plays a role in M. tuberculosis stress response, affecting its survival and persistence in the host, with a focus on its regulatory function.

**Paragraph**: M. tuberculosis stress response mechanisms are essential for its survival and pathogenicity [13]. Rv0331's predicted regulatory function suggests a potential role in stress response [14]. Investigating this connection could provide insights into M. tuberculosis's ability to survive in the host. Recent studies have highlighted the importance of stress response regulators in M. tuberculosis survival [15]. To refine this idea, we will combine elements from multiple ideas by assessing Rv0331's regulatory function in stress response.

**Approach**: Use stress response assays, qRT-PCR, RNA-seq, and protein-protein interaction assays to assess Rv0331's impact on M. tuberculosis stress response and survival.

**Key References**: [13] Rohde et al. (2017), [14] Tobón et al. (2017), [15] Li et al. (2020), [24] Chen et al. (2019)

**Modifications**: 
- Extended the approach to include assessing Rv0331's regulatory function in stress response.
- Added new citation [24] Chen et al. (2019) to support the role of Rv0331 in stress response.

## New Ideas

### 1. Investigating Rv0331's Role in M. tuberculosis Epigenetic Regulation

Idea 28:

