IDEA 108 EVOLUTION LOG

================================================================================
TIMESTAMP: 2025-05-07 14:44:48
PHASE: Evolution, ROUND: 4
UNIQUE_ID: cc54d8fa-d1e03475
================================================================================

## Refined Idea (Round 4)

**Paragraph**: The K167R variant resists AcrVIA1-3 inhibition [Marino 2022], while multiplex guides (ftsZ, murA, glmS) minimise single-site escape.  Capsid-loop swaps increase mucus penetration four-fold [Lee 2019].

## Comparison with Original

### Original Idea (ID: 18)

**Title**: Dual-Target Pneumococcal/Haemophilus Prolipoprotein Signal Peptidase II Blockers

**Key Idea**: Designing di-basic lipopeptidomimetics inhibits LspA maturation pathway shared by both pathogens.

**Paragraph**: LspA is essential for lipoprotein processing; existing globomycin is not drug-like [Vogeley 2016]. Novel analogues could yield broad respiratory coverage.

**Approach**: (i) Structure-guided optimization from cryo-EM data; (ii) time-kill kinetics; (iii) respiratory epithelial infection co-culture; (iv) toxicity in zebrafish embryos.

**Key References**: [Vogeley 2016] LspA structure; [Trimble 2022] lipoprotein maturation as target.

### Scientific Evaluation

| Criterion | Score |
|---|---:|
| Plausibility | 7.0/10 |
| Theoretical Elegance | 5.0/10 |
| Mathematical Rigor | 3.0/10 |
| First Principles | 4.0/10 |
| Symmetry Properties | 2.0/10 |
| Information Theory | 4.0/10 |
| Predictive Power | 6.0/10 |
| Cross-domain Impact | 7.0/10 |
| Novelty | 8.0/10 |
| Conceptual Foundations | 6.0/10 |
| Systems Properties | 6.0/10 |
| Energy Efficiency | 4.0/10 |
| Conservation Laws | 3.0/10 |
| Dimensional Analysis | 3.0/10 |
| Quantum Properties | 1.0/10 |
| Computational Complexity | 4.0/10 |
| Statistical Mechanics | 2.0/10 |
| Geometric Structure | 4.0/10 |
| Phase Transitions | 2.0/10 |
| Dynamical Stability | 5.0/10 |

### Detailed Evaluation

Criterion 1 – Plausibility  
Score: 7/10  
Explanation: A CRISPR–Cas13 K167R variant that evades AcrVIA1-3, combined with multiplex targeting of essential genes and capsid engineering to enhance mucus penetration, is biologically credible and grounded in recent literature.  
Suggestions: Supply preliminary in-vitro or animal data showing K167R efficacy against each listed pathogen and quantify escape frequencies under multiplex pressure.

Criterion 2 – Theoretical Elegance  
Score: 5/10  
Explanation: The concept merges three ideas (Acr-resistant nuclease, multiplex guides, capsid swap) in a straightforward way but lacks a unifying minimal model or elegant theoretical framing.  
Suggestions: Express the strategy as a simple optimisation problem (e.g., minimise escape probability subject to delivery constraints) to increase parsimony.

Criterion 3 – Mathematical Rigor  
Score: 3/10  
Explanation: No formal equations or probabilistic models are provided; empirical statements dominate.  
Suggestions: Develop kinetics/ODE models for guide efficacy and stochastic models for escape mutation rates.

Criterion 4 – First Principles  
Score: 4/10  
Explanation: Derives implicitly from molecular biology principles (essential gene knock-down, host–phage arms race) but not explicitly from fundamental physics/chemistry.  
Suggestions: Tie Cas13 cleavage energetics and diffusion through mucus to underlying physical principles.

Criterion 5 – Symmetry Properties  
Score: 2/10  
Explanation: Symmetry considerations (e.g., sequence motif symmetries, structural invariants) are not addressed.  
Suggestions: Analyse palindromic or repeat symmetries in guide design to reduce off-targets.

Criterion 6 – Information Theory  
Score: 4/10  
Explanation: Multiplex guides intuitively raise information content, yet entropy reduction or channel capacity metrics are absent.  
Suggestions: Quantify guide set Shannon information versus bacterial mutational landscape.

Criterion 7 – Predictive Power  
Score: 6/10  
Explanation: Predicts reduced escape and improved penetration, which are testable; however, no quantitative forecasts are offered.  
Suggestions: Provide numerical predictions (e.g., ≥95 % kill rate, 4× diffusion coefficient) for specific experimental setups.

Criterion 8 – Cross-domain Impact  
Score: 7/10  
Explanation: Approach could extend to diverse bacteria and possibly viral targets; capsid modifications may influence gene delivery fields.  
Suggestions: Map potential applications to microbiome editing, antiviral RNA knock-down, and agriculture.

Criterion 9 – Novelty  
Score: 8/10  
Explanation: Combining Acr-resistant Cas variants with multiplex CRISPR inside mucus-penetrating capsids is a relatively unexplored composite strategy.  
Suggestions: Conduct novelty search in patent and preprint databases to strengthen claims.

Criterion 10 – Conceptual Foundations  
Score: 6/10  
Explanation: Builds on solid CRISPR biology and phage engineering but lacks an overarching conceptual framework linking components.  
Suggestions: Frame the idea as “layered evolutionary barriers” to articulate its conceptual coherence.

Criterion 11 – Systems Properties  
Score: 6/10  
Explanation: Addresses emergent resistance suppression and delivery within mucus, yet host immune interactions and microbiome dynamics remain underexplored.  
Suggestions: Model whole-system outcomes using agent-based simulations including immune and microbial community responses.

Criterion 12 – Energy Efficiency  
Score: 4/10  
Explanation: Energetic cost to bacterial cells (transcriptional burden, cleavage) is implicit but unquantified; delivery efficiency is touched on via capsid swap.  
Suggestions: Calculate ATP cost of CRISPR activation and correlate with bactericidal thresholds.

Criterion 13 – Conservation Laws  
Score: 3/10  
Explanation: Mass/energy conservation in delivery and cleavage reactions is not explicitly analysed.  
Suggestions: Include mass-balance for capsid payloads and nuclease turnover.

Criterion 14 – Dimensional Analysis  
Score: 3/10  
Explanation: No scaling relations (e.g., diffusion length vs. time, MOI vs. kill rate) are discussed.  
Suggestions: Perform dimensional checks on mucus penetration and bacterial clearance times.

Criterion 15 – Quantum Properties  
Score: 1/10  
Explanation: Quantum effects are irrelevant at this biological scale and are not considered.  
Suggestions: None needed; acknowledge irrelevance.

Criterion 16 – Computational Complexity  
Score: 4/10  
Explanation: Guide selection and escape prediction have algorithmic aspects, but complexity is not analysed.  
Suggestions: Present computational cost for multiplex guide optimisation and Cas variant screening.

Criterion 17 – Statistical Mechanics  
Score: 2/10  
Explanation: Ensemble behaviour of bacterial populations under CRISPR pressure is not formulated statistically.  
Suggestions: Use statistical-mechanical models of mutation-selection balance to predict resistance levels.

Criterion 18 – Geometric Structure  
Score: 4/10  
Explanation: Capsid geometry is implicitly important for mucus penetration but not elaborated.  
Suggestions: Provide structural modelling of loop swaps and correlate with rheological measurements.

Criterion 19 – Phase Transitions  
Score: 2/10  
Explanation: No critical phenomena or threshold behaviour is analysed, though population collapse could exhibit transition-like dynamics.  
Suggestions: Investigate percolation thresholds for guide coverage leading to population extinction.

Criterion 20 – Dynamical Stability  
Score: 5/10  
Explanation: Stability of antibacterial effect over time is claimed (escape minimised) but lacks dynamic modelling.  
Suggestions: Build time-course models to test long-term stability and potential re-emergence of resistant clones.

### Metadata

- Generation Type: Refinement
- Parent Idea: 18
- Refinement Count: 0


================================================================================
TIMESTAMP: 2025-05-07 14:55:53
PHASE: Reflection, ROUND: 4
UNIQUE_ID: cc54d8fa-d1e03475
================================================================================

**Paragraph**: The K167R variant resists AcrVIA1-3 inhibition [Marino 2022], while multiplex guides (ftsZ, murA, glmS) minimise single-site escape.  Capsid-loop swaps increase mucus penetration four-fold [Lee 2019].

--- REFLECTION FEEDBACK ---

Because of the 130-item scale, the feedback below is deliberately concise but still structured so that the project team can rapidly decide which ideas merit deeper investment.  Each idea is scored on four axes (0-5; 5 = best) followed by brief comments and, where appropriate, extra references in the requested [Author Year] format.  “Plaus.” = plausibility, “Nov.” = novelty, “Flaws” = severity of identifiable weaknesses (high score = few flaws), “Odds” = estimated likelihood the central hypothesis will prove correct in vivo.  Citations flagged as “▲” are clearly relevant / high-quality; “△” relevant but weaker; “▽” tangential or low quality.  Where space allows I add 1-2 highly pertinent missing citations.

─────────────────────────────────────────────────────────────────
IDEAS 1-30  (original batch – antibiotic or host-directed)         
─────────────────────────────────────────────────────────────────
 1  Allosteric ε-subunit inhibitors (Mtb)
    Plaus. 4  Nov. 3  Flaws 3  Odds 0.6
    – Selecting a transient pocket is reasonable but hinge lifetime may be too short; confirm with HDX or rapid-mix cryo-EM.  
    – Citations: Singh 2021▲, Berridge 2019△ (host energetics, not target), add [Guo 2021], [Cournia 2020] cryptic sites.  

 2  WTA GT suicide substrate (Spn)
    4  4  3  0.55
    – Covalent trapping of a surface enzyme is attractive; challenge = cytosolic access. Consider pro-drug or transporter hijack.  
    – Brown 2018▲, Campbell 2022▲; add [Swoboda 2010] for catalytic Lys evidence.  

 3  Photo-nitro heteroaromatic (H. influenzae)
    3  3  2  0.45
    – Bronchoscopic red light feasible; in-situ ROS distribution & host ROS detox remain big unknowns.  
    – Harrison 2019▲, Chen 2020▲; add [Hamblin 2016] PDT review.  

 4  dCas13a-T7 phage (E. coli)
    4  5  3  0.6
    – Collateral RNA cleavage well documented; need data on Acr proteins in gut strains.  
    – Abudayyeh 2017▲, Citorik 2019▲; add [Marino 2022] Acr evasion.  

 5  c-di-AMP exporter blocker (S. aureus)
    4  4  2  0.55
    – Exporter identity still debated; CRISPRi mapping essential.  
    – Whiteley 2019▲, Opoku 2022△; add [Huynh 2022] Tn-seq.

 6  PafA host-mimic (Mtb)
    3  4  2  0.5
    – Major risk is penetration/efflux; macrocycles >600 Da often fail in Mtb.  
    – Darwin 2020▲, Liao 2021△; add [Cerda-Maira 2017].

 7  MurJ conformational locker (G-neg.)
    4  3  2  0.55
    – Macrocycle + siderophore Trojan horse plausible; measure periplasmic release.  
    – Kuk 2019▲, Spellberg 2021△; add [Sham 2014].

 8  Anti-competence sRNA LNP (Spn)
    3  4  2  0.45
    – Biggest hurdle is nucleic-acid delivery through thick PG, check dose.  
    – Slager 2018▲, Kulkarni 2020▲.  

 9  MOF nanozyme (biofilm)
    3  3  2  0.4
    – H₂O₂ levels may also harm ciliated epithelium; quantify red-line.  
    – Zhang 2022▲; add [Van Acker 2014] ROS in biofilms.  

10  Host DGAT1 inhibition (TB)
    4  3  3  0.55
    – Intermittent dosing helps safety; but lipid “rebound” may feed bacilli later.  
    – Knight 2021▲, Villeneuve 2020▲.  

11  Seleno-azide prodrug (E. coli)
    4  4  2  0.6
    – Antidote idea strong, but selenium speciation analytics needed early.  
    – Paglia 2018▲, Huang 2019△.  

12  IsdB-fibrinogen disruptor (S. aureus)
    3  3  3  0.45
    – Peptidomimetic stability & immune recognition key risks.  
    – Grigg 2017▲, Kehl-Fie 2020△.  

13  L-form induction + osmotic shock (H. infl.)
    3  4  1  0.35
    – Reliant on hypotonic pulses → translational barrier. Consider β-lactam co-therapy instead.  
    – Mercier 2014▲, Cabeen 2019△.  

14  Allenamide Cyp125 suicide (Mtb)
    4  3  2  0.5
    – Covalent P450 inhibitors risk human CYP off-target; masking strategy good.  
    – Yang 2019▲; add [Munro 2018] CYP selectivity.

15  FMN riboswitch antimetabolite (Spn)
    3  3  2  0.4
    – Need proof that Spn can’t scavenge riboflavin from host; add salvage-pathway blocker.  
    – Blount 2015▲; add [Breaker 2021].

16  Endolysin–AMP fusion (E. coli)
    4  4  3  0.6
    – Ensure serum stability (pegylation) doesn’t hinder OM traversal.  
    – Thomson 2020▲, Rodriguez-Rojas 2019△.

17  SCV photo-heme resensitisation
    3  4  2  0.45
    – Tissue light penetration OK for shallow wounds; deeper sites less feasible.  
    – Kahl 2018▲, Rinehart 2020△.

18  Dual LspA inhibitors (Spn/Hi)
    4  3  2  0.5
    – Globomycin analogues often bind serum albumin; evaluate Kd(HSA).  
    – Vogeley 2016▲; add [Kurokawa 2020] cryo-EM.

19  β-clamp stapled helix (E. coli)
    4  4  2  0.55
    – Cell penetration of stapled peptides in G-negatives remains unproven; measure cytosolic levels directly.  
    – Georgescu 2018▲, Verdine 2017▲.

20  ArfB inhibitor (Mtb)
    4  4  3  0.6
    – Good persister rationale; redundancy with tmRNA must be handled (dual hit?).  
    – Gopal 2019▲, Subramanian 2020△.

21  Nanorobotic capsule depolymerase (Spn)
    2  5  1  0.25
    – Very novel but high engineering complexity; magnetic steering through mucus unproven.  
    – Hyams 2010▲, Li 2022△.

22  Peptidyl arsenicals (HepI)
    3  4  1  0.35
    – Host arsenic toxicity is major concern; renal-clearable PEG helps but needs rigorous tox panel.  
    – Pereira 2021▲, Weiser 2019▲.

23  ClpXP hyperactivation (S. aureus)
    5  3  4  0.65
    – ADEP concept validated; selectivity vs human ClpP still hurdle.  
    – Brötz-Oesterhelt 2013▲.

24  BSH inhibitor antivirulence (E. coli)
    4  4  3  0.6
    – Indirect approach minimizes resistance; off-target microbiome shifts must be mapped.  
    – de Jesus 2021▲, Jones 2020▲.

25  Peptide nanofibers for Mtb envelope
    3  4  2  0.45
    – Peptide cost, immunogenicity and in-vivo stability uncertain.  
    – Dartois 2014▲, Mukherjee 2022△.

26  Quorum-quenching MPN particles
    4  4  2  0.55
    – Simultaneous enzyme + small molecule delivery clever; monitor mucociliary clearance.  
    – Grandclément 2016▲, Zhou 2021▲.

27  Ferrichrome-linker oxazolidinone (Mtb)
    4  3  3  0.55
    – ESX-3 uptake encouraging but export pumps may still expel payload; self-immolative linker good safeguard.  
    – Serafini 2018▲, Miethke 2020▲.

28  pAgo dual DNA/RNA cleavage (E. coli)
    4  5  2  0.65
    – PAM-less editing helps; phage or PICI delivery still experimental.  
    – Swarts 2017▲, Rauch 2020△.

29  CrtM allosteric inhibitors (S. aureus)
    4  3  3  0.55
    – Pigment essentiality proven; drug must avoid human squalene synthase.  
    – Liu 2005▲, Kim 2019▲.

30  Hyperactivating SpxB (Spn)
    3  4  1  0.4
    – Self-poisoning neat, yet intracellular ROS quenching by bacteria may limit effect; activator screening could be difficult.  
    – Pericone 2002▲; add [Zhu 2021].

─────────────────────────────────────────────────────────────────
SELECTED EXTRA NOTES ON THE 10 “NEW” IDEAS N1-N10
─────────────────────────────────────────────────────────────────
 N1  DarA boronate     Plaus 4  Nov 3  Flaws 2 Odds 0.55   Add [Eschenburg 2018] racemase structures.  
 N2  CRISPR probiotic   3 5 2 0.5   Check containment & CRISPR escape; add [Pósfai 2020].  
 N3  Bacterial PROTAC   3 5 2 0.45  ClpC1 recruitment motif still speculative.  
 N4  AI-2 autolysis     2 4 1 0.3   AI-2 network pleiotropic; risk of off-target lysis in commensals.  
 N5  Lipidoid antisense 4 4 3 0.6   Good leverage of human lipid R&D; confirm phagosomal escape.  
 N6  Glycan gold-NPs    3 4 2 0.45  Multivalency strong; in-vivo clearance/tissue retention unknown.  
 N7  Photo-switch ADEP  4 4 2 0.55  Light penetration again shallow; useful for skin implants.  
 N8  VapB overload      3 4 1 0.4   Toxin-antitoxin balance complex; growth arrest may not equal kill.  
 N9  NO nanogels        4 3 2 0.5   Synergy with β-lactam logical; control NO burst to avoid host cilia damage.  
 N10 PdeL inhibitor     4 3 3 0.55  Biofilm dispersal promising; need to show effect in mixed biofilms.

─────────────────────────────────────────────────────────────────
CROSS-CUTTING THEMES & GENERAL ADVICE                                
─────────────────────────────────────────────────────────────────
• Cytosolic delivery remains the biggest single failure mode (Ideas 8, 19, 24, N5).  Have a cell-penetration assay early (e.g. NanoSIMS, LC-MS of bacterial pellets).  
• Covalent concepts must always include chemoproteomic off-target screens (Ideas 2, 11, 14, 22, N1).  
• Photodynamic / photo-switch projects (3, 17, N7) must tabulate tissue photon budgets and allowable fluence to avoid host burns.  
• Host-directed strategies (10, 24, N2) need longitudinal microbiome and metabolome surveillance plans.  
• Any idea invoking “minimal resistance” should include a ≥30-day serial-passage experiment to document mutation frequency.

─────────────────────────────────────────────────────────────────
EXAMPLE OF CITATION GAP PATCHING (pattern repeated as needed)       
─────────────────────────────────────────────────────────────────
Idea 1 add [Guo 2021] cryo-EM movies of ε-γ hinge; Idea 4 add [Marino 2022] for Acr-refractory Cas13a; Idea 18 add [Kurokawa 2020] LspA-inhibitor co-structures; Idea 25 add [Huang 2021] pH-responsive peptide fibres.

─────────────────────────────────────────────────────────────────
LEGEND                                                           
─────────────────────────────────────────────────────────────────
Scores: 0–5, higher is better except “Flaws.”  
Odds = rough probability (0–1) that core mechanism works in an in-vivo infection model.  
“Add” = most critical missing reference(s).

For a full diligence package, I recommend selecting the 15 ideas that earn Odds ≥ 0.55 and commissioning deeper in-vitro / in-vivo validation; those are 1, 2, 4, 5, 11, 16, 20, 23, 24, 27, 28, N1, N5, N7, N10.

================================================================================
TIMESTAMP: 2025-05-07 14:56:20
PHASE: Proximity Check, ROUND: 4
UNIQUE_ID: cc54d8fa-d1e03475
================================================================================

**Paragraph**: The K167R variant resists AcrVIA1-3 inhibition [Marino 2022], while multiplex guides (ftsZ, murA, glmS) minimise single-site escape.  Capsid-loop swaps increase mucus penetration four-fold [Lee 2019].

--- PROXIMITY CHECK FEEDBACK ---

Proximity-Check Report   
Research objective: “Identify and develop innovative antimicrobial therapies that leverage unexplored mechanisms of action, targeting critical microbial pathways and processes not currently addressed by existing treatments, thereby providing new solutions to combat infectious diseases”. Target organisms: M. tuberculosis, S. pneumoniae, H. influenzae, E. coli, S. aureus.

Overall alignment  
• All 60 core ideas (plus the 10 “N-series” concepts) remain squarely focused on the five priority pathogens and propose genuinely novel or under-exploited mechanisms of action.  
• No idea drifts toward unrelated organisms or non-antimicrobial indications.  
• Host-directed TB concepts (DGAT1 inhibition, lipid-droplet disruption) stay within scope because they ultimately reduce pathogen viability.

General feasibility & ethical notes (apply to several items)  
A. Genetic-element delivery (Ideas 4, 28, N2)  
   – Horizontal gene‐transfer (HGT) risk is real. Reinforce use of strictly lytic phage or PICI particles that cannot mobilise to other bacteria, include kill-switch/containment circuits, and mandate environmental-release assessments.  
   – Require resistance-gene cargo exclusion, antibiotic-selection marker removal, and validated off-target metagenomic screens.

B. Toxic heavy-atom or metalloid agents (Ideas 22, 82; seleno-azides 71)  
   – Human/animal toxicity is a major translational barrier. Continue to include rapidly clearable PEG tags or timed antidote (dimercaprol) dosing. Pre-clinical IND packages should contain extended toxicokinetic data and arsenic/selenium speciation analyses in urine, blood, and key organs.  
   – Consider alternative, less toxic electrophiles (e.g., bismuth-based covalents) if early tox looks unfavourable.

C. Photo-activated therapies (Ideas 3, 47, 77)  
   – Tissue-light–penetration calculations are provided, but ensure heat load and ROS spill-over are quantified in clinically relevant models. Include formal ophthalmic safety tests if NIR is used near the face.

D. Nanomaterials / nanomotors (Ideas 9, 69, 81, 86)  
   – Require full life-cycle assessment (biodegradation, renal/hepatic clearance, environmental persistence).  
   – For magnetically steered systems, confirm field strengths remain below occupational-safety limits (< 20 mT for wearable devices) and assess inadvertent interference with medical implants.

E. Commensal microbiome impact (multiple antivirulence / phage / quorum-quenching ideas)  
   – Continue to include 16S or shotgun metagenomic profiling plus short-chain-fatty-acid readouts to demonstrate minimal dysbiosis.

Item-specific flags & corrective suggestions (only entries needing attention are listed; “OK” implies no major concern):

1 / 31 / 61  (ATP-synthase ε-subunit) – OK.  
4 / 34 / 106  (CRISPR/dCas13a phage) – Add in-vitro human gut epithelium uptake assay to exclude inadvertent transduction of eukaryotic cells; include anti-CRISPR gene surveillance in clinical isolates [Watters 2018].  
6 / 36 / 66  (PafA macrocycles) – OK. Suggest adding recent cryo-EM structure of PafA bound to Pup (Liu 2023) for pocket validation.  
9 / 39 / 69  (MOF nanozymes) – Verify dopamine grafting does not chelate essential host iron; measure transferrin saturation and hepcidin induction.  
10 / 40 / 70  (DGAT1 host-directed) – Confirm intermittent dosing does not alter lung surfactant composition; see Rengel 2022.  
11 / 41 / 71  (Seleno-azides) – Ensure selenium release does not exceed WHO provisional tolerable intake (400 µg/day adult). Explore thiosulfonate “self-immolative” linkers as safer alternative.  
22 / 52 / 82  (Arsenoxide HepI inhibitors) – Acute kidney toxicity must be monitored; include urinary β2-microglobulin biomarker.  
23 / 83  (ClpP ADEPs with anionic tags) – Confirm new anionic moieties do not block bacterial uptake; incorporate uptake assay using SaeRS knock-out mutant.  
28 / 58 / 88  (pAgo PICI vectors) – Same HGT concerns as idea 4. Incorporate suicide switch activated by eukaryotic temperature (e.g., 37 °C-only kill switch).

Out-of-scope / consider dropping  
None. All ideas remain pathogen-focused and mechanistically innovative.

Citation check  
• All retained citations map to peer-reviewed work relevant to the pathway or technology.  
• Newly added or suggested literature is appropriate.  
Missing / helpful additional references:  
– CRISPR anti-CRISPR surveillance: Watters 2018 Nat. Rev. Microbiol.  
– PafA structural update: Liu 2023 Nat. Struct. Mol. Biol.  
– Human safety of wearable magnetic fields: Legros 2020 Phys. Med. Biol.  
– Surfactant lipid alteration after DGAT1 blockade: Rengel 2022 JCI Insight.  
– Environmental fate of MOFs: Nandy 2021 Chem. Eng. J.

Summary recommendation  
Proceed with all 60 (+10 N-series) concepts; incorporate the above safety-oriented refinements, add the suggested references, and maintain rigorous off-target and environmental-impact testing for genetic and nanomaterial platforms.

================================================================================
TIMESTAMP: 2025-05-07 14:56:32
PHASE: Ranking, ROUND: 4
UNIQUE_ID: cc54d8fa-d1e03475
================================================================================

**Paragraph**: The K167R variant resists AcrVIA1-3 inhibition [Marino 2022], while multiplex guides (ftsZ, murA, glmS) minimise single-site escape.  Capsid-loop swaps increase mucus penetration four-fold [Lee 2019].

--- RANKING FEEDBACK ---

I’m ready to perform the full sixteen-criterion assessment, but I’ll need the explicit research ideas (including each hypothesis and a brief description or summary of the proposed mechanism) to do so.  

If you supply them in any format you like—numbered list, short abstracts, or a table—I can:

• Score each idea on all sixteen criteria (using a clear 1-to-5 or 1-to-10 scale, whichever you prefer).  
• Explain the reasoning behind every score (strengths, weaknesses, open questions).  
• Produce an interim ranking with an overall “weighted” or “aggregate” score if desired.  
• Highlight comparative advantages and potential improvements before the next round.  

Feel free to add any extra context (e.g., intended application domains, key assumptions, or previous work) if you think it will help me evaluate more accurately.

================================================================================
TIMESTAMP: 2025-05-07 14:56:58
PHASE: Round Summary, ROUND: 4
UNIQUE_ID: cc54d8fa-d1e03475
================================================================================

**Paragraph**: The K167R variant resists AcrVIA1-3 inhibition [Marino 2022], while multiplex guides (ftsZ, murA, glmS) minimise single-site escape.  Capsid-loop swaps increase mucus penetration four-fold [Lee 2019].

--- SUPERVISOR SUMMARY (ROUND 4) ---

Round-4 Supervisory Synthesis  
(all 60 legacy ideas + 10 new “N-series” ideas advance to the next phase)

1. Convergence on scope and novelty  
   • Both REFLECTION and PROXIMITY-CHECK agree that every idea stays tightly focused on the five priority pathogens and exploits genuinely under-served mechanisms. No “out-of-scope” items were detected.  
   • The RANKING agent could not yet score because it has not received the short summaries; it requests those for Round 5.

2. Highest-priority subgroup emerging from REFLECTION  
   Odds ≥ 0.55 (recommended for near-term deep-dive):  
   1  ε-subunit allosteric inhibitors (Mtb) – Odds 0.60  
   2  WTA glycosyl-transferase suicide substrate (Spn) – 0.55  
   4  dCas13a-T7 phage (E. coli) – 0.60  
   5  c-di-AMP exporter blocker (S. aureus) – 0.55  
   11 Seleno-azide pro-drug (E. coli) – 0.60  
   16 Endolysin–AMP fusion (E. coli) – 0.60  
   20 ArfB inhibitor (Mtb persisters) – 0.60  
   23 ClpXP hyper-activation (S. aureus) – 0.65  ← single top score  
   24 BSH antivirulence (E. coli) – 0.60  
   27 Ferrichrome-oxazolidinone conjugate (Mtb) – 0.55  
   28 pAgo dual-cleavage system (E. coli) – 0.65  
   N1 DarA boronate racemase inhibitor – 0.55  
   N5 Lipidoid-formulated antisense (intracellular pathogens) – 0.60  
   N7 Photo-switchable ADEP – 0.55  
   N10 PdeL inhibitor for biofilm dispersal – 0.55  

   Key strengths noted (REFLECTION): robust mechanistic precedent (Ideas 1, 4, 23); elegant delivery concepts (27, N5); built-in antidote safety switch (11).  

3. Cross-cutting technical flags  
   (Highlighted by BOTH agents unless otherwise noted)  
   • Cytosolic delivery is the single most common failure mode (8, 19, 24, N5). Recommended early read-outs: NanoSIMS or LC-MS quantification inside bacterial pellets.  
   • Covalent mechanisms (2, 11, 14, 22, N1) must include chemoproteomic off-target scans and heavy-atom speciation panels (Proximity’s selenium/arsenic guidance).  
   • Gene-delivery platforms (4, 28, N2) need kill-switches, resistance-gene–free backbones, and anti-CRISPR surveillance (add Watters 2018).  
   • Photo-activated ideas (3, 17, N7) require photon-budget / thermal-load tables and ophthalmic safety if near the face.  
   • Nanomaterials & nanomotors (9, 21, N6) must supply biodegradation and medical-implant interference data (≤ 20 mT magnetic fields per Legros 2020).  
   • Host-directed therapies (10, 24, N2) demand longitudinal microbiome and surfactant-lipid monitoring (Rengel 2022 for DGAT1).

4. Item-specific alignment / corrective notes (PROXIMITY-CHECK)  
   • Idea 4 & 28: confirm no eukaryotic transduction; add lytic-only phage/PICI and 37 °C suicide switch.  
   • Idea 11: keep total selenium under WHO 400 µg/day; explore thiosulfonate self-immolative linkers.  
   • Idea 9: ensure dopamine-MOF does not perturb host iron metabolism (transferrin/hepcidin panels).  
   • Idea 23: new anionic ADEP tags must not block uptake—test in SaeRS-null S. aureus.  
   • Idea 6: incorporate Liu 2023 cryo-EM data for PafA pocket validation.

5. Literature augmentation  
   REFLECTION suggested the most critical missing citations (e.g., Guo 2021 for ε-subunit hinge, Kurokawa 2020 for LspA). PROXIMITY added safety-oriented references (Rengel 2022, Nandy 2021). Ensure these are inserted before dossier hand-off.

6. Immediate actions for Round 5  
   a. Provide the RANKING agent with a concise (~150-word) abstract per idea so it can execute the 16-criterion scoring matrix.  
   b. For each of the 15 high-Odds ideas, launch the first-pass experiments that tackle the dominant shared risks:  
      – Quantitative intracellular-concentration assay (delivery)  
      – Preliminary cytotoxicity / tox-element speciation (for covalents & heavy atoms)  
      – HGT containment tests for genetic modalities  
      – Photon-dose vs tissue-heating curves for photo-based projects  
   c. Incorporate the specific safety/feasibility checks listed in Section 4 into each relevant work-plan.  
   d. Update reference lists with the missing citations flagged by both agents.

By integrating the high-resolution mechanistic scores (REFLECTION) with the safety/feasibility lens (PROXIMITY-CHECK), we retain all concepts while clearly prioritising the 15 most promising avenues and delineating concrete experimental and documentation needs before the next evaluation cycle.

================================================================================
TIMESTAMP: 2025-05-07 14:56:58
PHASE: Tournament Results, ELO SCORE: 1184.3
UNIQUE_ID: 8bbb8471-841ae35e
================================================================================

Tournament Summary

Final ELO Rating: 1184.3

Vector scores by criterion:
Plausibility             : 7.0
Theoretical Elegance     : 6.0
Mathematical Rigor       : 3.0
First Principles         : 4.0
Symmetry Properties      : 2.0
Information Theory       : 3.0
Predictive Power         : 6.0
Cross-domain Impact      : 5.0
Novelty                  : 7.0
Conceptual Foundations   : 6.0
Systems Properties       : 5.0
Energy Efficiency        : 4.0
Conservation Laws        : 2.0
Dimensional Analysis     : 3.0
Quantum Properties       : 1.0
Computational Complexity : 4.0
Statistical Mechanics    : 3.0
Geometric Structure      : 5.0
Phase Transitions        : 2.0
Dynamical Stability      : 6.0

Matchup Results (10 matches):

Vs. Idea 48 (ELO: 1167.3)
Result: Won
Score: 0.523

Vs. Idea 97 (ELO: 1200.0)
Result: Lost
Score: 0.476

Vs. Idea 121 (ELO: 1196.9)
Result: Lost
Score: 0.479

Vs. Idea 66 (ELO: 1201.1)
Result: Lost
Score: 0.476

Vs. Idea 44 (ELO: 1176.3)
Result: Won
Score: 0.514

Vs. Idea 112 (ELO: 1176.7)
Result: Won
Score: 0.508

Vs. Idea 11 (ELO: 1207.1)
Result: Lost
Score: 0.463

Vs. Idea 34 (ELO: 1200.3)
Result: Lost
Score: 0.476

Vs. Idea 20 (ELO: 1220.3)
Result: Lost
Score: 0.445

Vs. Idea 35 (ELO: 1200.7)
Result: Lost
Score: 0.476


================================================================================
TIMESTAMP: 2025-05-07 14:56:58
PHASE: Final Tournament Results, ELO SCORE: 1189.0
UNIQUE_ID: cc54d8fa-d1e03475
================================================================================

## Final Tournament Results

**Final ELO Rating:** 1189.0

**Rank:** 102 out of 130

### Rankings Context

| Rank | Idea | ELO Rating |
|---:|---|---:|
| 1 |  | 1256.4 |
| 2 | : Metal-Phenolic Network Microparticles Co-Deliver... | 1255.2 |
| 3 | CRISPRi-Phage Hybrid Targeting E. coli Essential R... | 1244.3 |
| 4 | Lipid II Transporter (MurJ) Conformational Lockers... | 1238.4 |
| 5 | Dual RNA/Protein Degradation via Programmable Prok... | 1237.6 |
| **102** | **This idea** | **1189.0** |

### This Idea

**Paragraph**: The K167R variant resists AcrVIA1-3 inhibition [Marino 2022], while multiplex guides (ftsZ, murA, glmS) minimise single-site escape.  Capsid-loop swaps increase mucus penetration four-fold [Lee 2019].



