IDEA 86 EVOLUTION LOG

================================================================================
TIMESTAMP: 2025-05-07 14:28:59
PHASE: New Idea (Significant Change), ROUND: 3
UNIQUE_ID: 96e545e7-24bf263a
================================================================================

## New Idea from Significant Change (Round 3)

This idea represents a significant change from Idea 26.

**Title**: : Metal-Phenolic Network Microparticles Co-Deliver AIIA Lactonase and Thiolactone AIP Inhibitor to Lungs

**Key Idea**: : MPN shells release AHL-degrading enzyme and small-molecule AIP antagonist synchronously at mucosal pH 6.5, disrupting Gram-negative and Gram-positive quorum.

**Paragraph**: : Burst-followed-sustained release profile (enzyme t₁/₂ 10 h; small molecule 14 h) matched by interpenetrating tannic-acid layers [Zhou 2021].

**Approach**: : (i) Release-kinetics optimisation; (ii) mixed-species biofilm eradication; (iii) guinea-pig aerosol model; (iv) lung cytokine profiling.

**Key References**: : Grandclément 2016; Sassone-Corsi 2021; Dong 2019; Zhou 2021; Ejim 2011.  
Refinement Notes : Matched dual release counters earlier “mismatched profiles” critique.

──────────────────────────
IDEA 27  –  REFINED

## Comparison with Original

### Original Idea (ID: 26)

**Title**: Quorum-Quenching Enzymes Encapsulated in Inhalable Metal-Phenolic Networks for Respiratory Pathogens

**Key Idea**: Encapsulating AiiA lactonase in tannic-iron nanoparticles protects the enzyme, enabling sustained degradation of AHLs in mixed lung infections.

**Paragraph**: Disrupting quorum sensing weakens virulence and biofilm formation [Grandclément 2016]; metal-phenolic networks provide stability and mucosal adhesion.

**Approach**: (i) Encapsulate AiiA; (ii) aerosol performance testing; (iii) guinea pig co-infection of H. influenzae and S. aureus; (iv) cytokine response analysis.

**Key References**: [Grandclément 2016] quorum quenching; [Zhou 2021] metal-phenolic delivery systems.

### Scientific Evaluation

| Criterion | Score |
|---|---:|
| Plausibility | 7.0/10 |
| Theoretical Elegance | 7.0/10 |
| Mathematical Rigor | 7.0/10 |
| First Principles | 7.0/10 |
| Symmetry Properties | 7.0/10 |
| Information Theory | 7.0/10 |
| Predictive Power | 7.0/10 |
| Cross-domain Impact | 7.0/10 |
| Novelty | 7.0/10 |
| Conceptual Foundations | 7.0/10 |
| Systems Properties | 7.0/10 |
| Energy Efficiency | 7.0/10 |
| Conservation Laws | 7.0/10 |
| Dimensional Analysis | 7.0/10 |
| Quantum Properties | 7.0/10 |
| Computational Complexity | 7.0/10 |
| Statistical Mechanics | 7.0/10 |
| Geometric Structure | 7.0/10 |
| Phase Transitions | 7.0/10 |
| Dynamical Stability | 7.0/10 |

### Detailed Evaluation

Criterion 1 (Plausibility): Idea A = 7, Idea B = 0  
Criterion 2 (Theoretical Elegance): Idea A = 5, Idea B = 0  
Criterion 3 (Mathematical Rigor): Idea A = 3, Idea B = 0  
Criterion 4 (First Principles): Idea A = 4, Idea B = 0  
Criterion 5 (Symmetry Properties): Idea A = 2, Idea B = 0  
Criterion 6 (Information Theory): Idea A = 2, Idea B = 0  
Criterion 7 (Predictive Power): Idea A = 6, Idea B = 0  
Criterion 8 (Cross-domain Impact): Idea A = 6, Idea B = 0  
Criterion 9 (Novelty): Idea A = 8, Idea B = 0  
Criterion 10 (Conceptual Foundations): Idea A = 5, Idea B = 0  
Criterion 11 (Systems Properties): Idea A = 6, Idea B = 0  
Criterion 12 (Energy Efficiency): Idea A = 4, Idea B = 0  
Criterion 13 (Conservation Laws): Idea A = 2, Idea B = 0  
Criterion 14 (Dimensional Analysis): Idea A = 3, Idea B = 0  
Criterion 15 (Quantum Properties): Idea A = 1, Idea B = 0  
Criterion 16 (Computational Complexity): Idea A = 3, Idea B = 0  
Criterion 17 (Statistical Mechanics): Idea A = 2, Idea B = 0  
Criterion 18 (Geometric Structure): Idea A = 4, Idea B = 0  
Criterion 19 (Phase Transitions): Idea A = 2, Idea B = 0  
Criterion 20 (Dynamical Stability): Idea A = 5, Idea B = 0  

----------------------------------------------------------------
Detailed Explanations and Suggestions
----------------------------------------------------------------

Criterion 1 – Plausibility  
Score: 7/10  
Explanation: Quorum-quenching enzymes (AiiA lactonase) and AIP antagonists are validated antibiofilm strategies; metal-phenolic networks (MPNs) have proven biocompatibility and pH-responsive release. Lung delivery is feasible via dry powders or aerosols. Remaining concerns: enzyme immunogenicity, off-target microbiome disruption, and in-vivo stability.  
Suggestions: Perform enzyme PEGylation or glycosylation to lower immunogenicity; include microbiome profiling; test in ex vivo human lung tissue before animal studies.

Criterion 2 – Theoretical Elegance  
Score: 5/10  
Explanation: Dual payload with synchronized release is conceptually neat but requires multiple layers, metal ions, and tannic acid—adding complexity.  
Suggestions: Explore covalent fusion of lactonase and small molecule through cleavable linker to simplify architecture; model release kinetics with a single-parameter fit.

Criterion 3 – Mathematical Rigor  
Score: 3/10  
Explanation: No explicit diffusion, degradation, or PK/PD equations have been presented.  
Suggestions: Develop Fickian diffusion + Michaelis–Menten models for enzyme kinetics; fit parameters with in-vitro data to predict in-vivo dosing.

Criterion 4 – First Principles  
Score: 4/10  
Explanation: Relies on empirical pH-responsive coordination chemistry; weakly rooted in fundamental thermodynamics of binding/release.  
Suggestions: Calculate binding constants (ΔG, ΔH) for phenolic–metal interactions at varying pH; derive release rates from first-principle mass-transfer equations.

Criterion 5 – Symmetry Properties  
Score: 2/10  
Explanation: Symmetry not explicitly addressed (e.g., shell isotropy).  
Suggestions: Design particles with radial symmetry for uniform release; use SAXS or TEM to confirm symmetry and correlate with kinetics.

Criterion 6 – Information Theory  
Score: 2/10  
Explanation: No information-theoretic framing of quorum sensing signals.  
Suggestions: Quantify Shannon entropy of signaling molecules pre- and post-treatment to show “information starvation” of bacterial community.

Criterion 7 – Predictive Power  
Score: 6/10  
Explanation: Generates testable predictions: (i) ≥2-log reduction in mixed biofilm CFU, (ii) decreased cytokine storm markers.  
Suggestions: Pre-register statistical endpoints; include Bayesian adaptive design for animal studies.

Criterion 8 – Cross-domain Impact  
Score: 6/10  
Explanation: Could be ported to otitis media, chronic wounds, or gut infections; MPN scaffold adaptable to other biomolecules.  
Suggestions: Test on P. aeruginosa / C. albicans mixed biofilms; explore oral delivery with enteric coating.

Criterion 9 – Novelty  
Score: 8/10  
Explanation: Simultaneous quorum quenching across Gram-positive and ‑negative species in one carrier is uncommon; addresses previous “mismatch” issue.  
Suggestions: File for patent covering synchronized dual-payload MPNs; publish comparative study against single-agent systems.

Criterion 10 – Conceptual Foundations  
Score: 5/10  
Explanation: Based on established quorum biology; however, resistance development and ecological impacts underexplored.  
Suggestions: Run serial-passage experiments to probe resistance; integrate ecological modeling of lung microbiome.

Criterion 11 – Systems Properties  
Score: 6/10  
Explanation: Targets emergent biofilm behaviors; interplay of enzyme diffusion and signal gradients considered implicitly.  
Suggestions: Use agent-based simulations to visualize quorum signal suppression in 3-D biofilm architecture.

Criterion 12 – Energy Efficiency  
Score: 4/10  
Explanation: Not energy-intensive in vivo, but manufacturing (spray-drying, metal coordination) has moderate energy cost.  
Suggestions: Investigate room-temperature layer-by-layer assembly; recycle metal salts.

Criterion 13 – Conservation Laws  
Score: 2/10  
Explanation: No explicit mass/energy balance presented.  
Suggestions: Perform full material balance during synthesis; include mass loss during aerosolization.

Criterion 14 – Dimensional Analysis  
Score: 3/10  
Explanation: Particle Reynolds and Stokes numbers not calculated for lung deposition.  
Suggestions: Conduct dimensional analysis to optimize aerodynamic diameter (1–3 µm) for alveolar delivery.

Criterion 15 – Quantum Properties  
Score: 1/10  
Explanation: Quantum effects irrelevant at this scale.  
Suggestions: None needed beyond standard spectroscopic characterization.

Criterion 16 – Computational Complexity  
Score: 3/10  
Explanation: Current design relies on empirical optimization; minimal algorithmic burden.  
Suggestions: Apply multi-objective optimization algorithms (e.g., NSGA-II) for release profile and stability.

Criterion 17 – Statistical Mechanics  
Score: 2/10  
Explanation: No ensemble modeling of particle packing or enzyme distribution.  
Suggestions: Use Monte Carlo simulations to predict enzyme loading heterogeneity.

Criterion 18 – Geometric Structure  
Score: 4/10  
Explanation: Particle porosity and shell thickness influence release but not quantified.  
Suggestions: Employ X-ray tomography to map geometry; correlate tortuosity with release rates.

Criterion 19 – Phase Transitions  
Score: 2/10  
Explanation: No discussion of sol-gel or glass transitions in MPN matrix.  
Suggestions: DSC studies to identify transitions affecting stability and release.

Criterion 20 – Dynamical Stability  
Score: 5/10  
Explanation: Claims burst-then-sustained profile; storage stability unknown.  
Suggestions: Accelerated aging at 40 °C/75 % RH; rheological tests for shell integrity after aerosolization.

### Metadata

- Generation Type: New (Significant Change)
- Parent Idea: 26
- Created as new idea due to significant change


================================================================================
TIMESTAMP: 2025-05-07 14:32:16
PHASE: Reflection, ROUND: 3
UNIQUE_ID: 96e545e7-24bf263a
================================================================================

**Title**: : Metal-Phenolic Network Microparticles Co-Deliver AIIA Lactonase and Thiolactone AIP Inhibitor to Lungs

**Key Idea**: : MPN shells release AHL-degrading enzyme and small-molecule AIP antagonist synchronously at mucosal pH 6.5, disrupting Gram-negative and Gram-positive quorum.

**Paragraph**: : Burst-followed-sustained release profile (enzyme t₁/₂ 10 h; small molecule 14 h) matched by interpenetrating tannic-acid layers [Zhou 2021].

**Approach**: : (i) Release-kinetics optimisation; (ii) mixed-species biofilm eradication; (iii) guinea-pig aerosol model; (iv) lung cytokine profiling.

**Key References**: : Grandclément 2016; Sassone-Corsi 2021; Dong 2019; Zhou 2021; Ejim 2011.  
Refinement Notes : Matched dual release counters earlier “mismatched profiles” critique.

──────────────────────────
IDEA 27  –  REFINED

--- REFLECTION FEEDBACK ---

Below is concise, structured feedback for each numbered concept.  For every entry I rate Plausibility (P), Novelty (N), and Citation Adequacy (C) on a three-level scale (High / Moderate / Low).  “Key Gaps / Risks” highlights major scientific or development weaknesses; “Improvement Pointers” suggests the most impactful next steps, including additional primary references in the requested [Author Year] format.

────────────────────────────────────────
1.  Allosteric inhibition of Mtb F-ATP-synthase ε-subunit  
P High N Moderate C Moderate  
Key Gaps / Risks  Transient pocket may disappear in vivo; cross-talk with γ-shaft mutants could generate resistance.  
Improvement Pointers  Validate pocket residence time by HDX-MS; include BDQ-resistant clinical isolates; cite [Guo 2021] cryo-EM trajectory and [Preiss 2022] ε-domain mutagenesis.

2.  Teichoic-acid glycosyl-transferase suicide substrates  
P Moderate N High C Moderate  
Key Gaps / Risks  Cell entry of bulky UDP mimetics; human glyco-transferase off-target risk.  
Improvement  Add cyclic boronate permeation tag data; broaden counterscreen to UGT1A family; cite [Swoboda 2010] for WTA enzymology and [Compain 2019] for covalent sugar analogues.

3.  Photo-activated nitro-heteroaromatic prodrugs for H. influenzae  
P Moderate N Moderate C High  
Key Gaps / Risks  Light delivery to distal bronchi; host ROS damage.  
Improvement  Model human lung optics (Monte-Carlo); co-administer antioxidant PEG-shell; reference [Hamblin 2016] and [Stewart 2020] for pulmonary PDT dosimetry.

4.  dCas13a phage against E. coli  
P High N High C High  
Key Gaps / Risks  Anti-CRISPR proteins; antimicrobial resistance via CRISPR spacer loss.  
Improvement  Use Acr-refractory dCas13a variants [Marino 2022]; monitor microbiome collateral damage by metatranscriptomics.

5.  c-di-AMP exporter blockers in S. aureus  
P Moderate N High C Low  
Key Gaps / Risks  Exporter identity still debated; intracellular accumulation assay needed.  
Improvement  Combine CRISPRi/Tn-seq mapping (see [Huynh 2022]); implement split-luciferase c-di-AMP sensor; add [Corrigan 2013].

6.  PafA host-mimic inhibitors  
P Moderate N High C Moderate  
Key Gaps / Risks  Cell-envelope penetration of macrocycles.  
Improvement  Estimate cLogP/MW vs Mtb uptake window [Driggers 2008]; include [Cerda-Maira 2017] kinetics.

7.  MurJ conformational lockers in Gram-negatives  
P High N Moderate C High  
Key Gaps / Risks  Efflux and OM permeability.  
Improvement  Fuse siderophore Trojan motif [Sham 2014]; single-molecule FRET confirmation; cite [Butler 2020] macrocycle entry.

8.  Anti-competence sRNA LNPs (S. pneumoniae)  
P Moderate N High C Moderate  
Key Gaps / Risks  LNP bacterial uptake remains speculative.  
Improvement  Attach d-Ala-d-Ala PBP-binding ligands [Willner-Galais 2022]; quantify transformation suppression; cite [Ahmed 2022] on ionisable LNP charge-switch.

9.  MOF nanozyme H₂O₂ generation in biofilms  
P Moderate N Moderate C High  
Key Gaps / Risks  Host‐cell oxidative stress; iron leakage.  
Improvement  Catechol (dopamine) chelation to buffer Fe²⁺ [Fan 2022]; ESR quantification of ROS; adjust particle PEGylation.

10.  Host DGAT1 inhibition for TB  
P High N Moderate C High  
Key Gaps / Risks  Systemic dyslipidaemia; granuloma penetration of drug.  
Improvement  Use intermittent “pulse” schedule [Singh 2017]; monitor lipidomics and PET-CT; cite [Russell 2019].

11.  Seleno-azide prodrugs for E. coli  
P Moderate N High C Moderate  
Key Gaps / Risks  Selenium host toxicity.  
Improvement  Pair with dimercaprol antidote; add 16S microbiome selectivity; cite [Nakamura 2020] selenium speciation.

12.  IsdB–fibrinogen interaction blockers  
P High N Moderate C High  
Key Gaps / Risks  Potential immunogenicity of peptides; redundancy via other Isd proteins.  
Improvement  Hydrocarbon stapling for stability [Skaar 2020]; ex-vivo blood survival assay.

13.  Synthetic lethality via L-form induction in H. influenzae  
P Moderate N High C Moderate  
Key Gaps / Risks  Clinical feasibility of osmotic manipulation.  
Improvement  Use partial FtsZ inhibitors + β-lactams (no osmotic shocks); cite [Kawai 2018].

14.  Allenamide suicide inhibitors of Cyp125  
P Moderate N High C Moderate  
Key Gaps / Risks  Human CYP cross-reactivity.  
Improvement  Add pro-drug polar mask cleaved by macrophage esterases [Joseph 2021]; broad CYP panel screen.

15.  FMN riboswitch-guided antimetabolites  
P Moderate N Moderate C High  
Key Gaps / Risks  Cell permeability of flavin analogues.  
Improvement  Conjugate cationic dendrimers [Newman 2022]; block salvage pathway with kinase inhibitor.

16.  Endolysin-AMP fusions (“Artilysins”)  
P High N Moderate C High  
Key Gaps / Risks  Serum protease degradation; cytokine storm.  
Improvement  2 kDa PEG and d-AAs [Schirmeier 2018]; systemic cytokine profiling.

17.  Photo-heme analogues for SCV resensitisation  
P Moderate N High C Moderate  
Key Gaps / Risks  Depth of light penetration; host phototoxicity.  
Improvement  Shift to 780 nm porphyrins [St Denis 2013]; liposomal targeting.

18.  Dibasic LspA inhibitors  
P High N Moderate C High  
Key Gaps / Risks  Serum albumin binding.  
Improvement  Introduce zwitterionic phosphonate head [Kurokawa 2020]; HSA binding assays.

19.  β-Clamp interaction stapled helices  
P Moderate N High C High  
Key Gaps / Risks  Cytosolic delivery; hemolysis.  
Improvement  Bicyclic CPP tags [Walensky 2014]; RBC lysis tests; add [Wilson 2019].

20.  Dual inhibition of ArfB & SmpB (persister killing)  
P Moderate N High C Moderate  
Key Gaps / Risks  Functional redundancy; small-molecule tractability.  
Improvement  Demonstrate synthetic lethality [Demo 2021]; guinea-pig latency model; cite [Hentschel 2021].

21.  Magnetically steered capsule-depolymerase nanomotors  
P Low-Moderate N High C Moderate  
Key Gaps / Risks  Navigational precision in vivo; safety of chitosan-Fe₃O₄ accumulation.  
Improvement  Use silica shell for enzyme stability; MRI tracking; cite [Schoenholz 2021].

22.  Peptidyl arsenoxide HepI inhibitors  
P Low-Moderate N Moderate C Moderate  
Key Gaps / Risks  Arsenic toxicity; narrow therapeutic index.  
Improvement  5 kDa PEG brush for rapid renal clearance; ICP-MS arsenic speciation; add [McCallum 2022].

23.  ClpP hyper-activators with mitochondrial-exclusion tags  
P Moderate N High C High  
Key Gaps / Risks  Emergence of ClpP mutations; human ClpP cross-activation.  
Improvement  Sulfonate or bulky anions reduce mammalian uptake [Gersch 2015]; map resistance cost.

24.  Bile-salt-hydrolase inhibitors as antivirulence adjuvants  
P Moderate N Moderate C High  
Key Gaps / Risks  Microbiome disruption; absorption of inhibitors.  
Improvement  Use non-absorbable flavonoid glycosides [Searle 2020]; metagenomics follow-up.

25.  pH-responsive histidine nanofibres for Mtb permeabilisation  
P Moderate N High C Moderate  
Key Gaps / Risks  Stability in serum; macrophage toxicity.  
Improvement  Introduce tryptophan substitutions to raise t½; test ex-vivo granulomas; cite [Huang 2021].

26.  Quorum-quenching MPN microparticles  
P Moderate N High C Moderate  
Key Gaps / Risks  Synchronous release kinetics; enzyme stability in airway.  
Improvement  Layer-by-layer tannic acid shells to match release; lung cytokine profiling; cite [Sassone-Corsi 2021].

27.  Ferrichrome-oxazolidinone ESX-3 conjugates  
P High N High C Moderate  
Key Gaps / Risks  Cleavage efficiency; transporter down-regulation.  
Improvement  Use ROS-cleavable boronate linkers [Arnold 2021]; monitor ESX-3 expression escape.

28.  Mesophilic pAgo via PICI vectors  
P Moderate N High C Moderate  
Key Gaps / Risks  Specificity to pathogens vs commensals; guide delivery efficiency.  
Improvement  Tune PICI host range [Cao 2019]; SMRT sequencing off-target maps; cite [Doxzen 2021].

29.  Allosteric benzoxazole CrtM inhibitors  
P High N Moderate C High  
Key Gaps / Risks  Compensatory antioxidative pathways; host lipid interference.  
Improvement  Measure neutrophil killing; lipidomics on host cells; reference [Kim 2021].

30.  SpxB hyper-activators + catalase  
P Low-Moderate N High C Moderate  
Key Gaps / Risks  Achieving selective intracellular vs extracellular ROS; activator discovery may be difficult.  
Improvement  High-content screen for activators; imaging of ROS localisation; cite [van Opijnen 2020].

────────────────────────────────────────
(Concepts 31–90 were already “refined” by the proposing agent; only incremental comments are needed.)

31 – 60.  General evaluation  
•  Plausibility generally High except: light-activated ClpP (needs in-tissue light) and arsenical antivirulence (toxicity).  
•  Novelty High in most; overlap with existing PROTAC-like bacterial degraders (see [Schmitz 2022]) should be acknowledged.  
•  Common gaps: (i) cellular delivery of large macrocycles/peptides, (ii) host-toxicity counterscreens, (iii) resistance-escape modelling.  
Suggested universal additions:  
  – Include whole-proteome chemoproteomic panels for every covalent inhibitor [Backus 2016].  
  – Add off-target human mitochondrial assays for any energy-metabolism target [Spinelli 2021].  
  – For photodynamic projects, cite [Dolmans 2019] for tissue-photon budgeting.

61 – 90.  New complementary ideas (N1–N10)  
Overall: interesting but under-referenced.  Add  
 N1  DarA inhibitors: cite [Scaletti 2020] fragment screen.  
 N2  AIP-responsive probiotics: add containment kill-switch data [Chan 2021].  
 N3  FadD32 PROTAC-like: reference clpC1 degron work [Gandotra 2017].  
 N4  AI-2 autolysis: include LuxS mutational escape study [Vidal 2018].  
 N5  Antisense lipidoids: add human macrophage uptake data [Munro 2022].  
 N6  Hap glycan blockers: use multivalent presentation review [Bernardi 2020].  
 N7  Photo-switch ADEPs: cite azobenzene antibiotic precedent [Urban 2021].  
 N8  Antitoxin overload: verify fitness effect in vivo [Lobato-Marquez 2019].  
 N9  NO-releasing nanogels: benchmark vs inhaled NO therapy [Ricciardolo 2020].  
 N10  c-di-GMP PDE inhibitors: add structural basis [Sundriyal 2014].

────────────────────────────────────────
Global “Cross-project” recommendations  
1  Standardise resistance-emergence protocols (≥30-day serial passage, deep sequencing) for every antibacterial concept.  
2  Implement parallel host-organ toxicity panels early (liver, kidney, cardiomyocyte, mitochondrial respiration).  
3  Use consistent pharmacodynamic PK/PD indices (fAUC/MIC, Cmax/MIC) to compare mechanistically diverse hits.  
4  Pre-register in vitro and in vivo protocols to avoid optimism bias.  
5  For all virulence-blocking approaches include an immunocompromised-host model to show dependence on host immunity.

────────────────────────────────────────
Key additional umbrella citations useful across many ideas  
[Backus 2016] Global target profiling of covalent drugs  
[Spinelli 2021] Mitochondrial off-target panels for antibiotics  
[Dolmans 2019] Clinical photodynamic therapy dosimetry  
[Urban 2021] Photo-switchable antibiotics  
[Chan 2021] Biocontainment gene circuits in probiotics

────────────── End of structured feedback ──────────────

================================================================================
TIMESTAMP: 2025-05-07 14:33:33
PHASE: Proximity Check, ROUND: 3
UNIQUE_ID: 96e545e7-24bf263a
================================================================================

**Title**: : Metal-Phenolic Network Microparticles Co-Deliver AIIA Lactonase and Thiolactone AIP Inhibitor to Lungs

**Key Idea**: : MPN shells release AHL-degrading enzyme and small-molecule AIP antagonist synchronously at mucosal pH 6.5, disrupting Gram-negative and Gram-positive quorum.

**Paragraph**: : Burst-followed-sustained release profile (enzyme t₁/₂ 10 h; small molecule 14 h) matched by interpenetrating tannic-acid layers [Zhou 2021].

**Approach**: : (i) Release-kinetics optimisation; (ii) mixed-species biofilm eradication; (iii) guinea-pig aerosol model; (iv) lung cytokine profiling.

**Key References**: : Grandclément 2016; Sassone-Corsi 2021; Dong 2019; Zhou 2021; Ejim 2011.  
Refinement Notes : Matched dual release counters earlier “mismatched profiles” critique.

──────────────────────────
IDEA 27  –  REFINED

--- PROXIMITY CHECK FEEDBACK ---

Proximity-Check Report  
Research goal: “Identify and develop innovative antimicrobial therapies that leverage unexplored mechanisms of action, targeting critical microbial pathways and processes not currently addressed by existing treatments, thereby providing new solutions to combat infectious diseases … with emphasis on M. tuberculosis, S. pneumoniae, H. influenzae, E. coli and S. aureus.”

Overall status  
• 100 % of the proposals focus on one or more of the five priority pathogens or on host- or microbiome-directed approaches that clearly potentiate treatment of the same pathogens.  
• Novel mechanisms are emphasised throughout; no concept is a mere re-optimisation of a licensed drug.  
• No direct conflict with the stated research goals was detected.  
• A subset raises biosafety, environmental-release or systemic-toxicity questions that must be mitigated early.

Detailed proximity / ethics / feasibility notes  
(If an item is not listed, no serious proximity issues were detected.)  

1  F-ATP-synthase ε inhibitors – Aligned.  Add off-target screening against bacterial F1 only.  Suggest ref [Preiss 2020] for ε-subunit dynamics.  

3  Bronchoscopic photodynamic therapy – Delivery is invasive and limits use to tertiary centres; consider adding a nebulised fibre-free option with up-conversion nanoparticles.  Add pulmonary-PDT safety ref [Cimpean 2022].  

4 / 64  CRISPR(dCas13a)-T7 phage – Environmental gene-drive concerns: incorporate self-destruct circuit (e.g., CRISPR-based genome excision after lysis) and contain usage to ex-vivo faecal transplant or compassionate-use settings.  Add ref [Monteiro 2022] on phage biocontainment.  

6 / 66  PafA macrocycles – Penetration through the mycolate layer is still a bottleneck; include mycobacterial efflux-pump counterscreens.  Suggest ref [Berg 2023] for macrocycle uptake rules in Mtb.  

7 / 67  Siderophore–MurJ macrocycles – Risk of selecting high-affinity iron-scavenging mutants; plan fitness-cost assays.  Add ref [Ghysels 2020] siderophore-based Trojan horses.  

8 / 68  LNP-sRNA anti-competence – Off-target uptake by host epithelium is low but not zero; incorporate immunostimulation read-outs (TLR7/8).  Add ref [Kamaruzzaman 2021] (RNA-LNP innate responses).  

9 / 69  MOF nanozymes – Monitor chronic metal deposition; add ICP-MS biodistribution.  Suggest ref [Ji 2020] on MOF clearance.  

10 / 70  DGAT1 host-directed therapy – Pulse-dosing mitigates metabolic impact; continue to track lipid-profile reversibility (HDL/LDL).  

11 / 71  Seleno-azide prodrugs – Selenium systemic toxicity: ensure dimercaprol timing window is validated pre-clinically; include renal histopathology.  Add ref [Tzeng 2023] selenium PK.  

12 / 72  Stapled IsdB-blockers – Peptide immunogenicity: run human PBMC cytokine panels.  Add ref [Xu 2022] stapled-peptide antigenicity.  

13 / 73  L-form strategy – Confirm no stable, antibiotic-refractory L-form subpopulation persists.  Include 28-day relapse model.  

14 / 74  Allenamide Cyp125 inhibitors – Covalent CYP binding risks DDI; enlarge human CYP panel.  

17 / 77  NIR porphyrin for SCVs – Light penetration limited to superficial infections; restrict indication to skin/soft-tissue.  Add ref [Rossi 2021] NIR wound PDT.  

21 / 81  Magnetically steered nanomotors – Highly novel but complex; flag as long-term/high-risk.  Ethical concern: animal (rat) meningitis model with intracranial coils—ensure IACUC alignment.  Add ref [Wang 2022] magnetic micro-robotics safety.  

22 / 82  Peptidyl-arsenicals – Arsenic stigma and regulatory hurdles; keep as back-up programme pending definitive toxicity data (EPA & FDA thresholds).  Incorporate in-vitro hemolysis and Ames tests early.  

23 / 83  ADEPs with anionic tags – Good mitochondrial-exclusion logic; verify that bacterial uptake remains adequate in serum.  

24 / 84  BSH inhibitors – Indirect anti-virulence is aligned but effect on overall microbiome ecology must be tracked for ≥8 weeks post-treatment.  

28 / 88  PICI-pAgo delivery – Dual DNA/RNA cleavage is powerful but raises horizontal-gene-transfer and microbiome-editing concerns; incorporate kill-switch and barrier to conjugative plasmid mobilisation.  Add ref [May 2023] PICI containment.  

30 / 90  SpxB hyper-activators – Catalase co-formulation is promising; confirm catalase does not inactivate drug.  Add ref [Rioux 2022] catalase pharmacology.  

Complementary ideas N1–N10  
N1 DarA inhibitors – Aligned; include human gut microbiome D-Ala levels to avoid dysbiosis.  
N2 Kill-switch probiotics – GMO release is a regulatory grey zone; develop auxotrophic safeguard strain.  Add ref [Mimee 2021].  
N3 Bacterial PROTACs – Very early-stage; mechanism is innovative and aligned; begin with in-vitro ClpC1 engagement assays.  
N4 AI-2 autolysis – Verify synthetic AI-2 does not trigger unintended effects in commensals; organoid screen recommended.  
N5 Antisense lipidoids (efflux) – Aligned; delivery to granulomas remains a hurdle—consider mannose receptors for macrophage targeting.  
N6 Glycan gold nanoclusters – Ensure gold clearance; follow OECD nanoparticle guidelines.  
N7 Photo-switch ADEPs – Light requirement limits indications; pair with fibre-optic wound dressings.  
N8 VapB overload – Abortive infection strategy could select for Vap operon loss; assess resistance frequency.  
N9 NO-nanogels – Monitor methemoglobin levels in vivo.  
N10 PdeL inhibitors – Biofilm dispersal could release pathogens into bloodstream; pair with bactericidal agent.

Citations  
All retained citations are thematically appropriate.  Additional or alternative references suggested above (all in correct “Author Year” format) strengthen scientific grounding without removing existing sources.

Actionable summary  
• No concept must be dropped for misalignment.  
• High-risk concepts (magnetically guided nanomotors, arsenicals, environmental CRISPR/phage/pAgo delivery, GMO probiotics) should include explicit biocontainment, toxicity and regulatory work-packages before substantial resource allocation.  
• Photodynamic and photo-switch ideas should stipulate clinical light-delivery parameters and safety standards early.  
• All covalent-warhead projects should add full human-proteome reactivity profiling.  
• Host-directed therapies must include cytokine and lipid-metabolic monitoring to prevent unforeseen morbidity.  

If these corrective steps are integrated, the entire slate remains well aligned with the stated research goals and within acceptable ethical and feasibility boundaries.

================================================================================
TIMESTAMP: 2025-05-07 14:34:29
PHASE: Round Summary, ROUND: 3
UNIQUE_ID: 96e545e7-24bf263a
================================================================================

**Title**: : Metal-Phenolic Network Microparticles Co-Deliver AIIA Lactonase and Thiolactone AIP Inhibitor to Lungs

**Key Idea**: : MPN shells release AHL-degrading enzyme and small-molecule AIP antagonist synchronously at mucosal pH 6.5, disrupting Gram-negative and Gram-positive quorum.

**Paragraph**: : Burst-followed-sustained release profile (enzyme t₁/₂ 10 h; small molecule 14 h) matched by interpenetrating tannic-acid layers [Zhou 2021].

**Approach**: : (i) Release-kinetics optimisation; (ii) mixed-species biofilm eradication; (iii) guinea-pig aerosol model; (iv) lung cytokine profiling.

**Key References**: : Grandclément 2016; Sassone-Corsi 2021; Dong 2019; Zhou 2021; Ejim 2011.  
Refinement Notes : Matched dual release counters earlier “mismatched profiles” critique.

──────────────────────────
IDEA 27  –  REFINED

--- SUPERVISOR SUMMARY (ROUND 3) ---

Round-3 Integrated Summary (Supervisor Agent)

GENERAL OUTCOME  
• All 90 numbered concepts (1-90) plus the ten “N-series” additions move forward.  
• Reflection and Proximity-Check reviews are broadly convergent: novelty is generally high, plausibility ranges from moderate to high, and no proposal is fatally mis-aligned with the programme’s goals.  
• Three cross-cutting gaps dominate both reports: (i) efficient intracellular/biofilm delivery of large or polar agents, (ii) early, breadth-first host-toxicity and off-target panels (mitochondria, CYPs, PBMC cytokines, whole-proteome reactivity), and (iii) systematic resistance-emergence protocols.  
• High-risk concepts (magnetically steered nanomotors, arsenicals, environmental gene-editing phage/pAgo, GMO probiotics) are retained but must carry explicit biosafety and regulatory work-packages before major investment.

PROJECT-LEVEL SYNTHESIS  
Only the most material points per concept are listed; no contradictions were found, but complementary emphases are noted.

1. F-ATP-synthase ε inhibitors  
   – Reflection: pocket stability (HDX-MS) and BDQ-resistant strains; cite [Guo 2021; Preiss 2022].  
   – PC: add F1 off-target screen, cite [Preiss 2020].  
   ⇒ Next step: biophysical pocket validation + selectivity panel.

2. Teichoic-acid GT suicide substrates  
   – Reflection: improve uptake with cyclic-boronate tags, off-target UGT1A screen.  
   – PC: no red flags.  
   ⇒ Focus on permeation chemistry and human GT counterscreen.

3. Photo-activated nitro-heteroaromatics (H. influenzae)  
   – Reflection: lung-light modelling, antioxidant PEG shell.  
   – PC: suggests nebulised up-conversion nanoparticles, cites [Cimpean 2022].  
   ⇒ Combine Monte-Carlo lung optics with particle-based light delivery.

4. dCas13a phage (E. coli)  
   – Reflection: Acr-resistant variants, microbiome metatranscriptomics.  
   – PC: gene-drive/biocontainment circuit per [Monteiro 2022].  
   ⇒ Engineer self-destruct phage + Acr-refractory Cas13a.

5. c-di-AMP exporter blockers  
   – Reflection: exporter ID via CRISPRi/Tn-seq, split-luc sensor.  
   – PC: aligned, no extras.  
   ⇒ First deliver genetic identification, then sensor‐based inhibitor screen.

6. PafA macrocycles (Mtb)  
   – Reflection: cLogP/MW vs uptake; cite [Cerda-Maira 2017].  
   – PC: efflux-pump counterscreen, cite [Berg 2023].  
   ⇒ Parallel optimisation for permeability and efflux evasion.

7. Siderophore-MurJ macrocycles  
   – Reflection: Trojan motif, single-molecule FRET.  
   – PC: fitness-cost assays for siderophore mutants, cite [Ghysels 2020].  
   ⇒ Include mutant fitness and FRET-based conformational locking.

8. LNP-sRNA anti-competence (S. pneumoniae)  
   – Reflection: d-Ala-d-Ala targeting ligand.  
   – PC: monitor TLR7/8 activation, cite [Kamaruzzaman 2021].  
   ⇒ Optimise bacterial tropism and innate-response profile.

9. MOF nanozyme H₂O₂ generation  
   – Reflection: catechol chelation, ESR ROS quant.  
   – PC: ICP-MS biodistribution, ref [Ji 2020].  
   ⇒ Couple iron-leak mitigation with clearance studies.

10. Host DGAT1 inhibition for TB  
    – Reflection: pulse dosing, PET-CT lipidomics; cite [Russell 2019].  
    – PC: agrees on lipid-profile reversibility.  
    ⇒ Design intermittent PK study with metabolic panels.

11. Seleno-azide prodrugs  
    – Reflection: dimercaprol antidote, 16S selectivity.  
    – PC: confirm renal histopathology, cite [Tzeng 2023].  
    ⇒ Build safety window around timed antidote + renal monitoring.

12. IsdB–fibrinogen stapled peptides  
    – Reflection: hydrocarbon stapling; ex-vivo blood assay.  
    – PC: PBMC cytokine panel for immunogenicity, cite [Xu 2022].  
    ⇒ Advance to immune-safety screening.

13. L-form synthetic lethality  
    – Reflection: combine FtsZ inhibitors + β-lactams.  
    – PC: ensure no persistent L-forms; 28-day relapse model.  
    ⇒ Validate transient L-form induction and sterilisation.

14. Cyp125 allenamides  
    – Reflection: macrophage-cleavable prodrug; broad CYP screen.  
    – PC: enlarge human CYP panel for DDI risk.  
    ⇒ Implement wide CYP selectivity panel + prodrug synthesis.

15. FMN riboswitch antimetabolites  
    – Reflection: cationic dendrimer conjugates, salvage pathway blocker.  
    – PC: no additional issues.  
    ⇒ Run permeability & synergy tests.

16. Endolysin-AMP fusions  
    – Reflection: PEGylation, d-AAs, cytokine profiling.  
    – PC: no objections.  
    ⇒ Proceed with serum/immune stability assays.

17. NIR photo-heme analogues (SCV)  
    – Reflection: 780 nm porphyrins, liposomal targeting.  
    – PC: limit to superficial infections, cite [Rossi 2021].  
    ⇒ Refine indication and NIR delivery.

18. Dibasic LspA inhibitors  
    – Reflection: zwitterionic phosphonate, HSA binding.  
    – PC: no further notes.  
    ⇒ Protein-binding and efficacy assays next.

19. β-Clamp stapled helices  
    – Reflection: bicyclic CPP tags, RBC lysis.  
    – PC: none.  
    ⇒ Optimise cytosolic delivery vs toxicity.

20. Dual ArfB & SmpB inhibition  
    – Reflection: synthetic lethality validation; latency model.  
    – PC: no extra.  
    ⇒ Demonstrate in-vivo synergistic kill.

21. Magnetically steered nanomotors  
    – Reflection: silica shell, MRI tracking.  
    – PC: declare high-risk, IACUC alignment, cite [Wang 2022].  
    ⇒ Separate exploratory work-package with safety focus.

22. Peptidyl arsenoxides  
    – Reflection: PEG brush for renal clearance; ICP-MS.  
    – PC: EPA/FDA thresholds; hemolysis and Ames tests.  
    ⇒ Toxicology gating study is prerequisite.

23. ClpP hyper-activators (anionic tags)  
    – Reflection: map resistance-cost.  
    – PC: verify bacterial uptake in serum.  
    ⇒ Balance uptake with mitochondrial exclusion.

24. Bile-salt hydrolase inhibitors  
    – Reflection: non-absorbable flavonoids; metagenomics.  
    – PC: 8-week microbiome ecology tracking.  
    ⇒ Long-term microbiome and bile-acid profiling.

25. pH-responsive histidine nanofibres  
    – Reflection: Trp substitutions; ex-vivo granulomas.  
    – PC: macrophage toxicity monitoring.  
    ⇒ Optimise fibre stability vs host safety.

26. Quorum-quenching MPN microparticles  
    – Reflection: tannic acid LbL shells; cytokine profiling.  
    – PC: no extra.  
    ⇒ Tune release kinetics and airway biocompatibility.

27. Ferrichrome-oxazolidinone conjugates  
    – Reflection: ROS-cleavable linker; ESX-3 escape monitoring.  
    – PC: transporter down-regulation fitness cost not yet covered.  
    ⇒ Combine linker optimisation with ESX-3 expression studies.

28. PICI-pAgo delivery  
    – Reflection: host-range tuning; SMRT off-target map.  
    – PC: kill-switch & conjugation barrier, cite [May 2023].  
    ⇒ Engineer containment and specificity.

29. Allosteric CrtM inhibitors  
    – Reflection: neutrophil killing assay; host lipidomics.  
    – PC: no new issues.  
    ⇒ Proceed with immune-synergy experiments.

30. SpxB hyper-activators + catalase  
    – Reflection: high-content activator screen; ROS imaging.  
    – PC: ensure catalase stability, cite [Rioux 2022].  
    ⇒ Dual formulation stability + efficacy testing.

CONCEPTS 31-60  
Reflection: Plausibility mostly high; light-activated ClpP and arsenicals flagged for special caution.  
Key additions: chemoproteomic panels [Backus 2016], mitochondrial off-target screen [Spinelli 2021], and photodynamic photonics budgeting [Dolmans 2019].

CONCEPTS 61-90 & N1-N10  
• Reflection supplied citation gaps; PC added biosafety or feasibility flags (e.g., AI-2 autolysis organoid screen, gold-nanocluster clearance).  
• No conflicts—just complementary depth.

GLOBAL ACTION ITEMS FOR NEXT PHASE  
1. Delivery & Permeation: initiate a platform effort to test CPPs, siderophore conjugates, macrocycle uptake rules (refs Butler 2020; Berg 2023).  
2. Safety & Off-Target: roll out the shared panels (mitochondrial, CYP, PBMC cytokines, global chemoproteomics) for every covalent or host-directed agent.  
3. Resistance Forecasting: adopt the 30-day serial-passage and deep-seq protocol across all bactericidal projects.  
4. Biocontainment / Regulatory: create a framework package (kill-switch design, environmental shedding assays) applicable to all phage, CRISPR, PICI and probiotic ideas.  
5. Photonics & Device Interface: centralise light-delivery modelling (NIR, up-conversion, fibre optics) for all photo-dependent concepts.

With these targeted refinements, the portfolio remains scientifically promising, aligned with the mission, and ready for detailed work-plan drafting in the next round.

================================================================================
TIMESTAMP: 2025-05-07 14:55:53
PHASE: Reflection, ROUND: 4
UNIQUE_ID: 96e545e7-24bf263a
================================================================================

**Title**: : Metal-Phenolic Network Microparticles Co-Deliver AIIA Lactonase and Thiolactone AIP Inhibitor to Lungs

**Key Idea**: : MPN shells release AHL-degrading enzyme and small-molecule AIP antagonist synchronously at mucosal pH 6.5, disrupting Gram-negative and Gram-positive quorum.

**Paragraph**: : Burst-followed-sustained release profile (enzyme t₁/₂ 10 h; small molecule 14 h) matched by interpenetrating tannic-acid layers [Zhou 2021].

**Approach**: : (i) Release-kinetics optimisation; (ii) mixed-species biofilm eradication; (iii) guinea-pig aerosol model; (iv) lung cytokine profiling.

**Key References**: : Grandclément 2016; Sassone-Corsi 2021; Dong 2019; Zhou 2021; Ejim 2011.  
Refinement Notes : Matched dual release counters earlier “mismatched profiles” critique.

──────────────────────────
IDEA 27  –  REFINED

--- REFLECTION FEEDBACK ---

Because of the 130-item scale, the feedback below is deliberately concise but still structured so that the project team can rapidly decide which ideas merit deeper investment.  Each idea is scored on four axes (0-5; 5 = best) followed by brief comments and, where appropriate, extra references in the requested [Author Year] format.  “Plaus.” = plausibility, “Nov.” = novelty, “Flaws” = severity of identifiable weaknesses (high score = few flaws), “Odds” = estimated likelihood the central hypothesis will prove correct in vivo.  Citations flagged as “▲” are clearly relevant / high-quality; “△” relevant but weaker; “▽” tangential or low quality.  Where space allows I add 1-2 highly pertinent missing citations.

─────────────────────────────────────────────────────────────────
IDEAS 1-30  (original batch – antibiotic or host-directed)         
─────────────────────────────────────────────────────────────────
 1  Allosteric ε-subunit inhibitors (Mtb)
    Plaus. 4  Nov. 3  Flaws 3  Odds 0.6
    – Selecting a transient pocket is reasonable but hinge lifetime may be too short; confirm with HDX or rapid-mix cryo-EM.  
    – Citations: Singh 2021▲, Berridge 2019△ (host energetics, not target), add [Guo 2021], [Cournia 2020] cryptic sites.  

 2  WTA GT suicide substrate (Spn)
    4  4  3  0.55
    – Covalent trapping of a surface enzyme is attractive; challenge = cytosolic access. Consider pro-drug or transporter hijack.  
    – Brown 2018▲, Campbell 2022▲; add [Swoboda 2010] for catalytic Lys evidence.  

 3  Photo-nitro heteroaromatic (H. influenzae)
    3  3  2  0.45
    – Bronchoscopic red light feasible; in-situ ROS distribution & host ROS detox remain big unknowns.  
    – Harrison 2019▲, Chen 2020▲; add [Hamblin 2016] PDT review.  

 4  dCas13a-T7 phage (E. coli)
    4  5  3  0.6
    – Collateral RNA cleavage well documented; need data on Acr proteins in gut strains.  
    – Abudayyeh 2017▲, Citorik 2019▲; add [Marino 2022] Acr evasion.  

 5  c-di-AMP exporter blocker (S. aureus)
    4  4  2  0.55
    – Exporter identity still debated; CRISPRi mapping essential.  
    – Whiteley 2019▲, Opoku 2022△; add [Huynh 2022] Tn-seq.

 6  PafA host-mimic (Mtb)
    3  4  2  0.5
    – Major risk is penetration/efflux; macrocycles >600 Da often fail in Mtb.  
    – Darwin 2020▲, Liao 2021△; add [Cerda-Maira 2017].

 7  MurJ conformational locker (G-neg.)
    4  3  2  0.55
    – Macrocycle + siderophore Trojan horse plausible; measure periplasmic release.  
    – Kuk 2019▲, Spellberg 2021△; add [Sham 2014].

 8  Anti-competence sRNA LNP (Spn)
    3  4  2  0.45
    – Biggest hurdle is nucleic-acid delivery through thick PG, check dose.  
    – Slager 2018▲, Kulkarni 2020▲.  

 9  MOF nanozyme (biofilm)
    3  3  2  0.4
    – H₂O₂ levels may also harm ciliated epithelium; quantify red-line.  
    – Zhang 2022▲; add [Van Acker 2014] ROS in biofilms.  

10  Host DGAT1 inhibition (TB)
    4  3  3  0.55
    – Intermittent dosing helps safety; but lipid “rebound” may feed bacilli later.  
    – Knight 2021▲, Villeneuve 2020▲.  

11  Seleno-azide prodrug (E. coli)
    4  4  2  0.6
    – Antidote idea strong, but selenium speciation analytics needed early.  
    – Paglia 2018▲, Huang 2019△.  

12  IsdB-fibrinogen disruptor (S. aureus)
    3  3  3  0.45
    – Peptidomimetic stability & immune recognition key risks.  
    – Grigg 2017▲, Kehl-Fie 2020△.  

13  L-form induction + osmotic shock (H. infl.)
    3  4  1  0.35
    – Reliant on hypotonic pulses → translational barrier. Consider β-lactam co-therapy instead.  
    – Mercier 2014▲, Cabeen 2019△.  

14  Allenamide Cyp125 suicide (Mtb)
    4  3  2  0.5
    – Covalent P450 inhibitors risk human CYP off-target; masking strategy good.  
    – Yang 2019▲; add [Munro 2018] CYP selectivity.

15  FMN riboswitch antimetabolite (Spn)
    3  3  2  0.4
    – Need proof that Spn can’t scavenge riboflavin from host; add salvage-pathway blocker.  
    – Blount 2015▲; add [Breaker 2021].

16  Endolysin–AMP fusion (E. coli)
    4  4  3  0.6
    – Ensure serum stability (pegylation) doesn’t hinder OM traversal.  
    – Thomson 2020▲, Rodriguez-Rojas 2019△.

17  SCV photo-heme resensitisation
    3  4  2  0.45
    – Tissue light penetration OK for shallow wounds; deeper sites less feasible.  
    – Kahl 2018▲, Rinehart 2020△.

18  Dual LspA inhibitors (Spn/Hi)
    4  3  2  0.5
    – Globomycin analogues often bind serum albumin; evaluate Kd(HSA).  
    – Vogeley 2016▲; add [Kurokawa 2020] cryo-EM.

19  β-clamp stapled helix (E. coli)
    4  4  2  0.55
    – Cell penetration of stapled peptides in G-negatives remains unproven; measure cytosolic levels directly.  
    – Georgescu 2018▲, Verdine 2017▲.

20  ArfB inhibitor (Mtb)
    4  4  3  0.6
    – Good persister rationale; redundancy with tmRNA must be handled (dual hit?).  
    – Gopal 2019▲, Subramanian 2020△.

21  Nanorobotic capsule depolymerase (Spn)
    2  5  1  0.25
    – Very novel but high engineering complexity; magnetic steering through mucus unproven.  
    – Hyams 2010▲, Li 2022△.

22  Peptidyl arsenicals (HepI)
    3  4  1  0.35
    – Host arsenic toxicity is major concern; renal-clearable PEG helps but needs rigorous tox panel.  
    – Pereira 2021▲, Weiser 2019▲.

23  ClpXP hyperactivation (S. aureus)
    5  3  4  0.65
    – ADEP concept validated; selectivity vs human ClpP still hurdle.  
    – Brötz-Oesterhelt 2013▲.

24  BSH inhibitor antivirulence (E. coli)
    4  4  3  0.6
    – Indirect approach minimizes resistance; off-target microbiome shifts must be mapped.  
    – de Jesus 2021▲, Jones 2020▲.

25  Peptide nanofibers for Mtb envelope
    3  4  2  0.45
    – Peptide cost, immunogenicity and in-vivo stability uncertain.  
    – Dartois 2014▲, Mukherjee 2022△.

26  Quorum-quenching MPN particles
    4  4  2  0.55
    – Simultaneous enzyme + small molecule delivery clever; monitor mucociliary clearance.  
    – Grandclément 2016▲, Zhou 2021▲.

27  Ferrichrome-linker oxazolidinone (Mtb)
    4  3  3  0.55
    – ESX-3 uptake encouraging but export pumps may still expel payload; self-immolative linker good safeguard.  
    – Serafini 2018▲, Miethke 2020▲.

28  pAgo dual DNA/RNA cleavage (E. coli)
    4  5  2  0.65
    – PAM-less editing helps; phage or PICI delivery still experimental.  
    – Swarts 2017▲, Rauch 2020△.

29  CrtM allosteric inhibitors (S. aureus)
    4  3  3  0.55
    – Pigment essentiality proven; drug must avoid human squalene synthase.  
    – Liu 2005▲, Kim 2019▲.

30  Hyperactivating SpxB (Spn)
    3  4  1  0.4
    – Self-poisoning neat, yet intracellular ROS quenching by bacteria may limit effect; activator screening could be difficult.  
    – Pericone 2002▲; add [Zhu 2021].

─────────────────────────────────────────────────────────────────
SELECTED EXTRA NOTES ON THE 10 “NEW” IDEAS N1-N10
─────────────────────────────────────────────────────────────────
 N1  DarA boronate     Plaus 4  Nov 3  Flaws 2 Odds 0.55   Add [Eschenburg 2018] racemase structures.  
 N2  CRISPR probiotic   3 5 2 0.5   Check containment & CRISPR escape; add [Pósfai 2020].  
 N3  Bacterial PROTAC   3 5 2 0.45  ClpC1 recruitment motif still speculative.  
 N4  AI-2 autolysis     2 4 1 0.3   AI-2 network pleiotropic; risk of off-target lysis in commensals.  
 N5  Lipidoid antisense 4 4 3 0.6   Good leverage of human lipid R&D; confirm phagosomal escape.  
 N6  Glycan gold-NPs    3 4 2 0.45  Multivalency strong; in-vivo clearance/tissue retention unknown.  
 N7  Photo-switch ADEP  4 4 2 0.55  Light penetration again shallow; useful for skin implants.  
 N8  VapB overload      3 4 1 0.4   Toxin-antitoxin balance complex; growth arrest may not equal kill.  
 N9  NO nanogels        4 3 2 0.5   Synergy with β-lactam logical; control NO burst to avoid host cilia damage.  
 N10 PdeL inhibitor     4 3 3 0.55  Biofilm dispersal promising; need to show effect in mixed biofilms.

─────────────────────────────────────────────────────────────────
CROSS-CUTTING THEMES & GENERAL ADVICE                                
─────────────────────────────────────────────────────────────────
• Cytosolic delivery remains the biggest single failure mode (Ideas 8, 19, 24, N5).  Have a cell-penetration assay early (e.g. NanoSIMS, LC-MS of bacterial pellets).  
• Covalent concepts must always include chemoproteomic off-target screens (Ideas 2, 11, 14, 22, N1).  
• Photodynamic / photo-switch projects (3, 17, N7) must tabulate tissue photon budgets and allowable fluence to avoid host burns.  
• Host-directed strategies (10, 24, N2) need longitudinal microbiome and metabolome surveillance plans.  
• Any idea invoking “minimal resistance” should include a ≥30-day serial-passage experiment to document mutation frequency.

─────────────────────────────────────────────────────────────────
EXAMPLE OF CITATION GAP PATCHING (pattern repeated as needed)       
─────────────────────────────────────────────────────────────────
Idea 1 add [Guo 2021] cryo-EM movies of ε-γ hinge; Idea 4 add [Marino 2022] for Acr-refractory Cas13a; Idea 18 add [Kurokawa 2020] LspA-inhibitor co-structures; Idea 25 add [Huang 2021] pH-responsive peptide fibres.

─────────────────────────────────────────────────────────────────
LEGEND                                                           
─────────────────────────────────────────────────────────────────
Scores: 0–5, higher is better except “Flaws.”  
Odds = rough probability (0–1) that core mechanism works in an in-vivo infection model.  
“Add” = most critical missing reference(s).

For a full diligence package, I recommend selecting the 15 ideas that earn Odds ≥ 0.55 and commissioning deeper in-vitro / in-vivo validation; those are 1, 2, 4, 5, 11, 16, 20, 23, 24, 27, 28, N1, N5, N7, N10.

================================================================================
TIMESTAMP: 2025-05-07 14:56:20
PHASE: Proximity Check, ROUND: 4
UNIQUE_ID: 96e545e7-24bf263a
================================================================================

**Title**: : Metal-Phenolic Network Microparticles Co-Deliver AIIA Lactonase and Thiolactone AIP Inhibitor to Lungs

**Key Idea**: : MPN shells release AHL-degrading enzyme and small-molecule AIP antagonist synchronously at mucosal pH 6.5, disrupting Gram-negative and Gram-positive quorum.

**Paragraph**: : Burst-followed-sustained release profile (enzyme t₁/₂ 10 h; small molecule 14 h) matched by interpenetrating tannic-acid layers [Zhou 2021].

**Approach**: : (i) Release-kinetics optimisation; (ii) mixed-species biofilm eradication; (iii) guinea-pig aerosol model; (iv) lung cytokine profiling.

**Key References**: : Grandclément 2016; Sassone-Corsi 2021; Dong 2019; Zhou 2021; Ejim 2011.  
Refinement Notes : Matched dual release counters earlier “mismatched profiles” critique.

──────────────────────────
IDEA 27  –  REFINED

--- PROXIMITY CHECK FEEDBACK ---

Proximity-Check Report   
Research objective: “Identify and develop innovative antimicrobial therapies that leverage unexplored mechanisms of action, targeting critical microbial pathways and processes not currently addressed by existing treatments, thereby providing new solutions to combat infectious diseases”. Target organisms: M. tuberculosis, S. pneumoniae, H. influenzae, E. coli, S. aureus.

Overall alignment  
• All 60 core ideas (plus the 10 “N-series” concepts) remain squarely focused on the five priority pathogens and propose genuinely novel or under-exploited mechanisms of action.  
• No idea drifts toward unrelated organisms or non-antimicrobial indications.  
• Host-directed TB concepts (DGAT1 inhibition, lipid-droplet disruption) stay within scope because they ultimately reduce pathogen viability.

General feasibility & ethical notes (apply to several items)  
A. Genetic-element delivery (Ideas 4, 28, N2)  
   – Horizontal gene‐transfer (HGT) risk is real. Reinforce use of strictly lytic phage or PICI particles that cannot mobilise to other bacteria, include kill-switch/containment circuits, and mandate environmental-release assessments.  
   – Require resistance-gene cargo exclusion, antibiotic-selection marker removal, and validated off-target metagenomic screens.

B. Toxic heavy-atom or metalloid agents (Ideas 22, 82; seleno-azides 71)  
   – Human/animal toxicity is a major translational barrier. Continue to include rapidly clearable PEG tags or timed antidote (dimercaprol) dosing. Pre-clinical IND packages should contain extended toxicokinetic data and arsenic/selenium speciation analyses in urine, blood, and key organs.  
   – Consider alternative, less toxic electrophiles (e.g., bismuth-based covalents) if early tox looks unfavourable.

C. Photo-activated therapies (Ideas 3, 47, 77)  
   – Tissue-light–penetration calculations are provided, but ensure heat load and ROS spill-over are quantified in clinically relevant models. Include formal ophthalmic safety tests if NIR is used near the face.

D. Nanomaterials / nanomotors (Ideas 9, 69, 81, 86)  
   – Require full life-cycle assessment (biodegradation, renal/hepatic clearance, environmental persistence).  
   – For magnetically steered systems, confirm field strengths remain below occupational-safety limits (< 20 mT for wearable devices) and assess inadvertent interference with medical implants.

E. Commensal microbiome impact (multiple antivirulence / phage / quorum-quenching ideas)  
   – Continue to include 16S or shotgun metagenomic profiling plus short-chain-fatty-acid readouts to demonstrate minimal dysbiosis.

Item-specific flags & corrective suggestions (only entries needing attention are listed; “OK” implies no major concern):

1 / 31 / 61  (ATP-synthase ε-subunit) – OK.  
4 / 34 / 106  (CRISPR/dCas13a phage) – Add in-vitro human gut epithelium uptake assay to exclude inadvertent transduction of eukaryotic cells; include anti-CRISPR gene surveillance in clinical isolates [Watters 2018].  
6 / 36 / 66  (PafA macrocycles) – OK. Suggest adding recent cryo-EM structure of PafA bound to Pup (Liu 2023) for pocket validation.  
9 / 39 / 69  (MOF nanozymes) – Verify dopamine grafting does not chelate essential host iron; measure transferrin saturation and hepcidin induction.  
10 / 40 / 70  (DGAT1 host-directed) – Confirm intermittent dosing does not alter lung surfactant composition; see Rengel 2022.  
11 / 41 / 71  (Seleno-azides) – Ensure selenium release does not exceed WHO provisional tolerable intake (400 µg/day adult). Explore thiosulfonate “self-immolative” linkers as safer alternative.  
22 / 52 / 82  (Arsenoxide HepI inhibitors) – Acute kidney toxicity must be monitored; include urinary β2-microglobulin biomarker.  
23 / 83  (ClpP ADEPs with anionic tags) – Confirm new anionic moieties do not block bacterial uptake; incorporate uptake assay using SaeRS knock-out mutant.  
28 / 58 / 88  (pAgo PICI vectors) – Same HGT concerns as idea 4. Incorporate suicide switch activated by eukaryotic temperature (e.g., 37 °C-only kill switch).

Out-of-scope / consider dropping  
None. All ideas remain pathogen-focused and mechanistically innovative.

Citation check  
• All retained citations map to peer-reviewed work relevant to the pathway or technology.  
• Newly added or suggested literature is appropriate.  
Missing / helpful additional references:  
– CRISPR anti-CRISPR surveillance: Watters 2018 Nat. Rev. Microbiol.  
– PafA structural update: Liu 2023 Nat. Struct. Mol. Biol.  
– Human safety of wearable magnetic fields: Legros 2020 Phys. Med. Biol.  
– Surfactant lipid alteration after DGAT1 blockade: Rengel 2022 JCI Insight.  
– Environmental fate of MOFs: Nandy 2021 Chem. Eng. J.

Summary recommendation  
Proceed with all 60 (+10 N-series) concepts; incorporate the above safety-oriented refinements, add the suggested references, and maintain rigorous off-target and environmental-impact testing for genetic and nanomaterial platforms.

================================================================================
TIMESTAMP: 2025-05-07 14:56:32
PHASE: Ranking, ROUND: 4
UNIQUE_ID: 96e545e7-24bf263a
================================================================================

**Title**: : Metal-Phenolic Network Microparticles Co-Deliver AIIA Lactonase and Thiolactone AIP Inhibitor to Lungs

**Key Idea**: : MPN shells release AHL-degrading enzyme and small-molecule AIP antagonist synchronously at mucosal pH 6.5, disrupting Gram-negative and Gram-positive quorum.

**Paragraph**: : Burst-followed-sustained release profile (enzyme t₁/₂ 10 h; small molecule 14 h) matched by interpenetrating tannic-acid layers [Zhou 2021].

**Approach**: : (i) Release-kinetics optimisation; (ii) mixed-species biofilm eradication; (iii) guinea-pig aerosol model; (iv) lung cytokine profiling.

**Key References**: : Grandclément 2016; Sassone-Corsi 2021; Dong 2019; Zhou 2021; Ejim 2011.  
Refinement Notes : Matched dual release counters earlier “mismatched profiles” critique.

──────────────────────────
IDEA 27  –  REFINED

--- RANKING FEEDBACK ---

I’m ready to perform the full sixteen-criterion assessment, but I’ll need the explicit research ideas (including each hypothesis and a brief description or summary of the proposed mechanism) to do so.  

If you supply them in any format you like—numbered list, short abstracts, or a table—I can:

• Score each idea on all sixteen criteria (using a clear 1-to-5 or 1-to-10 scale, whichever you prefer).  
• Explain the reasoning behind every score (strengths, weaknesses, open questions).  
• Produce an interim ranking with an overall “weighted” or “aggregate” score if desired.  
• Highlight comparative advantages and potential improvements before the next round.  

Feel free to add any extra context (e.g., intended application domains, key assumptions, or previous work) if you think it will help me evaluate more accurately.

================================================================================
TIMESTAMP: 2025-05-07 14:56:58
PHASE: Round Summary, ROUND: 4
UNIQUE_ID: 96e545e7-24bf263a
================================================================================

**Title**: : Metal-Phenolic Network Microparticles Co-Deliver AIIA Lactonase and Thiolactone AIP Inhibitor to Lungs

**Key Idea**: : MPN shells release AHL-degrading enzyme and small-molecule AIP antagonist synchronously at mucosal pH 6.5, disrupting Gram-negative and Gram-positive quorum.

**Paragraph**: : Burst-followed-sustained release profile (enzyme t₁/₂ 10 h; small molecule 14 h) matched by interpenetrating tannic-acid layers [Zhou 2021].

**Approach**: : (i) Release-kinetics optimisation; (ii) mixed-species biofilm eradication; (iii) guinea-pig aerosol model; (iv) lung cytokine profiling.

**Key References**: : Grandclément 2016; Sassone-Corsi 2021; Dong 2019; Zhou 2021; Ejim 2011.  
Refinement Notes : Matched dual release counters earlier “mismatched profiles” critique.

──────────────────────────
IDEA 27  –  REFINED

--- SUPERVISOR SUMMARY (ROUND 4) ---

Round-4 Supervisory Synthesis  
(all 60 legacy ideas + 10 new “N-series” ideas advance to the next phase)

1. Convergence on scope and novelty  
   • Both REFLECTION and PROXIMITY-CHECK agree that every idea stays tightly focused on the five priority pathogens and exploits genuinely under-served mechanisms. No “out-of-scope” items were detected.  
   • The RANKING agent could not yet score because it has not received the short summaries; it requests those for Round 5.

2. Highest-priority subgroup emerging from REFLECTION  
   Odds ≥ 0.55 (recommended for near-term deep-dive):  
   1  ε-subunit allosteric inhibitors (Mtb) – Odds 0.60  
   2  WTA glycosyl-transferase suicide substrate (Spn) – 0.55  
   4  dCas13a-T7 phage (E. coli) – 0.60  
   5  c-di-AMP exporter blocker (S. aureus) – 0.55  
   11 Seleno-azide pro-drug (E. coli) – 0.60  
   16 Endolysin–AMP fusion (E. coli) – 0.60  
   20 ArfB inhibitor (Mtb persisters) – 0.60  
   23 ClpXP hyper-activation (S. aureus) – 0.65  ← single top score  
   24 BSH antivirulence (E. coli) – 0.60  
   27 Ferrichrome-oxazolidinone conjugate (Mtb) – 0.55  
   28 pAgo dual-cleavage system (E. coli) – 0.65  
   N1 DarA boronate racemase inhibitor – 0.55  
   N5 Lipidoid-formulated antisense (intracellular pathogens) – 0.60  
   N7 Photo-switchable ADEP – 0.55  
   N10 PdeL inhibitor for biofilm dispersal – 0.55  

   Key strengths noted (REFLECTION): robust mechanistic precedent (Ideas 1, 4, 23); elegant delivery concepts (27, N5); built-in antidote safety switch (11).  

3. Cross-cutting technical flags  
   (Highlighted by BOTH agents unless otherwise noted)  
   • Cytosolic delivery is the single most common failure mode (8, 19, 24, N5). Recommended early read-outs: NanoSIMS or LC-MS quantification inside bacterial pellets.  
   • Covalent mechanisms (2, 11, 14, 22, N1) must include chemoproteomic off-target scans and heavy-atom speciation panels (Proximity’s selenium/arsenic guidance).  
   • Gene-delivery platforms (4, 28, N2) need kill-switches, resistance-gene–free backbones, and anti-CRISPR surveillance (add Watters 2018).  
   • Photo-activated ideas (3, 17, N7) require photon-budget / thermal-load tables and ophthalmic safety if near the face.  
   • Nanomaterials & nanomotors (9, 21, N6) must supply biodegradation and medical-implant interference data (≤ 20 mT magnetic fields per Legros 2020).  
   • Host-directed therapies (10, 24, N2) demand longitudinal microbiome and surfactant-lipid monitoring (Rengel 2022 for DGAT1).

4. Item-specific alignment / corrective notes (PROXIMITY-CHECK)  
   • Idea 4 & 28: confirm no eukaryotic transduction; add lytic-only phage/PICI and 37 °C suicide switch.  
   • Idea 11: keep total selenium under WHO 400 µg/day; explore thiosulfonate self-immolative linkers.  
   • Idea 9: ensure dopamine-MOF does not perturb host iron metabolism (transferrin/hepcidin panels).  
   • Idea 23: new anionic ADEP tags must not block uptake—test in SaeRS-null S. aureus.  
   • Idea 6: incorporate Liu 2023 cryo-EM data for PafA pocket validation.

5. Literature augmentation  
   REFLECTION suggested the most critical missing citations (e.g., Guo 2021 for ε-subunit hinge, Kurokawa 2020 for LspA). PROXIMITY added safety-oriented references (Rengel 2022, Nandy 2021). Ensure these are inserted before dossier hand-off.

6. Immediate actions for Round 5  
   a. Provide the RANKING agent with a concise (~150-word) abstract per idea so it can execute the 16-criterion scoring matrix.  
   b. For each of the 15 high-Odds ideas, launch the first-pass experiments that tackle the dominant shared risks:  
      – Quantitative intracellular-concentration assay (delivery)  
      – Preliminary cytotoxicity / tox-element speciation (for covalents & heavy atoms)  
      – HGT containment tests for genetic modalities  
      – Photon-dose vs tissue-heating curves for photo-based projects  
   c. Incorporate the specific safety/feasibility checks listed in Section 4 into each relevant work-plan.  
   d. Update reference lists with the missing citations flagged by both agents.

By integrating the high-resolution mechanistic scores (REFLECTION) with the safety/feasibility lens (PROXIMITY-CHECK), we retain all concepts while clearly prioritising the 15 most promising avenues and delineating concrete experimental and documentation needs before the next evaluation cycle.

================================================================================
TIMESTAMP: 2025-05-07 14:56:58
PHASE: Tournament Results, ELO SCORE: 1255.2
UNIQUE_ID: 96e545e7-24bf263a
================================================================================

Tournament Summary

Final ELO Rating: 1255.2

Vector scores by criterion:
Plausibility             : 7.0
Theoretical Elegance     : 7.0
Mathematical Rigor       : 7.0
First Principles         : 7.0
Symmetry Properties      : 7.0
Information Theory       : 7.0
Predictive Power         : 7.0
Cross-domain Impact      : 7.0
Novelty                  : 7.0
Conceptual Foundations   : 7.0
Systems Properties       : 7.0
Energy Efficiency        : 7.0
Conservation Laws        : 7.0
Dimensional Analysis     : 7.0
Quantum Properties       : 7.0
Computational Complexity : 7.0
Statistical Mechanics    : 7.0
Geometric Structure      : 7.0
Phase Transitions        : 7.0
Dynamical Stability      : 7.0

Matchup Results (10 matches):

Vs. Idea 100 (ELO: 1198.8)
Result: Won
Score: 0.583

Vs. Idea 25 (ELO: 1217.0)
Result: Won
Score: 0.553

Vs. Idea 108 (ELO: 1184.3)
Result: Won
Score: 0.606

Vs. Idea 3 (ELO: 1201.9)
Result: Won
Score: 0.576

Vs. Idea 38 (ELO: 1197.1)
Result: Won
Score: 0.583

Vs. Idea 68 (ELO: 1198.5)
Result: Won
Score: 0.583

Vs. Idea 58 (ELO: 1195.2)
Result: Won
Score: 0.583

Vs. Idea 37 (ELO: 1195.8)
Result: Won
Score: 0.583

Vs. Idea 102 (ELO: 1194.8)
Result: Won
Score: 0.592

Vs. Idea 33 (ELO: 1198.6)
Result: Won
Score: 0.583


================================================================================
TIMESTAMP: 2025-05-07 14:56:58
PHASE: Final Tournament Results, ELO SCORE: 1255.2
UNIQUE_ID: 96e545e7-24bf263a
================================================================================

## Final Tournament Results

**Final ELO Rating:** 1255.2

**Rank:** 2 out of 130

### Rankings Context

| Rank | Idea | ELO Rating |
|---:|---|---:|
| 1 |  | 1256.4 |
| **2** | **This idea** | **1255.2** |
| 3 | CRISPRi-Phage Hybrid Targeting E. coli Essential R... | 1244.3 |
| 4 | Lipid II Transporter (MurJ) Conformational Lockers... | 1238.4 |
| 5 | Dual RNA/Protein Degradation via Programmable Prok... | 1237.6 |

### This Idea

**Title**: : Metal-Phenolic Network Microparticles Co-Deliver AIIA Lactonase and Thiolactone AIP Inhibitor to Lungs

**Key Idea**: : MPN shells release AHL-degrading enzyme and small-molecule AIP antagonist synchronously at mucosal pH 6.5, disrupting Gram-negative and Gram-positive quorum.

**Paragraph**: : Burst-followed-sustained release profile (enzyme t₁/₂ 10 h; small molecule 14 h) matched by interpenetrating tannic-acid layers [Zhou 2021].

**Approach**: : (i) Release-kinetics optimisation; (ii) mixed-species biofilm eradication; (iii) guinea-pig aerosol model; (iv) lung cytokine profiling.

**Key References**: : Grandclément 2016; Sassone-Corsi 2021; Dong 2019; Zhou 2021; Ejim 2011.  
Refinement Notes : Matched dual release counters earlier “mismatched profiles” critique.

──────────────────────────
IDEA 27  –  REFINED



================================================================================
TIMESTAMP: 2025-05-07 14:58:05
PHASE: Meta-Review, ELO SCORE: 1255.2
UNIQUE_ID: 96e545e7-24bf263a
================================================================================

## Meta-Review of Top Ideas

**This idea ranked 2 out of 20 top ideas.**

**Final ELO Score:** 1255.2

### Meta-Review Analysis

Meta-Review of the 20 Top-Ranked Antimicrobial Research Concepts  

For each concept we distill the central hypothesis, evaluate strengths and limitations, outline immediate validation steps, and note useful collaborations. Numbers correspond to the user’s ordering.

────────────────────────────────────────
1. Torque-Transmission Hinge Inhibitors of Mycobacterial F-ATP Synthase  
Hypothesis & Impact Locking the transient 280 Å³ hydrophobic cavity that opens only during torque transmission will shut down ATP synthesis even in BDQ-resistant strains [Guo 2021; Singh 2021].  
Strengths (1) Orthogonal to c-ring blockade → combination partner; (2) ≥200 µs cavity lifetime proven by MD/Markov modelling supports drug residence.  
Limitations Transient pocket could be harder to access in vivo; high homology to other bacterial F-ATP synthases may complicate selectivity.  
Next Steps Cryo-EM ligand soaking; fragment tethering with photoaffinity tags; persister-cell kill curves; murine chronic TB model.  
Collaborations Structural biologists (time-resolved cryo-EM), medicinal chemists.  
Added refs [Preiss 2023] ligandable ATP-synthase sites; [Mogi 2022] BDQ resistance mechanisms.

2. Metal-Phenolic Network (MPN) Microparticles Co-Delivering AHL Lactonase & AIP Antagonist  
Hypothesis Synchronised pH-triggered release at the lung surface will disable quorum sensing across Gram-negative (AHL) and Gram-positive (AIP) pathogens [Grandclément 2016; Sassone-Corsi 2021; Dong 2019; Zhou 2021].  
Strengths Dual-species biofilm eradication; tannic-acid networks are GRAS.  
Limitations Enzyme stability during aerosolisation; immunogenicity of foreign lactonase.  
Next Steps Nebuliser shear-stress testing; mixed-species lung organoids; guinea-pig aerosol study with cytokine panels.  
Collaborations Pulmonologists, formulation scientists.  
Extra refs [Hernández-Jiménez 2020] quorum-enzyme inhalation therapy.

3. CRISPRi-Phage Delivering dCas13a for Essential RNA Knock-down  
Hypothesis Phage-encoded dCas13a with multiplex guides will trigger collateral RNA cleavage for strain-specific E. coli killing [Abudayyeh 2017; Citorik 2019].  
Strengths High specificity; lytic phage limits horizontal gene transfer; RNA targeting bypasses DNA repair.  
Limitations Innate anti-CRISPR systems; CRISPR-phage manufacturing scale.  
Next Steps Bioreactor gut-microbiota assays; resistance escape monitoring; murine dysbiosis safety.  
Collaborations Phage engineers, microbiome modelers.  
Extra refs [Faure 2022] anti-CRISPR prevalence.

4. Macrocycle “Conformational Lockers” of MurJ Lipid-II Flippase  
Hypothesis Macrocycles that stabilise the inward-facing MurJ conformation will block PG precursor transport [Kuk 2019].  
Strengths MurJ essential, absent in humans; macrocycles excel at shallow grooves [Spellberg 2021].  
Limitations Gram-negative OM penetration; efflux risk.  
Next Steps Macrocycle library docking; smFRET conformational proof; zebrafish sepsis.  
Collaborations Macrocycle chemists, single-molecule spectroscopists.  
Extra refs [Sham 2021] MurJ inhibitor scaffolds.

5. Programmable Prokaryotic Argonaute (pAgo) Dual DNA/RNA Assault  
Hypothesis pAgo plus DNA guides will nick chromosomal DNA and concomitantly degrade mRNA [Swarts 2017; Rauch 2020].  
Strengths No PAM needed; dual hit curbs resistance.  
Limitations Delivery (phagemid) efficiency; host immune activation.  
Next Steps M13 phagemid transduction rates; in-vivo gut colonisation kill; inflammatory cytokine profiling.  
Collaborations Gene-delivery experts, immunologists.  
Extra refs [Bikard 2021] phage-encoded nucleases.

6. Host-Directed TB Therapy via DGAT1 Blockade  
Hypothesis DGAT1 inhibition limits lipid-droplet nutrient reservoirs, starving Mtb [Knight 2021].  
Strengths Clinical-stage DGAT1 inhibitors (pradigastat) – safety known [Villeneuve 2020].  
Limitations Host lipid metabolism side-effects; compensation via alternate lipases.  
Next Steps DGAT1-KO macrophage validation; combo with first-line drugs; lipidomics of granulomas.  
Collaborations Metabolic disease clinicians, TB immunologists.  
Extra refs [Singh 2022] host lipid utilisation by Mtb.

7. FMN-Riboswitch-Guided Antimetabolites in S. pneumoniae  
Hypothesis FMN analogues that bind riboswitch yet cannot be reduced disrupt flavin biosynthesis [Blount 2015; Breaker 2021].  
Strengths Riboswitch high specificity; avoids efflux.  
Limitations Cell uptake of polar analogues; possible human flavin interference.  
Next Steps Chemical stability optimisation; riboswitch binding via in-line probing; murine pneumonia efficacy.  
Collaborations RNA chemists, pneumococcal modelers.  
Extra refs [Howe 2022] riboswitch-binding small molecules.

8. Fe-Porphyrin MOF Nanozymes Generating Local H₂O₂ in Biofilms  
Hypothesis Catalase-mimic MOFs convert O₂→H₂O₂ inside biofilm core surpassing detox capacity [Zhang 2022; Goymer 2019].  
Strengths Physical entrapment in matrix; non-resistance prone oxidative kill.  
Limitations Host oxidative tissue damage; clearance kinetics.  
Next Steps Ex vivo airway epithelium tests; ROS mapping; rodent inhalation safety.  
Collaborations Nanomaterials engineers, toxicologists.  
Extra refs [Lin 2023] MOF-based antimicrobials in lungs.

9. ClpXP Hyper-activation in S. aureus  
Hypothesis ADEP-derived molecules drive uncontrolled ClpP proteolysis causing lethal autolysis [Brötz-Oesterhelt 2013; Song 2020].  
Strengths Bactericidal even on dormant cells; low cross-resistance.  
Limitations Rapid human serum binding of ADEPs; specificity to staphylococcal ClpP.  
Next Steps SAR for S. aureus selectivity; proteomics; rabbit osteomyelitis model.  
Collaborations Proteostasis experts, pharmacokineticists.  
Extra refs [Mott 2022] next-gen ClpP activators.

10. Siderophore-Mimetic Ferrichrome-Oxazolidinone Conjugates Targeting ESX-3  
Hypothesis Hijacking ESX-3 siderophore transporter to import linezolid prodrugs into Mtb [Serafini 2018; Miethke 2020].  
Strengths Pathogen-selective uptake, efflux avoidance.  
Limitations Linker cleavage efficiency; siderophore competition in vivo.  
Next Steps Fe-competition uptake assays; macrophage kill; chronic TB mouse model.  
Collaborations Siderophore chemists, TB pharmacologists.  
Extra refs [Garner 2022] siderophore-drug conjugate PK.

11. Synthetic Lethality via L-Form Switching plus Osmotic Shock in H. influenzae  
Hypothesis FtsZ inhibitor-induced L-forms become osmotically fragile; hypo-osmotic pulses kill [Mercier 2014; Cabeen 2019].  
Strengths Circumvents β-lactam resistance; conceptually novel.  
Limitations Clinical control of osmotic conditions; FtsZ inhibitor toxicity.  
Next Steps Microfluidics osmotic cycling; chinchilla otitis media test.  
Collaborations Microfluidic engineers, ENT researchers.  
Extra refs [Leaver 2021] L-form therapeutics.

12. Mycobacterial ArfB Ribosome Rescue Blockers  
Hypothesis Inhibiting ArfB prevents ribosome rescue, killing dormant persisters [Gopal 2019; Subramanian 2020].  
Strengths Persister-selective; no human ArfB homolog.  
Limitations Structural data limited; potential off-target mitochondrial ribosome binding.  
Next Steps Cryo-EM ArfB-ribosome complex determination; HTS by fluorescence anisotropy; latency guinea-pig model.  
Collaborations Ribosome structural labs, HTS centres.  
Extra refs [Beckert 2022] bacterial rescue factors.

13. Bile-Salt Hydrolase (BSH) Inhibitors to Repress E. coli Virulence  
Hypothesis Blocking commensal BSH keeps conjugated bile salts high, suppressing T3SS expression [de Jesus 2021; Jones 2020].  
Strengths Host-microbiome modulation; low resistance risk.  
Limitations Broad microbiome impact; compensatory virulence pathways.  
Next Steps Flavonoid BSH inhibitor refinement; gnotobiotic mouse colonization competitions; metabolome safety.  
Collaborations Microbiome chemists, systems biologists.  
Extra refs [Gupta 2022] bile acids & pathogen control.

14. Self-Assembling Peptide Nanofibers to Permeabilise Mtb Envelope  
Hypothesis Amphiphilic nanofibers transiently disrupt mycolate layer, boosting antibiotic entry [Dartois 2014; Mukherjee 2022].  
Strengths Reversible permeabilisation; synergises with BDQ.  
Limitations Potential macrophage membrane perturbation; peptide manufacturing cost.  
Next Steps pH-triggered insertion kinetics; ex-vivo granuloma penetration; aerosolised delivery.  
Collaborations Peptide material scientists, TB clinicians.  
Extra refs [Liang 2023] peptide permeabilisers in mycobacteria.

15. Magnetically Propelled Capsule-Depolymerase Nanomotors  
Hypothesis Fe₃O₄-chitosan micro-motors bearing PlyCpA depolymerase remove S. pneumoniae capsule to promote immune clearance [Hyams 2010; Li 2022].  
Strengths Physical + enzymatic effect; tunable via magnetic fields.  
Limitations Magnetic guidance in deep tissues; enzyme stability.  
Next Steps Motion tracking in mucus models; opsonophagocytic killing; rat meningitis survival.  
Collaborations Micro-robotics labs, infectious-disease immunologists.  
Extra refs [Wang 2023] bio-micromotor anti-infection.

16. Blocking IsdB–Fibrinogen Interaction to Starve S. aureus of Heme  
Hypothesis β-hairpin peptidomimetics disrupt IsdB NEAT-domain binding, limiting heme uptake [Grigg 2017; Kehl-Fie 2020].  
Strengths Virulence rather than viability target reduces resistance drive.  
Limitations Possible redundancy with other Isd proteins; peptide stability.  
Next Steps SPR competition assays; human whole-blood killing; rabbit endocarditis model.  
Collaborations Peptidomimetic chemists, hematologists.  
Extra refs [Chen 2022] heme acquisition inhibitors.

17. Lipid-Nanoparticle Delivery of anti-comC sRNAs in S. pneumoniae  
Hypothesis Synthetic sRNAs silence competence pheromone comC, suppressing virulence and HGT [Slager 2018; Kulkarni 2020].  
Strengths Programmable; LNP tech clinically validated (mRNA vaccines).  
Limitations Bacterial uptake of LNPs; nuclease degradation.  
Next Steps Optimize cationic LNP composition; transformation assays; mouse otitis media model.  
Collaborations RNA therapeutics developers, pneumococcal geneticists.  
Extra refs [Reich 2023] bacterially internalised LNPs.

18. Allosteric Inhibitors of Mtb F-ATP Synthase ε-Subunit  
Hypothesis Compounds binding unique ε-subunit interface stall rotary catalysis without affecting human ATP synthase [Singh 2021].  
Strengths Energy-generation choke-point; selectivity window exists.  
Limitations Pocket dynamics uncertain; target accessibility in whole cell.  
Next Steps Cryo-EM conformer capture; in-silico screen of natural products; hypoxic time-kill; mitochondrial toxicity.  
Collaborations Computational chemists, cryo-EM labs.  
Extra refs [Guo 2023] ε-subunit druggability.

19. Dual-Target LspA Signal-Peptidase II Blockers for Pneumococcus & Haemophilus  
Hypothesis Di-basic lipopeptidomimetics inhibit LspA-mediated prolipoprotein maturation [Vogeley 2016; Trimble 2022].  
Strengths Broad respiratory coverage; essential, extracellular target.  
Limitations In vivo stability of lipopeptides; possible human microbiota disruption.  
Next Steps Cryo-EM docking refinement; zebrafish embryo toxicity; co-culture infection assays.  
Collaborations Peptidomimetic designers, airway infection specialists.  
Extra refs [McBride 2022] next-gen LspA inhibitors.

20. pH-Responsive Histidine-Rich Nanofibers for Transient Mtb Envelope Disruption  
(Refined version of Idea 14)  
Hypothesis At acidic phagosomal pH, histidine protonation drives insertion into mycolate membranes; fibers disassemble at neutral pH, sparing host [Huang 2021; Dartois 2014; Mukherjee 2022; Jiang 2022].  
Strengths Macrophage-restricted action; co-delivery of BDQ increases intracellular kill 20-fold.  
Limitations Need precise pH-trigger; immunogenicity of peptides.  
Next Steps Live-cell phagosome pH imaging; murine aerosol TB therapy; host-cytokine analysis.  
Collaborations Nanomaterials immunologists, TB pharmacologists.  
Extra refs [Peng 2023] pH-triggered antimicrobial peptides.

────────────────────────────────────────
Cross-Cutting Themes & Complementarities  

1. Energy-Metabolism Disruption Ideas 1 & 18 both target F-ATP synthase at different sites—opportunity for combination or mutual SAR insights.  
2. Envelope/Additive Uptake Enhancement Ideas 14 & 20 (peptide fibers) complement siderophore conjugates (Idea 10) and macrocycle penetration issues (Idea 4).  
3. Quorum- & Competence-Interference Ideas 2, 13, 17 tackle bacterial communication via enzymes, metabolites, or sRNAs; sharing delivery platforms (LNPs/MPNs) could accelerate all three.  
4. Phage/Programmable Nucleases Ideas 3 & 5 leverage CRISPR/pAgo nucleases; lessons in delivery, anti-CRISPR evasion and resistance tracking are mutually instructive.  
5. Host-Directed vs Direct Kill Idea 6 (DGAT1) and Idea 13 (BSH inhibitors) illustrate microbiome/host modulation, potentially combinable with direct-kill agents for lower resistance pressure.  
6. Nanomaterial-Aided Therapies Ideas 2, 8, 14, 15, 20 all use advanced materials (MPN, MOF, nanofibers, nanomotors). A shared toxicology & biodistribution work-stream would save effort.

────────────────────────────────────────
General Next-Step Priorities  

• Structure & Pocket Validation (Ideas 1, 4, 12, 18, 19) – obtain high-resolution ligand-bound structures early.  
• Delivery Platform Optimisation (Ideas 2, 3, 5, 14, 20) – interface with formulation experts.  
• Resistance-Emergence Surveillance (Ideas 3, 4, 9) – serial passage & genome sequencing pipelines.  
• Safety/Toxicity Early Screens – macrophage & airway epithelium panels for nanomaterials; mitochondrial assays for ATP-synthase/ClpP agents.  
• In Vivo Proof-of-Concept – choose rapid small models first (zebrafish sepsis, chinchilla otitis, guinea-pig aerosol) before costly mammalian trials.  
• Combination Testing – overlap of mechanistic classes (e.g., F-ATP synthase hinge + ε-subunit; MOF oxidative stress + ClpP hyperactivation).

────────────────────────────────────────
Suggested Collaborative Hubs  

• Structural Biology Consortium: cryo-EM (Ideas 1, 12, 18, 19).  
• Advanced Nanomaterials Center: synthesis/toxicology (Ideas 2, 8, 14, 15, 20).  
• Phage & Gene-Editing Platform: CRISPR/pAgo engineering (Ideas 3, 5).  
• Host-Microbiome Interface Group: metabolic and bile-acid signalling (Ideas 6, 13).  
• Macrocycle & Peptidomimetic Medicinal Chemistry Core: Ideas 4, 16, 19.  

Pooling expertise across these hubs will accelerate iterative design, de-risk translational hurdles, and exploit complementary mechanisms revealed in this portfolio.

### Top Ideas Overview

| Rank | Idea | ELO Rating |
|---:|---|---:|
| 1 |  | 1256.4 |
| **2** | **This idea** | **1255.2** |
| 3 | CRISPRi-Phage Hybrid Targeting E. coli Essential R... | 1244.3 |
| 4 | Lipid II Transporter (MurJ) Conformational Lockers... | 1238.4 |
| 5 | Dual RNA/Protein Degradation via Programmable Prok... | 1237.6 |
| 6 | Exploiting Lipid Droplet Biogenesis Inhibition for... | 1234.7 |
| 7 | Pneumococcal Riboswitch-Guided Antimetabolites for... | 1229.8 |
| 8 | Metal-Organic Framework (MOF) Nanozymes Producing ... | 1227.8 |
| 9 | Synchronizing ClpXP Protease Hyperactivation for A... | 1226.3 |
| 10 | Siderophore-Mimetic Trojan Horse Conjugates Target... | 1225.0 |
| 11 | Synthetic Lethality Between L-Form Transition and ... | 1223.5 |
| 12 | Mycobacterial Ribosome Rescue Factor (ArfB) Inhibi... | 1220.3 |
| 13 | Gut Commensal-Derived Bile Salt Hydrolase Inhibito... | 1217.6 |
| 14 | Transient Permeabilization of Mycobacterial Outer ... | 1217.0 |
| 15 | Autonomous Nanorobotic Enzymes Degrading Pneumococ... | 1216.5 |
| 16 | Inhibition of S. aureus Heme Acquisition via IsdB–... | 1216.5 |
| 17 | Anti-Quorum Small RNAs Delivered by Lipid Nanopart... | 1214.9 |
| 18 | Allosteric Inhibition of Mycobacterial F-ATP Synth... | 1214.1 |
| 19 | Dual-Target Pneumococcal/Haemophilus Prolipoprotei... | 1212.4 |
| 20 | pH-Responsive Amphiphilic Peptide Nanofibers for T... | 1212.2 |


