IDEA 43 EVOLUTION LOG

================================================================================
TIMESTAMP: 2025-04-21 15:57:11
PHASE: Evolution, ROUND: 4
================================================================================

Evolution Round 4
Generation Type: refined
Parent Idea: 7
Refinement Count: 0

**Title**: Interpretable Physics-Informed, Active-Learning ML with Automated Experimentation for Accelerated and Reliable Battery Material Discovery

**Key Idea**: Integrating interpretable, physics-informed machine learning with active learning, uncertainty quantification, and automated experimental feedback will expedite discovery and validation of next-generation battery materials.

**Paragraph**: Combining physics-informed ML with active learning and uncertainty quantification improves reliability and guides experimental validation, but full acceleration requires closing the loop with automated synthesis and characterization. Such a system can not only prioritize the most informative experiments but also autonomously execute and interpret them, creating a self-driving laboratory for battery discovery [Xie & Grossman 2018; Jha et al. 2019; Lookman et al. 2019; Stach et al. 2021]. This synergy is transformative for rapid breakthroughs in battery chemistries for EVs.

**Approach**: Develop interpretable ML models integrating physics-based features, active learning, and uncertainty quantification; connect to automated synthesis and high-throughput characterization platforms; use real-time feedback to iteratively refine models and accelerate discovery.

**Key References**: - Xie, T., & Grossman, J. C. (2018). Crystal graph convolutional neural networks for accurate and interpretable prediction of material properties. Physical Review Letters, 120(14), 145301.  
- Jha, D., et al. (2019). Enhancing materials property prediction by leveraging computational and experimental data using deep transfer learning. Nature Communications, 10, 5316.  
- Lookman, T., et al. (2019). Active learning in materials science with emphasis on adaptive sampling using uncertainties for targeted design. npj Computational Materials, 5, 21.  
- Stach, E. A., et al. (2021). Autonomous experimentation systems for materials development: A community perspective. Matter, 4(9), 2702–2726. *(New)*

**Modifications**:  
- Closed the loop with automated experimentation, not just model-driven experimental selection.
- Added [Stach et al. 2021] for autonomous experimentation.

---

### Idea 31 (Refined)

