IDEA 38 EVOLUTION LOG

================================================================================
TIMESTAMP: 2025-04-21 15:57:11
PHASE: Evolution, ROUND: 4
================================================================================

Evolution Round 4
Generation Type: refined
Parent Idea: 2
Refinement Count: 0

**Title**: Multi-Scale, Conductive, and Self-Healing Silicon-Graphene Anodes with Real-Time Stress Sensing for Ultra-Long Cycle Life

**Key Idea**: Integrating hierarchically structured silicon-graphene anodes with autonomous self-healing binders, optimized conductive networks, and embedded stress sensors will enable maximal capacity, exceptional cycle life, and predictive maintenance in EV batteries.

**Paragraph**: Silicon anodes suffer from severe volume changes and fracture, while graphene offers mechanical flexibility and high conductivity. Multi-level (nano-to-meso) architectures distribute stress and facilitate rapid ion/electron transport. By embedding autonomous, self-healing polymer binders and reinforcing the conductive network with carbon nanotubes or MXenes, the anode can self-repair and maintain performance. Furthermore, integrating stress- or strain-responsive conductive fillers (e.g., piezoresistive networks) enables real-time detection of mechanical degradation, allowing for predictive maintenance and further reliability [Zhang et al. 2020; Xu et al. 2021; Ding et al. 2013; Chen et al. 2021]. This synergy is crucial for commercial viability of high-capacity EV anodes.

**Approach**: Fabricate silicon-graphene composites with hierarchical structuring, self-healing polymers, optimized conductive additives, and embedded stress sensors; use in situ electron microscopy and strain mapping to monitor healing, network evolution, and stress accumulation; benchmark in full-cell EV prototypes with predictive analytics.

**Key References**: - Zhang, X., et al. (2020). Graphene/silicon composites for lithium-ion battery anodes: Synthesis and performance. Advanced Energy Materials, 10(4), 1902842.  
- Xu, Y., et al. (2021). Self-healing polymer binders for silicon anodes in lithium-ion batteries. Chemical Society Reviews, 50(4), 2144–2175.  
- Ding, Y., et al. (2013). Self-healing chemistry enables the stable operation of silicon microparticle anodes for high-energy lithium-ion batteries. Nature Communications, 4, 1333.  
- Chen, S., et al. (2021). Piezoresistive nanocomposite sensors for real-time monitoring of lithium-ion battery anodes. Advanced Functional Materials, 31(6), 2008212. *(New)*

**Modifications**:  
- Added embedded stress/strain sensors for real-time diagnostics and predictive maintenance.
- Linked self-healing and diagnostics for reliability.
- Added [Chen et al. 2021] for piezoresistive sensor integration.

---

### Idea 26 (Refined)

