IDEA 31 EVOLUTION LOG

================================================================================
TIMESTAMP: 2025-04-21 15:53:45
PHASE: Evolution, ROUND: 3
================================================================================

Evolution Round 3
Generation Type: refined
Parent Idea: 8
Refinement Count: 0

**Title**: Hybrid Li–S/Li-Ion Batteries with Selective Polysulfide Membranes and Redox Shuttle Suppression

**Key Idea**: Utilizing highly selective polysulfide-blocking membranes and redox shuttle management strategies will boost energy density and cycle life in hybrid Li–S/Li-ion batteries for EVs.

**Paragraph**: Li–S batteries face significant challenges with polysulfide shuttling, causing rapid capacity fade. Integrating advanced separator membranes (e.g., functionalized graphene oxide, MXene, or MOF-based films) and employing redox shuttle suppressors or mediators in the electrolyte can effectively trap polysulfides and facilitate reversible conversion [Manthiram et al. 2014; Li et al. 2019; Liang et al. 2019]. This hybrid

**Approach**: enables high-capacity, long-lasting batteries suitable for EVs.

**Approach**: Fabricate hybrid batteries with advanced membranes and shuttle suppressors; use operando spectroscopy to track polysulfide dynamics and cycle stability in large-format cells.

**Key References**: - Manthiram, A., et al. (2014). Rechargeable lithium–sulfur batteries. Chemical Reviews, 114(23), 11751–11787.  
- Li, G., et al. (2019). Polysulfide-blocking membranes for advanced lithium–sulfur batteries. Energy & Environmental Science, 12(9), 2665–2681.  
- Liang, X., et al. (2019). Functional host materials for sulfur cathodes in lithium–sulfur batteries. Advanced Materials, 31(4), 1804684. *(New)*

**Modifications**:  
- Added specific advanced membrane materials and shuttle management strategies.
- New citation [Liang et al. 2019].

---

### Idea 19 (Further Refined)

