IDEA 33 EVOLUTION LOG

================================================================================
TIMESTAMP: 2025-04-21 15:53:45
PHASE: Evolution, ROUND: 3
================================================================================

Evolution Round 3
Generation Type: refined
Parent Idea: 10
Refinement Count: 0

**Title**: Hierarchical Multi-Scale, AI-Driven Thermal Management with Predictive Control for EV Batteries

**Key Idea**: Deploying hierarchical, multi-scale thermal management with AI-driven predictive control will maximize usable capacity and thermal safety in EV battery systems.

**Paragraph**: Battery longevity and performance are highly sensitive to thermal gradients and dynamic load. Integrating distributed micro/nanoscale sensors, real-time thermal mapping, and predictive AI-based control enables precise heat dissipation and preemptive hotspot mitigation across cell, module, and pack levels [Pesaran 2002; Leng et al. 2021; Xu et al. 2023]. Predictive control algorithms can adapt cooling strategies to forecasted driving and environmental conditions, further improving efficiency and safety.

**Approach**: Develop embedded sensor networks and AI controllers within battery packs; implement predictive algorithms for thermal management; validate thermal uniformity and capacity retention under aggressive and real-world profiles.

**Key References**: - Pesaran, A. A. (2002). Battery thermal management in EVs and HEVs: Issues and solutions. Proceedings of the Advanced Automotive Battery Conference.  
- Leng, F., et al. (2021). Machine learning for battery thermal management: Opportunities and challenges. Energy & AI, 5, 100094.  
- Xu, Y., et al. (2023). Hierarchical thermal management strategies for lithium-ion batteries: Advances and perspectives. Energy Storage Materials, 59, 128–144. *(New)*

**Modifications**:  
- Added predictive control and hierarchical sensor networks.
- New citation [Xu et al. 2023].

---

## NEW COMPLEMENTARY IDEAS

---

### Idea 24 (New)

