IDEA 24 EVOLUTION LOG

================================================================================
TIMESTAMP: 2025-04-21 15:53:45
PHASE: Evolution, ROUND: 3
================================================================================

Evolution Round 3
Generation Type: refined
Parent Idea: 1
Refinement Count: 0

**Title**: Multi-Phase, Tailored-Interface Solid-State Electrolytes for Ultra-Safe, High-Performance EV Batteries

**Key Idea**: Designing multi-phase solid-state electrolytes with engineered phase boundaries and tailored interfacial chemistries will simultaneously maximize ionic conductivity, mechanical robustness, and interfacial stability for next-generation EV batteries.

**Paragraph**: Multi-phase solid-state electrolytes (e.g., sulfide/oxide composites) offer a pathway to overcoming the persistent trade-off between ionic conductivity and mechanical strength. However, interfacial compatibility and phase boundary engineering remain bottlenecks for practical implementation. By deliberately tailoring the chemical and structural properties at phase boundaries and interfaces with electrodes, it is possible to suppress interphase resistance, dendrite formation, and interfacial degradation, pushing solid-state batteries closer to commercial viability [Janek & Zeier 2016; Banerjee et al. 2020; Culver et al. 2019]. This

**Approach**: enables safe, ultra-high-energy-density batteries with stable cycling.

**Approach**: Synthesize multi-phase composites with engineered interfaces using techniques such as atomic layer deposition or surface functionalization; systematically characterize phase boundaries, interfacial impedance, and mechanical properties; implement in full lithium-metal cells for rigorous safety and performance validation.

**Key References**: - Janek, J., & Zeier, W. G. (2016). A solid future for battery development. Nature Energy, 1(9), 16141.  
- Banerjee, A., et al. (2020). Interfaces and interphases in all-solid-state batteries with inorganic solid electrolytes. Chemical Reviews, 120(14), 6878–6933.  
- Culver, S. P., et al. (2019). Designing interfaces and microstructures for high-performance solid-state batteries. Advanced Energy Materials, 9(24), 1900626. *(New)*

**Modifications**:  
- Extended from general multi-phase to specifically engineered phase boundaries and tailored interfaces.
- Addressed interfacial compatibility as a key limiter.
- Added new citation [Culver et al. 2019] for interface/microstructure design.

---

### Idea 12 (Further Refined)

