IDEA 33 EVOLUTION LOG

================================================================================
TIMESTAMP: 2025-05-24 10:00:43
PHASE: New Idea (Significant Change), ROUND: 4
UNIQUE_ID: 97e68ada-7b3cfe58
================================================================================

## New Idea from Significant Change (Round 4)

This idea represents a significant change from Idea 29.

**Title**: Radiation-induced mitochondrial ROS uniquely drive histone m...

**Key Idea**: Radiation-induced mitochondrial ROS uniquely drive histone modifications and DNA methylation at the FDXR locus, regulating its dose-dependent expression.

## Comparison with Original

### Original Idea (ID: 29)

**Title**: Dose-Dependent Epigenetic Mechanisms in FDXR Regulation

**Key Idea**: FDXR’s radiation sensitivity is mediated by dose-dependent epigenetic modifications, including chromatin remodeling and DNA methylation.

**Paragraph 1**: This refined hypothesis posits that radiation-induced epigenetic changes, such as DNA methylation and histone acetylation, regulate FDXR expression via chromatin remodeling. The novelty lies in explicitly linking chromatin accessibility changes to radiation sensitivity across a linear dose-response range. This idea addresses the complexity of dose effects by focusing on the interplay between epigenetic modifications and transcriptional activation.

**Paragraph 2**: Experimental validation could involve exposing cells to varying radiation doses and measuring FDXR activity using RNA-seq. ChIP-seq could identify histone marks (e.g., H3K27ac), while bisulfite sequencing could track methylation dynamics. Single-cell sequencing techniques (e.g., scATAC-seq) would resolve chromatin-specific effects. Challenges include accounting for dose saturation effects and distinguishing radiation-specific epigenetic changes from oxidative stress-induced modifications.

**Paragraph 3**: The idea is theoretically coherent, providing strong explanatory power for FDXR’s dose-response linearity. Predictive capability is robust, as epigenetic markers can forecast transcriptional outputs. Falsifiability is supported through direct measurements, though complexity in isolating radiation-specific effects remains a limitation. Innovation is strengthened by proposing chromatin accessibility changes as central to FDXR regulation. Future research could explore therapeutic modulation of chromatin states to alter radiation sensitivity.

**Approach**: RNA-seq, ChIP-seq, bisulfite sequencing, and single-cell methods.

**Key References**: [Jaenisch & Bird 2003], [Feinberg & Irizarry 2010], [Buenrostro et al. 2015], [Helleday et al. 2014].

### Scientific Evaluation

| Criterion | Score |
|---|---:|
| Empirical Support | 7.0/10 |
| Theoretical Coherence | 8.0/10 |
| Explanatory Power | 9.0/10 |
| Predictive Capability | 8.0/10 |
| Falsifiability | 8.0/10 |
| Parsimony | 7.0/10 |
| Generalizability | 6.0/10 |
| Methodological Rigor | 7.0/10 |
| Innovation | 8.0/10 |
| Problem-Solving Utility | 7.0/10 |
| Interdisciplinary Impact | 8.0/10 |
| Ethical Considerations | 7.0/10 |
| Scalability | 6.0/10 |
| Replicability | 8.0/10 |
| Theoretical Foundation | 9.0/10 |
| Technological Feasibility | 8.0/10 |
| Risk Assessment | 6.0/10 |
| Sustainability | 7.0/10 |
| Societal Relevance | 7.0/10 |
| Future Research Potential | 9.0/10 |

### Detailed Evaluation

### Criterion 1 (Empirical Support)  
**Score: 7/10**  
This idea builds on existing evidence that radiation induces mitochondrial ROS and that ROS can affect epigenetic regulation. However, direct empirical evidence linking ROS to histone modifications and DNA methylation specifically at the FDXR locus is limited.  

**Suggestions for Improvement:**  
Conduct targeted experiments to directly test whether mitochondrial ROS influence histone modifications and DNA methylation at the FDXR locus under low-dose radiation conditions.

---

### Criterion 2 (Theoretical Coherence)  
**Score: 8/10**  
The idea aligns well with established theories regarding radiation-induced ROS signaling and epigenetic regulation. The hypothesized mechanism is internally consistent and plausible.  

**Suggestions for Improvement:**  
Develop a more detailed theoretical model that explicitly connects mitochondrial ROS to specific histone modifications and DNA methylation patterns.

---

### Criterion 3 (Explanatory Power)  
**Score: 9/10**  
The idea provides a compelling explanation for the nearly linear dose-response relationship of FDXR expression by linking it to epigenetic regulation mediated by ROS.  

**Suggestions for Improvement:**  
Expand the explanation to account for potential variability in ROS production and epigenetic responses across cell types and radiation conditions.

---

### Criterion 4 (Predictive Capability)  
**Score: 8/10**  
The hypothesis makes testable predictions, such as specific histone modifications and methylation patterns occurring at the FDXR locus in response to radiation doses.  

**Suggestions for Improvement:**  
Propose additional predictions, such as differential effects based on mitochondrial function or antioxidant levels, to enhance testability.

---

### Criterion 5 (Falsifiability)  
**Score: 8/10**  
This idea is falsifiable, as experiments could demonstrate the absence of histone modifications or DNA methylation changes at the FDXR locus following radiation exposure.  

**Suggestions for Improvement:**  
Clearly define experimental conditions that would falsify the hypothesis, such as non-linear dose-response effects or lack of ROS-mediated epigenetic changes.

---

### Criterion 6 (Parsimony)  
**Score: 7/10**  
The idea is relatively simple, focusing on mitochondrial ROS and epigenetic regulation, but introducing multiple molecular mechanisms could complicate the model.  

**Suggestions for Improvement:**  
Streamline the hypothesis by prioritizing the most likely epigenetic mechanisms (e.g., histone acetylation or DNA methylation).

---

### Criterion 7 (Generalizability)  
**Score: 6/10**  
While the idea may apply to radiation sensitivity in FDXR, its generalizability to other genes or contexts is uncertain.  

**Suggestions for Improvement:**  
Identify other genes with similar dose-response behaviors and test whether they exhibit analogous epigenetic regulation via ROS.

---

### Criterion 8 (Methodological Rigor)  
**Score: 7/10**  
The proposed mechanisms can be studied using existing techniques, such as ChIP-seq, methylation assays, and ROS detection methods. However, the complexity of interactions requires careful experimental design.  

**Suggestions for Improvement:**  
Use robust controls and complementary approaches (e.g., pharmacological ROS inhibitors) to validate the findings.

---

### Criterion 9 (Innovation)  
**Score: 8/10**  
The idea introduces a novel mechanism linking mitochondrial ROS to epigenetic regulation of radiation-sensitive genes, advancing the field of radiation biology.  

**Suggestions for Improvement:**  
Explore additional innovative aspects, such as the role of ROS signaling pathways or mitochondrial dynamics in modulating epigenetic responses.

---

### Criterion 10 (Problem-Solving Utility)  
**Score: 7/10**  
Understanding the mechanism of FDXR regulation could inform radiation therapy and biomarker development, but practical applications are not fully articulated.  

**Suggestions for Improvement:**  
Clarify how this knowledge could be used to improve radiation sensitivity assessments or therapeutic approaches.

---

### Criterion 11 (Interdisciplinary Impact)  
**Score: 8/10**  
The idea bridges radiation biology, mitochondrial physiology, and epigenetics, potentially impacting multiple fields.  

**Suggestions for Improvement:**  
Expand the discussion to include implications for related fields, such as cancer biology or environmental health.

---

### Criterion 12 (Ethical Considerations)  
**Score: 7/10**  
No major ethical concerns are apparent, but studies involving human cell lines or radiation exposure require careful adherence to ethical guidelines.  

**Suggestions for Improvement:**  
Ensure transparency in experimental protocols and consider ethical implications of potential applications, such as radiation biomarker use.

---

### Criterion 13 (Scalability)  
**Score: 6/10**  
The idea may be scalable to different radiation doses, but scalability across different biological systems or experimental setups is unclear.  

**Suggestions for Improvement:**  
Test the hypothesis in diverse cell types and radiation settings to evaluate scalability.

---

### Criterion 14 (Replicability)  
**Score: 8/10**  
The hypothesis can be tested using standardized methods, increasing replicability. However, variability in biological systems could pose challenges.  

**Suggestions for Improvement:**  
Include detailed protocols and controls to ensure reproducibility of experiments.

---

### Criterion 15 (Theoretical Foundation)  
**Score: 9/10**  
The idea is grounded in well-established concepts of radiation-induced ROS signaling and epigenetic regulation.  

**Suggestions for Improvement:**  
Integrate additional theoretical insights, such as the role of mitochondrial dysfunction in ROS generation.

---

### Criterion 16 (Technological Feasibility)  
**Score: 8/10**  
Current technologies, such as sequencing and imaging tools, are capable of testing the hypothesis.  

**Suggestions for Improvement:**  
Consider leveraging emerging technologies like single-cell epigenomics or advanced ROS imaging techniques.

---

### Criterion 17 (Risk Assessment)  
**Score: 6/10**  
Potential risks include difficulty in isolating effects specific to mitochondrial ROS and challenges in controlling experimental conditions.  

**Suggestions for Improvement:**  
Design experiments to minimize confounding variables and validate findings with complementary methods.

---

### Criterion 18 (Sustainability)  
**Score: 7/10**  
The research is resource-intensive but feasible in established laboratories. Long-term studies may require significant resources.  

**Suggestions for Improvement:**  
Optimize experimental designs to reduce resource use and focus on high-throughput methods.

---

### Criterion 19 (Societal Relevance)  
**Score: 7/10**  
This research could improve understanding of radiation effects and inform medical applications, making it moderately relevant to society.  

**Suggestions for Improvement:**  
Articulate potential societal benefits, such as improved cancer treatment or radiation protection.

---

### Criterion 20 (Future Research Potential)  
**Score: 9/10**  
The idea opens multiple avenues for future research, including investigations into other radiation-sensitive genes and broader epigenetic effects of ROS.  

**Suggestions for Improvement:**  
Identify specific follow-up studies, such as exploring the role of mitochondrial ROS in systemic radiation responses.

--- 

This comprehensive evaluation provides a balanced assessment of the idea and actionable steps to strengthen its scientific merit.

### Metadata

- Generation Type: New (Significant Change)
- Parent Idea: 29
- Created as new idea due to significant change


================================================================================
TIMESTAMP: 2025-05-24 10:01:35
PHASE: Tournament Round 4, ROUND: 4, ELO SCORE: 1206.8
UNIQUE_ID: 97e68ada-7b3cfe58
================================================================================

## Tournament Results (Round 4)

**Rank:** 1 out of 5
**ELO Rating:** 1206.8

### Idea

**Title**: Radiation-induced mitochondrial ROS uniquely drive histone m...

**Key Idea**: Radiation-induced mitochondrial ROS uniquely drive histone modifications and DNA methylation at the FDXR locus, regulating its dose-dependent expression.



