IDEA 35 EVOLUTION LOG

================================================================================
TIMESTAMP: 2025-05-24 10:01:15
PHASE: New Idea, ROUND: 4
UNIQUE_ID: 0e24891a-4c769d48
================================================================================

## New Idea (Generated in Round 4)

**Title**: , researchers could use ROS-specific probes (e

**Key Idea**: , researchers could use ROS-specific probes (e.g., MitoSOX) combined with ChIP-seq and bisulfite sequencing to identify histone modifications and methylation dynamics at the FDXR locus. CRISPR-mediated editing of histone marks or demethylation enzymes at the locus could confirm causality. Super-resolution microscopy could visualize mitochondrial-specific chromatin interactions. Key challenges include distinguishing mitochondrial ROS effects from general oxidative stress and ensuring radiation-specificity in epigenetic modifications.

**Paragraph 2**: To validate the hypothesis, researchers could use ROS-specific probes (e.g., MitoSOX) combined with ChIP-seq and bisulfite sequencing to identify histone modifications and methylation dynamics at the FDXR locus. CRISPR-mediated editing of histone marks or demethylation enzymes at the locus could confirm causality. Super-resolution microscopy could visualize mitochondrial-specific chromatin interactions. Key challenges include distinguishing mitochondrial ROS effects from general oxidative stress and ensuring radiation-specificity in epigenetic modifications.

### Scientific Evaluation

| Criterion | Score |
|---|---:|
| Empirical Support | 7.0/10 |
| Theoretical Coherence | 8.0/10 |
| Explanatory Power | 7.0/10 |
| Predictive Capability | 6.0/10 |
| Falsifiability | 9.0/10 |
| Parsimony | 5.0/10 |
| Generalizability | 6.0/10 |
| Methodological Rigor | 8.0/10 |
| Innovation | 9.0/10 |
| Problem-Solving Utility | 7.0/10 |
| Interdisciplinary Impact | 8.0/10 |
| Ethical Considerations | 9.0/10 |
| Scalability | 6.0/10 |
| Replicability | 8.0/10 |
| Theoretical Foundation | 7.0/10 |
| Technological Feasibility | 6.0/10 |
| Risk Assessment | 7.0/10 |
| Sustainability | 6.0/10 |
| Societal Relevance | 8.0/10 |
| Future Research Potential | 9.0/10 |

### Detailed Evaluation

### Criterion 1 (Empirical Support)  
**Score: 7/10**  
The idea leverages well-established techniques such as ROS-specific probes (e.g., MitoSOX), ChIP-seq, bisulfite sequencing, and CRISPR-mediated editing, all of which have strong empirical support in broader contexts. However, the specific application to radiation sensitivity of FDXR is less directly validated and requires further evidence.  

**Suggestions for Improvement:**  
Conduct preliminary studies to confirm that mitochondrial ROS directly impacts epigenetic modifications at the FDXR locus under low-dose radiation. Include comparative analyses across different radiation doses to solidify the dose-response relationship.

---

### Criterion 2 (Theoretical Coherence)  
**Score: 8/10**  
The hypothesis is logically sound, proposing a plausible mechanism linking mitochondrial ROS, epigenetic modifications, and radiation sensitivity of FDXR. The integration of established methods, such as super-resolution microscopy, adds coherence.  

**Suggestions for Improvement:**  
Clarify potential alternative mechanisms that could explain the observed linear dose-response and address them within the theoretical framework.

---

### Criterion 3 (Explanatory Power)  
**Score: 7/10**  
The approach has the potential to explain how epigenetic modifications at the FDXR locus are influenced by mitochondrial ROS and radiation. However, the explanation of the nearly linear dose-response remains indirect and needs stronger justification.  

**Suggestions for Improvement:**  
Include modeling studies or simulations to directly explore how mitochondrial ROS dynamics could result in linear epigenetic changes over the dose range provided.

---

### Criterion 4 (Predictive Capability)  
**Score: 6/10**  
The idea allows for predictions regarding specific epigenetic changes at the FDXR locus under varying levels of radiation. However, predictions about broader radiation sensitivity mechanisms are less developed.  

**Suggestions for Improvement:**  
Develop quantitative models estimating the extent of histone modifications or methylation changes based on ROS levels and radiation dose.

---

### Criterion 5 (Falsifiability)  
**Score: 9/10**  
The hypothesis is highly falsifiable, as CRISPR-mediated editing or ROS inhibition experiments could directly test the causality of the proposed mechanism.  

**Suggestions for Improvement:**  
Design experiments with clear negative controls to isolate the impact of mitochondrial ROS from other sources of oxidative stress.

---

### Criterion 6 (Parsimony)  
**Score: 5/10**  
The proposal involves a complex combination of multiple techniques, which may reduce its simplicity. While scientifically rigorous, it could benefit from streamlining.  

**Suggestions for Improvement:**  
Focus on the most critical techniques (e.g., ChIP-seq and CRISPR editing) initially and add others like super-resolution microscopy only if needed.

---

### Criterion 7 (Generalizability)  
**Score: 6/10**  
The approach has some generalizability to other genes or loci impacted by radiation; however, its specificity to FDXR limits broader applicability.  

**Suggestions for Improvement:**  
Expand the scope to include other radiation-sensitive genes and explore whether similar epigenetic mechanisms apply.

---

### Criterion 8 (Methodological Rigor)  
**Score: 8/10**  
The inclusion of advanced techniques such as ROS-specific probes, ChIP-seq, bisulfite sequencing, and super-resolution microscopy ensures methodological rigor.  

**Suggestions for Improvement:**  
Ensure robust experimental controls to address potential confounding factors, such as general oxidative stress effects.

---

### Criterion 9 (Innovation)  
**Score: 9/10**  
The integration of mitochondrial ROS probes with epigenetic analysis and CRISPR-mediated editing is highly innovative. The idea addresses gaps in understanding radiation sensitivity mechanisms.  

**Suggestions for Improvement:**  
Consider incorporating additional cutting-edge techniques, like single-cell epigenomics or real-time imaging of chromatin dynamics.

---

### Criterion 10 (Problem-Solving Utility)  
**Score: 7/10**  
The idea has good potential to address the research goal, but practical challenges, such as distinguishing radiation-specific epigenetic changes, limit its immediate utility.  

**Suggestions for Improvement:**  
Develop standardized protocols to differentiate radiation-specific effects from general oxidative stress responses.

---

### Criterion 11 (Interdisciplinary Impact)  
**Score: 8/10**  
The proposal bridges epigenetics, radiation biology, and mitochondrial biology, potentially impacting multiple fields.  

**Suggestions for Improvement:**  
Collaborate with experts in radiation physics and mitochondrial biology to strengthen interdisciplinary connections.

---

### Criterion 12 (Ethical Considerations)  
**Score: 9/10**  
The methods proposed are ethically sound, as they involve in vitro and potentially animal studies rather than human subjects.  

**Suggestions for Improvement:**  
Ensure transparency in reporting to avoid misinterpretation of findings in clinical contexts.

---

### Criterion 13 (Scalability)  
**Score: 6/10**  
The approach is resource-intensive and may not scale easily across multiple genes or experimental conditions.  

**Suggestions for Improvement:**  
Automate parts of the workflow, like ChIP-seq and bisulfite sequencing, to improve scalability.

---

### Criterion 14 (Replicability)  
**Score: 8/10**  
The techniques proposed are widely used and replicable; however, variability in mitochondrial ROS measurements could pose challenges.  

**Suggestions for Improvement:**  
Standardize ROS measurement protocols to reduce inter-laboratory variability.

---

### Criterion 15 (Theoretical Foundation)  
**Score: 7/10**  
The idea is grounded in established knowledge of ROS, epigenetics, and radiation biology, but the specific link to FDXR radiation sensitivity requires further theoretical development.  

**Suggestions for Improvement:**  
Conduct a comprehensive literature review to strengthen the theoretical basis of the mechanism proposed.

---

### Criterion 16 (Technological Feasibility)  
**Score: 6/10**  
While technically feasible, the combination of techniques is complex and requires specialized equipment and expertise.  

**Suggestions for Improvement:**  
Develop partnerships with labs that specialize in specific techniques to ensure feasibility.

---

### Criterion 17 (Risk Assessment)  
**Score: 7/10**  
Potential risks include difficulty in isolating radiation-specific effects and high resource requirements.  

**Suggestions for Improvement:**  
Perform pilot studies to identify and mitigate methodological risks before full-scale implementation.

---

### Criterion 18 (Sustainability)  
**Score: 6/10**  
The resource-intensive nature of the proposed methods raises concerns about sustainability.  

**Suggestions for Improvement:**  
Optimize experimental designs to reduce resource consumption and improve efficiency.

---

### Criterion 19 (Societal Relevance)  
**Score: 8/10**  
Understanding radiation sensitivity mechanisms has implications for radiation therapy and protection, making the idea highly relevant to society.  

**Suggestions for Improvement:**  
Communicate potential applications in clinical settings, such as personalized radiation therapy.

---

### Criterion 20 (Future Research Potential)  
**Score: 9/10**  
The proposal opens avenues for studying epigenetic regulation of other radiation-sensitive genes and exploring mitochondrial chromatin interactions.  

**Suggestions for Improvement:**  
Propose follow-up studies to investigate broader implications of mitochondrial ROS in radiation biology.

--- 

**Summary:**  
The idea demonstrates strong methodological rigor, innovation, and interdisciplinary relevance but faces challenges in scalability, simplicity, and isolating radiation-specific effects. Addressing these limitations can significantly improve its performance across criteria.

### Metadata

- Generation Type: new
- New Idea Generated During Evolution


================================================================================
TIMESTAMP: 2025-05-24 10:01:35
PHASE: Tournament Round 4, ROUND: 4, ELO SCORE: 1205.1
UNIQUE_ID: 0e24891a-4c769d48
================================================================================

## Tournament Results (Round 4)

**Rank:** 2 out of 5
**ELO Rating:** 1205.1

### Idea

**Title**: , researchers could use ROS-specific probes (e

**Key Idea**: , researchers could use ROS-specific probes (e.g., MitoSOX) combined with ChIP-seq and bisulfite sequencing to identify histone modifications and methylation dynamics at the FDXR locus. CRISPR-mediated editing of histone marks or demethylation enzymes at the locus could confirm causality. Super-resolution microscopy could visualize mitochondrial-specific chromatin interactions. Key challenges include distinguishing mitochondrial ROS effects from general oxidative stress and ensuring radiation-specificity in epigenetic modifications.

**Paragraph 2**: To validate the hypothesis, researchers could use ROS-specific probes (e.g., MitoSOX) combined with ChIP-seq and bisulfite sequencing to identify histone modifications and methylation dynamics at the FDXR locus. CRISPR-mediated editing of histone marks or demethylation enzymes at the locus could confirm causality. Super-resolution microscopy could visualize mitochondrial-specific chromatin interactions. Key challenges include distinguishing mitochondrial ROS effects from general oxidative stress and ensuring radiation-specificity in epigenetic modifications.



