IDEA 25 EVOLUTION LOG

================================================================================
TIMESTAMP: 2025-05-24 09:56:48
PHASE: New Idea (Significant Change), ROUND: 2
UNIQUE_ID: f5605757-47f252b0
================================================================================

## New Idea from Significant Change (Round 2)

This idea represents a significant change from Idea 19.

**Title**: Machine Learning Models for Predicting FDXR Responses to Radiation

**Key Idea**: Develop machine learning algorithms that integrate multi-omics data to predict FDXR responses to radiation doses.

**Paragraph 1**: This hypothesis proposes using machine learning to build predictive models that integrate epigenetic, transcriptomic, and metabolic data to forecast FDXR activity under varying radiation doses. The novelty lies in leveraging computational techniques to identify complex, nonlinear interactions between radiation-induced changes and FDXR regulation. This approach shifts from hypothesis-driven experimentation to data-driven discovery, enabling identification of novel regulatory mechanisms.

**Paragraph 2**: Researchers could train machine learning models (e.g., random forests or neural networks) on datasets combining ChIP-seq, RNA-seq, and lipidomics. Feature importance analysis would reveal key predictors of FDXR activity. Challenges include ensuring data quality and avoiding overfitting in small datasets. Experimental validation would involve testing model predictions with targeted experiments.

**Paragraph 3**: This idea excels in innovation and predictive capability, offering a computational framework for uncovering hidden regulatory mechanisms. Falsifiability is supported through feature validation experiments. While theoretical coherence is indirect, the approach has high future research potential.

**Approach**: shifts from hypothesis-driven experimentation to data-driven discovery, enabling identification of novel regulatory mechanisms.  
**Paragraph 2**: Researchers could train machine learning models (e.g., random forests or neural networks) on datasets combining ChIP-seq, RNA-seq, and lipidomics. Feature importance analysis would reveal key predictors of FDXR activity. Challenges include ensuring data quality and avoiding overfitting in small datasets. Experimental validation would involve testing model predictions with targeted experiments.  
**Paragraph 3**: This idea excels in innovation and predictive capability, offering a computational framework for uncovering hidden regulatory mechanisms. Falsifiability is supported through feature validation experiments. While theoretical coherence is indirect, the approach has high future research potential.  
**Approach**: Multi-omics data integration, machine learning model training, and experimental validation.

**Key References**: [LeCun et al. 2015], [Murphy 2009], [Buenrostro et al. 2015].

## Comparison with Original

### Original Idea (ID: 19)

**Title**: aligns with established roles of miRNAs in stress responses,...

**Key Idea**: aligns with established roles of miRNAs in stress responses, providing theoretical coherence. It is falsifiable through miRNA inhibition or overexpression experiments. Predictive models could forecast miRNA dynamics under varying doses. The approach is innovative, leveraging miRNA biology, and generalizable to other radiation-sensitive genes. Future research could explore therapeutic modulation of miRNA levels to alter radiation responses.

**Paragraph 3**: The hypothesis aligns with established roles of miRNAs in stress responses, providing theoretical coherence. It is falsifiable through miRNA inhibition or overexpression experiments. Predictive models could forecast miRNA dynamics under varying doses. The approach is innovative, leveraging miRNA biology, and generalizable to other radiation-sensitive genes. Future research could explore therapeutic modulation of miRNA levels to alter radiation responses.

**Approach**: is innovative, leveraging miRNA biology, and generalizable to other radiation-sensitive genes. Future research could explore therapeutic modulation of miRNA levels to alter radiation responses.

### Scientific Evaluation

| Criterion | Score |
|---|---:|
| Empirical Support | 7.0/10 |
| Theoretical Coherence | 8.0/10 |
| Explanatory Power | 7.0/10 |
| Predictive Capability | 9.0/10 |
| Falsifiability | 8.0/10 |
| Parsimony | 5.0/10 |
| Generalizability | 6.0/10 |
| Methodological Rigor | 8.0/10 |
| Innovation | 9.0/10 |
| Problem-Solving Utility | 8.0/10 |
| Interdisciplinary Impact | 9.0/10 |
| Ethical Considerations | 7.0/10 |
| Scalability | 6.0/10 |
| Replicability | 7.0/10 |
| Theoretical Foundation | 8.0/10 |
| Technological Feasibility | 7.0/10 |
| Risk Assessment | 6.0/10 |
| Sustainability | 6.0/10 |
| Societal Relevance | 7.0/10 |
| Future Research Potential | 9.0/10 |

### Detailed Evaluation

### Criterion 1 (Empirical Support)
**Score: 7/10**  
**Explanation:** The idea relies on multi-omics data and machine learning, which are well-supported by empirical evidence from fields like genomics, transcriptomics, and bioinformatics. However, specific empirical studies directly linking FDXR radiation sensitivity to multi-omics data are limited.  
**Suggestions for Improvement:** Conduct a preliminary analysis using existing datasets to establish correlations between radiation doses and FDXR activity across omics layers.

---

### Criterion 2 (Theoretical Coherence)
**Score: 8/10**  
**Explanation:** The proposal is logically consistent and aligns with the broader understanding of computational biology and radiation biology. The integration of multi-omics data and machine learning is theoretically sound.  
**Suggestions for Improvement:** Provide a clearer theoretical framework explaining why nonlinear interactions might dominate FDXR regulation under radiation.

---

### Criterion 3 (Explanatory Power)
**Score: 7/10**  
**Explanation:** Machine learning has the potential to uncover complex interactions and mechanisms influencing FDXR activity, but it may struggle to provide clear mechanistic explanations compared to traditional hypothesis-driven approaches.  
**Suggestions for Improvement:** Complement machine learning predictions with experimental studies to validate and explain the biological mechanisms underlying FDXR regulation.

---

### Criterion 4 (Predictive Capability)
**Score: 9/10**  
**Explanation:** Machine learning models are excellent for making testable predictions, particularly when trained on high-dimensional data. This approach is well-suited to predict FDXR activity across a wide dose range.  
**Suggestions for Improvement:** Ensure robust cross-validation protocols to minimize overfitting and maximize predictive accuracy.

---

### Criterion 5 (Falsifiability)
**Score: 8/10**  
**Explanation:** Predictions made by machine learning models can be experimentally tested, making the approach highly falsifiable. However, the complexity of multi-omics data may obscure specific hypotheses.  
**Suggestions for Improvement:** Design experiments to specifically test the top features or predictors identified by the models.

---

### Criterion 6 (Parsimony)
**Score: 5/10**  
**Explanation:** The approach is computationally intensive and involves integrating multiple omics datasets, which can be seen as overly complex compared to simpler experimental designs.  
**Suggestions for Improvement:** Streamline the pipeline by focusing on the omics layers most directly relevant to FDXR regulation (e.g., transcriptomics and epigenetics).

---

### Criterion 7 (Generalizability)
**Score: 6/10**  
**Explanation:** The machine learning framework could potentially be generalized to study other radiation-sensitive genes, but its applicability may depend on the availability of high-quality multi-omics datasets.  
**Suggestions for Improvement:** Include case studies of other radiation-sensitive genes to demonstrate generalizability.

---

### Criterion 8 (Methodological Rigor)
**Score: 8/10**  
**Explanation:** The use of established machine learning methods like random forests and neural networks ensures methodological rigor. However, challenges like data normalization and integration remain significant.  
**Suggestions for Improvement:** Develop robust preprocessing and feature selection protocols to ensure reliable model performance.

---

### Criterion 9 (Innovation)
**Score: 9/10**  
**Explanation:** The idea is highly innovative, shifting from traditional experimental approaches to data-driven discovery using cutting-edge machine learning techniques.  
**Suggestions for Improvement:** Explore emerging machine learning methodologies like graph neural networks for capturing complex interactions.

---

### Criterion 10 (Problem-Solving Utility)
**Score: 8/10**  
**Explanation:** If successful, this approach could significantly enhance our ability to predict and understand FDXR radiation sensitivity, addressing a key research question.  
**Suggestions for Improvement:** Include scenarios for practical application, such as radiation therapy optimization.

---

### Criterion 11 (Interdisciplinary Impact)
**Score: 9/10**  
**Explanation:** The proposal bridges computational biology, genomics, and radiation biology, demonstrating strong interdisciplinary relevance.  
**Suggestions for Improvement:** Engage experts from multiple fields during model development to maximize impact.

---

### Criterion 12 (Ethical Considerations)
**Score: 7/10**  
**Explanation:** Ethical considerations are minimal, but care should be taken to ensure data privacy and avoid biases in model predictions.  
**Suggestions for Improvement:** Implement protocols to anonymize datasets and assess potential biases.

---

### Criterion 13 (Scalability)
**Score: 6/10**  
**Explanation:** The approach may struggle to scale due to requirements for high-quality multi-omics data and computational resources.  
**Suggestions for Improvement:** Optimize algorithms for scalability and explore cloud computing solutions for large datasets.

---

### Criterion 14 (Replicability)
**Score: 7/10**  
**Explanation:** Results should be replicable provided that datasets and computational protocols are well-documented. However, variability in multi-omics data may pose challenges.  
**Suggestions for Improvement:** Publish detailed protocols and provide access to training datasets for replication.

---

### Criterion 15 (Theoretical Foundation)
**Score: 8/10**  
**Explanation:** The approach is grounded in established principles of machine learning and radiation biology, though direct links to FDXR radiation sensitivity are underexplored.  
**Suggestions for Improvement:** Incorporate more theoretical insights from radiation biology to strengthen the foundation.

---

### Criterion 16 (Technological Feasibility)
**Score: 7/10**  
**Explanation:** Machine learning and multi-omics integration are feasible with current technologies, but challenges like data quality and computational demands remain.  
**Suggestions for Improvement:** Collaborate with bioinformatics experts to optimize computational pipelines.

---

### Criterion 17 (Risk Assessment)
**Score: 6/10**  
**Explanation:** Risks include overfitting, data integration issues, and reliance on limited datasets. These could undermine the validity of predictions.  
**Suggestions for Improvement:** Use synthetic datasets or simulations to augment small experimental datasets.

---

### Criterion 18 (Sustainability)
**Score: 6/10**  
**Explanation:** Computational approaches are resource-intensive, and long-term sustainability depends on access to funding and high-quality data.  
**Suggestions for Improvement:** Explore energy-efficient algorithms and prioritize sustainable data-sharing practices.

---

### Criterion 19 (Societal Relevance)
**Score: 7/10**  
**Explanation:** Understanding FDXR radiation sensitivity has implications for radiation therapy and public health, making the research socially relevant.  
**Suggestions for Improvement:** Highlight potential applications in medical diagnostics and radiation safety standards.

---

### Criterion 20 (Future Research Potential)
**Score: 9/10**  
**Explanation:** The idea has high potential to open new avenues of research in radiation biology, computational modeling, and gene regulation.  
**Suggestions for Improvement:** Propose follow-up studies focusing on broader applications of the computational framework.

---

### Summary of Scores
1. Empirical Support: 7/10  
2. Theoretical Coherence: 8/10  
3. Explanatory Power: 7/10  
4. Predictive Capability: 9/10  
5. Falsifiability: 8/10  
6. Parsimony: 5/10  
7. Generalizability: 6/10  
8. Methodological Rigor: 8/10  
9. Innovation: 9/10  
10. Problem-Solving Utility: 8/10  
11. Interdisciplinary Impact: 9/10  
12. Ethical Considerations: 7/10  
13. Scalability: 6/10  
14. Replicability: 7/10  
15. Theoretical Foundation: 8/10  
16. Technological Feasibility: 7/10  
17. Risk Assessment: 6/10  
18. Sustainability: 6/10  
19. Societal Relevance: 7/10  
20. Future Research Potential: 9/10

### Metadata

- Generation Type: New (Significant Change)
- Parent Idea: 19
- Created as new idea due to significant change


================================================================================
TIMESTAMP: 2025-05-24 09:57:18
PHASE: Tournament Round 2, ROUND: 2, ELO SCORE: 1193.2
UNIQUE_ID: f5605757-47f252b0
================================================================================

## Tournament Results (Round 2)

**Rank:** 5 out of 5
**ELO Rating:** 1193.2

### Idea

**Title**: Machine Learning Models for Predicting FDXR Responses to Radiation

**Key Idea**: Develop machine learning algorithms that integrate multi-omics data to predict FDXR responses to radiation doses.

**Paragraph 1**: This hypothesis proposes using machine learning to build predictive models that integrate epigenetic, transcriptomic, and metabolic data to forecast FDXR activity under varying radiation doses. The novelty lies in leveraging computational techniques to identify complex, nonlinear interactions between radiation-induced changes and FDXR regulation. This approach shifts from hypothesis-driven experimentation to data-driven discovery, enabling identification of novel regulatory mechanisms.

**Paragraph 2**: Researchers could train machine learning models (e.g., random forests or neural networks) on datasets combining ChIP-seq, RNA-seq, and lipidomics. Feature importance analysis would reveal key predictors of FDXR activity. Challenges include ensuring data quality and avoiding overfitting in small datasets. Experimental validation would involve testing model predictions with targeted experiments.

**Paragraph 3**: This idea excels in innovation and predictive capability, offering a computational framework for uncovering hidden regulatory mechanisms. Falsifiability is supported through feature validation experiments. While theoretical coherence is indirect, the approach has high future research potential.

**Approach**: shifts from hypothesis-driven experimentation to data-driven discovery, enabling identification of novel regulatory mechanisms.  
**Paragraph 2**: Researchers could train machine learning models (e.g., random forests or neural networks) on datasets combining ChIP-seq, RNA-seq, and lipidomics. Feature importance analysis would reveal key predictors of FDXR activity. Challenges include ensuring data quality and avoiding overfitting in small datasets. Experimental validation would involve testing model predictions with targeted experiments.  
**Paragraph 3**: This idea excels in innovation and predictive capability, offering a computational framework for uncovering hidden regulatory mechanisms. Falsifiability is supported through feature validation experiments. While theoretical coherence is indirect, the approach has high future research potential.  
**Approach**: Multi-omics data integration, machine learning model training, and experimental validation.

**Key References**: [LeCun et al. 2015], [Murphy 2009], [Buenrostro et al. 2015].



