IDEA 31 EVOLUTION LOG

================================================================================
TIMESTAMP: 2025-05-24 10:00:14
PHASE: New Idea (Significant Change), ROUND: 4
UNIQUE_ID: 31e013b5-a7f19953
================================================================================

## New Idea from Significant Change (Round 4)

This idea represents a significant change from Idea 26.

**Title**: ### Refined Ideas:

**Key Idea**: ### Refined Ideas:

---

## Comparison with Original

### Original Idea (ID: 26)

**Title**: Mitochondrial ROS Feedback in Radiation-Induced Gene Activation

**Key Idea**: Radiation-induced mitochondrial ROS amplify cellular stress signaling, leading to dose-proportional activation of FDXR through chromatin accessibility modulation.

**Paragraph 1**: This refined hypothesis builds upon the original idea by integrating epigenetic mechanisms into the mitochondrial ROS feedback loop. Mitochondrial ROS generated by radiation exposure are hypothesized to amplify cellular stress signaling through chromatin remodeling, facilitating FDXR’s dose-dependent activation. This idea connects mitochondrial dynamics with epigenetic regulation, proposing that ROS-mediated stress enhances chromatin accessibility at the FDXR locus. The novelty lies in linking mitochondrial pathways with radiation-induced transcriptional regulation via epigenetic changes, explaining FDXR’s sensitivity across a wide dose range.

**Paragraph 2**: Researchers could measure mitochondrial ROS levels using fluorescence-based probes (e.g., MitoSOX) and correlate them with chromatin accessibility changes using ChIP-seq and scATAC-seq. RNA-seq could confirm FDXR expression alterations under varying radiation doses. CRISPR-mediated knockout of FDXR in cell lines would test its role in mitochondrial stress responses. Pharmacological modulation of mitochondrial ROS could further validate the amplification mechanism. Challenges include separating mitochondrial-specific effects from broader cellular stress responses and controlling for epigenetic saturation effects at higher doses.

**Paragraph 3**: The integration of mitochondrial biology with epigenetic regulation strengthens the theoretical coherence and explanatory power of this idea. Predictive capability is high, as ROS levels and chromatin modifications can forecast FDXR activity. Falsifiability is robust through targeted experiments. This refinement enhances innovation by proposing a multidimensional mechanism involving mitochondrial signaling and chromatin accessibility. Future research could explore therapeutic interventions targeting mitochondrial ROS and chromatin states to modulate radiation sensitivity.

**Approach**: ROS measurement, ChIP-seq, scATAC-seq, RNA-seq, CRISPR knockout, and pharmacological modulation.

**Key References**: [Murphy 2009], [Jaenisch & Bird 2003], [Feinberg & Irizarry 2010], [Buenrostro et al. 2015], [Zhang et al. 2020].

### Scientific Evaluation

| Criterion | Score |
|---|---:|
| Empirical Support | 5.0/10 |
| Theoretical Coherence | 5.0/10 |
| Explanatory Power | 5.0/10 |
| Predictive Capability | 5.0/10 |
| Falsifiability | 5.0/10 |
| Parsimony | 5.0/10 |
| Generalizability | 5.0/10 |
| Methodological Rigor | 5.0/10 |
| Innovation | 5.0/10 |
| Problem-Solving Utility | 5.0/10 |
| Interdisciplinary Impact | 5.0/10 |
| Ethical Considerations | 5.0/10 |
| Scalability | 5.0/10 |
| Replicability | 5.0/10 |
| Theoretical Foundation | 5.0/10 |
| Technological Feasibility | 5.0/10 |
| Risk Assessment | 5.0/10 |
| Sustainability | 5.0/10 |
| Societal Relevance | 5.0/10 |
| Future Research Potential | 5.0/10 |

### Detailed Evaluation

Unfortunately, the provided research idea lacks sufficient detail for evaluation. To thoroughly assess its scientific merit across the 20 criteria, I would need more information about the hypothesis, mechanisms, experimental approaches, or theoretical underpinnings that explain the radiation sensitivity of FDXR and its nearly linear dose response over the range specified. Please provide a more detailed description of the idea or hypothesis.

### Metadata

- Generation Type: New (Significant Change)
- Parent Idea: 26
- Created as new idea due to significant change


================================================================================
TIMESTAMP: 2025-05-24 10:01:35
PHASE: Tournament Round 4, ROUND: 4, ELO SCORE: 1175.8
UNIQUE_ID: 31e013b5-a7f19953
================================================================================

## Tournament Results (Round 4)

**Rank:** 5 out of 5
**ELO Rating:** 1175.8

### Idea

**Title**: ### Refined Ideas:

**Key Idea**: ### Refined Ideas:

---



