IDEA 23 EVOLUTION LOG

================================================================================
TIMESTAMP: 2025-05-24 09:56:08
PHASE: Evolution, ROUND: 2
UNIQUE_ID: c8c016a4-b19b723d
================================================================================

## Refined Idea (Round 2)

**Title**: Dose-Dependent Epigenetic Regulation of FDXR

**Key Idea**: FDXR’s radiation sensitivity is mediated by dose-dependent epigenetic modifications, including chromatin remodeling and DNA methylation.

**Paragraph 1**: This hypothesis proposes that radiation-induced epigenetic modifications, such as DNA methylation and histone acetylation, regulate FDXR expression in a dose-dependent manner. The novelty lies in linking these modifications directly to radiation sensitivity across a broad dose range, explaining the observed linearity in FDXR’s transcriptional response. By focusing on chromatin accessibility changes, this idea addresses the complexity of dose effects and indirect cellular signaling cascades.

**Paragraph 2**: Experimental validation could involve exposing cells to varying radiation doses and measuring FDXR activity using RNA-seq. ChIP-seq could identify histone marks, while bisulfite sequencing could track methylation dynamics. Single-cell sequencing techniques (e.g., scATAC-seq) would resolve chromatin-specific effects. Challenges include accounting for saturation effects at higher doses, which might necessitate additional feedback mechanisms.

**Paragraph 3**: This idea is theoretically coherent, providing strong explanatory power for FDXR’s dose-response linearity. Predictive capability is robust, as epigenetic markers can forecast transcriptional outputs. Falsifiability is supported through direct measurements, though complexity in isolating radiation-specific effects remains a limitation. Future research could explore therapeutic modulation of chromatin states to alter radiation sensitivity.

**Approach**: RNA-seq, ChIP-seq, bisulfite sequencing, and single-cell methods.

**Key References**: [Jaenisch & Bird 2003], [Feinberg & Irizarry 2010], [Buenrostro et al. 2015], [Helleday et al. 2014].

## Comparison with Original

### Original Idea (ID: 2)

**Title**: FDXR's radiation sensitivity is mediated by dose-dependent e...

**Key Idea**: FDXR's radiation sensitivity is mediated by dose-dependent epigenetic modifications.

### Scientific Evaluation

| Criterion | Score |
|---|---:|
| Empirical Support | 8.0/10 |
| Theoretical Coherence | 9.0/10 |
| Explanatory Power | 8.0/10 |
| Predictive Capability | 8.0/10 |
| Falsifiability | 9.0/10 |
| Parsimony | 7.0/10 |
| Generalizability | 6.0/10 |
| Methodological Rigor | 8.0/10 |
| Innovation | 9.0/10 |
| Problem-Solving Utility | 7.0/10 |
| Interdisciplinary Impact | 8.0/10 |
| Ethical Considerations | 7.0/10 |
| Scalability | 6.0/10 |
| Replicability | 8.0/10 |
| Theoretical Foundation | 9.0/10 |
| Technological Feasibility | 7.0/10 |
| Risk Assessment | 6.0/10 |
| Sustainability | 7.0/10 |
| Societal Relevance | 7.0/10 |
| Future Research Potential | 9.0/10 |

### Detailed Evaluation

### Criterion 1 (Empirical Support): Score: 8/10  
**Explanation**: The hypothesis aligns well with existing evidence that epigenetic modifications, such as DNA methylation and chromatin remodeling, influence gene expression in response to environmental factors, including radiation. Previous research, including studies on radiation-induced epigenetic changes, lends support to the idea. However, direct evidence specifically linking FDXR sensitivity to radiation-induced epigenetics is limited.  
**Suggestions for Improvement**: Conduct preliminary studies demonstrating a correlation between radiation dose and epigenetic markers specific to FDXR. Strengthening the empirical foundation with pilot data will enhance credibility.

---

### Criterion 2 (Theoretical Coherence): Score: 9/10  
**Explanation**: The hypothesis is logically consistent, connecting radiation-induced epigenetic changes to FDXR expression and dose-response linearity. It integrates well-established theories of gene regulation and chromatin dynamics into the context of radiation biology.  
**Suggestions for Improvement**: Include specific mechanisms (e.g., interplay between histone acetylation and transcription factor binding) to further refine theoretical coherence.

---

### Criterion 3 (Explanatory Power): Score: 8/10  
**Explanation**: The idea provides a compelling explanation for the observed linear dose-response of FDXR, linking epigenetic changes to transcriptional regulation. However, potential alternative explanations, such as direct DNA damage or non-epigenetic signaling pathways, are not fully addressed.  
**Suggestions for Improvement**: Compare the epigenetic hypothesis with other plausible mechanisms to demonstrate its relative explanatory strength.

---

### Criterion 4 (Predictive Capability): Score: 8/10  
**Explanation**: The hypothesis allows for testable predictions, such as specific epigenetic markers correlating with radiation dose and FDXR expression levels. These predictions can be validated using techniques like RNA-seq and ChIP-seq.  
**Suggestions for Improvement**: Develop quantitative models to predict the degree of epigenetic modification at various doses, enhancing the hypothesis’s predictive framework.

---

### Criterion 5 (Falsifiability): Score: 9/10  
**Explanation**: The hypothesis is highly falsifiable, as experimental techniques (e.g., bisulfite sequencing) can directly test the presence or absence of radiation-induced epigenetic modifications in FDXR.  
**Suggestions for Improvement**: Specify conditions under which the hypothesis would fail, such as the absence of dose-dependent epigenetic changes after radiation exposure.

---

### Criterion 6 (Parsimony): Score: 7/10  
**Explanation**: While the hypothesis is conceptually straightforward, the inclusion of multiple epigenetic mechanisms (e.g., chromatin remodeling and DNA methylation) adds complexity.  
**Suggestions for Improvement**: Focus on one primary epigenetic mechanism, such as DNA methylation, to simplify the hypothesis without losing explanatory power.

---

### Criterion 7 (Generalizability): Score: 6/10  
**Explanation**: The idea is primarily focused on FDXR and radiation sensitivity, which limits its applicability to other genes or contexts. The general principles of epigenetic regulation, however, could be extended to other radiation-sensitive genes.  
**Suggestions for Improvement**: Explore whether similar epigenetic mechanisms affect other genes with dose-response linearity to broaden generalizability.

---

### Criterion 8 (Methodological Rigor): Score: 8/10  
**Explanation**: The proposed experimental techniques (e.g., RNA-seq, ChIP-seq, bisulfite sequencing) are robust and well-suited to test the hypothesis. Single-cell sequencing adds depth to the analysis.  
**Suggestions for Improvement**: Address potential confounding factors, such as cellular heterogeneity or non-specific radiation effects, to enhance methodological rigor.

---

### Criterion 9 (Innovation): Score: 9/10  
**Explanation**: The idea is novel in explicitly connecting dose-dependent epigenetic modifications to FDXR radiation sensitivity. It advances understanding of radiation biology and gene regulation.  
**Suggestions for Improvement**: Highlight specific advancements over existing models of radiation sensitivity, such as improved resolution of dose-response mechanisms.

---

### Criterion 10 (Problem-Solving Utility): Score: 7/10  
**Explanation**: Understanding FDXR’s epigenetic regulation could inform therapeutic strategies to modulate radiation sensitivity, but practical applications remain speculative at this stage.  
**Suggestions for Improvement**: Propose specific interventions (e.g., epigenetic drugs) to enhance the idea’s utility in clinical or radiation therapy contexts.

---

### Criterion 11 (Interdisciplinary Impact): Score: 8/10  
**Explanation**: The hypothesis bridges radiation biology, genetics, and epigenetics, with potential impacts on fields such as oncology and environmental health.  
**Suggestions for Improvement**: Identify additional interdisciplinary connections, such as implications for radiological safety protocols or personalized medicine.

---

### Criterion 12 (Ethical Considerations): Score: 7/10  
**Explanation**: The research seems ethically sound, but potential concerns include the manipulation of epigenetic states and implications for long-term cellular health.  
**Suggestions for Improvement**: Address ethical considerations explicitly, such as safeguards against unintended epigenetic changes.

---

### Criterion 13 (Scalability): Score: 6/10  
**Explanation**: The experimental techniques are resource-intensive and may not scale easily to large populations or high-throughput studies.  
**Suggestions for Improvement**: Explore automation or cost-effective alternatives to improve scalability.

---

### Criterion 14 (Replicability): Score: 8/10  
**Explanation**: The hypothesis is testable using well-established methods, ensuring high replicability if experimental protocols are standardized.  
**Suggestions for Improvement**: Provide detailed methodological guidelines to facilitate replication.

---

### Criterion 15 (Theoretical Foundation): Score: 9/10  
**Explanation**: The idea builds on strong theoretical foundations in epigenetics and radiation biology, with references to seminal studies.  
**Suggestions for Improvement**: Incorporate more recent findings on radiation-induced epigenetic changes to strengthen the foundation.

---

### Criterion 16 (Technological Feasibility): Score: 7/10  
**Explanation**: The proposed methods are technologically feasible but require specialized equipment and expertise, which may limit accessibility.  
**Suggestions for Improvement**: Investigate whether simpler techniques could achieve similar results.

---

### Criterion 17 (Risk Assessment): Score: 6/10  
**Explanation**: Risks include potential confounding factors, such as non-specific epigenetic changes or cellular variability, which could complicate interpretation.  
**Suggestions for Improvement**: Develop risk mitigation strategies, such as controls for non-specific radiation effects.

---

### Criterion 18 (Sustainability): Score: 7/10  
**Explanation**: The research is resource-intensive, particularly in terms of sequencing technologies, which may not be sustainable for large-scale studies.  
**Suggestions for Improvement**: Incorporate cost-benefit analyses and explore collaborations to share resources.

---

### Criterion 19 (Societal Relevance): Score: 7/10  
**Explanation**: The research has potential implications for radiation therapy and radiological safety but lacks immediate societal applications.  
**Suggestions for Improvement**: Emphasize translational applications, such as improving radiation sensitivity in cancer treatment.

---

### Criterion 20 (Future Research Potential): Score: 9/10  
**Explanation**: The idea opens up numerous avenues for future research, including therapeutic modulation of epigenetic states and exploration of other radiation-sensitive genes.  
**Suggestions for Improvement**: Propose specific follow-up studies, such as investigating epigenetic mechanisms in other dose-response genes.

---

**Overall Average Score**: 7.65/10  
This idea demonstrates strong theoretical coherence, predictive capability, and innovation, but faces challenges in scalability, risk assessment, and generalizability. Addressing these limitations will significantly enhance its scientific impact.

### Metadata

- Generation Type: Refinement
- Parent Idea: 2
- Refinement Count: 0


================================================================================
TIMESTAMP: 2025-05-24 09:57:18
PHASE: Tournament Round 2, ROUND: 2, ELO SCORE: 1199.2
UNIQUE_ID: c8c016a4-b19b723d
================================================================================

## Tournament Results (Round 2)

**Rank:** 4 out of 5
**ELO Rating:** 1199.2

### Idea

**Title**: Dose-Dependent Epigenetic Regulation of FDXR

**Key Idea**: FDXR’s radiation sensitivity is mediated by dose-dependent epigenetic modifications, including chromatin remodeling and DNA methylation.

**Paragraph 1**: This hypothesis proposes that radiation-induced epigenetic modifications, such as DNA methylation and histone acetylation, regulate FDXR expression in a dose-dependent manner. The novelty lies in linking these modifications directly to radiation sensitivity across a broad dose range, explaining the observed linearity in FDXR’s transcriptional response. By focusing on chromatin accessibility changes, this idea addresses the complexity of dose effects and indirect cellular signaling cascades.

**Paragraph 2**: Experimental validation could involve exposing cells to varying radiation doses and measuring FDXR activity using RNA-seq. ChIP-seq could identify histone marks, while bisulfite sequencing could track methylation dynamics. Single-cell sequencing techniques (e.g., scATAC-seq) would resolve chromatin-specific effects. Challenges include accounting for saturation effects at higher doses, which might necessitate additional feedback mechanisms.

**Paragraph 3**: This idea is theoretically coherent, providing strong explanatory power for FDXR’s dose-response linearity. Predictive capability is robust, as epigenetic markers can forecast transcriptional outputs. Falsifiability is supported through direct measurements, though complexity in isolating radiation-specific effects remains a limitation. Future research could explore therapeutic modulation of chromatin states to alter radiation sensitivity.

**Approach**: RNA-seq, ChIP-seq, bisulfite sequencing, and single-cell methods.

**Key References**: [Jaenisch & Bird 2003], [Feinberg & Irizarry 2010], [Buenrostro et al. 2015], [Helleday et al. 2014].



