IDEA 22 EVOLUTION LOG

================================================================================
TIMESTAMP: 2025-05-24 09:55:54
PHASE: New Idea (Significant Change), ROUND: 2
UNIQUE_ID: e2f00904-75b69b70
================================================================================

## New Idea from Significant Change (Round 2)

This idea represents a significant change from Idea 12.

**Title**: Mitochondrial ROS Amplification of FDXR Responses

**Key Idea**: Radiation-induced mitochondrial ROS amplify cellular stress signaling, leading to dose-proportional activation of FDXR.

**Paragraph 1**: This hypothesis posits that mitochondrial reactive oxygen species (ROS), generated by radiation exposure, act as amplification signals that drive the dose-dependent activation of FDXR. The novelty lies in linking mitochondrial dynamics with FDXR’s linear dose response, proposing a feedback mechanism where ROS-mediated stress enhances gene signaling. This framework could explain FDXR’s sensitivity across a wide dose range while emphasizing mitochondrial pathways as key modulators of radiation responses.

**Paragraph 2**: Researchers could measure ROS levels using fluorescence-based probes (e.g., MitoSOX) and correlate these with FDXR expression under different radiation doses. CRISPR-mediated knockout of FDXR in cell lines could determine its role in mitochondrial stress responses. Pharmacological modulation of ROS with antioxidants or pro-oxidants would test the feedback amplification hypothesis. Challenges include distinguishing mitochondrial-specific effects from broader cellular stress responses.

**Paragraph 3**: This idea is theoretically coherent, grounded in empirical evidence linking ROS to radiation responses. Predictive capability is high, as ROS levels can forecast FDXR activity. Falsifiability is offered through targeted experiments, while innovation comes from integrating mitochondrial biology with radiation stress pathways. Future research could explore therapeutic interventions targeting mitochondrial ROS to modulate radiation sensitivity.

**Approach**: ROS measurement, CRISPR knockout, pharmacological modulation, and dose-response analysis.

**Key References**: [Murphy 2009], [Zhang et al. 2020], [Helleday et al. 2014].

## Comparison with Original

### Original Idea (ID: 12)

**Title**: is parsimonious, attributing linearity to a single amplifica...

**Key Idea**: is parsimonious, attributing linearity to a single amplification mechanism. Predictive capability could be tested by modifying ROS levels pharmacologically and monitoring FDXR responses. Methodological rigor is achievable through established ROS detection techniques. This idea opens avenues for studying mitochondrial stress in other radiation-sensitive pathways.

**Paragraph 3**: Empirical support for mitochondrial signaling in radiation responses exists, enhancing theoretical coherence. The hypothesis is parsimonious, attributing linearity to a single amplification mechanism. Predictive capability could be tested by modifying ROS levels pharmacologically and monitoring FDXR responses. Methodological rigor is achievable through established ROS detection techniques. This idea opens avenues for studying mitochondrial stress in other radiation-sensitive pathways.

### Scientific Evaluation

| Criterion | Score |
|---|---:|
| Empirical Support | 8.0/10 |
| Theoretical Coherence | 9.0/10 |
| Explanatory Power | 8.0/10 |
| Predictive Capability | 8.0/10 |
| Falsifiability | 9.0/10 |
| Parsimony | 8.0/10 |
| Generalizability | 7.0/10 |
| Methodological Rigor | 8.0/10 |
| Innovation | 9.0/10 |
| Problem-Solving Utility | 7.0/10 |
| Interdisciplinary Impact | 7.0/10 |
| Ethical Considerations | 9.0/10 |
| Scalability | 7.0/10 |
| Replicability | 9.0/10 |
| Theoretical Foundation | 9.0/10 |
| Technological Feasibility | 8.0/10 |
| Risk Assessment | 7.0/10 |
| Sustainability | 7.0/10 |
| Societal Relevance | 7.0/10 |
| Future Research Potential | 9.0/10 |

### Detailed Evaluation

### Criterion 1 (Empirical Support)  
**Score: 8/10**  
The idea is consistent with existing evidence linking mitochondrial ROS to radiation stress responses, as supported by references like [Murphy 2009], [Zhang et al. 2020]. However, direct evidence specifically connecting ROS to FDXR activation in the proposed dose range is limited. Experiments correlating ROS levels with FDXR expression under varying radiation doses would strengthen empirical support.  

**Suggestions**: Conduct preliminary studies measuring ROS and FDXR levels across the dose range using fluorescence probes.  

---

### Criterion 2 (Theoretical Coherence)  
**Score: 9/10**  
The hypothesis is internally consistent and logically ties mitochondrial ROS amplification to FDXR’s dose-proportional response. The feedback mechanism proposed is clear and plausible within existing understandings of cellular stress signaling.  

**Suggestions**: Develop a detailed model describing the feedback mechanism to enhance clarity and testability.  

---

### Criterion 3 (Explanatory Power)  
**Score: 8/10**  
This idea has strong potential to explain the observed linear dose response of FDXR across a wide range of doses by focusing on mitochondrial ROS. However, alternative explanations, such as non-ROS-mediated pathways, could also contribute to FDXR sensitivity.  

**Suggestions**: Investigate additional pathways influencing FDXR activation to ensure comprehensive coverage.  

---

### Criterion 4 (Predictive Capability)  
**Score: 8/10**  
The hypothesis offers testable predictions, such as increased FDXR activation correlating with ROS levels and the dose-dependent effects of antioxidants or pro-oxidants.  

**Suggestions**: Establish predictive models correlating ROS metrics with FDXR activity across doses, and validate them experimentally.  

---

### Criterion 5 (Falsifiability)  
**Score: 9/10**  
The idea is highly falsifiable through targeted experiments, such as CRISPR-mediated FDXR knockouts or ROS modulation using pharmacological agents.  

**Suggestions**: Design experiments to rigorously test the presence or absence of the proposed feedback loop.  

---

### Criterion 6 (Parsimony)  
**Score: 8/10**  
The hypothesis is relatively simple and elegant, focusing on a single amplification mechanism via mitochondrial ROS. However, it may slightly oversimplify the complexity of radiation responses.  

**Suggestions**: Incorporate secondary pathways while maintaining focus on the primary ROS-FDXR mechanism.  

---

### Criterion 7 (Generalizability)  
**Score: 7/10**  
While the idea is specific to radiation-induced FDXR activation, the ROS amplification mechanism could apply broadly to other stress-response pathways.  

**Suggestions**: Test the hypothesis in different cellular systems and stress conditions to enhance generalizability.  

---

### Criterion 8 (Methodological Rigor)  
**Score: 8/10**  
The proposed methods (e.g., ROS measurement, CRISPR knockout, pharmacological modulation) are standard and well-established in cellular biology research. However, distinguishing mitochondrial-specific effects may require advanced techniques.  

**Suggestions**: Use mitochondrial-targeted probes and inhibitors to isolate effects specific to mitochondrial ROS.  

---

### Criterion 9 (Innovation)  
**Score: 9/10**  
The idea integrates mitochondrial biology with radiation stress responses, representing a novel approach to understanding FDXR sensitivity.  

**Suggestions**: Explore how mitochondrial dynamics, such as fission and fusion, modulate ROS and FDXR responses for added novelty.  

---

### Criterion 10 (Problem-Solving Utility)  
**Score: 7/10**  
By explaining the dose response of FDXR, this idea could help develop biomarkers for radiation exposure and therapeutic interventions targeting ROS. However, practical applications are not fully developed yet.  

**Suggestions**: Investigate therapeutic strategies targeting mitochondrial ROS to manage radiation sensitivity in clinical settings.  

---

### Criterion 11 (Interdisciplinary Impact)  
**Score: 7/10**  
The idea connects radiation biology, mitochondrial biochemistry, and stress signaling, with moderate relevance to fields like oncology and pharmacology.  

**Suggestions**: Collaborate with experts in radiation therapy and mitochondrial medicine to broaden interdisciplinary impact.  

---

### Criterion 12 (Ethical Considerations)  
**Score: 9/10**  
The research involves standard biological experiments with minimal ethical concerns. However, therapeutic applications should consider safety and side effects.  

**Suggestions**: Perform thorough risk assessments for interventions targeting mitochondrial ROS.  

---

### Criterion 13 (Scalability)  
**Score: 7/10**  
The hypothesis is scalable across different radiation doses and cell types, but scalability to in vivo systems or clinical settings remains untested.  

**Suggestions**: Conduct pilot studies in animal models to assess scalability beyond cell lines.  

---

### Criterion 14 (Replicability)  
**Score: 9/10**  
The methods (e.g., fluorescence probes, CRISPR knockouts) are highly replicable, ensuring reproducibility across labs.  

**Suggestions**: Standardize protocols for ROS measurement and FDXR assays to enhance replicability.  

---

### Criterion 15 (Theoretical Foundation)  
**Score: 9/10**  
The hypothesis is well-grounded in existing knowledge on mitochondrial ROS and cellular stress signaling, supported by references like [Murphy 2009].  

**Suggestions**: Strengthen theoretical foundations by integrating more recent findings on mitochondrial contributions to radiation responses.  

---

### Criterion 16 (Technological Feasibility)  
**Score: 8/10**  
The proposed methods are technologically feasible, though advanced tools for mitochondrial-specific ROS measurement may require optimization.  

**Suggestions**: Invest in more precise mitochondrial ROS measurement technologies to improve feasibility.  

---

### Criterion 17 (Risk Assessment)  
**Score: 6/10**  
Potential risks include off-target effects of ROS modulation and difficulty isolating mitochondrial-specific contributions.  

**Suggestions**: Develop controls to minimize off-target effects and validate mitochondrial specificity.  

---

### Criterion 18 (Sustainability)  
**Score: 7/10**  
The idea utilizes established methods with moderate resource demands. However, long-term sustainability depends on the availability of specialized probes and reagents.  

**Suggestions**: Explore cost-effective alternatives for ROS measurement and FDXR analysis.  

---

### Criterion 19 (Societal Relevance)  
**Score: 7/10**  
Understanding FDXR sensitivity to radiation could improve radiation safety and therapeutic strategies, but societal relevance is indirect.  

**Suggestions**: Link findings to public health initiatives, such as radiation exposure monitoring.  

---

### Criterion 20 (Future Research Potential)  
**Score: 9/10**  
The hypothesis opens avenues for exploring mitochondrial contributions to radiation responses and therapeutic interventions.  

**Suggestions**: Investigate long-term implications of modulating mitochondrial ROS in radiation sensitivity and other stress-response pathways.  

--- 

### Summary Scores:  
1. Empirical Support: 8/10  
2. Theoretical Coherence: 9/10  
3. Explanatory Power: 8/10  
4. Predictive Capability: 8/10  
5. Falsifiability: 9/10  
6. Parsimony: 8/10  
7. Generalizability: 7/10  
8. Methodological Rigor: 8/10  
9. Innovation: 9/10  
10. Problem-Solving Utility: 7/10  
11. Interdisciplinary Impact: 7/10  
12. Ethical Considerations: 9/10  
13. Scalability: 7/10  
14. Replicability: 9/10  
15. Theoretical Foundation: 9/10  
16. Technological Feasibility: 8/10  
17. Risk Assessment: 6/10  
18. Sustainability: 7/10  
19. Societal Relevance: 7/10  
20. Future Research Potential: 9/10  

### Metadata

- Generation Type: New (Significant Change)
- Parent Idea: 12
- Created as new idea due to significant change


================================================================================
TIMESTAMP: 2025-05-24 09:57:18
PHASE: Tournament Round 2, ROUND: 2, ELO SCORE: 1203.5
UNIQUE_ID: e2f00904-75b69b70
================================================================================

## Tournament Results (Round 2)

**Rank:** 1 out of 5
**ELO Rating:** 1203.5

### Idea

**Title**: Mitochondrial ROS Amplification of FDXR Responses

**Key Idea**: Radiation-induced mitochondrial ROS amplify cellular stress signaling, leading to dose-proportional activation of FDXR.

**Paragraph 1**: This hypothesis posits that mitochondrial reactive oxygen species (ROS), generated by radiation exposure, act as amplification signals that drive the dose-dependent activation of FDXR. The novelty lies in linking mitochondrial dynamics with FDXR’s linear dose response, proposing a feedback mechanism where ROS-mediated stress enhances gene signaling. This framework could explain FDXR’s sensitivity across a wide dose range while emphasizing mitochondrial pathways as key modulators of radiation responses.

**Paragraph 2**: Researchers could measure ROS levels using fluorescence-based probes (e.g., MitoSOX) and correlate these with FDXR expression under different radiation doses. CRISPR-mediated knockout of FDXR in cell lines could determine its role in mitochondrial stress responses. Pharmacological modulation of ROS with antioxidants or pro-oxidants would test the feedback amplification hypothesis. Challenges include distinguishing mitochondrial-specific effects from broader cellular stress responses.

**Paragraph 3**: This idea is theoretically coherent, grounded in empirical evidence linking ROS to radiation responses. Predictive capability is high, as ROS levels can forecast FDXR activity. Falsifiability is offered through targeted experiments, while innovation comes from integrating mitochondrial biology with radiation stress pathways. Future research could explore therapeutic interventions targeting mitochondrial ROS to modulate radiation sensitivity.

**Approach**: ROS measurement, CRISPR knockout, pharmacological modulation, and dose-response analysis.

**Key References**: [Murphy 2009], [Zhang et al. 2020], [Helleday et al. 2014].



