IDEA 29 EVOLUTION LOG

================================================================================
TIMESTAMP: 2025-05-24 09:58:58
PHASE: Evolution, ROUND: 3
UNIQUE_ID: 54ee21fa-b3f63fab
================================================================================

## Refined Idea (Round 3)

**Title**: Dose-Dependent Epigenetic Mechanisms in FDXR Regulation

**Key Idea**: FDXR’s radiation sensitivity is mediated by dose-dependent epigenetic modifications, including chromatin remodeling and DNA methylation.

**Paragraph 1**: This refined hypothesis posits that radiation-induced epigenetic changes, such as DNA methylation and histone acetylation, regulate FDXR expression via chromatin remodeling. The novelty lies in explicitly linking chromatin accessibility changes to radiation sensitivity across a linear dose-response range. This idea addresses the complexity of dose effects by focusing on the interplay between epigenetic modifications and transcriptional activation.

**Paragraph 2**: Experimental validation could involve exposing cells to varying radiation doses and measuring FDXR activity using RNA-seq. ChIP-seq could identify histone marks (e.g., H3K27ac), while bisulfite sequencing could track methylation dynamics. Single-cell sequencing techniques (e.g., scATAC-seq) would resolve chromatin-specific effects. Challenges include accounting for dose saturation effects and distinguishing radiation-specific epigenetic changes from oxidative stress-induced modifications.

**Paragraph 3**: The idea is theoretically coherent, providing strong explanatory power for FDXR’s dose-response linearity. Predictive capability is robust, as epigenetic markers can forecast transcriptional outputs. Falsifiability is supported through direct measurements, though complexity in isolating radiation-specific effects remains a limitation. Innovation is strengthened by proposing chromatin accessibility changes as central to FDXR regulation. Future research could explore therapeutic modulation of chromatin states to alter radiation sensitivity.

**Approach**: RNA-seq, ChIP-seq, bisulfite sequencing, and single-cell methods.

**Key References**: [Jaenisch & Bird 2003], [Feinberg & Irizarry 2010], [Buenrostro et al. 2015], [Helleday et al. 2014].

## Comparison with Original

### Original Idea (ID: 23)

**Title**: Dose-Dependent Epigenetic Regulation of FDXR

**Key Idea**: FDXR’s radiation sensitivity is mediated by dose-dependent epigenetic modifications, including chromatin remodeling and DNA methylation.

**Paragraph 1**: This hypothesis proposes that radiation-induced epigenetic modifications, such as DNA methylation and histone acetylation, regulate FDXR expression in a dose-dependent manner. The novelty lies in linking these modifications directly to radiation sensitivity across a broad dose range, explaining the observed linearity in FDXR’s transcriptional response. By focusing on chromatin accessibility changes, this idea addresses the complexity of dose effects and indirect cellular signaling cascades.

**Paragraph 2**: Experimental validation could involve exposing cells to varying radiation doses and measuring FDXR activity using RNA-seq. ChIP-seq could identify histone marks, while bisulfite sequencing could track methylation dynamics. Single-cell sequencing techniques (e.g., scATAC-seq) would resolve chromatin-specific effects. Challenges include accounting for saturation effects at higher doses, which might necessitate additional feedback mechanisms.

**Paragraph 3**: This idea is theoretically coherent, providing strong explanatory power for FDXR’s dose-response linearity. Predictive capability is robust, as epigenetic markers can forecast transcriptional outputs. Falsifiability is supported through direct measurements, though complexity in isolating radiation-specific effects remains a limitation. Future research could explore therapeutic modulation of chromatin states to alter radiation sensitivity.

**Approach**: RNA-seq, ChIP-seq, bisulfite sequencing, and single-cell methods.

**Key References**: [Jaenisch & Bird 2003], [Feinberg & Irizarry 2010], [Buenrostro et al. 2015], [Helleday et al. 2014].

### Scientific Evaluation

| Criterion | Score |
|---|---:|
| Empirical Support | 8.0/10 |
| Theoretical Coherence | 9.0/10 |
| Explanatory Power | 8.0/10 |
| Predictive Capability | 8.0/10 |
| Falsifiability | 9.0/10 |
| Parsimony | 7.0/10 |
| Generalizability | 6.0/10 |
| Methodological Rigor | 9.0/10 |
| Innovation | 9.0/10 |
| Problem-Solving Utility | 8.0/10 |
| Interdisciplinary Impact | 7.0/10 |
| Ethical Considerations | 8.0/10 |
| Scalability | 7.0/10 |
| Replicability | 8.0/10 |
| Theoretical Foundation | 9.0/10 |
| Technological Feasibility | 8.0/10 |
| Risk Assessment | 7.0/10 |
| Sustainability | 6.0/10 |
| Societal Relevance | 7.0/10 |
| Future Research Potential | 9.0/10 |

### Detailed Evaluation

### Criterion 1 (Empirical Support)  
**Score: 8/10**  
The idea aligns well with existing evidence on radiation-induced epigenetic modifications, supported by foundational studies like Jaenisch & Bird (2003). However, direct evidence linking FDXR’s linear dose-response to chromatin remodeling remains limited. The proposed experiments (e.g., RNA-seq and ChIP-seq) are appropriate for validation.  
**Suggestions for Improvement:** Conduct preliminary studies to determine specific epigenetic patterns in FDXR expression under low radiation doses.

---

### Criterion 2 (Theoretical Coherence)  
**Score: 9/10**  
The hypothesis is logically consistent and integrates established epigenetic mechanisms with radiation biology. It provides a clear framework for understanding the dose-response relationship through chromatin accessibility.  
**Suggestions for Improvement:** Clarify how oxidative stress-induced modifications can be disentangled from radiation-specific effects in the theoretical model.

---

### Criterion 3 (Explanatory Power)  
**Score: 8/10**  
The idea has robust explanatory power for FDXR’s linearity, leveraging chromatin remodeling as a key mechanism. However, the complexity of epigenetic interactions may limit the ability to fully explain all aspects of dose-response behavior.  
**Suggestions for Improvement:** Explore whether additional factors, such as non-coding RNAs, contribute to the observed linearity.

---

### Criterion 4 (Predictive Capability)  
**Score: 8/10**  
The hypothesis is testable, with clear predictions about epigenetic markers correlating with FDXR activity. However, the dose saturation effects mentioned in Paragraph 2 could complicate predictions.  
**Suggestions for Improvement:** Develop computational models to simulate dose-response curves incorporating epigenetic dynamics.

---

### Criterion 5 (Falsifiability)  
**Score: 9/10**  
The idea is directly falsifiable through experimental techniques like bisulfite sequencing and scATAC-seq. Clear criteria for disproving the hypothesis are outlined (e.g., absence of epigenetic changes).  
**Suggestions for Improvement:** Specify thresholds for distinguishing radiation-specific effects from other stressors in experimental designs.

---

### Criterion 6 (Parsimony)  
**Score: 7/10**  
The hypothesis is elegant but introduces complexity by involving multiple epigenetic layers (e.g., chromatin remodeling, DNA methylation). This may reduce its simplicity.  
**Suggestions for Improvement:** Focus on one primary epigenetic mechanism initially (e.g., chromatin remodeling) to streamline the hypothesis.

---

### Criterion 7 (Generalizability)  
**Score: 6/10**  
The idea is specific to FDXR and low-dose radiation, limiting its generalizability. However, the principles of dose-dependent epigenetic regulation could apply to other radiation-sensitive genes.  
**Suggestions for Improvement:** Test whether similar epigenetic responses occur in other radiation-sensitive genes.

---

### Criterion 8 (Methodological Rigor)  
**Score: 9/10**  
The proposed methods (e.g., RNA-seq, ChIP-seq, bisulfite sequencing) are well-established and rigorous, ensuring high-quality data. Single-cell technologies enhance resolution.  
**Suggestions for Improvement:** Incorporate controls to account for baseline epigenetic variability and oxidative stress.

---

### Criterion 9 (Innovation)  
**Score: 9/10**  
The idea is innovative, explicitly linking chromatin accessibility to radiation sensitivity. Few studies have explored epigenetic mechanisms in this specific context.  
**Suggestions for Improvement:** Highlight how therapeutic modulation of chromatin states could represent a novel application.

---

### Criterion 10 (Problem-Solving Utility)  
**Score: 8/10**  
Understanding FDXR regulation could advance radiation biology and inform therapeutic strategies for radiation sensitivity. Practical applications are promising but not fully explored.  
**Suggestions for Improvement:** Investigate potential clinical applications, such as epigenetic drugs to modulate radiation sensitivity.

---

### Criterion 11 (Interdisciplinary Impact)  
**Score: 7/10**  
The idea bridges radiation biology, epigenetics, and genomics but has limited relevance beyond these fields.  
**Suggestions for Improvement:** Explore implications for broader areas, such as environmental health and cancer treatment.

---

### Criterion 12 (Ethical Considerations)  
**Score: 8/10**  
The proposed research poses minimal ethical concerns, primarily involving cell-based experiments. Single-cell sequencing could raise privacy issues if applied to human samples.  
**Suggestions for Improvement:** Ensure informed consent and anonymization for any human-derived samples.

---

### Criterion 13 (Scalability)  
**Score: 7/10**  
The experimental approach is scalable, but single-cell sequencing may become resource-intensive at larger scales.  
**Suggestions for Improvement:** Optimize protocols for high-throughput sequencing to improve scalability.

---

### Criterion 14 (Replicability)  
**Score: 8/10**  
The proposed experiments are replicable using standardized methods like RNA-seq and ChIP-seq. However, biological variability in epigenetic responses may pose challenges.  
**Suggestions for Improvement:** Include large sample sizes and biological replicates to ensure reproducibility.

---

### Criterion 15 (Theoretical Foundation)  
**Score: 9/10**  
The hypothesis is grounded in well-established principles of epigenetics and radiation biology, supported by seminal references.  
**Suggestions for Improvement:** Expand the theoretical foundation by incorporating data from similar radiation-sensitive genes.

---

### Criterion 16 (Technological Feasibility)  
**Score: 8/10**  
The proposed techniques are technologically feasible, though single-cell sequencing requires specialized equipment and expertise.  
**Suggestions for Improvement:** Collaborate with facilities specializing in single-cell genomics to streamline implementation.

---

### Criterion 17 (Risk Assessment)  
**Score: 7/10**  
Risks include difficulty in isolating radiation-specific epigenetic changes and potential dose saturation effects.  
**Suggestions for Improvement:** Develop controls to minimize confounding factors and validate findings across multiple cell types.

---

### Criterion 18 (Sustainability)  
**Score: 6/10**  
Single-cell methods and high-throughput sequencing may demand significant resources, reducing sustainability.  
**Suggestions for Improvement:** Explore cost-effective alternatives, such as targeted sequencing of specific genomic loci.

---

### Criterion 19 (Societal Relevance)  
**Score: 7/10**  
The research has relevance to radiation safety and therapeutic strategies, though societal impacts are indirect.  
**Suggestions for Improvement:** Highlight potential applications in radiation therapy and public health policies.

---

### Criterion 20 (Future Research Potential)  
**Score: 9/10**  
The hypothesis opens up new avenues for studying epigenetic regulation in radiation-sensitive genes and therapeutic modulation.  
**Suggestions for Improvement:** Propose follow-up studies to explore non-coding RNAs and their role in FDXR regulation.

---

### Overall Summary  
The idea scores highly across most criteria, particularly in theoretical coherence, methodological rigor, and innovation. Areas for improvement include scalability, generalizability, and sustainability. Addressing these limitations will strengthen the hypothesis and its implementation.

### Metadata

- Generation Type: Refinement
- Parent Idea: 23
- Refinement Count: 0


================================================================================
TIMESTAMP: 2025-05-24 09:59:42
PHASE: Tournament Round 3, ROUND: 3, ELO SCORE: 1201.5
UNIQUE_ID: 54ee21fa-b3f63fab
================================================================================

## Tournament Results (Round 3)

**Rank:** 3 out of 5
**ELO Rating:** 1201.5

### Idea

**Title**: Dose-Dependent Epigenetic Mechanisms in FDXR Regulation

**Key Idea**: FDXR’s radiation sensitivity is mediated by dose-dependent epigenetic modifications, including chromatin remodeling and DNA methylation.

**Paragraph 1**: This refined hypothesis posits that radiation-induced epigenetic changes, such as DNA methylation and histone acetylation, regulate FDXR expression via chromatin remodeling. The novelty lies in explicitly linking chromatin accessibility changes to radiation sensitivity across a linear dose-response range. This idea addresses the complexity of dose effects by focusing on the interplay between epigenetic modifications and transcriptional activation.

**Paragraph 2**: Experimental validation could involve exposing cells to varying radiation doses and measuring FDXR activity using RNA-seq. ChIP-seq could identify histone marks (e.g., H3K27ac), while bisulfite sequencing could track methylation dynamics. Single-cell sequencing techniques (e.g., scATAC-seq) would resolve chromatin-specific effects. Challenges include accounting for dose saturation effects and distinguishing radiation-specific epigenetic changes from oxidative stress-induced modifications.

**Paragraph 3**: The idea is theoretically coherent, providing strong explanatory power for FDXR’s dose-response linearity. Predictive capability is robust, as epigenetic markers can forecast transcriptional outputs. Falsifiability is supported through direct measurements, though complexity in isolating radiation-specific effects remains a limitation. Innovation is strengthened by proposing chromatin accessibility changes as central to FDXR regulation. Future research could explore therapeutic modulation of chromatin states to alter radiation sensitivity.

**Approach**: RNA-seq, ChIP-seq, bisulfite sequencing, and single-cell methods.

**Key References**: [Jaenisch & Bird 2003], [Feinberg & Irizarry 2010], [Buenrostro et al. 2015], [Helleday et al. 2014].



