IDEA 26 EVOLUTION LOG

================================================================================
TIMESTAMP: 2025-05-24 09:58:13
PHASE: Evolution, ROUND: 3
UNIQUE_ID: c9bc436b-a421cc69
================================================================================

## Refined Idea (Round 3)

**Title**: Mitochondrial ROS Feedback in Radiation-Induced Gene Activation

**Key Idea**: Radiation-induced mitochondrial ROS amplify cellular stress signaling, leading to dose-proportional activation of FDXR through chromatin accessibility modulation.

**Paragraph 1**: This refined hypothesis builds upon the original idea by integrating epigenetic mechanisms into the mitochondrial ROS feedback loop. Mitochondrial ROS generated by radiation exposure are hypothesized to amplify cellular stress signaling through chromatin remodeling, facilitating FDXR’s dose-dependent activation. This idea connects mitochondrial dynamics with epigenetic regulation, proposing that ROS-mediated stress enhances chromatin accessibility at the FDXR locus. The novelty lies in linking mitochondrial pathways with radiation-induced transcriptional regulation via epigenetic changes, explaining FDXR’s sensitivity across a wide dose range.

**Paragraph 2**: Researchers could measure mitochondrial ROS levels using fluorescence-based probes (e.g., MitoSOX) and correlate them with chromatin accessibility changes using ChIP-seq and scATAC-seq. RNA-seq could confirm FDXR expression alterations under varying radiation doses. CRISPR-mediated knockout of FDXR in cell lines would test its role in mitochondrial stress responses. Pharmacological modulation of mitochondrial ROS could further validate the amplification mechanism. Challenges include separating mitochondrial-specific effects from broader cellular stress responses and controlling for epigenetic saturation effects at higher doses.

**Paragraph 3**: The integration of mitochondrial biology with epigenetic regulation strengthens the theoretical coherence and explanatory power of this idea. Predictive capability is high, as ROS levels and chromatin modifications can forecast FDXR activity. Falsifiability is robust through targeted experiments. This refinement enhances innovation by proposing a multidimensional mechanism involving mitochondrial signaling and chromatin accessibility. Future research could explore therapeutic interventions targeting mitochondrial ROS and chromatin states to modulate radiation sensitivity.

**Approach**: ROS measurement, ChIP-seq, scATAC-seq, RNA-seq, CRISPR knockout, and pharmacological modulation.

**Key References**: [Murphy 2009], [Jaenisch & Bird 2003], [Feinberg & Irizarry 2010], [Buenrostro et al. 2015], [Zhang et al. 2020].

## Comparison with Original

### Original Idea (ID: 22)

**Title**: Mitochondrial ROS Amplification of FDXR Responses

**Key Idea**: Radiation-induced mitochondrial ROS amplify cellular stress signaling, leading to dose-proportional activation of FDXR.

**Paragraph 1**: This hypothesis posits that mitochondrial reactive oxygen species (ROS), generated by radiation exposure, act as amplification signals that drive the dose-dependent activation of FDXR. The novelty lies in linking mitochondrial dynamics with FDXR’s linear dose response, proposing a feedback mechanism where ROS-mediated stress enhances gene signaling. This framework could explain FDXR’s sensitivity across a wide dose range while emphasizing mitochondrial pathways as key modulators of radiation responses.

**Paragraph 2**: Researchers could measure ROS levels using fluorescence-based probes (e.g., MitoSOX) and correlate these with FDXR expression under different radiation doses. CRISPR-mediated knockout of FDXR in cell lines could determine its role in mitochondrial stress responses. Pharmacological modulation of ROS with antioxidants or pro-oxidants would test the feedback amplification hypothesis. Challenges include distinguishing mitochondrial-specific effects from broader cellular stress responses.

**Paragraph 3**: This idea is theoretically coherent, grounded in empirical evidence linking ROS to radiation responses. Predictive capability is high, as ROS levels can forecast FDXR activity. Falsifiability is offered through targeted experiments, while innovation comes from integrating mitochondrial biology with radiation stress pathways. Future research could explore therapeutic interventions targeting mitochondrial ROS to modulate radiation sensitivity.

**Approach**: ROS measurement, CRISPR knockout, pharmacological modulation, and dose-response analysis.

**Key References**: [Murphy 2009], [Zhang et al. 2020], [Helleday et al. 2014].

### Scientific Evaluation

| Criterion | Score |
|---|---:|
| Empirical Support | 8.0/10 |
| Theoretical Coherence | 9.0/10 |
| Explanatory Power | 8.0/10 |
| Predictive Capability | 9.0/10 |
| Falsifiability | 10.0/10 |
| Parsimony | 7.0/10 |
| Generalizability | 8.0/10 |
| Methodological Rigor | 9.0/10 |
| Innovation | 10.0/10 |
| Problem-Solving Utility | 8.0/10 |
| Interdisciplinary Impact | 9.0/10 |
| Ethical Considerations | 8.0/10 |
| Scalability | 7.0/10 |
| Replicability | 9.0/10 |
| Theoretical Foundation | 8.0/10 |
| Technological Feasibility | 9.0/10 |
| Risk Assessment | 8.0/10 |
| Sustainability | 7.0/10 |
| Societal Relevance | 8.0/10 |
| Future Research Potential | 10.0/10 |

### Detailed Evaluation

### Criterion 1 (Empirical Support):  
**Score: 8/10**  
**Rationale**: The hypothesis aligns well with existing evidence linking mitochondrial ROS and stress signaling to radiation-induced gene activation. Studies on mitochondrial ROS (e.g., [Murphy 2009]) provide empirical grounding, and epigenetic modulation of gene expression is supported by foundational works like [Jaenisch & Bird 2003]. However, specific evidence directly connecting ROS-mediated chromatin remodeling to FDXR activation remains limited.  
**Suggestions**: Conduct preliminary experiments to measure ROS levels, chromatin accessibility, and FDXR activation under low-dose radiation exposures to strengthen empirical support.

---

### Criterion 2 (Theoretical Coherence):  
**Score: 9/10**  
**Rationale**: The hypothesis is logically coherent, integrating mitochondrial signaling, ROS dynamics, and epigenetic regulation into a unified framework. The connection between chromatin accessibility and dose-proportional gene activation is clearly articulated.  
**Suggestions**: Ensure the theoretical framework accounts for alternative pathways of FDXR activation to avoid over-reliance on the ROS feedback mechanism.

---

### Criterion 3 (Explanatory Power):  
**Score: 8/10**  
**Rationale**: The hypothesis explains the nearly linear dose-response of FDXR well by proposing chromatin accessibility as the modulating factor. However, additional mechanisms could contribute to the linear behavior, which are not considered in depth.  
**Suggestions**: Explore other cellular stress pathways and their interactions with ROS feedback to enhance explanatory power.

---

### Criterion 4 (Predictive Capability):  
**Score: 9/10**  
**Rationale**: The hypothesis generates clear, testable predictions, such as correlations between ROS levels, chromatin accessibility, and FDXR activity. The proposed experimental approaches (e.g., ChIP-seq, RNA-seq) are well-suited for validation.  
**Suggestions**: Develop quantitative models to predict FDXR activation based on ROS levels and chromatin changes across varying radiation doses.

---

### Criterion 5 (Falsifiability):  
**Score: 10/10**  
**Rationale**: The hypothesis is highly falsifiable, as experiments can directly test the role of ROS in chromatin remodeling and FDXR activation. For example, CRISPR-mediated FDXR knockout would directly test its necessity in the proposed pathway.  
**Suggestions**: Include control experiments to ensure the observed effects are specific to ROS and not other stress factors.

---

### Criterion 6 (Parsimony):  
**Score: 7/10**  
**Rationale**: The hypothesis balances complexity and simplicity, focusing on mitochondrial ROS and chromatin accessibility as core mechanisms. However, integrating epigenetic and mitochondrial pathways adds complexity that may reduce parsimony.  
**Suggestions**: Streamline the hypothesis by focusing on the most directly testable connections (e.g., ROS and chromatin changes).

---

### Criterion 7 (Generalizability):  
**Score: 8/10**  
**Rationale**: The hypothesis could be generalized to other radiation-sensitive genes regulated by epigenetic mechanisms. However, its applicability to different cell types or species is uncertain.  
**Suggestions**: Test the hypothesis in various cell lines and organisms to assess generalizability.

---

### Criterion 8 (Methodological Rigor):  
**Score: 9/10**  
**Rationale**: The proposed experimental methods (e.g., ChIP-seq, scATAC-seq) are rigorous and widely used in molecular biology research. The inclusion of CRISPR and pharmacological interventions strengthens the methodological approach.  
**Suggestions**: Incorporate additional controls, such as non-irradiated samples, to ensure robustness.

---

### Criterion 9 (Innovation):  
**Score: 10/10**  
**Rationale**: The hypothesis advances current knowledge by linking mitochondrial ROS, chromatin remodeling, and radiation sensitivity in a novel way. The multidimensional mechanism is innovative and opens new research avenues.  
**Suggestions**: Explore therapeutic implications, such as drugs targeting mitochondrial ROS or chromatin states, to further enhance innovation.

---

### Criterion 10 (Problem-Solving Utility):  
**Score: 8/10**  
**Rationale**: Understanding FDXR’s dose-dependent activation could help improve radiation therapy and mitigate radiation-induced damage. However, practical applications are still speculative at this stage.  
**Suggestions**: Investigate how modulating mitochondrial ROS could be applied in clinical settings.

---

### Criterion 11 (Interdisciplinary Impact):  
**Score: 9/10**  
**Rationale**: The hypothesis integrates mitochondrial biology, epigenetics, and radiation physics, making it relevant across multiple fields. It could influence research in oncology, radiobiology, and molecular genetics.  
**Suggestions**: Collaborate with experts in radiation physics and clinical oncology to broaden interdisciplinary impact.

---

### Criterion 12 (Ethical Considerations):  
**Score: 8/10**  
**Rationale**: Ethical concerns are minimal, as the research primarily involves cell lines and molecular techniques. However, potential clinical applications of the findings must consider patient safety.  
**Suggestions**: Address ethical considerations related to pharmacological interventions or radiation exposure in human studies.

---

### Criterion 13 (Scalability):  
**Score: 7/10**  
**Rationale**: The hypothesis is scalable in terms of experimental approaches, but its application to high-dose radiation or large-scale studies may face challenges due to potential saturation effects.  
**Suggestions**: Test scalability by investigating FDXR activation across broader dose ranges and in different experimental systems.

---

### Criterion 14 (Replicability):  
**Score: 9/10**  
**Rationale**: The experimental methods are highly replicable, as they rely on standardized molecular biology techniques. Proper controls and reproducible protocols enhance replicability.  
**Suggestions**: Share detailed experimental protocols to facilitate replication by other researchers.

---

### Criterion 15 (Theoretical Foundation):  
**Score: 8/10**  
**Rationale**: The hypothesis is grounded in established knowledge of mitochondrial ROS and epigenetics, supported by key references (e.g., [Murphy 2009], [Jaenisch & Bird 2003]). However, direct evidence linking these mechanisms to FDXR activation is still emerging.  
**Suggestions**: Further review literature specific to FDXR activation mechanisms to strengthen the theoretical foundation.

---

### Criterion 16 (Technological Feasibility):  
**Score: 9/10**  
**Rationale**: The proposed methods are technologically feasible and widely accessible in modern molecular biology labs. Techniques like ChIP-seq and CRISPR are standard.  
**Suggestions**: Ensure access to specialized equipment (e.g., high-resolution imaging for ROS measurement) for optimal feasibility.

---

### Criterion 17 (Risk Assessment):  
**Score: 8/10**  
**Rationale**: Risks include potential confounding effects of ROS from non-mitochondrial sources and challenges in isolating specific epigenetic changes. These risks are manageable with proper controls.  
**Suggestions**: Implement rigorous controls and validate findings using multiple experimental approaches.

---

### Criterion 18 (Sustainability):  
**Score: 7/10**  
**Rationale**: The research relies on resource-intensive techniques (e.g., sequencing), which may limit long-term sustainability.  
**Suggestions**: Explore cost-effective alternatives, such as targeted sequencing approaches, to improve sustainability.

---

### Criterion 19 (Societal Relevance):  
**Score: 8/10**  
**Rationale**: The findings could improve radiation therapy outcomes and contribute to understanding radiation effects on human health. However, societal impact depends on successful translation to clinical applications.  
**Suggestions**: Engage with stakeholders in healthcare to explore potential societal benefits.

---

### Criterion 20 (Future Research Potential):  
**Score: 10/10**  
**Rationale**: The hypothesis opens multiple new research directions, including therapeutic interventions targeting mitochondrial ROS and chromatin states. It also encourages exploration of epigenetic regulation in radiation sensitivity.  
**Suggestions**: Propose follow-up studies to investigate the broader implications of mitochondrial ROS-mediated gene activation in other contexts.

---

### Summary:  
The hypothesis scores highly across most criteria, particularly in innovation, falsifiability, and predictive capability. Areas for improvement include scalability, sustainability, and empirical validation.

### Metadata

- Generation Type: Refinement
- Parent Idea: 22
- Refinement Count: 0


================================================================================
TIMESTAMP: 2025-05-24 09:59:42
PHASE: Tournament Round 3, ROUND: 3, ELO SCORE: 1214.3
UNIQUE_ID: c9bc436b-a421cc69
================================================================================

## Tournament Results (Round 3)

**Rank:** 1 out of 5
**ELO Rating:** 1214.3

### Idea

**Title**: Mitochondrial ROS Feedback in Radiation-Induced Gene Activation

**Key Idea**: Radiation-induced mitochondrial ROS amplify cellular stress signaling, leading to dose-proportional activation of FDXR through chromatin accessibility modulation.

**Paragraph 1**: This refined hypothesis builds upon the original idea by integrating epigenetic mechanisms into the mitochondrial ROS feedback loop. Mitochondrial ROS generated by radiation exposure are hypothesized to amplify cellular stress signaling through chromatin remodeling, facilitating FDXR’s dose-dependent activation. This idea connects mitochondrial dynamics with epigenetic regulation, proposing that ROS-mediated stress enhances chromatin accessibility at the FDXR locus. The novelty lies in linking mitochondrial pathways with radiation-induced transcriptional regulation via epigenetic changes, explaining FDXR’s sensitivity across a wide dose range.

**Paragraph 2**: Researchers could measure mitochondrial ROS levels using fluorescence-based probes (e.g., MitoSOX) and correlate them with chromatin accessibility changes using ChIP-seq and scATAC-seq. RNA-seq could confirm FDXR expression alterations under varying radiation doses. CRISPR-mediated knockout of FDXR in cell lines would test its role in mitochondrial stress responses. Pharmacological modulation of mitochondrial ROS could further validate the amplification mechanism. Challenges include separating mitochondrial-specific effects from broader cellular stress responses and controlling for epigenetic saturation effects at higher doses.

**Paragraph 3**: The integration of mitochondrial biology with epigenetic regulation strengthens the theoretical coherence and explanatory power of this idea. Predictive capability is high, as ROS levels and chromatin modifications can forecast FDXR activity. Falsifiability is robust through targeted experiments. This refinement enhances innovation by proposing a multidimensional mechanism involving mitochondrial signaling and chromatin accessibility. Future research could explore therapeutic interventions targeting mitochondrial ROS and chromatin states to modulate radiation sensitivity.

**Approach**: ROS measurement, ChIP-seq, scATAC-seq, RNA-seq, CRISPR knockout, and pharmacological modulation.

**Key References**: [Murphy 2009], [Jaenisch & Bird 2003], [Feinberg & Irizarry 2010], [Buenrostro et al. 2015], [Zhang et al. 2020].



