IDEA 24 EVOLUTION LOG

================================================================================
TIMESTAMP: 2025-05-24 09:56:34
PHASE: New Idea (Significant Change), ROUND: 2
UNIQUE_ID: eaad4818-30f354af
================================================================================

## New Idea from Significant Change (Round 2)

This idea represents a significant change from Idea 20.

**Title**: Radiation-Induced Lipid Metabolism Alterations in FDXR Regulation

**Key Idea**: Radiation modifies lipid metabolism pathways, which indirectly regulate FDXR activity through oxidative stress signaling.

**Paragraph 1**: This hypothesis explores how radiation alters cellular lipid metabolism, leading to the production of bioactive lipid molecules (e.g., lipid peroxides) that modulate oxidative stress and indirectly influence FDXR activity. The novelty lies in shifting focus from direct gene regulation to metabolic intermediaries as drivers of radiation sensitivity. Lipid peroxidation could amplify oxidative signaling cascades, enhancing FDXR dose-dependent activation. This approach connects metabolic shifts to gene expression, offering a unique perspective on radiation biology.

**Paragraph 2**: Researchers could measure lipid profiles using mass spectrometry and correlate lipid peroxidation markers with FDXR activity under varying radiation doses. Inhibitors of lipid peroxidation or genetic knockouts of key enzymes (e.g., lipoxygenases) could test the hypothesis. Challenges include isolating lipid-specific effects from broader oxidative stress responses.

**Paragraph 3**: The idea is innovative, linking lipid metabolism to radiation responses. Explanatory power is moderate, as lipid intermediaries are indirect regulators of gene expression. Predictive capability is high, as lipid profiles can forecast FDXR activation. Falsifiability is robust through targeted experiments. Future research could explore lipid-targeted therapies to modulate radiation sensitivity.

**Approach**: connects metabolic shifts to gene expression, offering a unique perspective on radiation biology.  
**Paragraph 2**: Researchers could measure lipid profiles using mass spectrometry and correlate lipid peroxidation markers with FDXR activity under varying radiation doses. Inhibitors of lipid peroxidation or genetic knockouts of key enzymes (e.g., lipoxygenases) could test the hypothesis. Challenges include isolating lipid-specific effects from broader oxidative stress responses.  
**Paragraph 3**: The idea is innovative, linking lipid metabolism to radiation responses. Explanatory power is moderate, as lipid intermediaries are indirect regulators of gene expression. Predictive capability is high, as lipid profiles can forecast FDXR activation. Falsifiability is robust through targeted experiments. Future research could explore lipid-targeted therapies to modulate radiation sensitivity.  
**Approach**: Mass spectrometry, lipid peroxidation assays, enzyme inhibition, and dose-response analysis.

**Key References**: [Spiteller 2003], [Murphy 2009], [Helleday et al. 2014].

## Comparison with Original

### Original Idea (ID: 20)

**Title**: Use small RNA sequencing, target prediction, and l...

**Approach**: Use small RNA sequencing, target prediction, and luciferase assays to study miRNA regulation.

### Scientific Evaluation

| Criterion | Score |
|---|---:|
| Empirical Support | 7.0/10 |
| Theoretical Coherence | 8.0/10 |
| Explanatory Power | 6.0/10 |
| Predictive Capability | 9.0/10 |
| Falsifiability | 10.0/10 |
| Parsimony | 6.0/10 |
| Generalizability | 7.0/10 |
| Methodological Rigor | 8.0/10 |
| Innovation | 9.0/10 |
| Problem-Solving Utility | 7.0/10 |
| Interdisciplinary Impact | 8.0/10 |
| Ethical Considerations | 9.0/10 |
| Scalability | 7.0/10 |
| Replicability | 8.0/10 |
| Theoretical Foundation | 8.0/10 |
| Technological Feasibility | 9.0/10 |
| Risk Assessment | 7.0/10 |
| Sustainability | 8.0/10 |
| Societal Relevance | 7.0/10 |
| Future Research Potential | 10.0/10 |

### Detailed Evaluation

### Criterion 1 (Empirical Support): Score: 7/10  
**Explanation**: The idea has moderate empirical support, as lipid metabolism and oxidative stress are well-established in radiation biology literature ([Spiteller 2003], [Murphy 2009]). However, direct evidence linking lipid metabolism alterations to FDXR regulation under low-dose radiation is sparse.  
**Suggestions**: Conduct preliminary studies to measure lipid peroxidation markers and FDXR activity under controlled radiation doses to strengthen empirical support.  

---

### Criterion 2 (Theoretical Coherence): Score: 8/10  
**Explanation**: The hypothesis is logically coherent, connecting radiation-induced oxidative stress to lipid metabolism and FDXR regulation. However, indirect pathways introduce complexity that may reduce clarity.  
**Suggestions**: Refine the theoretical framework by explicitly detailing the biochemical pathways between lipid intermediates and FDXR activation.  

---

### Criterion 3 (Explanatory Power): Score: 6/10  
**Explanation**: The idea provides a plausible explanation for FDXR sensitivity but relies on indirect mechanisms, which may not fully capture the dose-response linearity.  
**Suggestions**: Explore complementary mechanisms that directly regulate FDXR alongside lipid metabolism pathways.  

---

### Criterion 4 (Predictive Capability): Score: 9/10  
**Explanation**: Predictive capability is high because lipid profiles and oxidative stress markers can be measured and correlated with FDXR activity across radiation doses.  
**Suggestions**: Develop predictive models that integrate lipid peroxidation and FDXR activation data to enhance predictive accuracy.  

---

### Criterion 5 (Falsifiability): Score: 10/10  
**Explanation**: The hypothesis is highly falsifiable through targeted experiments, such as enzyme inhibition or genetic knockout studies.  
**Suggestions**: Implement rigorous experimental controls to isolate lipid-specific effects.  

---

### Criterion 6 (Parsimony): Score: 6/10  
**Explanation**: While the idea is innovative, the focus on indirect pathways introduces complexity that may not be necessary to explain FDXR radiation sensitivity.  
**Suggestions**: Streamline the hypothesis by prioritizing the most direct lipid metabolism pathways affecting FDXR.  

---

### Criterion 7 (Generalizability): Score: 7/10  
**Explanation**: The concept could be generalized to other radiation-sensitive genes influenced by oxidative stress, but its applicability may be limited to specific cellular contexts.  
**Suggestions**: Test the hypothesis in various cell types and radiation conditions to evaluate broader applicability.  

---

### Criterion 8 (Methodological Rigor): Score: 8/10  
**Explanation**: The proposed methods (e.g., mass spectrometry, enzyme inhibition) are scientifically rigorous and widely used in molecular biology and biochemistry.  
**Suggestions**: Ensure methodological robustness by validating lipid peroxidation assays and optimizing radiation exposure protocols.  

---

### Criterion 9 (Innovation): Score: 9/10  
**Explanation**: The idea is highly innovative, shifting focus from direct gene regulation to metabolic intermediaries, which is a novel approach in radiation biology.  
**Suggestions**: Highlight the novelty of linking lipid metabolism to radiation sensitivity in publications and grant applications.  

---

### Criterion 10 (Problem-Solving Utility): Score: 7/10  
**Explanation**: The hypothesis may guide the development of lipid-targeted radiation sensitivity therapies, but practical implementation remains speculative.  
**Suggestions**: Investigate therapeutic interventions targeting lipid metabolism to improve radiation sensitivity management.  

---

### Criterion 11 (Interdisciplinary Impact): Score: 8/10  
**Explanation**: The idea bridges radiation biology, lipidomics, and oxidative stress research, making it relevant across multiple scientific domains.  
**Suggestions**: Collaborate with researchers in lipidomics and biophysics to expand interdisciplinary applications.  

---

### Criterion 12 (Ethical Considerations): Score: 9/10  
**Explanation**: Ethical concerns are minimal, as the research involves standard molecular biology methods and has potential therapeutic benefits.  
**Suggestions**: Address any risks associated with lipid-targeted therapies in future studies.  

---

### Criterion 13 (Scalability): Score: 7/10  
**Explanation**: The approach is scalable to different radiation doses and cellular models, but scalability to in vivo systems or clinical applications remains uncertain.  
**Suggestions**: Conduct animal studies to assess the scalability of findings to whole organisms.  

---

### Criterion 14 (Replicability): Score: 8/10  
**Explanation**: Experimental methods (e.g., mass spectrometry and lipid peroxidation assays) are highly replicable, but variability in cellular responses may affect reproducibility.  
**Suggestions**: Implement standardized protocols to minimize variability across experiments.  

---

### Criterion 15 (Theoretical Foundation): Score: 8/10  
**Explanation**: The idea is grounded in established knowledge of oxidative stress and lipid metabolism, but the direct connection to FDXR is less well-established.  
**Suggestions**: Strengthen the theoretical foundation by integrating findings from radiation biology and lipidomics literature.  

---

### Criterion 16 (Technological Feasibility): Score: 9/10  
**Explanation**: The research can be conducted using existing technologies, such as mass spectrometry and gene knockout methods.  
**Suggestions**: Optimize technological tools for detecting low-dose radiation effects on lipid metabolism.  

---

### Criterion 17 (Risk Assessment): Score: 7/10  
**Explanation**: Risks include difficulty isolating lipid-specific effects and potential confounding factors in oxidative stress signaling.  
**Suggestions**: Use robust experimental controls and computational modeling to mitigate risks.  

---

### Criterion 18 (Sustainability): Score: 8/10  
**Explanation**: The research relies on well-established technologies and methods, ensuring long-term viability and efficiency.  
**Suggestions**: Explore cost-effective approaches to lipid profiling and radiation dosing.  

---

### Criterion 19 (Societal Relevance): Score: 7/10  
**Explanation**: The idea has potential implications for radiation therapy and cancer treatment, but societal impact remains speculative.  
**Suggestions**: Focus on translational research to connect findings to clinical applications.  

---

### Criterion 20 (Future Research Potential): Score: 10/10  
**Explanation**: The hypothesis opens avenues for exploring lipid-targeted therapies and other metabolic intermediaries influencing radiation sensitivity.  
**Suggestions**: Expand research to investigate other radiation-sensitive genes and their metabolic regulators.  

--- 

### Summary of Scores:
1. Empirical Support: 7  
2. Theoretical Coherence: 8  
3. Explanatory Power: 6  
4. Predictive Capability: 9  
5. Falsifiability: 10  
6. Parsimony: 6  
7. Generalizability: 7  
8. Methodological Rigor: 8  
9. Innovation: 9  
10. Problem-Solving Utility: 7  
11. Interdisciplinary Impact: 8  
12. Ethical Considerations: 9  
13. Scalability: 7  
14. Replicability: 8  
15. Theoretical Foundation: 8  
16. Technological Feasibility: 9  
17. Risk Assessment: 7  
18. Sustainability: 8  
19. Societal Relevance: 7  
20. Future Research Potential: 10  

**Total Score: 139/200**  

This idea is promising, with strong innovation, falsifiability, and predictive capability, but it requires further empirical validation and refinement for broader applicability and impact.

### Metadata

- Generation Type: New (Significant Change)
- Parent Idea: 20
- Created as new idea due to significant change


================================================================================
TIMESTAMP: 2025-05-24 09:57:18
PHASE: Tournament Round 2, ROUND: 2, ELO SCORE: 1202.8
UNIQUE_ID: eaad4818-30f354af
================================================================================

## Tournament Results (Round 2)

**Rank:** 2 out of 5
**ELO Rating:** 1202.8

### Idea

**Title**: Radiation-Induced Lipid Metabolism Alterations in FDXR Regulation

**Key Idea**: Radiation modifies lipid metabolism pathways, which indirectly regulate FDXR activity through oxidative stress signaling.

**Paragraph 1**: This hypothesis explores how radiation alters cellular lipid metabolism, leading to the production of bioactive lipid molecules (e.g., lipid peroxides) that modulate oxidative stress and indirectly influence FDXR activity. The novelty lies in shifting focus from direct gene regulation to metabolic intermediaries as drivers of radiation sensitivity. Lipid peroxidation could amplify oxidative signaling cascades, enhancing FDXR dose-dependent activation. This approach connects metabolic shifts to gene expression, offering a unique perspective on radiation biology.

**Paragraph 2**: Researchers could measure lipid profiles using mass spectrometry and correlate lipid peroxidation markers with FDXR activity under varying radiation doses. Inhibitors of lipid peroxidation or genetic knockouts of key enzymes (e.g., lipoxygenases) could test the hypothesis. Challenges include isolating lipid-specific effects from broader oxidative stress responses.

**Paragraph 3**: The idea is innovative, linking lipid metabolism to radiation responses. Explanatory power is moderate, as lipid intermediaries are indirect regulators of gene expression. Predictive capability is high, as lipid profiles can forecast FDXR activation. Falsifiability is robust through targeted experiments. Future research could explore lipid-targeted therapies to modulate radiation sensitivity.

**Approach**: connects metabolic shifts to gene expression, offering a unique perspective on radiation biology.  
**Paragraph 2**: Researchers could measure lipid profiles using mass spectrometry and correlate lipid peroxidation markers with FDXR activity under varying radiation doses. Inhibitors of lipid peroxidation or genetic knockouts of key enzymes (e.g., lipoxygenases) could test the hypothesis. Challenges include isolating lipid-specific effects from broader oxidative stress responses.  
**Paragraph 3**: The idea is innovative, linking lipid metabolism to radiation responses. Explanatory power is moderate, as lipid intermediaries are indirect regulators of gene expression. Predictive capability is high, as lipid profiles can forecast FDXR activation. Falsifiability is robust through targeted experiments. Future research could explore lipid-targeted therapies to modulate radiation sensitivity.  
**Approach**: Mass spectrometry, lipid peroxidation assays, enzyme inhibition, and dose-response analysis.

**Key References**: [Spiteller 2003], [Murphy 2009], [Helleday et al. 2014].



