IDEA 34 EVOLUTION LOG

================================================================================
TIMESTAMP: 2025-05-24 10:00:55
PHASE: New Idea (Significant Change), ROUND: 4
UNIQUE_ID: ce9afaee-95379964
================================================================================

## New Idea from Significant Change (Round 4)

This idea represents a significant change from Idea 27.

**Title**: further narrows its scope to mitochondrial-specific effects...

**Key Idea**: further narrows its scope to mitochondrial-specific effects on chromatin states, avoiding confounding oxidative stress responses. The novelty lies in linking mitochondrial ROS with targeted epigenetic modifications, explaining radiation sensitivity through localized chromatin remodeling.

**Paragraph 1**: This refinement integrates feedback by focusing on specific epigenetic mechanisms influenced by mitochondrial ROS rather than general chromatin accessibility. It proposes that mitochondrial ROS generated during radiation exposure mediate dose-dependent histone modifications (e.g., H3K4me3) and DNA methylation at the FDXR locus. The hypothesis further narrows its scope to mitochondrial-specific effects on chromatin states, avoiding confounding oxidative stress responses. The novelty lies in linking mitochondrial ROS with targeted epigenetic modifications, explaining radiation sensitivity through localized chromatin remodeling.

## Comparison with Original

### Original Idea (ID: 27)

**Title**: Lipid Peroxidation as a Driver of FDXR Regulation

**Key Idea**: Radiation modifies lipid metabolism pathways, producing bioactive lipid peroxides that regulate FDXR activity via oxidative stress signaling.

**Paragraph 1**: This refined hypothesis incorporates epigenetic feedback to strengthen the link between lipid metabolism and FDXR regulation. Radiation-induced alterations in lipid metabolism generate bioactive lipid peroxides, which amplify oxidative stress signaling and indirectly modulate chromatin accessibility at the FDXR locus. This idea shifts focus from direct gene regulation to metabolic intermediaries driving radiation sensitivity. The novelty lies in connecting lipid peroxidation with epigenetic mechanisms as a regulatory pathway for FDXR’s dose-dependent activation.

**Paragraph 2**: Researchers could measure lipid profiles using mass spectrometry, focusing on lipid peroxidation markers such as malondialdehyde and 4-HNE. Correlating these markers with chromatin accessibility changes at the FDXR locus using ChIP-seq and bisulfite sequencing would test the hypothesis. Genetic knockouts of key lipid metabolism enzymes (e.g., lipoxygenases) or pharmacological inhibitors of lipid peroxidation could isolate lipid-specific effects from broader oxidative stress responses. Challenges include disentangling lipid-mediated effects from mitochondrial ROS and controlling for dose saturation.

**Paragraph 3**: This refinement enhances explanatory power by linking lipid metabolism with epigenetic mechanisms of FDXR regulation. Predictive capability is strong, as lipid profiles and chromatin modifications can forecast radiation sensitivity. Falsifiability is robust through experiments targeting lipid peroxidation pathways. Innovation is strengthened by proposing bioactive lipids as modulators of radiation-induced epigenetic changes. Future research could explore lipid-targeted therapies to modulate chromatin states and radiation sensitivity.

**Approach**: Mass spectrometry, lipid peroxidation assays, ChIP-seq, bisulfite sequencing, enzyme knockouts, and pharmacological inhibitors.

**Key References**: [Spiteller 2003], [Jaenisch & Bird 2003], [Feinberg & Irizarry 2010], [Murphy 2009], [Helleday et al. 2014].

### Scientific Evaluation

| Criterion | Score |
|---|---:|
| Empirical Support | 7.0/10 |
| Theoretical Coherence | 8.0/10 |
| Explanatory Power | 9.0/10 |
| Predictive Capability | 8.0/10 |
| Falsifiability | 9.0/10 |
| Parsimony | 7.0/10 |
| Generalizability | 6.0/10 |
| Methodological Rigor | 7.0/10 |
| Innovation | 8.0/10 |
| Problem-Solving Utility | 6.0/10 |
| Interdisciplinary Impact | 7.0/10 |
| Ethical Considerations | 8.0/10 |
| Scalability | 6.0/10 |
| Replicability | 7.0/10 |
| Theoretical Foundation | 8.0/10 |
| Technological Feasibility | 7.0/10 |
| Risk Assessment | 6.0/10 |
| Sustainability | 7.0/10 |
| Societal Relevance | 6.0/10 |
| Future Research Potential | 8.0/10 |

### Detailed Evaluation

### Criterion 1 (Empirical Support)  
**Score: 7/10**  
**Explanation:** The idea aligns well with existing evidence on mitochondrial ROS and its role in radiation-induced cellular changes. However, specific empirical studies directly linking mitochondrial ROS with epigenetic modifications at the FDXR locus are lacking.  
**Suggestions for Improvement:** Conduct a systematic literature review to identify indirect evidence supporting the hypothesis. Design experiments to measure mitochondrial ROS levels and correlate them with epigenetic changes at the FDXR locus.  

---

### Criterion 2 (Theoretical Coherence)  
**Score: 8/10**  
**Explanation:** The hypothesis is logically consistent and integrates mitochondrial ROS and epigenetic modifications into a cohesive framework. The focus on chromatin remodeling avoids confounding factors.  
**Suggestions for Improvement:** Expand the theoretical framework to address alternative mechanisms by which mitochondrial ROS might affect chromatin states, ensuring robustness against criticism.

---

### Criterion 3 (Explanatory Power)  
**Score: 9/10**  
**Explanation:** The hypothesis provides a compelling explanation for the observed linear dose-response of FDXR sensitivity by connecting mitochondrial ROS to chromatin remodeling.  
**Suggestions for Improvement:** Incorporate quantitative modeling to estimate the dose-dependent relationship between mitochondrial ROS generation and specific epigenetic modifications.

---

### Criterion 4 (Predictive Capability)  
**Score: 8/10**  
**Explanation:** The idea generates testable predictions, such as dose-dependent histone modifications and DNA methylation patterns at FDXR.  
**Suggestions for Improvement:** Define specific biomarkers or experimental conditions to validate predictions, such as using radiation doses spanning the proposed range (0.01 Gy to 1.0 Gy).

---

### Criterion 5 (Falsifiability)  
**Score: 9/10**  
**Explanation:** The hypothesis is falsifiable; experimental evidence could refute the role of mitochondrial ROS in mediating epigenetic changes at FDXR.  
**Suggestions for Improvement:** Design experiments with controls to rule out other sources of ROS and oxidative stress responses.

---

### Criterion 6 (Parsimony)  
**Score: 7/10**  
**Explanation:** The hypothesis is relatively simple but could benefit from further simplification by focusing on fewer epigenetic markers or specific ROS pathways.  
**Suggestions for Improvement:** Narrow the scope to one or two key epigenetic modifications to reduce complexity.

---

### Criterion 7 (Generalizability)  
**Score: 6/10**  
**Explanation:** The hypothesis is specific to FDXR and mitochondrial ROS, limiting its applicability to other radiation-sensitive genes or pathways.  
**Suggestions for Improvement:** Explore whether similar ROS-mediated epigenetic mechanisms apply to other radiation-sensitive loci.

---

### Criterion 8 (Methodological Rigor)  
**Score: 7/10**  
**Explanation:** The proposed focus on mitochondrial-specific effects and chromatin remodeling is methodologically sound but requires validation through robust experimental techniques.  
**Suggestions for Improvement:** Employ advanced techniques such as chromatin immunoprecipitation sequencing (ChIP-seq) and mitochondrial ROS imaging.

---

### Criterion 9 (Innovation)  
**Score: 8/10**  
**Explanation:** The idea is novel in linking mitochondrial ROS with targeted epigenetic modifications. However, similar ideas may exist in broader oxidative stress research.  
**Suggestions for Improvement:** Emphasize the unique contribution of focusing on the FDXR locus and the linear dose-response.

---

### Criterion 10 (Problem-Solving Utility)  
**Score: 6/10**  
**Explanation:** The hypothesis addresses a key aspect of radiation sensitivity but may not directly lead to practical applications, such as radiation therapy optimization.  
**Suggestions for Improvement:** Identify potential applications, such as using FDXR epigenetic markers for radiation exposure biomarkers.

---

### Criterion 11 (Interdisciplinary Impact)  
**Score: 7/10**  
**Explanation:** The hypothesis bridges molecular biology, radiation physics, and epigenetics, but its impact across fields like clinical medicine or environmental science is unclear.  
**Suggestions for Improvement:** Highlight potential interdisciplinary applications, such as radiation safety or therapeutic interventions.

---

### Criterion 12 (Ethical Considerations)  
**Score: 8/10**  
**Explanation:** The idea poses minimal ethical concerns, as it focuses on basic molecular mechanisms.  
**Suggestions for Improvement:** Address ethical considerations in experimental designs involving human cell lines or animal models.

---

### Criterion 13 (Scalability)  
**Score: 6/10**  
**Explanation:** The hypothesis may face challenges in scaling experiments to higher doses or complex biological systems.  
**Suggestions for Improvement:** Test scalability by examining FDXR sensitivity across different cell types and tissues.

---

### Criterion 14 (Replicability)  
**Score: 7/10**  
**Explanation:** The hypothesis is replicable, provided standardized protocols for measuring mitochondrial ROS and epigenetic modifications are established.  
**Suggestions for Improvement:** Develop detailed experimental protocols to ensure consistent replication of results.

---

### Criterion 15 (Theoretical Foundation)  
**Score: 8/10**  
**Explanation:** The hypothesis is grounded in established knowledge about mitochondrial ROS and epigenetic regulation.  
**Suggestions for Improvement:** Incorporate findings from recent studies on radiation-induced epigenetic changes to strengthen the theoretical foundation.

---

### Criterion 16 (Technological Feasibility)  
**Score: 7/10**  
**Explanation:** Advanced technologies like ChIP-seq and ROS imaging are required, which are feasible but resource-intensive.  
**Suggestions for Improvement:** Identify cost-effective alternatives for studying chromatin remodeling and mitochondrial ROS.

---

### Criterion 17 (Risk Assessment)  
**Score: 6/10**  
**Explanation:** The main risks include potential confounding factors and oversimplification of ROS-mediated mechanisms.  
**Suggestions for Improvement:** Incorporate controls to address confounding factors and validate findings across multiple experimental systems.

---

### Criterion 18 (Sustainability)  
**Score: 7/10**  
**Explanation:** The research is resource-efficient but depends on advanced technologies that may limit long-term viability.  
**Suggestions for Improvement:** Explore collaborations to share resources and expertise, reducing individual research costs.

---

### Criterion 19 (Societal Relevance)  
**Score: 6/10**  
**Explanation:** The hypothesis has limited direct societal relevance but could contribute to radiation exposure biomarker research.  
**Suggestions for Improvement:** Investigate potential applications, such as public health monitoring of radiation exposure.

---

### Criterion 20 (Future Research Potential)  
**Score: 8/10**  
**Explanation:** The hypothesis opens new avenues for studying mitochondrial-specific epigenetic mechanisms in radiation biology.  
**Suggestions for Improvement:** Propose follow-up studies exploring ROS-mediated epigenetic changes in other contexts, such as aging or cancer.  

--- 

This evaluation provides a comprehensive assessment of the hypothesis and identifies areas for refinement to enhance its scientific robustness and broader impact.

### Metadata

- Generation Type: New (Significant Change)
- Parent Idea: 27
- Created as new idea due to significant change


================================================================================
TIMESTAMP: 2025-05-24 10:01:35
PHASE: Tournament Round 4, ROUND: 4, ELO SCORE: 1202.6
UNIQUE_ID: ce9afaee-95379964
================================================================================

## Tournament Results (Round 4)

**Rank:** 4 out of 5
**ELO Rating:** 1202.6

### Idea

**Title**: further narrows its scope to mitochondrial-specific effects...

**Key Idea**: further narrows its scope to mitochondrial-specific effects on chromatin states, avoiding confounding oxidative stress responses. The novelty lies in linking mitochondrial ROS with targeted epigenetic modifications, explaining radiation sensitivity through localized chromatin remodeling.

**Paragraph 1**: This refinement integrates feedback by focusing on specific epigenetic mechanisms influenced by mitochondrial ROS rather than general chromatin accessibility. It proposes that mitochondrial ROS generated during radiation exposure mediate dose-dependent histone modifications (e.g., H3K4me3) and DNA methylation at the FDXR locus. The hypothesis further narrows its scope to mitochondrial-specific effects on chromatin states, avoiding confounding oxidative stress responses. The novelty lies in linking mitochondrial ROS with targeted epigenetic modifications, explaining radiation sensitivity through localized chromatin remodeling.



