IDEA 13 EVOLUTION LOG

================================================================================
TIMESTAMP: 2025-05-24 09:54:26
PHASE: Initial Generation, ROUND: 1
UNIQUE_ID: 314bdc1e-7d19ded2
================================================================================

## Initial Idea

**Title**: Use ROS probes, CRISPR knockout, and dose-response...

**Approach**: Use ROS probes, CRISPR knockout, and dose-response analysis in radiation-exposed cells.

## Scientific Evaluation

| Criterion | Score |
|---|---:|
| Empirical Support | 8.0/10 |
| Theoretical Coherence | 7.0/10 |
| Explanatory Power | 8.0/10 |
| Predictive Capability | 7.0/10 |
| Falsifiability | 9.0/10 |
| Parsimony | 6.0/10 |
| Generalizability | 7.0/10 |
| Methodological Rigor | 8.0/10 |
| Innovation | 7.0/10 |
| Problem-Solving Utility | 8.0/10 |
| Interdisciplinary Impact | 7.0/10 |
| Ethical Considerations | 9.0/10 |
| Scalability | 7.0/10 |
| Replicability | 8.0/10 |
| Theoretical Foundation | 8.0/10 |
| Technological Feasibility | 9.0/10 |
| Risk Assessment | 7.0/10 |
| Sustainability | 7.0/10 |
| Societal Relevance | 8.0/10 |
| Future Research Potential | 9.0/10 |

## Detailed Evaluation

### Criterion 1 (Empirical Support)
**Score: 8/10**  
The approach to use ROS probes, CRISPR knockout, and dose-response analysis aligns well with existing evidence showing that radiation can induce oxidative stress and DNA damage, and FDXR has been implicated in these pathways. Empirical results from previous studies support the relevance of ROS and gene knockout techniques in studying radiation sensitivity.  
**Suggestions for Improvement:** Provide a stronger justification using specific literature references that support the use of ROS probes and CRISPR to interrogate FDXR's role directly.

---

### Criterion 2 (Theoretical Coherence)
**Score: 7/10**  
The idea is theoretically coherent; linking FDXR sensitivity to oxidative stress via ROS probes and gene knockout is logical. However, the linear dose-response relationship across such a wide range requires a more elaborate theoretical framework to explain why this occurs.  
**Suggestions for Improvement:** Develop a detailed rationale for why FDXR exhibits a linear response, potentially involving the kinetics of ROS generation or DNA repair mechanisms.

---

### Criterion 3 (Explanatory Power)
**Score: 8/10**  
This approach has strong potential to clarify the mechanisms underlying FDXR sensitivity to low-dose radiation and its linear dose-response. CRISPR knockout can pinpoint the gene's direct involvement, and ROS probes can reveal oxidative stress dynamics.  
**Suggestions for Improvement:** Incorporate additional assays, such as transcriptomics or proteomics, to provide a more comprehensive explanation of FDXR's behavior under radiation exposure.

---

### Criterion 4 (Predictive Capability)
**Score: 7/10**  
The methodology offers opportunities for predictive modeling, such as how FDXR responds to varying radiation doses or oxidative stress levels. However, predictions about linearity across orders of magnitude need further theoretical backing.  
**Suggestions for Improvement:** Use mathematical modeling or machine learning to predict dose-response curves based on collected data.

---

### Criterion 5 (Falsifiability)
**Score: 9/10**  
The approach is highly falsifiable; experiments can directly test whether FDXR knockout affects radiation sensitivity or ROS dynamics, and dose-response curves can be empirically measured.  
**Suggestions for Improvement:** Ensure clear controls and alternative hypotheses are in place to strengthen the ability to disprove assumptions.

---

### Criterion 6 (Parsimony)
**Score: 6/10**  
While the approach is straightforward, combining ROS probes, CRISPR knockout, and dose-response analysis involves multiple experimental techniques, which may complicate implementation.  
**Suggestions for Improvement:** Streamline the methodology by focusing on the most critical experiments first, such as CRISPR knockout coupled with a single ROS probe assay.

---

### Criterion 7 (Generalizability)
**Score: 7/10**  
The findings could generalize to other genes involved in radiation sensitivity or oxidative stress pathways, but the focus on FDXR limits generalizability.  
**Suggestions for Improvement:** Explore whether similar linear dose-response relationships exist for other genes or oxidative stress markers.

---

### Criterion 8 (Methodological Rigor)
**Score: 8/10**  
The use of CRISPR and ROS probes represents state-of-the-art methodologies, and dose-response analysis is robust. However, careful experimental design is needed to ensure reproducibility and accuracy.  
**Suggestions for Improvement:** Incorporate additional controls and replicate experiments in multiple cell lines to ensure rigor.

---

### Criterion 9 (Innovation)
**Score: 7/10**  
The idea is innovative in combining targeted gene editing with oxidative stress analysis for radiation sensitivity, but these methods are relatively well-established.  
**Suggestions for Improvement:** Innovate further by integrating cutting-edge techniques like single-cell sequencing or live-cell imaging.

---

### Criterion 10 (Problem-Solving Utility)
**Score: 8/10**  
This approach has practical utility, as understanding FDXR's radiation sensitivity could inform radiation therapy or radioprotection strategies.  
**Suggestions for Improvement:** Explicitly outline how the findings could translate into clinical or industrial applications.

---

### Criterion 11 (Interdisciplinary Impact)
**Score: 7/10**  
The research has implications for radiobiology, genetics, and molecular biology, but its interdisciplinary impact could be broader with applications in oncology or environmental sciences.  
**Suggestions for Improvement:** Collaborate with researchers in these fields to expand the scope and impact of the study.

---

### Criterion 12 (Ethical Considerations)
**Score: 9/10**  
The research appears ethically sound, particularly since it uses cell-based models and avoids direct human or animal experimentation.  
**Suggestions for Improvement:** Consider downstream ethical implications, such as clinical applications requiring genetic modification.

---

### Criterion 13 (Scalability)
**Score: 7/10**  
The approach is scalable across different experimental systems, but scalability to in vivo models or clinical settings may pose challenges.  
**Suggestions for Improvement:** Test scalability in higher-order models, such as organoids or animal systems.

---

### Criterion 14 (Replicability)
**Score: 8/10**  
CRISPR and ROS probes are well-established methods with high reproducibility potential if properly executed.  
**Suggestions for Improvement:** Standardize protocols and validate findings across multiple labs.

---

### Criterion 15 (Theoretical Foundation)
**Score: 8/10**  
The approach is grounded in established knowledge of radiation-induced oxidative stress and gene sensitivity; however, the linear dose-response aspect needs deeper theoretical exploration.  
**Suggestions for Improvement:** Provide a more robust theoretical model for explaining the linearity.

---

### Criterion 16 (Technological Feasibility)
**Score: 9/10**  
The required technologies (CRISPR, ROS probes, dose-response assays) are readily available and widely used in research.  
**Suggestions for Improvement:** Ensure access to high-quality reagents and equipment to maximize feasibility.

---

### Criterion 17 (Risk Assessment)
**Score: 7/10**  
The use of CRISPR involves standard risks, such as off-target effects, and radiation experiments can pose safety challenges.  
**Suggestions for Improvement:** Implement thorough safety protocols for radiation exposure and verify CRISPR targeting specificity.

---

### Criterion 18 (Sustainability)
**Score: 7/10**  
The experiments rely on consumables like probes and reagents, which may pose challenges for resource efficiency.  
**Suggestions for Improvement:** Explore ways to minimize waste or use reusable components.

---

### Criterion 19 (Societal Relevance)
**Score: 8/10**  
Understanding radiation sensitivity has significant implications for public health, radiotherapy, and environmental safety.  
**Suggestions for Improvement:** Communicate the potential societal benefits more explicitly in research proposals.

---

### Criterion 20 (Future Research Potential)
**Score: 9/10**  
This research could open doors to studying other genes with similar dose-response characteristics or exploring broader applications in radiobiology.  
**Suggestions for Improvement:** Propose follow-up experiments to study related genes or pathways.

--- 

This comprehensive evaluation provides scores across all criteria, along with explanations and suggestions for improving the idea's robustness and impact.



================================================================================
TIMESTAMP: 2025-05-24 09:54:44
PHASE: Reflection, ROUND: 1
UNIQUE_ID: 314bdc1e-7d19ded2
================================================================================

**Title**: Use ROS probes, CRISPR knockout, and dose-response...

**Approach**: Use ROS probes, CRISPR knockout, and dose-response analysis in radiation-exposed cells.

--- REFLECTION FEEDBACK ---

### **Analysis of Ideas**

Below is a structured analysis of the first three ideas (FDXR Epigenetic Modifications, Mitochondrial Stress Amplification, and MicroRNA Regulation of FDXR). Each idea is evaluated for plausibility, novelty, potential flaws, and citation quality. Suggestions for improvement and additional references are included.

---

### **1. FDXR Epigenetic Modifications in Radiation Response**

**Hypothesis**: Radiation-induced epigenetic modifications (e.g., methylation, histone acetylation) regulate FDXR expression in a dose-dependent manner, explaining its linear dose-response to radiation.

#### **Plausibility**
- **Strengths**: Epigenetic regulation is well-established in environmental responses (e.g., [Jaenisch & Bird 2003]). The hypothesis aligns with known mechanisms of transcriptional control through chromatin accessibility. Dose-dependent epigenetic changes have been observed in radiation studies (e.g., [Zhang et al. 2020]).
- **Weaknesses**: Evidence directly linking epigenetic modifications to the specific dose-response of FDXR is limited. Existing studies on epigenetic responses to radiation often focus on global changes, but specific gene-level effects need more targeted investigation.

#### **Novelty**
- **Strengths**: The idea of connecting epigenetics to a specific gene's linear radiation sensitivity is innovative. It extends current knowledge of radiation biology by proposing fine-grained transcriptional regulation mechanisms.
- **Weaknesses**: Epigenetic regulation of radiation-sensitive genes has been previously explored ([Zhang et al. 2020]), reducing novelty unless FDXR-specific mechanisms are experimentally validated.

#### **Potential Flaws**
1. **Complexity of Dose Effects**: Radiation-induced epigenetic changes may overlap with indirect effects (e.g., oxidative damage, signaling cascades), complicating attribution to direct radiation effects.
2. **Technical Challenges**: Disentangling chromatin-specific effects from other regulatory mechanisms requires high-resolution methods (e.g., single-cell sequencing).
3. **Limited Dynamic Range**: While the hypothesis accounts for linear dose responses, epigenetic mechanisms might saturate at higher doses, requiring additional feedback mechanisms.

#### **Citation Quality**
- **Relevant**: [Jaenisch & Bird 2003] provides foundational knowledge on epigenetics. [Zhang et al. 2020] supports radiation-induced epigenetic changes.
- **Missing References**:
  - Studies on gene-specific epigenetic regulation under radiation exposure ([Feinberg & Irizarry 2010], [Helleday et al. 2014]).
  - Research connecting chromatin accessibility to transcriptional dynamics ([Buenrostro et al. 2015]).

#### **Recommendations for Improvement**
1. **Experimental Validation**: Perform ChIP-seq and bisulfite sequencing on FDXR loci post-radiation exposure. Include single-cell ATAC-seq to resolve chromatin accessibility changes.
2. **Predictive Modeling**: Develop computational models simulating dose-dependent epigenetic dynamics.
3. **Additional Citations**: Integrate studies like [Feinberg & Irizarry 2010] (epigenetic stochasticity) and [Helleday et al. 2014] (DNA damage-related epigenetic responses).

---

### **2. Mitochondrial Stress Amplification in FDXR Radiation Sensitivity**

**Hypothesis**: Mitochondrial ROS amplify cellular stress signaling, leading to dose-proportional FDXR activation.

#### **Plausibility**
- **Strengths**: Mitochondrial ROS are known to mediate cellular stress responses under radiation ([Murphy 2009]). The hypothesis is supported by established roles of oxidative stress in dose-dependent gene activation ([Schieber & Chandel 2014]).
- **Weaknesses**: Evidence linking ROS amplification to FDXR activation is indirect. ROS effects are often pleiotropic, affecting multiple pathways beyond transcriptional regulation.

#### **Novelty**
- **Strengths**: Linking mitochondrial dynamics to FDXR's linear dose response is an original extension of oxidative stress biology.
- **Weaknesses**: Mitochondrial stress amplification is a well-studied concept ([Murphy 2009]), and its application to FDXR may not represent a groundbreaking advance unless experimentally validated.

#### **Potential Flaws**
1. **ROS Complexity**: Radiation-induced ROS are not exclusively mitochondrial; cytosolic and nuclear ROS may confound results.
2. **Feedback Saturation**: Linear dose responses might break down at high ROS levels due to cellular damage thresholds.
3. **Specificity of FDXR**: The hypothesis assumes FDXR's role is central to stress signaling, which may overlook parallel pathways.

#### **Citation Quality**
- **Relevant**: [Murphy 2009] and [Schieber & Chandel 2014] provide strong theoretical support for ROS-mediated stress responses.
- **Missing References**:
  - Studies on mitochondrial-specific ROS signaling ([Brand 2010]).
  - Research on radiation-induced mitochondrial dysfunction ([Lee et al. 2012]).

#### **Recommendations for Improvement**
1. **Experimental Validation**: Measure mitochondrial ROS (e.g., MitoSOX fluorescence) alongside FDXR expression. Use CRISPR knockout and pharmacological ROS modulators.
2. **Expand Scope**: Investigate ROS effects in other radiation-sensitive genes to contextualize FDXR's role.
3. **Additional Citations**: Include [Brand 2010] (mitochondrial ROS signaling) and [Lee et al. 2012] (radiation-specific mitochondrial dysfunction).

---

### **3. MicroRNA Regulation of FDXR in Radiation Response**

**Hypothesis**: Radiation exposure induces specific miRNAs that target FDXR mRNA, fine-tuning its expression in a dose-dependent manner.

#### **Plausibility**
- **Strengths**: miRNAs are established regulators of stress responses ([Bartel 2004]). Radiation-induced miRNAs have been documented ([Tomasetti et al. 2012]), making the hypothesis plausible.
- **Weaknesses**: Dose-dependent miRNA induction remains poorly understood. Radiation's effects on miRNA biogenesis and stability require further study.

#### **Novelty**
- **Strengths**: The hypothesis introduces miRNAs as dose-sensing elements, a novel angle in radiation biology.
- **Weaknesses**: While miRNA-mediated regulation is innovative, its application to FDXR needs experimental substantiation. Similar hypotheses have been proposed for other genes ([Tomasetti et al. 2012]).

#### **Potential Flaws**
1. **Specificity of miRNAs**: Radiation induces a broad spectrum of miRNAs, complicating identification of FDXR-specific regulators.
2. **Indirect Effects**: miRNA regulation often involves secondary pathways, complicating direct attribution to FDXR expression.
3. **Feedback Mechanisms**: Linear dose responses might require complex miRNA feedback loops, which can be difficult to model.

#### **Citation Quality**
- **Relevant**: [Bartel 2004] provides foundational knowledge on miRNA biology. [Tomasetti et al. 2012] supports radiation-induced miRNA regulation.
- **Missing References**:
  - Studies on radiation-induced miRNA profiles ([Lu et al. 2005]).
  - Research on miRNA-target interactions ([Lim et al. 2005]).

#### **Recommendations for Improvement**
1. **Experimental Validation**: Use small RNA sequencing to profile miRNAs post-radiation. Validate FDXR-specific interactions with luciferase reporter assays.
2. **Predictive Models**: Develop computational models linking radiation dose to miRNA dynamics and FDXR expression.
3. **Additional Citations**: Include [Lu et al. 2005] (miRNA profiles under radiation) and [Lim et al. 2005] (miRNA-target validation).

---

### **Conclusion**
Each hypothesis is theoretically plausible but requires stronger experimental validation and additional references to improve robustness. Novelty is moderate across all three ideas, with potential breakthroughs dependent on specific experimental results. Suggestions for improved methodology and expanded citation bases are provided to enhance the scientific rigor of these ideas.

================================================================================
TIMESTAMP: 2025-05-24 09:54:56
PHASE: Proximity Check, ROUND: 1
UNIQUE_ID: 314bdc1e-7d19ded2
================================================================================

**Title**: Use ROS probes, CRISPR knockout, and dose-response...

**Approach**: Use ROS probes, CRISPR knockout, and dose-response analysis in radiation-exposed cells.

--- PROXIMITY CHECK FEEDBACK ---

### Evaluation of Alignment with Research Goal:

#### Research Goal:
"I would like you to propose many ideas that explain the radiation sensitivity of FDXR to low-dose and explain its nearly linear dose response over many orders of magnitude dose from 0.01 Gy to 1.0 Gy."

The proposed ideas generally align with the research goal. Each idea explores mechanisms that could explain FDXR's radiation sensitivity and linear dose-response, proposing experimental approaches to validate the hypotheses. Below is a proximity check for each idea, along with any concerns, suggestions for improvement, and citations.

---

### **1. FDXR Epigenetic Modifications in Radiation Response**
#### Evaluation:
- **Alignment**: Strongly aligned. Epigenetic mechanisms such as DNA methylation and histone acetylation are plausible explanations for dose-dependent gene expression regulation.
- **Ethics/Feasibility**: No ethical concerns. Feasible using modern molecular biology techniques (e.g., ChIP-seq, bisulfite sequencing).
- **Scope**: Within scope. Exploring radiation-induced epigenetic changes directly addresses the research goal.
- **Citations**: [Jaenisch & Bird 2003] is relevant (epigenetics), but additional citations on radiation-induced epigenetic modifications could enhance the idea. Suggest adding [Kim et al. 2019] (radiation-induced epigenetic changes) and [Sharma et al. 2010] (chromatin remodeling in stress responses).

---

### **2. Mitochondrial Stress Amplification in FDXR Radiation Sensitivity**
#### Evaluation:
- **Alignment**: Strongly aligned. Mitochondrial stress and ROS are known mediators of radiation responses and could explain FDXR's linear dose-response.
- **Ethics/Feasibility**: No ethical concerns. Feasible using established methods such as ROS probes and CRISPR.
- **Scope**: Within scope. Investigating mitochondrial dynamics and oxidative stress could uncover mechanisms underlying FDXR sensitivity.
- **Citations**: [Murphy 2009] and [Schieber & Chandel 2014] are relevant (ROS and mitochondrial signaling). Suggest adding [Finkel et al. 2011] (oxidative stress in cellular signaling) and [D’Autréaux & Toledano 2007] (ROS roles in stress responses).

---

### **3. MicroRNA Regulation of FDXR in Radiation Response**
#### Evaluation:
- **Alignment**: Strongly aligned. MicroRNAs are well-known regulators of gene expression and could plausibly mediate dose-dependent FDXR modulation.
- **Ethics/Feasibility**: No ethical concerns. Feasible using small RNA sequencing, luciferase assays, and miRNA overexpression/inhibition experiments.
- **Scope**: Within scope. Exploring miRNA-mediated regulation directly addresses the research goal.
- **Citations**: [Zhang et al. 2020] is relevant (miRNA roles), but additional citations on radiation-induced miRNA changes would strengthen this idea. Suggest adding [Leung & Sharp 2010] (miRNA in stress responses) and [Cha et al. 2019] (radiation-induced miRNAs).

---

### Suggestions for Specific Titles and Paragraphs:
1. Ensure titles clearly reflect the research hypothesis or mechanism. For instance:
   - "FDXR Epigenetic Modifications in Radiation Response" could be rephrased as "Radiation-Induced Epigenetic Regulation of FDXR and Dose-Dependent Gene Expression."
   - "Mitochondrial Stress Amplification in FDXR Radiation Sensitivity" could be rephrased as "Mitochondrial ROS Amplification as a Mechanism for FDXR Sensitivity to Low-Dose Radiation."

2. The untitled ideas should be integrated into their respective hypothesis sections for coherence. Provide concise titles or merge them.

---

### Ethical, Feasibility, and Scope Concerns:
None of the ideas raise ethical concerns, and all are scientifically feasible using current technologies. All ideas stay within the scope of the research goal.

---

### Citation Verification and Suggestions:
- **[Jaenisch & Bird 2003]**: Relevant for epigenetic mechanisms.
- **[Zhang et al. 2020]**: Relevant for miRNA roles in stress and radiation.
- **[Murphy 2009], [Schieber & Chandel 2014]**: Both are relevant for mitochondrial ROS and oxidative stress.

### Additional Suggested Citations:
- **Epigenetic Modifications**: [Kim et al. 2019], [Sharma et al. 2010]
- **Mitochondrial Stress**: [Finkel et al. 2011], [D’Autréaux & Toledano 2007]
- **MicroRNA Regulation**: [Leung & Sharp 2010], [Cha et al. 2019]

---

### Recommendations for Improvement:
1. **Incorporate Additional Citations**: Expand references to include more domain-specific studies on radiation effects on epigenetics, mitochondrial stress, and miRNA regulation.
2. **Clarify Experimental Approaches**: Some approaches (e.g., ChIP-seq, bisulfite sequencing) should specify controls and validation methods to strengthen feasibility.
3. **Integrate Untitled Ideas**: Merge untitled ideas into the main hypotheses for better coherence.
4. **Generalization**: Consider discussing how findings might apply to other radiation-sensitive genes, adding broader relevance to the research.

With these adjustments, the ideas will remain strongly aligned with the research goal while enhancing scientific rigor and clarity.

================================================================================
TIMESTAMP: 2025-05-24 09:54:56
PHASE: Tournament Results, ELO SCORE: 1200.8
UNIQUE_ID: ad0b12b4-d5724891
================================================================================

Tournament Summary

Final ELO Rating: 1200.8

Vector scores by criterion:
Empirical Support        : 7.7
Theoretical Coherence    : 7.7
Explanatory Power        : 7.7
Predictive Capability    : 7.7
Falsifiability           : 7.7
Parsimony                : 7.7
Generalizability         : 7.7
Methodological Rigor     : 7.7
Innovation               : 7.7
Problem-Solving Utility  : 7.7
Interdisciplinary Impact : 7.7
Ethical Considerations   : 7.7
Scalability              : 7.7
Replicability            : 7.7
Theoretical Foundation   : 7.7
Technological Feasibility: 7.7
Risk Assessment          : 7.7
Sustainability           : 7.7
Societal Relevance       : 7.7
Future Research Potential: 7.7

Matchup Results (10 matches):

Vs. Idea 12 (ELO: 1208.4)
Result: Lost
Score: 0.479

Vs. Idea 4 (ELO: 1233.9)
Result: Lost
Score: 0.389

Vs. Idea 18 (ELO: 1211.3)
Result: Lost
Score: 0.480

Vs. Idea 8 (ELO: 1204.7)
Result: Lost
Score: 0.490

Vs. Idea 5 (ELO: 1204.9)
Result: Lost
Score: 0.490

Vs. Idea 3 (ELO: 1190.3)
Result: Won
Score: 0.571

Vs. Idea 17 (ELO: 1210.6)
Result: Lost
Score: 0.490

Vs. Idea 14 (ELO: 1180.0)
Result: Won
Score: 0.575

Vs. Idea 2 (ELO: 1213.4)
Result: Lost
Score: 0.481

Vs. Idea 6 (ELO: 1208.0)
Result: Lost
Score: 0.479


================================================================================
TIMESTAMP: 2025-05-24 09:54:56
PHASE: Tournament Round 1, ROUND: 1, ELO SCORE: 1208.4
UNIQUE_ID: 314bdc1e-7d19ded2
================================================================================

## Tournament Results (Round 1)

**Rank:** 6 out of 18
**ELO Rating:** 1208.4

### Idea

**Title**: Use ROS probes, CRISPR knockout, and dose-response...

**Approach**: Use ROS probes, CRISPR knockout, and dose-response analysis in radiation-exposed cells.



================================================================================
TIMESTAMP: 2025-05-24 09:55:07
PHASE: Round Summary, ROUND: 1
UNIQUE_ID: 314bdc1e-7d19ded2
================================================================================

**Title**: Use ROS probes, CRISPR knockout, and dose-response...

**Approach**: Use ROS probes, CRISPR knockout, and dose-response analysis in radiation-exposed cells.

--- ROUND 1 SUMMARY ---

### Summary of Round 1 Results:

#### Current State of Top Ideas:

1. **FDXR Epigenetic Modifications in Radiation Response**:
   - **Strengths**: Strong theoretical foundation in epigenetic regulation and its role in environmental responses, supported by relevant citations such as [Jaenisch & Bird 2003]. The hypothesis is innovative in targeting gene-specific epigenetic mechanisms for dose-dependent regulation of FDXR.
   - **Weaknesses**: Limited direct evidence linking epigenetic modifications to FDXR's linear dose-response. Technical challenges in disentangling chromatin-specific effects from other regulatory mechanisms were noted.
   - **Suggestions**: Experimental validation (e.g., ChIP-seq, bisulfite sequencing) and predictive modeling were proposed as next steps for refinement. Citation gaps were identified, with recommendations to add studies like [Feinberg & Irizarry 2010] and [Helleday et al. 2014].

2. **Mitochondrial Stress Amplification in FDXR Radiation Sensitivity**:
   - **Strengths**: The idea is highly plausible, leveraging well-documented roles of mitochondrial ROS in cellular stress and radiation responses ([Murphy 2009], [Schieber & Chandel 2014]). It proposes a novel link between mitochondrial dynamics and FDXR activation.
   - **Weaknesses**: Limited specificity of ROS effects to FDXR; pleiotropic effects of ROS could confound results. Concerns were raised about potential saturation of stress responses at higher radiation doses.
   - **Suggestions**: Experimental validation using ROS probes and CRISPR knockout approaches was recommended, along with broader investigations into ROS effects across other radiation-sensitive genes. Suggested citations include [Brand 2010] and [Lee et al. 2012].

3. **MicroRNA Regulation of FDXR in Radiation Response**:
   - **Strengths**: MicroRNA-mediated regulation is plausible and introduces novel dose-sensing mechanisms in radiation biology ([Bartel 2004], [Tomasetti et al. 2012]).
   - **Weaknesses**: Challenges in identifying FDXR-specific miRNAs due to the broad spectrum of radiation-induced miRNAs. Feedback mechanisms required for linear dose responses may complicate modeling.
   - **Suggestions**: Experimental validation using small RNA sequencing and luciferase assays was proposed. Computational models linking radiation dose to miRNA dynamics were also recommended. Citation gaps were noted, with suggestions to include [Lu et al. 2005] and [Lim et al. 2005].

#### Key Improvements Made This Round:

1. **Detailed Analysis**: The Reflection agent provided structured evaluations of the top ideas, uncovering theoretical strengths, weaknesses, and experimental gaps. This systematic approach clarified the scientific foundations and highlighted areas needing further validation.
2. **Alignment with Research Goal**: The Proximity Check confirmed that all ideas were strongly aligned with the goal of explaining FDXR's radiation sensitivity and linear dose response. Ethical and feasibility considerations were addressed, and experimental approaches were deemed practical.
3. **Expanded Citation Base**: Reflection and Proximity Check agents collectively identified relevant citations to strengthen each idea, including foundational studies on epigenetics, mitochondrial stress, and microRNA biology.
4. **Experimental Pathways**: Concrete experimental techniques (e.g., ChIP-seq, bisulfite sequencing, ROS probes, small RNA sequencing, luciferase assays) were proposed to validate hypotheses.

#### Emerging Patterns or Trends:

1. **Focus on Molecular Mechanisms**: All top ideas converge on molecular-level explanations for FDXR's radiation sensitivity, involving transcriptional regulation (epigenetics), stress signaling (ROS), and post-transcriptional control (miRNAs).
2. **Dose-Dependent Dynamics**: A recurring theme is the exploration of dose-dependent changes, whether through chromatin accessibility, mitochondrial ROS amplification, or miRNA biogenesis.
3. **Experimental Validation as Priority**: Across all ideas, experimental validation was emphasized as the next critical step to establish causality and specificity of the proposed mechanisms.
4. **Broad Applicability**: While focused on FDXR, several agents suggested exploring generalization to other radiation-sensitive genes, which could increase the impact of findings.

#### Recommendations for Next Round:

1. **Strengthen Experimental Design**:
   - For epigenetic modifications, implement single-cell ATAC-seq to enhance resolution of chromatin accessibility changes.
   - For mitochondrial stress amplification, combine ROS probes with dose-response analysis of FDXR and other radiation-sensitive genes.
   - For miRNA regulation, prioritize small RNA sequencing and target validation assays (e.g., luciferase reporter systems).

2. **Expand Citation Base**:
   - Incorporate suggested references ([Feinberg & Irizarry 2010], [Brand 2010], [Lu et al. 2005]) to address gaps in supporting evidence.
   - Explore additional studies on radiation-induced epigenetic changes, mitochondrial dysfunction, and miRNA dynamics to strengthen hypotheses.

3. **Refine Hypotheses**:
   - Integrate feedback on potential flaws, such as saturation effects at high doses and pleiotropic ROS responses, into revised models.
   - Consider multi-factorial mechanisms that combine epigenetic, ROS, and miRNA effects to explain FDXR's linear dose response.

4. **Prioritize Generalization**:
   - Investigate how findings on FDXR might apply to other genes with similar radiation sensitivity, broadening the relevance of the research.

By addressing experimental gaps and refining hypotheses, the next round can build on the strong foundation established in Round 1 to advance understanding of FDXR's radiation sensitivity and linear dose response.

