IDEA 30 EVOLUTION LOG

================================================================================
TIMESTAMP: 2025-05-24 09:59:09
PHASE: New Idea, ROUND: 3
UNIQUE_ID: 430b03f9-17573fd3
================================================================================

## New Idea (Generated in Round 3)

**Title**: Cellular Calcium Signaling in Radiation-Induced FDXR Regulation

**Key Idea**: Radiation-induced disruptions in calcium signaling regulate FDXR activation by modulating cellular stress pathways.

**Paragraph 1**: This novel hypothesis proposes that radiation exposure alters intracellular calcium signaling, which indirectly regulates FDXR activity through stress-mediated pathways. Calcium ions play critical roles in oxidative stress responses and gene regulation, and radiation-induced disruptions in calcium homeostasis could amplify the transcriptional activation of FDXR. The novelty lies in examining calcium signaling as a mediator of radiation sensitivity, moving beyond ROS and epigenetic mechanisms to explore ion-based regulatory processes.

**Paragraph 2**: Experimental validation could involve measuring intracellular calcium fluxes using calcium-sensitive fluorescent dyes (e.g., Fluo-4) and correlating these changes with FDXR expression using RNA-seq. Pharmacological agents modulating calcium channels (e.g., blockers or activators) could test the causal relationship. Calcium signaling pathways could be further dissected using genetic knockouts of calcium-binding proteins (e.g., calmodulin). Challenges include isolating calcium-specific effects from broader oxidative stress responses and accounting for dose-dependent variability in calcium dynamics.

**Paragraph 3**: This idea is innovative and theoretically coherent, introducing a new regulatory pathway for FDXR activation. Predictive capability is moderate, as calcium fluxes might indirectly influence gene expression. Falsifiability is robust through targeted experiments manipulating calcium signaling. This approach expands the scope of radiation biology by exploring ion-mediated signaling processes. Future research could investigate calcium signaling as a potential therapeutic target for modulating radiation sensitivity.

**Approach**: expands the scope of radiation biology by exploring ion-mediated signaling processes. Future research could investigate calcium signaling as a potential therapeutic target for modulating radiation sensitivity.

**Key References**: [Clapham 2007], [Berridge et al. 2000], [Helleday et al. 2014].

### Scientific Evaluation

| Criterion | Score |
|---|---:|
| Empirical Support | 5.0/10 |
| Theoretical Coherence | 5.0/10 |
| Explanatory Power | 5.0/10 |
| Predictive Capability | 5.0/10 |
| Falsifiability | 5.0/10 |
| Parsimony | 5.0/10 |
| Generalizability | 5.0/10 |
| Methodological Rigor | 5.0/10 |
| Innovation | 5.0/10 |
| Problem-Solving Utility | 5.0/10 |
| Interdisciplinary Impact | 5.0/10 |
| Ethical Considerations | 5.0/10 |
| Scalability | 5.0/10 |
| Replicability | 5.0/10 |
| Theoretical Foundation | 5.0/10 |
| Technological Feasibility | 5.0/10 |
| Risk Assessment | 5.0/10 |
| Sustainability | 5.0/10 |
| Societal Relevance | 5.0/10 |
| Future Research Potential | 5.0/10 |

### Detailed Evaluation

**Criterion 1 (Empirical Support)**
- **Score:** 6/10  
- **Explanation:** The idea is consistent with established evidence on calcium signaling and its role in cellular stress responses (e.g., oxidative stress), but lacks direct evidence linking calcium signaling to FDXR regulation specifically.  
- **Suggestions:** Conduct a literature review to identify any existing studies on calcium signaling and FDXR regulation. Preliminary experiments measuring FDXR expression under conditions of altered calcium signaling would strengthen empirical support.

---

**Criterion 2 (Theoretical Coherence)**  
- **Score:** 8/10  
- **Explanation:** The hypothesis is logically consistent, integrating radiation biology and calcium signaling into a coherent framework. The pathways proposed are plausible and align with existing knowledge of cellular stress mechanisms.  
- **Suggestions:** Elaborate on the specific molecular mechanisms connecting calcium signaling to FDXR activation to enhance clarity.

---

**Criterion 3 (Explanatory Power)**  
- **Score:** 7/10  
- **Explanation:** The idea provides a compelling explanation for radiation sensitivity and the linear dose response of FDXR but might struggle to fully account for dose-dependent variability in calcium dynamics.  
- **Suggestions:** Explore how calcium signaling dynamics change across the dose range from 0.01 Gy to 1.0 Gy to improve explanatory power.

---

**Criterion 4 (Predictive Capability)**  
- **Score:** 7/10  
- **Explanation:** The hypothesis makes testable predictions, such as changes in calcium fluxes correlating with FDXR expression, but these predictions require refinement to account for potential confounding factors like ROS.  
- **Suggestions:** Develop quantitative models predicting FDXR expression changes based on calcium signaling metrics.

---

**Criterion 5 (Falsifiability)**  
- **Score:** 9/10  
- **Explanation:** The hypothesis is highly falsifiable, as targeted experiments (e.g., pharmacological manipulation or gene knockouts) can directly test the role of calcium signaling in FDXR regulation.  
- **Suggestions:** Implement robust controls to isolate calcium-specific effects from broader oxidative stress responses.

---

**Criterion 6 (Parsimony)**  
- **Score:** 6/10  
- **Explanation:** While the hypothesis is relatively simple, the interplay between calcium signaling and gene regulation introduces complexity that could hinder interpretation.  
- **Suggestions:** Focus on a single key pathway (e.g., calmodulin involvement) to streamline the hypothesis.

---

**Criterion 7 (Generalizability)**  
- **Score:** 5/10  
- **Explanation:** The idea is specific to FDXR regulation and radiation biology, limiting its applicability to other contexts.  
- **Suggestions:** Investigate whether similar calcium signaling mechanisms regulate other radiation-sensitive genes to expand generalizability.

---

**Criterion 8 (Methodological Rigor)**  
- **Score:** 7/10  
- **Explanation:** The proposed experimental approaches (e.g., calcium-sensitive dyes, RNA-seq, genetic knockouts) are methodologically sound but require careful design to control for confounding factors.  
- **Suggestions:** Ensure rigorous controls and replicate experiments across multiple cell types and radiation doses.

---

**Criterion 9 (Innovation)**  
- **Score:** 8/10  
- **Explanation:** The idea is innovative, introducing calcium signaling as a novel mediator of radiation sensitivity, moving beyond traditional ROS-focused approaches.  
- **Suggestions:** Highlight more clearly how this approach differs from and improves upon existing mechanisms.

---

**Criterion 10 (Problem-Solving Utility)**  
- **Score:** 6/10  
- **Explanation:** While promising, the utility of calcium signaling as a therapeutic target for radiation sensitivity remains speculative.  
- **Suggestions:** Explore potential interventions (e.g., calcium channel modulators) to demonstrate practical applications.

---

**Criterion 11 (Interdisciplinary Impact)**  
- **Score:** 7/10  
- **Explanation:** The idea bridges radiation biology, cellular signaling, and stress response research, with potential relevance to oncology and pharmacology.  
- **Suggestions:** Collaborate with experts in calcium signaling and therapeutic development to maximize interdisciplinary impact.

---

**Criterion 12 (Ethical Considerations)**  
- **Score:** 9/10  
- **Explanation:** Ethical concerns are minimal, as the research involves standard cellular and molecular biology techniques.  
- **Suggestions:** Maintain ethical oversight for potential therapeutic applications involving human trials.

---

**Criterion 13 (Scalability)**  
- **Score:** 6/10  
- **Explanation:** The hypothesis is scalable across different radiation doses and cell types, but experimental methods (e.g., calcium-sensitive dyes) may face challenges in scalability to in vivo contexts.  
- **Suggestions:** Develop scalable methods (e.g., non-invasive imaging of calcium signaling in animal models).

---

**Criterion 14 (Replicability)**  
- **Score:** 8/10  
- **Explanation:** The proposed experiments are replicable, provided methodological rigor is maintained.  
- **Suggestions:** Standardize experimental protocols to ensure consistent replication of results.

---

**Criterion 15 (Theoretical Foundation)**  
- **Score:** 8/10  
- **Explanation:** The idea is grounded in established knowledge of calcium signaling and cellular stress pathways.  
- **Suggestions:** Cite additional foundational studies to strengthen theoretical grounding.

---

**Criterion 16 (Technological Feasibility)**  
- **Score:** 7/10  
- **Explanation:** The proposed techniques (e.g., calcium-sensitive dyes, RNA-seq) are feasible but require specialized equipment and expertise.  
- **Suggestions:** Explore cost-effective alternatives for measuring calcium signaling.

---

**Criterion 17 (Risk Assessment)**  
- **Score:** 6/10  
- **Explanation:** Risks include difficulty isolating calcium-specific effects and potential confounding factors.  
- **Suggestions:** Implement strategies to mitigate risks, such as using genetic knockouts to isolate pathways.

---

**Criterion 18 (Sustainability)**  
- **Score:** 7/10  
- **Explanation:** The research is resource-efficient, but scalability issues may impact long-term viability.  
- **Suggestions:** Optimize experimental protocols to minimize resource usage.

---

**Criterion 19 (Societal Relevance)**  
- **Score:** 7/10  
- **Explanation:** The research could inform radiation therapy and protection strategies, impacting healthcare outcomes.  
- **Suggestions:** Engage stakeholders to explore implications for radiation safety guidelines.

---

**Criterion 20 (Future Research Potential)**  
- **Score:** 9/10  
- **Explanation:** The hypothesis opens new avenues for studying ion-mediated signaling processes in radiation biology.  
- **Suggestions:** Investigate broader roles of calcium signaling in radiation sensitivity and therapeutic applications.  


### Metadata

- Generation Type: new
- New Idea Generated During Evolution


================================================================================
TIMESTAMP: 2025-05-24 09:59:42
PHASE: Tournament Round 3, ROUND: 3, ELO SCORE: 1173.5
UNIQUE_ID: 430b03f9-17573fd3
================================================================================

## Tournament Results (Round 3)

**Rank:** 5 out of 5
**ELO Rating:** 1173.5

### Idea

**Title**: Cellular Calcium Signaling in Radiation-Induced FDXR Regulation

**Key Idea**: Radiation-induced disruptions in calcium signaling regulate FDXR activation by modulating cellular stress pathways.

**Paragraph 1**: This novel hypothesis proposes that radiation exposure alters intracellular calcium signaling, which indirectly regulates FDXR activity through stress-mediated pathways. Calcium ions play critical roles in oxidative stress responses and gene regulation, and radiation-induced disruptions in calcium homeostasis could amplify the transcriptional activation of FDXR. The novelty lies in examining calcium signaling as a mediator of radiation sensitivity, moving beyond ROS and epigenetic mechanisms to explore ion-based regulatory processes.

**Paragraph 2**: Experimental validation could involve measuring intracellular calcium fluxes using calcium-sensitive fluorescent dyes (e.g., Fluo-4) and correlating these changes with FDXR expression using RNA-seq. Pharmacological agents modulating calcium channels (e.g., blockers or activators) could test the causal relationship. Calcium signaling pathways could be further dissected using genetic knockouts of calcium-binding proteins (e.g., calmodulin). Challenges include isolating calcium-specific effects from broader oxidative stress responses and accounting for dose-dependent variability in calcium dynamics.

**Paragraph 3**: This idea is innovative and theoretically coherent, introducing a new regulatory pathway for FDXR activation. Predictive capability is moderate, as calcium fluxes might indirectly influence gene expression. Falsifiability is robust through targeted experiments manipulating calcium signaling. This approach expands the scope of radiation biology by exploring ion-mediated signaling processes. Future research could investigate calcium signaling as a potential therapeutic target for modulating radiation sensitivity.

**Approach**: expands the scope of radiation biology by exploring ion-mediated signaling processes. Future research could investigate calcium signaling as a potential therapeutic target for modulating radiation sensitivity.

**Key References**: [Clapham 2007], [Berridge et al. 2000], [Helleday et al. 2014].



