IDEA 27 EVOLUTION LOG

================================================================================
TIMESTAMP: 2025-05-24 09:58:28
PHASE: New Idea (Significant Change), ROUND: 3
UNIQUE_ID: 9eb83ac8-61485412
================================================================================

## New Idea from Significant Change (Round 3)

This idea represents a significant change from Idea 24.

**Title**: Lipid Peroxidation as a Driver of FDXR Regulation

**Key Idea**: Radiation modifies lipid metabolism pathways, producing bioactive lipid peroxides that regulate FDXR activity via oxidative stress signaling.

**Paragraph 1**: This refined hypothesis incorporates epigenetic feedback to strengthen the link between lipid metabolism and FDXR regulation. Radiation-induced alterations in lipid metabolism generate bioactive lipid peroxides, which amplify oxidative stress signaling and indirectly modulate chromatin accessibility at the FDXR locus. This idea shifts focus from direct gene regulation to metabolic intermediaries driving radiation sensitivity. The novelty lies in connecting lipid peroxidation with epigenetic mechanisms as a regulatory pathway for FDXR’s dose-dependent activation.

**Paragraph 2**: Researchers could measure lipid profiles using mass spectrometry, focusing on lipid peroxidation markers such as malondialdehyde and 4-HNE. Correlating these markers with chromatin accessibility changes at the FDXR locus using ChIP-seq and bisulfite sequencing would test the hypothesis. Genetic knockouts of key lipid metabolism enzymes (e.g., lipoxygenases) or pharmacological inhibitors of lipid peroxidation could isolate lipid-specific effects from broader oxidative stress responses. Challenges include disentangling lipid-mediated effects from mitochondrial ROS and controlling for dose saturation.

**Paragraph 3**: This refinement enhances explanatory power by linking lipid metabolism with epigenetic mechanisms of FDXR regulation. Predictive capability is strong, as lipid profiles and chromatin modifications can forecast radiation sensitivity. Falsifiability is robust through experiments targeting lipid peroxidation pathways. Innovation is strengthened by proposing bioactive lipids as modulators of radiation-induced epigenetic changes. Future research could explore lipid-targeted therapies to modulate chromatin states and radiation sensitivity.

**Approach**: Mass spectrometry, lipid peroxidation assays, ChIP-seq, bisulfite sequencing, enzyme knockouts, and pharmacological inhibitors.

**Key References**: [Spiteller 2003], [Jaenisch & Bird 2003], [Feinberg & Irizarry 2010], [Murphy 2009], [Helleday et al. 2014].

## Comparison with Original

### Original Idea (ID: 24)

**Title**: Radiation-Induced Lipid Metabolism Alterations in FDXR Regulation

**Key Idea**: Radiation modifies lipid metabolism pathways, which indirectly regulate FDXR activity through oxidative stress signaling.

**Paragraph 1**: This hypothesis explores how radiation alters cellular lipid metabolism, leading to the production of bioactive lipid molecules (e.g., lipid peroxides) that modulate oxidative stress and indirectly influence FDXR activity. The novelty lies in shifting focus from direct gene regulation to metabolic intermediaries as drivers of radiation sensitivity. Lipid peroxidation could amplify oxidative signaling cascades, enhancing FDXR dose-dependent activation. This approach connects metabolic shifts to gene expression, offering a unique perspective on radiation biology.

**Paragraph 2**: Researchers could measure lipid profiles using mass spectrometry and correlate lipid peroxidation markers with FDXR activity under varying radiation doses. Inhibitors of lipid peroxidation or genetic knockouts of key enzymes (e.g., lipoxygenases) could test the hypothesis. Challenges include isolating lipid-specific effects from broader oxidative stress responses.

**Paragraph 3**: The idea is innovative, linking lipid metabolism to radiation responses. Explanatory power is moderate, as lipid intermediaries are indirect regulators of gene expression. Predictive capability is high, as lipid profiles can forecast FDXR activation. Falsifiability is robust through targeted experiments. Future research could explore lipid-targeted therapies to modulate radiation sensitivity.

**Approach**: connects metabolic shifts to gene expression, offering a unique perspective on radiation biology.  
**Paragraph 2**: Researchers could measure lipid profiles using mass spectrometry and correlate lipid peroxidation markers with FDXR activity under varying radiation doses. Inhibitors of lipid peroxidation or genetic knockouts of key enzymes (e.g., lipoxygenases) could test the hypothesis. Challenges include isolating lipid-specific effects from broader oxidative stress responses.  
**Paragraph 3**: The idea is innovative, linking lipid metabolism to radiation responses. Explanatory power is moderate, as lipid intermediaries are indirect regulators of gene expression. Predictive capability is high, as lipid profiles can forecast FDXR activation. Falsifiability is robust through targeted experiments. Future research could explore lipid-targeted therapies to modulate radiation sensitivity.  
**Approach**: Mass spectrometry, lipid peroxidation assays, enzyme inhibition, and dose-response analysis.

**Key References**: [Spiteller 2003], [Murphy 2009], [Helleday et al. 2014].

### Scientific Evaluation

| Criterion | Score |
|---|---:|
| Empirical Support | 7.0/10 |
| Theoretical Coherence | 8.0/10 |
| Explanatory Power | 9.0/10 |
| Predictive Capability | 8.0/10 |
| Falsifiability | 9.0/10 |
| Parsimony | 7.0/10 |
| Generalizability | 6.0/10 |
| Methodological Rigor | 8.0/10 |
| Innovation | 9.0/10 |
| Problem-Solving Utility | 7.0/10 |
| Interdisciplinary Impact | 8.0/10 |
| Ethical Considerations | 9.0/10 |
| Scalability | 7.0/10 |
| Replicability | 8.0/10 |
| Theoretical Foundation | 8.0/10 |
| Technological Feasibility | 8.0/10 |
| Risk Assessment | 6.0/10 |
| Sustainability | 7.0/10 |
| Societal Relevance | 7.0/10 |
| Future Research Potential | 9.0/10 |

### Detailed Evaluation

### Criterion 1 (Empirical Support)  
**Score: 7/10**  
The idea aligns well with existing evidence surrounding lipid peroxidation and oxidative stress signaling pathways, which are known to regulate gene expression. However, direct experimental evidence linking lipid peroxidation markers to FDXR regulation is currently lacking.  
**Suggestions for Improvement:** Conduct preliminary studies measuring lipid peroxidation markers (e.g., malondialdehyde, 4-HNE) alongside FDXR activity in irradiated cells to strengthen empirical support.

---

### Criterion 2 (Theoretical Coherence)  
**Score: 8/10**  
The hypothesis is logically consistent and integrates well-understood mechanisms of lipid metabolism, oxidative stress, and epigenetic regulation. The connections between lipid peroxidation and chromatin accessibility are plausible.  
**Suggestions for Improvement:** Clarify the specific epigenetic pathways (e.g., histone modifications, DNA methylation) involved in FDXR regulation to enhance coherence.

---

### Criterion 3 (Explanatory Power)  
**Score: 9/10**  
The hypothesis offers a compelling explanation for the linear dose-response of FDXR over a wide range of radiation doses by incorporating metabolic intermediaries as modulators.  
**Suggestions for Improvement:** Expand the explanation to include potential interactions with mitochondrial ROS or other radiation-induced factors to capture broader phenomena.

---

### Criterion 4 (Predictive Capability)  
**Score: 8/10**  
The idea provides clear, testable predictions, such as the correlation of lipid peroxidation markers with chromatin changes at the FDXR locus.  
**Suggestions for Improvement:** Develop quantitative models predicting the dose-response based on lipid peroxidation dynamics.

---

### Criterion 5 (Falsifiability)  
**Score: 9/10**  
The hypothesis is highly falsifiable, as experiments targeting lipid peroxidation pathways or chromatin accessibility can directly test the validity of the proposed mechanism.  
**Suggestions for Improvement:** Incorporate specific thresholds or conditions under which the hypothesis could fail, such as dose saturation effects.

---

### Criterion 6 (Parsimony)  
**Score: 7/10**  
The idea is relatively simple and avoids unnecessary complexity, focusing on lipid-mediated regulation. However, integrating epigenetic feedback introduces some additional complexity.  
**Suggestions for Improvement:** Streamline the hypothesis by emphasizing core mechanisms and minimizing secondary pathways.

---

### Criterion 7 (Generalizability)  
**Score: 6/10**  
While the idea is specific to FDXR regulation, lipid peroxidation and epigenetic mechanisms may apply to other radiation-sensitive genes. However, the scope is currently narrow.  
**Suggestions for Improvement:** Explore whether similar pathways regulate other genes with linear dose-response patterns to improve generalizability.

---

### Criterion 8 (Methodological Rigor)  
**Score: 8/10**  
The proposed methods (mass spectrometry, ChIP-seq, enzyme knockouts) are robust and widely accepted in the field. Challenges include controlling for confounding effects.  
**Suggestions for Improvement:** Incorporate controls for mitochondrial ROS and other oxidative stress sources to ensure methodological rigor.

---

### Criterion 9 (Innovation)  
**Score: 9/10**  
The idea is highly innovative, linking lipid peroxidation with epigenetic regulation—a novel perspective in radiation biology.  
**Suggestions for Improvement:** Highlight comparative advantages over existing hypotheses focused solely on direct gene regulation by radiation.

---

### Criterion 10 (Problem-Solving Utility)  
**Score: 7/10**  
The hypothesis offers practical insights into radiation sensitivity and could inform therapeutic strategies. However, its direct application to clinical or industrial problems is not yet clear.  
**Suggestions for Improvement:** Explore translational applications, such as lipid-targeted therapies or biomarkers for radiation exposure.

---

### Criterion 11 (Interdisciplinary Impact)  
**Score: 8/10**  
The idea bridges radiation biology, lipidomics, and epigenetics, making it relevant across multiple fields.  
**Suggestions for Improvement:** Highlight potential collaborations with experts in lipid metabolism and chromatin biology.

---

### Criterion 12 (Ethical Considerations)  
**Score: 9/10**  
The idea poses minimal ethical concerns and aligns with standard experimental practices.  
**Suggestions for Improvement:** Ensure ethical transparency in studies involving genetic knockouts and pharmacological inhibitors.

---

### Criterion 13 (Scalability)  
**Score: 7/10**  
The hypothesis is scalable across different radiation doses and experimental models. However, lipid peroxidation assays may be resource-intensive.  
**Suggestions for Improvement:** Explore high-throughput screening methods for lipid peroxidation markers to improve scalability.

---

### Criterion 14 (Replicability)  
**Score: 8/10**  
The methods proposed are highly replicable, given standardized protocols for mass spectrometry and ChIP-seq.  
**Suggestions for Improvement:** Ensure detailed documentation of experimental conditions to facilitate reproducibility.

---

### Criterion 15 (Theoretical Foundation)  
**Score: 8/10**  
The idea is grounded in established knowledge of lipid peroxidation and oxidative stress signaling. However, direct links to FDXR regulation are less established.  
**Suggestions for Improvement:** Strengthen the theoretical foundation by citing studies linking lipid peroxidation to gene regulation.

---

### Criterion 16 (Technological Feasibility)  
**Score: 8/10**  
The proposed techniques (e.g., mass spectrometry, ChIP-seq) are feasible with current technology.  
**Suggestions for Improvement:** Develop cost-effective approaches for lipid peroxidation assays to enhance feasibility.

---

### Criterion 17 (Risk Assessment)  
**Score: 6/10**  
Potential risks include confounding effects from mitochondrial ROS and challenges in isolating lipid-specific effects.  
**Suggestions for Improvement:** Design experiments with robust controls to mitigate confounding variables.

---

### Criterion 18 (Sustainability)  
**Score: 7/10**  
The hypothesis is sustainable, provided resources for lipidomics and epigenetics research are available. However, lipid peroxidation assays may require significant investment.  
**Suggestions for Improvement:** Explore more resource-efficient techniques for measuring lipid peroxidation markers.

---

### Criterion 19 (Societal Relevance)  
**Score: 7/10**  
Understanding radiation sensitivity has implications for public health, especially in radiation therapy and environmental exposure.  
**Suggestions for Improvement:** Emphasize potential applications in radiation protection and therapeutic strategies.

---

### Criterion 20 (Future Research Potential)  
**Score: 9/10**  
The hypothesis has strong potential to generate new research directions, including lipid-targeted therapies and biomarkers for radiation sensitivity.  
**Suggestions for Improvement:** Outline specific follow-up studies, such as testing other radiation-sensitive genes for similar regulatory pathways.  

---  

**Overall Evaluation:** The hypothesis is promising, providing innovative insights into FDXR regulation through lipid metabolism and epigenetic feedback. Addressing empirical gaps and expanding its scope could elevate its scientific impact further.

### Metadata

- Generation Type: New (Significant Change)
- Parent Idea: 24
- Created as new idea due to significant change


================================================================================
TIMESTAMP: 2025-05-24 09:59:42
PHASE: Tournament Round 3, ROUND: 3, ELO SCORE: 1200.9
UNIQUE_ID: 9eb83ac8-61485412
================================================================================

## Tournament Results (Round 3)

**Rank:** 4 out of 5
**ELO Rating:** 1200.9

### Idea

**Title**: Lipid Peroxidation as a Driver of FDXR Regulation

**Key Idea**: Radiation modifies lipid metabolism pathways, producing bioactive lipid peroxides that regulate FDXR activity via oxidative stress signaling.

**Paragraph 1**: This refined hypothesis incorporates epigenetic feedback to strengthen the link between lipid metabolism and FDXR regulation. Radiation-induced alterations in lipid metabolism generate bioactive lipid peroxides, which amplify oxidative stress signaling and indirectly modulate chromatin accessibility at the FDXR locus. This idea shifts focus from direct gene regulation to metabolic intermediaries driving radiation sensitivity. The novelty lies in connecting lipid peroxidation with epigenetic mechanisms as a regulatory pathway for FDXR’s dose-dependent activation.

**Paragraph 2**: Researchers could measure lipid profiles using mass spectrometry, focusing on lipid peroxidation markers such as malondialdehyde and 4-HNE. Correlating these markers with chromatin accessibility changes at the FDXR locus using ChIP-seq and bisulfite sequencing would test the hypothesis. Genetic knockouts of key lipid metabolism enzymes (e.g., lipoxygenases) or pharmacological inhibitors of lipid peroxidation could isolate lipid-specific effects from broader oxidative stress responses. Challenges include disentangling lipid-mediated effects from mitochondrial ROS and controlling for dose saturation.

**Paragraph 3**: This refinement enhances explanatory power by linking lipid metabolism with epigenetic mechanisms of FDXR regulation. Predictive capability is strong, as lipid profiles and chromatin modifications can forecast radiation sensitivity. Falsifiability is robust through experiments targeting lipid peroxidation pathways. Innovation is strengthened by proposing bioactive lipids as modulators of radiation-induced epigenetic changes. Future research could explore lipid-targeted therapies to modulate chromatin states and radiation sensitivity.

**Approach**: Mass spectrometry, lipid peroxidation assays, ChIP-seq, bisulfite sequencing, enzyme knockouts, and pharmacological inhibitors.

**Key References**: [Spiteller 2003], [Jaenisch & Bird 2003], [Feinberg & Irizarry 2010], [Murphy 2009], [Helleday et al. 2014].



