IDEA 4 EVOLUTION LOG

================================================================================
TIMESTAMP: 2025-05-06 17:44:28
PHASE: Initial Generation, ROUND: 1
================================================================================

Initial Generation
Generation Type: initial
Idea ID: 4

**Title**: p53/MDM2 Decoy Gene Cluster

**Key Idea**: Extra TP53 pseudogene copies lacking transactivation domains act as molecular sponges for MDM2, stabilizing endogenous p53 and enhancing tumor suppression.

**Paragraph**: MDM2 ubiquitinates p53, keeping its levels low [Zhang 2017]. Elephant retrogenes include non-functional transcripts that bind MDM2, freeing functional p53 [Sulak 2016]. Inserting similar decoys could boost p53 without overexpressing active protein, reducing toxicity risks.

**Approach**: (i) Engineer short TP53 ΔTAD constructs; (ii) test MDM2 binding via co-immunoprecipitation; (iii) assess p53 stabilization in reporter cell lines; (iv) conduct soft agar and xenograft assays for oncogenic suppression.

**Key References**: [Zhang 2017], [Sulak 2016], [Hu 2019], [Levine 1997]

================================================================================
TIMESTAMP: 2025-05-06 17:45:36
PHASE: Reflection, ROUND: 1
================================================================================

**Title**: p53/MDM2 Decoy Gene Cluster

**Key Idea**: Extra TP53 pseudogene copies lacking transactivation domains act as molecular sponges for MDM2, stabilizing endogenous p53 and enhancing tumor suppression.

**Paragraph**: MDM2 ubiquitinates p53, keeping its levels low [Zhang 2017]. Elephant retrogenes include non-functional transcripts that bind MDM2, freeing functional p53 [Sulak 2016]. Inserting similar decoys could boost p53 without overexpressing active protein, reducing toxicity risks.

**Approach**: (i) Engineer short TP53 ΔTAD constructs; (ii) test MDM2 binding via co-immunoprecipitation; (iii) assess p53 stabilization in reporter cell lines; (iv) conduct soft agar and xenograft assays for oncogenic suppression.

**Key References**: [Zhang 2017], [Sulak 2016], [Hu 2019], [Levine 1997]

--- REFLECTION FEEDBACK ---

For each concept below I provide a concise, structured critique that follows the requested dimensions.  Citations suggested for addition are given in the requested “[Author Year]” format.  “LoC” means “Likelihood-of-correctness on the core hypothesis,” scored 1-5 (5 = very likely).

────────────────────────────────────────────────────────
1. Rapid-Response p53 Dosage Enhancement
Plausibility – 4/5  
• Extra WT copies should elevate basal protein and lower apoptotic threshold, as shown in murine dosage studies.  
Novelty – Medium-high: most p53 therapy is qualitative; systematic multi-copy insertion is rare.  
Weaknesses / Risks  
• Aneuploid‐like dosage of a powerful transcription factor may cause unwanted senescence, marrow failure, developmental defects.  
• CRISPR knock-in of large cassettes at four loci is technically hard; mosaicism likely.  
• Mouse xenograft data may not translate because NSG lack immune/aging phenotypes.  
LoC – 0.6  
Citation audit  
• Good: [Abegglen 2015], [Sulak 2016].  
• Missing classic p53 dosage mouse work: [Garcia-Cao 2002], [Dittmer 1993].  
• Add human knock-in precedent [Maslova 2021].  
Improvement tips  
• Start with inducible alleles or single safe-harbor insertion plus a dCas9-SAM activator to titrate dosage.  
• Include senescence/aging read-outs (SA-β-gal, SASP cytokines).  

────────────────────────────────────────────────────────
2. Tissue-Selective Multi-Copy TP53
Plausibility – 3.5/5  
Novelty – Moderate; tissue-specific expression is common but combining with copy-number change is fresh.  
Weaknesses  
• Leakage of keratin-14 and vav-1 promoters could still hit stem-cell niches.  
• PiggyBac cargo silencing long-term.  
• Organism-wide safety unclear—conditional mouse model essential.  
LoC – 0.55  
Citation audit  
• [Harrison 2023] is new but not yet peer-reviewed—flagged.  
• Add p53 aging data [Tyner 2002].  
• Include promoter leakage studies [Zuber 2011].  
Improvement  
• Use Cre-ER or Tet-On to gain temporal as well as spatial control.  
• Benchmark against naturally promoter-restricted retrogenes (elephant RNA-seq).  

────────────────────────────────────────────────────────
3. Elephant-Inspired Retrogene Mosaic
Plausibility – 3/5  
Novelty – High; functional diversification rather than pure dosage.  
Weaknesses  
• Human co-factor compatibility of elephant variants unknown.  
• Immunogenicity of xenogeneic proteins possible.  
• Functional bias of each retrogene not fully mapped even in elephant.  
LoC – 0.45  
Citations  
• Add mechanistic work on p53 isoforms [Bourdon 2005], differential target bias [Marcel 2010].  
Improvement  
• Test individual variants first using transient expression before making stable lines.  
• Consider humanized variants retaining key divergent motifs to lower immunogenicity.  

────────────────────────────────────────────────────────
4. p53/MDM2 Decoy Gene Cluster
Plausibility – 3/5  
Novelty – Moderate; decoy peptides/RNAs exist, but genomic decoy copies is new.  
Weaknesses  
• Decoys may sequester p53 DNA-binding domain, acting dominant-negative.  
• Over-binding MDM2 could derepress multiple MDM2 clients, not just p53.  
LoC – 0.4  
Citations  
• Add work on 5S rRNA decoy mechanism [Zhang 2012] and p14ARF – MDM2 axis [Sherr 2001].  
Improvement  
• Use minimal MDM2-binding peptide fused to inert scaffold instead of ΔTAD protein.  
• Measure global p53 transcription to confirm non-dominant-negative.  

────────────────────────────────────────────────────────
5. Inducible Extra-Copy p53 “Airbag”
Plausibility – 4/5  
Novelty – Good; promoter engineering for ROS-sensing dosage is not widely explored.  
Weaknesses  
• Nrf2 pathway chronically activated in some tumors→ could create selection pressure.  
• Oxidative stress also high in normal inflammatory contexts – risk for tissue damage.  
LoC – 0.55  
Citations  
• Add Nrf2-ARE promoter design paper [Ma 2015].  
Improvement  
• Combine with AND-gate (ROS + DNA-damage) promoter logic to sharpen specificity.  

────────────────────────────────────────────────────────
6. Mitochondria-Targeted Extra p53
Plausibility – 3.5/5  
Novelty – Fair; mito-targeted p53 described in transient studies but not as extra­genomic copy.  
Weaknesses  
• Non-transcriptional apoptosis is rapid; constitutive presence may kill healthy cycling cells.  
• MLS fusion may block nuclear import even when needed for arrest functions.  
LoC – 0.45  
Citations  
• Add mito-p53 review [Marchenko 2015].  
Improvement  
• Put mito-p53 under damage-inducible promoter or include a tamoxifen-cleavable MLS.  

────────────────────────────────────────────────────────
7. Synthetic Chromosome Housing p53 Cluster
Plausibility – 2.5/5 (technology heavy)  
Novelty – High.  
Weaknesses  
• HAC delivery efficiency and mitotic stability in vivo still low.  
• Regulatory hurdles enormous for clinical use.  
LoC – 0.35  
Citations  
• Add HAC cancer-gene proof-of-concept [Kazuki 2020].  
Improvement  
• Begin with mini-HAC bearing 2-3 copies to test segregation in hiPSCs before full cluster.  

────────────────────────────────────────────────────────
8. Multi-Copy TP53 vs Viral Oncoproteins
Plausibility – 3.5/5  
Novelty – Moderate.  
Weaknesses  
• HPV E6 triggers proteasomal degradation—extra protein may still be degraded unless saturating levels maintained.  
• High p53 may induce skin aging.  
LoC – 0.5  
Citations  
• Add E6 saturation data [Scheffner 1993].  
Improvement  
• Co-express degradation-resistant p53 mutant (S20A) [Giaccia 2012].  

────────────────────────────────────────────────────────
9. Balancing Cancer & Aging via Hypomorphic Variants
Plausibility – 3/5  
Novelty – Medium-high.  
Weaknesses  
• Summed activity may not equal WT; could still drive senescence.  
• Identifying precise hypomorphs that retain anti-tumor functions difficult.  
LoC – 0.4  
Citations  
• Add human partial-loss polymorphism data [Beckman 2011].  
Improvement  
• Use promoter-weakened WT instead of coding hypomorphs to avoid functional unpredictability.  

────────────────────────────────────────────────────────
10. Synergy of Multi-Copy TP53 + Telomerase Inhibition
Plausibility – 3.5/5  
Novelty – Low-medium; combines two known modalities.  
Weaknesses  
• Telomerase inhibitors toxic in hematopoietic cells; extra p53 may exacerbate.  
LoC – 0.5  
Citations  
• Add telomerase-p53 link [Artandi 2000].  
Improvement  
• Model in organoids with differential telomerase dependence (e.g., gut vs brain).  

────────────────────────────────────────────────────────
11. Radiation-Triggered Amplifier Circuit
Plausibility – 3/5  
Novelty – Good (synthetic positive feedback).  
Weaknesses  
• Risk of runaway p53 and catastrophic tissue loss after medical imaging exposures.  
LoC – 0.45  
Citations  
• Include synthetic p53 promoter study [Kotula 2019].  
Improvement  
• Add negative-feedback brake using p53-inducible Bcl-2 family pro-survival gene to cap response.  

────────────────────────────────────────────────────────
12. Cancer-Resistant Tissue Engineering
Plausibility – 4/5 (niche application).  
Novelty – Medium.  
Weaknesses  
• In grafts, senescence of donor cells can impair function.  
• Immune system of recipient critical—tumor suppression partly immune-mediated.  
LoC – 0.55  
Citations  
• Add organoid tumor‐free engineering example [Yoshida 2020].  
Improvement  
• Include single-cell multi-omic tracking to detect senescent sub-fractions pre-implantation.  

────────────────────────────────────────────────────────
13. Germline Extra-Copy TP53
Plausibility – 2/5 (ethical hurdles overshadow science).  
Novelty – Conceptually not new; germline editing widely discussed.  
Weaknesses  
• Off-target risk multiplied over generations.  
• Unknown reproductive/ developmental phenotypes.  
LoC – 0.35  
Citations  
• Add germline p53 dosage mouse data [Garcia-Cao 2006].  
Improvement  
• Restrict to heritable but reversible systems (e.g., transposon excisable by drug).  

────────────────────────────────────────────────────────
14. Base-Editing Human TP53 to Elephant-Like Sequence
Plausibility – 3.5/5  
Novelty – High.  
Weaknesses  
• Single-residue changes unlikely to mimic multi-copy quantitative effect.  
• Must avoid gain-of-function oncogenic TP53 mutants.  
LoC – 0.45  
Citations  
• Add base-editing efficacy in TP53 locus [Billon 2020].  
Improvement  
• Focus on residues affecting MDM2 affinity (Ser15, Thr18) validated in human context.  

────────────────────────────────────────────────────────
15. Extracellular Vesicle-Mediated Bystander Effect
Plausibility – 2.5/5 (evidence for functional p53 transfer limited).  
Novelty – Moderate.  
Weaknesses  
• EV cargo amounts may be too low for physiological effect.  
• Immune clearance of foreign vesicles in vivo.  
LoC – 0.3  
Citations  
• Add functional EV p53 transfer data [Cooks 2018].  
Improvement  
• Engineer vesicle-targeting ligands (e.g., Lamp2b peptides) to enrich delivery to premalignant cells.  

────────────────────────────────────────────────────────
16. Somatic Gene-Drive for TP53 Expansion
Plausibility – 2/5 (current somatic drives inefficient, risk of chromothripsis).  
Novelty – Very high.  
Weaknesses  
• Potential off-target cutting → CIN and tumorigenesis (counterproductive).  
• Public/ regulatory concerns over drives.  
LoC – 0.25  
Citations  
• Add mammalian somatic drive proof-of-concept [Esvelt 2021].  
Improvement  
• Use nickase-based, target-specific “copy-neutral” drive to limit DSB load.  

────────────────────────────────────────────────────────
17. Multi-Copy TP53 + Pulsed MDM2 Inhibitors
Plausibility – 4/5  
Novelty – Medium.  
Weaknesses  
• Acquired resistance to nutlins via TP53 mutations; baseline extra copies may paradoxically increase mutation targets.  
LoC – 0.55  
Citations  
• Add clinical Nutlin trial data [Ray-Coquard 2012].  
Improvement  
• Alternate MDM2 inhibitor classes (e.g., stapled peptides) to reduce resistance overlap.  

────────────────────────────────────────────────────────
18. Genome-Scale Modeling of Copy Number
Plausibility – 5/5 (in silico)  
Novelty – Low.  
Weaknesses  
• Output only as good as parameters; elephant data sparse.  
LoC – 0.7  
Citations  
• Add multi-scale aging-cancer model [Tomasetti 2015].  
Improvement  
• Parameterize with single-cell live-imaging dose-response data from engineered lines.  

────────────────────────────────────────────────────────
19. Spaceflight Radiation Mitigation
Plausibility – 3/5  
Novelty – Moderate.  
Weaknesses  
• Systemic over-apoptosis under normal Earth conditions still a concern.  
• High-LET radiation may cause clustered DSBs beyond p53 repair; apoptosis may not prevent hematopoietic failure.  
LoC – 0.4  
Citations  
• Add NASA space-radiation cancer risk review [Cucinotta 2014].  
Improvement  
• Combine p53 dosage with antioxidant gene packs (e.g., SOD2 overexpression).  

────────────────────────────────────────────────────────
20. Multi-Copy TP53 as Onco-Immunogenic Adjuvant
Plausibility – 3/5  
Novelty – Medium.  
Weaknesses  
• p53 peptides presented largely when protein is mutated; WT overexpression may not create strong neoantigens.  
• Risk of central tolerance to overexpressed self-peptides.  
LoC – 0.35  
Citations  
• Add p53 antigenicity paper [Zhang 2019].  
Improvement  
• Pair with immunogenic cell-death inducers (oxaliplatin) to augment cross-presentation.

────────────────────────────────────────────────────────
Global recommendations
• Across ideas, systematically include senescence/aging and immune fitness assays; most proposals consider only cancer.  
• Cite foundational p53 dosage and aging papers ([Tyner 2002], [Garcia-Cao 2002]) more consistently.  
• Where elephant claims are made, reference actual functional studies rather than correlational prevalence (e.g., [Janjua 2023] elephant fibroblast kinetics).  
• For any therapeutic application, incorporate genome-wide off-target and insertional mutagenesis analytics ([Tsai 2015]) in the experimental plan.

================================================================================
TIMESTAMP: 2025-05-06 17:46:24
PHASE: Proximity Check, ROUND: 1
================================================================================

**Title**: p53/MDM2 Decoy Gene Cluster

**Key Idea**: Extra TP53 pseudogene copies lacking transactivation domains act as molecular sponges for MDM2, stabilizing endogenous p53 and enhancing tumor suppression.

**Paragraph**: MDM2 ubiquitinates p53, keeping its levels low [Zhang 2017]. Elephant retrogenes include non-functional transcripts that bind MDM2, freeing functional p53 [Sulak 2016]. Inserting similar decoys could boost p53 without overexpressing active protein, reducing toxicity risks.

**Approach**: (i) Engineer short TP53 ΔTAD constructs; (ii) test MDM2 binding via co-immunoprecipitation; (iii) assess p53 stabilization in reporter cell lines; (iv) conduct soft agar and xenograft assays for oncogenic suppression.

**Key References**: [Zhang 2017], [Sulak 2016], [Hu 2019], [Levine 1997]

--- PROXIMITY CHECK FEEDBACK ---

Proximity-check of the 20 concepts relative to the stated research goal  
“TP53: …engineering multiple copies of TP53 into the human genome to reduce cancer incidence, inspired by elephants.”

For each concept I flag:  
 A = Alignment with goal  E = Ethical / biosafety notes  F = Major feasibility hurdles  C = Citation check / suggestions  Action = keep / revise / drop.

1. Rapid-Response p53 Dosage Enhancement  
 A ✓ Directly on-target.  
 E Standard ex-vivo editing/bone-marrow autograft → acceptable risk profile if confined to somatic cells.  
 F 4-copy knock-in is technically doable; watch for promoter interference at AAVS1/CCR5.  
 C All refs relevant; add [Levine 2019] for p53 dose effects.  
 Action Keep.

2. Tissue-Selective Multi-Copy TP53 for High-Turnover Organs  
 A ✓ Still copy-number centric.  
 E Lineage-restricted expression reduces systemic risk; acceptable.  
 F Promoter leakage and PiggyBac remobilization → include insulators / self-inactivating transposase.  
 C [Sheats 2019] is about K14 vector specificity → ok. Might also cite [Vijayakumar 2021] on p53-aging trade-offs.  
 Action Keep with above technical caveats.

3. Elephant-Inspired Retrogene Mosaic  
 A ✓ Copy-number plus qualitative variation; within scope.  
 E Use of elephant coding sequence raises zoonotic immunogenicity questions—add immunogenicity screens.  
 F Bar-coding strategy feasible in vitro; unknown in vivo.  
 C Consider adding [Vazquez 2022] showing differential retrogene activity.  
 Action Keep; explicitly require immunogenicity analysis.

4. p53/MDM2 Decoy Gene Cluster  
 A ✓ Adds non-functional TP53 copies; meets goal.  
 E Risk of dominant-negative effects if ΔTAD variants oligomerize with WT p53—include oligomerization assays.  
 F Decoy strategy attractive, but must quantify net p53 activity.  
 C All refs fine; maybe add [Ringelhan 2020] on MDM2-p53 balance.  
 Action Keep with revision: verify no dominant-negative tetramers.

5. Inducible Extra-Copy p53 “Apoptotic Airbag’’  
 A ✓  
 E ROS-responsive promoters could mis-fire during inflammation → include off-target apoptosis tests.  
 F Nrf2 enhancers are well-characterised; feasible.  
 C Add [Qiang 2020] on Nrf2–p53 crosstalk.  
 Action Keep with safety switch testing.

6. Mitochondria-Targeted Extra p53 Copies  
 A ✓  
 E Transcription-independent apoptosis may cause acute toxicity; test dose titration.  
 F MLS fusions stable; needs rigorous mitochondrial import validation.  
 C Add classic [Moll 2005] on mito-p53.  
 Action Keep; include toxicity gating.

7. Synthetic Chromosome Housing a p53 Gene Cluster  
 A ✓  
 E HACs minimize insertional mutagenesis but complicate germline containment; confine to somatic therapies.  
 F HAC assembly/transfer still low-efficiency ⇒ mark as long-term/high-risk.  
 C [Karathanasis 2020] relevant; also cite [Iida 2019] for therapeutic HACs.  
 Action Keep; note TRL (technology-readiness) = early.

8. Multi-Copy TP53 vs Viral Oncoproteins  
 A ✓  
 E No novel ethical flags—standard viral-oncoprotein models.  
 F Need to prove “saturation” threshold in primary cells.  
 C Good refs; add [McBride 2021] for HPV–p53 interactions.  
 Action Keep.

9. Balancing Cancer Suppression and Aging via Partial-Activity Variants  
 A ✓ Copy-based, but leans toward functional variants rather than number—still within scope.  
 E No added ethical issues.  
 F Identifying truly hypomorphic yet non-dominant-negative alleles is non-trivial.  
 C Add [Tyner 2002] (p53 hypermorph aging) for context.  
 Action Keep with feasibility note.

10. Synergy Between Multi-Copy TP53 and Telomerase Inhibition  
 A ✓  
 E Drug-gene combo acceptable in somatic setting.  
 F Potential for marrow toxicity; include colony-forming assays.  
 C Add [Harley 2011] on telomerase inhibition and p53.  
 Action Keep.

11. Radiation-Triggered TP53 Copy Amplifier Circuit  
 A ✓  
 E Positive-feedback could overshoot → incorporate fail-safe kill-switch.  
 F Synthetic promoter design feasible; needs modelling.  
 C Add [Tabernero 2019] on radiation-inducible promoters.  
 Action Keep with safeguard addition.

12. Cancer-Resistant Tissue Engineering with Multi-Copy TP53 Stem Cells  
 A ✓  
 E Stem-cell grafting already regulated; no extra issues beyond insertional mutagenesis.  
 F Long-term in-vivo selection pressure on high-p53 cells unknown—add competitive fitness assays.  
 C Add [Rezania 2021] on p53 in organoid safety.  
 Action Keep.

13. Safe-Harbor Integrated p53 Copy for Germline Gene Editing  
 A ✓ but crosses into germline editing.  
 E High ethical/red-line concern (germline). Recommend restricting to in-vitro embryo research under strict regulatory oversight; not for clinical translation.  
 F Technical feasibility moderate; societal acceptance low.  
 C [Lin 2021] prime editing is relevant; also cite [NationalAcademies 2017] germline guidelines.  
 Action REVISION: Explicitly label as exploratory, non-clinical; highlight ethical moratorium.

14. CRISPR Base-Editing of TP53 to Elephant-Mimetic Sequence  
 A Borderline—changes sequence not copy number, but still aims at elephant-type function; acceptable as complementary strategy.  
 E Base-editing off-target risk; needs duplex sequencing.  
 F May alter protein–protein interfaces unpredictably.  
 C Add [Omotuyi 2020] on elephant p53 structure.  
 Action Keep as “adjacent” idea; note that it deviates from pure copy-number but still relevant.

15. Extracellular Vesicle-Mediated Bystander Effect  
 A ✓  
 E No new ethical flags.  
 F Evidence for functional p53 transfer still limited—label as speculative.  
 C [Liu 2022] fine; supplement with [Yu 2006] on p53 exosomes.  
 Action Keep; mark as exploratory.

16. Synthetic Gene Drive for Somatic p53 Copy Expansion  
 A ✓  
 E High biosafety concern—gene-drive containment in humans is controversial. Somatic-restricted drives are still experimental; risk of unintended germline spread.  
 F Technical barriers very high.  
 C Add [Esvelt 2021] on gene-drive ethics.  
 Action Major REVISION or DROP for now; if kept, insist on strict ex-vivo confinement or consider replacing with inducible transposon amplification.

17. Multi-Copy TP53 + MDM2 Inhibition Pulses  
 A ✓  
 E Drug–gene combo fine; monitor hematopoietic toxicity.  
 F Nutlin resistance possible; include mutant screens.  
 C Add [Tisato 2017] on nutlin clinical trials.  
 Action Keep.

18. Genome-Scale Modeling of TP53 Copy Number Effects  
 A ✓  
 E No issues.  
 F Feasible and low-cost; encourages data-guided experiments.  
 C Add [Zhang 2021] computational p53 models.  
 Action Keep.

19. Radiation Catastrophe Mitigation in Spaceflight  
 A ✓ (therapeutic context)  
 E Human enhancement for astronauts raises dual-use/bioethics; requires NASA/ESA oversight.  
 F Delivering edits to adult hematopoietic stem cells possible; germline not required.  
 C Add [Cucinotta 2014] on space radiation carcinogenesis.  
 Action Keep with ethics statement about enhancement.

20. Multi-Copy TP53 as Onco-Immunogenic Adjuvant  
 A ✓  
 E No special concerns.  
 F Need to show that higher p53 actually augments neoantigen repertoire rather than just self-peptides.  
 C Add [Blagih 2020] on p53 and immunogenicity.  
 Action Keep with added mechanistic validation.

General recommendations / cross-cutting:

• Biosafety: Wherever multiple copies are introduced, include insulators, self--inactivating vectors, and Cre-/drug-inducible suicide cassettes to terminate cells if unforeseen hyper-toxicity emerges.

• Aging trade-off: All in-vivo studies should include frailty, sarcopenia, and stem-cell exhaustion assays to ensure elephant-like resistance without progeria.

• Immunogenicity: Any non-human (elephant) sequences or tags require in-silico HLA binding prediction and in-vitro T-cell assays.

• Regulatory: Germline edits (#13) and gene drives (#16) currently fall outside acceptable clinical pathways; restrict to basic research until international consensus evolves.

Additional umbrella citations useful across several ideas  
[Levine 2019] p53 dosage and tumor suppression  
[Lozano 2016] p53 mouse models and aging  
[Cordero 2021] p53 network quantitative biology  
[Esvelt 2021] Gene-drive governance  
[Cucinotta 2014] Space radiation cancer risk  

All existing citations appear thematically appropriate; none are obviously spurious.

================================================================================
TIMESTAMP: 2025-05-06 17:49:12
PHASE: Tournament Results, ELO SCORE: 1205.9
================================================================================

Tournament Summary

Final ELO Rating: 1205.9

Vector scores by criterion:
Plausibility             : 6.0
Theoretical Elegance     : 6.0
Mathematical Rigor       : 6.0
First Principles         : 6.0
Symmetry Properties      : 6.0
Information Theory       : 6.0
Predictive Power         : 6.0
Cross-domain Impact      : 6.0
Novelty                  : 6.0
Conceptual Foundations   : 6.0
Systems Properties       : 6.0
Energy Efficiency        : 6.0
Conservation Laws        : 6.0
Dimensional Analysis     : 6.0
Quantum Properties       : 6.0
Computational Complexity : 6.0
Statistical Mechanics    : 6.0
Geometric Structure      : 6.0
Phase Transitions        : 6.0
Dynamical Stability      : 6.0

Matchup Results (5 matches):

Vs. Idea 9 (ELO: 1198.8)
Result: Won
Score: 0.502

Vs. Idea 7 (ELO: 1205.3)
Result: Lost
Score: 0.499

Vs. Idea 3 (ELO: 1208.9)
Result: Tied
Score: 0.500

Vs. Idea 5 (ELO: 1211.1)
Result: Tied
Score: 0.500

Vs. Idea 17 (ELO: 1203.7)
Result: Won
Score: 0.507


================================================================================
TIMESTAMP: 2025-05-06 17:49:12
PHASE: Mini-Tournament, ROUND: 1, ELO SCORE: 1205.9
================================================================================

Mini-Tournament (Round 1)
ELO Rating: 1205.9

**Title**: p53/MDM2 Decoy Gene Cluster

**Key Idea**: Extra TP53 pseudogene copies lacking transactivation domains act as molecular sponges for MDM2, stabilizing endogenous p53 and enhancing tumor suppression.

**Paragraph**: MDM2 ubiquitinates p53, keeping its levels low [Zhang 2017]. Elephant retrogenes include non-functional transcripts that bind MDM2, freeing functional p53 [Sulak 2016]. Inserting similar decoys could boost p53 without overexpressing active protein, reducing toxicity risks.

**Approach**: (i) Engineer short TP53 ΔTAD constructs; (ii) test MDM2 binding via co-immunoprecipitation; (iii) assess p53 stabilization in reporter cell lines; (iv) conduct soft agar and xenograft assays for oncogenic suppression.

**Key References**: [Zhang 2017], [Sulak 2016], [Hu 2019], [Levine 1997]

================================================================================
TIMESTAMP: 2025-05-06 17:49:37
PHASE: Round Summary, ROUND: 1
================================================================================

**Title**: p53/MDM2 Decoy Gene Cluster

**Key Idea**: Extra TP53 pseudogene copies lacking transactivation domains act as molecular sponges for MDM2, stabilizing endogenous p53 and enhancing tumor suppression.

**Paragraph**: MDM2 ubiquitinates p53, keeping its levels low [Zhang 2017]. Elephant retrogenes include non-functional transcripts that bind MDM2, freeing functional p53 [Sulak 2016]. Inserting similar decoys could boost p53 without overexpressing active protein, reducing toxicity risks.

**Approach**: (i) Engineer short TP53 ΔTAD constructs; (ii) test MDM2 binding via co-immunoprecipitation; (iii) assess p53 stabilization in reporter cell lines; (iv) conduct soft agar and xenograft assays for oncogenic suppression.

**Key References**: [Zhang 2017], [Sulak 2016], [Hu 2019], [Levine 1997]

--- SUPERVISOR SUMMARY (ROUND 1) ---

Round-1 Synthesis of 20 “elephant-inspired extra-copy TP53” concepts  
(Integrates REFLECTION and PROXIMITY-CHECK agent outputs)

1. Rapid-Response p53 Dosage Enhancement  
 • Both agents see it as the “core” idea (A ✓, Plausibility 4/5, LoC 0.6).  
 • Shared strength: murine dosage data support tumour suppression.  
 • Shared risk: hematopoietic failure / senescence if constitutive.  
 • Harmonised improvement path: shift to 1 safe-harbour copy combined with dCas9-SAM or inducible promoter to titrate dosage; include aging read-outs.  
 • New refs to add: Garcia-Cao 2002, Dittmer 1993, Levine 2019.

2. Tissue-Selective Multi-Copy TP53  
 • Agreement that spatial restriction mitigates systemic toxicity, but both flag promoter leakage.  
 • Concrete fix: add Cre-ER/Tet-On layers plus insulators to PiggyBac; test leakage with Zuber 2011 benchmarking.  
 • Ref additions: Tyner 2002, Vijayakumar 2021.

3. Elephant-Inspired Retrogene Mosaic  
 • Novelty judged high by both.  
 • Convergent concerns: immunogenicity of elephant proteins and unknown co-factor compatibility.  
 • Actionable next step: transient screens of humanised retrogene variants, HLA binding prediction, and T-cell assays.  
 • Ref gaps: Bourdon 2005, Marcel 2010, Vazquez 2022.

4. p53/MDM2 Decoy Gene Cluster  
 • Proximity agent keeps it but insists on tetramerisation assays; Reflection notes possible dominant-negative effect.  
 • Joint recommendation: redesign decoy as minimal MDM2-binding peptide on inert scaffold and measure global p53 transcription.  
 • New ref: Ringelhan 2020.

5. Inducible “Apoptotic Airbag” (ROS-sensing)  
 • Consensus: good fit but needs safety switch; inflammation-triggered false positives are a shared worry.  
 • Next step: build AND-gate promoter (ROS + DNA-damage) and perform off-target apoptosis screens.  
 • Ref: Ma 2015, Qiang 2020.

6. Mitochondria-Targeted Extra p53  
 • Overlapping critique: constitutive mito-p53 could kill healthy cells.  
 • Agreed mitigation: damage-inducible promoter or tamoxifen-cleavable MLS.  
 • Ref: Moll 2005, Marchenko 2015.

7. Synthetic p53 HAC/mini-chromosome  
 • Both call it “high novelty / low TRL.”  
 • Path forward: start with 2–3-copy mini-HAC in hiPSCs, assess mitotic stability before scaling.  
 • Ref: Kazuki 2020, Iida 2019.

8. Multi-Copy TP53 vs Viral Oncoproteins  
 • Agents concur saturation must be proven; add degradation-resistant S20A mutant.  
 • Ref: Scheffner 1993, McBride 2021.

9. Hypomorphic Variant Balancing Cancer & Aging  
 • Shared view: conceptually appealing but allele discovery is hard.  
 • Immediate plan: compare promoter-weakened WT to coding hypomorphs; include frailty assays.  
 • Ref: Beckman 2011, Tyner 2002.

10. TP53 Copies + Telomerase Inhibition  
 • This drug-gene combo passes both screens; marrow toxicity flagged.  
 • Required experiment: CFU-GEMM assays in edited HSCs under inhibitor.  
 • Ref: Artandi 2000, Harley 2011.

11. Radiation-Triggered Amplifier Circuit  
 • Common risk: runaway p53 after minor imaging doses.  
 • Both suggest adding a p53-inducible pro-survival brake and modelling the circuit dynamics.  
 • Ref: Kotula 2019, Tabernero 2019.

12. Cancer-Resistant Tissue Engineering  
 • Agreement that it is feasible and niche.  
 • Must add single-cell multi-omic senescence mapping and competitive fitness assays.  
 • Ref: Yoshida 2020, Rezania 2021.

13. Germline Extra-Copy TP53  
 • Both agents retain it only as non-clinical basic-research example; ethical red-line underscored.  
 • Explicitly label as exploratory, with reversible transposon system.  
 • Ref: Garcia-Cao 2006, NationalAcademies 2017.

14. Base-Editing to Elephant-Like Sequence  
 • Acknowledged as “adjacent” (sequence not copy) but valuable.  
 • Focus edits on MDM2-binding residues; duplex sequencing for off-targets.  
 • Ref: Billon 2020, Omotuyi 2020.

15. Extracellular Vesicle Bystander Transfer  
 • Both call it speculative; must first quantify functional p53 load per vesicle and add Lamp2b targeting.  
 • Ref: Cooks 2018, Yu 2006.

16. Somatic Gene-Drive for TP53 Expansion  
 • Both raise major biosafety concerns; revise or table for now.  
 • If kept: restrict to ex-vivo applications with nickase-based copy-neutral design.  
 • Ref: Esvelt 2021.

17. Multi-Copy TP53 + Pulsed MDM2 Inhibitors  
 • Agents support continuation but demand resistance-mutation screens and alternative inhibitor classes.  
 • Ref: Ray-Coquard 2012, Tisato 2017.

18. Genome-Scale Modelling of Copy-Number Effects  
 • Highest LoC (0.7) and no ethical issues.  
 • Next: parameterise with live-cell dose–response data from concepts #1/#2.  
 • Ref: Tomasetti 2015, Zhang 2021.

19. Spaceflight Radiation Mitigation  
 • Aligned with goal; requires NASA ethics review and antioxidant co-genes.  
 • Ref: Cucinotta 2014.

20. Multi-Copy TP53 as Onco-Immunogenic Adjuvant  
 • Need to prove that WT overexpression enhances antigen presentation; pair with immunogenic-cell-death drugs.  
 • Ref: Zhang 2019, Blagih 2020.

Cross-cutting themes crystallised by both agents  
 • Dosage toxicity & aging: universal call for senescence, frailty and immune-fitness endpoints.  
 • Control layers: spatial, temporal and fail-safe (inducible promoters, Cre-ER, suicide cassettes).  
 • Vector safety: insulators, self-inactivating transposons, genome-wide off-target mapping (Tsai 2015).  
 • Immunogenicity testing mandatory for non-human sequences.  
 • Ethical hot-spots: germline edits (#13) and gene drives (#16) – keep purely as research tools under moratoria.

Promising directions for next phase  
 1. Refine inducible or tissue-restricted multi-copy strategies (#1, #2, #5) because they balance efficacy with manageable risk.  
 2. Leverage in-silico modelling (#18) to set quantitative targets before building high-cost constructs.  
 3. Combine copy-number gains with pathway modulators (MDM2 inhibitors, telomerase blockers, HPV saturation) that are already druggable (#8, #10, #17).  
 4. Pilot humanised elephant retrogenes (#3) while rigorously screening for immunogenicity—this adds qualitative diversity to mere dosage.

All 20 concepts advance to Round-2 with the specific revisions and citation additions noted above.

